-- Install configuration: ""
-- Up-to-date: /home/sdfr-ppd-16/SfDR-code/assignment6/ros2_ws/install/relbot_launch/share/relbot_launch//launch
-- Up-to-date: /home/sdfr-ppd-16/SfDR-code/assignment6/ros2_ws/install/relbot_launch/share/relbot_launch//launch/relbot_to_turtle.launch.py
-- Up-to-date: /home/sdfr-ppd-16/SfDR-code/assignment6/ros2_ws/install/relbot_launch/share/relbot_launch//launch/relbot_system_joystick.launch.py
-- Up-to-date: /home/sdfr-ppd-16/SfDR-code/assignment6/ros2_ws/install/relbot_launch/share/relbot_launch//launch/relbot_sequence_controller.launch.py
-- Up-to-date: /home/sdfr-ppd-16/SfDR-code/assignment6/ros2_ws/install/relbot_launch/share/relbot_launch//launch/relbot_system.launch.py
-- Up-to-date: /home/sdfr-ppd-16/SfDR-code/assignment6/ros2_ws/install/relbot_launch/share/ament_index/resource_index/package_run_dependencies/relbot_launch
-- Up-to-date: /home/sdfr-ppd-16/SfDR-code/assignment6/ros2_ws/install/relbot_launch/share/ament_index/resource_index/parent_prefix_path/relbot_launch
-- Up-to-date: /home/sdfr-ppd-16/SfDR-code/assignment6/ros2_ws/install/relbot_launch/share/relbot_launch/environment/ament_prefix_path.sh
-- Up-to-date: /home/sdfr-ppd-16/SfDR-code/assignment6/ros2_ws/install/relbot_launch/share/relbot_launch/environment/ament_prefix_path.dsv
-- Up-to-date: /home/sdfr-ppd-16/SfDR-code/assignment6/ros2_ws/install/relbot_launch/share/relbot_launch/environment/path.sh
-- Up-to-date: /home/sdfr-ppd-16/SfDR-code/assignment6/ros2_ws/install/relbot_launch/share/relbot_launch/environment/path.dsv
-- Up-to-date: /home/sdfr-ppd-16/SfDR-code/assignment6/ros2_ws/install/relbot_launch/share/relbot_launch/local_setup.bash
-- Up-to-date: /home/sdfr-ppd-16/SfDR-code/assignment6/ros2_ws/install/relbot_launch/share/relbot_launch/local_setup.sh
-- Up-to-date: /home/sdfr-ppd-16/SfDR-code/assignment6/ros2_ws/install/relbot_launch/share/relbot_launch/local_setup.zsh
-- Up-to-date: /home/sdfr-ppd-16/SfDR-code/assignment6/ros2_ws/install/relbot_launch/share/relbot_launch/local_setup.dsv
-- Up-to-date: /home/sdfr-ppd-16/SfDR-code/assignment6/ros2_ws/install/relbot_launch/share/relbot_launch/package.dsv
-- Up-to-date: /home/sdfr-ppd-16/SfDR-code/assignment6/ros2_ws/install/relbot_launch/share/ament_index/resource_index/packages/relbot_launch
-- Up-to-date: /home/sdfr-ppd-16/SfDR-code/assignment6/ros2_ws/install/relbot_launch/share/relbot_launch/cmake/relbot_launchConfig.cmake
-- Up-to-date: /home/sdfr-ppd-16/SfDR-code/assignment6/ros2_ws/install/relbot_launch/share/relbot_launch/cmake/relbot_launchConfig-version.cmake
-- Up-to-date: /home/sdfr-ppd-16/SfDR-code/assignment6/ros2_ws/install/relbot_launch/share/relbot_launch/package.xml
