[0.018s] Invoking command in '/home/srik/ros_ubuntu/ros2_ws/build/relbot_adapter': CMAKE_PREFIX_PATH=${CMAKE_PREFIX_PATH}:/opt/ros/humble DEBUGINFOD_URLS=https://debuginfod.archlinux.org https://debuginfod.cachyos.org /usr/bin/cmake /home/srik/ros_ubuntu/ros2_ws/src/relbot_adapter -DCMAKE_INSTALL_PREFIX=/home/srik/ros_ubuntu/ros2_ws/install/relbot_adapter
[0.025s] -- Found ament_cmake: 1.3.13 (/opt/ros/humble/share/ament_cmake/cmake)
[0.122s] -- Found rclcpp: 16.0.18 (/opt/ros/humble/share/rclcpp/cmake)
[0.146s] -- Found rosidl_generator_c: 3.1.8 (/opt/ros/humble/share/rosidl_generator_c/cmake)
[0.148s] -- Found rosidl_adapter: 3.1.8 (/opt/ros/humble/share/rosidl_adapter/cmake)
[0.152s] -- Found rosidl_generator_cpp: 3.1.8 (/opt/ros/humble/share/rosidl_generator_cpp/cmake)
[0.159s] -- Using all available rosidl_typesupport_c: rosidl_typesupport_fastrtps_c;rosidl_typesupport_introspection_c
[0.169s] -- Using all available rosidl_typesupport_cpp: rosidl_typesupport_fastrtps_cpp;rosidl_typesupport_introspection_cpp
[0.201s] -- Found rmw_implementation_cmake: 6.1.2 (/opt/ros/humble/share/rmw_implementation_cmake/cmake)
[0.202s] -- Found rmw_fastrtps_cpp: 6.2.10 (/opt/ros/humble/share/rmw_fastrtps_cpp/cmake)
[0.280s] -- Using RMW implementation 'rmw_fastrtps_cpp' as default
[0.308s] -- Found example_interfaces: 0.9.3 (/opt/ros/humble/share/example_interfaces/cmake)
[0.329s] -- Found geometry_msgs: 4.9.1 (/opt/ros/humble/share/geometry_msgs/cmake)
[0.336s] -- Found relbot_msgs: 2025.2.0 (/home/srik/ros_ubuntu/ros2_ws/install/relbot_msgs/share/relbot_msgs/cmake)
[0.350s] -- xrf2_msgs not found, building without xrf2 support.
[0.352s] -- Found ament_lint_auto: 0.12.15 (/opt/ros/humble/share/ament_lint_auto/cmake)
[0.397s] -- Added test 'cppcheck' to perform static code analysis on C / C++ code
[0.397s] -- Configured cppcheck include dirs: /home/srik/ros_ubuntu/ros2_ws/src/relbot_adapter/include;$<BUILD_INTERFACE:/home/srik/ros_ubuntu/ros2_ws/src/relbot_adapter/include>
[0.397s] -- Configured cppcheck exclude dirs and/or files: 
[0.397s] -- Added test 'lint_cmake' to check CMake code style
[0.398s] -- Added test 'uncrustify' to check C / C++ code style
[0.398s] -- Configured uncrustify additional arguments: 
[0.398s] -- Added test 'xmllint' to check XML markup files
[0.399s] -- Configuring done
[0.405s] -- Generating done
[0.407s] -- Build files have been written to: /home/srik/ros_ubuntu/ros2_ws/build/relbot_adapter
[0.412s] Invoked command in '/home/srik/ros_ubuntu/ros2_ws/build/relbot_adapter' returned '0': CMAKE_PREFIX_PATH=${CMAKE_PREFIX_PATH}:/opt/ros/humble DEBUGINFOD_URLS=https://debuginfod.archlinux.org https://debuginfod.cachyos.org /usr/bin/cmake /home/srik/ros_ubuntu/ros2_ws/src/relbot_adapter -DCMAKE_INSTALL_PREFIX=/home/srik/ros_ubuntu/ros2_ws/install/relbot_adapter
[0.414s] Invoking command in '/home/srik/ros_ubuntu/ros2_ws/build/relbot_adapter': CMAKE_PREFIX_PATH=${CMAKE_PREFIX_PATH}:/opt/ros/humble DEBUGINFOD_URLS=https://debuginfod.archlinux.org https://debuginfod.cachyos.org /usr/bin/cmake --build /home/srik/ros_ubuntu/ros2_ws/build/relbot_adapter -- -j32 -l32
[0.446s] [ 50%] [32mBuilding CXX object CMakeFiles/relbot_adapter.dir/src/relbot_adapter.cpp.o[0m
[7.000s] [100%] [32m[1mLinking CXX executable relbot_adapter[0m
[7.329s] [100%] Built target relbot_adapter
[7.336s] Invoked command in '/home/srik/ros_ubuntu/ros2_ws/build/relbot_adapter' returned '0': CMAKE_PREFIX_PATH=${CMAKE_PREFIX_PATH}:/opt/ros/humble DEBUGINFOD_URLS=https://debuginfod.archlinux.org https://debuginfod.cachyos.org /usr/bin/cmake --build /home/srik/ros_ubuntu/ros2_ws/build/relbot_adapter -- -j32 -l32
[7.337s] Invoking command in '/home/srik/ros_ubuntu/ros2_ws/build/relbot_adapter': CMAKE_PREFIX_PATH=${CMAKE_PREFIX_PATH}:/opt/ros/humble DEBUGINFOD_URLS=https://debuginfod.archlinux.org https://debuginfod.cachyos.org /usr/bin/cmake --install /home/srik/ros_ubuntu/ros2_ws/build/relbot_adapter
[7.341s] -- Install configuration: ""
[7.341s] -- Installing: /home/srik/ros_ubuntu/ros2_ws/install/relbot_adapter/lib/relbot_adapter/relbot_adapter
[7.344s] -- Set runtime path of "/home/srik/ros_ubuntu/ros2_ws/install/relbot_adapter/lib/relbot_adapter/relbot_adapter" to ""
[7.344s] -- Installing: /home/srik/ros_ubuntu/ros2_ws/install/relbot_adapter/share/ament_index/resource_index/package_run_dependencies/relbot_adapter
[7.344s] -- Installing: /home/srik/ros_ubuntu/ros2_ws/install/relbot_adapter/share/ament_index/resource_index/parent_prefix_path/relbot_adapter
[7.344s] -- Installing: /home/srik/ros_ubuntu/ros2_ws/install/relbot_adapter/share/relbot_adapter/environment/ament_prefix_path.sh
[7.344s] -- Installing: /home/srik/ros_ubuntu/ros2_ws/install/relbot_adapter/share/relbot_adapter/environment/ament_prefix_path.dsv
[7.344s] -- Installing: /home/srik/ros_ubuntu/ros2_ws/install/relbot_adapter/share/relbot_adapter/environment/path.sh
[7.345s] -- Installing: /home/srik/ros_ubuntu/ros2_ws/install/relbot_adapter/share/relbot_adapter/environment/path.dsv
[7.345s] -- Installing: /home/srik/ros_ubuntu/ros2_ws/install/relbot_adapter/share/relbot_adapter/local_setup.bash
[7.345s] -- Installing: /home/srik/ros_ubuntu/ros2_ws/install/relbot_adapter/share/relbot_adapter/local_setup.sh
[7.345s] -- Installing: /home/srik/ros_ubuntu/ros2_ws/install/relbot_adapter/share/relbot_adapter/local_setup.zsh
[7.345s] -- Installing: /home/srik/ros_ubuntu/ros2_ws/install/relbot_adapter/share/relbot_adapter/local_setup.dsv
[7.345s] -- Installing: /home/srik/ros_ubuntu/ros2_ws/install/relbot_adapter/share/relbot_adapter/package.dsv
[7.345s] -- Installing: /home/srik/ros_ubuntu/ros2_ws/install/relbot_adapter/share/ament_index/resource_index/packages/relbot_adapter
[7.345s] -- Installing: /home/srik/ros_ubuntu/ros2_ws/install/relbot_adapter/share/relbot_adapter/cmake/relbot_adapterConfig.cmake
[7.345s] -- Installing: /home/srik/ros_ubuntu/ros2_ws/install/relbot_adapter/share/relbot_adapter/cmake/relbot_adapterConfig-version.cmake
[7.345s] -- Installing: /home/srik/ros_ubuntu/ros2_ws/install/relbot_adapter/share/relbot_adapter/package.xml
[7.346s] Invoked command in '/home/srik/ros_ubuntu/ros2_ws/build/relbot_adapter' returned '0': CMAKE_PREFIX_PATH=${CMAKE_PREFIX_PATH}:/opt/ros/humble DEBUGINFOD_URLS=https://debuginfod.archlinux.org https://debuginfod.cachyos.org /usr/bin/cmake --install /home/srik/ros_ubuntu/ros2_ws/build/relbot_adapter
