[0.011s] Invoking command in '/home/srik/ros_ubuntu/ros2_ws/build/relbot_msgs': CMAKE_PREFIX_PATH=${CMAKE_PREFIX_PATH}:/opt/ros/humble DEBUGINFOD_URLS=https://debuginfod.archlinux.org https://debuginfod.cachyos.org /usr/bin/cmake --build /home/srik/ros_ubuntu/ros2_ws/build/relbot_msgs -- -j32 -l32
[0.042s] [ 10%] Built target relbot_msgs__rosidl_generator_c
[0.042s] [ 12%] Built target relbot_msgs__cpp
[0.047s] [ 12%] Built target ament_cmake_python_copy_relbot_msgs
[0.058s] [ 23%] Built target relbot_msgs__rosidl_typesupport_introspection_c
[0.060s] [ 33%] Built target relbot_msgs__rosidl_typesupport_c
[0.060s] [ 43%] Built target relbot_msgs__rosidl_typesupport_fastrtps_c
[0.061s] [ 53%] Built target relbot_msgs__rosidl_typesupport_introspection_cpp
[0.061s] [ 64%] Built target relbot_msgs__rosidl_typesupport_cpp
[0.062s] [ 74%] Built target relbot_msgs__rosidl_typesupport_fastrtps_cpp
[0.073s] [ 74%] Built target relbot_msgs
[0.087s] [ 76%] Built target relbot_msgs__py
[0.102s] [ 84%] Built target relbot_msgs__rosidl_generator_py
[0.116s] [ 94%] Built target relbot_msgs__rosidl_typesupport_introspection_c__pyext
[0.116s] [ 94%] Built target relbot_msgs__rosidl_typesupport_fastrtps_c__pyext
[0.117s] [100%] Built target relbot_msgs__rosidl_typesupport_c__pyext
[0.212s] running egg_info
[0.212s] writing relbot_msgs.egg-info/PKG-INFO
[0.212s] writing dependency_links to relbot_msgs.egg-info/dependency_links.txt
[0.213s] writing top-level names to relbot_msgs.egg-info/top_level.txt
[0.214s] reading manifest file 'relbot_msgs.egg-info/SOURCES.txt'
[0.214s] writing manifest file 'relbot_msgs.egg-info/SOURCES.txt'
[0.233s] [100%] Built target ament_cmake_python_build_relbot_msgs_egg
[0.240s] Invoked command in '/home/srik/ros_ubuntu/ros2_ws/build/relbot_msgs' returned '0': CMAKE_PREFIX_PATH=${CMAKE_PREFIX_PATH}:/opt/ros/humble DEBUGINFOD_URLS=https://debuginfod.archlinux.org https://debuginfod.cachyos.org /usr/bin/cmake --build /home/srik/ros_ubuntu/ros2_ws/build/relbot_msgs -- -j32 -l32
[0.241s] Invoking command in '/home/srik/ros_ubuntu/ros2_ws/build/relbot_msgs': CMAKE_PREFIX_PATH=${CMAKE_PREFIX_PATH}:/opt/ros/humble DEBUGINFOD_URLS=https://debuginfod.archlinux.org https://debuginfod.cachyos.org /usr/bin/cmake --install /home/srik/ros_ubuntu/ros2_ws/build/relbot_msgs
[0.246s] -- Install configuration: ""
[0.246s] -- Up-to-date: /home/srik/ros_ubuntu/ros2_ws/install/relbot_msgs/share/ament_index/resource_index/rosidl_interfaces/relbot_msgs
[0.246s] -- Up-to-date: /home/srik/ros_ubuntu/ros2_ws/install/relbot_msgs/include/relbot_msgs/relbot_msgs
[0.246s] -- Up-to-date: /home/srik/ros_ubuntu/ros2_ws/install/relbot_msgs/include/relbot_msgs/relbot_msgs/msg
[0.246s] -- Up-to-date: /home/srik/ros_ubuntu/ros2_ws/install/relbot_msgs/include/relbot_msgs/relbot_msgs/msg/detail
[0.246s] -- Up-to-date: /home/srik/ros_ubuntu/ros2_ws/install/relbot_msgs/include/relbot_msgs/relbot_msgs/msg/detail/relbot_motors__functions.c
[0.246s] -- Up-to-date: /home/srik/ros_ubuntu/ros2_ws/install/relbot_msgs/include/relbot_msgs/relbot_msgs/msg/detail/relbot_motors__functions.h
[0.246s] -- Up-to-date: /home/srik/ros_ubuntu/ros2_ws/install/relbot_msgs/include/relbot_msgs/relbot_msgs/msg/detail/relbot_motors__struct.h
[0.246s] -- Up-to-date: /home/srik/ros_ubuntu/ros2_ws/install/relbot_msgs/include/relbot_msgs/relbot_msgs/msg/detail/relbot_motors__type_support.h
[0.246s] -- Up-to-date: /home/srik/ros_ubuntu/ros2_ws/install/relbot_msgs/include/relbot_msgs/relbot_msgs/msg/detail/relbot_motors_stamped__functions.c
[0.247s] -- Up-to-date: /home/srik/ros_ubuntu/ros2_ws/install/relbot_msgs/include/relbot_msgs/relbot_msgs/msg/detail/relbot_motors_stamped__functions.h
[0.247s] -- Up-to-date: /home/srik/ros_ubuntu/ros2_ws/install/relbot_msgs/include/relbot_msgs/relbot_msgs/msg/detail/relbot_motors_stamped__struct.h
[0.247s] -- Up-to-date: /home/srik/ros_ubuntu/ros2_ws/install/relbot_msgs/include/relbot_msgs/relbot_msgs/msg/detail/relbot_motors_stamped__type_support.h
[0.247s] -- Up-to-date: /home/srik/ros_ubuntu/ros2_ws/install/relbot_msgs/include/relbot_msgs/relbot_msgs/msg/rosidl_generator_c__visibility_control.h
[0.247s] -- Up-to-date: /home/srik/ros_ubuntu/ros2_ws/install/relbot_msgs/include/relbot_msgs/relbot_msgs/msg/relbot_motors.h
[0.247s] -- Up-to-date: /home/srik/ros_ubuntu/ros2_ws/install/relbot_msgs/include/relbot_msgs/relbot_msgs/msg/relbot_motors_stamped.h
[0.247s] -- Up-to-date: /home/srik/ros_ubuntu/ros2_ws/install/relbot_msgs/share/relbot_msgs/environment/library_path.sh
[0.247s] -- Up-to-date: /home/srik/ros_ubuntu/ros2_ws/install/relbot_msgs/share/relbot_msgs/environment/library_path.dsv
[0.247s] -- Up-to-date: /home/srik/ros_ubuntu/ros2_ws/install/relbot_msgs/lib/librelbot_msgs__rosidl_generator_c.so
[0.247s] -- Up-to-date: /home/srik/ros_ubuntu/ros2_ws/install/relbot_msgs/include/relbot_msgs/relbot_msgs
[0.247s] -- Up-to-date: /home/srik/ros_ubuntu/ros2_ws/install/relbot_msgs/include/relbot_msgs/relbot_msgs/msg
[0.247s] -- Up-to-date: /home/srik/ros_ubuntu/ros2_ws/install/relbot_msgs/include/relbot_msgs/relbot_msgs/msg/detail
[0.247s] -- Up-to-date: /home/srik/ros_ubuntu/ros2_ws/install/relbot_msgs/include/relbot_msgs/relbot_msgs/msg/detail/relbot_motors__rosidl_typesupport_fastrtps_c.h
[0.247s] -- Up-to-date: /home/srik/ros_ubuntu/ros2_ws/install/relbot_msgs/include/relbot_msgs/relbot_msgs/msg/detail/relbot_motors_stamped__rosidl_typesupport_fastrtps_c.h
[0.247s] -- Up-to-date: /home/srik/ros_ubuntu/ros2_ws/install/relbot_msgs/include/relbot_msgs/relbot_msgs/msg/rosidl_typesupport_fastrtps_c__visibility_control.h
[0.247s] -- Up-to-date: /home/srik/ros_ubuntu/ros2_ws/install/relbot_msgs/lib/librelbot_msgs__rosidl_typesupport_fastrtps_c.so
[0.247s] -- Up-to-date: /home/srik/ros_ubuntu/ros2_ws/install/relbot_msgs/include/relbot_msgs/relbot_msgs
[0.247s] -- Up-to-date: /home/srik/ros_ubuntu/ros2_ws/install/relbot_msgs/include/relbot_msgs/relbot_msgs/msg
[0.247s] -- Up-to-date: /home/srik/ros_ubuntu/ros2_ws/install/relbot_msgs/include/relbot_msgs/relbot_msgs/msg/detail
[0.247s] -- Up-to-date: /home/srik/ros_ubuntu/ros2_ws/install/relbot_msgs/include/relbot_msgs/relbot_msgs/msg/detail/relbot_motors__rosidl_typesupport_introspection_c.h
[0.248s] -- Up-to-date: /home/srik/ros_ubuntu/ros2_ws/install/relbot_msgs/include/relbot_msgs/relbot_msgs/msg/detail/relbot_motors__type_support.c
[0.248s] -- Up-to-date: /home/srik/ros_ubuntu/ros2_ws/install/relbot_msgs/include/relbot_msgs/relbot_msgs/msg/detail/relbot_motors_stamped__rosidl_typesupport_introspection_c.h
[0.248s] -- Up-to-date: /home/srik/ros_ubuntu/ros2_ws/install/relbot_msgs/include/relbot_msgs/relbot_msgs/msg/detail/relbot_motors_stamped__type_support.c
[0.248s] -- Up-to-date: /home/srik/ros_ubuntu/ros2_ws/install/relbot_msgs/include/relbot_msgs/relbot_msgs/msg/rosidl_typesupport_introspection_c__visibility_control.h
[0.248s] -- Up-to-date: /home/srik/ros_ubuntu/ros2_ws/install/relbot_msgs/lib/librelbot_msgs__rosidl_typesupport_introspection_c.so
[0.248s] -- Up-to-date: /home/srik/ros_ubuntu/ros2_ws/install/relbot_msgs/lib/librelbot_msgs__rosidl_typesupport_c.so
[0.248s] -- Up-to-date: /home/srik/ros_ubuntu/ros2_ws/install/relbot_msgs/include/relbot_msgs/relbot_msgs
[0.248s] -- Up-to-date: /home/srik/ros_ubuntu/ros2_ws/install/relbot_msgs/include/relbot_msgs/relbot_msgs/msg
[0.248s] -- Up-to-date: /home/srik/ros_ubuntu/ros2_ws/install/relbot_msgs/include/relbot_msgs/relbot_msgs/msg/detail
[0.248s] -- Up-to-date: /home/srik/ros_ubuntu/ros2_ws/install/relbot_msgs/include/relbot_msgs/relbot_msgs/msg/detail/relbot_motors__builder.hpp
[0.248s] -- Up-to-date: /home/srik/ros_ubuntu/ros2_ws/install/relbot_msgs/include/relbot_msgs/relbot_msgs/msg/detail/relbot_motors__struct.hpp
[0.248s] -- Up-to-date: /home/srik/ros_ubuntu/ros2_ws/install/relbot_msgs/include/relbot_msgs/relbot_msgs/msg/detail/relbot_motors__traits.hpp
[0.248s] -- Up-to-date: /home/srik/ros_ubuntu/ros2_ws/install/relbot_msgs/include/relbot_msgs/relbot_msgs/msg/detail/relbot_motors__type_support.hpp
[0.248s] -- Up-to-date: /home/srik/ros_ubuntu/ros2_ws/install/relbot_msgs/include/relbot_msgs/relbot_msgs/msg/detail/relbot_motors_stamped__builder.hpp
[0.248s] -- Up-to-date: /home/srik/ros_ubuntu/ros2_ws/install/relbot_msgs/include/relbot_msgs/relbot_msgs/msg/detail/relbot_motors_stamped__struct.hpp
[0.248s] -- Up-to-date: /home/srik/ros_ubuntu/ros2_ws/install/relbot_msgs/include/relbot_msgs/relbot_msgs/msg/detail/relbot_motors_stamped__traits.hpp
[0.248s] -- Up-to-date: /home/srik/ros_ubuntu/ros2_ws/install/relbot_msgs/include/relbot_msgs/relbot_msgs/msg/detail/relbot_motors_stamped__type_support.hpp
[0.248s] -- Up-to-date: /home/srik/ros_ubuntu/ros2_ws/install/relbot_msgs/include/relbot_msgs/relbot_msgs/msg/rosidl_generator_cpp__visibility_control.hpp
[0.248s] -- Up-to-date: /home/srik/ros_ubuntu/ros2_ws/install/relbot_msgs/include/relbot_msgs/relbot_msgs/msg/relbot_motors.hpp
[0.248s] -- Up-to-date: /home/srik/ros_ubuntu/ros2_ws/install/relbot_msgs/include/relbot_msgs/relbot_msgs/msg/relbot_motors_stamped.hpp
[0.248s] -- Up-to-date: /home/srik/ros_ubuntu/ros2_ws/install/relbot_msgs/include/relbot_msgs/relbot_msgs
[0.248s] -- Up-to-date: /home/srik/ros_ubuntu/ros2_ws/install/relbot_msgs/include/relbot_msgs/relbot_msgs/msg
[0.248s] -- Up-to-date: /home/srik/ros_ubuntu/ros2_ws/install/relbot_msgs/include/relbot_msgs/relbot_msgs/msg/detail
[0.248s] -- Up-to-date: /home/srik/ros_ubuntu/ros2_ws/install/relbot_msgs/include/relbot_msgs/relbot_msgs/msg/detail/dds_fastrtps
[0.248s] -- Up-to-date: /home/srik/ros_ubuntu/ros2_ws/install/relbot_msgs/include/relbot_msgs/relbot_msgs/msg/detail/relbot_motors__rosidl_typesupport_fastrtps_cpp.hpp
[0.249s] -- Up-to-date: /home/srik/ros_ubuntu/ros2_ws/install/relbot_msgs/include/relbot_msgs/relbot_msgs/msg/detail/relbot_motors_stamped__rosidl_typesupport_fastrtps_cpp.hpp
[0.249s] -- Up-to-date: /home/srik/ros_ubuntu/ros2_ws/install/relbot_msgs/include/relbot_msgs/relbot_msgs/msg/rosidl_typesupport_fastrtps_cpp__visibility_control.h
[0.249s] -- Up-to-date: /home/srik/ros_ubuntu/ros2_ws/install/relbot_msgs/lib/librelbot_msgs__rosidl_typesupport_fastrtps_cpp.so
[0.249s] -- Up-to-date: /home/srik/ros_ubuntu/ros2_ws/install/relbot_msgs/include/relbot_msgs/relbot_msgs
[0.249s] -- Up-to-date: /home/srik/ros_ubuntu/ros2_ws/install/relbot_msgs/include/relbot_msgs/relbot_msgs/msg
[0.249s] -- Up-to-date: /home/srik/ros_ubuntu/ros2_ws/install/relbot_msgs/include/relbot_msgs/relbot_msgs/msg/detail
[0.249s] -- Up-to-date: /home/srik/ros_ubuntu/ros2_ws/install/relbot_msgs/include/relbot_msgs/relbot_msgs/msg/detail/relbot_motors__rosidl_typesupport_introspection_cpp.hpp
[0.249s] -- Up-to-date: /home/srik/ros_ubuntu/ros2_ws/install/relbot_msgs/include/relbot_msgs/relbot_msgs/msg/detail/relbot_motors__type_support.cpp
[0.249s] -- Up-to-date: /home/srik/ros_ubuntu/ros2_ws/install/relbot_msgs/include/relbot_msgs/relbot_msgs/msg/detail/relbot_motors_stamped__rosidl_typesupport_introspection_cpp.hpp
[0.249s] -- Up-to-date: /home/srik/ros_ubuntu/ros2_ws/install/relbot_msgs/include/relbot_msgs/relbot_msgs/msg/detail/relbot_motors_stamped__type_support.cpp
[0.249s] -- Up-to-date: /home/srik/ros_ubuntu/ros2_ws/install/relbot_msgs/lib/librelbot_msgs__rosidl_typesupport_introspection_cpp.so
[0.249s] -- Up-to-date: /home/srik/ros_ubuntu/ros2_ws/install/relbot_msgs/lib/librelbot_msgs__rosidl_typesupport_cpp.so
[0.249s] -- Up-to-date: /home/srik/ros_ubuntu/ros2_ws/install/relbot_msgs/share/relbot_msgs/environment/pythonpath.sh
[0.249s] -- Up-to-date: /home/srik/ros_ubuntu/ros2_ws/install/relbot_msgs/share/relbot_msgs/environment/pythonpath.dsv
[0.249s] -- Up-to-date: /home/srik/ros_ubuntu/ros2_ws/install/relbot_msgs/local/lib/python3.10/dist-packages/relbot_msgs-2025.2.0-py3.10.egg-info
[0.249s] -- Installing: /home/srik/ros_ubuntu/ros2_ws/install/relbot_msgs/local/lib/python3.10/dist-packages/relbot_msgs-2025.2.0-py3.10.egg-info/PKG-INFO
[0.249s] -- Installing: /home/srik/ros_ubuntu/ros2_ws/install/relbot_msgs/local/lib/python3.10/dist-packages/relbot_msgs-2025.2.0-py3.10.egg-info/dependency_links.txt
[0.249s] -- Installing: /home/srik/ros_ubuntu/ros2_ws/install/relbot_msgs/local/lib/python3.10/dist-packages/relbot_msgs-2025.2.0-py3.10.egg-info/top_level.txt
[0.249s] -- Installing: /home/srik/ros_ubuntu/ros2_ws/install/relbot_msgs/local/lib/python3.10/dist-packages/relbot_msgs-2025.2.0-py3.10.egg-info/SOURCES.txt
[0.249s] -- Up-to-date: /home/srik/ros_ubuntu/ros2_ws/install/relbot_msgs/local/lib/python3.10/dist-packages/relbot_msgs
[0.249s] -- Up-to-date: /home/srik/ros_ubuntu/ros2_ws/install/relbot_msgs/local/lib/python3.10/dist-packages/relbot_msgs/msg
[0.249s] -- Up-to-date: /home/srik/ros_ubuntu/ros2_ws/install/relbot_msgs/local/lib/python3.10/dist-packages/relbot_msgs/msg/_relbot_motors.py
[0.249s] -- Up-to-date: /home/srik/ros_ubuntu/ros2_ws/install/relbot_msgs/local/lib/python3.10/dist-packages/relbot_msgs/msg/_relbot_motors_s.c
[0.249s] -- Up-to-date: /home/srik/ros_ubuntu/ros2_ws/install/relbot_msgs/local/lib/python3.10/dist-packages/relbot_msgs/msg/_relbot_motors_stamped.py
[0.249s] -- Up-to-date: /home/srik/ros_ubuntu/ros2_ws/install/relbot_msgs/local/lib/python3.10/dist-packages/relbot_msgs/msg/_relbot_motors_stamped_s.c
[0.249s] -- Up-to-date: /home/srik/ros_ubuntu/ros2_ws/install/relbot_msgs/local/lib/python3.10/dist-packages/relbot_msgs/msg/__init__.py
[0.249s] -- Up-to-date: /home/srik/ros_ubuntu/ros2_ws/install/relbot_msgs/local/lib/python3.10/dist-packages/relbot_msgs/__init__.py
[0.249s] -- Up-to-date: /home/srik/ros_ubuntu/ros2_ws/install/relbot_msgs/local/lib/python3.10/dist-packages/relbot_msgs/_relbot_msgs_s.ep.rosidl_typesupport_fastrtps_c.c
[0.249s] -- Up-to-date: /home/srik/ros_ubuntu/ros2_ws/install/relbot_msgs/local/lib/python3.10/dist-packages/relbot_msgs/_relbot_msgs_s.ep.rosidl_typesupport_introspection_c.c
[0.249s] -- Up-to-date: /home/srik/ros_ubuntu/ros2_ws/install/relbot_msgs/local/lib/python3.10/dist-packages/relbot_msgs/_relbot_msgs_s.ep.rosidl_typesupport_c.c
[0.250s] -- Up-to-date: /home/srik/ros_ubuntu/ros2_ws/install/relbot_msgs/local/lib/python3.10/dist-packages/relbot_msgs/librelbot_msgs__rosidl_generator_py.so
[0.250s] -- Up-to-date: /home/srik/ros_ubuntu/ros2_ws/install/relbot_msgs/local/lib/python3.10/dist-packages/relbot_msgs/relbot_msgs_s__rosidl_typesupport_c.cpython-310-x86_64-linux-gnu.so
[0.250s] -- Up-to-date: /home/srik/ros_ubuntu/ros2_ws/install/relbot_msgs/local/lib/python3.10/dist-packages/relbot_msgs/relbot_msgs_s__rosidl_typesupport_introspection_c.cpython-310-x86_64-linux-gnu.so
[0.250s] -- Up-to-date: /home/srik/ros_ubuntu/ros2_ws/install/relbot_msgs/local/lib/python3.10/dist-packages/relbot_msgs/relbot_msgs_s__rosidl_typesupport_fastrtps_c.cpython-310-x86_64-linux-gnu.so
[0.271s] Listing '/home/srik/ros_ubuntu/ros2_ws/install/relbot_msgs/local/lib/python3.10/dist-packages/relbot_msgs'...
[0.271s] Listing '/home/srik/ros_ubuntu/ros2_ws/install/relbot_msgs/local/lib/python3.10/dist-packages/relbot_msgs/msg'...
[0.274s] -- Up-to-date: /home/srik/ros_ubuntu/ros2_ws/install/relbot_msgs/local/lib/python3.10/dist-packages/relbot_msgs/relbot_msgs_s__rosidl_typesupport_fastrtps_c.cpython-310-x86_64-linux-gnu.so
[0.274s] -- Up-to-date: /home/srik/ros_ubuntu/ros2_ws/install/relbot_msgs/local/lib/python3.10/dist-packages/relbot_msgs/relbot_msgs_s__rosidl_typesupport_introspection_c.cpython-310-x86_64-linux-gnu.so
[0.274s] -- Up-to-date: /home/srik/ros_ubuntu/ros2_ws/install/relbot_msgs/local/lib/python3.10/dist-packages/relbot_msgs/relbot_msgs_s__rosidl_typesupport_c.cpython-310-x86_64-linux-gnu.so
[0.275s] -- Up-to-date: /home/srik/ros_ubuntu/ros2_ws/install/relbot_msgs/lib/librelbot_msgs__rosidl_generator_py.so
[0.275s] -- Up-to-date: /home/srik/ros_ubuntu/ros2_ws/install/relbot_msgs/share/relbot_msgs/msg/RelbotMotors.idl
[0.275s] -- Up-to-date: /home/srik/ros_ubuntu/ros2_ws/install/relbot_msgs/share/relbot_msgs/msg/RelbotMotorsStamped.idl
[0.275s] -- Up-to-date: /home/srik/ros_ubuntu/ros2_ws/install/relbot_msgs/share/relbot_msgs/msg/RelbotMotors.msg
[0.275s] -- Up-to-date: /home/srik/ros_ubuntu/ros2_ws/install/relbot_msgs/share/relbot_msgs/msg/RelbotMotorsStamped.msg
[0.275s] -- Up-to-date: /home/srik/ros_ubuntu/ros2_ws/install/relbot_msgs/share/ament_index/resource_index/package_run_dependencies/relbot_msgs
[0.275s] -- Up-to-date: /home/srik/ros_ubuntu/ros2_ws/install/relbot_msgs/share/ament_index/resource_index/parent_prefix_path/relbot_msgs
[0.275s] -- Up-to-date: /home/srik/ros_ubuntu/ros2_ws/install/relbot_msgs/share/relbot_msgs/environment/ament_prefix_path.sh
[0.275s] -- Up-to-date: /home/srik/ros_ubuntu/ros2_ws/install/relbot_msgs/share/relbot_msgs/environment/ament_prefix_path.dsv
[0.275s] -- Up-to-date: /home/srik/ros_ubuntu/ros2_ws/install/relbot_msgs/share/relbot_msgs/environment/path.sh
[0.275s] -- Up-to-date: /home/srik/ros_ubuntu/ros2_ws/install/relbot_msgs/share/relbot_msgs/environment/path.dsv
[0.275s] -- Up-to-date: /home/srik/ros_ubuntu/ros2_ws/install/relbot_msgs/share/relbot_msgs/local_setup.bash
[0.275s] -- Up-to-date: /home/srik/ros_ubuntu/ros2_ws/install/relbot_msgs/share/relbot_msgs/local_setup.sh
[0.275s] -- Up-to-date: /home/srik/ros_ubuntu/ros2_ws/install/relbot_msgs/share/relbot_msgs/local_setup.zsh
[0.275s] -- Up-to-date: /home/srik/ros_ubuntu/ros2_ws/install/relbot_msgs/share/relbot_msgs/local_setup.dsv
[0.276s] -- Installing: /home/srik/ros_ubuntu/ros2_ws/install/relbot_msgs/share/relbot_msgs/package.dsv
[0.276s] -- Up-to-date: /home/srik/ros_ubuntu/ros2_ws/install/relbot_msgs/share/ament_index/resource_index/packages/relbot_msgs
[0.276s] -- Up-to-date: /home/srik/ros_ubuntu/ros2_ws/install/relbot_msgs/share/relbot_msgs/cmake/export_relbot_msgs__rosidl_generator_cExport.cmake
[0.276s] -- Up-to-date: /home/srik/ros_ubuntu/ros2_ws/install/relbot_msgs/share/relbot_msgs/cmake/export_relbot_msgs__rosidl_generator_cExport-noconfig.cmake
[0.276s] -- Up-to-date: /home/srik/ros_ubuntu/ros2_ws/install/relbot_msgs/share/relbot_msgs/cmake/export_relbot_msgs__rosidl_typesupport_fastrtps_cExport.cmake
[0.276s] -- Up-to-date: /home/srik/ros_ubuntu/ros2_ws/install/relbot_msgs/share/relbot_msgs/cmake/export_relbot_msgs__rosidl_typesupport_fastrtps_cExport-noconfig.cmake
[0.276s] -- Up-to-date: /home/srik/ros_ubuntu/ros2_ws/install/relbot_msgs/share/relbot_msgs/cmake/relbot_msgs__rosidl_typesupport_introspection_cExport.cmake
[0.276s] -- Up-to-date: /home/srik/ros_ubuntu/ros2_ws/install/relbot_msgs/share/relbot_msgs/cmake/relbot_msgs__rosidl_typesupport_introspection_cExport-noconfig.cmake
[0.276s] -- Up-to-date: /home/srik/ros_ubuntu/ros2_ws/install/relbot_msgs/share/relbot_msgs/cmake/relbot_msgs__rosidl_typesupport_cExport.cmake
[0.276s] -- Up-to-date: /home/srik/ros_ubuntu/ros2_ws/install/relbot_msgs/share/relbot_msgs/cmake/relbot_msgs__rosidl_typesupport_cExport-noconfig.cmake
[0.276s] -- Up-to-date: /home/srik/ros_ubuntu/ros2_ws/install/relbot_msgs/share/relbot_msgs/cmake/export_relbot_msgs__rosidl_generator_cppExport.cmake
[0.276s] -- Up-to-date: /home/srik/ros_ubuntu/ros2_ws/install/relbot_msgs/share/relbot_msgs/cmake/export_relbot_msgs__rosidl_typesupport_fastrtps_cppExport.cmake
[0.276s] -- Up-to-date: /home/srik/ros_ubuntu/ros2_ws/install/relbot_msgs/share/relbot_msgs/cmake/export_relbot_msgs__rosidl_typesupport_fastrtps_cppExport-noconfig.cmake
[0.276s] -- Up-to-date: /home/srik/ros_ubuntu/ros2_ws/install/relbot_msgs/share/relbot_msgs/cmake/relbot_msgs__rosidl_typesupport_introspection_cppExport.cmake
[0.276s] -- Up-to-date: /home/srik/ros_ubuntu/ros2_ws/install/relbot_msgs/share/relbot_msgs/cmake/relbot_msgs__rosidl_typesupport_introspection_cppExport-noconfig.cmake
[0.276s] -- Up-to-date: /home/srik/ros_ubuntu/ros2_ws/install/relbot_msgs/share/relbot_msgs/cmake/relbot_msgs__rosidl_typesupport_cppExport.cmake
[0.276s] -- Up-to-date: /home/srik/ros_ubuntu/ros2_ws/install/relbot_msgs/share/relbot_msgs/cmake/relbot_msgs__rosidl_typesupport_cppExport-noconfig.cmake
[0.276s] -- Up-to-date: /home/srik/ros_ubuntu/ros2_ws/install/relbot_msgs/share/relbot_msgs/cmake/export_relbot_msgs__rosidl_generator_pyExport.cmake
[0.276s] -- Up-to-date: /home/srik/ros_ubuntu/ros2_ws/install/relbot_msgs/share/relbot_msgs/cmake/export_relbot_msgs__rosidl_generator_pyExport-noconfig.cmake
[0.276s] -- Up-to-date: /home/srik/ros_ubuntu/ros2_ws/install/relbot_msgs/share/relbot_msgs/cmake/rosidl_cmake-extras.cmake
[0.276s] -- Up-to-date: /home/srik/ros_ubuntu/ros2_ws/install/relbot_msgs/share/relbot_msgs/cmake/ament_cmake_export_dependencies-extras.cmake
[0.276s] -- Up-to-date: /home/srik/ros_ubuntu/ros2_ws/install/relbot_msgs/share/relbot_msgs/cmake/ament_cmake_export_include_directories-extras.cmake
[0.276s] -- Up-to-date: /home/srik/ros_ubuntu/ros2_ws/install/relbot_msgs/share/relbot_msgs/cmake/ament_cmake_export_libraries-extras.cmake
[0.277s] -- Up-to-date: /home/srik/ros_ubuntu/ros2_ws/install/relbot_msgs/share/relbot_msgs/cmake/ament_cmake_export_targets-extras.cmake
[0.277s] -- Up-to-date: /home/srik/ros_ubuntu/ros2_ws/install/relbot_msgs/share/relbot_msgs/cmake/rosidl_cmake_export_typesupport_targets-extras.cmake
[0.277s] -- Up-to-date: /home/srik/ros_ubuntu/ros2_ws/install/relbot_msgs/share/relbot_msgs/cmake/rosidl_cmake_export_typesupport_libraries-extras.cmake
[0.277s] -- Up-to-date: /home/srik/ros_ubuntu/ros2_ws/install/relbot_msgs/share/relbot_msgs/cmake/relbot_msgsConfig.cmake
[0.277s] -- Up-to-date: /home/srik/ros_ubuntu/ros2_ws/install/relbot_msgs/share/relbot_msgs/cmake/relbot_msgsConfig-version.cmake
[0.277s] -- Up-to-date: /home/srik/ros_ubuntu/ros2_ws/install/relbot_msgs/share/relbot_msgs/package.xml
[0.278s] Invoked command in '/home/srik/ros_ubuntu/ros2_ws/build/relbot_msgs' returned '0': CMAKE_PREFIX_PATH=${CMAKE_PREFIX_PATH}:/opt/ros/humble DEBUGINFOD_URLS=https://debuginfod.archlinux.org https://debuginfod.cachyos.org /usr/bin/cmake --install /home/srik/ros_ubuntu/ros2_ws/build/relbot_msgs
