[0.009s] Invoking command in '/home/raghav742/SDfR/Assignments/assignment5/ros2_ws/src/build/relbot_msgs': /usr/bin/cmake /home/raghav742/SDfR/Assignments/assignment5/ros2_ws/src/relbot_msgs -DCMAKE_INSTALL_PREFIX=/home/raghav742/SDfR/Assignments/assignment5/ros2_ws/src/install/relbot_msgs
[0.135s] -- The C compiler identification is GNU 11.4.0
[0.226s] -- The CXX compiler identification is GNU 11.4.0
[0.232s] -- Detecting C compiler ABI info
[0.277s] -- Detecting C compiler ABI info - done
[0.288s] -- Check for working C compiler: /usr/bin/cc - skipped
[0.288s] -- Detecting C compile features
[0.288s] -- Detecting C compile features - done
[0.292s] -- Detecting CXX compiler ABI info
[0.353s] -- Detecting CXX compiler ABI info - done
[0.359s] -- Check for working CXX compiler: /usr/bin/c++ - skipped
[0.360s] -- Detecting CXX compile features
[0.360s] -- Detecting CXX compile features - done
[0.372s] [31mCMake Error at CMakeLists.txt:13 (find_package):
[0.372s]   By not providing "Findament_cmake.cmake" in CMAKE_MODULE_PATH this project
[0.372s]   has asked CMake to find a package configuration file provided by
[0.372s]   "ament_cmake", but CMake did not find one.
[0.372s] 
[0.372s]   Could not find a package configuration file provided by "ament_cmake" with
[0.372s]   any of the following names:
[0.372s] 
[0.373s]     ament_cmakeConfig.cmake
[0.373s]     ament_cmake-config.cmake
[0.373s] 
[0.373s]   Add the installation prefix of "ament_cmake" to CMAKE_PREFIX_PATH or set
[0.373s]   "ament_cmake_DIR" to a directory containing one of the above files.  If
[0.373s]   "ament_cmake" provides a separate development package or SDK, be sure it
[0.373s]   has been installed.
[0.373s] 
[0.373s] [0m
[0.373s] -- Configuring incomplete, errors occurred!
[0.373s] See also "/home/raghav742/SDfR/Assignments/assignment5/ros2_ws/src/build/relbot_msgs/CMakeFiles/CMakeOutput.log".
[0.377s] Invoked command in '/home/raghav742/SDfR/Assignments/assignment5/ros2_ws/src/build/relbot_msgs' returned '1': /usr/bin/cmake /home/raghav742/SDfR/Assignments/assignment5/ros2_ws/src/relbot_msgs -DCMAKE_INSTALL_PREFIX=/home/raghav742/SDfR/Assignments/assignment5/ros2_ws/src/install/relbot_msgs
