[0.144s] DEBUG:colcon:Command line arguments: ['/usr/bin/colcon', 'build']
[0.144s] DEBUG:colcon:Parsed command line arguments: Namespace(log_base=None, log_level=None, verb_name='build', build_base='build', install_base='install', merge_install=False, symlink_install=False, test_result_base=None, continue_on_error=False, executor='parallel', parallel_workers=8, event_handlers=None, ignore_user_meta=False, metas=['./colcon.meta'], base_paths=['.'], packages_ignore=None, packages_ignore_regex=None, paths=None, packages_up_to=None, packages_up_to_regex=None, packages_above=None, packages_above_and_dependencies=None, packages_above_depth=None, packages_select_by_dep=None, packages_skip_by_dep=None, packages_skip_up_to=None, packages_select_build_failed=False, packages_skip_build_finished=False, packages_select_test_failures=False, packages_skip_test_passed=False, packages_select=None, packages_skip=None, packages_select_regex=None, packages_skip_regex=None, packages_start=None, packages_end=None, allow_overriding=[], cmake_args=None, cmake_target=None, cmake_target_skip_unavailable=False, cmake_clean_cache=False, cmake_clean_first=False, cmake_force_configure=False, ament_cmake_args=None, catkin_cmake_args=None, catkin_skip_building_tests=False, verb_parser=<colcon_defaults.argument_parser.defaults.DefaultArgumentsDecorator object at 0x7fed272d2b60>, verb_extension=<colcon_core.verb.build.BuildVerb object at 0x7fed272d21d0>, main=<bound method BuildVerb.main of <colcon_core.verb.build.BuildVerb object at 0x7fed272d21d0>>)
[0.258s] Level 1:colcon.colcon_core.package_discovery:discover_packages(colcon_meta) check parameters
[0.258s] Level 1:colcon.colcon_core.package_discovery:discover_packages(recursive) check parameters
[0.258s] Level 1:colcon.colcon_core.package_discovery:discover_packages(ignore) check parameters
[0.258s] Level 1:colcon.colcon_core.package_discovery:discover_packages(path) check parameters
[0.258s] Level 1:colcon.colcon_core.package_discovery:discover_packages(colcon_meta) discover
[0.258s] Level 1:colcon.colcon_core.package_discovery:discover_packages(recursive) discover
[0.258s] INFO:colcon.colcon_core.package_discovery:Crawling recursively for packages in '/home/raghav742/SDfR/Assignments/assignment5/ros2_ws/src'
[0.259s] Level 1:colcon.colcon_core.package_identification:_identify(.) by extensions ['ignore', 'ignore_ament_install']
[0.259s] Level 1:colcon.colcon_core.package_identification:_identify(.) by extension 'ignore'
[0.259s] Level 1:colcon.colcon_core.package_identification:_identify(.) by extension 'ignore_ament_install'
[0.259s] Level 1:colcon.colcon_core.package_identification:_identify(.) by extensions ['colcon_pkg']
[0.259s] Level 1:colcon.colcon_core.package_identification:_identify(.) by extension 'colcon_pkg'
[0.259s] Level 1:colcon.colcon_core.package_identification:_identify(.) by extensions ['colcon_meta']
[0.259s] Level 1:colcon.colcon_core.package_identification:_identify(.) by extension 'colcon_meta'
[0.259s] Level 1:colcon.colcon_core.package_identification:_identify(.) by extensions ['ros']
[0.259s] Level 1:colcon.colcon_core.package_identification:_identify(.) by extension 'ros'
[0.268s] Level 1:colcon.colcon_core.package_identification:_identify(.) by extensions ['cmake', 'python']
[0.268s] Level 1:colcon.colcon_core.package_identification:_identify(.) by extension 'cmake'
[0.268s] Level 1:colcon.colcon_core.package_identification:_identify(.) by extension 'python'
[0.268s] Level 1:colcon.colcon_core.package_identification:_identify(.) by extensions ['python_setup_py']
[0.268s] Level 1:colcon.colcon_core.package_identification:_identify(.) by extension 'python_setup_py'
[0.268s] Level 1:colcon.colcon_core.package_identification:_identify(build) by extensions ['ignore', 'ignore_ament_install']
[0.268s] Level 1:colcon.colcon_core.package_identification:_identify(build) by extension 'ignore'
[0.269s] Level 1:colcon.colcon_core.package_identification:_identify(build) ignored
[0.269s] Level 1:colcon.colcon_core.package_identification:_identify(install) by extensions ['ignore', 'ignore_ament_install']
[0.269s] Level 1:colcon.colcon_core.package_identification:_identify(install) by extension 'ignore'
[0.269s] Level 1:colcon.colcon_core.package_identification:_identify(install) ignored
[0.269s] Level 1:colcon.colcon_core.package_identification:_identify(log) by extensions ['ignore', 'ignore_ament_install']
[0.269s] Level 1:colcon.colcon_core.package_identification:_identify(log) by extension 'ignore'
[0.269s] Level 1:colcon.colcon_core.package_identification:_identify(log) ignored
[0.269s] Level 1:colcon.colcon_core.package_identification:_identify(relbot2turtlesim) by extensions ['ignore', 'ignore_ament_install']
[0.269s] Level 1:colcon.colcon_core.package_identification:_identify(relbot2turtlesim) by extension 'ignore'
[0.269s] Level 1:colcon.colcon_core.package_identification:_identify(relbot2turtlesim) by extension 'ignore_ament_install'
[0.269s] Level 1:colcon.colcon_core.package_identification:_identify(relbot2turtlesim) by extensions ['colcon_pkg']
[0.269s] Level 1:colcon.colcon_core.package_identification:_identify(relbot2turtlesim) by extension 'colcon_pkg'
[0.269s] Level 1:colcon.colcon_core.package_identification:_identify(relbot2turtlesim) by extensions ['colcon_meta']
[0.269s] Level 1:colcon.colcon_core.package_identification:_identify(relbot2turtlesim) by extension 'colcon_meta'
[0.269s] Level 1:colcon.colcon_core.package_identification:_identify(relbot2turtlesim) by extensions ['ros']
[0.269s] Level 1:colcon.colcon_core.package_identification:_identify(relbot2turtlesim) by extension 'ros'
[0.269s] Level 1:colcon.colcon_core.package_identification:_identify(relbot2turtlesim) by extensions ['cmake', 'python']
[0.269s] Level 1:colcon.colcon_core.package_identification:_identify(relbot2turtlesim) by extension 'cmake'
[0.269s] Level 1:colcon.colcon_core.package_identification:_identify(relbot2turtlesim) by extension 'python'
[0.269s] Level 1:colcon.colcon_core.package_identification:_identify(relbot2turtlesim) by extensions ['python_setup_py']
[0.269s] Level 1:colcon.colcon_core.package_identification:_identify(relbot2turtlesim) by extension 'python_setup_py'
[0.269s] Level 1:colcon.colcon_core.package_identification:_identify(relbot2turtlesim/__MACOSX) by extensions ['ignore', 'ignore_ament_install']
[0.269s] Level 1:colcon.colcon_core.package_identification:_identify(relbot2turtlesim/__MACOSX) by extension 'ignore'
[0.269s] Level 1:colcon.colcon_core.package_identification:_identify(relbot2turtlesim/__MACOSX) by extension 'ignore_ament_install'
[0.269s] Level 1:colcon.colcon_core.package_identification:_identify(relbot2turtlesim/__MACOSX) by extensions ['colcon_pkg']
[0.269s] Level 1:colcon.colcon_core.package_identification:_identify(relbot2turtlesim/__MACOSX) by extension 'colcon_pkg'
[0.269s] Level 1:colcon.colcon_core.package_identification:_identify(relbot2turtlesim/__MACOSX) by extensions ['colcon_meta']
[0.269s] Level 1:colcon.colcon_core.package_identification:_identify(relbot2turtlesim/__MACOSX) by extension 'colcon_meta'
[0.269s] Level 1:colcon.colcon_core.package_identification:_identify(relbot2turtlesim/__MACOSX) by extensions ['ros']
[0.269s] Level 1:colcon.colcon_core.package_identification:_identify(relbot2turtlesim/__MACOSX) by extension 'ros'
[0.269s] Level 1:colcon.colcon_core.package_identification:_identify(relbot2turtlesim/__MACOSX) by extensions ['cmake', 'python']
[0.270s] Level 1:colcon.colcon_core.package_identification:_identify(relbot2turtlesim/__MACOSX) by extension 'cmake'
[0.270s] Level 1:colcon.colcon_core.package_identification:_identify(relbot2turtlesim/__MACOSX) by extension 'python'
[0.270s] Level 1:colcon.colcon_core.package_identification:_identify(relbot2turtlesim/__MACOSX) by extensions ['python_setup_py']
[0.270s] Level 1:colcon.colcon_core.package_identification:_identify(relbot2turtlesim/__MACOSX) by extension 'python_setup_py'
[0.270s] Level 1:colcon.colcon_core.package_identification:_identify(relbot2turtlesim/__MACOSX/relbot2turtlesim) by extensions ['ignore', 'ignore_ament_install']
[0.270s] Level 1:colcon.colcon_core.package_identification:_identify(relbot2turtlesim/__MACOSX/relbot2turtlesim) by extension 'ignore'
[0.270s] Level 1:colcon.colcon_core.package_identification:_identify(relbot2turtlesim/__MACOSX/relbot2turtlesim) by extension 'ignore_ament_install'
[0.270s] Level 1:colcon.colcon_core.package_identification:_identify(relbot2turtlesim/__MACOSX/relbot2turtlesim) by extensions ['colcon_pkg']
[0.270s] Level 1:colcon.colcon_core.package_identification:_identify(relbot2turtlesim/__MACOSX/relbot2turtlesim) by extension 'colcon_pkg'
[0.270s] Level 1:colcon.colcon_core.package_identification:_identify(relbot2turtlesim/__MACOSX/relbot2turtlesim) by extensions ['colcon_meta']
[0.270s] Level 1:colcon.colcon_core.package_identification:_identify(relbot2turtlesim/__MACOSX/relbot2turtlesim) by extension 'colcon_meta'
[0.270s] Level 1:colcon.colcon_core.package_identification:_identify(relbot2turtlesim/__MACOSX/relbot2turtlesim) by extensions ['ros']
[0.270s] Level 1:colcon.colcon_core.package_identification:_identify(relbot2turtlesim/__MACOSX/relbot2turtlesim) by extension 'ros'
[0.270s] Level 1:colcon.colcon_core.package_identification:_identify(relbot2turtlesim/__MACOSX/relbot2turtlesim) by extensions ['cmake', 'python']
[0.270s] Level 1:colcon.colcon_core.package_identification:_identify(relbot2turtlesim/__MACOSX/relbot2turtlesim) by extension 'cmake'
[0.270s] Level 1:colcon.colcon_core.package_identification:_identify(relbot2turtlesim/__MACOSX/relbot2turtlesim) by extension 'python'
[0.270s] Level 1:colcon.colcon_core.package_identification:_identify(relbot2turtlesim/__MACOSX/relbot2turtlesim) by extensions ['python_setup_py']
[0.270s] Level 1:colcon.colcon_core.package_identification:_identify(relbot2turtlesim/__MACOSX/relbot2turtlesim) by extension 'python_setup_py'
[0.270s] Level 1:colcon.colcon_core.package_identification:_identify(relbot2turtlesim/__MACOSX/relbot2turtlesim/include) by extensions ['ignore', 'ignore_ament_install']
[0.270s] Level 1:colcon.colcon_core.package_identification:_identify(relbot2turtlesim/__MACOSX/relbot2turtlesim/include) by extension 'ignore'
[0.270s] Level 1:colcon.colcon_core.package_identification:_identify(relbot2turtlesim/__MACOSX/relbot2turtlesim/include) by extension 'ignore_ament_install'
[0.270s] Level 1:colcon.colcon_core.package_identification:_identify(relbot2turtlesim/__MACOSX/relbot2turtlesim/include) by extensions ['colcon_pkg']
[0.270s] Level 1:colcon.colcon_core.package_identification:_identify(relbot2turtlesim/__MACOSX/relbot2turtlesim/include) by extension 'colcon_pkg'
[0.270s] Level 1:colcon.colcon_core.package_identification:_identify(relbot2turtlesim/__MACOSX/relbot2turtlesim/include) by extensions ['colcon_meta']
[0.270s] Level 1:colcon.colcon_core.package_identification:_identify(relbot2turtlesim/__MACOSX/relbot2turtlesim/include) by extension 'colcon_meta'
[0.270s] Level 1:colcon.colcon_core.package_identification:_identify(relbot2turtlesim/__MACOSX/relbot2turtlesim/include) by extensions ['ros']
[0.270s] Level 1:colcon.colcon_core.package_identification:_identify(relbot2turtlesim/__MACOSX/relbot2turtlesim/include) by extension 'ros'
[0.270s] Level 1:colcon.colcon_core.package_identification:_identify(relbot2turtlesim/__MACOSX/relbot2turtlesim/include) by extensions ['cmake', 'python']
[0.270s] Level 1:colcon.colcon_core.package_identification:_identify(relbot2turtlesim/__MACOSX/relbot2turtlesim/include) by extension 'cmake'
[0.270s] Level 1:colcon.colcon_core.package_identification:_identify(relbot2turtlesim/__MACOSX/relbot2turtlesim/include) by extension 'python'
[0.270s] Level 1:colcon.colcon_core.package_identification:_identify(relbot2turtlesim/__MACOSX/relbot2turtlesim/include) by extensions ['python_setup_py']
[0.270s] Level 1:colcon.colcon_core.package_identification:_identify(relbot2turtlesim/__MACOSX/relbot2turtlesim/include) by extension 'python_setup_py'
[0.270s] Level 1:colcon.colcon_core.package_identification:_identify(relbot2turtlesim/relbot2turtlesim) by extensions ['ignore', 'ignore_ament_install']
[0.270s] Level 1:colcon.colcon_core.package_identification:_identify(relbot2turtlesim/relbot2turtlesim) by extension 'ignore'
[0.271s] Level 1:colcon.colcon_core.package_identification:_identify(relbot2turtlesim/relbot2turtlesim) by extension 'ignore_ament_install'
[0.271s] Level 1:colcon.colcon_core.package_identification:_identify(relbot2turtlesim/relbot2turtlesim) by extensions ['colcon_pkg']
[0.271s] Level 1:colcon.colcon_core.package_identification:_identify(relbot2turtlesim/relbot2turtlesim) by extension 'colcon_pkg'
[0.271s] Level 1:colcon.colcon_core.package_identification:_identify(relbot2turtlesim/relbot2turtlesim) by extensions ['colcon_meta']
[0.271s] Level 1:colcon.colcon_core.package_identification:_identify(relbot2turtlesim/relbot2turtlesim) by extension 'colcon_meta'
[0.271s] Level 1:colcon.colcon_core.package_identification:_identify(relbot2turtlesim/relbot2turtlesim) by extensions ['ros']
[0.271s] Level 1:colcon.colcon_core.package_identification:_identify(relbot2turtlesim/relbot2turtlesim) by extension 'ros'
[0.273s] DEBUG:colcon.colcon_core.package_identification:Package 'relbot2turtlesim/relbot2turtlesim' with type 'ros.ament_cmake' and name 'relbot2turtlesim'
[0.273s] Level 1:colcon.colcon_core.package_identification:_identify(relbot_adapter) by extensions ['ignore', 'ignore_ament_install']
[0.273s] Level 1:colcon.colcon_core.package_identification:_identify(relbot_adapter) by extension 'ignore'
[0.273s] Level 1:colcon.colcon_core.package_identification:_identify(relbot_adapter) by extension 'ignore_ament_install'
[0.273s] Level 1:colcon.colcon_core.package_identification:_identify(relbot_adapter) by extensions ['colcon_pkg']
[0.273s] Level 1:colcon.colcon_core.package_identification:_identify(relbot_adapter) by extension 'colcon_pkg'
[0.273s] Level 1:colcon.colcon_core.package_identification:_identify(relbot_adapter) by extensions ['colcon_meta']
[0.273s] Level 1:colcon.colcon_core.package_identification:_identify(relbot_adapter) by extension 'colcon_meta'
[0.273s] Level 1:colcon.colcon_core.package_identification:_identify(relbot_adapter) by extensions ['ros']
[0.273s] Level 1:colcon.colcon_core.package_identification:_identify(relbot_adapter) by extension 'ros'
[0.274s] DEBUG:colcon.colcon_core.package_identification:Package 'relbot_adapter' with type 'ros.ament_cmake' and name 'relbot_adapter'
[0.274s] Level 1:colcon.colcon_core.package_identification:_identify(relbot_launch) by extensions ['ignore', 'ignore_ament_install']
[0.274s] Level 1:colcon.colcon_core.package_identification:_identify(relbot_launch) by extension 'ignore'
[0.274s] Level 1:colcon.colcon_core.package_identification:_identify(relbot_launch) by extension 'ignore_ament_install'
[0.274s] Level 1:colcon.colcon_core.package_identification:_identify(relbot_launch) by extensions ['colcon_pkg']
[0.274s] Level 1:colcon.colcon_core.package_identification:_identify(relbot_launch) by extension 'colcon_pkg'
[0.274s] Level 1:colcon.colcon_core.package_identification:_identify(relbot_launch) by extensions ['colcon_meta']
[0.274s] Level 1:colcon.colcon_core.package_identification:_identify(relbot_launch) by extension 'colcon_meta'
[0.274s] Level 1:colcon.colcon_core.package_identification:_identify(relbot_launch) by extensions ['ros']
[0.274s] Level 1:colcon.colcon_core.package_identification:_identify(relbot_launch) by extension 'ros'
[0.274s] Level 1:colcon.colcon_core.package_identification:_identify(relbot_launch) by extensions ['cmake', 'python']
[0.274s] Level 1:colcon.colcon_core.package_identification:_identify(relbot_launch) by extension 'cmake'
[0.274s] Level 1:colcon.colcon_core.package_identification:_identify(relbot_launch) by extension 'python'
[0.274s] Level 1:colcon.colcon_core.package_identification:_identify(relbot_launch) by extensions ['python_setup_py']
[0.274s] Level 1:colcon.colcon_core.package_identification:_identify(relbot_launch) by extension 'python_setup_py'
[0.274s] Level 1:colcon.colcon_core.package_identification:_identify(relbot_launch/__MACOSX) by extensions ['ignore', 'ignore_ament_install']
[0.274s] Level 1:colcon.colcon_core.package_identification:_identify(relbot_launch/__MACOSX) by extension 'ignore'
[0.274s] Level 1:colcon.colcon_core.package_identification:_identify(relbot_launch/__MACOSX) by extension 'ignore_ament_install'
[0.274s] Level 1:colcon.colcon_core.package_identification:_identify(relbot_launch/__MACOSX) by extensions ['colcon_pkg']
[0.274s] Level 1:colcon.colcon_core.package_identification:_identify(relbot_launch/__MACOSX) by extension 'colcon_pkg'
[0.274s] Level 1:colcon.colcon_core.package_identification:_identify(relbot_launch/__MACOSX) by extensions ['colcon_meta']
[0.274s] Level 1:colcon.colcon_core.package_identification:_identify(relbot_launch/__MACOSX) by extension 'colcon_meta'
[0.274s] Level 1:colcon.colcon_core.package_identification:_identify(relbot_launch/__MACOSX) by extensions ['ros']
[0.274s] Level 1:colcon.colcon_core.package_identification:_identify(relbot_launch/__MACOSX) by extension 'ros'
[0.274s] Level 1:colcon.colcon_core.package_identification:_identify(relbot_launch/__MACOSX) by extensions ['cmake', 'python']
[0.274s] Level 1:colcon.colcon_core.package_identification:_identify(relbot_launch/__MACOSX) by extension 'cmake'
[0.274s] Level 1:colcon.colcon_core.package_identification:_identify(relbot_launch/__MACOSX) by extension 'python'
[0.275s] Level 1:colcon.colcon_core.package_identification:_identify(relbot_launch/__MACOSX) by extensions ['python_setup_py']
[0.275s] Level 1:colcon.colcon_core.package_identification:_identify(relbot_launch/__MACOSX) by extension 'python_setup_py'
[0.275s] Level 1:colcon.colcon_core.package_identification:_identify(relbot_launch/__MACOSX/relbot_launch) by extensions ['ignore', 'ignore_ament_install']
[0.275s] Level 1:colcon.colcon_core.package_identification:_identify(relbot_launch/__MACOSX/relbot_launch) by extension 'ignore'
[0.275s] Level 1:colcon.colcon_core.package_identification:_identify(relbot_launch/__MACOSX/relbot_launch) by extension 'ignore_ament_install'
[0.275s] Level 1:colcon.colcon_core.package_identification:_identify(relbot_launch/__MACOSX/relbot_launch) by extensions ['colcon_pkg']
[0.275s] Level 1:colcon.colcon_core.package_identification:_identify(relbot_launch/__MACOSX/relbot_launch) by extension 'colcon_pkg'
[0.275s] Level 1:colcon.colcon_core.package_identification:_identify(relbot_launch/__MACOSX/relbot_launch) by extensions ['colcon_meta']
[0.275s] Level 1:colcon.colcon_core.package_identification:_identify(relbot_launch/__MACOSX/relbot_launch) by extension 'colcon_meta'
[0.275s] Level 1:colcon.colcon_core.package_identification:_identify(relbot_launch/__MACOSX/relbot_launch) by extensions ['ros']
[0.275s] Level 1:colcon.colcon_core.package_identification:_identify(relbot_launch/__MACOSX/relbot_launch) by extension 'ros'
[0.275s] Level 1:colcon.colcon_core.package_identification:_identify(relbot_launch/__MACOSX/relbot_launch) by extensions ['cmake', 'python']
[0.275s] Level 1:colcon.colcon_core.package_identification:_identify(relbot_launch/__MACOSX/relbot_launch) by extension 'cmake'
[0.275s] Level 1:colcon.colcon_core.package_identification:_identify(relbot_launch/__MACOSX/relbot_launch) by extension 'python'
[0.275s] Level 1:colcon.colcon_core.package_identification:_identify(relbot_launch/__MACOSX/relbot_launch) by extensions ['python_setup_py']
[0.275s] Level 1:colcon.colcon_core.package_identification:_identify(relbot_launch/__MACOSX/relbot_launch) by extension 'python_setup_py'
[0.275s] Level 1:colcon.colcon_core.package_identification:_identify(relbot_launch/__MACOSX/relbot_launch/launch) by extensions ['ignore', 'ignore_ament_install']
[0.275s] Level 1:colcon.colcon_core.package_identification:_identify(relbot_launch/__MACOSX/relbot_launch/launch) by extension 'ignore'
[0.275s] Level 1:colcon.colcon_core.package_identification:_identify(relbot_launch/__MACOSX/relbot_launch/launch) by extension 'ignore_ament_install'
[0.275s] Level 1:colcon.colcon_core.package_identification:_identify(relbot_launch/__MACOSX/relbot_launch/launch) by extensions ['colcon_pkg']
[0.275s] Level 1:colcon.colcon_core.package_identification:_identify(relbot_launch/__MACOSX/relbot_launch/launch) by extension 'colcon_pkg'
[0.275s] Level 1:colcon.colcon_core.package_identification:_identify(relbot_launch/__MACOSX/relbot_launch/launch) by extensions ['colcon_meta']
[0.275s] Level 1:colcon.colcon_core.package_identification:_identify(relbot_launch/__MACOSX/relbot_launch/launch) by extension 'colcon_meta'
[0.275s] Level 1:colcon.colcon_core.package_identification:_identify(relbot_launch/__MACOSX/relbot_launch/launch) by extensions ['ros']
[0.275s] Level 1:colcon.colcon_core.package_identification:_identify(relbot_launch/__MACOSX/relbot_launch/launch) by extension 'ros'
[0.275s] Level 1:colcon.colcon_core.package_identification:_identify(relbot_launch/__MACOSX/relbot_launch/launch) by extensions ['cmake', 'python']
[0.275s] Level 1:colcon.colcon_core.package_identification:_identify(relbot_launch/__MACOSX/relbot_launch/launch) by extension 'cmake'
[0.275s] Level 1:colcon.colcon_core.package_identification:_identify(relbot_launch/__MACOSX/relbot_launch/launch) by extension 'python'
[0.275s] Level 1:colcon.colcon_core.package_identification:_identify(relbot_launch/__MACOSX/relbot_launch/launch) by extensions ['python_setup_py']
[0.275s] Level 1:colcon.colcon_core.package_identification:_identify(relbot_launch/__MACOSX/relbot_launch/launch) by extension 'python_setup_py'
[0.275s] Level 1:colcon.colcon_core.package_identification:_identify(relbot_launch/relbot_launch) by extensions ['ignore', 'ignore_ament_install']
[0.275s] Level 1:colcon.colcon_core.package_identification:_identify(relbot_launch/relbot_launch) by extension 'ignore'
[0.275s] Level 1:colcon.colcon_core.package_identification:_identify(relbot_launch/relbot_launch) by extension 'ignore_ament_install'
[0.276s] Level 1:colcon.colcon_core.package_identification:_identify(relbot_launch/relbot_launch) by extensions ['colcon_pkg']
[0.276s] Level 1:colcon.colcon_core.package_identification:_identify(relbot_launch/relbot_launch) by extension 'colcon_pkg'
[0.276s] Level 1:colcon.colcon_core.package_identification:_identify(relbot_launch/relbot_launch) by extensions ['colcon_meta']
[0.276s] Level 1:colcon.colcon_core.package_identification:_identify(relbot_launch/relbot_launch) by extension 'colcon_meta'
[0.276s] Level 1:colcon.colcon_core.package_identification:_identify(relbot_launch/relbot_launch) by extensions ['ros']
[0.276s] Level 1:colcon.colcon_core.package_identification:_identify(relbot_launch/relbot_launch) by extension 'ros'
[0.276s] DEBUG:colcon.colcon_core.package_identification:Package 'relbot_launch/relbot_launch' with type 'ros.ament_cmake' and name 'relbot_launch'
[0.276s] Level 1:colcon.colcon_core.package_identification:_identify(relbot_msgs) by extensions ['ignore', 'ignore_ament_install']
[0.276s] Level 1:colcon.colcon_core.package_identification:_identify(relbot_msgs) by extension 'ignore'
[0.276s] Level 1:colcon.colcon_core.package_identification:_identify(relbot_msgs) by extension 'ignore_ament_install'
[0.276s] Level 1:colcon.colcon_core.package_identification:_identify(relbot_msgs) by extensions ['colcon_pkg']
[0.276s] Level 1:colcon.colcon_core.package_identification:_identify(relbot_msgs) by extension 'colcon_pkg'
[0.276s] Level 1:colcon.colcon_core.package_identification:_identify(relbot_msgs) by extensions ['colcon_meta']
[0.276s] Level 1:colcon.colcon_core.package_identification:_identify(relbot_msgs) by extension 'colcon_meta'
[0.276s] Level 1:colcon.colcon_core.package_identification:_identify(relbot_msgs) by extensions ['ros']
[0.276s] Level 1:colcon.colcon_core.package_identification:_identify(relbot_msgs) by extension 'ros'
[0.277s] DEBUG:colcon.colcon_core.package_identification:Package 'relbot_msgs' with type 'ros.ament_cmake' and name 'relbot_msgs'
[0.277s] Level 1:colcon.colcon_core.package_identification:_identify(relbot_sequence_controller) by extensions ['ignore', 'ignore_ament_install']
[0.277s] Level 1:colcon.colcon_core.package_identification:_identify(relbot_sequence_controller) by extension 'ignore'
[0.277s] Level 1:colcon.colcon_core.package_identification:_identify(relbot_sequence_controller) by extension 'ignore_ament_install'
[0.277s] Level 1:colcon.colcon_core.package_identification:_identify(relbot_sequence_controller) by extensions ['colcon_pkg']
[0.277s] Level 1:colcon.colcon_core.package_identification:_identify(relbot_sequence_controller) by extension 'colcon_pkg'
[0.277s] Level 1:colcon.colcon_core.package_identification:_identify(relbot_sequence_controller) by extensions ['colcon_meta']
[0.277s] Level 1:colcon.colcon_core.package_identification:_identify(relbot_sequence_controller) by extension 'colcon_meta'
[0.277s] Level 1:colcon.colcon_core.package_identification:_identify(relbot_sequence_controller) by extensions ['ros']
[0.277s] Level 1:colcon.colcon_core.package_identification:_identify(relbot_sequence_controller) by extension 'ros'
[0.277s] Level 1:colcon.colcon_core.package_identification:_identify(relbot_sequence_controller) by extensions ['cmake', 'python']
[0.277s] Level 1:colcon.colcon_core.package_identification:_identify(relbot_sequence_controller) by extension 'cmake'
[0.277s] Level 1:colcon.colcon_core.package_identification:_identify(relbot_sequence_controller) by extension 'python'
[0.277s] Level 1:colcon.colcon_core.package_identification:_identify(relbot_sequence_controller) by extensions ['python_setup_py']
[0.277s] Level 1:colcon.colcon_core.package_identification:_identify(relbot_sequence_controller) by extension 'python_setup_py'
[0.277s] Level 1:colcon.colcon_core.package_identification:_identify(relbot_sequence_controller/__MACOSX) by extensions ['ignore', 'ignore_ament_install']
[0.277s] Level 1:colcon.colcon_core.package_identification:_identify(relbot_sequence_controller/__MACOSX) by extension 'ignore'
[0.277s] Level 1:colcon.colcon_core.package_identification:_identify(relbot_sequence_controller/__MACOSX) by extension 'ignore_ament_install'
[0.277s] Level 1:colcon.colcon_core.package_identification:_identify(relbot_sequence_controller/__MACOSX) by extensions ['colcon_pkg']
[0.277s] Level 1:colcon.colcon_core.package_identification:_identify(relbot_sequence_controller/__MACOSX) by extension 'colcon_pkg'
[0.277s] Level 1:colcon.colcon_core.package_identification:_identify(relbot_sequence_controller/__MACOSX) by extensions ['colcon_meta']
[0.277s] Level 1:colcon.colcon_core.package_identification:_identify(relbot_sequence_controller/__MACOSX) by extension 'colcon_meta'
[0.277s] Level 1:colcon.colcon_core.package_identification:_identify(relbot_sequence_controller/__MACOSX) by extensions ['ros']
[0.277s] Level 1:colcon.colcon_core.package_identification:_identify(relbot_sequence_controller/__MACOSX) by extension 'ros'
[0.277s] Level 1:colcon.colcon_core.package_identification:_identify(relbot_sequence_controller/__MACOSX) by extensions ['cmake', 'python']
[0.277s] Level 1:colcon.colcon_core.package_identification:_identify(relbot_sequence_controller/__MACOSX) by extension 'cmake'
[0.277s] Level 1:colcon.colcon_core.package_identification:_identify(relbot_sequence_controller/__MACOSX) by extension 'python'
[0.277s] Level 1:colcon.colcon_core.package_identification:_identify(relbot_sequence_controller/__MACOSX) by extensions ['python_setup_py']
[0.277s] Level 1:colcon.colcon_core.package_identification:_identify(relbot_sequence_controller/__MACOSX) by extension 'python_setup_py'
[0.278s] Level 1:colcon.colcon_core.package_identification:_identify(relbot_sequence_controller/__MACOSX/relbot_sequence_controller) by extensions ['ignore', 'ignore_ament_install']
[0.278s] Level 1:colcon.colcon_core.package_identification:_identify(relbot_sequence_controller/__MACOSX/relbot_sequence_controller) by extension 'ignore'
[0.278s] Level 1:colcon.colcon_core.package_identification:_identify(relbot_sequence_controller/__MACOSX/relbot_sequence_controller) by extension 'ignore_ament_install'
[0.278s] Level 1:colcon.colcon_core.package_identification:_identify(relbot_sequence_controller/__MACOSX/relbot_sequence_controller) by extensions ['colcon_pkg']
[0.278s] Level 1:colcon.colcon_core.package_identification:_identify(relbot_sequence_controller/__MACOSX/relbot_sequence_controller) by extension 'colcon_pkg'
[0.278s] Level 1:colcon.colcon_core.package_identification:_identify(relbot_sequence_controller/__MACOSX/relbot_sequence_controller) by extensions ['colcon_meta']
[0.278s] Level 1:colcon.colcon_core.package_identification:_identify(relbot_sequence_controller/__MACOSX/relbot_sequence_controller) by extension 'colcon_meta'
[0.278s] Level 1:colcon.colcon_core.package_identification:_identify(relbot_sequence_controller/__MACOSX/relbot_sequence_controller) by extensions ['ros']
[0.278s] Level 1:colcon.colcon_core.package_identification:_identify(relbot_sequence_controller/__MACOSX/relbot_sequence_controller) by extension 'ros'
[0.278s] Level 1:colcon.colcon_core.package_identification:_identify(relbot_sequence_controller/__MACOSX/relbot_sequence_controller) by extensions ['cmake', 'python']
[0.278s] Level 1:colcon.colcon_core.package_identification:_identify(relbot_sequence_controller/__MACOSX/relbot_sequence_controller) by extension 'cmake'
[0.278s] Level 1:colcon.colcon_core.package_identification:_identify(relbot_sequence_controller/__MACOSX/relbot_sequence_controller) by extension 'python'
[0.278s] Level 1:colcon.colcon_core.package_identification:_identify(relbot_sequence_controller/__MACOSX/relbot_sequence_controller) by extensions ['python_setup_py']
[0.278s] Level 1:colcon.colcon_core.package_identification:_identify(relbot_sequence_controller/__MACOSX/relbot_sequence_controller) by extension 'python_setup_py'
[0.278s] Level 1:colcon.colcon_core.package_identification:_identify(relbot_sequence_controller/__MACOSX/relbot_sequence_controller/include) by extensions ['ignore', 'ignore_ament_install']
[0.278s] Level 1:colcon.colcon_core.package_identification:_identify(relbot_sequence_controller/__MACOSX/relbot_sequence_controller/include) by extension 'ignore'
[0.278s] Level 1:colcon.colcon_core.package_identification:_identify(relbot_sequence_controller/__MACOSX/relbot_sequence_controller/include) by extension 'ignore_ament_install'
[0.278s] Level 1:colcon.colcon_core.package_identification:_identify(relbot_sequence_controller/__MACOSX/relbot_sequence_controller/include) by extensions ['colcon_pkg']
[0.278s] Level 1:colcon.colcon_core.package_identification:_identify(relbot_sequence_controller/__MACOSX/relbot_sequence_controller/include) by extension 'colcon_pkg'
[0.278s] Level 1:colcon.colcon_core.package_identification:_identify(relbot_sequence_controller/__MACOSX/relbot_sequence_controller/include) by extensions ['colcon_meta']
[0.278s] Level 1:colcon.colcon_core.package_identification:_identify(relbot_sequence_controller/__MACOSX/relbot_sequence_controller/include) by extension 'colcon_meta'
[0.278s] Level 1:colcon.colcon_core.package_identification:_identify(relbot_sequence_controller/__MACOSX/relbot_sequence_controller/include) by extensions ['ros']
[0.278s] Level 1:colcon.colcon_core.package_identification:_identify(relbot_sequence_controller/__MACOSX/relbot_sequence_controller/include) by extension 'ros'
[0.278s] Level 1:colcon.colcon_core.package_identification:_identify(relbot_sequence_controller/__MACOSX/relbot_sequence_controller/include) by extensions ['cmake', 'python']
[0.278s] Level 1:colcon.colcon_core.package_identification:_identify(relbot_sequence_controller/__MACOSX/relbot_sequence_controller/include) by extension 'cmake'
[0.278s] Level 1:colcon.colcon_core.package_identification:_identify(relbot_sequence_controller/__MACOSX/relbot_sequence_controller/include) by extension 'python'
[0.278s] Level 1:colcon.colcon_core.package_identification:_identify(relbot_sequence_controller/__MACOSX/relbot_sequence_controller/include) by extensions ['python_setup_py']
[0.278s] Level 1:colcon.colcon_core.package_identification:_identify(relbot_sequence_controller/__MACOSX/relbot_sequence_controller/include) by extension 'python_setup_py'
[0.278s] Level 1:colcon.colcon_core.package_identification:_identify(relbot_sequence_controller/relbot_sequence_controller) by extensions ['ignore', 'ignore_ament_install']
[0.278s] Level 1:colcon.colcon_core.package_identification:_identify(relbot_sequence_controller/relbot_sequence_controller) by extension 'ignore'
[0.278s] Level 1:colcon.colcon_core.package_identification:_identify(relbot_sequence_controller/relbot_sequence_controller) by extension 'ignore_ament_install'
[0.278s] Level 1:colcon.colcon_core.package_identification:_identify(relbot_sequence_controller/relbot_sequence_controller) by extensions ['colcon_pkg']
[0.278s] Level 1:colcon.colcon_core.package_identification:_identify(relbot_sequence_controller/relbot_sequence_controller) by extension 'colcon_pkg'
[0.278s] Level 1:colcon.colcon_core.package_identification:_identify(relbot_sequence_controller/relbot_sequence_controller) by extensions ['colcon_meta']
[0.278s] Level 1:colcon.colcon_core.package_identification:_identify(relbot_sequence_controller/relbot_sequence_controller) by extension 'colcon_meta'
[0.279s] Level 1:colcon.colcon_core.package_identification:_identify(relbot_sequence_controller/relbot_sequence_controller) by extensions ['ros']
[0.279s] Level 1:colcon.colcon_core.package_identification:_identify(relbot_sequence_controller/relbot_sequence_controller) by extension 'ros'
[0.279s] DEBUG:colcon.colcon_core.package_identification:Package 'relbot_sequence_controller/relbot_sequence_controller' with type 'ros.ament_cmake' and name 'relbot_sequence_controller'
[0.279s] Level 1:colcon.colcon_core.package_identification:_identify(relbot_simulator) by extensions ['ignore', 'ignore_ament_install']
[0.279s] Level 1:colcon.colcon_core.package_identification:_identify(relbot_simulator) by extension 'ignore'
[0.279s] Level 1:colcon.colcon_core.package_identification:_identify(relbot_simulator) by extension 'ignore_ament_install'
[0.279s] Level 1:colcon.colcon_core.package_identification:_identify(relbot_simulator) by extensions ['colcon_pkg']
[0.279s] Level 1:colcon.colcon_core.package_identification:_identify(relbot_simulator) by extension 'colcon_pkg'
[0.279s] Level 1:colcon.colcon_core.package_identification:_identify(relbot_simulator) by extensions ['colcon_meta']
[0.279s] Level 1:colcon.colcon_core.package_identification:_identify(relbot_simulator) by extension 'colcon_meta'
[0.279s] Level 1:colcon.colcon_core.package_identification:_identify(relbot_simulator) by extensions ['ros']
[0.279s] Level 1:colcon.colcon_core.package_identification:_identify(relbot_simulator) by extension 'ros'
[0.280s] DEBUG:colcon.colcon_core.package_identification:Package 'relbot_simulator' with type 'ros.ament_cmake' and name 'relbot_simulator'
[0.280s] Level 1:colcon.colcon_core.package_discovery:discover_packages(recursive) using defaults
[0.280s] Level 1:colcon.colcon_core.package_discovery:discover_packages(ignore) discover
[0.280s] Level 1:colcon.colcon_core.package_discovery:discover_packages(ignore) using defaults
[0.280s] Level 1:colcon.colcon_core.package_discovery:discover_packages(path) discover
[0.280s] Level 1:colcon.colcon_core.package_discovery:discover_packages(path) using defaults
[0.299s] Level 1:colcon.colcon_core.package_discovery:discover_packages(prefix_path) check parameters
[0.299s] Level 1:colcon.colcon_core.package_discovery:discover_packages(prefix_path) discover
[0.300s] Level 1:colcon.colcon_core.package_discovery:discover_packages(prefix_path) using defaults
[0.301s] Level 5:colcon.colcon_core.verb:set package 'relbot2turtlesim' build argument 'cmake_args' from command line to 'None'
[0.301s] Level 5:colcon.colcon_core.verb:set package 'relbot2turtlesim' build argument 'cmake_target' from command line to 'None'
[0.301s] Level 5:colcon.colcon_core.verb:set package 'relbot2turtlesim' build argument 'cmake_target_skip_unavailable' from command line to 'False'
[0.301s] Level 5:colcon.colcon_core.verb:set package 'relbot2turtlesim' build argument 'cmake_clean_cache' from command line to 'False'
[0.301s] Level 5:colcon.colcon_core.verb:set package 'relbot2turtlesim' build argument 'cmake_clean_first' from command line to 'False'
[0.301s] Level 5:colcon.colcon_core.verb:set package 'relbot2turtlesim' build argument 'cmake_force_configure' from command line to 'False'
[0.301s] Level 5:colcon.colcon_core.verb:set package 'relbot2turtlesim' build argument 'ament_cmake_args' from command line to 'None'
[0.301s] Level 5:colcon.colcon_core.verb:set package 'relbot2turtlesim' build argument 'catkin_cmake_args' from command line to 'None'
[0.301s] Level 5:colcon.colcon_core.verb:set package 'relbot2turtlesim' build argument 'catkin_skip_building_tests' from command line to 'False'
[0.301s] DEBUG:colcon.colcon_core.verb:Building package 'relbot2turtlesim' with the following arguments: {'ament_cmake_args': None, 'build_base': '/home/raghav742/SDfR/Assignments/assignment5/ros2_ws/src/build/relbot2turtlesim', 'catkin_cmake_args': None, 'catkin_skip_building_tests': False, 'cmake_args': None, 'cmake_clean_cache': False, 'cmake_clean_first': False, 'cmake_force_configure': False, 'cmake_target': None, 'cmake_target_skip_unavailable': False, 'install_base': '/home/raghav742/SDfR/Assignments/assignment5/ros2_ws/src/install/relbot2turtlesim', 'merge_install': False, 'path': '/home/raghav742/SDfR/Assignments/assignment5/ros2_ws/src/relbot2turtlesim/relbot2turtlesim', 'symlink_install': False, 'test_result_base': None}
[0.302s] Level 5:colcon.colcon_core.verb:set package 'relbot_adapter' build argument 'cmake_args' from command line to 'None'
[0.302s] Level 5:colcon.colcon_core.verb:set package 'relbot_adapter' build argument 'cmake_target' from command line to 'None'
[0.302s] Level 5:colcon.colcon_core.verb:set package 'relbot_adapter' build argument 'cmake_target_skip_unavailable' from command line to 'False'
[0.302s] Level 5:colcon.colcon_core.verb:set package 'relbot_adapter' build argument 'cmake_clean_cache' from command line to 'False'
[0.302s] Level 5:colcon.colcon_core.verb:set package 'relbot_adapter' build argument 'cmake_clean_first' from command line to 'False'
[0.302s] Level 5:colcon.colcon_core.verb:set package 'relbot_adapter' build argument 'cmake_force_configure' from command line to 'False'
[0.302s] Level 5:colcon.colcon_core.verb:set package 'relbot_adapter' build argument 'ament_cmake_args' from command line to 'None'
[0.302s] Level 5:colcon.colcon_core.verb:set package 'relbot_adapter' build argument 'catkin_cmake_args' from command line to 'None'
[0.302s] Level 5:colcon.colcon_core.verb:set package 'relbot_adapter' build argument 'catkin_skip_building_tests' from command line to 'False'
[0.302s] DEBUG:colcon.colcon_core.verb:Building package 'relbot_adapter' with the following arguments: {'ament_cmake_args': None, 'build_base': '/home/raghav742/SDfR/Assignments/assignment5/ros2_ws/src/build/relbot_adapter', 'catkin_cmake_args': None, 'catkin_skip_building_tests': False, 'cmake_args': None, 'cmake_clean_cache': False, 'cmake_clean_first': False, 'cmake_force_configure': False, 'cmake_target': None, 'cmake_target_skip_unavailable': False, 'install_base': '/home/raghav742/SDfR/Assignments/assignment5/ros2_ws/src/install/relbot_adapter', 'merge_install': False, 'path': '/home/raghav742/SDfR/Assignments/assignment5/ros2_ws/src/relbot_adapter', 'symlink_install': False, 'test_result_base': None}
[0.302s] Level 5:colcon.colcon_core.verb:set package 'relbot_launch' build argument 'cmake_args' from command line to 'None'
[0.302s] Level 5:colcon.colcon_core.verb:set package 'relbot_launch' build argument 'cmake_target' from command line to 'None'
[0.302s] Level 5:colcon.colcon_core.verb:set package 'relbot_launch' build argument 'cmake_target_skip_unavailable' from command line to 'False'
[0.302s] Level 5:colcon.colcon_core.verb:set package 'relbot_launch' build argument 'cmake_clean_cache' from command line to 'False'
[0.302s] Level 5:colcon.colcon_core.verb:set package 'relbot_launch' build argument 'cmake_clean_first' from command line to 'False'
[0.302s] Level 5:colcon.colcon_core.verb:set package 'relbot_launch' build argument 'cmake_force_configure' from command line to 'False'
[0.302s] Level 5:colcon.colcon_core.verb:set package 'relbot_launch' build argument 'ament_cmake_args' from command line to 'None'
[0.302s] Level 5:colcon.colcon_core.verb:set package 'relbot_launch' build argument 'catkin_cmake_args' from command line to 'None'
[0.302s] Level 5:colcon.colcon_core.verb:set package 'relbot_launch' build argument 'catkin_skip_building_tests' from command line to 'False'
[0.302s] DEBUG:colcon.colcon_core.verb:Building package 'relbot_launch' with the following arguments: {'ament_cmake_args': None, 'build_base': '/home/raghav742/SDfR/Assignments/assignment5/ros2_ws/src/build/relbot_launch', 'catkin_cmake_args': None, 'catkin_skip_building_tests': False, 'cmake_args': None, 'cmake_clean_cache': False, 'cmake_clean_first': False, 'cmake_force_configure': False, 'cmake_target': None, 'cmake_target_skip_unavailable': False, 'install_base': '/home/raghav742/SDfR/Assignments/assignment5/ros2_ws/src/install/relbot_launch', 'merge_install': False, 'path': '/home/raghav742/SDfR/Assignments/assignment5/ros2_ws/src/relbot_launch/relbot_launch', 'symlink_install': False, 'test_result_base': None}
[0.302s] Level 5:colcon.colcon_core.verb:set package 'relbot_msgs' build argument 'cmake_args' from command line to 'None'
[0.302s] Level 5:colcon.colcon_core.verb:set package 'relbot_msgs' build argument 'cmake_target' from command line to 'None'
[0.302s] Level 5:colcon.colcon_core.verb:set package 'relbot_msgs' build argument 'cmake_target_skip_unavailable' from command line to 'False'
[0.302s] Level 5:colcon.colcon_core.verb:set package 'relbot_msgs' build argument 'cmake_clean_cache' from command line to 'False'
[0.302s] Level 5:colcon.colcon_core.verb:set package 'relbot_msgs' build argument 'cmake_clean_first' from command line to 'False'
[0.302s] Level 5:colcon.colcon_core.verb:set package 'relbot_msgs' build argument 'cmake_force_configure' from command line to 'False'
[0.302s] Level 5:colcon.colcon_core.verb:set package 'relbot_msgs' build argument 'ament_cmake_args' from command line to 'None'
[0.302s] Level 5:colcon.colcon_core.verb:set package 'relbot_msgs' build argument 'catkin_cmake_args' from command line to 'None'
[0.302s] Level 5:colcon.colcon_core.verb:set package 'relbot_msgs' build argument 'catkin_skip_building_tests' from command line to 'False'
[0.303s] DEBUG:colcon.colcon_core.verb:Building package 'relbot_msgs' with the following arguments: {'ament_cmake_args': None, 'build_base': '/home/raghav742/SDfR/Assignments/assignment5/ros2_ws/src/build/relbot_msgs', 'catkin_cmake_args': None, 'catkin_skip_building_tests': False, 'cmake_args': None, 'cmake_clean_cache': False, 'cmake_clean_first': False, 'cmake_force_configure': False, 'cmake_target': None, 'cmake_target_skip_unavailable': False, 'install_base': '/home/raghav742/SDfR/Assignments/assignment5/ros2_ws/src/install/relbot_msgs', 'merge_install': False, 'path': '/home/raghav742/SDfR/Assignments/assignment5/ros2_ws/src/relbot_msgs', 'symlink_install': False, 'test_result_base': None}
[0.303s] Level 5:colcon.colcon_core.verb:set package 'relbot_sequence_controller' build argument 'cmake_args' from command line to 'None'
[0.303s] Level 5:colcon.colcon_core.verb:set package 'relbot_sequence_controller' build argument 'cmake_target' from command line to 'None'
[0.303s] Level 5:colcon.colcon_core.verb:set package 'relbot_sequence_controller' build argument 'cmake_target_skip_unavailable' from command line to 'False'
[0.303s] Level 5:colcon.colcon_core.verb:set package 'relbot_sequence_controller' build argument 'cmake_clean_cache' from command line to 'False'
[0.303s] Level 5:colcon.colcon_core.verb:set package 'relbot_sequence_controller' build argument 'cmake_clean_first' from command line to 'False'
[0.303s] Level 5:colcon.colcon_core.verb:set package 'relbot_sequence_controller' build argument 'cmake_force_configure' from command line to 'False'
[0.303s] Level 5:colcon.colcon_core.verb:set package 'relbot_sequence_controller' build argument 'ament_cmake_args' from command line to 'None'
[0.303s] Level 5:colcon.colcon_core.verb:set package 'relbot_sequence_controller' build argument 'catkin_cmake_args' from command line to 'None'
[0.303s] Level 5:colcon.colcon_core.verb:set package 'relbot_sequence_controller' build argument 'catkin_skip_building_tests' from command line to 'False'
[0.303s] DEBUG:colcon.colcon_core.verb:Building package 'relbot_sequence_controller' with the following arguments: {'ament_cmake_args': None, 'build_base': '/home/raghav742/SDfR/Assignments/assignment5/ros2_ws/src/build/relbot_sequence_controller', 'catkin_cmake_args': None, 'catkin_skip_building_tests': False, 'cmake_args': None, 'cmake_clean_cache': False, 'cmake_clean_first': False, 'cmake_force_configure': False, 'cmake_target': None, 'cmake_target_skip_unavailable': False, 'install_base': '/home/raghav742/SDfR/Assignments/assignment5/ros2_ws/src/install/relbot_sequence_controller', 'merge_install': False, 'path': '/home/raghav742/SDfR/Assignments/assignment5/ros2_ws/src/relbot_sequence_controller/relbot_sequence_controller', 'symlink_install': False, 'test_result_base': None}
[0.303s] Level 5:colcon.colcon_core.verb:set package 'relbot_simulator' build argument 'cmake_args' from command line to 'None'
[0.303s] Level 5:colcon.colcon_core.verb:set package 'relbot_simulator' build argument 'cmake_target' from command line to 'None'
[0.303s] Level 5:colcon.colcon_core.verb:set package 'relbot_simulator' build argument 'cmake_target_skip_unavailable' from command line to 'False'
[0.303s] Level 5:colcon.colcon_core.verb:set package 'relbot_simulator' build argument 'cmake_clean_cache' from command line to 'False'
[0.303s] Level 5:colcon.colcon_core.verb:set package 'relbot_simulator' build argument 'cmake_clean_first' from command line to 'False'
[0.303s] Level 5:colcon.colcon_core.verb:set package 'relbot_simulator' build argument 'cmake_force_configure' from command line to 'False'
[0.303s] Level 5:colcon.colcon_core.verb:set package 'relbot_simulator' build argument 'ament_cmake_args' from command line to 'None'
[0.303s] Level 5:colcon.colcon_core.verb:set package 'relbot_simulator' build argument 'catkin_cmake_args' from command line to 'None'
[0.303s] Level 5:colcon.colcon_core.verb:set package 'relbot_simulator' build argument 'catkin_skip_building_tests' from command line to 'False'
[0.303s] DEBUG:colcon.colcon_core.verb:Building package 'relbot_simulator' with the following arguments: {'ament_cmake_args': None, 'build_base': '/home/raghav742/SDfR/Assignments/assignment5/ros2_ws/src/build/relbot_simulator', 'catkin_cmake_args': None, 'catkin_skip_building_tests': False, 'cmake_args': None, 'cmake_clean_cache': False, 'cmake_clean_first': False, 'cmake_force_configure': False, 'cmake_target': None, 'cmake_target_skip_unavailable': False, 'install_base': '/home/raghav742/SDfR/Assignments/assignment5/ros2_ws/src/install/relbot_simulator', 'merge_install': False, 'path': '/home/raghav742/SDfR/Assignments/assignment5/ros2_ws/src/relbot_simulator', 'symlink_install': False, 'test_result_base': None}
[0.303s] INFO:colcon.colcon_core.executor:Executing jobs using 'parallel' executor
[0.304s] DEBUG:colcon.colcon_parallel_executor.executor.parallel:run_until_complete
[0.304s] INFO:colcon.colcon_ros.task.ament_cmake.build:Building ROS package in '/home/raghav742/SDfR/Assignments/assignment5/ros2_ws/src/relbot_msgs' with build type 'ament_cmake'
[0.304s] INFO:colcon.colcon_cmake.task.cmake.build:Building CMake package in '/home/raghav742/SDfR/Assignments/assignment5/ros2_ws/src/relbot_msgs'
[0.307s] INFO:colcon.colcon_core.plugin_system:Skipping extension 'colcon_core.shell.bat': Not used on non-Windows systems
[0.307s] INFO:colcon.colcon_core.shell:Skip shell extension 'powershell' for command environment: Not usable outside of PowerShell
[0.307s] DEBUG:colcon.colcon_core.shell:Skip shell extension 'dsv' for command environment
[0.308s] INFO:colcon.colcon_ros.task.ament_cmake.build:Building ROS package in '/home/raghav742/SDfR/Assignments/assignment5/ros2_ws/src/relbot2turtlesim/relbot2turtlesim' with build type 'ament_cmake'
[0.308s] INFO:colcon.colcon_cmake.task.cmake.build:Building CMake package in '/home/raghav742/SDfR/Assignments/assignment5/ros2_ws/src/relbot2turtlesim/relbot2turtlesim'
[0.308s] INFO:colcon.colcon_core.shell:Skip shell extension 'powershell' for command environment: Not usable outside of PowerShell
[0.309s] DEBUG:colcon.colcon_core.shell:Skip shell extension 'dsv' for command environment
[0.309s] INFO:colcon.colcon_ros.task.ament_cmake.build:Building ROS package in '/home/raghav742/SDfR/Assignments/assignment5/ros2_ws/src/relbot_adapter' with build type 'ament_cmake'
[0.309s] INFO:colcon.colcon_cmake.task.cmake.build:Building CMake package in '/home/raghav742/SDfR/Assignments/assignment5/ros2_ws/src/relbot_adapter'
[0.309s] INFO:colcon.colcon_core.shell:Skip shell extension 'powershell' for command environment: Not usable outside of PowerShell
[0.309s] DEBUG:colcon.colcon_core.shell:Skip shell extension 'dsv' for command environment
[0.310s] INFO:colcon.colcon_ros.task.ament_cmake.build:Building ROS package in '/home/raghav742/SDfR/Assignments/assignment5/ros2_ws/src/relbot_launch/relbot_launch' with build type 'ament_cmake'
[0.310s] INFO:colcon.colcon_cmake.task.cmake.build:Building CMake package in '/home/raghav742/SDfR/Assignments/assignment5/ros2_ws/src/relbot_launch/relbot_launch'
[0.310s] INFO:colcon.colcon_core.shell:Skip shell extension 'powershell' for command environment: Not usable outside of PowerShell
[0.311s] DEBUG:colcon.colcon_core.shell:Skip shell extension 'dsv' for command environment
[0.311s] INFO:colcon.colcon_ros.task.ament_cmake.build:Building ROS package in '/home/raghav742/SDfR/Assignments/assignment5/ros2_ws/src/relbot_sequence_controller/relbot_sequence_controller' with build type 'ament_cmake'
[0.311s] INFO:colcon.colcon_cmake.task.cmake.build:Building CMake package in '/home/raghav742/SDfR/Assignments/assignment5/ros2_ws/src/relbot_sequence_controller/relbot_sequence_controller'
[0.312s] INFO:colcon.colcon_core.shell:Skip shell extension 'powershell' for command environment: Not usable outside of PowerShell
[0.312s] DEBUG:colcon.colcon_core.shell:Skip shell extension 'dsv' for command environment
[0.314s] DEBUG:colcon.colcon_core.event_handler.log_command:Invoking command in '/home/raghav742/SDfR/Assignments/assignment5/ros2_ws/src/build/relbot_msgs': /usr/bin/cmake /home/raghav742/SDfR/Assignments/assignment5/ros2_ws/src/relbot_msgs -DCMAKE_INSTALL_PREFIX=/home/raghav742/SDfR/Assignments/assignment5/ros2_ws/src/install/relbot_msgs
[0.317s] DEBUG:colcon.colcon_core.event_handler.log_command:Invoking command in '/home/raghav742/SDfR/Assignments/assignment5/ros2_ws/src/build/relbot2turtlesim': /usr/bin/cmake /home/raghav742/SDfR/Assignments/assignment5/ros2_ws/src/relbot2turtlesim/relbot2turtlesim -DCMAKE_INSTALL_PREFIX=/home/raghav742/SDfR/Assignments/assignment5/ros2_ws/src/install/relbot2turtlesim
[0.318s] DEBUG:colcon.colcon_core.event_handler.log_command:Invoking command in '/home/raghav742/SDfR/Assignments/assignment5/ros2_ws/src/build/relbot_adapter': /usr/bin/cmake /home/raghav742/SDfR/Assignments/assignment5/ros2_ws/src/relbot_adapter -DCMAKE_INSTALL_PREFIX=/home/raghav742/SDfR/Assignments/assignment5/ros2_ws/src/install/relbot_adapter
[0.319s] DEBUG:colcon.colcon_core.event_handler.log_command:Invoking command in '/home/raghav742/SDfR/Assignments/assignment5/ros2_ws/src/build/relbot_launch': /usr/bin/cmake /home/raghav742/SDfR/Assignments/assignment5/ros2_ws/src/relbot_launch/relbot_launch -DCMAKE_INSTALL_PREFIX=/home/raghav742/SDfR/Assignments/assignment5/ros2_ws/src/install/relbot_launch
[0.320s] DEBUG:colcon.colcon_core.event_handler.log_command:Invoking command in '/home/raghav742/SDfR/Assignments/assignment5/ros2_ws/src/build/relbot_sequence_controller': /usr/bin/cmake /home/raghav742/SDfR/Assignments/assignment5/ros2_ws/src/relbot_sequence_controller/relbot_sequence_controller -DCMAKE_INSTALL_PREFIX=/home/raghav742/SDfR/Assignments/assignment5/ros2_ws/src/install/relbot_sequence_controller
[0.674s] DEBUG:colcon.colcon_core.event_handler.log_command:Invoked command in '/home/raghav742/SDfR/Assignments/assignment5/ros2_ws/src/build/relbot_sequence_controller' returned '1': /usr/bin/cmake /home/raghav742/SDfR/Assignments/assignment5/ros2_ws/src/relbot_sequence_controller/relbot_sequence_controller -DCMAKE_INSTALL_PREFIX=/home/raghav742/SDfR/Assignments/assignment5/ros2_ws/src/install/relbot_sequence_controller
[0.680s] DEBUG:colcon.colcon_core.event_handler.log_command:Invoked command in '/home/raghav742/SDfR/Assignments/assignment5/ros2_ws/src/build/relbot2turtlesim' returned '1': /usr/bin/cmake /home/raghav742/SDfR/Assignments/assignment5/ros2_ws/src/relbot2turtlesim/relbot2turtlesim -DCMAKE_INSTALL_PREFIX=/home/raghav742/SDfR/Assignments/assignment5/ros2_ws/src/install/relbot2turtlesim
[0.681s] DEBUG:colcon.colcon_core.event_handler.log_command:Invoked command in '/home/raghav742/SDfR/Assignments/assignment5/ros2_ws/src/build/relbot_msgs' returned '1': /usr/bin/cmake /home/raghav742/SDfR/Assignments/assignment5/ros2_ws/src/relbot_msgs -DCMAKE_INSTALL_PREFIX=/home/raghav742/SDfR/Assignments/assignment5/ros2_ws/src/install/relbot_msgs
[0.683s] Level 1:colcon.colcon_core.environment:create_environment_scripts_only(relbot_sequence_controller)
[0.690s] Level 1:colcon.colcon_core.environment:checking '/home/raghav742/SDfR/Assignments/assignment5/ros2_ws/src/install/relbot_sequence_controller' for CMake module files
[0.690s] Level 1:colcon.colcon_core.environment:checking '/home/raghav742/SDfR/Assignments/assignment5/ros2_ws/src/install/relbot_sequence_controller' for CMake config files
[0.690s] Level 1:colcon.colcon_core.environment:checking '/home/raghav742/SDfR/Assignments/assignment5/ros2_ws/src/install/relbot_sequence_controller/bin'
[0.690s] Level 1:colcon.colcon_core.environment:checking '/home/raghav742/SDfR/Assignments/assignment5/ros2_ws/src/install/relbot_sequence_controller/lib/pkgconfig/relbot_sequence_controller.pc'
[0.692s] Level 1:colcon.colcon_core.environment:checking '/home/raghav742/SDfR/Assignments/assignment5/ros2_ws/src/install/relbot_sequence_controller/lib/python3.10/site-packages'
[0.692s] Level 1:colcon.colcon_core.environment:checking '/home/raghav742/SDfR/Assignments/assignment5/ros2_ws/src/install/relbot_sequence_controller/bin'
[0.692s] INFO:colcon.colcon_core.shell:Creating package script '/home/raghav742/SDfR/Assignments/assignment5/ros2_ws/src/install/relbot_sequence_controller/share/relbot_sequence_controller/package.ps1'
[0.693s] INFO:colcon.colcon_core.shell:Creating package descriptor '/home/raghav742/SDfR/Assignments/assignment5/ros2_ws/src/install/relbot_sequence_controller/share/relbot_sequence_controller/package.dsv'
[0.694s] INFO:colcon.colcon_core.shell:Creating package script '/home/raghav742/SDfR/Assignments/assignment5/ros2_ws/src/install/relbot_sequence_controller/share/relbot_sequence_controller/package.sh'
[0.694s] INFO:colcon.colcon_core.shell:Creating package script '/home/raghav742/SDfR/Assignments/assignment5/ros2_ws/src/install/relbot_sequence_controller/share/relbot_sequence_controller/package.bash'
[0.695s] INFO:colcon.colcon_core.shell:Creating package script '/home/raghav742/SDfR/Assignments/assignment5/ros2_ws/src/install/relbot_sequence_controller/share/relbot_sequence_controller/package.zsh'
[0.696s] Level 1:colcon.colcon_core.environment:create_file_with_runtime_dependencies(/home/raghav742/SDfR/Assignments/assignment5/ros2_ws/src/install/relbot_sequence_controller/share/colcon-core/packages/relbot_sequence_controller)
[0.707s] DEBUG:colcon.colcon_parallel_executor.executor.parallel:closing loop
[0.707s] DEBUG:colcon.colcon_parallel_executor.executor.parallel:loop closed
[0.707s] DEBUG:colcon.colcon_parallel_executor.executor.parallel:run_until_complete finished with '1'
[0.707s] DEBUG:colcon.colcon_core.event_reactor:joining thread
[0.712s] INFO:colcon.colcon_core.plugin_system:Skipping extension 'colcon_notification.desktop_notification.terminal_notifier': Not used on non-Darwin systems
[0.712s] INFO:colcon.colcon_core.plugin_system:Skipping extension 'colcon_notification.desktop_notification.win32': Not used on non-Windows systems
[0.712s] INFO:colcon.colcon_notification.desktop_notification:Sending desktop notification using 'notify2'
[0.725s] DEBUG:colcon.colcon_core.event_reactor:joined thread
[0.725s] INFO:colcon.colcon_core.shell:Creating prefix script '/home/raghav742/SDfR/Assignments/assignment5/ros2_ws/src/install/local_setup.ps1'
[0.726s] INFO:colcon.colcon_core.shell:Creating prefix util module '/home/raghav742/SDfR/Assignments/assignment5/ros2_ws/src/install/_local_setup_util_ps1.py'
[0.728s] INFO:colcon.colcon_core.shell:Creating prefix chain script '/home/raghav742/SDfR/Assignments/assignment5/ros2_ws/src/install/setup.ps1'
[0.729s] INFO:colcon.colcon_core.shell:Creating prefix script '/home/raghav742/SDfR/Assignments/assignment5/ros2_ws/src/install/local_setup.sh'
[0.729s] INFO:colcon.colcon_core.shell:Creating prefix util module '/home/raghav742/SDfR/Assignments/assignment5/ros2_ws/src/install/_local_setup_util_sh.py'
[0.730s] INFO:colcon.colcon_core.shell:Creating prefix chain script '/home/raghav742/SDfR/Assignments/assignment5/ros2_ws/src/install/setup.sh'
[0.730s] INFO:colcon.colcon_core.shell:Creating prefix script '/home/raghav742/SDfR/Assignments/assignment5/ros2_ws/src/install/local_setup.bash'
[0.731s] INFO:colcon.colcon_core.shell:Creating prefix chain script '/home/raghav742/SDfR/Assignments/assignment5/ros2_ws/src/install/setup.bash'
[0.732s] INFO:colcon.colcon_core.shell:Creating prefix script '/home/raghav742/SDfR/Assignments/assignment5/ros2_ws/src/install/local_setup.zsh'
[0.743s] INFO:colcon.colcon_core.shell:Creating prefix chain script '/home/raghav742/SDfR/Assignments/assignment5/ros2_ws/src/install/setup.zsh'
