[0.009s] Invoking command in '/home/srik/ros_ubuntu/ros2_ws/build/relbot_launch': CMAKE_PREFIX_PATH=${CMAKE_PREFIX_PATH}:/opt/ros/humble DEBUGINFOD_URLS=https://debuginfod.archlinux.org https://debuginfod.cachyos.org /usr/bin/cmake /home/srik/ros_ubuntu/ros2_ws/src/relbot_launch/relbot_launch -DCMAKE_INSTALL_PREFIX=/home/srik/ros_ubuntu/ros2_ws/install/relbot_launch
[0.031s] -- The C compiler identification is GNU 11.4.0
[0.062s] -- The CXX compiler identification is GNU 11.4.0
[0.066s] -- Detecting C compiler ABI info
[0.102s] -- Detecting C compiler ABI info - done
[0.107s] -- Check for working C compiler: /usr/bin/cc - skipped
[0.107s] -- Detecting C compile features
[0.107s] -- Detecting C compile features - done
[0.110s] -- Detecting CXX compiler ABI info
[0.152s] -- Detecting CXX compiler ABI info - done
[0.157s] -- Check for working CXX compiler: /usr/bin/c++ - skipped
[0.157s] -- Detecting CXX compile features
[0.157s] -- Detecting CXX compile features - done
[0.159s] -- Found ament_cmake: 1.3.13 (/opt/ros/humble/share/ament_cmake/cmake)
[0.239s] -- Found Python3: /usr/bin/python3 (found version "3.10.12") found components: Interpreter 
[0.284s] -- Found ament_lint_auto: 0.12.15 (/opt/ros/humble/share/ament_lint_auto/cmake)
[0.327s] -- Added test 'flake8' to check Python code syntax and style conventions
[0.327s] -- Added test 'lint_cmake' to check CMake code style
[0.328s] -- Added test 'pep257' to check Python code against some of the docstring style conventions in PEP 257
[0.328s] -- Added test 'xmllint' to check XML markup files
[0.329s] -- Configuring done
[0.330s] -- Generating done
[0.331s] -- Build files have been written to: /home/srik/ros_ubuntu/ros2_ws/build/relbot_launch
[0.335s] Invoked command in '/home/srik/ros_ubuntu/ros2_ws/build/relbot_launch' returned '0': CMAKE_PREFIX_PATH=${CMAKE_PREFIX_PATH}:/opt/ros/humble DEBUGINFOD_URLS=https://debuginfod.archlinux.org https://debuginfod.cachyos.org /usr/bin/cmake /home/srik/ros_ubuntu/ros2_ws/src/relbot_launch/relbot_launch -DCMAKE_INSTALL_PREFIX=/home/srik/ros_ubuntu/ros2_ws/install/relbot_launch
[0.335s] Invoking command in '/home/srik/ros_ubuntu/ros2_ws/build/relbot_launch': CMAKE_PREFIX_PATH=${CMAKE_PREFIX_PATH}:/opt/ros/humble DEBUGINFOD_URLS=https://debuginfod.archlinux.org https://debuginfod.cachyos.org /usr/bin/cmake --build /home/srik/ros_ubuntu/ros2_ws/build/relbot_launch -- -j32 -l32
[0.353s] Invoked command in '/home/srik/ros_ubuntu/ros2_ws/build/relbot_launch' returned '0': CMAKE_PREFIX_PATH=${CMAKE_PREFIX_PATH}:/opt/ros/humble DEBUGINFOD_URLS=https://debuginfod.archlinux.org https://debuginfod.cachyos.org /usr/bin/cmake --build /home/srik/ros_ubuntu/ros2_ws/build/relbot_launch -- -j32 -l32
[0.353s] Invoking command in '/home/srik/ros_ubuntu/ros2_ws/build/relbot_launch': CMAKE_PREFIX_PATH=${CMAKE_PREFIX_PATH}:/opt/ros/humble DEBUGINFOD_URLS=https://debuginfod.archlinux.org https://debuginfod.cachyos.org /usr/bin/cmake --install /home/srik/ros_ubuntu/ros2_ws/build/relbot_launch
[0.355s] -- Install configuration: ""
[0.356s] -- Installing: /home/srik/ros_ubuntu/ros2_ws/install/relbot_launch/share/relbot_launch//launch
[0.356s] -- Installing: /home/srik/ros_ubuntu/ros2_ws/install/relbot_launch/share/relbot_launch//launch/relbot_to_turtle.launch.py
[0.356s] -- Installing: /home/srik/ros_ubuntu/ros2_ws/install/relbot_launch/share/relbot_launch//launch/relbot_sequence_controller.launch.py
[0.356s] -- Installing: /home/srik/ros_ubuntu/ros2_ws/install/relbot_launch/share/relbot_launch//launch/relbot_system.launch.py
[0.356s] -- Installing: /home/srik/ros_ubuntu/ros2_ws/install/relbot_launch/share/relbot_launch//launch/relbot_system_joystick.launch.py
[0.356s] -- Installing: /home/srik/ros_ubuntu/ros2_ws/install/relbot_launch/share/ament_index/resource_index/package_run_dependencies/relbot_launch
[0.357s] -- Installing: /home/srik/ros_ubuntu/ros2_ws/install/relbot_launch/share/ament_index/resource_index/parent_prefix_path/relbot_launch
[0.357s] -- Installing: /home/srik/ros_ubuntu/ros2_ws/install/relbot_launch/share/relbot_launch/environment/ament_prefix_path.sh
[0.357s] -- Installing: /home/srik/ros_ubuntu/ros2_ws/install/relbot_launch/share/relbot_launch/environment/ament_prefix_path.dsv
[0.357s] -- Installing: /home/srik/ros_ubuntu/ros2_ws/install/relbot_launch/share/relbot_launch/environment/path.sh
[0.357s] -- Installing: /home/srik/ros_ubuntu/ros2_ws/install/relbot_launch/share/relbot_launch/environment/path.dsv
[0.357s] -- Installing: /home/srik/ros_ubuntu/ros2_ws/install/relbot_launch/share/relbot_launch/local_setup.bash
[0.358s] -- Installing: /home/srik/ros_ubuntu/ros2_ws/install/relbot_launch/share/relbot_launch/local_setup.sh
[0.359s] -- Installing: /home/srik/ros_ubuntu/ros2_ws/install/relbot_launch/share/relbot_launch/local_setup.zsh
[0.361s] -- Installing: /home/srik/ros_ubuntu/ros2_ws/install/relbot_launch/share/relbot_launch/local_setup.dsv
[0.362s] -- Installing: /home/srik/ros_ubuntu/ros2_ws/install/relbot_launch/share/relbot_launch/package.dsv
[0.364s] -- Installing: /home/srik/ros_ubuntu/ros2_ws/install/relbot_launch/share/ament_index/resource_index/packages/relbot_launch
[0.365s] -- Installing: /home/srik/ros_ubuntu/ros2_ws/install/relbot_launch/share/relbot_launch/cmake/relbot_launchConfig.cmake
[0.365s] -- Installing: /home/srik/ros_ubuntu/ros2_ws/install/relbot_launch/share/relbot_launch/cmake/relbot_launchConfig-version.cmake
[0.365s] -- Installing: /home/srik/ros_ubuntu/ros2_ws/install/relbot_launch/share/relbot_launch/package.xml
[0.365s] Invoked command in '/home/srik/ros_ubuntu/ros2_ws/build/relbot_launch' returned '0': CMAKE_PREFIX_PATH=${CMAKE_PREFIX_PATH}:/opt/ros/humble DEBUGINFOD_URLS=https://debuginfod.archlinux.org https://debuginfod.cachyos.org /usr/bin/cmake --install /home/srik/ros_ubuntu/ros2_ws/build/relbot_launch
