[0.065s] Invoking command in '/home/sdfr-ppd-16/SfDR-code/assignment6/ros2_ws/build/xrf2_msgs': CMAKE_PREFIX_PATH=${CMAKE_PREFIX_PATH}:/opt/ros/humble /usr/bin/cmake --build /home/sdfr-ppd-16/SfDR-code/assignment6/ros2_ws/build/xrf2_msgs -- -j3 -l3
[0.305s] [ 10%] Built target xrf2_msgs__rosidl_generator_c
[0.329s] [ 12%] Built target xrf2_msgs__cpp
[0.397s] [ 12%] Built target ament_cmake_python_copy_xrf2_msgs
[0.477s] [ 23%] Built target xrf2_msgs__rosidl_typesupport_fastrtps_c
[0.514s] [ 33%] Built target xrf2_msgs__rosidl_typesupport_introspection_c
[0.548s] [ 43%] Built target xrf2_msgs__rosidl_typesupport_c
[0.637s] [ 53%] Built target xrf2_msgs__rosidl_typesupport_fastrtps_cpp
[0.660s] [ 64%] Built target xrf2_msgs__rosidl_typesupport_introspection_cpp
[0.810s] [ 74%] Built target xrf2_msgs__rosidl_typesupport_cpp
[0.945s] [ 74%] Built target xrf2_msgs
[1.038s] [ 76%] Built target xrf2_msgs__py
[1.204s] [ 84%] Built target xrf2_msgs__rosidl_generator_py
[1.350s] [ 89%] Built target xrf2_msgs__rosidl_typesupport_fastrtps_c__pyext
[1.358s] [ 94%] Built target xrf2_msgs__rosidl_typesupport_introspection_c__pyext
[1.534s] [100%] Built target xrf2_msgs__rosidl_typesupport_c__pyext
[2.143s] running egg_info
[2.146s] writing xrf2_msgs.egg-info/PKG-INFO
[2.151s] writing dependency_links to xrf2_msgs.egg-info/dependency_links.txt
[2.152s] writing top-level names to xrf2_msgs.egg-info/top_level.txt
[2.165s] reading manifest file 'xrf2_msgs.egg-info/SOURCES.txt'
[2.168s] writing manifest file 'xrf2_msgs.egg-info/SOURCES.txt'
[2.310s] [100%] Built target ament_cmake_python_build_xrf2_msgs_egg
[2.351s] Invoked command in '/home/sdfr-ppd-16/SfDR-code/assignment6/ros2_ws/build/xrf2_msgs' returned '0': CMAKE_PREFIX_PATH=${CMAKE_PREFIX_PATH}:/opt/ros/humble /usr/bin/cmake --build /home/sdfr-ppd-16/SfDR-code/assignment6/ros2_ws/build/xrf2_msgs -- -j3 -l3
[2.354s] Invoking command in '/home/sdfr-ppd-16/SfDR-code/assignment6/ros2_ws/build/xrf2_msgs': CMAKE_PREFIX_PATH=${CMAKE_PREFIX_PATH}:/opt/ros/humble /usr/bin/cmake --install /home/sdfr-ppd-16/SfDR-code/assignment6/ros2_ws/build/xrf2_msgs
[2.396s] -- Install configuration: ""
[2.399s] -- Up-to-date: /home/sdfr-ppd-16/SfDR-code/assignment6/ros2_ws/install/xrf2_msgs/share/ament_index/resource_index/rosidl_interfaces/xrf2_msgs
[2.402s] -- Up-to-date: /home/sdfr-ppd-16/SfDR-code/assignment6/ros2_ws/install/xrf2_msgs/include/xrf2_msgs/xrf2_msgs
[2.405s] -- Up-to-date: /home/sdfr-ppd-16/SfDR-code/assignment6/ros2_ws/install/xrf2_msgs/include/xrf2_msgs/xrf2_msgs/msg
[2.407s] -- Up-to-date: /home/sdfr-ppd-16/SfDR-code/assignment6/ros2_ws/install/xrf2_msgs/include/xrf2_msgs/xrf2_msgs/msg/rosidl_generator_c__visibility_control.h
[2.418s] -- Up-to-date: /home/sdfr-ppd-16/SfDR-code/assignment6/ros2_ws/install/xrf2_msgs/include/xrf2_msgs/xrf2_msgs/msg/xeno2_ros.h
[2.421s] -- Up-to-date: /home/sdfr-ppd-16/SfDR-code/assignment6/ros2_ws/install/xrf2_msgs/include/xrf2_msgs/xrf2_msgs/msg/detail
[2.423s] -- Up-to-date: /home/sdfr-ppd-16/SfDR-code/assignment6/ros2_ws/install/xrf2_msgs/include/xrf2_msgs/xrf2_msgs/msg/detail/ros2_xeno__functions.h
[2.424s] -- Up-to-date: /home/sdfr-ppd-16/SfDR-code/assignment6/ros2_ws/install/xrf2_msgs/include/xrf2_msgs/xrf2_msgs/msg/detail/xeno2_ros__type_support.h
[2.426s] -- Up-to-date: /home/sdfr-ppd-16/SfDR-code/assignment6/ros2_ws/install/xrf2_msgs/include/xrf2_msgs/xrf2_msgs/msg/detail/ros2_xeno__functions.c
[2.428s] -- Up-to-date: /home/sdfr-ppd-16/SfDR-code/assignment6/ros2_ws/install/xrf2_msgs/include/xrf2_msgs/xrf2_msgs/msg/detail/ros2_xeno__type_support.h
[2.441s] -- Up-to-date: /home/sdfr-ppd-16/SfDR-code/assignment6/ros2_ws/install/xrf2_msgs/include/xrf2_msgs/xrf2_msgs/msg/detail/xeno2_ros__functions.h
[2.443s] -- Up-to-date: /home/sdfr-ppd-16/SfDR-code/assignment6/ros2_ws/install/xrf2_msgs/include/xrf2_msgs/xrf2_msgs/msg/detail/xeno2_ros__struct.h
[2.446s] -- Up-to-date: /home/sdfr-ppd-16/SfDR-code/assignment6/ros2_ws/install/xrf2_msgs/include/xrf2_msgs/xrf2_msgs/msg/detail/xeno2_ros__functions.c
[2.448s] -- Up-to-date: /home/sdfr-ppd-16/SfDR-code/assignment6/ros2_ws/install/xrf2_msgs/include/xrf2_msgs/xrf2_msgs/msg/detail/ros2_xeno__struct.h
[2.450s] -- Up-to-date: /home/sdfr-ppd-16/SfDR-code/assignment6/ros2_ws/install/xrf2_msgs/include/xrf2_msgs/xrf2_msgs/msg/ros2_xeno.h
[2.452s] -- Up-to-date: /home/sdfr-ppd-16/SfDR-code/assignment6/ros2_ws/install/xrf2_msgs/share/xrf2_msgs/environment/library_path.sh
[2.454s] -- Up-to-date: /home/sdfr-ppd-16/SfDR-code/assignment6/ros2_ws/install/xrf2_msgs/share/xrf2_msgs/environment/library_path.dsv
[2.455s] -- Up-to-date: /home/sdfr-ppd-16/SfDR-code/assignment6/ros2_ws/install/xrf2_msgs/lib/libxrf2_msgs__rosidl_generator_c.so
[2.457s] -- Up-to-date: /home/sdfr-ppd-16/SfDR-code/assignment6/ros2_ws/install/xrf2_msgs/include/xrf2_msgs/xrf2_msgs
[2.479s] -- Up-to-date: /home/sdfr-ppd-16/SfDR-code/assignment6/ros2_ws/install/xrf2_msgs/include/xrf2_msgs/xrf2_msgs/msg
[2.481s] -- Up-to-date: /home/sdfr-ppd-16/SfDR-code/assignment6/ros2_ws/install/xrf2_msgs/include/xrf2_msgs/xrf2_msgs/msg/detail
[2.483s] -- Up-to-date: /home/sdfr-ppd-16/SfDR-code/assignment6/ros2_ws/install/xrf2_msgs/include/xrf2_msgs/xrf2_msgs/msg/detail/xeno2_ros__rosidl_typesupport_fastrtps_c.h
[2.484s] -- Up-to-date: /home/sdfr-ppd-16/SfDR-code/assignment6/ros2_ws/install/xrf2_msgs/include/xrf2_msgs/xrf2_msgs/msg/detail/ros2_xeno__rosidl_typesupport_fastrtps_c.h
[2.492s] -- Up-to-date: /home/sdfr-ppd-16/SfDR-code/assignment6/ros2_ws/install/xrf2_msgs/include/xrf2_msgs/xrf2_msgs/msg/rosidl_typesupport_fastrtps_c__visibility_control.h
[2.494s] -- Up-to-date: /home/sdfr-ppd-16/SfDR-code/assignment6/ros2_ws/install/xrf2_msgs/lib/libxrf2_msgs__rosidl_typesupport_fastrtps_c.so
[2.496s] -- Up-to-date: /home/sdfr-ppd-16/SfDR-code/assignment6/ros2_ws/install/xrf2_msgs/include/xrf2_msgs/xrf2_msgs
[2.497s] -- Up-to-date: /home/sdfr-ppd-16/SfDR-code/assignment6/ros2_ws/install/xrf2_msgs/include/xrf2_msgs/xrf2_msgs/msg
[2.505s] -- Up-to-date: /home/sdfr-ppd-16/SfDR-code/assignment6/ros2_ws/install/xrf2_msgs/include/xrf2_msgs/xrf2_msgs/msg/rosidl_typesupport_introspection_c__visibility_control.h
[2.519s] -- Up-to-date: /home/sdfr-ppd-16/SfDR-code/assignment6/ros2_ws/install/xrf2_msgs/include/xrf2_msgs/xrf2_msgs/msg/detail
[2.521s] -- Up-to-date: /home/sdfr-ppd-16/SfDR-code/assignment6/ros2_ws/install/xrf2_msgs/include/xrf2_msgs/xrf2_msgs/msg/detail/xeno2_ros__type_support.c
[2.523s] -- Up-to-date: /home/sdfr-ppd-16/SfDR-code/assignment6/ros2_ws/install/xrf2_msgs/include/xrf2_msgs/xrf2_msgs/msg/detail/ros2_xeno__type_support.c
[2.524s] -- Up-to-date: /home/sdfr-ppd-16/SfDR-code/assignment6/ros2_ws/install/xrf2_msgs/include/xrf2_msgs/xrf2_msgs/msg/detail/xeno2_ros__rosidl_typesupport_introspection_c.h
[2.526s] -- Up-to-date: /home/sdfr-ppd-16/SfDR-code/assignment6/ros2_ws/install/xrf2_msgs/include/xrf2_msgs/xrf2_msgs/msg/detail/ros2_xeno__rosidl_typesupport_introspection_c.h
[2.527s] -- Up-to-date: /home/sdfr-ppd-16/SfDR-code/assignment6/ros2_ws/install/xrf2_msgs/lib/libxrf2_msgs__rosidl_typesupport_introspection_c.so
[2.547s] -- Up-to-date: /home/sdfr-ppd-16/SfDR-code/assignment6/ros2_ws/install/xrf2_msgs/lib/libxrf2_msgs__rosidl_typesupport_c.so
[2.551s] -- Up-to-date: /home/sdfr-ppd-16/SfDR-code/assignment6/ros2_ws/install/xrf2_msgs/include/xrf2_msgs/xrf2_msgs
[2.553s] -- Up-to-date: /home/sdfr-ppd-16/SfDR-code/assignment6/ros2_ws/install/xrf2_msgs/include/xrf2_msgs/xrf2_msgs/msg
[2.556s] -- Up-to-date: /home/sdfr-ppd-16/SfDR-code/assignment6/ros2_ws/install/xrf2_msgs/include/xrf2_msgs/xrf2_msgs/msg/xeno2_ros.hpp
[2.558s] -- Up-to-date: /home/sdfr-ppd-16/SfDR-code/assignment6/ros2_ws/install/xrf2_msgs/include/xrf2_msgs/xrf2_msgs/msg/detail
[2.559s] -- Up-to-date: /home/sdfr-ppd-16/SfDR-code/assignment6/ros2_ws/install/xrf2_msgs/include/xrf2_msgs/xrf2_msgs/msg/detail/xeno2_ros__traits.hpp
[2.563s] -- Up-to-date: /home/sdfr-ppd-16/SfDR-code/assignment6/ros2_ws/install/xrf2_msgs/include/xrf2_msgs/xrf2_msgs/msg/detail/xeno2_ros__struct.hpp
[2.565s] -- Up-to-date: /home/sdfr-ppd-16/SfDR-code/assignment6/ros2_ws/install/xrf2_msgs/include/xrf2_msgs/xrf2_msgs/msg/detail/xeno2_ros__type_support.hpp
[2.567s] -- Up-to-date: /home/sdfr-ppd-16/SfDR-code/assignment6/ros2_ws/install/xrf2_msgs/include/xrf2_msgs/xrf2_msgs/msg/detail/ros2_xeno__struct.hpp
[2.569s] -- Up-to-date: /home/sdfr-ppd-16/SfDR-code/assignment6/ros2_ws/install/xrf2_msgs/include/xrf2_msgs/xrf2_msgs/msg/detail/xeno2_ros__builder.hpp
[2.571s] -- Up-to-date: /home/sdfr-ppd-16/SfDR-code/assignment6/ros2_ws/install/xrf2_msgs/include/xrf2_msgs/xrf2_msgs/msg/detail/ros2_xeno__type_support.hpp
[2.576s] -- Up-to-date: /home/sdfr-ppd-16/SfDR-code/assignment6/ros2_ws/install/xrf2_msgs/include/xrf2_msgs/xrf2_msgs/msg/detail/ros2_xeno__builder.hpp
[2.578s] -- Up-to-date: /home/sdfr-ppd-16/SfDR-code/assignment6/ros2_ws/install/xrf2_msgs/include/xrf2_msgs/xrf2_msgs/msg/detail/ros2_xeno__traits.hpp
[2.581s] -- Up-to-date: /home/sdfr-ppd-16/SfDR-code/assignment6/ros2_ws/install/xrf2_msgs/include/xrf2_msgs/xrf2_msgs/msg/rosidl_generator_cpp__visibility_control.hpp
[2.584s] -- Up-to-date: /home/sdfr-ppd-16/SfDR-code/assignment6/ros2_ws/install/xrf2_msgs/include/xrf2_msgs/xrf2_msgs/msg/ros2_xeno.hpp
[2.586s] -- Up-to-date: /home/sdfr-ppd-16/SfDR-code/assignment6/ros2_ws/install/xrf2_msgs/include/xrf2_msgs/xrf2_msgs
[2.588s] -- Up-to-date: /home/sdfr-ppd-16/SfDR-code/assignment6/ros2_ws/install/xrf2_msgs/include/xrf2_msgs/xrf2_msgs/msg
[2.591s] -- Up-to-date: /home/sdfr-ppd-16/SfDR-code/assignment6/ros2_ws/install/xrf2_msgs/include/xrf2_msgs/xrf2_msgs/msg/detail
[2.593s] -- Up-to-date: /home/sdfr-ppd-16/SfDR-code/assignment6/ros2_ws/install/xrf2_msgs/include/xrf2_msgs/xrf2_msgs/msg/detail/dds_fastrtps
[2.596s] -- Up-to-date: /home/sdfr-ppd-16/SfDR-code/assignment6/ros2_ws/install/xrf2_msgs/include/xrf2_msgs/xrf2_msgs/msg/detail/ros2_xeno__rosidl_typesupport_fastrtps_cpp.hpp
[2.598s] -- Up-to-date: /home/sdfr-ppd-16/SfDR-code/assignment6/ros2_ws/install/xrf2_msgs/include/xrf2_msgs/xrf2_msgs/msg/detail/xeno2_ros__rosidl_typesupport_fastrtps_cpp.hpp
[2.600s] -- Up-to-date: /home/sdfr-ppd-16/SfDR-code/assignment6/ros2_ws/install/xrf2_msgs/include/xrf2_msgs/xrf2_msgs/msg/rosidl_typesupport_fastrtps_cpp__visibility_control.h
[2.602s] -- Up-to-date: /home/sdfr-ppd-16/SfDR-code/assignment6/ros2_ws/install/xrf2_msgs/lib/libxrf2_msgs__rosidl_typesupport_fastrtps_cpp.so
[2.605s] -- Up-to-date: /home/sdfr-ppd-16/SfDR-code/assignment6/ros2_ws/install/xrf2_msgs/include/xrf2_msgs/xrf2_msgs
[2.607s] -- Up-to-date: /home/sdfr-ppd-16/SfDR-code/assignment6/ros2_ws/install/xrf2_msgs/include/xrf2_msgs/xrf2_msgs/msg
[2.609s] -- Up-to-date: /home/sdfr-ppd-16/SfDR-code/assignment6/ros2_ws/install/xrf2_msgs/include/xrf2_msgs/xrf2_msgs/msg/detail
[2.610s] -- Up-to-date: /home/sdfr-ppd-16/SfDR-code/assignment6/ros2_ws/install/xrf2_msgs/include/xrf2_msgs/xrf2_msgs/msg/detail/ros2_xeno__rosidl_typesupport_introspection_cpp.hpp
[2.612s] -- Up-to-date: /home/sdfr-ppd-16/SfDR-code/assignment6/ros2_ws/install/xrf2_msgs/include/xrf2_msgs/xrf2_msgs/msg/detail/xeno2_ros__rosidl_typesupport_introspection_cpp.hpp
[2.615s] -- Up-to-date: /home/sdfr-ppd-16/SfDR-code/assignment6/ros2_ws/install/xrf2_msgs/include/xrf2_msgs/xrf2_msgs/msg/detail/ros2_xeno__type_support.cpp
[2.617s] -- Up-to-date: /home/sdfr-ppd-16/SfDR-code/assignment6/ros2_ws/install/xrf2_msgs/include/xrf2_msgs/xrf2_msgs/msg/detail/xeno2_ros__type_support.cpp
[2.620s] -- Up-to-date: /home/sdfr-ppd-16/SfDR-code/assignment6/ros2_ws/install/xrf2_msgs/lib/libxrf2_msgs__rosidl_typesupport_introspection_cpp.so
[2.650s] -- Up-to-date: /home/sdfr-ppd-16/SfDR-code/assignment6/ros2_ws/install/xrf2_msgs/lib/libxrf2_msgs__rosidl_typesupport_cpp.so
[2.654s] -- Up-to-date: /home/sdfr-ppd-16/SfDR-code/assignment6/ros2_ws/install/xrf2_msgs/share/xrf2_msgs/environment/pythonpath.sh
[2.655s] -- Up-to-date: /home/sdfr-ppd-16/SfDR-code/assignment6/ros2_ws/install/xrf2_msgs/share/xrf2_msgs/environment/pythonpath.dsv
[2.658s] -- Up-to-date: /home/sdfr-ppd-16/SfDR-code/assignment6/ros2_ws/install/xrf2_msgs/local/lib/python3.10/dist-packages/xrf2_msgs-0.0.0-py3.10.egg-info
[2.659s] -- Installing: /home/sdfr-ppd-16/SfDR-code/assignment6/ros2_ws/install/xrf2_msgs/local/lib/python3.10/dist-packages/xrf2_msgs-0.0.0-py3.10.egg-info/dependency_links.txt
[2.661s] -- Installing: /home/sdfr-ppd-16/SfDR-code/assignment6/ros2_ws/install/xrf2_msgs/local/lib/python3.10/dist-packages/xrf2_msgs-0.0.0-py3.10.egg-info/PKG-INFO
[2.663s] -- Installing: /home/sdfr-ppd-16/SfDR-code/assignment6/ros2_ws/install/xrf2_msgs/local/lib/python3.10/dist-packages/xrf2_msgs-0.0.0-py3.10.egg-info/SOURCES.txt
[2.664s] -- Installing: /home/sdfr-ppd-16/SfDR-code/assignment6/ros2_ws/install/xrf2_msgs/local/lib/python3.10/dist-packages/xrf2_msgs-0.0.0-py3.10.egg-info/top_level.txt
[2.688s] -- Up-to-date: /home/sdfr-ppd-16/SfDR-code/assignment6/ros2_ws/install/xrf2_msgs/local/lib/python3.10/dist-packages/xrf2_msgs
[2.691s] -- Up-to-date: /home/sdfr-ppd-16/SfDR-code/assignment6/ros2_ws/install/xrf2_msgs/local/lib/python3.10/dist-packages/xrf2_msgs/_xrf2_msgs_s.ep.rosidl_typesupport_introspection_c.c
[2.715s] -- Up-to-date: /home/sdfr-ppd-16/SfDR-code/assignment6/ros2_ws/install/xrf2_msgs/local/lib/python3.10/dist-packages/xrf2_msgs/xrf2_msgs_s__rosidl_typesupport_fastrtps_c.cpython-310-aarch64-linux-gnu.so
[2.716s] -- Up-to-date: /home/sdfr-ppd-16/SfDR-code/assignment6/ros2_ws/install/xrf2_msgs/local/lib/python3.10/dist-packages/xrf2_msgs/_xrf2_msgs_s.ep.rosidl_typesupport_c.c
[2.718s] -- Up-to-date: /home/sdfr-ppd-16/SfDR-code/assignment6/ros2_ws/install/xrf2_msgs/local/lib/python3.10/dist-packages/xrf2_msgs/xrf2_msgs_s__rosidl_typesupport_introspection_c.cpython-310-aarch64-linux-gnu.so
[2.719s] -- Up-to-date: /home/sdfr-ppd-16/SfDR-code/assignment6/ros2_ws/install/xrf2_msgs/local/lib/python3.10/dist-packages/xrf2_msgs/msg
[2.721s] -- Up-to-date: /home/sdfr-ppd-16/SfDR-code/assignment6/ros2_ws/install/xrf2_msgs/local/lib/python3.10/dist-packages/xrf2_msgs/msg/_ros2_xeno_s.c
[2.723s] -- Up-to-date: /home/sdfr-ppd-16/SfDR-code/assignment6/ros2_ws/install/xrf2_msgs/local/lib/python3.10/dist-packages/xrf2_msgs/msg/_xeno2_ros.py
[2.725s] -- Up-to-date: /home/sdfr-ppd-16/SfDR-code/assignment6/ros2_ws/install/xrf2_msgs/local/lib/python3.10/dist-packages/xrf2_msgs/msg/_xeno2_ros_s.c
[2.738s] -- Up-to-date: /home/sdfr-ppd-16/SfDR-code/assignment6/ros2_ws/install/xrf2_msgs/local/lib/python3.10/dist-packages/xrf2_msgs/msg/__init__.py
[2.740s] -- Up-to-date: /home/sdfr-ppd-16/SfDR-code/assignment6/ros2_ws/install/xrf2_msgs/local/lib/python3.10/dist-packages/xrf2_msgs/msg/_ros2_xeno.py
[2.744s] -- Up-to-date: /home/sdfr-ppd-16/SfDR-code/assignment6/ros2_ws/install/xrf2_msgs/local/lib/python3.10/dist-packages/xrf2_msgs/xrf2_msgs_s__rosidl_typesupport_c.cpython-310-aarch64-linux-gnu.so
[2.745s] -- Up-to-date: /home/sdfr-ppd-16/SfDR-code/assignment6/ros2_ws/install/xrf2_msgs/local/lib/python3.10/dist-packages/xrf2_msgs/__init__.py
[2.746s] -- Up-to-date: /home/sdfr-ppd-16/SfDR-code/assignment6/ros2_ws/install/xrf2_msgs/local/lib/python3.10/dist-packages/xrf2_msgs/libxrf2_msgs__rosidl_generator_py.so
[2.748s] -- Up-to-date: /home/sdfr-ppd-16/SfDR-code/assignment6/ros2_ws/install/xrf2_msgs/local/lib/python3.10/dist-packages/xrf2_msgs/_xrf2_msgs_s.ep.rosidl_typesupport_fastrtps_c.c
[2.753s] Listing '/home/sdfr-ppd-16/SfDR-code/assignment6/ros2_ws/install/xrf2_msgs/local/lib/python3.10/dist-packages/xrf2_msgs'...
[2.755s] Listing '/home/sdfr-ppd-16/SfDR-code/assignment6/ros2_ws/install/xrf2_msgs/local/lib/python3.10/dist-packages/xrf2_msgs/msg'...
[2.784s] -- Up-to-date: /home/sdfr-ppd-16/SfDR-code/assignment6/ros2_ws/install/xrf2_msgs/local/lib/python3.10/dist-packages/xrf2_msgs/xrf2_msgs_s__rosidl_typesupport_fastrtps_c.cpython-310-aarch64-linux-gnu.so
[2.785s] -- Up-to-date: /home/sdfr-ppd-16/SfDR-code/assignment6/ros2_ws/install/xrf2_msgs/local/lib/python3.10/dist-packages/xrf2_msgs/xrf2_msgs_s__rosidl_typesupport_introspection_c.cpython-310-aarch64-linux-gnu.so
[2.787s] -- Up-to-date: /home/sdfr-ppd-16/SfDR-code/assignment6/ros2_ws/install/xrf2_msgs/local/lib/python3.10/dist-packages/xrf2_msgs/xrf2_msgs_s__rosidl_typesupport_c.cpython-310-aarch64-linux-gnu.so
[2.788s] -- Up-to-date: /home/sdfr-ppd-16/SfDR-code/assignment6/ros2_ws/install/xrf2_msgs/lib/libxrf2_msgs__rosidl_generator_py.so
[2.803s] -- Up-to-date: /home/sdfr-ppd-16/SfDR-code/assignment6/ros2_ws/install/xrf2_msgs/share/xrf2_msgs/msg/Ros2Xeno.idl
[2.805s] -- Up-to-date: /home/sdfr-ppd-16/SfDR-code/assignment6/ros2_ws/install/xrf2_msgs/share/xrf2_msgs/msg/Xeno2Ros.idl
[2.806s] -- Up-to-date: /home/sdfr-ppd-16/SfDR-code/assignment6/ros2_ws/install/xrf2_msgs/share/xrf2_msgs/msg/Ros2Xeno.msg
[2.807s] -- Up-to-date: /home/sdfr-ppd-16/SfDR-code/assignment6/ros2_ws/install/xrf2_msgs/share/xrf2_msgs/msg/Xeno2Ros.msg
[2.809s] -- Up-to-date: /home/sdfr-ppd-16/SfDR-code/assignment6/ros2_ws/install/xrf2_msgs/share/ament_index/resource_index/package_run_dependencies/xrf2_msgs
[2.818s] -- Up-to-date: /home/sdfr-ppd-16/SfDR-code/assignment6/ros2_ws/install/xrf2_msgs/share/ament_index/resource_index/parent_prefix_path/xrf2_msgs
[2.820s] -- Up-to-date: /home/sdfr-ppd-16/SfDR-code/assignment6/ros2_ws/install/xrf2_msgs/share/xrf2_msgs/environment/ament_prefix_path.sh
[2.821s] -- Up-to-date: /home/sdfr-ppd-16/SfDR-code/assignment6/ros2_ws/install/xrf2_msgs/share/xrf2_msgs/environment/ament_prefix_path.dsv
[2.822s] -- Up-to-date: /home/sdfr-ppd-16/SfDR-code/assignment6/ros2_ws/install/xrf2_msgs/share/xrf2_msgs/environment/path.sh
[2.832s] -- Up-to-date: /home/sdfr-ppd-16/SfDR-code/assignment6/ros2_ws/install/xrf2_msgs/share/xrf2_msgs/environment/path.dsv
[2.852s] -- Up-to-date: /home/sdfr-ppd-16/SfDR-code/assignment6/ros2_ws/install/xrf2_msgs/share/xrf2_msgs/local_setup.bash
[2.893s] -- Up-to-date: /home/sdfr-ppd-16/SfDR-code/assignment6/ros2_ws/install/xrf2_msgs/share/xrf2_msgs/local_setup.sh
[2.896s] -- Up-to-date: /home/sdfr-ppd-16/SfDR-code/assignment6/ros2_ws/install/xrf2_msgs/share/xrf2_msgs/local_setup.zsh
[2.899s] -- Up-to-date: /home/sdfr-ppd-16/SfDR-code/assignment6/ros2_ws/install/xrf2_msgs/share/xrf2_msgs/local_setup.dsv
[2.901s] -- Installing: /home/sdfr-ppd-16/SfDR-code/assignment6/ros2_ws/install/xrf2_msgs/share/xrf2_msgs/package.dsv
[2.927s] -- Up-to-date: /home/sdfr-ppd-16/SfDR-code/assignment6/ros2_ws/install/xrf2_msgs/share/ament_index/resource_index/packages/xrf2_msgs
[2.930s] -- Up-to-date: /home/sdfr-ppd-16/SfDR-code/assignment6/ros2_ws/install/xrf2_msgs/share/xrf2_msgs/cmake/export_xrf2_msgs__rosidl_generator_cExport.cmake
[2.933s] -- Up-to-date: /home/sdfr-ppd-16/SfDR-code/assignment6/ros2_ws/install/xrf2_msgs/share/xrf2_msgs/cmake/export_xrf2_msgs__rosidl_generator_cExport-noconfig.cmake
[2.935s] -- Up-to-date: /home/sdfr-ppd-16/SfDR-code/assignment6/ros2_ws/install/xrf2_msgs/share/xrf2_msgs/cmake/export_xrf2_msgs__rosidl_typesupport_fastrtps_cExport.cmake
[2.939s] -- Up-to-date: /home/sdfr-ppd-16/SfDR-code/assignment6/ros2_ws/install/xrf2_msgs/share/xrf2_msgs/cmake/export_xrf2_msgs__rosidl_typesupport_fastrtps_cExport-noconfig.cmake
[2.941s] -- Up-to-date: /home/sdfr-ppd-16/SfDR-code/assignment6/ros2_ws/install/xrf2_msgs/share/xrf2_msgs/cmake/xrf2_msgs__rosidl_typesupport_introspection_cExport.cmake
[2.943s] -- Up-to-date: /home/sdfr-ppd-16/SfDR-code/assignment6/ros2_ws/install/xrf2_msgs/share/xrf2_msgs/cmake/xrf2_msgs__rosidl_typesupport_introspection_cExport-noconfig.cmake
[2.946s] -- Up-to-date: /home/sdfr-ppd-16/SfDR-code/assignment6/ros2_ws/install/xrf2_msgs/share/xrf2_msgs/cmake/xrf2_msgs__rosidl_typesupport_cExport.cmake
[2.947s] -- Up-to-date: /home/sdfr-ppd-16/SfDR-code/assignment6/ros2_ws/install/xrf2_msgs/share/xrf2_msgs/cmake/xrf2_msgs__rosidl_typesupport_cExport-noconfig.cmake
[2.953s] -- Up-to-date: /home/sdfr-ppd-16/SfDR-code/assignment6/ros2_ws/install/xrf2_msgs/share/xrf2_msgs/cmake/export_xrf2_msgs__rosidl_generator_cppExport.cmake
[2.963s] -- Up-to-date: /home/sdfr-ppd-16/SfDR-code/assignment6/ros2_ws/install/xrf2_msgs/share/xrf2_msgs/cmake/export_xrf2_msgs__rosidl_typesupport_fastrtps_cppExport.cmake
[2.970s] -- Up-to-date: /home/sdfr-ppd-16/SfDR-code/assignment6/ros2_ws/install/xrf2_msgs/share/xrf2_msgs/cmake/export_xrf2_msgs__rosidl_typesupport_fastrtps_cppExport-noconfig.cmake
[2.973s] -- Up-to-date: /home/sdfr-ppd-16/SfDR-code/assignment6/ros2_ws/install/xrf2_msgs/share/xrf2_msgs/cmake/xrf2_msgs__rosidl_typesupport_introspection_cppExport.cmake
[2.974s] -- Up-to-date: /home/sdfr-ppd-16/SfDR-code/assignment6/ros2_ws/install/xrf2_msgs/share/xrf2_msgs/cmake/xrf2_msgs__rosidl_typesupport_introspection_cppExport-noconfig.cmake
[2.979s] -- Up-to-date: /home/sdfr-ppd-16/SfDR-code/assignment6/ros2_ws/install/xrf2_msgs/share/xrf2_msgs/cmake/xrf2_msgs__rosidl_typesupport_cppExport.cmake
[2.980s] -- Up-to-date: /home/sdfr-ppd-16/SfDR-code/assignment6/ros2_ws/install/xrf2_msgs/share/xrf2_msgs/cmake/xrf2_msgs__rosidl_typesupport_cppExport-noconfig.cmake
[2.985s] -- Up-to-date: /home/sdfr-ppd-16/SfDR-code/assignment6/ros2_ws/install/xrf2_msgs/share/xrf2_msgs/cmake/export_xrf2_msgs__rosidl_generator_pyExport.cmake
[2.988s] -- Up-to-date: /home/sdfr-ppd-16/SfDR-code/assignment6/ros2_ws/install/xrf2_msgs/share/xrf2_msgs/cmake/export_xrf2_msgs__rosidl_generator_pyExport-noconfig.cmake
[2.989s] -- Up-to-date: /home/sdfr-ppd-16/SfDR-code/assignment6/ros2_ws/install/xrf2_msgs/share/xrf2_msgs/cmake/rosidl_cmake-extras.cmake
[2.992s] -- Up-to-date: /home/sdfr-ppd-16/SfDR-code/assignment6/ros2_ws/install/xrf2_msgs/share/xrf2_msgs/cmake/ament_cmake_export_include_directories-extras.cmake
[2.995s] -- Up-to-date: /home/sdfr-ppd-16/SfDR-code/assignment6/ros2_ws/install/xrf2_msgs/share/xrf2_msgs/cmake/ament_cmake_export_libraries-extras.cmake
[2.999s] -- Up-to-date: /home/sdfr-ppd-16/SfDR-code/assignment6/ros2_ws/install/xrf2_msgs/share/xrf2_msgs/cmake/ament_cmake_export_targets-extras.cmake
[3.001s] -- Up-to-date: /home/sdfr-ppd-16/SfDR-code/assignment6/ros2_ws/install/xrf2_msgs/share/xrf2_msgs/cmake/rosidl_cmake_export_typesupport_targets-extras.cmake
[3.003s] -- Up-to-date: /home/sdfr-ppd-16/SfDR-code/assignment6/ros2_ws/install/xrf2_msgs/share/xrf2_msgs/cmake/ament_cmake_export_dependencies-extras.cmake
[3.006s] -- Up-to-date: /home/sdfr-ppd-16/SfDR-code/assignment6/ros2_ws/install/xrf2_msgs/share/xrf2_msgs/cmake/rosidl_cmake_export_typesupport_libraries-extras.cmake
[3.010s] -- Up-to-date: /home/sdfr-ppd-16/SfDR-code/assignment6/ros2_ws/install/xrf2_msgs/share/xrf2_msgs/cmake/xrf2_msgsConfig.cmake
[3.012s] -- Up-to-date: /home/sdfr-ppd-16/SfDR-code/assignment6/ros2_ws/install/xrf2_msgs/share/xrf2_msgs/cmake/xrf2_msgsConfig-version.cmake
[3.014s] -- Up-to-date: /home/sdfr-ppd-16/SfDR-code/assignment6/ros2_ws/install/xrf2_msgs/share/xrf2_msgs/package.xml
[3.087s] Invoked command in '/home/sdfr-ppd-16/SfDR-code/assignment6/ros2_ws/build/xrf2_msgs' returned '0': CMAKE_PREFIX_PATH=${CMAKE_PREFIX_PATH}:/opt/ros/humble /usr/bin/cmake --install /home/sdfr-ppd-16/SfDR-code/assignment6/ros2_ws/build/xrf2_msgs
