[0.025s] Invoking command in '/home/srik/ros_ubuntu/ros2_ws/build/relbot_sequence_controller': CMAKE_PREFIX_PATH=/home/srik/ros_ubuntu/ros2_ws/install/image_functions_sdfr:/home/srik/ros_ubuntu/ros2_ws/install/relbot_simulator:/home/srik/ros_ubuntu/ros2_ws/install/relbot_sequence_controller:/home/srik/ros_ubuntu/ros2_ws/install/relbot_msgs:/home/srik/ros_ubuntu/ros2_ws/install/relbot_launch:/home/srik/ros_ubuntu/ros2_ws/install/relbot_adapter:/home/srik/ros_ubuntu/ros2_ws/install/relbot2turtlesim:/opt/ros/humble DEBUGINFOD_URLS=https://debuginfod.archlinux.org https://debuginfod.cachyos.org LD_LIBRARY_PATH=/home/srik/ros_ubuntu/ros2_ws/install/image_functions_sdfr/lib:/home/srik/ros_ubuntu/ros2_ws/install/relbot_msgs/lib:/opt/ros/humble/opt/rviz_ogre_vendor/lib:/opt/ros/humble/lib/x86_64-linux-gnu:/opt/ros/humble/lib /usr/bin/cmake --build /home/srik/ros_ubuntu/ros2_ws/build/relbot_sequence_controller -- -j32 -l32
[0.051s] [35m[1mConsolidate compiler generated dependencies of target relbot_sequence_controller[0m
[0.059s] [ 50%] Built target colour_detector
[0.062s] [100%] Built target relbot_sequence_controller
[0.070s] Invoked command in '/home/srik/ros_ubuntu/ros2_ws/build/relbot_sequence_controller' returned '0': CMAKE_PREFIX_PATH=/home/srik/ros_ubuntu/ros2_ws/install/image_functions_sdfr:/home/srik/ros_ubuntu/ros2_ws/install/relbot_simulator:/home/srik/ros_ubuntu/ros2_ws/install/relbot_sequence_controller:/home/srik/ros_ubuntu/ros2_ws/install/relbot_msgs:/home/srik/ros_ubuntu/ros2_ws/install/relbot_launch:/home/srik/ros_ubuntu/ros2_ws/install/relbot_adapter:/home/srik/ros_ubuntu/ros2_ws/install/relbot2turtlesim:/opt/ros/humble DEBUGINFOD_URLS=https://debuginfod.archlinux.org https://debuginfod.cachyos.org LD_LIBRARY_PATH=/home/srik/ros_ubuntu/ros2_ws/install/image_functions_sdfr/lib:/home/srik/ros_ubuntu/ros2_ws/install/relbot_msgs/lib:/opt/ros/humble/opt/rviz_ogre_vendor/lib:/opt/ros/humble/lib/x86_64-linux-gnu:/opt/ros/humble/lib /usr/bin/cmake --build /home/srik/ros_ubuntu/ros2_ws/build/relbot_sequence_controller -- -j32 -l32
[0.071s] Invoking command in '/home/srik/ros_ubuntu/ros2_ws/build/relbot_sequence_controller': CMAKE_PREFIX_PATH=/home/srik/ros_ubuntu/ros2_ws/install/image_functions_sdfr:/home/srik/ros_ubuntu/ros2_ws/install/relbot_simulator:/home/srik/ros_ubuntu/ros2_ws/install/relbot_sequence_controller:/home/srik/ros_ubuntu/ros2_ws/install/relbot_msgs:/home/srik/ros_ubuntu/ros2_ws/install/relbot_launch:/home/srik/ros_ubuntu/ros2_ws/install/relbot_adapter:/home/srik/ros_ubuntu/ros2_ws/install/relbot2turtlesim:/opt/ros/humble DEBUGINFOD_URLS=https://debuginfod.archlinux.org https://debuginfod.cachyos.org LD_LIBRARY_PATH=/home/srik/ros_ubuntu/ros2_ws/install/image_functions_sdfr/lib:/home/srik/ros_ubuntu/ros2_ws/install/relbot_msgs/lib:/opt/ros/humble/opt/rviz_ogre_vendor/lib:/opt/ros/humble/lib/x86_64-linux-gnu:/opt/ros/humble/lib /usr/bin/cmake --install /home/srik/ros_ubuntu/ros2_ws/build/relbot_sequence_controller
[0.073s] -- Install configuration: ""
[0.073s] -- Up-to-date: /home/srik/ros_ubuntu/ros2_ws/install/relbot_sequence_controller/lib/relbot_sequence_controller/relbot_sequence_controller
[0.073s] -- Up-to-date: /home/srik/ros_ubuntu/ros2_ws/install/relbot_sequence_controller/lib/relbot_sequence_controller/colour_detector
[0.073s] -- Up-to-date: /home/srik/ros_ubuntu/ros2_ws/install/relbot_sequence_controller/share/ament_index/resource_index/package_run_dependencies/relbot_sequence_controller
[0.073s] -- Up-to-date: /home/srik/ros_ubuntu/ros2_ws/install/relbot_sequence_controller/share/ament_index/resource_index/parent_prefix_path/relbot_sequence_controller
[0.074s] -- Up-to-date: /home/srik/ros_ubuntu/ros2_ws/install/relbot_sequence_controller/share/relbot_sequence_controller/environment/ament_prefix_path.sh
[0.074s] -- Up-to-date: /home/srik/ros_ubuntu/ros2_ws/install/relbot_sequence_controller/share/relbot_sequence_controller/environment/ament_prefix_path.dsv
[0.074s] -- Up-to-date: /home/srik/ros_ubuntu/ros2_ws/install/relbot_sequence_controller/share/relbot_sequence_controller/environment/path.sh
[0.074s] -- Up-to-date: /home/srik/ros_ubuntu/ros2_ws/install/relbot_sequence_controller/share/relbot_sequence_controller/environment/path.dsv
[0.074s] -- Up-to-date: /home/srik/ros_ubuntu/ros2_ws/install/relbot_sequence_controller/share/relbot_sequence_controller/local_setup.bash
[0.074s] -- Up-to-date: /home/srik/ros_ubuntu/ros2_ws/install/relbot_sequence_controller/share/relbot_sequence_controller/local_setup.sh
[0.075s] -- Up-to-date: /home/srik/ros_ubuntu/ros2_ws/install/relbot_sequence_controller/share/relbot_sequence_controller/local_setup.zsh
[0.075s] -- Up-to-date: /home/srik/ros_ubuntu/ros2_ws/install/relbot_sequence_controller/share/relbot_sequence_controller/local_setup.dsv
[0.075s] -- Installing: /home/srik/ros_ubuntu/ros2_ws/install/relbot_sequence_controller/share/relbot_sequence_controller/package.dsv
[0.076s] -- Up-to-date: /home/srik/ros_ubuntu/ros2_ws/install/relbot_sequence_controller/share/ament_index/resource_index/packages/relbot_sequence_controller
[0.077s] -- Up-to-date: /home/srik/ros_ubuntu/ros2_ws/install/relbot_sequence_controller/share/relbot_sequence_controller/cmake/relbot_sequence_controllerConfig.cmake
[0.078s] -- Up-to-date: /home/srik/ros_ubuntu/ros2_ws/install/relbot_sequence_controller/share/relbot_sequence_controller/cmake/relbot_sequence_controllerConfig-version.cmake
[0.078s] -- Up-to-date: /home/srik/ros_ubuntu/ros2_ws/install/relbot_sequence_controller/share/relbot_sequence_controller/package.xml
[0.079s] Invoked command in '/home/srik/ros_ubuntu/ros2_ws/build/relbot_sequence_controller' returned '0': CMAKE_PREFIX_PATH=/home/srik/ros_ubuntu/ros2_ws/install/image_functions_sdfr:/home/srik/ros_ubuntu/ros2_ws/install/relbot_simulator:/home/srik/ros_ubuntu/ros2_ws/install/relbot_sequence_controller:/home/srik/ros_ubuntu/ros2_ws/install/relbot_msgs:/home/srik/ros_ubuntu/ros2_ws/install/relbot_launch:/home/srik/ros_ubuntu/ros2_ws/install/relbot_adapter:/home/srik/ros_ubuntu/ros2_ws/install/relbot2turtlesim:/opt/ros/humble DEBUGINFOD_URLS=https://debuginfod.archlinux.org https://debuginfod.cachyos.org LD_LIBRARY_PATH=/home/srik/ros_ubuntu/ros2_ws/install/image_functions_sdfr/lib:/home/srik/ros_ubuntu/ros2_ws/install/relbot_msgs/lib:/opt/ros/humble/opt/rviz_ogre_vendor/lib:/opt/ros/humble/lib/x86_64-linux-gnu:/opt/ros/humble/lib /usr/bin/cmake --install /home/srik/ros_ubuntu/ros2_ws/build/relbot_sequence_controller
