[0.088s] DEBUG:colcon:Command line arguments: ['/usr/bin/colcon', 'build', '--packages-select', '--allow-overriding', 'relbot_msgs']
[0.088s] DEBUG:colcon:Parsed command line arguments: Namespace(log_base=None, log_level=None, verb_name='build', build_base='build', install_base='install', merge_install=False, symlink_install=False, test_result_base=None, continue_on_error=False, executor='parallel', parallel_workers=32, event_handlers=None, ignore_user_meta=False, metas=['./colcon.meta'], base_paths=['.'], packages_ignore=None, packages_ignore_regex=None, paths=None, packages_up_to=None, packages_up_to_regex=None, packages_above=None, packages_above_and_dependencies=None, packages_above_depth=None, packages_select_by_dep=None, packages_skip_by_dep=None, packages_skip_up_to=None, packages_select_build_failed=False, packages_skip_build_finished=False, packages_select_test_failures=False, packages_skip_test_passed=False, packages_select=[], packages_skip=None, packages_select_regex=None, packages_skip_regex=None, packages_start=None, packages_end=None, allow_overriding=['relbot_msgs'], cmake_args=None, cmake_target=None, cmake_target_skip_unavailable=False, cmake_clean_cache=False, cmake_clean_first=False, cmake_force_configure=False, ament_cmake_args=None, catkin_cmake_args=None, catkin_skip_building_tests=False, mixin_files=None, mixin=None, verb_parser=<colcon_mixin.mixin.mixin_argument.MixinArgumentDecorator object at 0x7f3757fe5750>, verb_extension=<colcon_core.verb.build.BuildVerb object at 0x7f375814e6b0>, main=<bound method BuildVerb.main of <colcon_core.verb.build.BuildVerb object at 0x7f375814e6b0>>, mixin_verb=('build',))
[0.205s] Level 1:colcon.colcon_core.package_discovery:discover_packages(colcon_meta) check parameters
[0.205s] Level 1:colcon.colcon_core.package_discovery:discover_packages(recursive) check parameters
[0.205s] Level 1:colcon.colcon_core.package_discovery:discover_packages(ignore) check parameters
[0.205s] Level 1:colcon.colcon_core.package_discovery:discover_packages(path) check parameters
[0.205s] Level 1:colcon.colcon_core.package_discovery:discover_packages(colcon_meta) discover
[0.205s] Level 1:colcon.colcon_core.package_discovery:discover_packages(recursive) discover
[0.205s] INFO:colcon.colcon_core.package_discovery:Crawling recursively for packages in '/home/srik/ros_ubuntu/ros2_ws'
[0.205s] Level 1:colcon.colcon_core.package_identification:_identify(.) by extensions ['ignore', 'ignore_ament_install']
[0.205s] Level 1:colcon.colcon_core.package_identification:_identify(.) by extension 'ignore'
[0.205s] Level 1:colcon.colcon_core.package_identification:_identify(.) by extension 'ignore_ament_install'
[0.205s] Level 1:colcon.colcon_core.package_identification:_identify(.) by extensions ['colcon_pkg']
[0.205s] Level 1:colcon.colcon_core.package_identification:_identify(.) by extension 'colcon_pkg'
[0.205s] Level 1:colcon.colcon_core.package_identification:_identify(.) by extensions ['colcon_meta']
[0.205s] Level 1:colcon.colcon_core.package_identification:_identify(.) by extension 'colcon_meta'
[0.205s] Level 1:colcon.colcon_core.package_identification:_identify(.) by extensions ['ros']
[0.205s] Level 1:colcon.colcon_core.package_identification:_identify(.) by extension 'ros'
[0.214s] Level 1:colcon.colcon_core.package_identification:_identify(.) by extensions ['cmake', 'python']
[0.214s] Level 1:colcon.colcon_core.package_identification:_identify(.) by extension 'cmake'
[0.214s] Level 1:colcon.colcon_core.package_identification:_identify(.) by extension 'python'
[0.214s] Level 1:colcon.colcon_core.package_identification:_identify(.) by extensions ['python_setup_py']
[0.214s] Level 1:colcon.colcon_core.package_identification:_identify(.) by extension 'python_setup_py'
[0.214s] Level 1:colcon.colcon_core.package_identification:_identify(build) by extensions ['ignore', 'ignore_ament_install']
[0.214s] Level 1:colcon.colcon_core.package_identification:_identify(build) by extension 'ignore'
[0.215s] Level 1:colcon.colcon_core.package_identification:_identify(build) ignored
[0.215s] Level 1:colcon.colcon_core.package_identification:_identify(install) by extensions ['ignore', 'ignore_ament_install']
[0.215s] Level 1:colcon.colcon_core.package_identification:_identify(install) by extension 'ignore'
[0.215s] Level 1:colcon.colcon_core.package_identification:_identify(install) ignored
[0.215s] Level 1:colcon.colcon_core.package_identification:_identify(launch) by extensions ['ignore', 'ignore_ament_install']
[0.215s] Level 1:colcon.colcon_core.package_identification:_identify(launch) by extension 'ignore'
[0.215s] Level 1:colcon.colcon_core.package_identification:_identify(launch) by extension 'ignore_ament_install'
[0.215s] Level 1:colcon.colcon_core.package_identification:_identify(launch) by extensions ['colcon_pkg']
[0.215s] Level 1:colcon.colcon_core.package_identification:_identify(launch) by extension 'colcon_pkg'
[0.215s] Level 1:colcon.colcon_core.package_identification:_identify(launch) by extensions ['colcon_meta']
[0.215s] Level 1:colcon.colcon_core.package_identification:_identify(launch) by extension 'colcon_meta'
[0.215s] Level 1:colcon.colcon_core.package_identification:_identify(launch) by extensions ['ros']
[0.215s] Level 1:colcon.colcon_core.package_identification:_identify(launch) by extension 'ros'
[0.215s] Level 1:colcon.colcon_core.package_identification:_identify(launch) by extensions ['cmake', 'python']
[0.215s] Level 1:colcon.colcon_core.package_identification:_identify(launch) by extension 'cmake'
[0.215s] Level 1:colcon.colcon_core.package_identification:_identify(launch) by extension 'python'
[0.215s] Level 1:colcon.colcon_core.package_identification:_identify(launch) by extensions ['python_setup_py']
[0.215s] Level 1:colcon.colcon_core.package_identification:_identify(launch) by extension 'python_setup_py'
[0.215s] Level 1:colcon.colcon_core.package_identification:_identify(launch/__pycache__) by extensions ['ignore', 'ignore_ament_install']
[0.215s] Level 1:colcon.colcon_core.package_identification:_identify(launch/__pycache__) by extension 'ignore'
[0.215s] Level 1:colcon.colcon_core.package_identification:_identify(launch/__pycache__) by extension 'ignore_ament_install'
[0.215s] Level 1:colcon.colcon_core.package_identification:_identify(launch/__pycache__) by extensions ['colcon_pkg']
[0.215s] Level 1:colcon.colcon_core.package_identification:_identify(launch/__pycache__) by extension 'colcon_pkg'
[0.215s] Level 1:colcon.colcon_core.package_identification:_identify(launch/__pycache__) by extensions ['colcon_meta']
[0.216s] Level 1:colcon.colcon_core.package_identification:_identify(launch/__pycache__) by extension 'colcon_meta'
[0.216s] Level 1:colcon.colcon_core.package_identification:_identify(launch/__pycache__) by extensions ['ros']
[0.216s] Level 1:colcon.colcon_core.package_identification:_identify(launch/__pycache__) by extension 'ros'
[0.216s] Level 1:colcon.colcon_core.package_identification:_identify(launch/__pycache__) by extensions ['cmake', 'python']
[0.216s] Level 1:colcon.colcon_core.package_identification:_identify(launch/__pycache__) by extension 'cmake'
[0.216s] Level 1:colcon.colcon_core.package_identification:_identify(launch/__pycache__) by extension 'python'
[0.216s] Level 1:colcon.colcon_core.package_identification:_identify(launch/__pycache__) by extensions ['python_setup_py']
[0.216s] Level 1:colcon.colcon_core.package_identification:_identify(launch/__pycache__) by extension 'python_setup_py'
[0.216s] Level 1:colcon.colcon_core.package_identification:_identify(log) by extensions ['ignore', 'ignore_ament_install']
[0.216s] Level 1:colcon.colcon_core.package_identification:_identify(log) by extension 'ignore'
[0.216s] Level 1:colcon.colcon_core.package_identification:_identify(log) ignored
[0.216s] Level 1:colcon.colcon_core.package_identification:_identify(src) by extensions ['ignore', 'ignore_ament_install']
[0.216s] Level 1:colcon.colcon_core.package_identification:_identify(src) by extension 'ignore'
[0.216s] Level 1:colcon.colcon_core.package_identification:_identify(src) by extension 'ignore_ament_install'
[0.216s] Level 1:colcon.colcon_core.package_identification:_identify(src) by extensions ['colcon_pkg']
[0.216s] Level 1:colcon.colcon_core.package_identification:_identify(src) by extension 'colcon_pkg'
[0.216s] Level 1:colcon.colcon_core.package_identification:_identify(src) by extensions ['colcon_meta']
[0.216s] Level 1:colcon.colcon_core.package_identification:_identify(src) by extension 'colcon_meta'
[0.216s] Level 1:colcon.colcon_core.package_identification:_identify(src) by extensions ['ros']
[0.216s] Level 1:colcon.colcon_core.package_identification:_identify(src) by extension 'ros'
[0.216s] Level 1:colcon.colcon_core.package_identification:_identify(src) by extensions ['cmake', 'python']
[0.216s] Level 1:colcon.colcon_core.package_identification:_identify(src) by extension 'cmake'
[0.216s] Level 1:colcon.colcon_core.package_identification:_identify(src) by extension 'python'
[0.216s] Level 1:colcon.colcon_core.package_identification:_identify(src) by extensions ['python_setup_py']
[0.216s] Level 1:colcon.colcon_core.package_identification:_identify(src) by extension 'python_setup_py'
[0.216s] Level 1:colcon.colcon_core.package_identification:_identify(src/build) by extensions ['ignore', 'ignore_ament_install']
[0.217s] Level 1:colcon.colcon_core.package_identification:_identify(src/build) by extension 'ignore'
[0.217s] Level 1:colcon.colcon_core.package_identification:_identify(src/build) ignored
[0.217s] Level 1:colcon.colcon_core.package_identification:_identify(src/image_functions_sdfr) by extensions ['ignore', 'ignore_ament_install']
[0.217s] Level 1:colcon.colcon_core.package_identification:_identify(src/image_functions_sdfr) by extension 'ignore'
[0.217s] Level 1:colcon.colcon_core.package_identification:_identify(src/image_functions_sdfr) by extension 'ignore_ament_install'
[0.217s] Level 1:colcon.colcon_core.package_identification:_identify(src/image_functions_sdfr) by extensions ['colcon_pkg']
[0.217s] Level 1:colcon.colcon_core.package_identification:_identify(src/image_functions_sdfr) by extension 'colcon_pkg'
[0.217s] Level 1:colcon.colcon_core.package_identification:_identify(src/image_functions_sdfr) by extensions ['colcon_meta']
[0.217s] Level 1:colcon.colcon_core.package_identification:_identify(src/image_functions_sdfr) by extension 'colcon_meta'
[0.217s] Level 1:colcon.colcon_core.package_identification:_identify(src/image_functions_sdfr) by extensions ['ros']
[0.217s] Level 1:colcon.colcon_core.package_identification:_identify(src/image_functions_sdfr) by extension 'ros'
[0.217s] Level 1:colcon.colcon_core.package_identification:_identify(src/image_functions_sdfr) by extensions ['cmake', 'python']
[0.217s] Level 1:colcon.colcon_core.package_identification:_identify(src/image_functions_sdfr) by extension 'cmake'
[0.217s] Level 1:colcon.colcon_core.package_identification:_identify(src/image_functions_sdfr) by extension 'python'
[0.217s] Level 1:colcon.colcon_core.package_identification:_identify(src/image_functions_sdfr) by extensions ['python_setup_py']
[0.217s] Level 1:colcon.colcon_core.package_identification:_identify(src/image_functions_sdfr) by extension 'python_setup_py'
[0.217s] Level 1:colcon.colcon_core.package_identification:_identify(src/image_functions_sdfr/image_functions_sdfr) by extensions ['ignore', 'ignore_ament_install']
[0.217s] Level 1:colcon.colcon_core.package_identification:_identify(src/image_functions_sdfr/image_functions_sdfr) by extension 'ignore'
[0.217s] Level 1:colcon.colcon_core.package_identification:_identify(src/image_functions_sdfr/image_functions_sdfr) by extension 'ignore_ament_install'
[0.217s] Level 1:colcon.colcon_core.package_identification:_identify(src/image_functions_sdfr/image_functions_sdfr) by extensions ['colcon_pkg']
[0.217s] Level 1:colcon.colcon_core.package_identification:_identify(src/image_functions_sdfr/image_functions_sdfr) by extension 'colcon_pkg'
[0.217s] Level 1:colcon.colcon_core.package_identification:_identify(src/image_functions_sdfr/image_functions_sdfr) by extensions ['colcon_meta']
[0.217s] Level 1:colcon.colcon_core.package_identification:_identify(src/image_functions_sdfr/image_functions_sdfr) by extension 'colcon_meta'
[0.217s] Level 1:colcon.colcon_core.package_identification:_identify(src/image_functions_sdfr/image_functions_sdfr) by extensions ['ros']
[0.217s] Level 1:colcon.colcon_core.package_identification:_identify(src/image_functions_sdfr/image_functions_sdfr) by extension 'ros'
[0.219s] DEBUG:colcon.colcon_core.package_identification:Package 'src/image_functions_sdfr/image_functions_sdfr' with type 'ros.ament_cmake' and name 'image_functions_sdfr'
[0.219s] Level 1:colcon.colcon_core.package_identification:_identify(src/install) by extensions ['ignore', 'ignore_ament_install']
[0.219s] Level 1:colcon.colcon_core.package_identification:_identify(src/install) by extension 'ignore'
[0.219s] Level 1:colcon.colcon_core.package_identification:_identify(src/install) ignored
[0.219s] Level 1:colcon.colcon_core.package_identification:_identify(src/log) by extensions ['ignore', 'ignore_ament_install']
[0.220s] Level 1:colcon.colcon_core.package_identification:_identify(src/log) by extension 'ignore'
[0.220s] Level 1:colcon.colcon_core.package_identification:_identify(src/log) ignored
[0.220s] Level 1:colcon.colcon_core.package_identification:_identify(src/relbot2turtlesim) by extensions ['ignore', 'ignore_ament_install']
[0.220s] Level 1:colcon.colcon_core.package_identification:_identify(src/relbot2turtlesim) by extension 'ignore'
[0.220s] Level 1:colcon.colcon_core.package_identification:_identify(src/relbot2turtlesim) by extension 'ignore_ament_install'
[0.220s] Level 1:colcon.colcon_core.package_identification:_identify(src/relbot2turtlesim) by extensions ['colcon_pkg']
[0.220s] Level 1:colcon.colcon_core.package_identification:_identify(src/relbot2turtlesim) by extension 'colcon_pkg'
[0.220s] Level 1:colcon.colcon_core.package_identification:_identify(src/relbot2turtlesim) by extensions ['colcon_meta']
[0.220s] Level 1:colcon.colcon_core.package_identification:_identify(src/relbot2turtlesim) by extension 'colcon_meta'
[0.220s] Level 1:colcon.colcon_core.package_identification:_identify(src/relbot2turtlesim) by extensions ['ros']
[0.220s] Level 1:colcon.colcon_core.package_identification:_identify(src/relbot2turtlesim) by extension 'ros'
[0.220s] Level 1:colcon.colcon_core.package_identification:_identify(src/relbot2turtlesim) by extensions ['cmake', 'python']
[0.220s] Level 1:colcon.colcon_core.package_identification:_identify(src/relbot2turtlesim) by extension 'cmake'
[0.220s] Level 1:colcon.colcon_core.package_identification:_identify(src/relbot2turtlesim) by extension 'python'
[0.220s] Level 1:colcon.colcon_core.package_identification:_identify(src/relbot2turtlesim) by extensions ['python_setup_py']
[0.220s] Level 1:colcon.colcon_core.package_identification:_identify(src/relbot2turtlesim) by extension 'python_setup_py'
[0.220s] Level 1:colcon.colcon_core.package_identification:_identify(src/relbot2turtlesim/__MACOSX) by extensions ['ignore', 'ignore_ament_install']
[0.220s] Level 1:colcon.colcon_core.package_identification:_identify(src/relbot2turtlesim/__MACOSX) by extension 'ignore'
[0.220s] Level 1:colcon.colcon_core.package_identification:_identify(src/relbot2turtlesim/__MACOSX) by extension 'ignore_ament_install'
[0.220s] Level 1:colcon.colcon_core.package_identification:_identify(src/relbot2turtlesim/__MACOSX) by extensions ['colcon_pkg']
[0.220s] Level 1:colcon.colcon_core.package_identification:_identify(src/relbot2turtlesim/__MACOSX) by extension 'colcon_pkg'
[0.220s] Level 1:colcon.colcon_core.package_identification:_identify(src/relbot2turtlesim/__MACOSX) by extensions ['colcon_meta']
[0.220s] Level 1:colcon.colcon_core.package_identification:_identify(src/relbot2turtlesim/__MACOSX) by extension 'colcon_meta'
[0.220s] Level 1:colcon.colcon_core.package_identification:_identify(src/relbot2turtlesim/__MACOSX) by extensions ['ros']
[0.220s] Level 1:colcon.colcon_core.package_identification:_identify(src/relbot2turtlesim/__MACOSX) by extension 'ros'
[0.221s] Level 1:colcon.colcon_core.package_identification:_identify(src/relbot2turtlesim/__MACOSX) by extensions ['cmake', 'python']
[0.221s] Level 1:colcon.colcon_core.package_identification:_identify(src/relbot2turtlesim/__MACOSX) by extension 'cmake'
[0.221s] Level 1:colcon.colcon_core.package_identification:_identify(src/relbot2turtlesim/__MACOSX) by extension 'python'
[0.221s] Level 1:colcon.colcon_core.package_identification:_identify(src/relbot2turtlesim/__MACOSX) by extensions ['python_setup_py']
[0.221s] Level 1:colcon.colcon_core.package_identification:_identify(src/relbot2turtlesim/__MACOSX) by extension 'python_setup_py'
[0.221s] Level 1:colcon.colcon_core.package_identification:_identify(src/relbot2turtlesim/__MACOSX/relbot2turtlesim) by extensions ['ignore', 'ignore_ament_install']
[0.221s] Level 1:colcon.colcon_core.package_identification:_identify(src/relbot2turtlesim/__MACOSX/relbot2turtlesim) by extension 'ignore'
[0.221s] Level 1:colcon.colcon_core.package_identification:_identify(src/relbot2turtlesim/__MACOSX/relbot2turtlesim) by extension 'ignore_ament_install'
[0.221s] Level 1:colcon.colcon_core.package_identification:_identify(src/relbot2turtlesim/__MACOSX/relbot2turtlesim) by extensions ['colcon_pkg']
[0.221s] Level 1:colcon.colcon_core.package_identification:_identify(src/relbot2turtlesim/__MACOSX/relbot2turtlesim) by extension 'colcon_pkg'
[0.221s] Level 1:colcon.colcon_core.package_identification:_identify(src/relbot2turtlesim/__MACOSX/relbot2turtlesim) by extensions ['colcon_meta']
[0.221s] Level 1:colcon.colcon_core.package_identification:_identify(src/relbot2turtlesim/__MACOSX/relbot2turtlesim) by extension 'colcon_meta'
[0.221s] Level 1:colcon.colcon_core.package_identification:_identify(src/relbot2turtlesim/__MACOSX/relbot2turtlesim) by extensions ['ros']
[0.221s] Level 1:colcon.colcon_core.package_identification:_identify(src/relbot2turtlesim/__MACOSX/relbot2turtlesim) by extension 'ros'
[0.221s] Level 1:colcon.colcon_core.package_identification:_identify(src/relbot2turtlesim/__MACOSX/relbot2turtlesim) by extensions ['cmake', 'python']
[0.221s] Level 1:colcon.colcon_core.package_identification:_identify(src/relbot2turtlesim/__MACOSX/relbot2turtlesim) by extension 'cmake'
[0.221s] Level 1:colcon.colcon_core.package_identification:_identify(src/relbot2turtlesim/__MACOSX/relbot2turtlesim) by extension 'python'
[0.221s] Level 1:colcon.colcon_core.package_identification:_identify(src/relbot2turtlesim/__MACOSX/relbot2turtlesim) by extensions ['python_setup_py']
[0.221s] Level 1:colcon.colcon_core.package_identification:_identify(src/relbot2turtlesim/__MACOSX/relbot2turtlesim) by extension 'python_setup_py'
[0.221s] Level 1:colcon.colcon_core.package_identification:_identify(src/relbot2turtlesim/__MACOSX/relbot2turtlesim/include) by extensions ['ignore', 'ignore_ament_install']
[0.221s] Level 1:colcon.colcon_core.package_identification:_identify(src/relbot2turtlesim/__MACOSX/relbot2turtlesim/include) by extension 'ignore'
[0.221s] Level 1:colcon.colcon_core.package_identification:_identify(src/relbot2turtlesim/__MACOSX/relbot2turtlesim/include) by extension 'ignore_ament_install'
[0.221s] Level 1:colcon.colcon_core.package_identification:_identify(src/relbot2turtlesim/__MACOSX/relbot2turtlesim/include) by extensions ['colcon_pkg']
[0.221s] Level 1:colcon.colcon_core.package_identification:_identify(src/relbot2turtlesim/__MACOSX/relbot2turtlesim/include) by extension 'colcon_pkg'
[0.221s] Level 1:colcon.colcon_core.package_identification:_identify(src/relbot2turtlesim/__MACOSX/relbot2turtlesim/include) by extensions ['colcon_meta']
[0.221s] Level 1:colcon.colcon_core.package_identification:_identify(src/relbot2turtlesim/__MACOSX/relbot2turtlesim/include) by extension 'colcon_meta'
[0.221s] Level 1:colcon.colcon_core.package_identification:_identify(src/relbot2turtlesim/__MACOSX/relbot2turtlesim/include) by extensions ['ros']
[0.221s] Level 1:colcon.colcon_core.package_identification:_identify(src/relbot2turtlesim/__MACOSX/relbot2turtlesim/include) by extension 'ros'
[0.222s] Level 1:colcon.colcon_core.package_identification:_identify(src/relbot2turtlesim/__MACOSX/relbot2turtlesim/include) by extensions ['cmake', 'python']
[0.222s] Level 1:colcon.colcon_core.package_identification:_identify(src/relbot2turtlesim/__MACOSX/relbot2turtlesim/include) by extension 'cmake'
[0.222s] Level 1:colcon.colcon_core.package_identification:_identify(src/relbot2turtlesim/__MACOSX/relbot2turtlesim/include) by extension 'python'
[0.222s] Level 1:colcon.colcon_core.package_identification:_identify(src/relbot2turtlesim/__MACOSX/relbot2turtlesim/include) by extensions ['python_setup_py']
[0.222s] Level 1:colcon.colcon_core.package_identification:_identify(src/relbot2turtlesim/__MACOSX/relbot2turtlesim/include) by extension 'python_setup_py'
[0.222s] Level 1:colcon.colcon_core.package_identification:_identify(src/relbot2turtlesim/relbot2turtlesim) by extensions ['ignore', 'ignore_ament_install']
[0.222s] Level 1:colcon.colcon_core.package_identification:_identify(src/relbot2turtlesim/relbot2turtlesim) by extension 'ignore'
[0.222s] Level 1:colcon.colcon_core.package_identification:_identify(src/relbot2turtlesim/relbot2turtlesim) by extension 'ignore_ament_install'
[0.222s] Level 1:colcon.colcon_core.package_identification:_identify(src/relbot2turtlesim/relbot2turtlesim) by extensions ['colcon_pkg']
[0.222s] Level 1:colcon.colcon_core.package_identification:_identify(src/relbot2turtlesim/relbot2turtlesim) by extension 'colcon_pkg'
[0.222s] Level 1:colcon.colcon_core.package_identification:_identify(src/relbot2turtlesim/relbot2turtlesim) by extensions ['colcon_meta']
[0.222s] Level 1:colcon.colcon_core.package_identification:_identify(src/relbot2turtlesim/relbot2turtlesim) by extension 'colcon_meta'
[0.222s] Level 1:colcon.colcon_core.package_identification:_identify(src/relbot2turtlesim/relbot2turtlesim) by extensions ['ros']
[0.222s] Level 1:colcon.colcon_core.package_identification:_identify(src/relbot2turtlesim/relbot2turtlesim) by extension 'ros'
[0.223s] DEBUG:colcon.colcon_core.package_identification:Package 'src/relbot2turtlesim/relbot2turtlesim' with type 'ros.ament_cmake' and name 'relbot2turtlesim'
[0.223s] Level 1:colcon.colcon_core.package_identification:_identify(src/relbot_adapter) by extensions ['ignore', 'ignore_ament_install']
[0.223s] Level 1:colcon.colcon_core.package_identification:_identify(src/relbot_adapter) by extension 'ignore'
[0.223s] Level 1:colcon.colcon_core.package_identification:_identify(src/relbot_adapter) by extension 'ignore_ament_install'
[0.223s] Level 1:colcon.colcon_core.package_identification:_identify(src/relbot_adapter) by extensions ['colcon_pkg']
[0.223s] Level 1:colcon.colcon_core.package_identification:_identify(src/relbot_adapter) by extension 'colcon_pkg'
[0.223s] Level 1:colcon.colcon_core.package_identification:_identify(src/relbot_adapter) by extensions ['colcon_meta']
[0.223s] Level 1:colcon.colcon_core.package_identification:_identify(src/relbot_adapter) by extension 'colcon_meta'
[0.223s] Level 1:colcon.colcon_core.package_identification:_identify(src/relbot_adapter) by extensions ['ros']
[0.223s] Level 1:colcon.colcon_core.package_identification:_identify(src/relbot_adapter) by extension 'ros'
[0.223s] DEBUG:colcon.colcon_core.package_identification:Package 'src/relbot_adapter' with type 'ros.ament_cmake' and name 'relbot_adapter'
[0.223s] Level 1:colcon.colcon_core.package_identification:_identify(src/relbot_launch) by extensions ['ignore', 'ignore_ament_install']
[0.223s] Level 1:colcon.colcon_core.package_identification:_identify(src/relbot_launch) by extension 'ignore'
[0.224s] Level 1:colcon.colcon_core.package_identification:_identify(src/relbot_launch) by extension 'ignore_ament_install'
[0.224s] Level 1:colcon.colcon_core.package_identification:_identify(src/relbot_launch) by extensions ['colcon_pkg']
[0.224s] Level 1:colcon.colcon_core.package_identification:_identify(src/relbot_launch) by extension 'colcon_pkg'
[0.224s] Level 1:colcon.colcon_core.package_identification:_identify(src/relbot_launch) by extensions ['colcon_meta']
[0.224s] Level 1:colcon.colcon_core.package_identification:_identify(src/relbot_launch) by extension 'colcon_meta'
[0.224s] Level 1:colcon.colcon_core.package_identification:_identify(src/relbot_launch) by extensions ['ros']
[0.224s] Level 1:colcon.colcon_core.package_identification:_identify(src/relbot_launch) by extension 'ros'
[0.224s] Level 1:colcon.colcon_core.package_identification:_identify(src/relbot_launch) by extensions ['cmake', 'python']
[0.224s] Level 1:colcon.colcon_core.package_identification:_identify(src/relbot_launch) by extension 'cmake'
[0.224s] Level 1:colcon.colcon_core.package_identification:_identify(src/relbot_launch) by extension 'python'
[0.224s] Level 1:colcon.colcon_core.package_identification:_identify(src/relbot_launch) by extensions ['python_setup_py']
[0.224s] Level 1:colcon.colcon_core.package_identification:_identify(src/relbot_launch) by extension 'python_setup_py'
[0.224s] Level 1:colcon.colcon_core.package_identification:_identify(src/relbot_launch/__MACOSX) by extensions ['ignore', 'ignore_ament_install']
[0.224s] Level 1:colcon.colcon_core.package_identification:_identify(src/relbot_launch/__MACOSX) by extension 'ignore'
[0.224s] Level 1:colcon.colcon_core.package_identification:_identify(src/relbot_launch/__MACOSX) by extension 'ignore_ament_install'
[0.224s] Level 1:colcon.colcon_core.package_identification:_identify(src/relbot_launch/__MACOSX) by extensions ['colcon_pkg']
[0.224s] Level 1:colcon.colcon_core.package_identification:_identify(src/relbot_launch/__MACOSX) by extension 'colcon_pkg'
[0.224s] Level 1:colcon.colcon_core.package_identification:_identify(src/relbot_launch/__MACOSX) by extensions ['colcon_meta']
[0.224s] Level 1:colcon.colcon_core.package_identification:_identify(src/relbot_launch/__MACOSX) by extension 'colcon_meta'
[0.224s] Level 1:colcon.colcon_core.package_identification:_identify(src/relbot_launch/__MACOSX) by extensions ['ros']
[0.224s] Level 1:colcon.colcon_core.package_identification:_identify(src/relbot_launch/__MACOSX) by extension 'ros'
[0.224s] Level 1:colcon.colcon_core.package_identification:_identify(src/relbot_launch/__MACOSX) by extensions ['cmake', 'python']
[0.224s] Level 1:colcon.colcon_core.package_identification:_identify(src/relbot_launch/__MACOSX) by extension 'cmake'
[0.224s] Level 1:colcon.colcon_core.package_identification:_identify(src/relbot_launch/__MACOSX) by extension 'python'
[0.224s] Level 1:colcon.colcon_core.package_identification:_identify(src/relbot_launch/__MACOSX) by extensions ['python_setup_py']
[0.224s] Level 1:colcon.colcon_core.package_identification:_identify(src/relbot_launch/__MACOSX) by extension 'python_setup_py'
[0.224s] Level 1:colcon.colcon_core.package_identification:_identify(src/relbot_launch/__MACOSX/relbot_launch) by extensions ['ignore', 'ignore_ament_install']
[0.224s] Level 1:colcon.colcon_core.package_identification:_identify(src/relbot_launch/__MACOSX/relbot_launch) by extension 'ignore'
[0.224s] Level 1:colcon.colcon_core.package_identification:_identify(src/relbot_launch/__MACOSX/relbot_launch) by extension 'ignore_ament_install'
[0.225s] Level 1:colcon.colcon_core.package_identification:_identify(src/relbot_launch/__MACOSX/relbot_launch) by extensions ['colcon_pkg']
[0.225s] Level 1:colcon.colcon_core.package_identification:_identify(src/relbot_launch/__MACOSX/relbot_launch) by extension 'colcon_pkg'
[0.225s] Level 1:colcon.colcon_core.package_identification:_identify(src/relbot_launch/__MACOSX/relbot_launch) by extensions ['colcon_meta']
[0.225s] Level 1:colcon.colcon_core.package_identification:_identify(src/relbot_launch/__MACOSX/relbot_launch) by extension 'colcon_meta'
[0.225s] Level 1:colcon.colcon_core.package_identification:_identify(src/relbot_launch/__MACOSX/relbot_launch) by extensions ['ros']
[0.225s] Level 1:colcon.colcon_core.package_identification:_identify(src/relbot_launch/__MACOSX/relbot_launch) by extension 'ros'
[0.225s] Level 1:colcon.colcon_core.package_identification:_identify(src/relbot_launch/__MACOSX/relbot_launch) by extensions ['cmake', 'python']
[0.225s] Level 1:colcon.colcon_core.package_identification:_identify(src/relbot_launch/__MACOSX/relbot_launch) by extension 'cmake'
[0.225s] Level 1:colcon.colcon_core.package_identification:_identify(src/relbot_launch/__MACOSX/relbot_launch) by extension 'python'
[0.225s] Level 1:colcon.colcon_core.package_identification:_identify(src/relbot_launch/__MACOSX/relbot_launch) by extensions ['python_setup_py']
[0.225s] Level 1:colcon.colcon_core.package_identification:_identify(src/relbot_launch/__MACOSX/relbot_launch) by extension 'python_setup_py'
[0.225s] Level 1:colcon.colcon_core.package_identification:_identify(src/relbot_launch/__MACOSX/relbot_launch/launch) by extensions ['ignore', 'ignore_ament_install']
[0.225s] Level 1:colcon.colcon_core.package_identification:_identify(src/relbot_launch/__MACOSX/relbot_launch/launch) by extension 'ignore'
[0.225s] Level 1:colcon.colcon_core.package_identification:_identify(src/relbot_launch/__MACOSX/relbot_launch/launch) by extension 'ignore_ament_install'
[0.225s] Level 1:colcon.colcon_core.package_identification:_identify(src/relbot_launch/__MACOSX/relbot_launch/launch) by extensions ['colcon_pkg']
[0.225s] Level 1:colcon.colcon_core.package_identification:_identify(src/relbot_launch/__MACOSX/relbot_launch/launch) by extension 'colcon_pkg'
[0.225s] Level 1:colcon.colcon_core.package_identification:_identify(src/relbot_launch/__MACOSX/relbot_launch/launch) by extensions ['colcon_meta']
[0.225s] Level 1:colcon.colcon_core.package_identification:_identify(src/relbot_launch/__MACOSX/relbot_launch/launch) by extension 'colcon_meta'
[0.225s] Level 1:colcon.colcon_core.package_identification:_identify(src/relbot_launch/__MACOSX/relbot_launch/launch) by extensions ['ros']
[0.225s] Level 1:colcon.colcon_core.package_identification:_identify(src/relbot_launch/__MACOSX/relbot_launch/launch) by extension 'ros'
[0.225s] Level 1:colcon.colcon_core.package_identification:_identify(src/relbot_launch/__MACOSX/relbot_launch/launch) by extensions ['cmake', 'python']
[0.225s] Level 1:colcon.colcon_core.package_identification:_identify(src/relbot_launch/__MACOSX/relbot_launch/launch) by extension 'cmake'
[0.225s] Level 1:colcon.colcon_core.package_identification:_identify(src/relbot_launch/__MACOSX/relbot_launch/launch) by extension 'python'
[0.225s] Level 1:colcon.colcon_core.package_identification:_identify(src/relbot_launch/__MACOSX/relbot_launch/launch) by extensions ['python_setup_py']
[0.225s] Level 1:colcon.colcon_core.package_identification:_identify(src/relbot_launch/__MACOSX/relbot_launch/launch) by extension 'python_setup_py'
[0.225s] Level 1:colcon.colcon_core.package_identification:_identify(src/relbot_launch/relbot_launch) by extensions ['ignore', 'ignore_ament_install']
[0.225s] Level 1:colcon.colcon_core.package_identification:_identify(src/relbot_launch/relbot_launch) by extension 'ignore'
[0.225s] Level 1:colcon.colcon_core.package_identification:_identify(src/relbot_launch/relbot_launch) by extension 'ignore_ament_install'
[0.226s] Level 1:colcon.colcon_core.package_identification:_identify(src/relbot_launch/relbot_launch) by extensions ['colcon_pkg']
[0.226s] Level 1:colcon.colcon_core.package_identification:_identify(src/relbot_launch/relbot_launch) by extension 'colcon_pkg'
[0.226s] Level 1:colcon.colcon_core.package_identification:_identify(src/relbot_launch/relbot_launch) by extensions ['colcon_meta']
[0.226s] Level 1:colcon.colcon_core.package_identification:_identify(src/relbot_launch/relbot_launch) by extension 'colcon_meta'
[0.226s] Level 1:colcon.colcon_core.package_identification:_identify(src/relbot_launch/relbot_launch) by extensions ['ros']
[0.226s] Level 1:colcon.colcon_core.package_identification:_identify(src/relbot_launch/relbot_launch) by extension 'ros'
[0.226s] DEBUG:colcon.colcon_core.package_identification:Package 'src/relbot_launch/relbot_launch' with type 'ros.ament_cmake' and name 'relbot_launch'
[0.226s] Level 1:colcon.colcon_core.package_identification:_identify(src/relbot_msgs) by extensions ['ignore', 'ignore_ament_install']
[0.226s] Level 1:colcon.colcon_core.package_identification:_identify(src/relbot_msgs) by extension 'ignore'
[0.226s] Level 1:colcon.colcon_core.package_identification:_identify(src/relbot_msgs) by extension 'ignore_ament_install'
[0.226s] Level 1:colcon.colcon_core.package_identification:_identify(src/relbot_msgs) by extensions ['colcon_pkg']
[0.226s] Level 1:colcon.colcon_core.package_identification:_identify(src/relbot_msgs) by extension 'colcon_pkg'
[0.226s] Level 1:colcon.colcon_core.package_identification:_identify(src/relbot_msgs) by extensions ['colcon_meta']
[0.226s] Level 1:colcon.colcon_core.package_identification:_identify(src/relbot_msgs) by extension 'colcon_meta'
[0.226s] Level 1:colcon.colcon_core.package_identification:_identify(src/relbot_msgs) by extensions ['ros']
[0.226s] Level 1:colcon.colcon_core.package_identification:_identify(src/relbot_msgs) by extension 'ros'
[0.227s] DEBUG:colcon.colcon_core.package_identification:Package 'src/relbot_msgs' with type 'ros.ament_cmake' and name 'relbot_msgs'
[0.227s] Level 1:colcon.colcon_core.package_identification:_identify(src/relbot_sequence_controller) by extensions ['ignore', 'ignore_ament_install']
[0.227s] Level 1:colcon.colcon_core.package_identification:_identify(src/relbot_sequence_controller) by extension 'ignore'
[0.227s] Level 1:colcon.colcon_core.package_identification:_identify(src/relbot_sequence_controller) by extension 'ignore_ament_install'
[0.227s] Level 1:colcon.colcon_core.package_identification:_identify(src/relbot_sequence_controller) by extensions ['colcon_pkg']
[0.227s] Level 1:colcon.colcon_core.package_identification:_identify(src/relbot_sequence_controller) by extension 'colcon_pkg'
[0.227s] Level 1:colcon.colcon_core.package_identification:_identify(src/relbot_sequence_controller) by extensions ['colcon_meta']
[0.227s] Level 1:colcon.colcon_core.package_identification:_identify(src/relbot_sequence_controller) by extension 'colcon_meta'
[0.227s] Level 1:colcon.colcon_core.package_identification:_identify(src/relbot_sequence_controller) by extensions ['ros']
[0.227s] Level 1:colcon.colcon_core.package_identification:_identify(src/relbot_sequence_controller) by extension 'ros'
[0.227s] Level 1:colcon.colcon_core.package_identification:_identify(src/relbot_sequence_controller) by extensions ['cmake', 'python']
[0.227s] Level 1:colcon.colcon_core.package_identification:_identify(src/relbot_sequence_controller) by extension 'cmake'
[0.227s] Level 1:colcon.colcon_core.package_identification:_identify(src/relbot_sequence_controller) by extension 'python'
[0.227s] Level 1:colcon.colcon_core.package_identification:_identify(src/relbot_sequence_controller) by extensions ['python_setup_py']
[0.227s] Level 1:colcon.colcon_core.package_identification:_identify(src/relbot_sequence_controller) by extension 'python_setup_py'
[0.227s] Level 1:colcon.colcon_core.package_identification:_identify(src/relbot_sequence_controller/__MACOSX) by extensions ['ignore', 'ignore_ament_install']
[0.227s] Level 1:colcon.colcon_core.package_identification:_identify(src/relbot_sequence_controller/__MACOSX) by extension 'ignore'
[0.227s] Level 1:colcon.colcon_core.package_identification:_identify(src/relbot_sequence_controller/__MACOSX) by extension 'ignore_ament_install'
[0.227s] Level 1:colcon.colcon_core.package_identification:_identify(src/relbot_sequence_controller/__MACOSX) by extensions ['colcon_pkg']
[0.228s] Level 1:colcon.colcon_core.package_identification:_identify(src/relbot_sequence_controller/__MACOSX) by extension 'colcon_pkg'
[0.228s] Level 1:colcon.colcon_core.package_identification:_identify(src/relbot_sequence_controller/__MACOSX) by extensions ['colcon_meta']
[0.228s] Level 1:colcon.colcon_core.package_identification:_identify(src/relbot_sequence_controller/__MACOSX) by extension 'colcon_meta'
[0.228s] Level 1:colcon.colcon_core.package_identification:_identify(src/relbot_sequence_controller/__MACOSX) by extensions ['ros']
[0.228s] Level 1:colcon.colcon_core.package_identification:_identify(src/relbot_sequence_controller/__MACOSX) by extension 'ros'
[0.228s] Level 1:colcon.colcon_core.package_identification:_identify(src/relbot_sequence_controller/__MACOSX) by extensions ['cmake', 'python']
[0.228s] Level 1:colcon.colcon_core.package_identification:_identify(src/relbot_sequence_controller/__MACOSX) by extension 'cmake'
[0.228s] Level 1:colcon.colcon_core.package_identification:_identify(src/relbot_sequence_controller/__MACOSX) by extension 'python'
[0.228s] Level 1:colcon.colcon_core.package_identification:_identify(src/relbot_sequence_controller/__MACOSX) by extensions ['python_setup_py']
[0.228s] Level 1:colcon.colcon_core.package_identification:_identify(src/relbot_sequence_controller/__MACOSX) by extension 'python_setup_py'
[0.228s] Level 1:colcon.colcon_core.package_identification:_identify(src/relbot_sequence_controller/__MACOSX/relbot_sequence_controller) by extensions ['ignore', 'ignore_ament_install']
[0.228s] Level 1:colcon.colcon_core.package_identification:_identify(src/relbot_sequence_controller/__MACOSX/relbot_sequence_controller) by extension 'ignore'
[0.228s] Level 1:colcon.colcon_core.package_identification:_identify(src/relbot_sequence_controller/__MACOSX/relbot_sequence_controller) by extension 'ignore_ament_install'
[0.228s] Level 1:colcon.colcon_core.package_identification:_identify(src/relbot_sequence_controller/__MACOSX/relbot_sequence_controller) by extensions ['colcon_pkg']
[0.228s] Level 1:colcon.colcon_core.package_identification:_identify(src/relbot_sequence_controller/__MACOSX/relbot_sequence_controller) by extension 'colcon_pkg'
[0.228s] Level 1:colcon.colcon_core.package_identification:_identify(src/relbot_sequence_controller/__MACOSX/relbot_sequence_controller) by extensions ['colcon_meta']
[0.228s] Level 1:colcon.colcon_core.package_identification:_identify(src/relbot_sequence_controller/__MACOSX/relbot_sequence_controller) by extension 'colcon_meta'
[0.228s] Level 1:colcon.colcon_core.package_identification:_identify(src/relbot_sequence_controller/__MACOSX/relbot_sequence_controller) by extensions ['ros']
[0.228s] Level 1:colcon.colcon_core.package_identification:_identify(src/relbot_sequence_controller/__MACOSX/relbot_sequence_controller) by extension 'ros'
[0.228s] Level 1:colcon.colcon_core.package_identification:_identify(src/relbot_sequence_controller/__MACOSX/relbot_sequence_controller) by extensions ['cmake', 'python']
[0.228s] Level 1:colcon.colcon_core.package_identification:_identify(src/relbot_sequence_controller/__MACOSX/relbot_sequence_controller) by extension 'cmake'
[0.228s] Level 1:colcon.colcon_core.package_identification:_identify(src/relbot_sequence_controller/__MACOSX/relbot_sequence_controller) by extension 'python'
[0.228s] Level 1:colcon.colcon_core.package_identification:_identify(src/relbot_sequence_controller/__MACOSX/relbot_sequence_controller) by extensions ['python_setup_py']
[0.228s] Level 1:colcon.colcon_core.package_identification:_identify(src/relbot_sequence_controller/__MACOSX/relbot_sequence_controller) by extension 'python_setup_py'
[0.228s] Level 1:colcon.colcon_core.package_identification:_identify(src/relbot_sequence_controller/__MACOSX/relbot_sequence_controller/include) by extensions ['ignore', 'ignore_ament_install']
[0.228s] Level 1:colcon.colcon_core.package_identification:_identify(src/relbot_sequence_controller/__MACOSX/relbot_sequence_controller/include) by extension 'ignore'
[0.228s] Level 1:colcon.colcon_core.package_identification:_identify(src/relbot_sequence_controller/__MACOSX/relbot_sequence_controller/include) by extension 'ignore_ament_install'
[0.229s] Level 1:colcon.colcon_core.package_identification:_identify(src/relbot_sequence_controller/__MACOSX/relbot_sequence_controller/include) by extensions ['colcon_pkg']
[0.229s] Level 1:colcon.colcon_core.package_identification:_identify(src/relbot_sequence_controller/__MACOSX/relbot_sequence_controller/include) by extension 'colcon_pkg'
[0.229s] Level 1:colcon.colcon_core.package_identification:_identify(src/relbot_sequence_controller/__MACOSX/relbot_sequence_controller/include) by extensions ['colcon_meta']
[0.229s] Level 1:colcon.colcon_core.package_identification:_identify(src/relbot_sequence_controller/__MACOSX/relbot_sequence_controller/include) by extension 'colcon_meta'
[0.229s] Level 1:colcon.colcon_core.package_identification:_identify(src/relbot_sequence_controller/__MACOSX/relbot_sequence_controller/include) by extensions ['ros']
[0.229s] Level 1:colcon.colcon_core.package_identification:_identify(src/relbot_sequence_controller/__MACOSX/relbot_sequence_controller/include) by extension 'ros'
[0.229s] Level 1:colcon.colcon_core.package_identification:_identify(src/relbot_sequence_controller/__MACOSX/relbot_sequence_controller/include) by extensions ['cmake', 'python']
[0.229s] Level 1:colcon.colcon_core.package_identification:_identify(src/relbot_sequence_controller/__MACOSX/relbot_sequence_controller/include) by extension 'cmake'
[0.229s] Level 1:colcon.colcon_core.package_identification:_identify(src/relbot_sequence_controller/__MACOSX/relbot_sequence_controller/include) by extension 'python'
[0.229s] Level 1:colcon.colcon_core.package_identification:_identify(src/relbot_sequence_controller/__MACOSX/relbot_sequence_controller/include) by extensions ['python_setup_py']
[0.229s] Level 1:colcon.colcon_core.package_identification:_identify(src/relbot_sequence_controller/__MACOSX/relbot_sequence_controller/include) by extension 'python_setup_py'
[0.229s] Level 1:colcon.colcon_core.package_identification:_identify(src/relbot_sequence_controller/relbot_sequence_controller) by extensions ['ignore', 'ignore_ament_install']
[0.229s] Level 1:colcon.colcon_core.package_identification:_identify(src/relbot_sequence_controller/relbot_sequence_controller) by extension 'ignore'
[0.229s] Level 1:colcon.colcon_core.package_identification:_identify(src/relbot_sequence_controller/relbot_sequence_controller) by extension 'ignore_ament_install'
[0.229s] Level 1:colcon.colcon_core.package_identification:_identify(src/relbot_sequence_controller/relbot_sequence_controller) by extensions ['colcon_pkg']
[0.229s] Level 1:colcon.colcon_core.package_identification:_identify(src/relbot_sequence_controller/relbot_sequence_controller) by extension 'colcon_pkg'
[0.229s] Level 1:colcon.colcon_core.package_identification:_identify(src/relbot_sequence_controller/relbot_sequence_controller) by extensions ['colcon_meta']
[0.229s] Level 1:colcon.colcon_core.package_identification:_identify(src/relbot_sequence_controller/relbot_sequence_controller) by extension 'colcon_meta'
[0.229s] Level 1:colcon.colcon_core.package_identification:_identify(src/relbot_sequence_controller/relbot_sequence_controller) by extensions ['ros']
[0.229s] Level 1:colcon.colcon_core.package_identification:_identify(src/relbot_sequence_controller/relbot_sequence_controller) by extension 'ros'
[0.230s] DEBUG:colcon.colcon_core.package_identification:Package 'src/relbot_sequence_controller/relbot_sequence_controller' with type 'ros.ament_cmake' and name 'relbot_sequence_controller'
[0.230s] Level 1:colcon.colcon_core.package_identification:_identify(src/relbot_simulator) by extensions ['ignore', 'ignore_ament_install']
[0.230s] Level 1:colcon.colcon_core.package_identification:_identify(src/relbot_simulator) by extension 'ignore'
[0.230s] Level 1:colcon.colcon_core.package_identification:_identify(src/relbot_simulator) by extension 'ignore_ament_install'
[0.230s] Level 1:colcon.colcon_core.package_identification:_identify(src/relbot_simulator) by extensions ['colcon_pkg']
[0.230s] Level 1:colcon.colcon_core.package_identification:_identify(src/relbot_simulator) by extension 'colcon_pkg'
[0.230s] Level 1:colcon.colcon_core.package_identification:_identify(src/relbot_simulator) by extensions ['colcon_meta']
[0.230s] Level 1:colcon.colcon_core.package_identification:_identify(src/relbot_simulator) by extension 'colcon_meta'
[0.230s] Level 1:colcon.colcon_core.package_identification:_identify(src/relbot_simulator) by extensions ['ros']
[0.230s] Level 1:colcon.colcon_core.package_identification:_identify(src/relbot_simulator) by extension 'ros'
[0.231s] DEBUG:colcon.colcon_core.package_identification:Package 'src/relbot_simulator' with type 'ros.ament_cmake' and name 'relbot_simulator'
[0.231s] Level 1:colcon.colcon_core.package_discovery:discover_packages(recursive) using defaults
[0.231s] Level 1:colcon.colcon_core.package_discovery:discover_packages(ignore) discover
[0.231s] Level 1:colcon.colcon_core.package_discovery:discover_packages(ignore) using defaults
[0.231s] Level 1:colcon.colcon_core.package_discovery:discover_packages(path) discover
[0.231s] Level 1:colcon.colcon_core.package_discovery:discover_packages(path) using defaults
[0.253s] INFO:colcon.colcon_core.package_selection:Skipping not selected package 'image_functions_sdfr' in 'src/image_functions_sdfr/image_functions_sdfr'
[0.253s] INFO:colcon.colcon_core.package_selection:Skipping not selected package 'relbot2turtlesim' in 'src/relbot2turtlesim/relbot2turtlesim'
[0.253s] INFO:colcon.colcon_core.package_selection:Skipping not selected package 'relbot_adapter' in 'src/relbot_adapter'
[0.253s] INFO:colcon.colcon_core.package_selection:Skipping not selected package 'relbot_launch' in 'src/relbot_launch/relbot_launch'
[0.253s] INFO:colcon.colcon_core.package_selection:Skipping not selected package 'relbot_msgs' in 'src/relbot_msgs'
[0.253s] INFO:colcon.colcon_core.package_selection:Skipping not selected package 'relbot_sequence_controller' in 'src/relbot_sequence_controller/relbot_sequence_controller'
[0.253s] INFO:colcon.colcon_core.package_selection:Skipping not selected package 'relbot_simulator' in 'src/relbot_simulator'
[0.254s] Level 1:colcon.colcon_core.package_discovery:discover_packages(prefix_path) check parameters
[0.254s] Level 1:colcon.colcon_core.package_discovery:discover_packages(prefix_path) discover
[0.255s] DEBUG:colcon.colcon_installed_package_information.package_discovery:Found 6 installed packages in /home/srik/ros_ubuntu/ros2_ws/install
[0.256s] DEBUG:colcon.colcon_installed_package_information.package_discovery:Found 272 installed packages in /opt/ros/humble
[0.257s] Level 1:colcon.colcon_core.package_discovery:discover_packages(prefix_path) using defaults
[0.286s] INFO:colcon.colcon_core.executor:Executing jobs using 'parallel' executor
[0.287s] DEBUG:colcon.colcon_parallel_executor.executor.parallel:run_until_complete
[0.288s] DEBUG:colcon.colcon_parallel_executor.executor.parallel:closing loop
[0.288s] DEBUG:colcon.colcon_parallel_executor.executor.parallel:loop closed
[0.288s] DEBUG:colcon.colcon_parallel_executor.executor.parallel:run_until_complete finished with '0'
[0.288s] DEBUG:colcon.colcon_core.event_reactor:joining thread
[0.291s] INFO:colcon.colcon_core.plugin_system:Skipping extension 'colcon_notification.desktop_notification.notify_send': Could not find 'notify-send'
[0.291s] INFO:colcon.colcon_core.plugin_system:Skipping extension 'colcon_notification.desktop_notification.terminal_notifier': Not used on non-Darwin systems
[0.291s] INFO:colcon.colcon_core.plugin_system:Skipping extension 'colcon_notification.desktop_notification.win32': Not used on non-Windows systems
[0.291s] INFO:colcon.colcon_notification.desktop_notification:Sending desktop notification using 'notify2'
[0.301s] DEBUG:colcon.colcon_core.event_reactor:joined thread
[0.303s] INFO:colcon.colcon_core.plugin_system:Skipping extension 'colcon_core.shell.bat': Not used on non-Windows systems
[0.303s] INFO:colcon.colcon_core.shell:Creating prefix script '/home/srik/ros_ubuntu/ros2_ws/install/local_setup.ps1'
[0.304s] INFO:colcon.colcon_core.shell:Creating prefix util module '/home/srik/ros_ubuntu/ros2_ws/install/_local_setup_util_ps1.py'
[0.305s] INFO:colcon.colcon_core.shell:Creating prefix chain script '/home/srik/ros_ubuntu/ros2_ws/install/setup.ps1'
[0.306s] INFO:colcon.colcon_core.shell:Creating prefix script '/home/srik/ros_ubuntu/ros2_ws/install/local_setup.sh'
[0.307s] INFO:colcon.colcon_core.shell:Creating prefix util module '/home/srik/ros_ubuntu/ros2_ws/install/_local_setup_util_sh.py'
[0.308s] INFO:colcon.colcon_core.shell:Creating prefix chain script '/home/srik/ros_ubuntu/ros2_ws/install/setup.sh'
[0.309s] INFO:colcon.colcon_core.shell:Creating prefix script '/home/srik/ros_ubuntu/ros2_ws/install/local_setup.bash'
[0.309s] INFO:colcon.colcon_core.shell:Creating prefix chain script '/home/srik/ros_ubuntu/ros2_ws/install/setup.bash'
[0.310s] INFO:colcon.colcon_core.shell:Creating prefix script '/home/srik/ros_ubuntu/ros2_ws/install/local_setup.zsh'
[0.310s] INFO:colcon.colcon_core.shell:Creating prefix chain script '/home/srik/ros_ubuntu/ros2_ws/install/setup.zsh'
