[0.006s] Invoking command in '/home/raghav742/SDfR/Assignments/assignment6/ros2_ws/build/relbot_msgs': CMAKE_PREFIX_PATH=/opt/ros/humble /usr/bin/cmake /home/raghav742/SDfR/Assignments/assignment6/ros2_ws/src/relbot_msgs -DCMAKE_INSTALL_PREFIX=/home/raghav742/SDfR/Assignments/assignment6/ros2_ws/install/relbot_msgs
[0.038s] -- The C compiler identification is GNU 11.4.0
[0.079s] -- The CXX compiler identification is GNU 11.4.0
[0.083s] -- Detecting C compiler ABI info
[0.140s] -- Detecting C compiler ABI info - done
[0.145s] -- Check for working C compiler: /usr/bin/cc - skipped
[0.145s] -- Detecting C compile features
[0.146s] -- Detecting C compile features - done
[0.149s] -- Detecting CXX compiler ABI info
[0.200s] -- Detecting CXX compiler ABI info - done
[0.208s] -- Check for working CXX compiler: /usr/bin/c++ - skipped
[0.208s] -- Detecting CXX compile features
[0.208s] -- Detecting CXX compile features - done
[0.210s] -- Found ament_cmake: 1.3.14 (/opt/ros/humble/share/ament_cmake/cmake)
[0.308s] -- Found Python3: /usr/bin/python3 (found version "3.10.12") found components: Interpreter 
[0.371s] -- Found rosidl_default_generators: 1.2.1 (/opt/ros/humble/share/rosidl_default_generators/cmake)
[0.372s] -- Using all available rosidl_typesupport_c: rosidl_typesupport_fastrtps_c;rosidl_typesupport_introspection_c
[0.376s] -- Found rosidl_adapter: 3.1.8 (/opt/ros/humble/share/rosidl_adapter/cmake)
[0.398s] -- Using all available rosidl_typesupport_cpp: rosidl_typesupport_fastrtps_cpp;rosidl_typesupport_introspection_cpp
[0.420s] -- Found std_msgs: 4.9.1 (/opt/ros/humble/share/std_msgs/cmake)
[0.611s] -- Found ament_cmake_cppcheck: 0.12.15 (/opt/ros/humble/share/ament_cmake_cppcheck/cmake)
[0.612s] -- Found ament_cmake_cpplint: 0.12.15 (/opt/ros/humble/share/ament_cmake_cpplint/cmake)
[0.613s] -- Found ament_cmake_uncrustify: 0.12.15 (/opt/ros/humble/share/ament_cmake_uncrustify/cmake)
[0.614s] -- Found ament_cmake_ros: 0.10.0 (/opt/ros/humble/share/ament_cmake_ros/cmake)
[0.752s] -- Using all available rosidl_typesupport_c: rosidl_typesupport_fastrtps_c;rosidl_typesupport_introspection_c
[0.923s] -- Using all available rosidl_typesupport_cpp: rosidl_typesupport_fastrtps_cpp;rosidl_typesupport_introspection_cpp
[0.937s] -- Found PythonInterp: /usr/bin/python3 (found suitable version "3.10.12", minimum required is "3.6") 
[0.938s] -- Found python_cmake_module: 0.10.0 (/opt/ros/humble/share/python_cmake_module/cmake)
[0.953s] -- Found PythonLibs: /usr/lib/x86_64-linux-gnu/libpython3.10.so (found suitable version "3.10.12", minimum required is "3.5") 
[0.953s] -- Using PYTHON_EXECUTABLE: /usr/bin/python3
[0.953s] -- Using PYTHON_INCLUDE_DIRS: /usr/include/python3.10
[0.953s] -- Using PYTHON_LIBRARIES: /usr/lib/x86_64-linux-gnu/libpython3.10.so
[0.966s] -- Found PythonExtra: .so  
[0.996s] -- Found ament_cmake_flake8: 0.12.15 (/opt/ros/humble/share/ament_cmake_flake8/cmake)
[0.997s] -- Found ament_cmake_pep257: 0.12.15 (/opt/ros/humble/share/ament_cmake_pep257/cmake)
[1.046s] -- Found ament_lint_auto: 0.12.15 (/opt/ros/humble/share/ament_lint_auto/cmake)
[1.054s] -- Added test 'lint_cmake' to check CMake code style
[1.054s] -- Added test 'xmllint' to check XML markup files
[1.055s] -- Configuring done
[1.075s] -- Generating done
[1.083s] -- Build files have been written to: /home/raghav742/SDfR/Assignments/assignment6/ros2_ws/build/relbot_msgs
[1.089s] Invoked command in '/home/raghav742/SDfR/Assignments/assignment6/ros2_ws/build/relbot_msgs' returned '0': CMAKE_PREFIX_PATH=/opt/ros/humble /usr/bin/cmake /home/raghav742/SDfR/Assignments/assignment6/ros2_ws/src/relbot_msgs -DCMAKE_INSTALL_PREFIX=/home/raghav742/SDfR/Assignments/assignment6/ros2_ws/install/relbot_msgs
[1.091s] Invoking command in '/home/raghav742/SDfR/Assignments/assignment6/ros2_ws/build/relbot_msgs': CMAKE_PREFIX_PATH=/opt/ros/humble /usr/bin/cmake --build /home/raghav742/SDfR/Assignments/assignment6/ros2_ws/build/relbot_msgs -- -j8 -l8
[1.112s] [  2%] [34m[1mGenerating C code for ROS interfaces[0m
[1.117s] [  7%] [34m[1mGenerating Rust code for ROS interfaces[0m
[1.117s] [  7%] [34m[1mGenerating C++ code for ROS interfaces[0m
[1.122s] [  7%] Built target ament_cmake_python_copy_relbot_msgs
[1.345s] running egg_info
[1.346s] creating relbot_msgs.egg-info
[1.346s] writing relbot_msgs.egg-info/PKG-INFO
[1.347s] writing dependency_links to relbot_msgs.egg-info/dependency_links.txt
[1.347s] writing top-level names to relbot_msgs.egg-info/top_level.txt
[1.347s] writing manifest file 'relbot_msgs.egg-info/SOURCES.txt'
[1.350s] reading manifest file 'relbot_msgs.egg-info/SOURCES.txt'
[1.350s] writing manifest file 'relbot_msgs.egg-info/SOURCES.txt'
[1.356s] [  7%] Built target relbot_msgs__rs
[1.373s] [  7%] Built target ament_cmake_python_build_relbot_msgs_egg
[1.410s] [  7%] Built target relbot_msgs__cpp
[1.410s] [ 10%] [32mBuilding C object CMakeFiles/relbot_msgs__rosidl_generator_c.dir/rosidl_generator_c/relbot_msgs/msg/detail/relbot_motors__functions.c.o[0m
[1.410s] [ 12%] [32mBuilding C object CMakeFiles/relbot_msgs__rosidl_generator_c.dir/rosidl_generator_c/relbot_msgs/msg/detail/relbot_motors_stamped__functions.c.o[0m
[1.417s] [ 15%] [34m[1mGenerating C++ introspection for ROS interfaces[0m
[1.418s] [ 20%] [34m[1mGenerating C++ type support dispatch for ROS interfaces[0m
[1.418s] [ 20%] [34m[1mGenerating C++ type support for eProsima Fast-RTPS[0m
[1.450s] [ 22%] [32m[1mLinking C shared library librelbot_msgs__rosidl_generator_c.so[0m
[1.475s] [ 22%] Built target relbot_msgs__rosidl_generator_c
[1.481s] [ 25%] [34m[1mGenerating C type support dispatch for ROS interfaces[0m
[1.482s] [ 30%] [34m[1mGenerating C type support for eProsima Fast-RTPS[0m
[1.482s] [ 30%] [34m[1mGenerating C introspection for ROS interfaces[0m
[1.728s] [ 32%] [32mBuilding CXX object CMakeFiles/relbot_msgs__rosidl_typesupport_c.dir/rosidl_typesupport_c/relbot_msgs/msg/relbot_motors__type_support.cpp.o[0m
[1.728s] [ 35%] [32mBuilding CXX object CMakeFiles/relbot_msgs__rosidl_typesupport_c.dir/rosidl_typesupport_c/relbot_msgs/msg/relbot_motors_stamped__type_support.cpp.o[0m
[1.765s] [ 37%] [32m[1mLinking CXX shared library librelbot_msgs__rosidl_typesupport_c.so[0m
[1.774s] [ 42%] [32mBuilding CXX object CMakeFiles/relbot_msgs__rosidl_typesupport_fastrtps_c.dir/rosidl_typesupport_fastrtps_c/relbot_msgs/msg/detail/relbot_motors_stamped__type_support_c.cpp.o[0m
[1.774s] [ 42%] [32mBuilding CXX object CMakeFiles/relbot_msgs__rosidl_typesupport_fastrtps_c.dir/rosidl_typesupport_fastrtps_c/relbot_msgs/msg/detail/relbot_motors__type_support_c.cpp.o[0m
[1.796s] [ 42%] Built target relbot_msgs__rosidl_typesupport_c
[1.831s] [ 45%] [32mBuilding CXX object CMakeFiles/relbot_msgs__rosidl_typesupport_cpp.dir/rosidl_typesupport_cpp/relbot_msgs/msg/relbot_motors_stamped__type_support.cpp.o[0m
[1.835s] [ 47%] [32mBuilding CXX object CMakeFiles/relbot_msgs__rosidl_typesupport_cpp.dir/rosidl_typesupport_cpp/relbot_msgs/msg/relbot_motors__type_support.cpp.o[0m
[1.836s] [ 50%] [32mBuilding CXX object CMakeFiles/relbot_msgs__rosidl_typesupport_introspection_cpp.dir/rosidl_typesupport_introspection_cpp/relbot_msgs/msg/detail/relbot_motors_stamped__type_support.cpp.o[0m
[1.836s] [ 52%] [32mBuilding CXX object CMakeFiles/relbot_msgs__rosidl_typesupport_introspection_cpp.dir/rosidl_typesupport_introspection_cpp/relbot_msgs/msg/detail/relbot_motors__type_support.cpp.o[0m
[1.907s] [ 55%] [32mBuilding CXX object CMakeFiles/relbot_msgs__rosidl_typesupport_fastrtps_cpp.dir/rosidl_typesupport_fastrtps_cpp/relbot_msgs/msg/detail/dds_fastrtps/relbot_motors__type_support.cpp.o[0m
[1.949s] [ 57%] [32mBuilding C object CMakeFiles/relbot_msgs__rosidl_typesupport_introspection_c.dir/rosidl_typesupport_introspection_c/relbot_msgs/msg/detail/relbot_motors__type_support.c.o[0m
[1.992s] [ 60%] [32mBuilding C object CMakeFiles/relbot_msgs__rosidl_typesupport_introspection_c.dir/rosidl_typesupport_introspection_c/relbot_msgs/msg/detail/relbot_motors_stamped__type_support.c.o[0m
[2.039s] [ 62%] [32m[1mLinking C shared library librelbot_msgs__rosidl_typesupport_introspection_c.so[0m
[2.077s] [ 62%] Built target relbot_msgs__rosidl_typesupport_introspection_c
[2.087s] [ 65%] [32mBuilding CXX object CMakeFiles/relbot_msgs__rosidl_typesupport_fastrtps_cpp.dir/rosidl_typesupport_fastrtps_cpp/relbot_msgs/msg/detail/dds_fastrtps/relbot_motors_stamped__type_support.cpp.o[0m
[2.234s] [ 67%] [32m[1mLinking CXX shared library librelbot_msgs__rosidl_typesupport_cpp.so[0m
[2.275s] [ 70%] [32m[1mLinking CXX shared library librelbot_msgs__rosidl_typesupport_fastrtps_c.so[0m
[2.281s] [ 70%] Built target relbot_msgs__rosidl_typesupport_cpp
[2.341s] [ 70%] Built target relbot_msgs__rosidl_typesupport_fastrtps_c
[2.392s] [ 72%] [32m[1mLinking CXX shared library librelbot_msgs__rosidl_typesupport_introspection_cpp.so[0m
[2.443s] [ 72%] Built target relbot_msgs__rosidl_typesupport_introspection_cpp
[2.520s] [ 75%] [32m[1mLinking CXX shared library librelbot_msgs__rosidl_typesupport_fastrtps_cpp.so[0m
[2.567s] [ 75%] Built target relbot_msgs__rosidl_typesupport_fastrtps_cpp
[2.579s] [ 75%] Built target relbot_msgs
[2.590s] [ 77%] [34m[1mGenerating Python code for ROS interfaces[0m
[2.894s] [ 77%] Built target relbot_msgs__py
[2.905s] [ 82%] [32mBuilding C object CMakeFiles/relbot_msgs__rosidl_generator_py.dir/rosidl_generator_py/relbot_msgs/msg/_relbot_motors_s.c.o[0m
[2.905s] [ 82%] [32mBuilding C object CMakeFiles/relbot_msgs__rosidl_generator_py.dir/rosidl_generator_py/relbot_msgs/msg/_relbot_motors_stamped_s.c.o[0m
[2.976s] [ 85%] [32m[1mLinking C shared library rosidl_generator_py/relbot_msgs/librelbot_msgs__rosidl_generator_py.so[0m
[3.000s] [ 85%] Built target relbot_msgs__rosidl_generator_py
[3.012s] [ 92%] [32mBuilding C object CMakeFiles/relbot_msgs__rosidl_typesupport_fastrtps_c__pyext.dir/rosidl_generator_py/relbot_msgs/_relbot_msgs_s.ep.rosidl_typesupport_fastrtps_c.c.o[0m
[3.012s] [ 92%] [32mBuilding C object CMakeFiles/relbot_msgs__rosidl_typesupport_introspection_c__pyext.dir/rosidl_generator_py/relbot_msgs/_relbot_msgs_s.ep.rosidl_typesupport_introspection_c.c.o[0m
[3.012s] [ 92%] [32mBuilding C object CMakeFiles/relbot_msgs__rosidl_typesupport_c__pyext.dir/rosidl_generator_py/relbot_msgs/_relbot_msgs_s.ep.rosidl_typesupport_c.c.o[0m
[3.095s] [ 95%] [32m[1mLinking C shared library rosidl_generator_py/relbot_msgs/relbot_msgs_s__rosidl_typesupport_fastrtps_c.cpython-310-x86_64-linux-gnu.so[0m
[3.095s] [ 97%] [32m[1mLinking C shared library rosidl_generator_py/relbot_msgs/relbot_msgs_s__rosidl_typesupport_introspection_c.cpython-310-x86_64-linux-gnu.so[0m
[3.095s] [100%] [32m[1mLinking C shared library rosidl_generator_py/relbot_msgs/relbot_msgs_s__rosidl_typesupport_c.cpython-310-x86_64-linux-gnu.so[0m
[3.121s] [100%] Built target relbot_msgs__rosidl_typesupport_c__pyext
[3.121s] [100%] Built target relbot_msgs__rosidl_typesupport_introspection_c__pyext
[3.121s] [100%] Built target relbot_msgs__rosidl_typesupport_fastrtps_c__pyext
[3.128s] Invoked command in '/home/raghav742/SDfR/Assignments/assignment6/ros2_ws/build/relbot_msgs' returned '0': CMAKE_PREFIX_PATH=/opt/ros/humble /usr/bin/cmake --build /home/raghav742/SDfR/Assignments/assignment6/ros2_ws/build/relbot_msgs -- -j8 -l8
[3.136s] Invoking command in '/home/raghav742/SDfR/Assignments/assignment6/ros2_ws/build/relbot_msgs': CMAKE_PREFIX_PATH=/opt/ros/humble /usr/bin/cmake --install /home/raghav742/SDfR/Assignments/assignment6/ros2_ws/build/relbot_msgs
[3.140s] -- Install configuration: ""
[3.141s] -- Installing: /home/raghav742/SDfR/Assignments/assignment6/ros2_ws/install/relbot_msgs/share/ament_index/resource_index/rosidl_interfaces/relbot_msgs
[3.141s] -- Installing: /home/raghav742/SDfR/Assignments/assignment6/ros2_ws/install/relbot_msgs/include/relbot_msgs/relbot_msgs
[3.141s] -- Installing: /home/raghav742/SDfR/Assignments/assignment6/ros2_ws/install/relbot_msgs/include/relbot_msgs/relbot_msgs/msg
[3.141s] -- Installing: /home/raghav742/SDfR/Assignments/assignment6/ros2_ws/install/relbot_msgs/include/relbot_msgs/relbot_msgs/msg/relbot_motors_stamped.h
[3.141s] -- Installing: /home/raghav742/SDfR/Assignments/assignment6/ros2_ws/install/relbot_msgs/include/relbot_msgs/relbot_msgs/msg/rosidl_generator_c__visibility_control.h
[3.141s] -- Installing: /home/raghav742/SDfR/Assignments/assignment6/ros2_ws/install/relbot_msgs/include/relbot_msgs/relbot_msgs/msg/detail
[3.141s] -- Installing: /home/raghav742/SDfR/Assignments/assignment6/ros2_ws/install/relbot_msgs/include/relbot_msgs/relbot_msgs/msg/detail/relbot_motors__struct.h
[3.141s] -- Installing: /home/raghav742/SDfR/Assignments/assignment6/ros2_ws/install/relbot_msgs/include/relbot_msgs/relbot_msgs/msg/detail/relbot_motors__functions.c
[3.141s] -- Installing: /home/raghav742/SDfR/Assignments/assignment6/ros2_ws/install/relbot_msgs/include/relbot_msgs/relbot_msgs/msg/detail/relbot_motors_stamped__struct.h
[3.141s] -- Installing: /home/raghav742/SDfR/Assignments/assignment6/ros2_ws/install/relbot_msgs/include/relbot_msgs/relbot_msgs/msg/detail/relbot_motors_stamped__functions.h
[3.141s] -- Installing: /home/raghav742/SDfR/Assignments/assignment6/ros2_ws/install/relbot_msgs/include/relbot_msgs/relbot_msgs/msg/detail/relbot_motors_stamped__functions.c
[3.141s] -- Installing: /home/raghav742/SDfR/Assignments/assignment6/ros2_ws/install/relbot_msgs/include/relbot_msgs/relbot_msgs/msg/detail/relbot_motors__type_support.h
[3.141s] -- Installing: /home/raghav742/SDfR/Assignments/assignment6/ros2_ws/install/relbot_msgs/include/relbot_msgs/relbot_msgs/msg/detail/relbot_motors_stamped__type_support.h
[3.141s] -- Installing: /home/raghav742/SDfR/Assignments/assignment6/ros2_ws/install/relbot_msgs/include/relbot_msgs/relbot_msgs/msg/detail/relbot_motors__functions.h
[3.141s] -- Installing: /home/raghav742/SDfR/Assignments/assignment6/ros2_ws/install/relbot_msgs/include/relbot_msgs/relbot_msgs/msg/relbot_motors.h
[3.141s] -- Installing: /home/raghav742/SDfR/Assignments/assignment6/ros2_ws/install/relbot_msgs/share/relbot_msgs/environment/library_path.sh
[3.141s] -- Installing: /home/raghav742/SDfR/Assignments/assignment6/ros2_ws/install/relbot_msgs/share/relbot_msgs/environment/library_path.dsv
[3.141s] -- Installing: /home/raghav742/SDfR/Assignments/assignment6/ros2_ws/install/relbot_msgs/lib/librelbot_msgs__rosidl_generator_c.so
[3.142s] -- Set runtime path of "/home/raghav742/SDfR/Assignments/assignment6/ros2_ws/install/relbot_msgs/lib/librelbot_msgs__rosidl_generator_c.so" to ""
[3.142s] -- Up-to-date: /home/raghav742/SDfR/Assignments/assignment6/ros2_ws/install/relbot_msgs/include/relbot_msgs/relbot_msgs
[3.142s] -- Up-to-date: /home/raghav742/SDfR/Assignments/assignment6/ros2_ws/install/relbot_msgs/include/relbot_msgs/relbot_msgs/msg
[3.142s] -- Installing: /home/raghav742/SDfR/Assignments/assignment6/ros2_ws/install/relbot_msgs/include/relbot_msgs/relbot_msgs/msg/rosidl_typesupport_fastrtps_c__visibility_control.h
[3.142s] -- Up-to-date: /home/raghav742/SDfR/Assignments/assignment6/ros2_ws/install/relbot_msgs/include/relbot_msgs/relbot_msgs/msg/detail
[3.142s] -- Installing: /home/raghav742/SDfR/Assignments/assignment6/ros2_ws/install/relbot_msgs/include/relbot_msgs/relbot_msgs/msg/detail/relbot_motors__rosidl_typesupport_fastrtps_c.h
[3.142s] -- Installing: /home/raghav742/SDfR/Assignments/assignment6/ros2_ws/install/relbot_msgs/include/relbot_msgs/relbot_msgs/msg/detail/relbot_motors_stamped__rosidl_typesupport_fastrtps_c.h
[3.142s] -- Installing: /home/raghav742/SDfR/Assignments/assignment6/ros2_ws/install/relbot_msgs/lib/librelbot_msgs__rosidl_typesupport_fastrtps_c.so
[3.142s] -- Set runtime path of "/home/raghav742/SDfR/Assignments/assignment6/ros2_ws/install/relbot_msgs/lib/librelbot_msgs__rosidl_typesupport_fastrtps_c.so" to ""
[3.142s] -- Up-to-date: /home/raghav742/SDfR/Assignments/assignment6/ros2_ws/install/relbot_msgs/include/relbot_msgs/relbot_msgs
[3.142s] -- Up-to-date: /home/raghav742/SDfR/Assignments/assignment6/ros2_ws/install/relbot_msgs/include/relbot_msgs/relbot_msgs/msg
[3.142s] -- Installing: /home/raghav742/SDfR/Assignments/assignment6/ros2_ws/install/relbot_msgs/include/relbot_msgs/relbot_msgs/msg/rosidl_typesupport_introspection_c__visibility_control.h
[3.142s] -- Up-to-date: /home/raghav742/SDfR/Assignments/assignment6/ros2_ws/install/relbot_msgs/include/relbot_msgs/relbot_msgs/msg/detail
[3.142s] -- Installing: /home/raghav742/SDfR/Assignments/assignment6/ros2_ws/install/relbot_msgs/include/relbot_msgs/relbot_msgs/msg/detail/relbot_motors_stamped__rosidl_typesupport_introspection_c.h
[3.142s] -- Installing: /home/raghav742/SDfR/Assignments/assignment6/ros2_ws/install/relbot_msgs/include/relbot_msgs/relbot_msgs/msg/detail/relbot_motors__type_support.c
[3.143s] -- Installing: /home/raghav742/SDfR/Assignments/assignment6/ros2_ws/install/relbot_msgs/include/relbot_msgs/relbot_msgs/msg/detail/relbot_motors__rosidl_typesupport_introspection_c.h
[3.143s] -- Installing: /home/raghav742/SDfR/Assignments/assignment6/ros2_ws/install/relbot_msgs/include/relbot_msgs/relbot_msgs/msg/detail/relbot_motors_stamped__type_support.c
[3.143s] -- Installing: /home/raghav742/SDfR/Assignments/assignment6/ros2_ws/install/relbot_msgs/lib/librelbot_msgs__rosidl_typesupport_introspection_c.so
[3.143s] -- Set runtime path of "/home/raghav742/SDfR/Assignments/assignment6/ros2_ws/install/relbot_msgs/lib/librelbot_msgs__rosidl_typesupport_introspection_c.so" to ""
[3.143s] -- Installing: /home/raghav742/SDfR/Assignments/assignment6/ros2_ws/install/relbot_msgs/lib/librelbot_msgs__rosidl_typesupport_c.so
[3.143s] -- Set runtime path of "/home/raghav742/SDfR/Assignments/assignment6/ros2_ws/install/relbot_msgs/lib/librelbot_msgs__rosidl_typesupport_c.so" to ""
[3.143s] -- Up-to-date: /home/raghav742/SDfR/Assignments/assignment6/ros2_ws/install/relbot_msgs/include/relbot_msgs/relbot_msgs
[3.143s] -- Up-to-date: /home/raghav742/SDfR/Assignments/assignment6/ros2_ws/install/relbot_msgs/include/relbot_msgs/relbot_msgs/msg
[3.143s] -- Installing: /home/raghav742/SDfR/Assignments/assignment6/ros2_ws/install/relbot_msgs/include/relbot_msgs/relbot_msgs/msg/relbot_motors.hpp
[3.143s] -- Installing: /home/raghav742/SDfR/Assignments/assignment6/ros2_ws/install/relbot_msgs/include/relbot_msgs/relbot_msgs/msg/rosidl_generator_cpp__visibility_control.hpp
[3.143s] -- Up-to-date: /home/raghav742/SDfR/Assignments/assignment6/ros2_ws/install/relbot_msgs/include/relbot_msgs/relbot_msgs/msg/detail
[3.143s] -- Installing: /home/raghav742/SDfR/Assignments/assignment6/ros2_ws/install/relbot_msgs/include/relbot_msgs/relbot_msgs/msg/detail/relbot_motors__builder.hpp
[3.143s] -- Installing: /home/raghav742/SDfR/Assignments/assignment6/ros2_ws/install/relbot_msgs/include/relbot_msgs/relbot_msgs/msg/detail/relbot_motors_stamped__struct.hpp
[3.143s] -- Installing: /home/raghav742/SDfR/Assignments/assignment6/ros2_ws/install/relbot_msgs/include/relbot_msgs/relbot_msgs/msg/detail/relbot_motors_stamped__builder.hpp
[3.143s] -- Installing: /home/raghav742/SDfR/Assignments/assignment6/ros2_ws/install/relbot_msgs/include/relbot_msgs/relbot_msgs/msg/detail/relbot_motors__struct.hpp
[3.143s] -- Installing: /home/raghav742/SDfR/Assignments/assignment6/ros2_ws/install/relbot_msgs/include/relbot_msgs/relbot_msgs/msg/detail/relbot_motors__type_support.hpp
[3.143s] -- Installing: /home/raghav742/SDfR/Assignments/assignment6/ros2_ws/install/relbot_msgs/include/relbot_msgs/relbot_msgs/msg/detail/relbot_motors_stamped__traits.hpp
[3.143s] -- Installing: /home/raghav742/SDfR/Assignments/assignment6/ros2_ws/install/relbot_msgs/include/relbot_msgs/relbot_msgs/msg/detail/relbot_motors_stamped__type_support.hpp
[3.143s] -- Installing: /home/raghav742/SDfR/Assignments/assignment6/ros2_ws/install/relbot_msgs/include/relbot_msgs/relbot_msgs/msg/detail/relbot_motors__traits.hpp
[3.143s] -- Installing: /home/raghav742/SDfR/Assignments/assignment6/ros2_ws/install/relbot_msgs/include/relbot_msgs/relbot_msgs/msg/relbot_motors_stamped.hpp
[3.144s] -- Up-to-date: /home/raghav742/SDfR/Assignments/assignment6/ros2_ws/install/relbot_msgs/include/relbot_msgs/relbot_msgs
[3.144s] -- Up-to-date: /home/raghav742/SDfR/Assignments/assignment6/ros2_ws/install/relbot_msgs/include/relbot_msgs/relbot_msgs/msg
[3.144s] -- Installing: /home/raghav742/SDfR/Assignments/assignment6/ros2_ws/install/relbot_msgs/include/relbot_msgs/relbot_msgs/msg/rosidl_typesupport_fastrtps_cpp__visibility_control.h
[3.144s] -- Up-to-date: /home/raghav742/SDfR/Assignments/assignment6/ros2_ws/install/relbot_msgs/include/relbot_msgs/relbot_msgs/msg/detail
[3.144s] -- Installing: /home/raghav742/SDfR/Assignments/assignment6/ros2_ws/install/relbot_msgs/include/relbot_msgs/relbot_msgs/msg/detail/relbot_motors_stamped__rosidl_typesupport_fastrtps_cpp.hpp
[3.144s] -- Installing: /home/raghav742/SDfR/Assignments/assignment6/ros2_ws/install/relbot_msgs/include/relbot_msgs/relbot_msgs/msg/detail/dds_fastrtps
[3.144s] -- Installing: /home/raghav742/SDfR/Assignments/assignment6/ros2_ws/install/relbot_msgs/include/relbot_msgs/relbot_msgs/msg/detail/relbot_motors__rosidl_typesupport_fastrtps_cpp.hpp
[3.144s] -- Installing: /home/raghav742/SDfR/Assignments/assignment6/ros2_ws/install/relbot_msgs/lib/librelbot_msgs__rosidl_typesupport_fastrtps_cpp.so
[3.144s] -- Set runtime path of "/home/raghav742/SDfR/Assignments/assignment6/ros2_ws/install/relbot_msgs/lib/librelbot_msgs__rosidl_typesupport_fastrtps_cpp.so" to ""
[3.144s] -- Up-to-date: /home/raghav742/SDfR/Assignments/assignment6/ros2_ws/install/relbot_msgs/include/relbot_msgs/relbot_msgs
[3.144s] -- Up-to-date: /home/raghav742/SDfR/Assignments/assignment6/ros2_ws/install/relbot_msgs/include/relbot_msgs/relbot_msgs/msg
[3.144s] -- Up-to-date: /home/raghav742/SDfR/Assignments/assignment6/ros2_ws/install/relbot_msgs/include/relbot_msgs/relbot_msgs/msg/detail
[3.144s] -- Installing: /home/raghav742/SDfR/Assignments/assignment6/ros2_ws/install/relbot_msgs/include/relbot_msgs/relbot_msgs/msg/detail/relbot_motors__type_support.cpp
[3.144s] -- Installing: /home/raghav742/SDfR/Assignments/assignment6/ros2_ws/install/relbot_msgs/include/relbot_msgs/relbot_msgs/msg/detail/relbot_motors_stamped__rosidl_typesupport_introspection_cpp.hpp
[3.144s] -- Installing: /home/raghav742/SDfR/Assignments/assignment6/ros2_ws/install/relbot_msgs/include/relbot_msgs/relbot_msgs/msg/detail/relbot_motors__rosidl_typesupport_introspection_cpp.hpp
[3.144s] -- Installing: /home/raghav742/SDfR/Assignments/assignment6/ros2_ws/install/relbot_msgs/include/relbot_msgs/relbot_msgs/msg/detail/relbot_motors_stamped__type_support.cpp
[3.144s] -- Installing: /home/raghav742/SDfR/Assignments/assignment6/ros2_ws/install/relbot_msgs/lib/librelbot_msgs__rosidl_typesupport_introspection_cpp.so
[3.144s] -- Set runtime path of "/home/raghav742/SDfR/Assignments/assignment6/ros2_ws/install/relbot_msgs/lib/librelbot_msgs__rosidl_typesupport_introspection_cpp.so" to ""
[3.144s] -- Installing: /home/raghav742/SDfR/Assignments/assignment6/ros2_ws/install/relbot_msgs/lib/librelbot_msgs__rosidl_typesupport_cpp.so
[3.145s] -- Set runtime path of "/home/raghav742/SDfR/Assignments/assignment6/ros2_ws/install/relbot_msgs/lib/librelbot_msgs__rosidl_typesupport_cpp.so" to ""
[3.145s] -- Installing: /home/raghav742/SDfR/Assignments/assignment6/ros2_ws/install/relbot_msgs/share/relbot_msgs/environment/pythonpath.sh
[3.145s] -- Installing: /home/raghav742/SDfR/Assignments/assignment6/ros2_ws/install/relbot_msgs/share/relbot_msgs/environment/pythonpath.dsv
[3.145s] -- Installing: /home/raghav742/SDfR/Assignments/assignment6/ros2_ws/install/relbot_msgs/local/lib/python3.10/dist-packages/relbot_msgs-2025.2.0-py3.10.egg-info
[3.145s] -- Installing: /home/raghav742/SDfR/Assignments/assignment6/ros2_ws/install/relbot_msgs/local/lib/python3.10/dist-packages/relbot_msgs-2025.2.0-py3.10.egg-info/SOURCES.txt
[3.145s] -- Installing: /home/raghav742/SDfR/Assignments/assignment6/ros2_ws/install/relbot_msgs/local/lib/python3.10/dist-packages/relbot_msgs-2025.2.0-py3.10.egg-info/top_level.txt
[3.145s] -- Installing: /home/raghav742/SDfR/Assignments/assignment6/ros2_ws/install/relbot_msgs/local/lib/python3.10/dist-packages/relbot_msgs-2025.2.0-py3.10.egg-info/dependency_links.txt
[3.145s] -- Installing: /home/raghav742/SDfR/Assignments/assignment6/ros2_ws/install/relbot_msgs/local/lib/python3.10/dist-packages/relbot_msgs-2025.2.0-py3.10.egg-info/PKG-INFO
[3.145s] -- Installing: /home/raghav742/SDfR/Assignments/assignment6/ros2_ws/install/relbot_msgs/local/lib/python3.10/dist-packages/relbot_msgs
[3.145s] -- Installing: /home/raghav742/SDfR/Assignments/assignment6/ros2_ws/install/relbot_msgs/local/lib/python3.10/dist-packages/relbot_msgs/relbot_msgs_s__rosidl_typesupport_fastrtps_c.cpython-310-x86_64-linux-gnu.so
[3.145s] -- Installing: /home/raghav742/SDfR/Assignments/assignment6/ros2_ws/install/relbot_msgs/local/lib/python3.10/dist-packages/relbot_msgs/_relbot_msgs_s.ep.rosidl_typesupport_introspection_c.c
[3.145s] -- Installing: /home/raghav742/SDfR/Assignments/assignment6/ros2_ws/install/relbot_msgs/local/lib/python3.10/dist-packages/relbot_msgs/librelbot_msgs__rosidl_generator_py.so
[3.145s] -- Installing: /home/raghav742/SDfR/Assignments/assignment6/ros2_ws/install/relbot_msgs/local/lib/python3.10/dist-packages/relbot_msgs/relbot_msgs_s__rosidl_typesupport_introspection_c.cpython-310-x86_64-linux-gnu.so
[3.145s] -- Installing: /home/raghav742/SDfR/Assignments/assignment6/ros2_ws/install/relbot_msgs/local/lib/python3.10/dist-packages/relbot_msgs/__init__.py
[3.145s] -- Installing: /home/raghav742/SDfR/Assignments/assignment6/ros2_ws/install/relbot_msgs/local/lib/python3.10/dist-packages/relbot_msgs/_relbot_msgs_s.ep.rosidl_typesupport_fastrtps_c.c
[3.145s] -- Installing: /home/raghav742/SDfR/Assignments/assignment6/ros2_ws/install/relbot_msgs/local/lib/python3.10/dist-packages/relbot_msgs/_relbot_msgs_s.ep.rosidl_typesupport_c.c
[3.145s] -- Installing: /home/raghav742/SDfR/Assignments/assignment6/ros2_ws/install/relbot_msgs/local/lib/python3.10/dist-packages/relbot_msgs/relbot_msgs_s__rosidl_typesupport_c.cpython-310-x86_64-linux-gnu.so
[3.145s] -- Installing: /home/raghav742/SDfR/Assignments/assignment6/ros2_ws/install/relbot_msgs/local/lib/python3.10/dist-packages/relbot_msgs/msg
[3.145s] -- Installing: /home/raghav742/SDfR/Assignments/assignment6/ros2_ws/install/relbot_msgs/local/lib/python3.10/dist-packages/relbot_msgs/msg/_relbot_motors_s.c
[3.146s] -- Installing: /home/raghav742/SDfR/Assignments/assignment6/ros2_ws/install/relbot_msgs/local/lib/python3.10/dist-packages/relbot_msgs/msg/_relbot_motors.py
[3.146s] -- Installing: /home/raghav742/SDfR/Assignments/assignment6/ros2_ws/install/relbot_msgs/local/lib/python3.10/dist-packages/relbot_msgs/msg/_relbot_motors_stamped.py
[3.146s] -- Installing: /home/raghav742/SDfR/Assignments/assignment6/ros2_ws/install/relbot_msgs/local/lib/python3.10/dist-packages/relbot_msgs/msg/_relbot_motors_stamped_s.c
[3.146s] -- Installing: /home/raghav742/SDfR/Assignments/assignment6/ros2_ws/install/relbot_msgs/local/lib/python3.10/dist-packages/relbot_msgs/msg/__init__.py
[3.166s] Listing '/home/raghav742/SDfR/Assignments/assignment6/ros2_ws/install/relbot_msgs/local/lib/python3.10/dist-packages/relbot_msgs'...
[3.166s] Compiling '/home/raghav742/SDfR/Assignments/assignment6/ros2_ws/install/relbot_msgs/local/lib/python3.10/dist-packages/relbot_msgs/__init__.py'...
[3.166s] Listing '/home/raghav742/SDfR/Assignments/assignment6/ros2_ws/install/relbot_msgs/local/lib/python3.10/dist-packages/relbot_msgs/msg'...
[3.167s] Compiling '/home/raghav742/SDfR/Assignments/assignment6/ros2_ws/install/relbot_msgs/local/lib/python3.10/dist-packages/relbot_msgs/msg/__init__.py'...
[3.167s] Compiling '/home/raghav742/SDfR/Assignments/assignment6/ros2_ws/install/relbot_msgs/local/lib/python3.10/dist-packages/relbot_msgs/msg/_relbot_motors.py'...
[3.167s] Compiling '/home/raghav742/SDfR/Assignments/assignment6/ros2_ws/install/relbot_msgs/local/lib/python3.10/dist-packages/relbot_msgs/msg/_relbot_motors_stamped.py'...
[3.169s] -- Installing: /home/raghav742/SDfR/Assignments/assignment6/ros2_ws/install/relbot_msgs/local/lib/python3.10/dist-packages/relbot_msgs/relbot_msgs_s__rosidl_typesupport_fastrtps_c.cpython-310-x86_64-linux-gnu.so
[3.169s] -- Set runtime path of "/home/raghav742/SDfR/Assignments/assignment6/ros2_ws/install/relbot_msgs/local/lib/python3.10/dist-packages/relbot_msgs/relbot_msgs_s__rosidl_typesupport_fastrtps_c.cpython-310-x86_64-linux-gnu.so" to ""
[3.169s] -- Installing: /home/raghav742/SDfR/Assignments/assignment6/ros2_ws/install/relbot_msgs/local/lib/python3.10/dist-packages/relbot_msgs/relbot_msgs_s__rosidl_typesupport_introspection_c.cpython-310-x86_64-linux-gnu.so
[3.169s] -- Set runtime path of "/home/raghav742/SDfR/Assignments/assignment6/ros2_ws/install/relbot_msgs/local/lib/python3.10/dist-packages/relbot_msgs/relbot_msgs_s__rosidl_typesupport_introspection_c.cpython-310-x86_64-linux-gnu.so" to ""
[3.169s] -- Installing: /home/raghav742/SDfR/Assignments/assignment6/ros2_ws/install/relbot_msgs/local/lib/python3.10/dist-packages/relbot_msgs/relbot_msgs_s__rosidl_typesupport_c.cpython-310-x86_64-linux-gnu.so
[3.170s] -- Set runtime path of "/home/raghav742/SDfR/Assignments/assignment6/ros2_ws/install/relbot_msgs/local/lib/python3.10/dist-packages/relbot_msgs/relbot_msgs_s__rosidl_typesupport_c.cpython-310-x86_64-linux-gnu.so" to ""
[3.170s] -- Installing: /home/raghav742/SDfR/Assignments/assignment6/ros2_ws/install/relbot_msgs/lib/librelbot_msgs__rosidl_generator_py.so
[3.170s] -- Set runtime path of "/home/raghav742/SDfR/Assignments/assignment6/ros2_ws/install/relbot_msgs/lib/librelbot_msgs__rosidl_generator_py.so" to ""
[3.170s] -- Installing: /home/raghav742/SDfR/Assignments/assignment6/ros2_ws/install/relbot_msgs/share/ament_index/resource_index/rust_packages/relbot_msgs
[3.170s] -- Installing: /home/raghav742/SDfR/Assignments/assignment6/ros2_ws/install/relbot_msgs/share/relbot_msgs/rust
[3.170s] -- Installing: /home/raghav742/SDfR/Assignments/assignment6/ros2_ws/install/relbot_msgs/share/relbot_msgs/rust/build.rs
[3.170s] -- Installing: /home/raghav742/SDfR/Assignments/assignment6/ros2_ws/install/relbot_msgs/share/relbot_msgs/rust/src
[3.170s] -- Installing: /home/raghav742/SDfR/Assignments/assignment6/ros2_ws/install/relbot_msgs/share/relbot_msgs/rust/src/lib.rs
[3.170s] -- Installing: /home/raghav742/SDfR/Assignments/assignment6/ros2_ws/install/relbot_msgs/share/relbot_msgs/rust/src/msg.rs
[3.170s] -- Installing: /home/raghav742/SDfR/Assignments/assignment6/ros2_ws/install/relbot_msgs/share/relbot_msgs/rust/src/msg
[3.170s] -- Installing: /home/raghav742/SDfR/Assignments/assignment6/ros2_ws/install/relbot_msgs/share/relbot_msgs/rust/src/msg/rmw.rs
[3.170s] -- Installing: /home/raghav742/SDfR/Assignments/assignment6/ros2_ws/install/relbot_msgs/share/relbot_msgs/rust/Cargo.toml
[3.170s] -- Installing: /home/raghav742/SDfR/Assignments/assignment6/ros2_ws/install/relbot_msgs/share/relbot_msgs/msg/RelbotMotors.idl
[3.170s] -- Installing: /home/raghav742/SDfR/Assignments/assignment6/ros2_ws/install/relbot_msgs/share/relbot_msgs/msg/RelbotMotorsStamped.idl
[3.171s] -- Installing: /home/raghav742/SDfR/Assignments/assignment6/ros2_ws/install/relbot_msgs/share/relbot_msgs/msg/RelbotMotors.msg
[3.171s] -- Installing: /home/raghav742/SDfR/Assignments/assignment6/ros2_ws/install/relbot_msgs/share/relbot_msgs/msg/RelbotMotorsStamped.msg
[3.171s] -- Installing: /home/raghav742/SDfR/Assignments/assignment6/ros2_ws/install/relbot_msgs/share/ament_index/resource_index/package_run_dependencies/relbot_msgs
[3.171s] -- Installing: /home/raghav742/SDfR/Assignments/assignment6/ros2_ws/install/relbot_msgs/share/ament_index/resource_index/parent_prefix_path/relbot_msgs
[3.171s] -- Installing: /home/raghav742/SDfR/Assignments/assignment6/ros2_ws/install/relbot_msgs/share/relbot_msgs/environment/ament_prefix_path.sh
[3.171s] -- Installing: /home/raghav742/SDfR/Assignments/assignment6/ros2_ws/install/relbot_msgs/share/relbot_msgs/environment/ament_prefix_path.dsv
[3.171s] -- Installing: /home/raghav742/SDfR/Assignments/assignment6/ros2_ws/install/relbot_msgs/share/relbot_msgs/environment/path.sh
[3.171s] -- Installing: /home/raghav742/SDfR/Assignments/assignment6/ros2_ws/install/relbot_msgs/share/relbot_msgs/environment/path.dsv
[3.171s] -- Installing: /home/raghav742/SDfR/Assignments/assignment6/ros2_ws/install/relbot_msgs/share/relbot_msgs/local_setup.bash
[3.171s] -- Installing: /home/raghav742/SDfR/Assignments/assignment6/ros2_ws/install/relbot_msgs/share/relbot_msgs/local_setup.sh
[3.171s] -- Installing: /home/raghav742/SDfR/Assignments/assignment6/ros2_ws/install/relbot_msgs/share/relbot_msgs/local_setup.zsh
[3.171s] -- Installing: /home/raghav742/SDfR/Assignments/assignment6/ros2_ws/install/relbot_msgs/share/relbot_msgs/local_setup.dsv
[3.171s] -- Installing: /home/raghav742/SDfR/Assignments/assignment6/ros2_ws/install/relbot_msgs/share/relbot_msgs/package.dsv
[3.171s] -- Installing: /home/raghav742/SDfR/Assignments/assignment6/ros2_ws/install/relbot_msgs/share/ament_index/resource_index/packages/relbot_msgs
[3.171s] -- Installing: /home/raghav742/SDfR/Assignments/assignment6/ros2_ws/install/relbot_msgs/share/relbot_msgs/cmake/export_relbot_msgs__rosidl_generator_cExport.cmake
[3.171s] -- Installing: /home/raghav742/SDfR/Assignments/assignment6/ros2_ws/install/relbot_msgs/share/relbot_msgs/cmake/export_relbot_msgs__rosidl_generator_cExport-noconfig.cmake
[3.171s] -- Installing: /home/raghav742/SDfR/Assignments/assignment6/ros2_ws/install/relbot_msgs/share/relbot_msgs/cmake/export_relbot_msgs__rosidl_typesupport_fastrtps_cExport.cmake
[3.172s] -- Installing: /home/raghav742/SDfR/Assignments/assignment6/ros2_ws/install/relbot_msgs/share/relbot_msgs/cmake/export_relbot_msgs__rosidl_typesupport_fastrtps_cExport-noconfig.cmake
[3.172s] -- Installing: /home/raghav742/SDfR/Assignments/assignment6/ros2_ws/install/relbot_msgs/share/relbot_msgs/cmake/relbot_msgs__rosidl_typesupport_introspection_cExport.cmake
[3.172s] -- Installing: /home/raghav742/SDfR/Assignments/assignment6/ros2_ws/install/relbot_msgs/share/relbot_msgs/cmake/relbot_msgs__rosidl_typesupport_introspection_cExport-noconfig.cmake
[3.172s] -- Installing: /home/raghav742/SDfR/Assignments/assignment6/ros2_ws/install/relbot_msgs/share/relbot_msgs/cmake/relbot_msgs__rosidl_typesupport_cExport.cmake
[3.172s] -- Installing: /home/raghav742/SDfR/Assignments/assignment6/ros2_ws/install/relbot_msgs/share/relbot_msgs/cmake/relbot_msgs__rosidl_typesupport_cExport-noconfig.cmake
[3.172s] -- Installing: /home/raghav742/SDfR/Assignments/assignment6/ros2_ws/install/relbot_msgs/share/relbot_msgs/cmake/export_relbot_msgs__rosidl_generator_cppExport.cmake
[3.172s] -- Installing: /home/raghav742/SDfR/Assignments/assignment6/ros2_ws/install/relbot_msgs/share/relbot_msgs/cmake/export_relbot_msgs__rosidl_typesupport_fastrtps_cppExport.cmake
[3.172s] -- Installing: /home/raghav742/SDfR/Assignments/assignment6/ros2_ws/install/relbot_msgs/share/relbot_msgs/cmake/export_relbot_msgs__rosidl_typesupport_fastrtps_cppExport-noconfig.cmake
[3.172s] -- Installing: /home/raghav742/SDfR/Assignments/assignment6/ros2_ws/install/relbot_msgs/share/relbot_msgs/cmake/relbot_msgs__rosidl_typesupport_introspection_cppExport.cmake
[3.172s] -- Installing: /home/raghav742/SDfR/Assignments/assignment6/ros2_ws/install/relbot_msgs/share/relbot_msgs/cmake/relbot_msgs__rosidl_typesupport_introspection_cppExport-noconfig.cmake
[3.172s] -- Installing: /home/raghav742/SDfR/Assignments/assignment6/ros2_ws/install/relbot_msgs/share/relbot_msgs/cmake/relbot_msgs__rosidl_typesupport_cppExport.cmake
[3.172s] -- Installing: /home/raghav742/SDfR/Assignments/assignment6/ros2_ws/install/relbot_msgs/share/relbot_msgs/cmake/relbot_msgs__rosidl_typesupport_cppExport-noconfig.cmake
[3.172s] -- Installing: /home/raghav742/SDfR/Assignments/assignment6/ros2_ws/install/relbot_msgs/share/relbot_msgs/cmake/export_relbot_msgs__rosidl_generator_pyExport.cmake
[3.172s] -- Installing: /home/raghav742/SDfR/Assignments/assignment6/ros2_ws/install/relbot_msgs/share/relbot_msgs/cmake/export_relbot_msgs__rosidl_generator_pyExport-noconfig.cmake
[3.172s] -- Installing: /home/raghav742/SDfR/Assignments/assignment6/ros2_ws/install/relbot_msgs/share/relbot_msgs/cmake/rosidl_cmake-extras.cmake
[3.172s] -- Installing: /home/raghav742/SDfR/Assignments/assignment6/ros2_ws/install/relbot_msgs/share/relbot_msgs/cmake/ament_cmake_export_dependencies-extras.cmake
[3.173s] -- Installing: /home/raghav742/SDfR/Assignments/assignment6/ros2_ws/install/relbot_msgs/share/relbot_msgs/cmake/ament_cmake_export_include_directories-extras.cmake
[3.173s] -- Installing: /home/raghav742/SDfR/Assignments/assignment6/ros2_ws/install/relbot_msgs/share/relbot_msgs/cmake/ament_cmake_export_libraries-extras.cmake
[3.173s] -- Installing: /home/raghav742/SDfR/Assignments/assignment6/ros2_ws/install/relbot_msgs/share/relbot_msgs/cmake/ament_cmake_export_targets-extras.cmake
[3.173s] -- Installing: /home/raghav742/SDfR/Assignments/assignment6/ros2_ws/install/relbot_msgs/share/relbot_msgs/cmake/rosidl_cmake_export_typesupport_targets-extras.cmake
[3.173s] -- Installing: /home/raghav742/SDfR/Assignments/assignment6/ros2_ws/install/relbot_msgs/share/relbot_msgs/cmake/rosidl_cmake_export_typesupport_libraries-extras.cmake
[3.173s] -- Installing: /home/raghav742/SDfR/Assignments/assignment6/ros2_ws/install/relbot_msgs/share/relbot_msgs/cmake/relbot_msgsConfig.cmake
[3.173s] -- Installing: /home/raghav742/SDfR/Assignments/assignment6/ros2_ws/install/relbot_msgs/share/relbot_msgs/cmake/relbot_msgsConfig-version.cmake
[3.173s] -- Installing: /home/raghav742/SDfR/Assignments/assignment6/ros2_ws/install/relbot_msgs/share/relbot_msgs/package.xml
[3.174s] Invoked command in '/home/raghav742/SDfR/Assignments/assignment6/ros2_ws/build/relbot_msgs' returned '0': CMAKE_PREFIX_PATH=/opt/ros/humble /usr/bin/cmake --install /home/raghav742/SDfR/Assignments/assignment6/ros2_ws/build/relbot_msgs
