[0.067s] Invoking command in '/home/sdfr-ppd-16/ros2_ws/build/ros_xeno_bridge': AMENT_PREFIX_PATH=/home/sdfr-ppd-16/ros2_ws/install/xrf2_msgs:${AMENT_PREFIX_PATH} CMAKE_PREFIX_PATH=/home/sdfr-ppd-16/ros2_ws/install/xrf2_msgs:/opt/ros/humble LD_LIBRARY_PATH=/home/sdfr-ppd-16/ros2_ws/install/xrf2_msgs/lib:${LD_LIBRARY_PATH} PYTHONPATH=/home/sdfr-ppd-16/ros2_ws/install/xrf2_msgs/local/lib/python3.10/dist-packages:${PYTHONPATH} /usr/bin/cmake --build /home/sdfr-ppd-16/ros2_ws/build/ros_xeno_bridge -- -j3 -l3
[0.360s] [100%] Built target RosXenoBridge
[0.422s] Invoked command in '/home/sdfr-ppd-16/ros2_ws/build/ros_xeno_bridge' returned '0': AMENT_PREFIX_PATH=/home/sdfr-ppd-16/ros2_ws/install/xrf2_msgs:${AMENT_PREFIX_PATH} CMAKE_PREFIX_PATH=/home/sdfr-ppd-16/ros2_ws/install/xrf2_msgs:/opt/ros/humble LD_LIBRARY_PATH=/home/sdfr-ppd-16/ros2_ws/install/xrf2_msgs/lib:${LD_LIBRARY_PATH} PYTHONPATH=/home/sdfr-ppd-16/ros2_ws/install/xrf2_msgs/local/lib/python3.10/dist-packages:${PYTHONPATH} /usr/bin/cmake --build /home/sdfr-ppd-16/ros2_ws/build/ros_xeno_bridge -- -j3 -l3
[0.432s] Invoking command in '/home/sdfr-ppd-16/ros2_ws/build/ros_xeno_bridge': AMENT_PREFIX_PATH=/home/sdfr-ppd-16/ros2_ws/install/xrf2_msgs:${AMENT_PREFIX_PATH} CMAKE_PREFIX_PATH=/home/sdfr-ppd-16/ros2_ws/install/xrf2_msgs:/opt/ros/humble LD_LIBRARY_PATH=/home/sdfr-ppd-16/ros2_ws/install/xrf2_msgs/lib:${LD_LIBRARY_PATH} PYTHONPATH=/home/sdfr-ppd-16/ros2_ws/install/xrf2_msgs/local/lib/python3.10/dist-packages:${PYTHONPATH} /usr/bin/cmake --install /home/sdfr-ppd-16/ros2_ws/build/ros_xeno_bridge
[0.459s] -- Install configuration: ""
[0.476s] -- Up-to-date: /home/sdfr-ppd-16/ros2_ws/install/ros_xeno_bridge/lib/ros_xeno_bridge/RosXenoBridge
[0.483s] -- Up-to-date: /home/sdfr-ppd-16/ros2_ws/install/ros_xeno_bridge/share/ament_index/resource_index/package_run_dependencies/ros_xeno_bridge
[0.487s] -- Up-to-date: /home/sdfr-ppd-16/ros2_ws/install/ros_xeno_bridge/share/ament_index/resource_index/parent_prefix_path/ros_xeno_bridge
[0.491s] -- Up-to-date: /home/sdfr-ppd-16/ros2_ws/install/ros_xeno_bridge/share/ros_xeno_bridge/environment/ament_prefix_path.sh
[0.496s] -- Up-to-date: /home/sdfr-ppd-16/ros2_ws/install/ros_xeno_bridge/share/ros_xeno_bridge/environment/ament_prefix_path.dsv
[0.497s] -- Up-to-date: /home/sdfr-ppd-16/ros2_ws/install/ros_xeno_bridge/share/ros_xeno_bridge/environment/path.sh
[0.500s] -- Up-to-date: /home/sdfr-ppd-16/ros2_ws/install/ros_xeno_bridge/share/ros_xeno_bridge/environment/path.dsv
[0.503s] -- Up-to-date: /home/sdfr-ppd-16/ros2_ws/install/ros_xeno_bridge/share/ros_xeno_bridge/local_setup.bash
[0.505s] -- Up-to-date: /home/sdfr-ppd-16/ros2_ws/install/ros_xeno_bridge/share/ros_xeno_bridge/local_setup.sh
[0.508s] -- Up-to-date: /home/sdfr-ppd-16/ros2_ws/install/ros_xeno_bridge/share/ros_xeno_bridge/local_setup.zsh
[0.509s] -- Up-to-date: /home/sdfr-ppd-16/ros2_ws/install/ros_xeno_bridge/share/ros_xeno_bridge/local_setup.dsv
[0.513s] -- Installing: /home/sdfr-ppd-16/ros2_ws/install/ros_xeno_bridge/share/ros_xeno_bridge/package.dsv
[0.517s] -- Up-to-date: /home/sdfr-ppd-16/ros2_ws/install/ros_xeno_bridge/share/ament_index/resource_index/packages/ros_xeno_bridge
[0.520s] -- Up-to-date: /home/sdfr-ppd-16/ros2_ws/install/ros_xeno_bridge/share/ros_xeno_bridge/cmake/ros_xeno_bridgeConfig.cmake
[0.524s] -- Up-to-date: /home/sdfr-ppd-16/ros2_ws/install/ros_xeno_bridge/share/ros_xeno_bridge/cmake/ros_xeno_bridgeConfig-version.cmake
[0.527s] -- Up-to-date: /home/sdfr-ppd-16/ros2_ws/install/ros_xeno_bridge/share/ros_xeno_bridge/package.xml
[0.539s] Invoked command in '/home/sdfr-ppd-16/ros2_ws/build/ros_xeno_bridge' returned '0': AMENT_PREFIX_PATH=/home/sdfr-ppd-16/ros2_ws/install/xrf2_msgs:${AMENT_PREFIX_PATH} CMAKE_PREFIX_PATH=/home/sdfr-ppd-16/ros2_ws/install/xrf2_msgs:/opt/ros/humble LD_LIBRARY_PATH=/home/sdfr-ppd-16/ros2_ws/install/xrf2_msgs/lib:${LD_LIBRARY_PATH} PYTHONPATH=/home/sdfr-ppd-16/ros2_ws/install/xrf2_msgs/local/lib/python3.10/dist-packages:${PYTHONPATH} /usr/bin/cmake --install /home/sdfr-ppd-16/ros2_ws/build/ros_xeno_bridge
