[0.006s] Invoking command in '/home/srik/ros_ubuntu/ros2_ws/build/relbot_msgs': CMAKE_PREFIX_PATH=${CMAKE_PREFIX_PATH}:/opt/ros/humble DEBUGINFOD_URLS=https://debuginfod.archlinux.org https://debuginfod.cachyos.org /usr/bin/cmake --build /home/srik/ros_ubuntu/ros2_ws/build/relbot_msgs -- -j32 -l32
[0.025s] [  2%] [34m[1mGenerating C code for ROS interfaces[0m
[0.029s] [  5%] [34m[1mGenerating C++ code for ROS interfaces[0m
[0.032s] [  5%] Built target ament_cmake_python_copy_relbot_msgs
[0.149s] running egg_info
[0.149s] creating relbot_msgs.egg-info
[0.149s] writing relbot_msgs.egg-info/PKG-INFO
[0.149s] writing dependency_links to relbot_msgs.egg-info/dependency_links.txt
[0.149s] writing top-level names to relbot_msgs.egg-info/top_level.txt
[0.149s] writing manifest file 'relbot_msgs.egg-info/SOURCES.txt'
[0.150s] reading manifest file 'relbot_msgs.egg-info/SOURCES.txt'
[0.150s] writing manifest file 'relbot_msgs.egg-info/SOURCES.txt'
[0.164s] [  5%] Built target ament_cmake_python_build_relbot_msgs_egg
[0.190s] [  5%] Built target relbot_msgs__cpp
[0.191s] [  7%] [32mBuilding C object CMakeFiles/relbot_msgs__rosidl_generator_c.dir/rosidl_generator_c/relbot_msgs/msg/detail/relbot_motors__functions.c.o[0m
[0.191s] [ 10%] [32mBuilding C object CMakeFiles/relbot_msgs__rosidl_generator_c.dir/rosidl_generator_c/relbot_msgs/msg/detail/relbot_motors_stamped__functions.c.o[0m
[0.194s] [ 12%] [34m[1mGenerating C++ type support dispatch for ROS interfaces[0m
[0.195s] [ 15%] [34m[1mGenerating C++ introspection for ROS interfaces[0m
[0.195s] [ 17%] [34m[1mGenerating C++ type support for eProsima Fast-RTPS[0m
[0.221s] [ 20%] [32m[1mLinking C shared library librelbot_msgs__rosidl_generator_c.so[0m
[0.247s] [ 20%] Built target relbot_msgs__rosidl_generator_c
[0.254s] [ 23%] [34m[1mGenerating C type support dispatch for ROS interfaces[0m
[0.254s] [ 25%] [34m[1mGenerating C introspection for ROS interfaces[0m
[0.254s] [ 28%] [34m[1mGenerating C type support for eProsima Fast-RTPS[0m
[0.369s] [ 30%] [32mBuilding CXX object CMakeFiles/relbot_msgs__rosidl_typesupport_cpp.dir/rosidl_typesupport_cpp/relbot_msgs/msg/relbot_motors__type_support.cpp.o[0m
[0.369s] [ 33%] [32mBuilding CXX object CMakeFiles/relbot_msgs__rosidl_typesupport_cpp.dir/rosidl_typesupport_cpp/relbot_msgs/msg/relbot_motors_stamped__type_support.cpp.o[0m
[0.388s] [ 35%] [32mBuilding CXX object CMakeFiles/relbot_msgs__rosidl_typesupport_introspection_cpp.dir/rosidl_typesupport_introspection_cpp/relbot_msgs/msg/detail/relbot_motors__type_support.cpp.o[0m
[0.390s] [ 38%] [32mBuilding CXX object CMakeFiles/relbot_msgs__rosidl_typesupport_introspection_cpp.dir/rosidl_typesupport_introspection_cpp/relbot_msgs/msg/detail/relbot_motors_stamped__type_support.cpp.o[0m
[0.394s] [ 41%] [32mBuilding CXX object CMakeFiles/relbot_msgs__rosidl_typesupport_fastrtps_cpp.dir/rosidl_typesupport_fastrtps_cpp/relbot_msgs/msg/detail/dds_fastrtps/relbot_motors_stamped__type_support.cpp.o[0m
[0.395s] [ 43%] [32mBuilding CXX object CMakeFiles/relbot_msgs__rosidl_typesupport_fastrtps_cpp.dir/rosidl_typesupport_fastrtps_cpp/relbot_msgs/msg/detail/dds_fastrtps/relbot_motors__type_support.cpp.o[0m
[0.441s] [ 46%] [32mBuilding CXX object CMakeFiles/relbot_msgs__rosidl_typesupport_c.dir/rosidl_typesupport_c/relbot_msgs/msg/relbot_motors__type_support.cpp.o[0m
[0.441s] [ 48%] [32mBuilding CXX object CMakeFiles/relbot_msgs__rosidl_typesupport_c.dir/rosidl_typesupport_c/relbot_msgs/msg/relbot_motors_stamped__type_support.cpp.o[0m
[0.465s] [ 51%] [32m[1mLinking CXX shared library librelbot_msgs__rosidl_typesupport_c.so[0m
[0.472s] [ 53%] [32mBuilding CXX object CMakeFiles/relbot_msgs__rosidl_typesupport_fastrtps_c.dir/rosidl_typesupport_fastrtps_c/relbot_msgs/msg/detail/relbot_motors_stamped__type_support_c.cpp.o[0m
[0.472s] [ 56%] [32mBuilding CXX object CMakeFiles/relbot_msgs__rosidl_typesupport_fastrtps_c.dir/rosidl_typesupport_fastrtps_c/relbot_msgs/msg/detail/relbot_motors__type_support_c.cpp.o[0m
[0.477s] [ 58%] [32mBuilding C object CMakeFiles/relbot_msgs__rosidl_typesupport_introspection_c.dir/rosidl_typesupport_introspection_c/relbot_msgs/msg/detail/relbot_motors_stamped__type_support.c.o[0m
[0.477s] [ 61%] [32mBuilding C object CMakeFiles/relbot_msgs__rosidl_typesupport_introspection_c.dir/rosidl_typesupport_introspection_c/relbot_msgs/msg/detail/relbot_motors__type_support.c.o[0m
[0.501s] [ 61%] Built target relbot_msgs__rosidl_typesupport_c
[0.506s] [ 64%] [32m[1mLinking C shared library librelbot_msgs__rosidl_typesupport_introspection_c.so[0m
[0.538s] [ 64%] Built target relbot_msgs__rosidl_typesupport_introspection_c
[0.620s] [ 66%] [32m[1mLinking CXX shared library librelbot_msgs__rosidl_typesupport_cpp.so[0m
[0.650s] [ 66%] Built target relbot_msgs__rosidl_typesupport_cpp
[0.687s] [ 69%] [32m[1mLinking CXX shared library librelbot_msgs__rosidl_typesupport_introspection_cpp.so[0m
[0.722s] [ 69%] Built target relbot_msgs__rosidl_typesupport_introspection_cpp
[0.734s] [ 71%] [32m[1mLinking CXX shared library librelbot_msgs__rosidl_typesupport_fastrtps_cpp.so[0m
[0.774s] [ 71%] Built target relbot_msgs__rosidl_typesupport_fastrtps_cpp
[0.778s] [ 74%] [32m[1mLinking CXX shared library librelbot_msgs__rosidl_typesupport_fastrtps_c.so[0m
[0.815s] [ 74%] Built target relbot_msgs__rosidl_typesupport_fastrtps_c
[0.824s] [ 74%] Built target relbot_msgs
[0.833s] [ 76%] [34m[1mGenerating Python code for ROS interfaces[0m
[1.015s] [ 76%] Built target relbot_msgs__py
[1.023s] [ 79%] [32mBuilding C object CMakeFiles/relbot_msgs__rosidl_generator_py.dir/rosidl_generator_py/relbot_msgs/msg/_relbot_motors_s.c.o[0m
[1.023s] [ 82%] [32mBuilding C object CMakeFiles/relbot_msgs__rosidl_generator_py.dir/rosidl_generator_py/relbot_msgs/msg/_relbot_motors_stamped_s.c.o[0m
[1.081s] [ 84%] [32m[1mLinking C shared library rosidl_generator_py/relbot_msgs/librelbot_msgs__rosidl_generator_py.so[0m
[1.106s] [ 84%] Built target relbot_msgs__rosidl_generator_py
[1.116s] [ 87%] [32mBuilding C object CMakeFiles/relbot_msgs__rosidl_typesupport_c__pyext.dir/rosidl_generator_py/relbot_msgs/_relbot_msgs_s.ep.rosidl_typesupport_c.c.o[0m
[1.116s] [ 89%] [32mBuilding C object CMakeFiles/relbot_msgs__rosidl_typesupport_fastrtps_c__pyext.dir/rosidl_generator_py/relbot_msgs/_relbot_msgs_s.ep.rosidl_typesupport_fastrtps_c.c.o[0m
[1.116s] [ 92%] [32mBuilding C object CMakeFiles/relbot_msgs__rosidl_typesupport_introspection_c__pyext.dir/rosidl_generator_py/relbot_msgs/_relbot_msgs_s.ep.rosidl_typesupport_introspection_c.c.o[0m
[1.181s] [ 97%] [32m[1mLinking C shared library rosidl_generator_py/relbot_msgs/relbot_msgs_s__rosidl_typesupport_introspection_c.cpython-310-x86_64-linux-gnu.so[0m
[1.181s] [ 97%] [32m[1mLinking C shared library rosidl_generator_py/relbot_msgs/relbot_msgs_s__rosidl_typesupport_fastrtps_c.cpython-310-x86_64-linux-gnu.so[0m
[1.181s] [100%] [32m[1mLinking C shared library rosidl_generator_py/relbot_msgs/relbot_msgs_s__rosidl_typesupport_c.cpython-310-x86_64-linux-gnu.so[0m
[1.202s] [100%] Built target relbot_msgs__rosidl_typesupport_introspection_c__pyext
[1.202s] [100%] Built target relbot_msgs__rosidl_typesupport_c__pyext
[1.202s] [100%] Built target relbot_msgs__rosidl_typesupport_fastrtps_c__pyext
[1.207s] Invoked command in '/home/srik/ros_ubuntu/ros2_ws/build/relbot_msgs' returned '0': CMAKE_PREFIX_PATH=${CMAKE_PREFIX_PATH}:/opt/ros/humble DEBUGINFOD_URLS=https://debuginfod.archlinux.org https://debuginfod.cachyos.org /usr/bin/cmake --build /home/srik/ros_ubuntu/ros2_ws/build/relbot_msgs -- -j32 -l32
[1.211s] Invoking command in '/home/srik/ros_ubuntu/ros2_ws/build/relbot_msgs': CMAKE_PREFIX_PATH=${CMAKE_PREFIX_PATH}:/opt/ros/humble DEBUGINFOD_URLS=https://debuginfod.archlinux.org https://debuginfod.cachyos.org /usr/bin/cmake --install /home/srik/ros_ubuntu/ros2_ws/build/relbot_msgs
[1.214s] -- Install configuration: ""
[1.214s] -- Installing: /home/srik/ros_ubuntu/ros2_ws/install/relbot_msgs/share/ament_index/resource_index/rosidl_interfaces/relbot_msgs
[1.214s] -- Installing: /home/srik/ros_ubuntu/ros2_ws/install/relbot_msgs/include/relbot_msgs/relbot_msgs
[1.214s] -- Installing: /home/srik/ros_ubuntu/ros2_ws/install/relbot_msgs/include/relbot_msgs/relbot_msgs/msg
[1.214s] -- Installing: /home/srik/ros_ubuntu/ros2_ws/install/relbot_msgs/include/relbot_msgs/relbot_msgs/msg/rosidl_generator_c__visibility_control.h
[1.214s] -- Installing: /home/srik/ros_ubuntu/ros2_ws/install/relbot_msgs/include/relbot_msgs/relbot_msgs/msg/relbot_motors.h
[1.214s] -- Installing: /home/srik/ros_ubuntu/ros2_ws/install/relbot_msgs/include/relbot_msgs/relbot_msgs/msg/detail
[1.214s] -- Installing: /home/srik/ros_ubuntu/ros2_ws/install/relbot_msgs/include/relbot_msgs/relbot_msgs/msg/detail/relbot_motors__functions.c
[1.214s] -- Installing: /home/srik/ros_ubuntu/ros2_ws/install/relbot_msgs/include/relbot_msgs/relbot_msgs/msg/detail/relbot_motors__functions.h
[1.214s] -- Installing: /home/srik/ros_ubuntu/ros2_ws/install/relbot_msgs/include/relbot_msgs/relbot_msgs/msg/detail/relbot_motors__struct.h
[1.214s] -- Installing: /home/srik/ros_ubuntu/ros2_ws/install/relbot_msgs/include/relbot_msgs/relbot_msgs/msg/detail/relbot_motors__type_support.h
[1.214s] -- Installing: /home/srik/ros_ubuntu/ros2_ws/install/relbot_msgs/include/relbot_msgs/relbot_msgs/msg/detail/relbot_motors_stamped__functions.c
[1.214s] -- Installing: /home/srik/ros_ubuntu/ros2_ws/install/relbot_msgs/include/relbot_msgs/relbot_msgs/msg/detail/relbot_motors_stamped__functions.h
[1.214s] -- Installing: /home/srik/ros_ubuntu/ros2_ws/install/relbot_msgs/include/relbot_msgs/relbot_msgs/msg/detail/relbot_motors_stamped__struct.h
[1.214s] -- Installing: /home/srik/ros_ubuntu/ros2_ws/install/relbot_msgs/include/relbot_msgs/relbot_msgs/msg/detail/relbot_motors_stamped__type_support.h
[1.214s] -- Installing: /home/srik/ros_ubuntu/ros2_ws/install/relbot_msgs/include/relbot_msgs/relbot_msgs/msg/relbot_motors_stamped.h
[1.214s] -- Installing: /home/srik/ros_ubuntu/ros2_ws/install/relbot_msgs/share/relbot_msgs/environment/library_path.sh
[1.214s] -- Installing: /home/srik/ros_ubuntu/ros2_ws/install/relbot_msgs/share/relbot_msgs/environment/library_path.dsv
[1.214s] -- Installing: /home/srik/ros_ubuntu/ros2_ws/install/relbot_msgs/lib/librelbot_msgs__rosidl_generator_c.so
[1.215s] -- Set runtime path of "/home/srik/ros_ubuntu/ros2_ws/install/relbot_msgs/lib/librelbot_msgs__rosidl_generator_c.so" to ""
[1.215s] -- Up-to-date: /home/srik/ros_ubuntu/ros2_ws/install/relbot_msgs/include/relbot_msgs/relbot_msgs
[1.215s] -- Up-to-date: /home/srik/ros_ubuntu/ros2_ws/install/relbot_msgs/include/relbot_msgs/relbot_msgs/msg
[1.215s] -- Installing: /home/srik/ros_ubuntu/ros2_ws/install/relbot_msgs/include/relbot_msgs/relbot_msgs/msg/rosidl_typesupport_fastrtps_c__visibility_control.h
[1.215s] -- Up-to-date: /home/srik/ros_ubuntu/ros2_ws/install/relbot_msgs/include/relbot_msgs/relbot_msgs/msg/detail
[1.215s] -- Installing: /home/srik/ros_ubuntu/ros2_ws/install/relbot_msgs/include/relbot_msgs/relbot_msgs/msg/detail/relbot_motors__rosidl_typesupport_fastrtps_c.h
[1.215s] -- Installing: /home/srik/ros_ubuntu/ros2_ws/install/relbot_msgs/include/relbot_msgs/relbot_msgs/msg/detail/relbot_motors_stamped__rosidl_typesupport_fastrtps_c.h
[1.215s] -- Installing: /home/srik/ros_ubuntu/ros2_ws/install/relbot_msgs/lib/librelbot_msgs__rosidl_typesupport_fastrtps_c.so
[1.216s] -- Set runtime path of "/home/srik/ros_ubuntu/ros2_ws/install/relbot_msgs/lib/librelbot_msgs__rosidl_typesupport_fastrtps_c.so" to ""
[1.216s] -- Up-to-date: /home/srik/ros_ubuntu/ros2_ws/install/relbot_msgs/include/relbot_msgs/relbot_msgs
[1.216s] -- Up-to-date: /home/srik/ros_ubuntu/ros2_ws/install/relbot_msgs/include/relbot_msgs/relbot_msgs/msg
[1.216s] -- Installing: /home/srik/ros_ubuntu/ros2_ws/install/relbot_msgs/include/relbot_msgs/relbot_msgs/msg/rosidl_typesupport_introspection_c__visibility_control.h
[1.216s] -- Up-to-date: /home/srik/ros_ubuntu/ros2_ws/install/relbot_msgs/include/relbot_msgs/relbot_msgs/msg/detail
[1.216s] -- Installing: /home/srik/ros_ubuntu/ros2_ws/install/relbot_msgs/include/relbot_msgs/relbot_msgs/msg/detail/relbot_motors__rosidl_typesupport_introspection_c.h
[1.216s] -- Installing: /home/srik/ros_ubuntu/ros2_ws/install/relbot_msgs/include/relbot_msgs/relbot_msgs/msg/detail/relbot_motors__type_support.c
[1.216s] -- Installing: /home/srik/ros_ubuntu/ros2_ws/install/relbot_msgs/include/relbot_msgs/relbot_msgs/msg/detail/relbot_motors_stamped__rosidl_typesupport_introspection_c.h
[1.216s] -- Installing: /home/srik/ros_ubuntu/ros2_ws/install/relbot_msgs/include/relbot_msgs/relbot_msgs/msg/detail/relbot_motors_stamped__type_support.c
[1.216s] -- Installing: /home/srik/ros_ubuntu/ros2_ws/install/relbot_msgs/lib/librelbot_msgs__rosidl_typesupport_introspection_c.so
[1.216s] -- Set runtime path of "/home/srik/ros_ubuntu/ros2_ws/install/relbot_msgs/lib/librelbot_msgs__rosidl_typesupport_introspection_c.so" to ""
[1.216s] -- Installing: /home/srik/ros_ubuntu/ros2_ws/install/relbot_msgs/lib/librelbot_msgs__rosidl_typesupport_c.so
[1.216s] -- Set runtime path of "/home/srik/ros_ubuntu/ros2_ws/install/relbot_msgs/lib/librelbot_msgs__rosidl_typesupport_c.so" to ""
[1.216s] -- Up-to-date: /home/srik/ros_ubuntu/ros2_ws/install/relbot_msgs/include/relbot_msgs/relbot_msgs
[1.216s] -- Up-to-date: /home/srik/ros_ubuntu/ros2_ws/install/relbot_msgs/include/relbot_msgs/relbot_msgs/msg
[1.216s] -- Installing: /home/srik/ros_ubuntu/ros2_ws/install/relbot_msgs/include/relbot_msgs/relbot_msgs/msg/rosidl_generator_cpp__visibility_control.hpp
[1.217s] -- Installing: /home/srik/ros_ubuntu/ros2_ws/install/relbot_msgs/include/relbot_msgs/relbot_msgs/msg/relbot_motors.hpp
[1.217s] -- Up-to-date: /home/srik/ros_ubuntu/ros2_ws/install/relbot_msgs/include/relbot_msgs/relbot_msgs/msg/detail
[1.217s] -- Installing: /home/srik/ros_ubuntu/ros2_ws/install/relbot_msgs/include/relbot_msgs/relbot_msgs/msg/detail/relbot_motors__builder.hpp
[1.217s] -- Installing: /home/srik/ros_ubuntu/ros2_ws/install/relbot_msgs/include/relbot_msgs/relbot_msgs/msg/detail/relbot_motors__struct.hpp
[1.217s] -- Installing: /home/srik/ros_ubuntu/ros2_ws/install/relbot_msgs/include/relbot_msgs/relbot_msgs/msg/detail/relbot_motors__traits.hpp
[1.217s] -- Installing: /home/srik/ros_ubuntu/ros2_ws/install/relbot_msgs/include/relbot_msgs/relbot_msgs/msg/detail/relbot_motors__type_support.hpp
[1.217s] -- Installing: /home/srik/ros_ubuntu/ros2_ws/install/relbot_msgs/include/relbot_msgs/relbot_msgs/msg/detail/relbot_motors_stamped__builder.hpp
[1.217s] -- Installing: /home/srik/ros_ubuntu/ros2_ws/install/relbot_msgs/include/relbot_msgs/relbot_msgs/msg/detail/relbot_motors_stamped__struct.hpp
[1.217s] -- Installing: /home/srik/ros_ubuntu/ros2_ws/install/relbot_msgs/include/relbot_msgs/relbot_msgs/msg/detail/relbot_motors_stamped__traits.hpp
[1.217s] -- Installing: /home/srik/ros_ubuntu/ros2_ws/install/relbot_msgs/include/relbot_msgs/relbot_msgs/msg/detail/relbot_motors_stamped__type_support.hpp
[1.217s] -- Installing: /home/srik/ros_ubuntu/ros2_ws/install/relbot_msgs/include/relbot_msgs/relbot_msgs/msg/relbot_motors_stamped.hpp
[1.217s] -- Up-to-date: /home/srik/ros_ubuntu/ros2_ws/install/relbot_msgs/include/relbot_msgs/relbot_msgs
[1.217s] -- Up-to-date: /home/srik/ros_ubuntu/ros2_ws/install/relbot_msgs/include/relbot_msgs/relbot_msgs/msg
[1.217s] -- Installing: /home/srik/ros_ubuntu/ros2_ws/install/relbot_msgs/include/relbot_msgs/relbot_msgs/msg/rosidl_typesupport_fastrtps_cpp__visibility_control.h
[1.217s] -- Up-to-date: /home/srik/ros_ubuntu/ros2_ws/install/relbot_msgs/include/relbot_msgs/relbot_msgs/msg/detail
[1.217s] -- Installing: /home/srik/ros_ubuntu/ros2_ws/install/relbot_msgs/include/relbot_msgs/relbot_msgs/msg/detail/relbot_motors__rosidl_typesupport_fastrtps_cpp.hpp
[1.217s] -- Installing: /home/srik/ros_ubuntu/ros2_ws/install/relbot_msgs/include/relbot_msgs/relbot_msgs/msg/detail/dds_fastrtps
[1.217s] -- Installing: /home/srik/ros_ubuntu/ros2_ws/install/relbot_msgs/include/relbot_msgs/relbot_msgs/msg/detail/relbot_motors_stamped__rosidl_typesupport_fastrtps_cpp.hpp
[1.217s] -- Installing: /home/srik/ros_ubuntu/ros2_ws/install/relbot_msgs/lib/librelbot_msgs__rosidl_typesupport_fastrtps_cpp.so
[1.217s] -- Set runtime path of "/home/srik/ros_ubuntu/ros2_ws/install/relbot_msgs/lib/librelbot_msgs__rosidl_typesupport_fastrtps_cpp.so" to ""
[1.217s] -- Up-to-date: /home/srik/ros_ubuntu/ros2_ws/install/relbot_msgs/include/relbot_msgs/relbot_msgs
[1.217s] -- Up-to-date: /home/srik/ros_ubuntu/ros2_ws/install/relbot_msgs/include/relbot_msgs/relbot_msgs/msg
[1.217s] -- Up-to-date: /home/srik/ros_ubuntu/ros2_ws/install/relbot_msgs/include/relbot_msgs/relbot_msgs/msg/detail
[1.218s] -- Installing: /home/srik/ros_ubuntu/ros2_ws/install/relbot_msgs/include/relbot_msgs/relbot_msgs/msg/detail/relbot_motors__rosidl_typesupport_introspection_cpp.hpp
[1.218s] -- Installing: /home/srik/ros_ubuntu/ros2_ws/install/relbot_msgs/include/relbot_msgs/relbot_msgs/msg/detail/relbot_motors__type_support.cpp
[1.218s] -- Installing: /home/srik/ros_ubuntu/ros2_ws/install/relbot_msgs/include/relbot_msgs/relbot_msgs/msg/detail/relbot_motors_stamped__rosidl_typesupport_introspection_cpp.hpp
[1.218s] -- Installing: /home/srik/ros_ubuntu/ros2_ws/install/relbot_msgs/include/relbot_msgs/relbot_msgs/msg/detail/relbot_motors_stamped__type_support.cpp
[1.218s] -- Installing: /home/srik/ros_ubuntu/ros2_ws/install/relbot_msgs/lib/librelbot_msgs__rosidl_typesupport_introspection_cpp.so
[1.218s] -- Set runtime path of "/home/srik/ros_ubuntu/ros2_ws/install/relbot_msgs/lib/librelbot_msgs__rosidl_typesupport_introspection_cpp.so" to ""
[1.218s] -- Installing: /home/srik/ros_ubuntu/ros2_ws/install/relbot_msgs/lib/librelbot_msgs__rosidl_typesupport_cpp.so
[1.219s] -- Set runtime path of "/home/srik/ros_ubuntu/ros2_ws/install/relbot_msgs/lib/librelbot_msgs__rosidl_typesupport_cpp.so" to ""
[1.219s] -- Installing: /home/srik/ros_ubuntu/ros2_ws/install/relbot_msgs/share/relbot_msgs/environment/pythonpath.sh
[1.219s] -- Installing: /home/srik/ros_ubuntu/ros2_ws/install/relbot_msgs/share/relbot_msgs/environment/pythonpath.dsv
[1.219s] -- Installing: /home/srik/ros_ubuntu/ros2_ws/install/relbot_msgs/local/lib/python3.10/dist-packages/relbot_msgs-2025.2.0-py3.10.egg-info
[1.219s] -- Installing: /home/srik/ros_ubuntu/ros2_ws/install/relbot_msgs/local/lib/python3.10/dist-packages/relbot_msgs-2025.2.0-py3.10.egg-info/PKG-INFO
[1.219s] -- Installing: /home/srik/ros_ubuntu/ros2_ws/install/relbot_msgs/local/lib/python3.10/dist-packages/relbot_msgs-2025.2.0-py3.10.egg-info/dependency_links.txt
[1.219s] -- Installing: /home/srik/ros_ubuntu/ros2_ws/install/relbot_msgs/local/lib/python3.10/dist-packages/relbot_msgs-2025.2.0-py3.10.egg-info/top_level.txt
[1.219s] -- Installing: /home/srik/ros_ubuntu/ros2_ws/install/relbot_msgs/local/lib/python3.10/dist-packages/relbot_msgs-2025.2.0-py3.10.egg-info/SOURCES.txt
[1.219s] -- Installing: /home/srik/ros_ubuntu/ros2_ws/install/relbot_msgs/local/lib/python3.10/dist-packages/relbot_msgs
[1.219s] -- Installing: /home/srik/ros_ubuntu/ros2_ws/install/relbot_msgs/local/lib/python3.10/dist-packages/relbot_msgs/__init__.py
[1.219s] -- Installing: /home/srik/ros_ubuntu/ros2_ws/install/relbot_msgs/local/lib/python3.10/dist-packages/relbot_msgs/msg
[1.219s] -- Installing: /home/srik/ros_ubuntu/ros2_ws/install/relbot_msgs/local/lib/python3.10/dist-packages/relbot_msgs/msg/_relbot_motors.py
[1.219s] -- Installing: /home/srik/ros_ubuntu/ros2_ws/install/relbot_msgs/local/lib/python3.10/dist-packages/relbot_msgs/msg/_relbot_motors_s.c
[1.219s] -- Installing: /home/srik/ros_ubuntu/ros2_ws/install/relbot_msgs/local/lib/python3.10/dist-packages/relbot_msgs/msg/_relbot_motors_stamped.py
[1.219s] -- Installing: /home/srik/ros_ubuntu/ros2_ws/install/relbot_msgs/local/lib/python3.10/dist-packages/relbot_msgs/msg/_relbot_motors_stamped_s.c
[1.219s] -- Installing: /home/srik/ros_ubuntu/ros2_ws/install/relbot_msgs/local/lib/python3.10/dist-packages/relbot_msgs/msg/__init__.py
[1.220s] -- Installing: /home/srik/ros_ubuntu/ros2_ws/install/relbot_msgs/local/lib/python3.10/dist-packages/relbot_msgs/_relbot_msgs_s.ep.rosidl_typesupport_fastrtps_c.c
[1.220s] -- Installing: /home/srik/ros_ubuntu/ros2_ws/install/relbot_msgs/local/lib/python3.10/dist-packages/relbot_msgs/_relbot_msgs_s.ep.rosidl_typesupport_introspection_c.c
[1.220s] -- Installing: /home/srik/ros_ubuntu/ros2_ws/install/relbot_msgs/local/lib/python3.10/dist-packages/relbot_msgs/_relbot_msgs_s.ep.rosidl_typesupport_c.c
[1.220s] -- Installing: /home/srik/ros_ubuntu/ros2_ws/install/relbot_msgs/local/lib/python3.10/dist-packages/relbot_msgs/librelbot_msgs__rosidl_generator_py.so
[1.220s] -- Installing: /home/srik/ros_ubuntu/ros2_ws/install/relbot_msgs/local/lib/python3.10/dist-packages/relbot_msgs/relbot_msgs_s__rosidl_typesupport_fastrtps_c.cpython-310-x86_64-linux-gnu.so
[1.221s] -- Installing: /home/srik/ros_ubuntu/ros2_ws/install/relbot_msgs/local/lib/python3.10/dist-packages/relbot_msgs/relbot_msgs_s__rosidl_typesupport_introspection_c.cpython-310-x86_64-linux-gnu.so
[1.221s] -- Installing: /home/srik/ros_ubuntu/ros2_ws/install/relbot_msgs/local/lib/python3.10/dist-packages/relbot_msgs/relbot_msgs_s__rosidl_typesupport_c.cpython-310-x86_64-linux-gnu.so
[1.240s] Listing '/home/srik/ros_ubuntu/ros2_ws/install/relbot_msgs/local/lib/python3.10/dist-packages/relbot_msgs'...
[1.240s] Compiling '/home/srik/ros_ubuntu/ros2_ws/install/relbot_msgs/local/lib/python3.10/dist-packages/relbot_msgs/__init__.py'...
[1.241s] Listing '/home/srik/ros_ubuntu/ros2_ws/install/relbot_msgs/local/lib/python3.10/dist-packages/relbot_msgs/msg'...
[1.241s] Compiling '/home/srik/ros_ubuntu/ros2_ws/install/relbot_msgs/local/lib/python3.10/dist-packages/relbot_msgs/msg/__init__.py'...
[1.241s] Compiling '/home/srik/ros_ubuntu/ros2_ws/install/relbot_msgs/local/lib/python3.10/dist-packages/relbot_msgs/msg/_relbot_motors.py'...
[1.241s] Compiling '/home/srik/ros_ubuntu/ros2_ws/install/relbot_msgs/local/lib/python3.10/dist-packages/relbot_msgs/msg/_relbot_motors_stamped.py'...
[1.244s] -- Installing: /home/srik/ros_ubuntu/ros2_ws/install/relbot_msgs/local/lib/python3.10/dist-packages/relbot_msgs/relbot_msgs_s__rosidl_typesupport_fastrtps_c.cpython-310-x86_64-linux-gnu.so
[1.244s] -- Set runtime path of "/home/srik/ros_ubuntu/ros2_ws/install/relbot_msgs/local/lib/python3.10/dist-packages/relbot_msgs/relbot_msgs_s__rosidl_typesupport_fastrtps_c.cpython-310-x86_64-linux-gnu.so" to ""
[1.244s] -- Installing: /home/srik/ros_ubuntu/ros2_ws/install/relbot_msgs/local/lib/python3.10/dist-packages/relbot_msgs/relbot_msgs_s__rosidl_typesupport_introspection_c.cpython-310-x86_64-linux-gnu.so
[1.245s] -- Set runtime path of "/home/srik/ros_ubuntu/ros2_ws/install/relbot_msgs/local/lib/python3.10/dist-packages/relbot_msgs/relbot_msgs_s__rosidl_typesupport_introspection_c.cpython-310-x86_64-linux-gnu.so" to ""
[1.245s] -- Installing: /home/srik/ros_ubuntu/ros2_ws/install/relbot_msgs/local/lib/python3.10/dist-packages/relbot_msgs/relbot_msgs_s__rosidl_typesupport_c.cpython-310-x86_64-linux-gnu.so
[1.245s] -- Set runtime path of "/home/srik/ros_ubuntu/ros2_ws/install/relbot_msgs/local/lib/python3.10/dist-packages/relbot_msgs/relbot_msgs_s__rosidl_typesupport_c.cpython-310-x86_64-linux-gnu.so" to ""
[1.245s] -- Installing: /home/srik/ros_ubuntu/ros2_ws/install/relbot_msgs/lib/librelbot_msgs__rosidl_generator_py.so
[1.246s] -- Set runtime path of "/home/srik/ros_ubuntu/ros2_ws/install/relbot_msgs/lib/librelbot_msgs__rosidl_generator_py.so" to ""
[1.246s] -- Installing: /home/srik/ros_ubuntu/ros2_ws/install/relbot_msgs/share/relbot_msgs/msg/RelbotMotors.idl
[1.246s] -- Installing: /home/srik/ros_ubuntu/ros2_ws/install/relbot_msgs/share/relbot_msgs/msg/RelbotMotorsStamped.idl
[1.246s] -- Installing: /home/srik/ros_ubuntu/ros2_ws/install/relbot_msgs/share/relbot_msgs/msg/RelbotMotors.msg
[1.246s] -- Installing: /home/srik/ros_ubuntu/ros2_ws/install/relbot_msgs/share/relbot_msgs/msg/RelbotMotorsStamped.msg
[1.246s] -- Installing: /home/srik/ros_ubuntu/ros2_ws/install/relbot_msgs/share/ament_index/resource_index/package_run_dependencies/relbot_msgs
[1.246s] -- Installing: /home/srik/ros_ubuntu/ros2_ws/install/relbot_msgs/share/ament_index/resource_index/parent_prefix_path/relbot_msgs
[1.246s] -- Installing: /home/srik/ros_ubuntu/ros2_ws/install/relbot_msgs/share/relbot_msgs/environment/ament_prefix_path.sh
[1.246s] -- Installing: /home/srik/ros_ubuntu/ros2_ws/install/relbot_msgs/share/relbot_msgs/environment/ament_prefix_path.dsv
[1.246s] -- Installing: /home/srik/ros_ubuntu/ros2_ws/install/relbot_msgs/share/relbot_msgs/environment/path.sh
[1.246s] -- Installing: /home/srik/ros_ubuntu/ros2_ws/install/relbot_msgs/share/relbot_msgs/environment/path.dsv
[1.246s] -- Installing: /home/srik/ros_ubuntu/ros2_ws/install/relbot_msgs/share/relbot_msgs/local_setup.bash
[1.246s] -- Installing: /home/srik/ros_ubuntu/ros2_ws/install/relbot_msgs/share/relbot_msgs/local_setup.sh
[1.246s] -- Installing: /home/srik/ros_ubuntu/ros2_ws/install/relbot_msgs/share/relbot_msgs/local_setup.zsh
[1.246s] -- Installing: /home/srik/ros_ubuntu/ros2_ws/install/relbot_msgs/share/relbot_msgs/local_setup.dsv
[1.246s] -- Installing: /home/srik/ros_ubuntu/ros2_ws/install/relbot_msgs/share/relbot_msgs/package.dsv
[1.246s] -- Installing: /home/srik/ros_ubuntu/ros2_ws/install/relbot_msgs/share/ament_index/resource_index/packages/relbot_msgs
[1.247s] -- Installing: /home/srik/ros_ubuntu/ros2_ws/install/relbot_msgs/share/relbot_msgs/cmake/export_relbot_msgs__rosidl_generator_cExport.cmake
[1.247s] -- Installing: /home/srik/ros_ubuntu/ros2_ws/install/relbot_msgs/share/relbot_msgs/cmake/export_relbot_msgs__rosidl_generator_cExport-noconfig.cmake
[1.247s] -- Installing: /home/srik/ros_ubuntu/ros2_ws/install/relbot_msgs/share/relbot_msgs/cmake/export_relbot_msgs__rosidl_typesupport_fastrtps_cExport.cmake
[1.247s] -- Installing: /home/srik/ros_ubuntu/ros2_ws/install/relbot_msgs/share/relbot_msgs/cmake/export_relbot_msgs__rosidl_typesupport_fastrtps_cExport-noconfig.cmake
[1.247s] -- Installing: /home/srik/ros_ubuntu/ros2_ws/install/relbot_msgs/share/relbot_msgs/cmake/relbot_msgs__rosidl_typesupport_introspection_cExport.cmake
[1.247s] -- Installing: /home/srik/ros_ubuntu/ros2_ws/install/relbot_msgs/share/relbot_msgs/cmake/relbot_msgs__rosidl_typesupport_introspection_cExport-noconfig.cmake
[1.247s] -- Installing: /home/srik/ros_ubuntu/ros2_ws/install/relbot_msgs/share/relbot_msgs/cmake/relbot_msgs__rosidl_typesupport_cExport.cmake
[1.247s] -- Installing: /home/srik/ros_ubuntu/ros2_ws/install/relbot_msgs/share/relbot_msgs/cmake/relbot_msgs__rosidl_typesupport_cExport-noconfig.cmake
[1.247s] -- Installing: /home/srik/ros_ubuntu/ros2_ws/install/relbot_msgs/share/relbot_msgs/cmake/export_relbot_msgs__rosidl_generator_cppExport.cmake
[1.247s] -- Installing: /home/srik/ros_ubuntu/ros2_ws/install/relbot_msgs/share/relbot_msgs/cmake/export_relbot_msgs__rosidl_typesupport_fastrtps_cppExport.cmake
[1.247s] -- Installing: /home/srik/ros_ubuntu/ros2_ws/install/relbot_msgs/share/relbot_msgs/cmake/export_relbot_msgs__rosidl_typesupport_fastrtps_cppExport-noconfig.cmake
[1.247s] -- Installing: /home/srik/ros_ubuntu/ros2_ws/install/relbot_msgs/share/relbot_msgs/cmake/relbot_msgs__rosidl_typesupport_introspection_cppExport.cmake
[1.247s] -- Installing: /home/srik/ros_ubuntu/ros2_ws/install/relbot_msgs/share/relbot_msgs/cmake/relbot_msgs__rosidl_typesupport_introspection_cppExport-noconfig.cmake
[1.247s] -- Installing: /home/srik/ros_ubuntu/ros2_ws/install/relbot_msgs/share/relbot_msgs/cmake/relbot_msgs__rosidl_typesupport_cppExport.cmake
[1.247s] -- Installing: /home/srik/ros_ubuntu/ros2_ws/install/relbot_msgs/share/relbot_msgs/cmake/relbot_msgs__rosidl_typesupport_cppExport-noconfig.cmake
[1.247s] -- Installing: /home/srik/ros_ubuntu/ros2_ws/install/relbot_msgs/share/relbot_msgs/cmake/export_relbot_msgs__rosidl_generator_pyExport.cmake
[1.247s] -- Installing: /home/srik/ros_ubuntu/ros2_ws/install/relbot_msgs/share/relbot_msgs/cmake/export_relbot_msgs__rosidl_generator_pyExport-noconfig.cmake
[1.247s] -- Installing: /home/srik/ros_ubuntu/ros2_ws/install/relbot_msgs/share/relbot_msgs/cmake/rosidl_cmake-extras.cmake
[1.247s] -- Installing: /home/srik/ros_ubuntu/ros2_ws/install/relbot_msgs/share/relbot_msgs/cmake/ament_cmake_export_dependencies-extras.cmake
[1.247s] -- Installing: /home/srik/ros_ubuntu/ros2_ws/install/relbot_msgs/share/relbot_msgs/cmake/ament_cmake_export_include_directories-extras.cmake
[1.247s] -- Installing: /home/srik/ros_ubuntu/ros2_ws/install/relbot_msgs/share/relbot_msgs/cmake/ament_cmake_export_libraries-extras.cmake
[1.248s] -- Installing: /home/srik/ros_ubuntu/ros2_ws/install/relbot_msgs/share/relbot_msgs/cmake/ament_cmake_export_targets-extras.cmake
[1.248s] -- Installing: /home/srik/ros_ubuntu/ros2_ws/install/relbot_msgs/share/relbot_msgs/cmake/rosidl_cmake_export_typesupport_targets-extras.cmake
[1.248s] -- Installing: /home/srik/ros_ubuntu/ros2_ws/install/relbot_msgs/share/relbot_msgs/cmake/rosidl_cmake_export_typesupport_libraries-extras.cmake
[1.248s] -- Installing: /home/srik/ros_ubuntu/ros2_ws/install/relbot_msgs/share/relbot_msgs/cmake/relbot_msgsConfig.cmake
[1.248s] -- Installing: /home/srik/ros_ubuntu/ros2_ws/install/relbot_msgs/share/relbot_msgs/cmake/relbot_msgsConfig-version.cmake
[1.248s] -- Installing: /home/srik/ros_ubuntu/ros2_ws/install/relbot_msgs/share/relbot_msgs/package.xml
[1.249s] Invoked command in '/home/srik/ros_ubuntu/ros2_ws/build/relbot_msgs' returned '0': CMAKE_PREFIX_PATH=${CMAKE_PREFIX_PATH}:/opt/ros/humble DEBUGINFOD_URLS=https://debuginfod.archlinux.org https://debuginfod.cachyos.org /usr/bin/cmake --install /home/srik/ros_ubuntu/ros2_ws/build/relbot_msgs
