[0.074s] DEBUG:colcon:Command line arguments: ['/usr/bin/colcon', 'build']
[0.074s] DEBUG:colcon:Parsed command line arguments: Namespace(log_base=None, log_level=None, verb_name='build', build_base='build', install_base='install', merge_install=False, symlink_install=False, test_result_base=None, continue_on_error=False, executor='parallel', parallel_workers=8, event_handlers=None, ignore_user_meta=False, metas=['./colcon.meta'], base_paths=['.'], packages_ignore=None, packages_ignore_regex=None, paths=None, packages_up_to=None, packages_up_to_regex=None, packages_above=None, packages_above_and_dependencies=None, packages_above_depth=None, packages_select_by_dep=None, packages_skip_by_dep=None, packages_skip_up_to=None, packages_select_build_failed=False, packages_skip_build_finished=False, packages_select_test_failures=False, packages_skip_test_passed=False, packages_select=None, packages_skip=None, packages_select_regex=None, packages_skip_regex=None, packages_start=None, packages_end=None, allow_overriding=[], cmake_args=None, cmake_target=None, cmake_target_skip_unavailable=False, cmake_clean_cache=False, cmake_clean_first=False, cmake_force_configure=False, ament_cmake_args=None, catkin_cmake_args=None, catkin_skip_building_tests=False, verb_parser=<colcon_defaults.argument_parser.defaults.DefaultArgumentsDecorator object at 0x7f62921a4130>, verb_extension=<colcon_core.verb.build.BuildVerb object at 0x7f629216f7f0>, main=<bound method BuildVerb.main of <colcon_core.verb.build.BuildVerb object at 0x7f629216f7f0>>)
[0.201s] Level 1:colcon.colcon_core.package_discovery:discover_packages(colcon_meta) check parameters
[0.201s] Level 1:colcon.colcon_core.package_discovery:discover_packages(recursive) check parameters
[0.201s] Level 1:colcon.colcon_core.package_discovery:discover_packages(ignore) check parameters
[0.201s] Level 1:colcon.colcon_core.package_discovery:discover_packages(path) check parameters
[0.201s] Level 1:colcon.colcon_core.package_discovery:discover_packages(colcon_meta) discover
[0.201s] Level 1:colcon.colcon_core.package_discovery:discover_packages(recursive) discover
[0.201s] INFO:colcon.colcon_core.package_discovery:Crawling recursively for packages in '/home/raghav742/SDfR/Assignments/assignment5/ros2_ws/src'
[0.201s] Level 1:colcon.colcon_core.package_identification:_identify(.) by extensions ['ignore', 'ignore_ament_install']
[0.201s] Level 1:colcon.colcon_core.package_identification:_identify(.) by extension 'ignore'
[0.201s] Level 1:colcon.colcon_core.package_identification:_identify(.) by extension 'ignore_ament_install'
[0.201s] Level 1:colcon.colcon_core.package_identification:_identify(.) by extensions ['colcon_pkg']
[0.201s] Level 1:colcon.colcon_core.package_identification:_identify(.) by extension 'colcon_pkg'
[0.201s] Level 1:colcon.colcon_core.package_identification:_identify(.) by extensions ['colcon_meta']
[0.201s] Level 1:colcon.colcon_core.package_identification:_identify(.) by extension 'colcon_meta'
[0.201s] Level 1:colcon.colcon_core.package_identification:_identify(.) by extensions ['ros']
[0.201s] Level 1:colcon.colcon_core.package_identification:_identify(.) by extension 'ros'
[0.209s] Level 1:colcon.colcon_core.package_identification:_identify(.) by extensions ['cmake', 'python']
[0.209s] Level 1:colcon.colcon_core.package_identification:_identify(.) by extension 'cmake'
[0.209s] Level 1:colcon.colcon_core.package_identification:_identify(.) by extension 'python'
[0.209s] Level 1:colcon.colcon_core.package_identification:_identify(.) by extensions ['python_setup_py']
[0.209s] Level 1:colcon.colcon_core.package_identification:_identify(.) by extension 'python_setup_py'
[0.210s] Level 1:colcon.colcon_core.package_identification:_identify(build) by extensions ['ignore', 'ignore_ament_install']
[0.210s] Level 1:colcon.colcon_core.package_identification:_identify(build) by extension 'ignore'
[0.210s] Level 1:colcon.colcon_core.package_identification:_identify(build) ignored
[0.210s] Level 1:colcon.colcon_core.package_identification:_identify(install) by extensions ['ignore', 'ignore_ament_install']
[0.210s] Level 1:colcon.colcon_core.package_identification:_identify(install) by extension 'ignore'
[0.210s] Level 1:colcon.colcon_core.package_identification:_identify(install) ignored
[0.210s] Level 1:colcon.colcon_core.package_identification:_identify(log) by extensions ['ignore', 'ignore_ament_install']
[0.210s] Level 1:colcon.colcon_core.package_identification:_identify(log) by extension 'ignore'
[0.210s] Level 1:colcon.colcon_core.package_identification:_identify(log) ignored
[0.210s] Level 1:colcon.colcon_core.package_identification:_identify(relbot2turtlesim) by extensions ['ignore', 'ignore_ament_install']
[0.210s] Level 1:colcon.colcon_core.package_identification:_identify(relbot2turtlesim) by extension 'ignore'
[0.210s] Level 1:colcon.colcon_core.package_identification:_identify(relbot2turtlesim) by extension 'ignore_ament_install'
[0.210s] Level 1:colcon.colcon_core.package_identification:_identify(relbot2turtlesim) by extensions ['colcon_pkg']
[0.210s] Level 1:colcon.colcon_core.package_identification:_identify(relbot2turtlesim) by extension 'colcon_pkg'
[0.210s] Level 1:colcon.colcon_core.package_identification:_identify(relbot2turtlesim) by extensions ['colcon_meta']
[0.210s] Level 1:colcon.colcon_core.package_identification:_identify(relbot2turtlesim) by extension 'colcon_meta'
[0.210s] Level 1:colcon.colcon_core.package_identification:_identify(relbot2turtlesim) by extensions ['ros']
[0.210s] Level 1:colcon.colcon_core.package_identification:_identify(relbot2turtlesim) by extension 'ros'
[0.210s] Level 1:colcon.colcon_core.package_identification:_identify(relbot2turtlesim) by extensions ['cmake', 'python']
[0.210s] Level 1:colcon.colcon_core.package_identification:_identify(relbot2turtlesim) by extension 'cmake'
[0.210s] Level 1:colcon.colcon_core.package_identification:_identify(relbot2turtlesim) by extension 'python'
[0.210s] Level 1:colcon.colcon_core.package_identification:_identify(relbot2turtlesim) by extensions ['python_setup_py']
[0.210s] Level 1:colcon.colcon_core.package_identification:_identify(relbot2turtlesim) by extension 'python_setup_py'
[0.211s] Level 1:colcon.colcon_core.package_identification:_identify(relbot2turtlesim/__MACOSX) by extensions ['ignore', 'ignore_ament_install']
[0.211s] Level 1:colcon.colcon_core.package_identification:_identify(relbot2turtlesim/__MACOSX) by extension 'ignore'
[0.211s] Level 1:colcon.colcon_core.package_identification:_identify(relbot2turtlesim/__MACOSX) by extension 'ignore_ament_install'
[0.211s] Level 1:colcon.colcon_core.package_identification:_identify(relbot2turtlesim/__MACOSX) by extensions ['colcon_pkg']
[0.211s] Level 1:colcon.colcon_core.package_identification:_identify(relbot2turtlesim/__MACOSX) by extension 'colcon_pkg'
[0.211s] Level 1:colcon.colcon_core.package_identification:_identify(relbot2turtlesim/__MACOSX) by extensions ['colcon_meta']
[0.211s] Level 1:colcon.colcon_core.package_identification:_identify(relbot2turtlesim/__MACOSX) by extension 'colcon_meta'
[0.211s] Level 1:colcon.colcon_core.package_identification:_identify(relbot2turtlesim/__MACOSX) by extensions ['ros']
[0.211s] Level 1:colcon.colcon_core.package_identification:_identify(relbot2turtlesim/__MACOSX) by extension 'ros'
[0.211s] Level 1:colcon.colcon_core.package_identification:_identify(relbot2turtlesim/__MACOSX) by extensions ['cmake', 'python']
[0.211s] Level 1:colcon.colcon_core.package_identification:_identify(relbot2turtlesim/__MACOSX) by extension 'cmake'
[0.211s] Level 1:colcon.colcon_core.package_identification:_identify(relbot2turtlesim/__MACOSX) by extension 'python'
[0.211s] Level 1:colcon.colcon_core.package_identification:_identify(relbot2turtlesim/__MACOSX) by extensions ['python_setup_py']
[0.211s] Level 1:colcon.colcon_core.package_identification:_identify(relbot2turtlesim/__MACOSX) by extension 'python_setup_py'
[0.211s] Level 1:colcon.colcon_core.package_identification:_identify(relbot2turtlesim/__MACOSX/relbot2turtlesim) by extensions ['ignore', 'ignore_ament_install']
[0.211s] Level 1:colcon.colcon_core.package_identification:_identify(relbot2turtlesim/__MACOSX/relbot2turtlesim) by extension 'ignore'
[0.211s] Level 1:colcon.colcon_core.package_identification:_identify(relbot2turtlesim/__MACOSX/relbot2turtlesim) by extension 'ignore_ament_install'
[0.211s] Level 1:colcon.colcon_core.package_identification:_identify(relbot2turtlesim/__MACOSX/relbot2turtlesim) by extensions ['colcon_pkg']
[0.211s] Level 1:colcon.colcon_core.package_identification:_identify(relbot2turtlesim/__MACOSX/relbot2turtlesim) by extension 'colcon_pkg'
[0.211s] Level 1:colcon.colcon_core.package_identification:_identify(relbot2turtlesim/__MACOSX/relbot2turtlesim) by extensions ['colcon_meta']
[0.211s] Level 1:colcon.colcon_core.package_identification:_identify(relbot2turtlesim/__MACOSX/relbot2turtlesim) by extension 'colcon_meta'
[0.211s] Level 1:colcon.colcon_core.package_identification:_identify(relbot2turtlesim/__MACOSX/relbot2turtlesim) by extensions ['ros']
[0.211s] Level 1:colcon.colcon_core.package_identification:_identify(relbot2turtlesim/__MACOSX/relbot2turtlesim) by extension 'ros'
[0.211s] Level 1:colcon.colcon_core.package_identification:_identify(relbot2turtlesim/__MACOSX/relbot2turtlesim) by extensions ['cmake', 'python']
[0.211s] Level 1:colcon.colcon_core.package_identification:_identify(relbot2turtlesim/__MACOSX/relbot2turtlesim) by extension 'cmake'
[0.211s] Level 1:colcon.colcon_core.package_identification:_identify(relbot2turtlesim/__MACOSX/relbot2turtlesim) by extension 'python'
[0.211s] Level 1:colcon.colcon_core.package_identification:_identify(relbot2turtlesim/__MACOSX/relbot2turtlesim) by extensions ['python_setup_py']
[0.211s] Level 1:colcon.colcon_core.package_identification:_identify(relbot2turtlesim/__MACOSX/relbot2turtlesim) by extension 'python_setup_py'
[0.211s] Level 1:colcon.colcon_core.package_identification:_identify(relbot2turtlesim/__MACOSX/relbot2turtlesim/include) by extensions ['ignore', 'ignore_ament_install']
[0.212s] Level 1:colcon.colcon_core.package_identification:_identify(relbot2turtlesim/__MACOSX/relbot2turtlesim/include) by extension 'ignore'
[0.212s] Level 1:colcon.colcon_core.package_identification:_identify(relbot2turtlesim/__MACOSX/relbot2turtlesim/include) by extension 'ignore_ament_install'
[0.212s] Level 1:colcon.colcon_core.package_identification:_identify(relbot2turtlesim/__MACOSX/relbot2turtlesim/include) by extensions ['colcon_pkg']
[0.212s] Level 1:colcon.colcon_core.package_identification:_identify(relbot2turtlesim/__MACOSX/relbot2turtlesim/include) by extension 'colcon_pkg'
[0.212s] Level 1:colcon.colcon_core.package_identification:_identify(relbot2turtlesim/__MACOSX/relbot2turtlesim/include) by extensions ['colcon_meta']
[0.212s] Level 1:colcon.colcon_core.package_identification:_identify(relbot2turtlesim/__MACOSX/relbot2turtlesim/include) by extension 'colcon_meta'
[0.212s] Level 1:colcon.colcon_core.package_identification:_identify(relbot2turtlesim/__MACOSX/relbot2turtlesim/include) by extensions ['ros']
[0.212s] Level 1:colcon.colcon_core.package_identification:_identify(relbot2turtlesim/__MACOSX/relbot2turtlesim/include) by extension 'ros'
[0.212s] Level 1:colcon.colcon_core.package_identification:_identify(relbot2turtlesim/__MACOSX/relbot2turtlesim/include) by extensions ['cmake', 'python']
[0.212s] Level 1:colcon.colcon_core.package_identification:_identify(relbot2turtlesim/__MACOSX/relbot2turtlesim/include) by extension 'cmake'
[0.212s] Level 1:colcon.colcon_core.package_identification:_identify(relbot2turtlesim/__MACOSX/relbot2turtlesim/include) by extension 'python'
[0.212s] Level 1:colcon.colcon_core.package_identification:_identify(relbot2turtlesim/__MACOSX/relbot2turtlesim/include) by extensions ['python_setup_py']
[0.212s] Level 1:colcon.colcon_core.package_identification:_identify(relbot2turtlesim/__MACOSX/relbot2turtlesim/include) by extension 'python_setup_py'
[0.212s] Level 1:colcon.colcon_core.package_identification:_identify(relbot2turtlesim/relbot2turtlesim) by extensions ['ignore', 'ignore_ament_install']
[0.212s] Level 1:colcon.colcon_core.package_identification:_identify(relbot2turtlesim/relbot2turtlesim) by extension 'ignore'
[0.212s] Level 1:colcon.colcon_core.package_identification:_identify(relbot2turtlesim/relbot2turtlesim) by extension 'ignore_ament_install'
[0.212s] Level 1:colcon.colcon_core.package_identification:_identify(relbot2turtlesim/relbot2turtlesim) by extensions ['colcon_pkg']
[0.212s] Level 1:colcon.colcon_core.package_identification:_identify(relbot2turtlesim/relbot2turtlesim) by extension 'colcon_pkg'
[0.212s] Level 1:colcon.colcon_core.package_identification:_identify(relbot2turtlesim/relbot2turtlesim) by extensions ['colcon_meta']
[0.212s] Level 1:colcon.colcon_core.package_identification:_identify(relbot2turtlesim/relbot2turtlesim) by extension 'colcon_meta'
[0.212s] Level 1:colcon.colcon_core.package_identification:_identify(relbot2turtlesim/relbot2turtlesim) by extensions ['ros']
[0.212s] Level 1:colcon.colcon_core.package_identification:_identify(relbot2turtlesim/relbot2turtlesim) by extension 'ros'
[0.214s] DEBUG:colcon.colcon_core.package_identification:Package 'relbot2turtlesim/relbot2turtlesim' with type 'ros.ament_cmake' and name 'relbot2turtlesim'
[0.214s] Level 1:colcon.colcon_core.package_identification:_identify(relbot_adapter) by extensions ['ignore', 'ignore_ament_install']
[0.214s] Level 1:colcon.colcon_core.package_identification:_identify(relbot_adapter) by extension 'ignore'
[0.214s] Level 1:colcon.colcon_core.package_identification:_identify(relbot_adapter) by extension 'ignore_ament_install'
[0.214s] Level 1:colcon.colcon_core.package_identification:_identify(relbot_adapter) by extensions ['colcon_pkg']
[0.214s] Level 1:colcon.colcon_core.package_identification:_identify(relbot_adapter) by extension 'colcon_pkg'
[0.215s] Level 1:colcon.colcon_core.package_identification:_identify(relbot_adapter) by extensions ['colcon_meta']
[0.215s] Level 1:colcon.colcon_core.package_identification:_identify(relbot_adapter) by extension 'colcon_meta'
[0.215s] Level 1:colcon.colcon_core.package_identification:_identify(relbot_adapter) by extensions ['ros']
[0.215s] Level 1:colcon.colcon_core.package_identification:_identify(relbot_adapter) by extension 'ros'
[0.215s] DEBUG:colcon.colcon_core.package_identification:Package 'relbot_adapter' with type 'ros.ament_cmake' and name 'relbot_adapter'
[0.215s] Level 1:colcon.colcon_core.package_identification:_identify(relbot_launch) by extensions ['ignore', 'ignore_ament_install']
[0.215s] Level 1:colcon.colcon_core.package_identification:_identify(relbot_launch) by extension 'ignore'
[0.215s] Level 1:colcon.colcon_core.package_identification:_identify(relbot_launch) by extension 'ignore_ament_install'
[0.215s] Level 1:colcon.colcon_core.package_identification:_identify(relbot_launch) by extensions ['colcon_pkg']
[0.215s] Level 1:colcon.colcon_core.package_identification:_identify(relbot_launch) by extension 'colcon_pkg'
[0.215s] Level 1:colcon.colcon_core.package_identification:_identify(relbot_launch) by extensions ['colcon_meta']
[0.215s] Level 1:colcon.colcon_core.package_identification:_identify(relbot_launch) by extension 'colcon_meta'
[0.215s] Level 1:colcon.colcon_core.package_identification:_identify(relbot_launch) by extensions ['ros']
[0.215s] Level 1:colcon.colcon_core.package_identification:_identify(relbot_launch) by extension 'ros'
[0.215s] Level 1:colcon.colcon_core.package_identification:_identify(relbot_launch) by extensions ['cmake', 'python']
[0.215s] Level 1:colcon.colcon_core.package_identification:_identify(relbot_launch) by extension 'cmake'
[0.215s] Level 1:colcon.colcon_core.package_identification:_identify(relbot_launch) by extension 'python'
[0.215s] Level 1:colcon.colcon_core.package_identification:_identify(relbot_launch) by extensions ['python_setup_py']
[0.215s] Level 1:colcon.colcon_core.package_identification:_identify(relbot_launch) by extension 'python_setup_py'
[0.215s] Level 1:colcon.colcon_core.package_identification:_identify(relbot_launch/__MACOSX) by extensions ['ignore', 'ignore_ament_install']
[0.216s] Level 1:colcon.colcon_core.package_identification:_identify(relbot_launch/__MACOSX) by extension 'ignore'
[0.216s] Level 1:colcon.colcon_core.package_identification:_identify(relbot_launch/__MACOSX) by extension 'ignore_ament_install'
[0.216s] Level 1:colcon.colcon_core.package_identification:_identify(relbot_launch/__MACOSX) by extensions ['colcon_pkg']
[0.216s] Level 1:colcon.colcon_core.package_identification:_identify(relbot_launch/__MACOSX) by extension 'colcon_pkg'
[0.216s] Level 1:colcon.colcon_core.package_identification:_identify(relbot_launch/__MACOSX) by extensions ['colcon_meta']
[0.216s] Level 1:colcon.colcon_core.package_identification:_identify(relbot_launch/__MACOSX) by extension 'colcon_meta'
[0.216s] Level 1:colcon.colcon_core.package_identification:_identify(relbot_launch/__MACOSX) by extensions ['ros']
[0.216s] Level 1:colcon.colcon_core.package_identification:_identify(relbot_launch/__MACOSX) by extension 'ros'
[0.216s] Level 1:colcon.colcon_core.package_identification:_identify(relbot_launch/__MACOSX) by extensions ['cmake', 'python']
[0.216s] Level 1:colcon.colcon_core.package_identification:_identify(relbot_launch/__MACOSX) by extension 'cmake'
[0.216s] Level 1:colcon.colcon_core.package_identification:_identify(relbot_launch/__MACOSX) by extension 'python'
[0.216s] Level 1:colcon.colcon_core.package_identification:_identify(relbot_launch/__MACOSX) by extensions ['python_setup_py']
[0.216s] Level 1:colcon.colcon_core.package_identification:_identify(relbot_launch/__MACOSX) by extension 'python_setup_py'
[0.216s] Level 1:colcon.colcon_core.package_identification:_identify(relbot_launch/__MACOSX/relbot_launch) by extensions ['ignore', 'ignore_ament_install']
[0.216s] Level 1:colcon.colcon_core.package_identification:_identify(relbot_launch/__MACOSX/relbot_launch) by extension 'ignore'
[0.216s] Level 1:colcon.colcon_core.package_identification:_identify(relbot_launch/__MACOSX/relbot_launch) by extension 'ignore_ament_install'
[0.216s] Level 1:colcon.colcon_core.package_identification:_identify(relbot_launch/__MACOSX/relbot_launch) by extensions ['colcon_pkg']
[0.216s] Level 1:colcon.colcon_core.package_identification:_identify(relbot_launch/__MACOSX/relbot_launch) by extension 'colcon_pkg'
[0.216s] Level 1:colcon.colcon_core.package_identification:_identify(relbot_launch/__MACOSX/relbot_launch) by extensions ['colcon_meta']
[0.216s] Level 1:colcon.colcon_core.package_identification:_identify(relbot_launch/__MACOSX/relbot_launch) by extension 'colcon_meta'
[0.216s] Level 1:colcon.colcon_core.package_identification:_identify(relbot_launch/__MACOSX/relbot_launch) by extensions ['ros']
[0.216s] Level 1:colcon.colcon_core.package_identification:_identify(relbot_launch/__MACOSX/relbot_launch) by extension 'ros'
[0.216s] Level 1:colcon.colcon_core.package_identification:_identify(relbot_launch/__MACOSX/relbot_launch) by extensions ['cmake', 'python']
[0.216s] Level 1:colcon.colcon_core.package_identification:_identify(relbot_launch/__MACOSX/relbot_launch) by extension 'cmake'
[0.216s] Level 1:colcon.colcon_core.package_identification:_identify(relbot_launch/__MACOSX/relbot_launch) by extension 'python'
[0.216s] Level 1:colcon.colcon_core.package_identification:_identify(relbot_launch/__MACOSX/relbot_launch) by extensions ['python_setup_py']
[0.216s] Level 1:colcon.colcon_core.package_identification:_identify(relbot_launch/__MACOSX/relbot_launch) by extension 'python_setup_py'
[0.216s] Level 1:colcon.colcon_core.package_identification:_identify(relbot_launch/__MACOSX/relbot_launch/launch) by extensions ['ignore', 'ignore_ament_install']
[0.216s] Level 1:colcon.colcon_core.package_identification:_identify(relbot_launch/__MACOSX/relbot_launch/launch) by extension 'ignore'
[0.217s] Level 1:colcon.colcon_core.package_identification:_identify(relbot_launch/__MACOSX/relbot_launch/launch) by extension 'ignore_ament_install'
[0.217s] Level 1:colcon.colcon_core.package_identification:_identify(relbot_launch/__MACOSX/relbot_launch/launch) by extensions ['colcon_pkg']
[0.217s] Level 1:colcon.colcon_core.package_identification:_identify(relbot_launch/__MACOSX/relbot_launch/launch) by extension 'colcon_pkg'
[0.217s] Level 1:colcon.colcon_core.package_identification:_identify(relbot_launch/__MACOSX/relbot_launch/launch) by extensions ['colcon_meta']
[0.217s] Level 1:colcon.colcon_core.package_identification:_identify(relbot_launch/__MACOSX/relbot_launch/launch) by extension 'colcon_meta'
[0.217s] Level 1:colcon.colcon_core.package_identification:_identify(relbot_launch/__MACOSX/relbot_launch/launch) by extensions ['ros']
[0.217s] Level 1:colcon.colcon_core.package_identification:_identify(relbot_launch/__MACOSX/relbot_launch/launch) by extension 'ros'
[0.217s] Level 1:colcon.colcon_core.package_identification:_identify(relbot_launch/__MACOSX/relbot_launch/launch) by extensions ['cmake', 'python']
[0.217s] Level 1:colcon.colcon_core.package_identification:_identify(relbot_launch/__MACOSX/relbot_launch/launch) by extension 'cmake'
[0.217s] Level 1:colcon.colcon_core.package_identification:_identify(relbot_launch/__MACOSX/relbot_launch/launch) by extension 'python'
[0.217s] Level 1:colcon.colcon_core.package_identification:_identify(relbot_launch/__MACOSX/relbot_launch/launch) by extensions ['python_setup_py']
[0.217s] Level 1:colcon.colcon_core.package_identification:_identify(relbot_launch/__MACOSX/relbot_launch/launch) by extension 'python_setup_py'
[0.217s] Level 1:colcon.colcon_core.package_identification:_identify(relbot_launch/relbot_launch) by extensions ['ignore', 'ignore_ament_install']
[0.217s] Level 1:colcon.colcon_core.package_identification:_identify(relbot_launch/relbot_launch) by extension 'ignore'
[0.217s] Level 1:colcon.colcon_core.package_identification:_identify(relbot_launch/relbot_launch) by extension 'ignore_ament_install'
[0.217s] Level 1:colcon.colcon_core.package_identification:_identify(relbot_launch/relbot_launch) by extensions ['colcon_pkg']
[0.217s] Level 1:colcon.colcon_core.package_identification:_identify(relbot_launch/relbot_launch) by extension 'colcon_pkg'
[0.217s] Level 1:colcon.colcon_core.package_identification:_identify(relbot_launch/relbot_launch) by extensions ['colcon_meta']
[0.217s] Level 1:colcon.colcon_core.package_identification:_identify(relbot_launch/relbot_launch) by extension 'colcon_meta'
[0.217s] Level 1:colcon.colcon_core.package_identification:_identify(relbot_launch/relbot_launch) by extensions ['ros']
[0.217s] Level 1:colcon.colcon_core.package_identification:_identify(relbot_launch/relbot_launch) by extension 'ros'
[0.218s] DEBUG:colcon.colcon_core.package_identification:Package 'relbot_launch/relbot_launch' with type 'ros.ament_cmake' and name 'relbot_launch'
[0.218s] Level 1:colcon.colcon_core.package_identification:_identify(relbot_msgs) by extensions ['ignore', 'ignore_ament_install']
[0.218s] Level 1:colcon.colcon_core.package_identification:_identify(relbot_msgs) by extension 'ignore'
[0.218s] Level 1:colcon.colcon_core.package_identification:_identify(relbot_msgs) by extension 'ignore_ament_install'
[0.218s] Level 1:colcon.colcon_core.package_identification:_identify(relbot_msgs) by extensions ['colcon_pkg']
[0.218s] Level 1:colcon.colcon_core.package_identification:_identify(relbot_msgs) by extension 'colcon_pkg'
[0.218s] Level 1:colcon.colcon_core.package_identification:_identify(relbot_msgs) by extensions ['colcon_meta']
[0.218s] Level 1:colcon.colcon_core.package_identification:_identify(relbot_msgs) by extension 'colcon_meta'
[0.218s] Level 1:colcon.colcon_core.package_identification:_identify(relbot_msgs) by extensions ['ros']
[0.218s] Level 1:colcon.colcon_core.package_identification:_identify(relbot_msgs) by extension 'ros'
[0.218s] DEBUG:colcon.colcon_core.package_identification:Package 'relbot_msgs' with type 'ros.ament_cmake' and name 'relbot_msgs'
[0.218s] Level 1:colcon.colcon_core.package_identification:_identify(relbot_sequence_controller) by extensions ['ignore', 'ignore_ament_install']
[0.218s] Level 1:colcon.colcon_core.package_identification:_identify(relbot_sequence_controller) by extension 'ignore'
[0.219s] Level 1:colcon.colcon_core.package_identification:_identify(relbot_sequence_controller) by extension 'ignore_ament_install'
[0.219s] Level 1:colcon.colcon_core.package_identification:_identify(relbot_sequence_controller) by extensions ['colcon_pkg']
[0.219s] Level 1:colcon.colcon_core.package_identification:_identify(relbot_sequence_controller) by extension 'colcon_pkg'
[0.219s] Level 1:colcon.colcon_core.package_identification:_identify(relbot_sequence_controller) by extensions ['colcon_meta']
[0.219s] Level 1:colcon.colcon_core.package_identification:_identify(relbot_sequence_controller) by extension 'colcon_meta'
[0.219s] Level 1:colcon.colcon_core.package_identification:_identify(relbot_sequence_controller) by extensions ['ros']
[0.219s] Level 1:colcon.colcon_core.package_identification:_identify(relbot_sequence_controller) by extension 'ros'
[0.219s] Level 1:colcon.colcon_core.package_identification:_identify(relbot_sequence_controller) by extensions ['cmake', 'python']
[0.219s] Level 1:colcon.colcon_core.package_identification:_identify(relbot_sequence_controller) by extension 'cmake'
[0.219s] Level 1:colcon.colcon_core.package_identification:_identify(relbot_sequence_controller) by extension 'python'
[0.219s] Level 1:colcon.colcon_core.package_identification:_identify(relbot_sequence_controller) by extensions ['python_setup_py']
[0.219s] Level 1:colcon.colcon_core.package_identification:_identify(relbot_sequence_controller) by extension 'python_setup_py'
[0.219s] Level 1:colcon.colcon_core.package_identification:_identify(relbot_sequence_controller/__MACOSX) by extensions ['ignore', 'ignore_ament_install']
[0.219s] Level 1:colcon.colcon_core.package_identification:_identify(relbot_sequence_controller/__MACOSX) by extension 'ignore'
[0.219s] Level 1:colcon.colcon_core.package_identification:_identify(relbot_sequence_controller/__MACOSX) by extension 'ignore_ament_install'
[0.219s] Level 1:colcon.colcon_core.package_identification:_identify(relbot_sequence_controller/__MACOSX) by extensions ['colcon_pkg']
[0.219s] Level 1:colcon.colcon_core.package_identification:_identify(relbot_sequence_controller/__MACOSX) by extension 'colcon_pkg'
[0.219s] Level 1:colcon.colcon_core.package_identification:_identify(relbot_sequence_controller/__MACOSX) by extensions ['colcon_meta']
[0.219s] Level 1:colcon.colcon_core.package_identification:_identify(relbot_sequence_controller/__MACOSX) by extension 'colcon_meta'
[0.219s] Level 1:colcon.colcon_core.package_identification:_identify(relbot_sequence_controller/__MACOSX) by extensions ['ros']
[0.219s] Level 1:colcon.colcon_core.package_identification:_identify(relbot_sequence_controller/__MACOSX) by extension 'ros'
[0.219s] Level 1:colcon.colcon_core.package_identification:_identify(relbot_sequence_controller/__MACOSX) by extensions ['cmake', 'python']
[0.219s] Level 1:colcon.colcon_core.package_identification:_identify(relbot_sequence_controller/__MACOSX) by extension 'cmake'
[0.219s] Level 1:colcon.colcon_core.package_identification:_identify(relbot_sequence_controller/__MACOSX) by extension 'python'
[0.219s] Level 1:colcon.colcon_core.package_identification:_identify(relbot_sequence_controller/__MACOSX) by extensions ['python_setup_py']
[0.219s] Level 1:colcon.colcon_core.package_identification:_identify(relbot_sequence_controller/__MACOSX) by extension 'python_setup_py'
[0.219s] Level 1:colcon.colcon_core.package_identification:_identify(relbot_sequence_controller/__MACOSX/relbot_sequence_controller) by extensions ['ignore', 'ignore_ament_install']
[0.219s] Level 1:colcon.colcon_core.package_identification:_identify(relbot_sequence_controller/__MACOSX/relbot_sequence_controller) by extension 'ignore'
[0.219s] Level 1:colcon.colcon_core.package_identification:_identify(relbot_sequence_controller/__MACOSX/relbot_sequence_controller) by extension 'ignore_ament_install'
[0.219s] Level 1:colcon.colcon_core.package_identification:_identify(relbot_sequence_controller/__MACOSX/relbot_sequence_controller) by extensions ['colcon_pkg']
[0.219s] Level 1:colcon.colcon_core.package_identification:_identify(relbot_sequence_controller/__MACOSX/relbot_sequence_controller) by extension 'colcon_pkg'
[0.220s] Level 1:colcon.colcon_core.package_identification:_identify(relbot_sequence_controller/__MACOSX/relbot_sequence_controller) by extensions ['colcon_meta']
[0.220s] Level 1:colcon.colcon_core.package_identification:_identify(relbot_sequence_controller/__MACOSX/relbot_sequence_controller) by extension 'colcon_meta'
[0.220s] Level 1:colcon.colcon_core.package_identification:_identify(relbot_sequence_controller/__MACOSX/relbot_sequence_controller) by extensions ['ros']
[0.220s] Level 1:colcon.colcon_core.package_identification:_identify(relbot_sequence_controller/__MACOSX/relbot_sequence_controller) by extension 'ros'
[0.220s] Level 1:colcon.colcon_core.package_identification:_identify(relbot_sequence_controller/__MACOSX/relbot_sequence_controller) by extensions ['cmake', 'python']
[0.220s] Level 1:colcon.colcon_core.package_identification:_identify(relbot_sequence_controller/__MACOSX/relbot_sequence_controller) by extension 'cmake'
[0.220s] Level 1:colcon.colcon_core.package_identification:_identify(relbot_sequence_controller/__MACOSX/relbot_sequence_controller) by extension 'python'
[0.220s] Level 1:colcon.colcon_core.package_identification:_identify(relbot_sequence_controller/__MACOSX/relbot_sequence_controller) by extensions ['python_setup_py']
[0.220s] Level 1:colcon.colcon_core.package_identification:_identify(relbot_sequence_controller/__MACOSX/relbot_sequence_controller) by extension 'python_setup_py'
[0.220s] Level 1:colcon.colcon_core.package_identification:_identify(relbot_sequence_controller/__MACOSX/relbot_sequence_controller/include) by extensions ['ignore', 'ignore_ament_install']
[0.220s] Level 1:colcon.colcon_core.package_identification:_identify(relbot_sequence_controller/__MACOSX/relbot_sequence_controller/include) by extension 'ignore'
[0.220s] Level 1:colcon.colcon_core.package_identification:_identify(relbot_sequence_controller/__MACOSX/relbot_sequence_controller/include) by extension 'ignore_ament_install'
[0.220s] Level 1:colcon.colcon_core.package_identification:_identify(relbot_sequence_controller/__MACOSX/relbot_sequence_controller/include) by extensions ['colcon_pkg']
[0.220s] Level 1:colcon.colcon_core.package_identification:_identify(relbot_sequence_controller/__MACOSX/relbot_sequence_controller/include) by extension 'colcon_pkg'
[0.220s] Level 1:colcon.colcon_core.package_identification:_identify(relbot_sequence_controller/__MACOSX/relbot_sequence_controller/include) by extensions ['colcon_meta']
[0.220s] Level 1:colcon.colcon_core.package_identification:_identify(relbot_sequence_controller/__MACOSX/relbot_sequence_controller/include) by extension 'colcon_meta'
[0.220s] Level 1:colcon.colcon_core.package_identification:_identify(relbot_sequence_controller/__MACOSX/relbot_sequence_controller/include) by extensions ['ros']
[0.220s] Level 1:colcon.colcon_core.package_identification:_identify(relbot_sequence_controller/__MACOSX/relbot_sequence_controller/include) by extension 'ros'
[0.220s] Level 1:colcon.colcon_core.package_identification:_identify(relbot_sequence_controller/__MACOSX/relbot_sequence_controller/include) by extensions ['cmake', 'python']
[0.220s] Level 1:colcon.colcon_core.package_identification:_identify(relbot_sequence_controller/__MACOSX/relbot_sequence_controller/include) by extension 'cmake'
[0.220s] Level 1:colcon.colcon_core.package_identification:_identify(relbot_sequence_controller/__MACOSX/relbot_sequence_controller/include) by extension 'python'
[0.220s] Level 1:colcon.colcon_core.package_identification:_identify(relbot_sequence_controller/__MACOSX/relbot_sequence_controller/include) by extensions ['python_setup_py']
[0.220s] Level 1:colcon.colcon_core.package_identification:_identify(relbot_sequence_controller/__MACOSX/relbot_sequence_controller/include) by extension 'python_setup_py'
[0.220s] Level 1:colcon.colcon_core.package_identification:_identify(relbot_sequence_controller/relbot_sequence_controller) by extensions ['ignore', 'ignore_ament_install']
[0.220s] Level 1:colcon.colcon_core.package_identification:_identify(relbot_sequence_controller/relbot_sequence_controller) by extension 'ignore'
[0.220s] Level 1:colcon.colcon_core.package_identification:_identify(relbot_sequence_controller/relbot_sequence_controller) by extension 'ignore_ament_install'
[0.220s] Level 1:colcon.colcon_core.package_identification:_identify(relbot_sequence_controller/relbot_sequence_controller) by extensions ['colcon_pkg']
[0.220s] Level 1:colcon.colcon_core.package_identification:_identify(relbot_sequence_controller/relbot_sequence_controller) by extension 'colcon_pkg'
[0.220s] Level 1:colcon.colcon_core.package_identification:_identify(relbot_sequence_controller/relbot_sequence_controller) by extensions ['colcon_meta']
[0.220s] Level 1:colcon.colcon_core.package_identification:_identify(relbot_sequence_controller/relbot_sequence_controller) by extension 'colcon_meta'
[0.221s] Level 1:colcon.colcon_core.package_identification:_identify(relbot_sequence_controller/relbot_sequence_controller) by extensions ['ros']
[0.221s] Level 1:colcon.colcon_core.package_identification:_identify(relbot_sequence_controller/relbot_sequence_controller) by extension 'ros'
[0.221s] DEBUG:colcon.colcon_core.package_identification:Package 'relbot_sequence_controller/relbot_sequence_controller' with type 'ros.ament_cmake' and name 'relbot_sequence_controller'
[0.221s] Level 1:colcon.colcon_core.package_identification:_identify(relbot_simulator) by extensions ['ignore', 'ignore_ament_install']
[0.221s] Level 1:colcon.colcon_core.package_identification:_identify(relbot_simulator) by extension 'ignore'
[0.221s] Level 1:colcon.colcon_core.package_identification:_identify(relbot_simulator) by extension 'ignore_ament_install'
[0.221s] Level 1:colcon.colcon_core.package_identification:_identify(relbot_simulator) by extensions ['colcon_pkg']
[0.221s] Level 1:colcon.colcon_core.package_identification:_identify(relbot_simulator) by extension 'colcon_pkg'
[0.221s] Level 1:colcon.colcon_core.package_identification:_identify(relbot_simulator) by extensions ['colcon_meta']
[0.221s] Level 1:colcon.colcon_core.package_identification:_identify(relbot_simulator) by extension 'colcon_meta'
[0.221s] Level 1:colcon.colcon_core.package_identification:_identify(relbot_simulator) by extensions ['ros']
[0.221s] Level 1:colcon.colcon_core.package_identification:_identify(relbot_simulator) by extension 'ros'
[0.222s] DEBUG:colcon.colcon_core.package_identification:Package 'relbot_simulator' with type 'ros.ament_cmake' and name 'relbot_simulator'
[0.222s] Level 1:colcon.colcon_core.package_discovery:discover_packages(recursive) using defaults
[0.222s] Level 1:colcon.colcon_core.package_discovery:discover_packages(ignore) discover
[0.222s] Level 1:colcon.colcon_core.package_discovery:discover_packages(ignore) using defaults
[0.222s] Level 1:colcon.colcon_core.package_discovery:discover_packages(path) discover
[0.222s] Level 1:colcon.colcon_core.package_discovery:discover_packages(path) using defaults
[0.246s] Level 1:colcon.colcon_core.package_discovery:discover_packages(prefix_path) check parameters
[0.246s] Level 1:colcon.colcon_core.package_discovery:discover_packages(prefix_path) discover
[0.247s] DEBUG:colcon.colcon_installed_package_information.package_discovery:Found 6 installed packages in /home/raghav742/SDfR/Assignments/assignment5/ros2_ws/src/install
[0.247s] DEBUG:colcon.colcon_installed_package_information.package_discovery:Found 6 installed packages in /home/raghav742/SDfR/Relbot_ws/install
[0.249s] DEBUG:colcon.colcon_installed_package_information.package_discovery:Found 324 installed packages in /opt/ros/humble
[0.250s] Level 1:colcon.colcon_core.package_discovery:discover_packages(prefix_path) using defaults
[0.282s] Level 5:colcon.colcon_core.verb:set package 'relbot2turtlesim' build argument 'cmake_args' from command line to 'None'
[0.282s] Level 5:colcon.colcon_core.verb:set package 'relbot2turtlesim' build argument 'cmake_target' from command line to 'None'
[0.282s] Level 5:colcon.colcon_core.verb:set package 'relbot2turtlesim' build argument 'cmake_target_skip_unavailable' from command line to 'False'
[0.282s] Level 5:colcon.colcon_core.verb:set package 'relbot2turtlesim' build argument 'cmake_clean_cache' from command line to 'False'
[0.282s] Level 5:colcon.colcon_core.verb:set package 'relbot2turtlesim' build argument 'cmake_clean_first' from command line to 'False'
[0.282s] Level 5:colcon.colcon_core.verb:set package 'relbot2turtlesim' build argument 'cmake_force_configure' from command line to 'False'
[0.282s] Level 5:colcon.colcon_core.verb:set package 'relbot2turtlesim' build argument 'ament_cmake_args' from command line to 'None'
[0.282s] Level 5:colcon.colcon_core.verb:set package 'relbot2turtlesim' build argument 'catkin_cmake_args' from command line to 'None'
[0.282s] Level 5:colcon.colcon_core.verb:set package 'relbot2turtlesim' build argument 'catkin_skip_building_tests' from command line to 'False'
[0.282s] DEBUG:colcon.colcon_core.verb:Building package 'relbot2turtlesim' with the following arguments: {'ament_cmake_args': None, 'build_base': '/home/raghav742/SDfR/Assignments/assignment5/ros2_ws/src/build/relbot2turtlesim', 'catkin_cmake_args': None, 'catkin_skip_building_tests': False, 'cmake_args': None, 'cmake_clean_cache': False, 'cmake_clean_first': False, 'cmake_force_configure': False, 'cmake_target': None, 'cmake_target_skip_unavailable': False, 'install_base': '/home/raghav742/SDfR/Assignments/assignment5/ros2_ws/src/install/relbot2turtlesim', 'merge_install': False, 'path': '/home/raghav742/SDfR/Assignments/assignment5/ros2_ws/src/relbot2turtlesim/relbot2turtlesim', 'symlink_install': False, 'test_result_base': None}
[0.282s] Level 5:colcon.colcon_core.verb:set package 'relbot_adapter' build argument 'cmake_args' from command line to 'None'
[0.282s] Level 5:colcon.colcon_core.verb:set package 'relbot_adapter' build argument 'cmake_target' from command line to 'None'
[0.282s] Level 5:colcon.colcon_core.verb:set package 'relbot_adapter' build argument 'cmake_target_skip_unavailable' from command line to 'False'
[0.282s] Level 5:colcon.colcon_core.verb:set package 'relbot_adapter' build argument 'cmake_clean_cache' from command line to 'False'
[0.283s] Level 5:colcon.colcon_core.verb:set package 'relbot_adapter' build argument 'cmake_clean_first' from command line to 'False'
[0.283s] Level 5:colcon.colcon_core.verb:set package 'relbot_adapter' build argument 'cmake_force_configure' from command line to 'False'
[0.283s] Level 5:colcon.colcon_core.verb:set package 'relbot_adapter' build argument 'ament_cmake_args' from command line to 'None'
[0.283s] Level 5:colcon.colcon_core.verb:set package 'relbot_adapter' build argument 'catkin_cmake_args' from command line to 'None'
[0.283s] Level 5:colcon.colcon_core.verb:set package 'relbot_adapter' build argument 'catkin_skip_building_tests' from command line to 'False'
[0.283s] DEBUG:colcon.colcon_core.verb:Building package 'relbot_adapter' with the following arguments: {'ament_cmake_args': None, 'build_base': '/home/raghav742/SDfR/Assignments/assignment5/ros2_ws/src/build/relbot_adapter', 'catkin_cmake_args': None, 'catkin_skip_building_tests': False, 'cmake_args': None, 'cmake_clean_cache': False, 'cmake_clean_first': False, 'cmake_force_configure': False, 'cmake_target': None, 'cmake_target_skip_unavailable': False, 'install_base': '/home/raghav742/SDfR/Assignments/assignment5/ros2_ws/src/install/relbot_adapter', 'merge_install': False, 'path': '/home/raghav742/SDfR/Assignments/assignment5/ros2_ws/src/relbot_adapter', 'symlink_install': False, 'test_result_base': None}
[0.283s] Level 5:colcon.colcon_core.verb:set package 'relbot_launch' build argument 'cmake_args' from command line to 'None'
[0.283s] Level 5:colcon.colcon_core.verb:set package 'relbot_launch' build argument 'cmake_target' from command line to 'None'
[0.283s] Level 5:colcon.colcon_core.verb:set package 'relbot_launch' build argument 'cmake_target_skip_unavailable' from command line to 'False'
[0.283s] Level 5:colcon.colcon_core.verb:set package 'relbot_launch' build argument 'cmake_clean_cache' from command line to 'False'
[0.283s] Level 5:colcon.colcon_core.verb:set package 'relbot_launch' build argument 'cmake_clean_first' from command line to 'False'
[0.283s] Level 5:colcon.colcon_core.verb:set package 'relbot_launch' build argument 'cmake_force_configure' from command line to 'False'
[0.283s] Level 5:colcon.colcon_core.verb:set package 'relbot_launch' build argument 'ament_cmake_args' from command line to 'None'
[0.283s] Level 5:colcon.colcon_core.verb:set package 'relbot_launch' build argument 'catkin_cmake_args' from command line to 'None'
[0.283s] Level 5:colcon.colcon_core.verb:set package 'relbot_launch' build argument 'catkin_skip_building_tests' from command line to 'False'
[0.283s] DEBUG:colcon.colcon_core.verb:Building package 'relbot_launch' with the following arguments: {'ament_cmake_args': None, 'build_base': '/home/raghav742/SDfR/Assignments/assignment5/ros2_ws/src/build/relbot_launch', 'catkin_cmake_args': None, 'catkin_skip_building_tests': False, 'cmake_args': None, 'cmake_clean_cache': False, 'cmake_clean_first': False, 'cmake_force_configure': False, 'cmake_target': None, 'cmake_target_skip_unavailable': False, 'install_base': '/home/raghav742/SDfR/Assignments/assignment5/ros2_ws/src/install/relbot_launch', 'merge_install': False, 'path': '/home/raghav742/SDfR/Assignments/assignment5/ros2_ws/src/relbot_launch/relbot_launch', 'symlink_install': False, 'test_result_base': None}
[0.283s] Level 5:colcon.colcon_core.verb:set package 'relbot_msgs' build argument 'cmake_args' from command line to 'None'
[0.283s] Level 5:colcon.colcon_core.verb:set package 'relbot_msgs' build argument 'cmake_target' from command line to 'None'
[0.283s] Level 5:colcon.colcon_core.verb:set package 'relbot_msgs' build argument 'cmake_target_skip_unavailable' from command line to 'False'
[0.283s] Level 5:colcon.colcon_core.verb:set package 'relbot_msgs' build argument 'cmake_clean_cache' from command line to 'False'
[0.283s] Level 5:colcon.colcon_core.verb:set package 'relbot_msgs' build argument 'cmake_clean_first' from command line to 'False'
[0.283s] Level 5:colcon.colcon_core.verb:set package 'relbot_msgs' build argument 'cmake_force_configure' from command line to 'False'
[0.283s] Level 5:colcon.colcon_core.verb:set package 'relbot_msgs' build argument 'ament_cmake_args' from command line to 'None'
[0.283s] Level 5:colcon.colcon_core.verb:set package 'relbot_msgs' build argument 'catkin_cmake_args' from command line to 'None'
[0.283s] Level 5:colcon.colcon_core.verb:set package 'relbot_msgs' build argument 'catkin_skip_building_tests' from command line to 'False'
[0.283s] DEBUG:colcon.colcon_core.verb:Building package 'relbot_msgs' with the following arguments: {'ament_cmake_args': None, 'build_base': '/home/raghav742/SDfR/Assignments/assignment5/ros2_ws/src/build/relbot_msgs', 'catkin_cmake_args': None, 'catkin_skip_building_tests': False, 'cmake_args': None, 'cmake_clean_cache': False, 'cmake_clean_first': False, 'cmake_force_configure': False, 'cmake_target': None, 'cmake_target_skip_unavailable': False, 'install_base': '/home/raghav742/SDfR/Assignments/assignment5/ros2_ws/src/install/relbot_msgs', 'merge_install': False, 'path': '/home/raghav742/SDfR/Assignments/assignment5/ros2_ws/src/relbot_msgs', 'symlink_install': False, 'test_result_base': None}
[0.284s] Level 5:colcon.colcon_core.verb:set package 'relbot_sequence_controller' build argument 'cmake_args' from command line to 'None'
[0.284s] Level 5:colcon.colcon_core.verb:set package 'relbot_sequence_controller' build argument 'cmake_target' from command line to 'None'
[0.284s] Level 5:colcon.colcon_core.verb:set package 'relbot_sequence_controller' build argument 'cmake_target_skip_unavailable' from command line to 'False'
[0.284s] Level 5:colcon.colcon_core.verb:set package 'relbot_sequence_controller' build argument 'cmake_clean_cache' from command line to 'False'
[0.284s] Level 5:colcon.colcon_core.verb:set package 'relbot_sequence_controller' build argument 'cmake_clean_first' from command line to 'False'
[0.284s] Level 5:colcon.colcon_core.verb:set package 'relbot_sequence_controller' build argument 'cmake_force_configure' from command line to 'False'
[0.284s] Level 5:colcon.colcon_core.verb:set package 'relbot_sequence_controller' build argument 'ament_cmake_args' from command line to 'None'
[0.284s] Level 5:colcon.colcon_core.verb:set package 'relbot_sequence_controller' build argument 'catkin_cmake_args' from command line to 'None'
[0.284s] Level 5:colcon.colcon_core.verb:set package 'relbot_sequence_controller' build argument 'catkin_skip_building_tests' from command line to 'False'
[0.284s] DEBUG:colcon.colcon_core.verb:Building package 'relbot_sequence_controller' with the following arguments: {'ament_cmake_args': None, 'build_base': '/home/raghav742/SDfR/Assignments/assignment5/ros2_ws/src/build/relbot_sequence_controller', 'catkin_cmake_args': None, 'catkin_skip_building_tests': False, 'cmake_args': None, 'cmake_clean_cache': False, 'cmake_clean_first': False, 'cmake_force_configure': False, 'cmake_target': None, 'cmake_target_skip_unavailable': False, 'install_base': '/home/raghav742/SDfR/Assignments/assignment5/ros2_ws/src/install/relbot_sequence_controller', 'merge_install': False, 'path': '/home/raghav742/SDfR/Assignments/assignment5/ros2_ws/src/relbot_sequence_controller/relbot_sequence_controller', 'symlink_install': False, 'test_result_base': None}
[0.284s] Level 5:colcon.colcon_core.verb:set package 'relbot_simulator' build argument 'cmake_args' from command line to 'None'
[0.284s] Level 5:colcon.colcon_core.verb:set package 'relbot_simulator' build argument 'cmake_target' from command line to 'None'
[0.284s] Level 5:colcon.colcon_core.verb:set package 'relbot_simulator' build argument 'cmake_target_skip_unavailable' from command line to 'False'
[0.284s] Level 5:colcon.colcon_core.verb:set package 'relbot_simulator' build argument 'cmake_clean_cache' from command line to 'False'
[0.284s] Level 5:colcon.colcon_core.verb:set package 'relbot_simulator' build argument 'cmake_clean_first' from command line to 'False'
[0.284s] Level 5:colcon.colcon_core.verb:set package 'relbot_simulator' build argument 'cmake_force_configure' from command line to 'False'
[0.284s] Level 5:colcon.colcon_core.verb:set package 'relbot_simulator' build argument 'ament_cmake_args' from command line to 'None'
[0.284s] Level 5:colcon.colcon_core.verb:set package 'relbot_simulator' build argument 'catkin_cmake_args' from command line to 'None'
[0.284s] Level 5:colcon.colcon_core.verb:set package 'relbot_simulator' build argument 'catkin_skip_building_tests' from command line to 'False'
[0.284s] DEBUG:colcon.colcon_core.verb:Building package 'relbot_simulator' with the following arguments: {'ament_cmake_args': None, 'build_base': '/home/raghav742/SDfR/Assignments/assignment5/ros2_ws/src/build/relbot_simulator', 'catkin_cmake_args': None, 'catkin_skip_building_tests': False, 'cmake_args': None, 'cmake_clean_cache': False, 'cmake_clean_first': False, 'cmake_force_configure': False, 'cmake_target': None, 'cmake_target_skip_unavailable': False, 'install_base': '/home/raghav742/SDfR/Assignments/assignment5/ros2_ws/src/install/relbot_simulator', 'merge_install': False, 'path': '/home/raghav742/SDfR/Assignments/assignment5/ros2_ws/src/relbot_simulator', 'symlink_install': False, 'test_result_base': None}
[0.284s] INFO:colcon.colcon_core.executor:Executing jobs using 'parallel' executor
[0.285s] DEBUG:colcon.colcon_parallel_executor.executor.parallel:run_until_complete
[0.285s] INFO:colcon.colcon_ros.task.ament_cmake.build:Building ROS package in '/home/raghav742/SDfR/Assignments/assignment5/ros2_ws/src/relbot_msgs' with build type 'ament_cmake'
[0.285s] INFO:colcon.colcon_cmake.task.cmake.build:Building CMake package in '/home/raghav742/SDfR/Assignments/assignment5/ros2_ws/src/relbot_msgs'
[0.287s] INFO:colcon.colcon_core.plugin_system:Skipping extension 'colcon_core.shell.bat': Not used on non-Windows systems
[0.287s] INFO:colcon.colcon_core.shell:Skip shell extension 'powershell' for command environment: Not usable outside of PowerShell
[0.287s] DEBUG:colcon.colcon_core.shell:Skip shell extension 'dsv' for command environment
[0.290s] INFO:colcon.colcon_ros.task.ament_cmake.build:Building ROS package in '/home/raghav742/SDfR/Assignments/assignment5/ros2_ws/src/relbot2turtlesim/relbot2turtlesim' with build type 'ament_cmake'
[0.290s] INFO:colcon.colcon_cmake.task.cmake.build:Building CMake package in '/home/raghav742/SDfR/Assignments/assignment5/ros2_ws/src/relbot2turtlesim/relbot2turtlesim'
[0.291s] INFO:colcon.colcon_core.shell:Skip shell extension 'powershell' for command environment: Not usable outside of PowerShell
[0.291s] DEBUG:colcon.colcon_core.shell:Skip shell extension 'dsv' for command environment
[0.293s] INFO:colcon.colcon_ros.task.ament_cmake.build:Building ROS package in '/home/raghav742/SDfR/Assignments/assignment5/ros2_ws/src/relbot_adapter' with build type 'ament_cmake'
[0.294s] INFO:colcon.colcon_cmake.task.cmake.build:Building CMake package in '/home/raghav742/SDfR/Assignments/assignment5/ros2_ws/src/relbot_adapter'
[0.294s] INFO:colcon.colcon_core.shell:Skip shell extension 'powershell' for command environment: Not usable outside of PowerShell
[0.294s] DEBUG:colcon.colcon_core.shell:Skip shell extension 'dsv' for command environment
[0.296s] INFO:colcon.colcon_ros.task.ament_cmake.build:Building ROS package in '/home/raghav742/SDfR/Assignments/assignment5/ros2_ws/src/relbot_launch/relbot_launch' with build type 'ament_cmake'
[0.296s] INFO:colcon.colcon_cmake.task.cmake.build:Building CMake package in '/home/raghav742/SDfR/Assignments/assignment5/ros2_ws/src/relbot_launch/relbot_launch'
[0.297s] INFO:colcon.colcon_core.shell:Skip shell extension 'powershell' for command environment: Not usable outside of PowerShell
[0.297s] DEBUG:colcon.colcon_core.shell:Skip shell extension 'dsv' for command environment
[0.299s] INFO:colcon.colcon_ros.task.ament_cmake.build:Building ROS package in '/home/raghav742/SDfR/Assignments/assignment5/ros2_ws/src/relbot_sequence_controller/relbot_sequence_controller' with build type 'ament_cmake'
[0.299s] INFO:colcon.colcon_cmake.task.cmake.build:Building CMake package in '/home/raghav742/SDfR/Assignments/assignment5/ros2_ws/src/relbot_sequence_controller/relbot_sequence_controller'
[0.299s] INFO:colcon.colcon_core.shell:Skip shell extension 'powershell' for command environment: Not usable outside of PowerShell
[0.300s] DEBUG:colcon.colcon_core.shell:Skip shell extension 'dsv' for command environment
[0.306s] DEBUG:colcon.colcon_core.event_handler.log_command:Invoking command in '/home/raghav742/SDfR/Assignments/assignment5/ros2_ws/src/build/relbot_msgs': CMAKE_PREFIX_PATH=${CMAKE_PREFIX_PATH}:/opt/ros/humble /usr/bin/cmake --build /home/raghav742/SDfR/Assignments/assignment5/ros2_ws/src/build/relbot_msgs -- -j8 -l8
[0.307s] DEBUG:colcon.colcon_core.event_handler.log_command:Invoking command in '/home/raghav742/SDfR/Assignments/assignment5/ros2_ws/src/build/relbot2turtlesim': CMAKE_PREFIX_PATH=${CMAKE_PREFIX_PATH}:/opt/ros/humble /usr/bin/cmake --build /home/raghav742/SDfR/Assignments/assignment5/ros2_ws/src/build/relbot2turtlesim -- -j8 -l8
[0.309s] DEBUG:colcon.colcon_core.event_handler.log_command:Invoking command in '/home/raghav742/SDfR/Assignments/assignment5/ros2_ws/src/build/relbot_adapter': CMAKE_PREFIX_PATH=${CMAKE_PREFIX_PATH}:/opt/ros/humble /usr/bin/cmake --build /home/raghav742/SDfR/Assignments/assignment5/ros2_ws/src/build/relbot_adapter -- -j8 -l8
[0.311s] DEBUG:colcon.colcon_core.event_handler.log_command:Invoking command in '/home/raghav742/SDfR/Assignments/assignment5/ros2_ws/src/build/relbot_launch': CMAKE_PREFIX_PATH=${CMAKE_PREFIX_PATH}:/opt/ros/humble /usr/bin/cmake --build /home/raghav742/SDfR/Assignments/assignment5/ros2_ws/src/build/relbot_launch -- -j8 -l8
[0.315s] DEBUG:colcon.colcon_core.event_handler.log_command:Invoking command in '/home/raghav742/SDfR/Assignments/assignment5/ros2_ws/src/build/relbot_sequence_controller': CMAKE_PREFIX_PATH=${CMAKE_PREFIX_PATH}:/opt/ros/humble /usr/bin/cmake --build /home/raghav742/SDfR/Assignments/assignment5/ros2_ws/src/build/relbot_sequence_controller -- -j8 -l8
[0.340s] DEBUG:colcon.colcon_core.event_handler.log_command:Invoked command in '/home/raghav742/SDfR/Assignments/assignment5/ros2_ws/src/build/relbot_launch' returned '0': CMAKE_PREFIX_PATH=${CMAKE_PREFIX_PATH}:/opt/ros/humble /usr/bin/cmake --build /home/raghav742/SDfR/Assignments/assignment5/ros2_ws/src/build/relbot_launch -- -j8 -l8
[0.348s] DEBUG:colcon.colcon_core.event_handler.log_command:Invoking command in '/home/raghav742/SDfR/Assignments/assignment5/ros2_ws/src/build/relbot_launch': CMAKE_PREFIX_PATH=${CMAKE_PREFIX_PATH}:/opt/ros/humble /usr/bin/cmake --install /home/raghav742/SDfR/Assignments/assignment5/ros2_ws/src/build/relbot_launch
[0.364s] Level 1:colcon.colcon_core.environment:create_environment_scripts_only(relbot_launch)
[0.365s] DEBUG:colcon.colcon_core.event_handler.log_command:Invoked command in '/home/raghav742/SDfR/Assignments/assignment5/ros2_ws/src/build/relbot_launch' returned '0': CMAKE_PREFIX_PATH=${CMAKE_PREFIX_PATH}:/opt/ros/humble /usr/bin/cmake --install /home/raghav742/SDfR/Assignments/assignment5/ros2_ws/src/build/relbot_launch
[0.368s] Level 1:colcon.colcon_core.environment:checking '/home/raghav742/SDfR/Assignments/assignment5/ros2_ws/src/install/relbot_launch' for CMake module files
[0.369s] Level 1:colcon.colcon_core.environment:checking '/home/raghav742/SDfR/Assignments/assignment5/ros2_ws/src/install/relbot_launch' for CMake config files
[0.370s] Level 1:colcon.colcon_core.shell:create_environment_hook('relbot_launch', 'cmake_prefix_path')
[0.370s] INFO:colcon.colcon_core.shell:Creating environment hook '/home/raghav742/SDfR/Assignments/assignment5/ros2_ws/src/install/relbot_launch/share/relbot_launch/hook/cmake_prefix_path.ps1'
[0.371s] INFO:colcon.colcon_core.shell:Creating environment descriptor '/home/raghav742/SDfR/Assignments/assignment5/ros2_ws/src/install/relbot_launch/share/relbot_launch/hook/cmake_prefix_path.dsv'
[0.372s] INFO:colcon.colcon_core.shell:Creating environment hook '/home/raghav742/SDfR/Assignments/assignment5/ros2_ws/src/install/relbot_launch/share/relbot_launch/hook/cmake_prefix_path.sh'
[0.373s] Level 1:colcon.colcon_core.environment:checking '/home/raghav742/SDfR/Assignments/assignment5/ros2_ws/src/install/relbot_launch/bin'
[0.373s] Level 1:colcon.colcon_core.environment:checking '/home/raghav742/SDfR/Assignments/assignment5/ros2_ws/src/install/relbot_launch/lib/pkgconfig/relbot_launch.pc'
[0.373s] Level 1:colcon.colcon_core.environment:checking '/home/raghav742/SDfR/Assignments/assignment5/ros2_ws/src/install/relbot_launch/lib/python3.10/site-packages'
[0.374s] Level 1:colcon.colcon_core.environment:checking '/home/raghav742/SDfR/Assignments/assignment5/ros2_ws/src/install/relbot_launch/bin'
[0.374s] INFO:colcon.colcon_core.shell:Creating package script '/home/raghav742/SDfR/Assignments/assignment5/ros2_ws/src/install/relbot_launch/share/relbot_launch/package.ps1'
[0.375s] INFO:colcon.colcon_core.shell:Creating package descriptor '/home/raghav742/SDfR/Assignments/assignment5/ros2_ws/src/install/relbot_launch/share/relbot_launch/package.dsv'
[0.377s] INFO:colcon.colcon_core.shell:Creating package script '/home/raghav742/SDfR/Assignments/assignment5/ros2_ws/src/install/relbot_launch/share/relbot_launch/package.sh'
[0.378s] INFO:colcon.colcon_core.shell:Creating package script '/home/raghav742/SDfR/Assignments/assignment5/ros2_ws/src/install/relbot_launch/share/relbot_launch/package.bash'
[0.380s] INFO:colcon.colcon_core.shell:Creating package script '/home/raghav742/SDfR/Assignments/assignment5/ros2_ws/src/install/relbot_launch/share/relbot_launch/package.zsh'
[0.381s] Level 1:colcon.colcon_core.environment:create_file_with_runtime_dependencies(/home/raghav742/SDfR/Assignments/assignment5/ros2_ws/src/install/relbot_launch/share/colcon-core/packages/relbot_launch)
[0.382s] Level 1:colcon.colcon_core.environment:create_environment_scripts_only(relbot_launch)
[0.382s] Level 1:colcon.colcon_core.environment:checking '/home/raghav742/SDfR/Assignments/assignment5/ros2_ws/src/install/relbot_launch' for CMake module files
[0.382s] Level 1:colcon.colcon_core.environment:checking '/home/raghav742/SDfR/Assignments/assignment5/ros2_ws/src/install/relbot_launch' for CMake config files
[0.382s] Level 1:colcon.colcon_core.shell:create_environment_hook('relbot_launch', 'cmake_prefix_path')
[0.383s] INFO:colcon.colcon_core.shell:Creating environment hook '/home/raghav742/SDfR/Assignments/assignment5/ros2_ws/src/install/relbot_launch/share/relbot_launch/hook/cmake_prefix_path.ps1'
[0.383s] INFO:colcon.colcon_core.shell:Creating environment descriptor '/home/raghav742/SDfR/Assignments/assignment5/ros2_ws/src/install/relbot_launch/share/relbot_launch/hook/cmake_prefix_path.dsv'
[0.384s] INFO:colcon.colcon_core.shell:Creating environment hook '/home/raghav742/SDfR/Assignments/assignment5/ros2_ws/src/install/relbot_launch/share/relbot_launch/hook/cmake_prefix_path.sh'
[0.384s] Level 1:colcon.colcon_core.environment:checking '/home/raghav742/SDfR/Assignments/assignment5/ros2_ws/src/install/relbot_launch/bin'
[0.385s] Level 1:colcon.colcon_core.environment:checking '/home/raghav742/SDfR/Assignments/assignment5/ros2_ws/src/install/relbot_launch/lib/pkgconfig/relbot_launch.pc'
[0.385s] Level 1:colcon.colcon_core.environment:checking '/home/raghav742/SDfR/Assignments/assignment5/ros2_ws/src/install/relbot_launch/lib/python3.10/site-packages'
[0.385s] Level 1:colcon.colcon_core.environment:checking '/home/raghav742/SDfR/Assignments/assignment5/ros2_ws/src/install/relbot_launch/bin'
[0.385s] INFO:colcon.colcon_core.shell:Creating package script '/home/raghav742/SDfR/Assignments/assignment5/ros2_ws/src/install/relbot_launch/share/relbot_launch/package.ps1'
[0.386s] INFO:colcon.colcon_core.shell:Creating package descriptor '/home/raghav742/SDfR/Assignments/assignment5/ros2_ws/src/install/relbot_launch/share/relbot_launch/package.dsv'
[0.386s] INFO:colcon.colcon_core.shell:Creating package script '/home/raghav742/SDfR/Assignments/assignment5/ros2_ws/src/install/relbot_launch/share/relbot_launch/package.sh'
[0.387s] INFO:colcon.colcon_core.shell:Creating package script '/home/raghav742/SDfR/Assignments/assignment5/ros2_ws/src/install/relbot_launch/share/relbot_launch/package.bash'
[0.387s] INFO:colcon.colcon_core.shell:Creating package script '/home/raghav742/SDfR/Assignments/assignment5/ros2_ws/src/install/relbot_launch/share/relbot_launch/package.zsh'
[0.388s] Level 1:colcon.colcon_core.environment:create_file_with_runtime_dependencies(/home/raghav742/SDfR/Assignments/assignment5/ros2_ws/src/install/relbot_launch/share/colcon-core/packages/relbot_launch)
[0.390s] DEBUG:colcon.colcon_core.event_handler.log_command:Invoked command in '/home/raghav742/SDfR/Assignments/assignment5/ros2_ws/src/build/relbot2turtlesim' returned '0': CMAKE_PREFIX_PATH=${CMAKE_PREFIX_PATH}:/opt/ros/humble /usr/bin/cmake --build /home/raghav742/SDfR/Assignments/assignment5/ros2_ws/src/build/relbot2turtlesim -- -j8 -l8
[0.391s] DEBUG:colcon.colcon_core.event_handler.log_command:Invoking command in '/home/raghav742/SDfR/Assignments/assignment5/ros2_ws/src/build/relbot2turtlesim': CMAKE_PREFIX_PATH=${CMAKE_PREFIX_PATH}:/opt/ros/humble /usr/bin/cmake --install /home/raghav742/SDfR/Assignments/assignment5/ros2_ws/src/build/relbot2turtlesim
[0.392s] DEBUG:colcon.colcon_core.event_handler.log_command:Invoked command in '/home/raghav742/SDfR/Assignments/assignment5/ros2_ws/src/build/relbot_adapter' returned '0': CMAKE_PREFIX_PATH=${CMAKE_PREFIX_PATH}:/opt/ros/humble /usr/bin/cmake --build /home/raghav742/SDfR/Assignments/assignment5/ros2_ws/src/build/relbot_adapter -- -j8 -l8
[0.394s] DEBUG:colcon.colcon_core.event_handler.log_command:Invoking command in '/home/raghav742/SDfR/Assignments/assignment5/ros2_ws/src/build/relbot_adapter': CMAKE_PREFIX_PATH=${CMAKE_PREFIX_PATH}:/opt/ros/humble /usr/bin/cmake --install /home/raghav742/SDfR/Assignments/assignment5/ros2_ws/src/build/relbot_adapter
[0.400s] Level 1:colcon.colcon_core.environment:create_environment_scripts_only(relbot2turtlesim)
[0.401s] Level 1:colcon.colcon_core.environment:checking '/home/raghav742/SDfR/Assignments/assignment5/ros2_ws/src/install/relbot2turtlesim' for CMake module files
[0.402s] DEBUG:colcon.colcon_core.event_handler.log_command:Invoked command in '/home/raghav742/SDfR/Assignments/assignment5/ros2_ws/src/build/relbot2turtlesim' returned '0': CMAKE_PREFIX_PATH=${CMAKE_PREFIX_PATH}:/opt/ros/humble /usr/bin/cmake --install /home/raghav742/SDfR/Assignments/assignment5/ros2_ws/src/build/relbot2turtlesim
[0.403s] Level 1:colcon.colcon_core.environment:checking '/home/raghav742/SDfR/Assignments/assignment5/ros2_ws/src/install/relbot2turtlesim' for CMake config files
[0.403s] Level 1:colcon.colcon_core.shell:create_environment_hook('relbot2turtlesim', 'cmake_prefix_path')
[0.403s] INFO:colcon.colcon_core.shell:Creating environment hook '/home/raghav742/SDfR/Assignments/assignment5/ros2_ws/src/install/relbot2turtlesim/share/relbot2turtlesim/hook/cmake_prefix_path.ps1'
[0.404s] INFO:colcon.colcon_core.shell:Creating environment descriptor '/home/raghav742/SDfR/Assignments/assignment5/ros2_ws/src/install/relbot2turtlesim/share/relbot2turtlesim/hook/cmake_prefix_path.dsv'
[0.404s] INFO:colcon.colcon_core.shell:Creating environment hook '/home/raghav742/SDfR/Assignments/assignment5/ros2_ws/src/install/relbot2turtlesim/share/relbot2turtlesim/hook/cmake_prefix_path.sh'
[0.405s] Level 1:colcon.colcon_core.environment:checking '/home/raghav742/SDfR/Assignments/assignment5/ros2_ws/src/install/relbot2turtlesim/lib'
[0.405s] Level 1:colcon.colcon_core.environment:checking '/home/raghav742/SDfR/Assignments/assignment5/ros2_ws/src/install/relbot2turtlesim/bin'
[0.405s] Level 1:colcon.colcon_core.environment:checking '/home/raghav742/SDfR/Assignments/assignment5/ros2_ws/src/install/relbot2turtlesim/lib/pkgconfig/relbot2turtlesim.pc'
[0.405s] Level 1:colcon.colcon_core.environment:checking '/home/raghav742/SDfR/Assignments/assignment5/ros2_ws/src/install/relbot2turtlesim/lib/python3.10/site-packages'
[0.406s] Level 1:colcon.colcon_core.environment:checking '/home/raghav742/SDfR/Assignments/assignment5/ros2_ws/src/install/relbot2turtlesim/bin'
[0.406s] INFO:colcon.colcon_core.shell:Creating package script '/home/raghav742/SDfR/Assignments/assignment5/ros2_ws/src/install/relbot2turtlesim/share/relbot2turtlesim/package.ps1'
[0.406s] INFO:colcon.colcon_core.shell:Creating package descriptor '/home/raghav742/SDfR/Assignments/assignment5/ros2_ws/src/install/relbot2turtlesim/share/relbot2turtlesim/package.dsv'
[0.407s] INFO:colcon.colcon_core.shell:Creating package script '/home/raghav742/SDfR/Assignments/assignment5/ros2_ws/src/install/relbot2turtlesim/share/relbot2turtlesim/package.sh'
[0.407s] INFO:colcon.colcon_core.shell:Creating package script '/home/raghav742/SDfR/Assignments/assignment5/ros2_ws/src/install/relbot2turtlesim/share/relbot2turtlesim/package.bash'
[0.408s] INFO:colcon.colcon_core.shell:Creating package script '/home/raghav742/SDfR/Assignments/assignment5/ros2_ws/src/install/relbot2turtlesim/share/relbot2turtlesim/package.zsh'
[0.408s] Level 1:colcon.colcon_core.environment:create_file_with_runtime_dependencies(/home/raghav742/SDfR/Assignments/assignment5/ros2_ws/src/install/relbot2turtlesim/share/colcon-core/packages/relbot2turtlesim)
[0.408s] Level 1:colcon.colcon_core.environment:create_environment_scripts_only(relbot2turtlesim)
[0.409s] Level 1:colcon.colcon_core.environment:checking '/home/raghav742/SDfR/Assignments/assignment5/ros2_ws/src/install/relbot2turtlesim' for CMake module files
[0.409s] Level 1:colcon.colcon_core.environment:checking '/home/raghav742/SDfR/Assignments/assignment5/ros2_ws/src/install/relbot2turtlesim' for CMake config files
[0.410s] Level 1:colcon.colcon_core.shell:create_environment_hook('relbot2turtlesim', 'cmake_prefix_path')
[0.410s] INFO:colcon.colcon_core.shell:Creating environment hook '/home/raghav742/SDfR/Assignments/assignment5/ros2_ws/src/install/relbot2turtlesim/share/relbot2turtlesim/hook/cmake_prefix_path.ps1'
[0.410s] INFO:colcon.colcon_core.shell:Creating environment descriptor '/home/raghav742/SDfR/Assignments/assignment5/ros2_ws/src/install/relbot2turtlesim/share/relbot2turtlesim/hook/cmake_prefix_path.dsv'
[0.411s] INFO:colcon.colcon_core.shell:Creating environment hook '/home/raghav742/SDfR/Assignments/assignment5/ros2_ws/src/install/relbot2turtlesim/share/relbot2turtlesim/hook/cmake_prefix_path.sh'
[0.411s] Level 1:colcon.colcon_core.environment:checking '/home/raghav742/SDfR/Assignments/assignment5/ros2_ws/src/install/relbot2turtlesim/lib'
[0.411s] Level 1:colcon.colcon_core.environment:checking '/home/raghav742/SDfR/Assignments/assignment5/ros2_ws/src/install/relbot2turtlesim/bin'
[0.411s] Level 1:colcon.colcon_core.environment:checking '/home/raghav742/SDfR/Assignments/assignment5/ros2_ws/src/install/relbot2turtlesim/lib/pkgconfig/relbot2turtlesim.pc'
[0.411s] Level 1:colcon.colcon_core.environment:checking '/home/raghav742/SDfR/Assignments/assignment5/ros2_ws/src/install/relbot2turtlesim/lib/python3.10/site-packages'
[0.412s] Level 1:colcon.colcon_core.environment:checking '/home/raghav742/SDfR/Assignments/assignment5/ros2_ws/src/install/relbot2turtlesim/bin'
[0.412s] INFO:colcon.colcon_core.shell:Creating package script '/home/raghav742/SDfR/Assignments/assignment5/ros2_ws/src/install/relbot2turtlesim/share/relbot2turtlesim/package.ps1'
[0.413s] INFO:colcon.colcon_core.shell:Creating package descriptor '/home/raghav742/SDfR/Assignments/assignment5/ros2_ws/src/install/relbot2turtlesim/share/relbot2turtlesim/package.dsv'
[0.413s] INFO:colcon.colcon_core.shell:Creating package script '/home/raghav742/SDfR/Assignments/assignment5/ros2_ws/src/install/relbot2turtlesim/share/relbot2turtlesim/package.sh'
[0.414s] INFO:colcon.colcon_core.shell:Creating package script '/home/raghav742/SDfR/Assignments/assignment5/ros2_ws/src/install/relbot2turtlesim/share/relbot2turtlesim/package.bash'
[0.414s] INFO:colcon.colcon_core.shell:Creating package script '/home/raghav742/SDfR/Assignments/assignment5/ros2_ws/src/install/relbot2turtlesim/share/relbot2turtlesim/package.zsh'
[0.415s] Level 1:colcon.colcon_core.environment:create_file_with_runtime_dependencies(/home/raghav742/SDfR/Assignments/assignment5/ros2_ws/src/install/relbot2turtlesim/share/colcon-core/packages/relbot2turtlesim)
[0.415s] Level 1:colcon.colcon_core.environment:create_environment_scripts_only(relbot_adapter)
[0.416s] Level 1:colcon.colcon_core.environment:checking '/home/raghav742/SDfR/Assignments/assignment5/ros2_ws/src/install/relbot_adapter' for CMake module files
[0.417s] DEBUG:colcon.colcon_core.event_handler.log_command:Invoked command in '/home/raghav742/SDfR/Assignments/assignment5/ros2_ws/src/build/relbot_adapter' returned '0': CMAKE_PREFIX_PATH=${CMAKE_PREFIX_PATH}:/opt/ros/humble /usr/bin/cmake --install /home/raghav742/SDfR/Assignments/assignment5/ros2_ws/src/build/relbot_adapter
[0.417s] Level 1:colcon.colcon_core.environment:checking '/home/raghav742/SDfR/Assignments/assignment5/ros2_ws/src/install/relbot_adapter' for CMake config files
[0.417s] Level 1:colcon.colcon_core.shell:create_environment_hook('relbot_adapter', 'cmake_prefix_path')
[0.417s] INFO:colcon.colcon_core.shell:Creating environment hook '/home/raghav742/SDfR/Assignments/assignment5/ros2_ws/src/install/relbot_adapter/share/relbot_adapter/hook/cmake_prefix_path.ps1'
[0.418s] INFO:colcon.colcon_core.shell:Creating environment descriptor '/home/raghav742/SDfR/Assignments/assignment5/ros2_ws/src/install/relbot_adapter/share/relbot_adapter/hook/cmake_prefix_path.dsv'
[0.418s] INFO:colcon.colcon_core.shell:Creating environment hook '/home/raghav742/SDfR/Assignments/assignment5/ros2_ws/src/install/relbot_adapter/share/relbot_adapter/hook/cmake_prefix_path.sh'
[0.419s] Level 1:colcon.colcon_core.environment:checking '/home/raghav742/SDfR/Assignments/assignment5/ros2_ws/src/install/relbot_adapter/lib'
[0.419s] Level 1:colcon.colcon_core.environment:checking '/home/raghav742/SDfR/Assignments/assignment5/ros2_ws/src/install/relbot_adapter/bin'
[0.419s] Level 1:colcon.colcon_core.environment:checking '/home/raghav742/SDfR/Assignments/assignment5/ros2_ws/src/install/relbot_adapter/lib/pkgconfig/relbot_adapter.pc'
[0.419s] Level 1:colcon.colcon_core.environment:checking '/home/raghav742/SDfR/Assignments/assignment5/ros2_ws/src/install/relbot_adapter/lib/python3.10/site-packages'
[0.419s] Level 1:colcon.colcon_core.environment:checking '/home/raghav742/SDfR/Assignments/assignment5/ros2_ws/src/install/relbot_adapter/bin'
[0.420s] INFO:colcon.colcon_core.shell:Creating package script '/home/raghav742/SDfR/Assignments/assignment5/ros2_ws/src/install/relbot_adapter/share/relbot_adapter/package.ps1'
[0.420s] INFO:colcon.colcon_core.shell:Creating package descriptor '/home/raghav742/SDfR/Assignments/assignment5/ros2_ws/src/install/relbot_adapter/share/relbot_adapter/package.dsv'
[0.421s] INFO:colcon.colcon_core.shell:Creating package script '/home/raghav742/SDfR/Assignments/assignment5/ros2_ws/src/install/relbot_adapter/share/relbot_adapter/package.sh'
[0.421s] INFO:colcon.colcon_core.shell:Creating package script '/home/raghav742/SDfR/Assignments/assignment5/ros2_ws/src/install/relbot_adapter/share/relbot_adapter/package.bash'
[0.421s] INFO:colcon.colcon_core.shell:Creating package script '/home/raghav742/SDfR/Assignments/assignment5/ros2_ws/src/install/relbot_adapter/share/relbot_adapter/package.zsh'
[0.422s] Level 1:colcon.colcon_core.environment:create_file_with_runtime_dependencies(/home/raghav742/SDfR/Assignments/assignment5/ros2_ws/src/install/relbot_adapter/share/colcon-core/packages/relbot_adapter)
[0.422s] Level 1:colcon.colcon_core.environment:create_environment_scripts_only(relbot_adapter)
[0.422s] Level 1:colcon.colcon_core.environment:checking '/home/raghav742/SDfR/Assignments/assignment5/ros2_ws/src/install/relbot_adapter' for CMake module files
[0.423s] Level 1:colcon.colcon_core.environment:checking '/home/raghav742/SDfR/Assignments/assignment5/ros2_ws/src/install/relbot_adapter' for CMake config files
[0.423s] Level 1:colcon.colcon_core.shell:create_environment_hook('relbot_adapter', 'cmake_prefix_path')
[0.423s] INFO:colcon.colcon_core.shell:Creating environment hook '/home/raghav742/SDfR/Assignments/assignment5/ros2_ws/src/install/relbot_adapter/share/relbot_adapter/hook/cmake_prefix_path.ps1'
[0.424s] INFO:colcon.colcon_core.shell:Creating environment descriptor '/home/raghav742/SDfR/Assignments/assignment5/ros2_ws/src/install/relbot_adapter/share/relbot_adapter/hook/cmake_prefix_path.dsv'
[0.424s] INFO:colcon.colcon_core.shell:Creating environment hook '/home/raghav742/SDfR/Assignments/assignment5/ros2_ws/src/install/relbot_adapter/share/relbot_adapter/hook/cmake_prefix_path.sh'
[0.424s] Level 1:colcon.colcon_core.environment:checking '/home/raghav742/SDfR/Assignments/assignment5/ros2_ws/src/install/relbot_adapter/lib'
[0.424s] Level 1:colcon.colcon_core.environment:checking '/home/raghav742/SDfR/Assignments/assignment5/ros2_ws/src/install/relbot_adapter/bin'
[0.425s] Level 1:colcon.colcon_core.environment:checking '/home/raghav742/SDfR/Assignments/assignment5/ros2_ws/src/install/relbot_adapter/lib/pkgconfig/relbot_adapter.pc'
[0.425s] Level 1:colcon.colcon_core.environment:checking '/home/raghav742/SDfR/Assignments/assignment5/ros2_ws/src/install/relbot_adapter/lib/python3.10/site-packages'
[0.425s] Level 1:colcon.colcon_core.environment:checking '/home/raghav742/SDfR/Assignments/assignment5/ros2_ws/src/install/relbot_adapter/bin'
[0.425s] INFO:colcon.colcon_core.shell:Creating package script '/home/raghav742/SDfR/Assignments/assignment5/ros2_ws/src/install/relbot_adapter/share/relbot_adapter/package.ps1'
[0.426s] INFO:colcon.colcon_core.shell:Creating package descriptor '/home/raghav742/SDfR/Assignments/assignment5/ros2_ws/src/install/relbot_adapter/share/relbot_adapter/package.dsv'
[0.426s] INFO:colcon.colcon_core.shell:Creating package script '/home/raghav742/SDfR/Assignments/assignment5/ros2_ws/src/install/relbot_adapter/share/relbot_adapter/package.sh'
[0.427s] INFO:colcon.colcon_core.shell:Creating package script '/home/raghav742/SDfR/Assignments/assignment5/ros2_ws/src/install/relbot_adapter/share/relbot_adapter/package.bash'
[0.427s] INFO:colcon.colcon_core.shell:Creating package script '/home/raghav742/SDfR/Assignments/assignment5/ros2_ws/src/install/relbot_adapter/share/relbot_adapter/package.zsh'
[0.427s] Level 1:colcon.colcon_core.environment:create_file_with_runtime_dependencies(/home/raghav742/SDfR/Assignments/assignment5/ros2_ws/src/install/relbot_adapter/share/colcon-core/packages/relbot_adapter)
[0.587s] DEBUG:colcon.colcon_core.event_handler.log_command:Invoked command in '/home/raghav742/SDfR/Assignments/assignment5/ros2_ws/src/build/relbot_msgs' returned '0': CMAKE_PREFIX_PATH=${CMAKE_PREFIX_PATH}:/opt/ros/humble /usr/bin/cmake --build /home/raghav742/SDfR/Assignments/assignment5/ros2_ws/src/build/relbot_msgs -- -j8 -l8
[0.588s] DEBUG:colcon.colcon_core.event_handler.log_command:Invoking command in '/home/raghav742/SDfR/Assignments/assignment5/ros2_ws/src/build/relbot_msgs': CMAKE_PREFIX_PATH=${CMAKE_PREFIX_PATH}:/opt/ros/humble /usr/bin/cmake --install /home/raghav742/SDfR/Assignments/assignment5/ros2_ws/src/build/relbot_msgs
[0.622s] Level 1:colcon.colcon_core.environment:create_environment_scripts_only(relbot_msgs)
[0.622s] Level 1:colcon.colcon_core.environment:checking '/home/raghav742/SDfR/Assignments/assignment5/ros2_ws/src/install/relbot_msgs' for CMake module files
[0.623s] DEBUG:colcon.colcon_core.event_handler.log_command:Invoked command in '/home/raghav742/SDfR/Assignments/assignment5/ros2_ws/src/build/relbot_msgs' returned '0': CMAKE_PREFIX_PATH=${CMAKE_PREFIX_PATH}:/opt/ros/humble /usr/bin/cmake --install /home/raghav742/SDfR/Assignments/assignment5/ros2_ws/src/build/relbot_msgs
[0.623s] Level 1:colcon.colcon_core.environment:checking '/home/raghav742/SDfR/Assignments/assignment5/ros2_ws/src/install/relbot_msgs' for CMake config files
[0.623s] Level 1:colcon.colcon_core.shell:create_environment_hook('relbot_msgs', 'cmake_prefix_path')
[0.623s] INFO:colcon.colcon_core.shell:Creating environment hook '/home/raghav742/SDfR/Assignments/assignment5/ros2_ws/src/install/relbot_msgs/share/relbot_msgs/hook/cmake_prefix_path.ps1'
[0.624s] INFO:colcon.colcon_core.shell:Creating environment descriptor '/home/raghav742/SDfR/Assignments/assignment5/ros2_ws/src/install/relbot_msgs/share/relbot_msgs/hook/cmake_prefix_path.dsv'
[0.624s] INFO:colcon.colcon_core.shell:Creating environment hook '/home/raghav742/SDfR/Assignments/assignment5/ros2_ws/src/install/relbot_msgs/share/relbot_msgs/hook/cmake_prefix_path.sh'
[0.624s] Level 1:colcon.colcon_core.environment:checking '/home/raghav742/SDfR/Assignments/assignment5/ros2_ws/src/install/relbot_msgs/lib'
[0.624s] Level 1:colcon.colcon_core.shell:create_environment_hook('relbot_msgs', 'ld_library_path_lib')
[0.624s] INFO:colcon.colcon_core.shell:Creating environment hook '/home/raghav742/SDfR/Assignments/assignment5/ros2_ws/src/install/relbot_msgs/share/relbot_msgs/hook/ld_library_path_lib.ps1'
[0.625s] INFO:colcon.colcon_core.shell:Creating environment descriptor '/home/raghav742/SDfR/Assignments/assignment5/ros2_ws/src/install/relbot_msgs/share/relbot_msgs/hook/ld_library_path_lib.dsv'
[0.625s] INFO:colcon.colcon_core.shell:Creating environment hook '/home/raghav742/SDfR/Assignments/assignment5/ros2_ws/src/install/relbot_msgs/share/relbot_msgs/hook/ld_library_path_lib.sh'
[0.625s] Level 1:colcon.colcon_core.environment:checking '/home/raghav742/SDfR/Assignments/assignment5/ros2_ws/src/install/relbot_msgs/bin'
[0.625s] Level 1:colcon.colcon_core.environment:checking '/home/raghav742/SDfR/Assignments/assignment5/ros2_ws/src/install/relbot_msgs/lib/pkgconfig/relbot_msgs.pc'
[0.625s] Level 1:colcon.colcon_core.environment:checking '/home/raghav742/SDfR/Assignments/assignment5/ros2_ws/src/install/relbot_msgs/lib/python3.10/site-packages'
[0.625s] Level 1:colcon.colcon_core.environment:checking '/home/raghav742/SDfR/Assignments/assignment5/ros2_ws/src/install/relbot_msgs/bin'
[0.626s] INFO:colcon.colcon_core.shell:Creating package script '/home/raghav742/SDfR/Assignments/assignment5/ros2_ws/src/install/relbot_msgs/share/relbot_msgs/package.ps1'
[0.626s] INFO:colcon.colcon_core.shell:Creating package descriptor '/home/raghav742/SDfR/Assignments/assignment5/ros2_ws/src/install/relbot_msgs/share/relbot_msgs/package.dsv'
[0.626s] INFO:colcon.colcon_core.shell:Creating package script '/home/raghav742/SDfR/Assignments/assignment5/ros2_ws/src/install/relbot_msgs/share/relbot_msgs/package.sh'
[0.626s] INFO:colcon.colcon_core.shell:Creating package script '/home/raghav742/SDfR/Assignments/assignment5/ros2_ws/src/install/relbot_msgs/share/relbot_msgs/package.bash'
[0.627s] INFO:colcon.colcon_core.shell:Creating package script '/home/raghav742/SDfR/Assignments/assignment5/ros2_ws/src/install/relbot_msgs/share/relbot_msgs/package.zsh'
[0.627s] Level 1:colcon.colcon_core.environment:create_file_with_runtime_dependencies(/home/raghav742/SDfR/Assignments/assignment5/ros2_ws/src/install/relbot_msgs/share/colcon-core/packages/relbot_msgs)
[0.627s] Level 1:colcon.colcon_core.environment:create_environment_scripts_only(relbot_msgs)
[0.627s] Level 1:colcon.colcon_core.environment:checking '/home/raghav742/SDfR/Assignments/assignment5/ros2_ws/src/install/relbot_msgs' for CMake module files
[0.628s] Level 1:colcon.colcon_core.environment:checking '/home/raghav742/SDfR/Assignments/assignment5/ros2_ws/src/install/relbot_msgs' for CMake config files
[0.628s] Level 1:colcon.colcon_core.shell:create_environment_hook('relbot_msgs', 'cmake_prefix_path')
[0.628s] INFO:colcon.colcon_core.shell:Creating environment hook '/home/raghav742/SDfR/Assignments/assignment5/ros2_ws/src/install/relbot_msgs/share/relbot_msgs/hook/cmake_prefix_path.ps1'
[0.628s] INFO:colcon.colcon_core.shell:Creating environment descriptor '/home/raghav742/SDfR/Assignments/assignment5/ros2_ws/src/install/relbot_msgs/share/relbot_msgs/hook/cmake_prefix_path.dsv'
[0.628s] INFO:colcon.colcon_core.shell:Creating environment hook '/home/raghav742/SDfR/Assignments/assignment5/ros2_ws/src/install/relbot_msgs/share/relbot_msgs/hook/cmake_prefix_path.sh'
[0.629s] Level 1:colcon.colcon_core.environment:checking '/home/raghav742/SDfR/Assignments/assignment5/ros2_ws/src/install/relbot_msgs/lib'
[0.629s] Level 1:colcon.colcon_core.shell:create_environment_hook('relbot_msgs', 'ld_library_path_lib')
[0.629s] INFO:colcon.colcon_core.shell:Creating environment hook '/home/raghav742/SDfR/Assignments/assignment5/ros2_ws/src/install/relbot_msgs/share/relbot_msgs/hook/ld_library_path_lib.ps1'
[0.629s] INFO:colcon.colcon_core.shell:Creating environment descriptor '/home/raghav742/SDfR/Assignments/assignment5/ros2_ws/src/install/relbot_msgs/share/relbot_msgs/hook/ld_library_path_lib.dsv'
[0.629s] INFO:colcon.colcon_core.shell:Creating environment hook '/home/raghav742/SDfR/Assignments/assignment5/ros2_ws/src/install/relbot_msgs/share/relbot_msgs/hook/ld_library_path_lib.sh'
[0.629s] Level 1:colcon.colcon_core.environment:checking '/home/raghav742/SDfR/Assignments/assignment5/ros2_ws/src/install/relbot_msgs/bin'
[0.629s] Level 1:colcon.colcon_core.environment:checking '/home/raghav742/SDfR/Assignments/assignment5/ros2_ws/src/install/relbot_msgs/lib/pkgconfig/relbot_msgs.pc'
[0.630s] Level 1:colcon.colcon_core.environment:checking '/home/raghav742/SDfR/Assignments/assignment5/ros2_ws/src/install/relbot_msgs/lib/python3.10/site-packages'
[0.630s] Level 1:colcon.colcon_core.environment:checking '/home/raghav742/SDfR/Assignments/assignment5/ros2_ws/src/install/relbot_msgs/bin'
[0.630s] INFO:colcon.colcon_core.shell:Creating package script '/home/raghav742/SDfR/Assignments/assignment5/ros2_ws/src/install/relbot_msgs/share/relbot_msgs/package.ps1'
[0.630s] INFO:colcon.colcon_core.shell:Creating package descriptor '/home/raghav742/SDfR/Assignments/assignment5/ros2_ws/src/install/relbot_msgs/share/relbot_msgs/package.dsv'
[0.630s] INFO:colcon.colcon_core.shell:Creating package script '/home/raghav742/SDfR/Assignments/assignment5/ros2_ws/src/install/relbot_msgs/share/relbot_msgs/package.sh'
[0.631s] INFO:colcon.colcon_core.shell:Creating package script '/home/raghav742/SDfR/Assignments/assignment5/ros2_ws/src/install/relbot_msgs/share/relbot_msgs/package.bash'
[0.631s] INFO:colcon.colcon_core.shell:Creating package script '/home/raghav742/SDfR/Assignments/assignment5/ros2_ws/src/install/relbot_msgs/share/relbot_msgs/package.zsh'
[0.631s] Level 1:colcon.colcon_core.environment:create_file_with_runtime_dependencies(/home/raghav742/SDfR/Assignments/assignment5/ros2_ws/src/install/relbot_msgs/share/colcon-core/packages/relbot_msgs)
[0.631s] INFO:colcon.colcon_ros.task.ament_cmake.build:Building ROS package in '/home/raghav742/SDfR/Assignments/assignment5/ros2_ws/src/relbot_simulator' with build type 'ament_cmake'
[0.631s] INFO:colcon.colcon_cmake.task.cmake.build:Building CMake package in '/home/raghav742/SDfR/Assignments/assignment5/ros2_ws/src/relbot_simulator'
[0.632s] INFO:colcon.colcon_core.shell:Skip shell extension 'powershell' for command environment: Not usable outside of PowerShell
[0.632s] DEBUG:colcon.colcon_core.shell:Skip shell extension 'dsv' for command environment
[0.638s] DEBUG:colcon.colcon_core.event_handler.log_command:Invoking command in '/home/raghav742/SDfR/Assignments/assignment5/ros2_ws/src/build/relbot_simulator': CMAKE_PREFIX_PATH=${CMAKE_PREFIX_PATH}:/opt/ros/humble /usr/bin/cmake --build /home/raghav742/SDfR/Assignments/assignment5/ros2_ws/src/build/relbot_simulator -- -j8 -l8
[0.679s] DEBUG:colcon.colcon_core.event_handler.log_command:Invoked command in '/home/raghav742/SDfR/Assignments/assignment5/ros2_ws/src/build/relbot_simulator' returned '0': CMAKE_PREFIX_PATH=${CMAKE_PREFIX_PATH}:/opt/ros/humble /usr/bin/cmake --build /home/raghav742/SDfR/Assignments/assignment5/ros2_ws/src/build/relbot_simulator -- -j8 -l8
[0.680s] DEBUG:colcon.colcon_core.event_handler.log_command:Invoking command in '/home/raghav742/SDfR/Assignments/assignment5/ros2_ws/src/build/relbot_simulator': CMAKE_PREFIX_PATH=${CMAKE_PREFIX_PATH}:/opt/ros/humble /usr/bin/cmake --install /home/raghav742/SDfR/Assignments/assignment5/ros2_ws/src/build/relbot_simulator
[0.686s] Level 1:colcon.colcon_core.environment:create_environment_scripts_only(relbot_simulator)
[0.687s] Level 1:colcon.colcon_core.environment:checking '/home/raghav742/SDfR/Assignments/assignment5/ros2_ws/src/install/relbot_simulator' for CMake module files
[0.687s] DEBUG:colcon.colcon_core.event_handler.log_command:Invoked command in '/home/raghav742/SDfR/Assignments/assignment5/ros2_ws/src/build/relbot_simulator' returned '0': CMAKE_PREFIX_PATH=${CMAKE_PREFIX_PATH}:/opt/ros/humble /usr/bin/cmake --install /home/raghav742/SDfR/Assignments/assignment5/ros2_ws/src/build/relbot_simulator
[0.687s] Level 1:colcon.colcon_core.environment:checking '/home/raghav742/SDfR/Assignments/assignment5/ros2_ws/src/install/relbot_simulator' for CMake config files
[0.687s] Level 1:colcon.colcon_core.shell:create_environment_hook('relbot_simulator', 'cmake_prefix_path')
[0.687s] INFO:colcon.colcon_core.shell:Creating environment hook '/home/raghav742/SDfR/Assignments/assignment5/ros2_ws/src/install/relbot_simulator/share/relbot_simulator/hook/cmake_prefix_path.ps1'
[0.688s] INFO:colcon.colcon_core.shell:Creating environment descriptor '/home/raghav742/SDfR/Assignments/assignment5/ros2_ws/src/install/relbot_simulator/share/relbot_simulator/hook/cmake_prefix_path.dsv'
[0.688s] INFO:colcon.colcon_core.shell:Creating environment hook '/home/raghav742/SDfR/Assignments/assignment5/ros2_ws/src/install/relbot_simulator/share/relbot_simulator/hook/cmake_prefix_path.sh'
[0.688s] Level 1:colcon.colcon_core.environment:checking '/home/raghav742/SDfR/Assignments/assignment5/ros2_ws/src/install/relbot_simulator/lib'
[0.688s] Level 1:colcon.colcon_core.environment:checking '/home/raghav742/SDfR/Assignments/assignment5/ros2_ws/src/install/relbot_simulator/bin'
[0.688s] Level 1:colcon.colcon_core.environment:checking '/home/raghav742/SDfR/Assignments/assignment5/ros2_ws/src/install/relbot_simulator/lib/pkgconfig/relbot_simulator.pc'
[0.689s] Level 1:colcon.colcon_core.environment:checking '/home/raghav742/SDfR/Assignments/assignment5/ros2_ws/src/install/relbot_simulator/lib/python3.10/site-packages'
[0.689s] Level 1:colcon.colcon_core.environment:checking '/home/raghav742/SDfR/Assignments/assignment5/ros2_ws/src/install/relbot_simulator/bin'
[0.689s] INFO:colcon.colcon_core.shell:Creating package script '/home/raghav742/SDfR/Assignments/assignment5/ros2_ws/src/install/relbot_simulator/share/relbot_simulator/package.ps1'
[0.689s] INFO:colcon.colcon_core.shell:Creating package descriptor '/home/raghav742/SDfR/Assignments/assignment5/ros2_ws/src/install/relbot_simulator/share/relbot_simulator/package.dsv'
[0.689s] INFO:colcon.colcon_core.shell:Creating package script '/home/raghav742/SDfR/Assignments/assignment5/ros2_ws/src/install/relbot_simulator/share/relbot_simulator/package.sh'
[0.690s] INFO:colcon.colcon_core.shell:Creating package script '/home/raghav742/SDfR/Assignments/assignment5/ros2_ws/src/install/relbot_simulator/share/relbot_simulator/package.bash'
[0.690s] INFO:colcon.colcon_core.shell:Creating package script '/home/raghav742/SDfR/Assignments/assignment5/ros2_ws/src/install/relbot_simulator/share/relbot_simulator/package.zsh'
[0.690s] Level 1:colcon.colcon_core.environment:create_file_with_runtime_dependencies(/home/raghav742/SDfR/Assignments/assignment5/ros2_ws/src/install/relbot_simulator/share/colcon-core/packages/relbot_simulator)
[0.690s] Level 1:colcon.colcon_core.environment:create_environment_scripts_only(relbot_simulator)
[0.690s] Level 1:colcon.colcon_core.environment:checking '/home/raghav742/SDfR/Assignments/assignment5/ros2_ws/src/install/relbot_simulator' for CMake module files
[0.691s] Level 1:colcon.colcon_core.environment:checking '/home/raghav742/SDfR/Assignments/assignment5/ros2_ws/src/install/relbot_simulator' for CMake config files
[0.691s] Level 1:colcon.colcon_core.shell:create_environment_hook('relbot_simulator', 'cmake_prefix_path')
[0.691s] INFO:colcon.colcon_core.shell:Creating environment hook '/home/raghav742/SDfR/Assignments/assignment5/ros2_ws/src/install/relbot_simulator/share/relbot_simulator/hook/cmake_prefix_path.ps1'
[0.691s] INFO:colcon.colcon_core.shell:Creating environment descriptor '/home/raghav742/SDfR/Assignments/assignment5/ros2_ws/src/install/relbot_simulator/share/relbot_simulator/hook/cmake_prefix_path.dsv'
[0.691s] INFO:colcon.colcon_core.shell:Creating environment hook '/home/raghav742/SDfR/Assignments/assignment5/ros2_ws/src/install/relbot_simulator/share/relbot_simulator/hook/cmake_prefix_path.sh'
[0.692s] Level 1:colcon.colcon_core.environment:checking '/home/raghav742/SDfR/Assignments/assignment5/ros2_ws/src/install/relbot_simulator/lib'
[0.692s] Level 1:colcon.colcon_core.environment:checking '/home/raghav742/SDfR/Assignments/assignment5/ros2_ws/src/install/relbot_simulator/bin'
[0.692s] Level 1:colcon.colcon_core.environment:checking '/home/raghav742/SDfR/Assignments/assignment5/ros2_ws/src/install/relbot_simulator/lib/pkgconfig/relbot_simulator.pc'
[0.692s] Level 1:colcon.colcon_core.environment:checking '/home/raghav742/SDfR/Assignments/assignment5/ros2_ws/src/install/relbot_simulator/lib/python3.10/site-packages'
[0.692s] Level 1:colcon.colcon_core.environment:checking '/home/raghav742/SDfR/Assignments/assignment5/ros2_ws/src/install/relbot_simulator/bin'
[0.692s] INFO:colcon.colcon_core.shell:Creating package script '/home/raghav742/SDfR/Assignments/assignment5/ros2_ws/src/install/relbot_simulator/share/relbot_simulator/package.ps1'
[0.693s] INFO:colcon.colcon_core.shell:Creating package descriptor '/home/raghav742/SDfR/Assignments/assignment5/ros2_ws/src/install/relbot_simulator/share/relbot_simulator/package.dsv'
[0.693s] INFO:colcon.colcon_core.shell:Creating package script '/home/raghav742/SDfR/Assignments/assignment5/ros2_ws/src/install/relbot_simulator/share/relbot_simulator/package.sh'
[0.693s] INFO:colcon.colcon_core.shell:Creating package script '/home/raghav742/SDfR/Assignments/assignment5/ros2_ws/src/install/relbot_simulator/share/relbot_simulator/package.bash'
[0.693s] INFO:colcon.colcon_core.shell:Creating package script '/home/raghav742/SDfR/Assignments/assignment5/ros2_ws/src/install/relbot_simulator/share/relbot_simulator/package.zsh'
[0.693s] Level 1:colcon.colcon_core.environment:create_file_with_runtime_dependencies(/home/raghav742/SDfR/Assignments/assignment5/ros2_ws/src/install/relbot_simulator/share/colcon-core/packages/relbot_simulator)
[2.422s] DEBUG:colcon.colcon_core.event_handler.log_command:Invoked command in '/home/raghav742/SDfR/Assignments/assignment5/ros2_ws/src/build/relbot_sequence_controller' returned '2': CMAKE_PREFIX_PATH=${CMAKE_PREFIX_PATH}:/opt/ros/humble /usr/bin/cmake --build /home/raghav742/SDfR/Assignments/assignment5/ros2_ws/src/build/relbot_sequence_controller -- -j8 -l8
[2.422s] Level 1:colcon.colcon_core.environment:create_environment_scripts_only(relbot_sequence_controller)
[2.422s] Level 1:colcon.colcon_core.environment:checking '/home/raghav742/SDfR/Assignments/assignment5/ros2_ws/src/install/relbot_sequence_controller' for CMake module files
[2.422s] Level 1:colcon.colcon_core.environment:checking '/home/raghav742/SDfR/Assignments/assignment5/ros2_ws/src/install/relbot_sequence_controller' for CMake config files
[2.423s] Level 1:colcon.colcon_core.shell:create_environment_hook('relbot_sequence_controller', 'cmake_prefix_path')
[2.423s] INFO:colcon.colcon_core.shell:Creating environment hook '/home/raghav742/SDfR/Assignments/assignment5/ros2_ws/src/install/relbot_sequence_controller/share/relbot_sequence_controller/hook/cmake_prefix_path.ps1'
[2.423s] INFO:colcon.colcon_core.shell:Creating environment descriptor '/home/raghav742/SDfR/Assignments/assignment5/ros2_ws/src/install/relbot_sequence_controller/share/relbot_sequence_controller/hook/cmake_prefix_path.dsv'
[2.423s] INFO:colcon.colcon_core.shell:Creating environment hook '/home/raghav742/SDfR/Assignments/assignment5/ros2_ws/src/install/relbot_sequence_controller/share/relbot_sequence_controller/hook/cmake_prefix_path.sh'
[2.424s] Level 1:colcon.colcon_core.environment:checking '/home/raghav742/SDfR/Assignments/assignment5/ros2_ws/src/install/relbot_sequence_controller/lib'
[2.424s] Level 1:colcon.colcon_core.environment:checking '/home/raghav742/SDfR/Assignments/assignment5/ros2_ws/src/install/relbot_sequence_controller/bin'
[2.424s] Level 1:colcon.colcon_core.environment:checking '/home/raghav742/SDfR/Assignments/assignment5/ros2_ws/src/install/relbot_sequence_controller/lib/pkgconfig/relbot_sequence_controller.pc'
[2.424s] Level 1:colcon.colcon_core.environment:checking '/home/raghav742/SDfR/Assignments/assignment5/ros2_ws/src/install/relbot_sequence_controller/lib/python3.10/site-packages'
[2.424s] Level 1:colcon.colcon_core.environment:checking '/home/raghav742/SDfR/Assignments/assignment5/ros2_ws/src/install/relbot_sequence_controller/bin'
[2.424s] INFO:colcon.colcon_core.shell:Creating package script '/home/raghav742/SDfR/Assignments/assignment5/ros2_ws/src/install/relbot_sequence_controller/share/relbot_sequence_controller/package.ps1'
[2.425s] INFO:colcon.colcon_core.shell:Creating package descriptor '/home/raghav742/SDfR/Assignments/assignment5/ros2_ws/src/install/relbot_sequence_controller/share/relbot_sequence_controller/package.dsv'
[2.425s] INFO:colcon.colcon_core.shell:Creating package script '/home/raghav742/SDfR/Assignments/assignment5/ros2_ws/src/install/relbot_sequence_controller/share/relbot_sequence_controller/package.sh'
[2.425s] INFO:colcon.colcon_core.shell:Creating package script '/home/raghav742/SDfR/Assignments/assignment5/ros2_ws/src/install/relbot_sequence_controller/share/relbot_sequence_controller/package.bash'
[2.425s] INFO:colcon.colcon_core.shell:Creating package script '/home/raghav742/SDfR/Assignments/assignment5/ros2_ws/src/install/relbot_sequence_controller/share/relbot_sequence_controller/package.zsh'
[2.426s] Level 1:colcon.colcon_core.environment:create_file_with_runtime_dependencies(/home/raghav742/SDfR/Assignments/assignment5/ros2_ws/src/install/relbot_sequence_controller/share/colcon-core/packages/relbot_sequence_controller)
[2.436s] DEBUG:colcon.colcon_parallel_executor.executor.parallel:closing loop
[2.436s] DEBUG:colcon.colcon_parallel_executor.executor.parallel:loop closed
[2.436s] DEBUG:colcon.colcon_parallel_executor.executor.parallel:run_until_complete finished with '2'
[2.436s] DEBUG:colcon.colcon_core.event_reactor:joining thread
[2.439s] INFO:colcon.colcon_core.plugin_system:Skipping extension 'colcon_notification.desktop_notification.terminal_notifier': Not used on non-Darwin systems
[2.439s] INFO:colcon.colcon_core.plugin_system:Skipping extension 'colcon_notification.desktop_notification.win32': Not used on non-Windows systems
[2.440s] INFO:colcon.colcon_notification.desktop_notification:Sending desktop notification using 'notify2'
[2.447s] DEBUG:colcon.colcon_core.event_reactor:joined thread
[2.447s] INFO:colcon.colcon_core.shell:Creating prefix script '/home/raghav742/SDfR/Assignments/assignment5/ros2_ws/src/install/local_setup.ps1'
[2.448s] INFO:colcon.colcon_core.shell:Creating prefix util module '/home/raghav742/SDfR/Assignments/assignment5/ros2_ws/src/install/_local_setup_util_ps1.py'
[2.450s] INFO:colcon.colcon_core.shell:Creating prefix chain script '/home/raghav742/SDfR/Assignments/assignment5/ros2_ws/src/install/setup.ps1'
[2.451s] INFO:colcon.colcon_core.shell:Creating prefix script '/home/raghav742/SDfR/Assignments/assignment5/ros2_ws/src/install/local_setup.sh'
[2.451s] INFO:colcon.colcon_core.shell:Creating prefix util module '/home/raghav742/SDfR/Assignments/assignment5/ros2_ws/src/install/_local_setup_util_sh.py'
[2.452s] INFO:colcon.colcon_core.shell:Creating prefix chain script '/home/raghav742/SDfR/Assignments/assignment5/ros2_ws/src/install/setup.sh'
[2.453s] INFO:colcon.colcon_core.shell:Creating prefix script '/home/raghav742/SDfR/Assignments/assignment5/ros2_ws/src/install/local_setup.bash'
[2.453s] INFO:colcon.colcon_core.shell:Creating prefix chain script '/home/raghav742/SDfR/Assignments/assignment5/ros2_ws/src/install/setup.bash'
[2.454s] INFO:colcon.colcon_core.shell:Creating prefix script '/home/raghav742/SDfR/Assignments/assignment5/ros2_ws/src/install/local_setup.zsh'
[2.455s] INFO:colcon.colcon_core.shell:Creating prefix chain script '/home/raghav742/SDfR/Assignments/assignment5/ros2_ws/src/install/setup.zsh'
