[0.044s] Invoking command in '/home/sdfr-ppd-16/ros2_ws/build/relbot_sequence_controller': AMENT_PREFIX_PATH=/home/sdfr-ppd-16/ros2_ws/install/image_functions_sdfr:${AMENT_PREFIX_PATH} CMAKE_PREFIX_PATH=/home/sdfr-ppd-16/ros2_ws/install/image_functions_sdfr:/home/sdfr-ppd-16/ros2_ws/install/relbot_msgs:/home/sdfr-ppd-16/ros2_ws/install/xrf2_msgs:/opt/ros/humble LD_LIBRARY_PATH=/home/sdfr-ppd-16/ros2_ws/install/image_functions_sdfr/lib:${LD_LIBRARY_PATH} /usr/bin/cmake --build /home/sdfr-ppd-16/ros2_ws/build/relbot_sequence_controller -- -j3 -l3
[0.213s] [35m[1mConsolidate compiler generated dependencies of target colour_detector[0m
[0.214s] [35m[1mConsolidate compiler generated dependencies of target relbot_sequence_controller[0m
[0.615s] [ 50%] Built target colour_detector
[0.634s] [100%] Built target relbot_sequence_controller
[0.670s] Invoked command in '/home/sdfr-ppd-16/ros2_ws/build/relbot_sequence_controller' returned '0': AMENT_PREFIX_PATH=/home/sdfr-ppd-16/ros2_ws/install/image_functions_sdfr:${AMENT_PREFIX_PATH} CMAKE_PREFIX_PATH=/home/sdfr-ppd-16/ros2_ws/install/image_functions_sdfr:/home/sdfr-ppd-16/ros2_ws/install/relbot_msgs:/home/sdfr-ppd-16/ros2_ws/install/xrf2_msgs:/opt/ros/humble LD_LIBRARY_PATH=/home/sdfr-ppd-16/ros2_ws/install/image_functions_sdfr/lib:${LD_LIBRARY_PATH} /usr/bin/cmake --build /home/sdfr-ppd-16/ros2_ws/build/relbot_sequence_controller -- -j3 -l3
[0.673s] Invoking command in '/home/sdfr-ppd-16/ros2_ws/build/relbot_sequence_controller': AMENT_PREFIX_PATH=/home/sdfr-ppd-16/ros2_ws/install/image_functions_sdfr:${AMENT_PREFIX_PATH} CMAKE_PREFIX_PATH=/home/sdfr-ppd-16/ros2_ws/install/image_functions_sdfr:/home/sdfr-ppd-16/ros2_ws/install/relbot_msgs:/home/sdfr-ppd-16/ros2_ws/install/xrf2_msgs:/opt/ros/humble LD_LIBRARY_PATH=/home/sdfr-ppd-16/ros2_ws/install/image_functions_sdfr/lib:${LD_LIBRARY_PATH} /usr/bin/cmake --install /home/sdfr-ppd-16/ros2_ws/build/relbot_sequence_controller
[0.698s] -- Install configuration: ""
[0.700s] -- Up-to-date: /home/sdfr-ppd-16/ros2_ws/install/relbot_sequence_controller/lib/relbot_sequence_controller/relbot_sequence_controller
[0.703s] -- Up-to-date: /home/sdfr-ppd-16/ros2_ws/install/relbot_sequence_controller/lib/relbot_sequence_controller/colour_detector
[0.706s] -- Up-to-date: /home/sdfr-ppd-16/ros2_ws/install/relbot_sequence_controller/share/ament_index/resource_index/package_run_dependencies/relbot_sequence_controller
[0.708s] -- Up-to-date: /home/sdfr-ppd-16/ros2_ws/install/relbot_sequence_controller/share/ament_index/resource_index/parent_prefix_path/relbot_sequence_controller
[0.709s] -- Up-to-date: /home/sdfr-ppd-16/ros2_ws/install/relbot_sequence_controller/share/relbot_sequence_controller/environment/ament_prefix_path.sh
[0.711s] -- Up-to-date: /home/sdfr-ppd-16/ros2_ws/install/relbot_sequence_controller/share/relbot_sequence_controller/environment/ament_prefix_path.dsv
[0.712s] -- Up-to-date: /home/sdfr-ppd-16/ros2_ws/install/relbot_sequence_controller/share/relbot_sequence_controller/environment/path.sh
[0.714s] -- Up-to-date: /home/sdfr-ppd-16/ros2_ws/install/relbot_sequence_controller/share/relbot_sequence_controller/environment/path.dsv
[0.715s] -- Up-to-date: /home/sdfr-ppd-16/ros2_ws/install/relbot_sequence_controller/share/relbot_sequence_controller/local_setup.bash
[0.717s] -- Up-to-date: /home/sdfr-ppd-16/ros2_ws/install/relbot_sequence_controller/share/relbot_sequence_controller/local_setup.sh
[0.718s] -- Up-to-date: /home/sdfr-ppd-16/ros2_ws/install/relbot_sequence_controller/share/relbot_sequence_controller/local_setup.zsh
[0.721s] -- Up-to-date: /home/sdfr-ppd-16/ros2_ws/install/relbot_sequence_controller/share/relbot_sequence_controller/local_setup.dsv
[0.722s] -- Installing: /home/sdfr-ppd-16/ros2_ws/install/relbot_sequence_controller/share/relbot_sequence_controller/package.dsv
[0.727s] -- Up-to-date: /home/sdfr-ppd-16/ros2_ws/install/relbot_sequence_controller/share/ament_index/resource_index/packages/relbot_sequence_controller
[0.727s] -- Up-to-date: /home/sdfr-ppd-16/ros2_ws/install/relbot_sequence_controller/share/relbot_sequence_controller/cmake/relbot_sequence_controllerConfig.cmake
[0.728s] -- Up-to-date: /home/sdfr-ppd-16/ros2_ws/install/relbot_sequence_controller/share/relbot_sequence_controller/cmake/relbot_sequence_controllerConfig-version.cmake
[0.729s] -- Up-to-date: /home/sdfr-ppd-16/ros2_ws/install/relbot_sequence_controller/share/relbot_sequence_controller/package.xml
[0.747s] Invoked command in '/home/sdfr-ppd-16/ros2_ws/build/relbot_sequence_controller' returned '0': AMENT_PREFIX_PATH=/home/sdfr-ppd-16/ros2_ws/install/image_functions_sdfr:${AMENT_PREFIX_PATH} CMAKE_PREFIX_PATH=/home/sdfr-ppd-16/ros2_ws/install/image_functions_sdfr:/home/sdfr-ppd-16/ros2_ws/install/relbot_msgs:/home/sdfr-ppd-16/ros2_ws/install/xrf2_msgs:/opt/ros/humble LD_LIBRARY_PATH=/home/sdfr-ppd-16/ros2_ws/install/image_functions_sdfr/lib:${LD_LIBRARY_PATH} /usr/bin/cmake --install /home/sdfr-ppd-16/ros2_ws/build/relbot_sequence_controller
