[0.011s] Invoking command in '/home/raghav742/SDfR/Assignments/assignment6/ros2_ws/build/relbot_launch': CMAKE_PREFIX_PATH=${CMAKE_PREFIX_PATH}:/opt/ros/humble /usr/bin/cmake /home/raghav742/SDfR/Assignments/assignment6/ros2_ws/src/relbot_launch/relbot_launch -DCMAKE_INSTALL_PREFIX=/home/raghav742/SDfR/Assignments/assignment6/ros2_ws/install/relbot_launch
[0.059s] -- The C compiler identification is GNU 11.4.0
[0.139s] -- The CXX compiler identification is GNU 11.4.0
[0.147s] -- Detecting C compiler ABI info
[0.224s] -- Detecting C compiler ABI info - done
[0.236s] -- Check for working C compiler: /usr/bin/cc - skipped
[0.236s] -- Detecting C compile features
[0.236s] -- Detecting C compile features - done
[0.237s] -- Detecting CXX compiler ABI info
[0.332s] -- Detecting CXX compiler ABI info - done
[0.345s] -- Check for working CXX compiler: /usr/bin/c++ - skipped
[0.346s] -- Detecting CXX compile features
[0.346s] -- Detecting CXX compile features - done
[0.350s] -- Found ament_cmake: 1.3.14 (/opt/ros/humble/share/ament_cmake/cmake)
[0.547s] -- Found Python3: /usr/bin/python3 (found version "3.10.12") found components: Interpreter 
[0.667s] -- Found ament_lint_auto: 0.12.15 (/opt/ros/humble/share/ament_lint_auto/cmake)
[0.777s] -- Added test 'flake8' to check Python code syntax and style conventions
[0.778s] -- Added test 'lint_cmake' to check CMake code style
[0.778s] -- Added test 'pep257' to check Python code against some of the docstring style conventions in PEP 257
[0.779s] -- Added test 'xmllint' to check XML markup files
[0.781s] -- Configuring done
[0.784s] -- Generating done
[0.787s] -- Build files have been written to: /home/raghav742/SDfR/Assignments/assignment6/ros2_ws/build/relbot_launch
[0.792s] Invoked command in '/home/raghav742/SDfR/Assignments/assignment6/ros2_ws/build/relbot_launch' returned '0': CMAKE_PREFIX_PATH=${CMAKE_PREFIX_PATH}:/opt/ros/humble /usr/bin/cmake /home/raghav742/SDfR/Assignments/assignment6/ros2_ws/src/relbot_launch/relbot_launch -DCMAKE_INSTALL_PREFIX=/home/raghav742/SDfR/Assignments/assignment6/ros2_ws/install/relbot_launch
[0.794s] Invoking command in '/home/raghav742/SDfR/Assignments/assignment6/ros2_ws/build/relbot_launch': CMAKE_PREFIX_PATH=${CMAKE_PREFIX_PATH}:/opt/ros/humble /usr/bin/cmake --build /home/raghav742/SDfR/Assignments/assignment6/ros2_ws/build/relbot_launch -- -j8 -l8
[0.837s] Invoked command in '/home/raghav742/SDfR/Assignments/assignment6/ros2_ws/build/relbot_launch' returned '0': CMAKE_PREFIX_PATH=${CMAKE_PREFIX_PATH}:/opt/ros/humble /usr/bin/cmake --build /home/raghav742/SDfR/Assignments/assignment6/ros2_ws/build/relbot_launch -- -j8 -l8
[0.839s] Invoking command in '/home/raghav742/SDfR/Assignments/assignment6/ros2_ws/build/relbot_launch': CMAKE_PREFIX_PATH=${CMAKE_PREFIX_PATH}:/opt/ros/humble /usr/bin/cmake --install /home/raghav742/SDfR/Assignments/assignment6/ros2_ws/build/relbot_launch
[0.846s] -- Install configuration: ""
[0.846s] -- Installing: /home/raghav742/SDfR/Assignments/assignment6/ros2_ws/install/relbot_launch/share/relbot_launch//launch
[0.846s] -- Installing: /home/raghav742/SDfR/Assignments/assignment6/ros2_ws/install/relbot_launch/share/relbot_launch//launch/relbot_system_joystick.launch.py
[0.846s] -- Installing: /home/raghav742/SDfR/Assignments/assignment6/ros2_ws/install/relbot_launch/share/relbot_launch//launch/relbot_sequence_controller.launch.py
[0.846s] -- Installing: /home/raghav742/SDfR/Assignments/assignment6/ros2_ws/install/relbot_launch/share/relbot_launch//launch/relbot_to_turtle.launch.py
[0.846s] -- Installing: /home/raghav742/SDfR/Assignments/assignment6/ros2_ws/install/relbot_launch/share/relbot_launch//launch/relbot_system.launch.py
[0.846s] -- Installing: /home/raghav742/SDfR/Assignments/assignment6/ros2_ws/install/relbot_launch/share/ament_index/resource_index/package_run_dependencies/relbot_launch
[0.847s] -- Installing: /home/raghav742/SDfR/Assignments/assignment6/ros2_ws/install/relbot_launch/share/ament_index/resource_index/parent_prefix_path/relbot_launch
[0.847s] -- Installing: /home/raghav742/SDfR/Assignments/assignment6/ros2_ws/install/relbot_launch/share/relbot_launch/environment/ament_prefix_path.sh
[0.847s] -- Installing: /home/raghav742/SDfR/Assignments/assignment6/ros2_ws/install/relbot_launch/share/relbot_launch/environment/ament_prefix_path.dsv
[0.847s] -- Installing: /home/raghav742/SDfR/Assignments/assignment6/ros2_ws/install/relbot_launch/share/relbot_launch/environment/path.sh
[0.847s] -- Installing: /home/raghav742/SDfR/Assignments/assignment6/ros2_ws/install/relbot_launch/share/relbot_launch/environment/path.dsv
[0.847s] -- Installing: /home/raghav742/SDfR/Assignments/assignment6/ros2_ws/install/relbot_launch/share/relbot_launch/local_setup.bash
[0.847s] -- Installing: /home/raghav742/SDfR/Assignments/assignment6/ros2_ws/install/relbot_launch/share/relbot_launch/local_setup.sh
[0.848s] -- Installing: /home/raghav742/SDfR/Assignments/assignment6/ros2_ws/install/relbot_launch/share/relbot_launch/local_setup.zsh
[0.848s] -- Installing: /home/raghav742/SDfR/Assignments/assignment6/ros2_ws/install/relbot_launch/share/relbot_launch/local_setup.dsv
[0.848s] -- Installing: /home/raghav742/SDfR/Assignments/assignment6/ros2_ws/install/relbot_launch/share/relbot_launch/package.dsv
[0.848s] -- Installing: /home/raghav742/SDfR/Assignments/assignment6/ros2_ws/install/relbot_launch/share/ament_index/resource_index/packages/relbot_launch
[0.848s] -- Installing: /home/raghav742/SDfR/Assignments/assignment6/ros2_ws/install/relbot_launch/share/relbot_launch/cmake/relbot_launchConfig.cmake
[0.848s] -- Installing: /home/raghav742/SDfR/Assignments/assignment6/ros2_ws/install/relbot_launch/share/relbot_launch/cmake/relbot_launchConfig-version.cmake
[0.849s] -- Installing: /home/raghav742/SDfR/Assignments/assignment6/ros2_ws/install/relbot_launch/share/relbot_launch/package.xml
[0.851s] Invoked command in '/home/raghav742/SDfR/Assignments/assignment6/ros2_ws/build/relbot_launch' returned '0': CMAKE_PREFIX_PATH=${CMAKE_PREFIX_PATH}:/opt/ros/humble /usr/bin/cmake --install /home/raghav742/SDfR/Assignments/assignment6/ros2_ws/build/relbot_launch
