[0.074s] Invoking command in '/home/sdfr-ppd-16/ros2_ws/build/relbot_msgs': CMAKE_PREFIX_PATH=${CMAKE_PREFIX_PATH}:/opt/ros/humble /usr/bin/cmake --build /home/sdfr-ppd-16/ros2_ws/build/relbot_msgs -- -j3 -l3
[0.503s] [  2%] Built target relbot_msgs__cpp
[0.533s] [ 12%] Built target relbot_msgs__rosidl_generator_c
[0.543s] [ 12%] Built target ament_cmake_python_copy_relbot_msgs
[0.556s] [ 23%] Built target relbot_msgs__rosidl_typesupport_cpp
[0.715s] [ 33%] Built target relbot_msgs__rosidl_typesupport_fastrtps_cpp
[0.751s] [ 43%] Built target relbot_msgs__rosidl_typesupport_introspection_cpp
[0.893s] [ 53%] Built target relbot_msgs__rosidl_typesupport_fastrtps_c
[0.916s] [ 64%] Built target relbot_msgs__rosidl_typesupport_introspection_c
[1.082s] [ 74%] Built target relbot_msgs__rosidl_typesupport_c
[1.248s] [ 74%] Built target relbot_msgs
[1.473s] [ 76%] Built target relbot_msgs__py
[1.475s] [ 84%] Built target relbot_msgs__rosidl_generator_py
[1.590s] [ 89%] Built target relbot_msgs__rosidl_typesupport_fastrtps_c__pyext
[1.594s] [ 94%] Built target relbot_msgs__rosidl_typesupport_introspection_c__pyext
[1.674s] [100%] Built target relbot_msgs__rosidl_typesupport_c__pyext
[2.358s] running egg_info
[2.362s] writing relbot_msgs.egg-info/PKG-INFO
[2.366s] writing dependency_links to relbot_msgs.egg-info/dependency_links.txt
[2.375s] writing top-level names to relbot_msgs.egg-info/top_level.txt
[2.391s] reading manifest file 'relbot_msgs.egg-info/SOURCES.txt'
[2.428s] writing manifest file 'relbot_msgs.egg-info/SOURCES.txt'
[2.589s] [100%] Built target ament_cmake_python_build_relbot_msgs_egg
[2.902s] Invoked command in '/home/sdfr-ppd-16/ros2_ws/build/relbot_msgs' returned '0': CMAKE_PREFIX_PATH=${CMAKE_PREFIX_PATH}:/opt/ros/humble /usr/bin/cmake --build /home/sdfr-ppd-16/ros2_ws/build/relbot_msgs -- -j3 -l3
[2.907s] Invoking command in '/home/sdfr-ppd-16/ros2_ws/build/relbot_msgs': CMAKE_PREFIX_PATH=${CMAKE_PREFIX_PATH}:/opt/ros/humble /usr/bin/cmake --install /home/sdfr-ppd-16/ros2_ws/build/relbot_msgs
[2.912s] -- Install configuration: ""
[2.915s] -- Up-to-date: /home/sdfr-ppd-16/ros2_ws/install/relbot_msgs/share/ament_index/resource_index/rosidl_interfaces/relbot_msgs
[2.916s] -- Up-to-date: /home/sdfr-ppd-16/ros2_ws/install/relbot_msgs/include/relbot_msgs/relbot_msgs
[2.920s] -- Up-to-date: /home/sdfr-ppd-16/ros2_ws/install/relbot_msgs/include/relbot_msgs/relbot_msgs/msg
[2.924s] -- Up-to-date: /home/sdfr-ppd-16/ros2_ws/install/relbot_msgs/include/relbot_msgs/relbot_msgs/msg/rosidl_generator_c__visibility_control.h
[2.926s] -- Up-to-date: /home/sdfr-ppd-16/ros2_ws/install/relbot_msgs/include/relbot_msgs/relbot_msgs/msg/detail
[2.928s] -- Up-to-date: /home/sdfr-ppd-16/ros2_ws/install/relbot_msgs/include/relbot_msgs/relbot_msgs/msg/detail/relbot_motors_stamped__struct.h
[2.931s] -- Up-to-date: /home/sdfr-ppd-16/ros2_ws/install/relbot_msgs/include/relbot_msgs/relbot_msgs/msg/detail/relbot_motors_stamped__functions.h
[2.933s] -- Up-to-date: /home/sdfr-ppd-16/ros2_ws/install/relbot_msgs/include/relbot_msgs/relbot_msgs/msg/detail/relbot_motors__struct.h
[2.935s] -- Up-to-date: /home/sdfr-ppd-16/ros2_ws/install/relbot_msgs/include/relbot_msgs/relbot_msgs/msg/detail/relbot_motors_stamped__functions.c
[2.936s] -- Up-to-date: /home/sdfr-ppd-16/ros2_ws/install/relbot_msgs/include/relbot_msgs/relbot_msgs/msg/detail/relbot_motors__functions.c
[2.938s] -- Up-to-date: /home/sdfr-ppd-16/ros2_ws/install/relbot_msgs/include/relbot_msgs/relbot_msgs/msg/detail/relbot_motors__functions.h
[2.940s] -- Up-to-date: /home/sdfr-ppd-16/ros2_ws/install/relbot_msgs/include/relbot_msgs/relbot_msgs/msg/detail/relbot_motors_stamped__type_support.h
[2.943s] -- Up-to-date: /home/sdfr-ppd-16/ros2_ws/install/relbot_msgs/include/relbot_msgs/relbot_msgs/msg/detail/relbot_motors__type_support.h
[2.944s] -- Up-to-date: /home/sdfr-ppd-16/ros2_ws/install/relbot_msgs/include/relbot_msgs/relbot_msgs/msg/relbot_motors_stamped.h
[2.946s] -- Up-to-date: /home/sdfr-ppd-16/ros2_ws/install/relbot_msgs/include/relbot_msgs/relbot_msgs/msg/relbot_motors.h
[2.949s] -- Up-to-date: /home/sdfr-ppd-16/ros2_ws/install/relbot_msgs/share/relbot_msgs/environment/library_path.sh
[2.953s] -- Up-to-date: /home/sdfr-ppd-16/ros2_ws/install/relbot_msgs/share/relbot_msgs/environment/library_path.dsv
[2.955s] -- Up-to-date: /home/sdfr-ppd-16/ros2_ws/install/relbot_msgs/lib/librelbot_msgs__rosidl_generator_c.so
[2.958s] -- Up-to-date: /home/sdfr-ppd-16/ros2_ws/install/relbot_msgs/include/relbot_msgs/relbot_msgs
[2.960s] -- Up-to-date: /home/sdfr-ppd-16/ros2_ws/install/relbot_msgs/include/relbot_msgs/relbot_msgs/msg
[2.962s] -- Up-to-date: /home/sdfr-ppd-16/ros2_ws/install/relbot_msgs/include/relbot_msgs/relbot_msgs/msg/detail
[2.964s] -- Up-to-date: /home/sdfr-ppd-16/ros2_ws/install/relbot_msgs/include/relbot_msgs/relbot_msgs/msg/detail/relbot_motors_stamped__rosidl_typesupport_fastrtps_c.h
[2.965s] -- Up-to-date: /home/sdfr-ppd-16/ros2_ws/install/relbot_msgs/include/relbot_msgs/relbot_msgs/msg/detail/relbot_motors__rosidl_typesupport_fastrtps_c.h
[2.968s] -- Up-to-date: /home/sdfr-ppd-16/ros2_ws/install/relbot_msgs/include/relbot_msgs/relbot_msgs/msg/rosidl_typesupport_fastrtps_c__visibility_control.h
[2.970s] -- Up-to-date: /home/sdfr-ppd-16/ros2_ws/install/relbot_msgs/lib/librelbot_msgs__rosidl_typesupport_fastrtps_c.so
[2.972s] -- Up-to-date: /home/sdfr-ppd-16/ros2_ws/install/relbot_msgs/include/relbot_msgs/relbot_msgs
[2.974s] -- Up-to-date: /home/sdfr-ppd-16/ros2_ws/install/relbot_msgs/include/relbot_msgs/relbot_msgs/msg
[2.977s] -- Up-to-date: /home/sdfr-ppd-16/ros2_ws/install/relbot_msgs/include/relbot_msgs/relbot_msgs/msg/rosidl_typesupport_introspection_c__visibility_control.h
[2.979s] -- Up-to-date: /home/sdfr-ppd-16/ros2_ws/install/relbot_msgs/include/relbot_msgs/relbot_msgs/msg/detail
[2.981s] -- Up-to-date: /home/sdfr-ppd-16/ros2_ws/install/relbot_msgs/include/relbot_msgs/relbot_msgs/msg/detail/relbot_motors_stamped__rosidl_typesupport_introspection_c.h
[2.982s] -- Up-to-date: /home/sdfr-ppd-16/ros2_ws/install/relbot_msgs/include/relbot_msgs/relbot_msgs/msg/detail/relbot_motors__rosidl_typesupport_introspection_c.h
[2.988s] -- Up-to-date: /home/sdfr-ppd-16/ros2_ws/install/relbot_msgs/include/relbot_msgs/relbot_msgs/msg/detail/relbot_motors__type_support.c
[2.989s] -- Up-to-date: /home/sdfr-ppd-16/ros2_ws/install/relbot_msgs/include/relbot_msgs/relbot_msgs/msg/detail/relbot_motors_stamped__type_support.c
[2.991s] -- Up-to-date: /home/sdfr-ppd-16/ros2_ws/install/relbot_msgs/lib/librelbot_msgs__rosidl_typesupport_introspection_c.so
[2.993s] -- Up-to-date: /home/sdfr-ppd-16/ros2_ws/install/relbot_msgs/lib/librelbot_msgs__rosidl_typesupport_c.so
[2.994s] -- Up-to-date: /home/sdfr-ppd-16/ros2_ws/install/relbot_msgs/include/relbot_msgs/relbot_msgs
[2.995s] -- Up-to-date: /home/sdfr-ppd-16/ros2_ws/install/relbot_msgs/include/relbot_msgs/relbot_msgs/msg
[2.996s] -- Up-to-date: /home/sdfr-ppd-16/ros2_ws/install/relbot_msgs/include/relbot_msgs/relbot_msgs/msg/relbot_motors_stamped.hpp
[2.997s] -- Up-to-date: /home/sdfr-ppd-16/ros2_ws/install/relbot_msgs/include/relbot_msgs/relbot_msgs/msg/detail
[3.000s] -- Up-to-date: /home/sdfr-ppd-16/ros2_ws/install/relbot_msgs/include/relbot_msgs/relbot_msgs/msg/detail/relbot_motors_stamped__type_support.hpp
[3.002s] -- Up-to-date: /home/sdfr-ppd-16/ros2_ws/install/relbot_msgs/include/relbot_msgs/relbot_msgs/msg/detail/relbot_motors_stamped__struct.hpp
[3.004s] -- Up-to-date: /home/sdfr-ppd-16/ros2_ws/install/relbot_msgs/include/relbot_msgs/relbot_msgs/msg/detail/relbot_motors_stamped__traits.hpp
[3.005s] -- Up-to-date: /home/sdfr-ppd-16/ros2_ws/install/relbot_msgs/include/relbot_msgs/relbot_msgs/msg/detail/relbot_motors__type_support.hpp
[3.007s] -- Up-to-date: /home/sdfr-ppd-16/ros2_ws/install/relbot_msgs/include/relbot_msgs/relbot_msgs/msg/detail/relbot_motors__traits.hpp
[3.010s] -- Up-to-date: /home/sdfr-ppd-16/ros2_ws/install/relbot_msgs/include/relbot_msgs/relbot_msgs/msg/detail/relbot_motors_stamped__builder.hpp
[3.014s] -- Up-to-date: /home/sdfr-ppd-16/ros2_ws/install/relbot_msgs/include/relbot_msgs/relbot_msgs/msg/detail/relbot_motors__builder.hpp
[3.017s] -- Up-to-date: /home/sdfr-ppd-16/ros2_ws/install/relbot_msgs/include/relbot_msgs/relbot_msgs/msg/detail/relbot_motors__struct.hpp
[3.019s] -- Up-to-date: /home/sdfr-ppd-16/ros2_ws/install/relbot_msgs/include/relbot_msgs/relbot_msgs/msg/rosidl_generator_cpp__visibility_control.hpp
[3.022s] -- Up-to-date: /home/sdfr-ppd-16/ros2_ws/install/relbot_msgs/include/relbot_msgs/relbot_msgs/msg/relbot_motors.hpp
[3.024s] -- Up-to-date: /home/sdfr-ppd-16/ros2_ws/install/relbot_msgs/include/relbot_msgs/relbot_msgs
[3.027s] -- Up-to-date: /home/sdfr-ppd-16/ros2_ws/install/relbot_msgs/include/relbot_msgs/relbot_msgs/msg
[3.028s] -- Up-to-date: /home/sdfr-ppd-16/ros2_ws/install/relbot_msgs/include/relbot_msgs/relbot_msgs/msg/detail
[3.030s] -- Up-to-date: /home/sdfr-ppd-16/ros2_ws/install/relbot_msgs/include/relbot_msgs/relbot_msgs/msg/detail/dds_fastrtps
[3.033s] -- Up-to-date: /home/sdfr-ppd-16/ros2_ws/install/relbot_msgs/include/relbot_msgs/relbot_msgs/msg/detail/relbot_motors_stamped__rosidl_typesupport_fastrtps_cpp.hpp
[3.035s] -- Up-to-date: /home/sdfr-ppd-16/ros2_ws/install/relbot_msgs/include/relbot_msgs/relbot_msgs/msg/detail/relbot_motors__rosidl_typesupport_fastrtps_cpp.hpp
[3.037s] -- Up-to-date: /home/sdfr-ppd-16/ros2_ws/install/relbot_msgs/include/relbot_msgs/relbot_msgs/msg/rosidl_typesupport_fastrtps_cpp__visibility_control.h
[3.038s] -- Up-to-date: /home/sdfr-ppd-16/ros2_ws/install/relbot_msgs/lib/librelbot_msgs__rosidl_typesupport_fastrtps_cpp.so
[3.040s] -- Up-to-date: /home/sdfr-ppd-16/ros2_ws/install/relbot_msgs/include/relbot_msgs/relbot_msgs
[3.041s] -- Up-to-date: /home/sdfr-ppd-16/ros2_ws/install/relbot_msgs/include/relbot_msgs/relbot_msgs/msg
[3.045s] -- Up-to-date: /home/sdfr-ppd-16/ros2_ws/install/relbot_msgs/include/relbot_msgs/relbot_msgs/msg/detail
[3.046s] -- Up-to-date: /home/sdfr-ppd-16/ros2_ws/install/relbot_msgs/include/relbot_msgs/relbot_msgs/msg/detail/relbot_motors_stamped__type_support.cpp
[3.049s] -- Up-to-date: /home/sdfr-ppd-16/ros2_ws/install/relbot_msgs/include/relbot_msgs/relbot_msgs/msg/detail/relbot_motors__type_support.cpp
[3.051s] -- Up-to-date: /home/sdfr-ppd-16/ros2_ws/install/relbot_msgs/include/relbot_msgs/relbot_msgs/msg/detail/relbot_motors__rosidl_typesupport_introspection_cpp.hpp
[3.052s] -- Up-to-date: /home/sdfr-ppd-16/ros2_ws/install/relbot_msgs/include/relbot_msgs/relbot_msgs/msg/detail/relbot_motors_stamped__rosidl_typesupport_introspection_cpp.hpp
[3.055s] -- Up-to-date: /home/sdfr-ppd-16/ros2_ws/install/relbot_msgs/lib/librelbot_msgs__rosidl_typesupport_introspection_cpp.so
[3.059s] -- Up-to-date: /home/sdfr-ppd-16/ros2_ws/install/relbot_msgs/lib/librelbot_msgs__rosidl_typesupport_cpp.so
[3.061s] -- Up-to-date: /home/sdfr-ppd-16/ros2_ws/install/relbot_msgs/share/relbot_msgs/environment/pythonpath.sh
[3.062s] -- Up-to-date: /home/sdfr-ppd-16/ros2_ws/install/relbot_msgs/share/relbot_msgs/environment/pythonpath.dsv
[3.063s] -- Up-to-date: /home/sdfr-ppd-16/ros2_ws/install/relbot_msgs/local/lib/python3.10/dist-packages/relbot_msgs-2025.2.0-py3.10.egg-info
[3.065s] -- Installing: /home/sdfr-ppd-16/ros2_ws/install/relbot_msgs/local/lib/python3.10/dist-packages/relbot_msgs-2025.2.0-py3.10.egg-info/dependency_links.txt
[3.068s] -- Installing: /home/sdfr-ppd-16/ros2_ws/install/relbot_msgs/local/lib/python3.10/dist-packages/relbot_msgs-2025.2.0-py3.10.egg-info/PKG-INFO
[3.069s] -- Installing: /home/sdfr-ppd-16/ros2_ws/install/relbot_msgs/local/lib/python3.10/dist-packages/relbot_msgs-2025.2.0-py3.10.egg-info/SOURCES.txt
[3.071s] -- Installing: /home/sdfr-ppd-16/ros2_ws/install/relbot_msgs/local/lib/python3.10/dist-packages/relbot_msgs-2025.2.0-py3.10.egg-info/top_level.txt
[3.073s] -- Up-to-date: /home/sdfr-ppd-16/ros2_ws/install/relbot_msgs/local/lib/python3.10/dist-packages/relbot_msgs
[3.075s] -- Up-to-date: /home/sdfr-ppd-16/ros2_ws/install/relbot_msgs/local/lib/python3.10/dist-packages/relbot_msgs/relbot_msgs_s__rosidl_typesupport_c.cpython-310-x86_64-linux-gnu.so
[3.079s] -- Up-to-date: /home/sdfr-ppd-16/ros2_ws/install/relbot_msgs/local/lib/python3.10/dist-packages/relbot_msgs/relbot_msgs_s__rosidl_typesupport_introspection_c.cpython-310-x86_64-linux-gnu.so
[3.081s] -- Up-to-date: /home/sdfr-ppd-16/ros2_ws/install/relbot_msgs/local/lib/python3.10/dist-packages/relbot_msgs/_relbot_msgs_s.ep.rosidl_typesupport_fastrtps_c.c
[3.083s] -- Up-to-date: /home/sdfr-ppd-16/ros2_ws/install/relbot_msgs/local/lib/python3.10/dist-packages/relbot_msgs/_relbot_msgs_s.ep.rosidl_typesupport_c.c
[3.085s] -- Up-to-date: /home/sdfr-ppd-16/ros2_ws/install/relbot_msgs/local/lib/python3.10/dist-packages/relbot_msgs/relbot_msgs_s__rosidl_typesupport_introspection_c.cpython-310-aarch64-linux-gnu.so
[3.087s] -- Up-to-date: /home/sdfr-ppd-16/ros2_ws/install/relbot_msgs/local/lib/python3.10/dist-packages/relbot_msgs/msg
[3.088s] -- Up-to-date: /home/sdfr-ppd-16/ros2_ws/install/relbot_msgs/local/lib/python3.10/dist-packages/relbot_msgs/msg/_relbot_motors_s.c
[3.090s] -- Up-to-date: /home/sdfr-ppd-16/ros2_ws/install/relbot_msgs/local/lib/python3.10/dist-packages/relbot_msgs/msg/_relbot_motors_stamped_s.c
[3.092s] -- Up-to-date: /home/sdfr-ppd-16/ros2_ws/install/relbot_msgs/local/lib/python3.10/dist-packages/relbot_msgs/msg/__init__.py
[3.094s] -- Up-to-date: /home/sdfr-ppd-16/ros2_ws/install/relbot_msgs/local/lib/python3.10/dist-packages/relbot_msgs/msg/_relbot_motors_stamped.py
[3.096s] -- Up-to-date: /home/sdfr-ppd-16/ros2_ws/install/relbot_msgs/local/lib/python3.10/dist-packages/relbot_msgs/msg/_relbot_motors.py
[3.097s] -- Up-to-date: /home/sdfr-ppd-16/ros2_ws/install/relbot_msgs/local/lib/python3.10/dist-packages/relbot_msgs/librelbot_msgs__rosidl_generator_py.so
[3.098s] -- Up-to-date: /home/sdfr-ppd-16/ros2_ws/install/relbot_msgs/local/lib/python3.10/dist-packages/relbot_msgs/relbot_msgs_s__rosidl_typesupport_fastrtps_c.cpython-310-x86_64-linux-gnu.so
[3.101s] -- Up-to-date: /home/sdfr-ppd-16/ros2_ws/install/relbot_msgs/local/lib/python3.10/dist-packages/relbot_msgs/__init__.py
[3.102s] -- Up-to-date: /home/sdfr-ppd-16/ros2_ws/install/relbot_msgs/local/lib/python3.10/dist-packages/relbot_msgs/relbot_msgs_s__rosidl_typesupport_fastrtps_c.cpython-310-aarch64-linux-gnu.so
[3.104s] -- Up-to-date: /home/sdfr-ppd-16/ros2_ws/install/relbot_msgs/local/lib/python3.10/dist-packages/relbot_msgs/relbot_msgs_s__rosidl_typesupport_c.cpython-310-aarch64-linux-gnu.so
[3.106s] -- Up-to-date: /home/sdfr-ppd-16/ros2_ws/install/relbot_msgs/local/lib/python3.10/dist-packages/relbot_msgs/_relbot_msgs_s.ep.rosidl_typesupport_introspection_c.c
[3.241s] Listing '/home/sdfr-ppd-16/ros2_ws/install/relbot_msgs/local/lib/python3.10/dist-packages/relbot_msgs'...
[3.242s] Listing '/home/sdfr-ppd-16/ros2_ws/install/relbot_msgs/local/lib/python3.10/dist-packages/relbot_msgs/msg'...
[3.243s] -- Up-to-date: /home/sdfr-ppd-16/ros2_ws/install/relbot_msgs/local/lib/python3.10/dist-packages/relbot_msgs/relbot_msgs_s__rosidl_typesupport_fastrtps_c.cpython-310-aarch64-linux-gnu.so
[3.244s] -- Up-to-date: /home/sdfr-ppd-16/ros2_ws/install/relbot_msgs/local/lib/python3.10/dist-packages/relbot_msgs/relbot_msgs_s__rosidl_typesupport_introspection_c.cpython-310-aarch64-linux-gnu.so
[3.245s] -- Up-to-date: /home/sdfr-ppd-16/ros2_ws/install/relbot_msgs/local/lib/python3.10/dist-packages/relbot_msgs/relbot_msgs_s__rosidl_typesupport_c.cpython-310-aarch64-linux-gnu.so
[3.246s] -- Up-to-date: /home/sdfr-ppd-16/ros2_ws/install/relbot_msgs/lib/librelbot_msgs__rosidl_generator_py.so
[3.247s] -- Up-to-date: /home/sdfr-ppd-16/ros2_ws/install/relbot_msgs/share/relbot_msgs/msg/RelbotMotors.idl
[3.248s] -- Up-to-date: /home/sdfr-ppd-16/ros2_ws/install/relbot_msgs/share/relbot_msgs/msg/RelbotMotorsStamped.idl
[3.251s] -- Up-to-date: /home/sdfr-ppd-16/ros2_ws/install/relbot_msgs/share/relbot_msgs/msg/RelbotMotors.msg
[3.252s] -- Up-to-date: /home/sdfr-ppd-16/ros2_ws/install/relbot_msgs/share/relbot_msgs/msg/RelbotMotorsStamped.msg
[3.253s] -- Up-to-date: /home/sdfr-ppd-16/ros2_ws/install/relbot_msgs/share/ament_index/resource_index/package_run_dependencies/relbot_msgs
[3.254s] -- Up-to-date: /home/sdfr-ppd-16/ros2_ws/install/relbot_msgs/share/ament_index/resource_index/parent_prefix_path/relbot_msgs
[3.256s] -- Up-to-date: /home/sdfr-ppd-16/ros2_ws/install/relbot_msgs/share/relbot_msgs/environment/ament_prefix_path.sh
[3.257s] -- Up-to-date: /home/sdfr-ppd-16/ros2_ws/install/relbot_msgs/share/relbot_msgs/environment/ament_prefix_path.dsv
[3.259s] -- Up-to-date: /home/sdfr-ppd-16/ros2_ws/install/relbot_msgs/share/relbot_msgs/environment/path.sh
[3.261s] -- Up-to-date: /home/sdfr-ppd-16/ros2_ws/install/relbot_msgs/share/relbot_msgs/environment/path.dsv
[3.264s] -- Up-to-date: /home/sdfr-ppd-16/ros2_ws/install/relbot_msgs/share/relbot_msgs/local_setup.bash
[3.266s] -- Up-to-date: /home/sdfr-ppd-16/ros2_ws/install/relbot_msgs/share/relbot_msgs/local_setup.sh
[3.268s] -- Up-to-date: /home/sdfr-ppd-16/ros2_ws/install/relbot_msgs/share/relbot_msgs/local_setup.zsh
[3.269s] -- Up-to-date: /home/sdfr-ppd-16/ros2_ws/install/relbot_msgs/share/relbot_msgs/local_setup.dsv
[3.270s] -- Installing: /home/sdfr-ppd-16/ros2_ws/install/relbot_msgs/share/relbot_msgs/package.dsv
[3.272s] -- Up-to-date: /home/sdfr-ppd-16/ros2_ws/install/relbot_msgs/share/ament_index/resource_index/packages/relbot_msgs
[3.274s] -- Up-to-date: /home/sdfr-ppd-16/ros2_ws/install/relbot_msgs/share/relbot_msgs/cmake/export_relbot_msgs__rosidl_generator_cExport.cmake
[3.276s] -- Up-to-date: /home/sdfr-ppd-16/ros2_ws/install/relbot_msgs/share/relbot_msgs/cmake/export_relbot_msgs__rosidl_generator_cExport-noconfig.cmake
[3.278s] -- Up-to-date: /home/sdfr-ppd-16/ros2_ws/install/relbot_msgs/share/relbot_msgs/cmake/export_relbot_msgs__rosidl_typesupport_fastrtps_cExport.cmake
[3.279s] -- Up-to-date: /home/sdfr-ppd-16/ros2_ws/install/relbot_msgs/share/relbot_msgs/cmake/export_relbot_msgs__rosidl_typesupport_fastrtps_cExport-noconfig.cmake
[3.284s] -- Up-to-date: /home/sdfr-ppd-16/ros2_ws/install/relbot_msgs/share/relbot_msgs/cmake/relbot_msgs__rosidl_typesupport_introspection_cExport.cmake
[3.285s] -- Up-to-date: /home/sdfr-ppd-16/ros2_ws/install/relbot_msgs/share/relbot_msgs/cmake/relbot_msgs__rosidl_typesupport_introspection_cExport-noconfig.cmake
[3.286s] -- Up-to-date: /home/sdfr-ppd-16/ros2_ws/install/relbot_msgs/share/relbot_msgs/cmake/relbot_msgs__rosidl_typesupport_cExport.cmake
[3.287s] -- Up-to-date: /home/sdfr-ppd-16/ros2_ws/install/relbot_msgs/share/relbot_msgs/cmake/relbot_msgs__rosidl_typesupport_cExport-noconfig.cmake
[3.289s] -- Up-to-date: /home/sdfr-ppd-16/ros2_ws/install/relbot_msgs/share/relbot_msgs/cmake/export_relbot_msgs__rosidl_generator_cppExport.cmake
[3.292s] -- Up-to-date: /home/sdfr-ppd-16/ros2_ws/install/relbot_msgs/share/relbot_msgs/cmake/export_relbot_msgs__rosidl_typesupport_fastrtps_cppExport.cmake
[3.296s] -- Up-to-date: /home/sdfr-ppd-16/ros2_ws/install/relbot_msgs/share/relbot_msgs/cmake/export_relbot_msgs__rosidl_typesupport_fastrtps_cppExport-noconfig.cmake
[3.298s] -- Up-to-date: /home/sdfr-ppd-16/ros2_ws/install/relbot_msgs/share/relbot_msgs/cmake/relbot_msgs__rosidl_typesupport_introspection_cppExport.cmake
[3.300s] -- Up-to-date: /home/sdfr-ppd-16/ros2_ws/install/relbot_msgs/share/relbot_msgs/cmake/relbot_msgs__rosidl_typesupport_introspection_cppExport-noconfig.cmake
[3.304s] -- Up-to-date: /home/sdfr-ppd-16/ros2_ws/install/relbot_msgs/share/relbot_msgs/cmake/relbot_msgs__rosidl_typesupport_cppExport.cmake
[3.307s] -- Up-to-date: /home/sdfr-ppd-16/ros2_ws/install/relbot_msgs/share/relbot_msgs/cmake/relbot_msgs__rosidl_typesupport_cppExport-noconfig.cmake
[3.310s] -- Up-to-date: /home/sdfr-ppd-16/ros2_ws/install/relbot_msgs/share/relbot_msgs/cmake/export_relbot_msgs__rosidl_generator_pyExport.cmake
[3.314s] -- Up-to-date: /home/sdfr-ppd-16/ros2_ws/install/relbot_msgs/share/relbot_msgs/cmake/export_relbot_msgs__rosidl_generator_pyExport-noconfig.cmake
[3.316s] -- Up-to-date: /home/sdfr-ppd-16/ros2_ws/install/relbot_msgs/share/relbot_msgs/cmake/rosidl_cmake-extras.cmake
[3.317s] -- Up-to-date: /home/sdfr-ppd-16/ros2_ws/install/relbot_msgs/share/relbot_msgs/cmake/ament_cmake_export_dependencies-extras.cmake
[3.319s] -- Up-to-date: /home/sdfr-ppd-16/ros2_ws/install/relbot_msgs/share/relbot_msgs/cmake/ament_cmake_export_include_directories-extras.cmake
[3.320s] -- Up-to-date: /home/sdfr-ppd-16/ros2_ws/install/relbot_msgs/share/relbot_msgs/cmake/ament_cmake_export_libraries-extras.cmake
[3.322s] -- Up-to-date: /home/sdfr-ppd-16/ros2_ws/install/relbot_msgs/share/relbot_msgs/cmake/ament_cmake_export_targets-extras.cmake
[3.329s] -- Up-to-date: /home/sdfr-ppd-16/ros2_ws/install/relbot_msgs/share/relbot_msgs/cmake/rosidl_cmake_export_typesupport_targets-extras.cmake
[3.330s] -- Up-to-date: /home/sdfr-ppd-16/ros2_ws/install/relbot_msgs/share/relbot_msgs/cmake/rosidl_cmake_export_typesupport_libraries-extras.cmake
[3.331s] -- Up-to-date: /home/sdfr-ppd-16/ros2_ws/install/relbot_msgs/share/relbot_msgs/cmake/relbot_msgsConfig.cmake
[3.333s] -- Up-to-date: /home/sdfr-ppd-16/ros2_ws/install/relbot_msgs/share/relbot_msgs/cmake/relbot_msgsConfig-version.cmake
[3.334s] -- Up-to-date: /home/sdfr-ppd-16/ros2_ws/install/relbot_msgs/share/relbot_msgs/package.xml
[3.354s] Invoked command in '/home/sdfr-ppd-16/ros2_ws/build/relbot_msgs' returned '0': CMAKE_PREFIX_PATH=${CMAKE_PREFIX_PATH}:/opt/ros/humble /usr/bin/cmake --install /home/sdfr-ppd-16/ros2_ws/build/relbot_msgs
