[0.079s] DEBUG:colcon:Command line arguments: ['/usr/bin/colcon', 'build']
[0.079s] DEBUG:colcon:Parsed command line arguments: Namespace(log_base=None, log_level=None, verb_name='build', build_base='build', install_base='install', merge_install=False, symlink_install=False, test_result_base=None, continue_on_error=False, executor='parallel', parallel_workers=32, event_handlers=None, ignore_user_meta=False, metas=['./colcon.meta'], base_paths=['.'], packages_ignore=None, packages_ignore_regex=None, paths=None, packages_up_to=None, packages_up_to_regex=None, packages_above=None, packages_above_and_dependencies=None, packages_above_depth=None, packages_select_by_dep=None, packages_skip_by_dep=None, packages_skip_up_to=None, packages_select_build_failed=False, packages_skip_build_finished=False, packages_select_test_failures=False, packages_skip_test_passed=False, packages_select=None, packages_skip=None, packages_select_regex=None, packages_skip_regex=None, packages_start=None, packages_end=None, allow_overriding=[], cmake_args=None, cmake_target=None, cmake_target_skip_unavailable=False, cmake_clean_cache=False, cmake_clean_first=False, cmake_force_configure=False, ament_cmake_args=None, catkin_cmake_args=None, catkin_skip_building_tests=False, mixin_files=None, mixin=None, verb_parser=<colcon_mixin.mixin.mixin_argument.MixinArgumentDecorator object at 0x7ff59817d4b0>, verb_extension=<colcon_core.verb.build.BuildVerb object at 0x7ff5982ee380>, main=<bound method BuildVerb.main of <colcon_core.verb.build.BuildVerb object at 0x7ff5982ee380>>, mixin_verb=('build',))
[0.195s] Level 1:colcon.colcon_core.package_discovery:discover_packages(colcon_meta) check parameters
[0.195s] Level 1:colcon.colcon_core.package_discovery:discover_packages(recursive) check parameters
[0.195s] Level 1:colcon.colcon_core.package_discovery:discover_packages(ignore) check parameters
[0.195s] Level 1:colcon.colcon_core.package_discovery:discover_packages(path) check parameters
[0.195s] Level 1:colcon.colcon_core.package_discovery:discover_packages(colcon_meta) discover
[0.195s] Level 1:colcon.colcon_core.package_discovery:discover_packages(recursive) discover
[0.196s] INFO:colcon.colcon_core.package_discovery:Crawling recursively for packages in '/home/srik/ros_ubuntu/ros2_ws'
[0.196s] Level 1:colcon.colcon_core.package_identification:_identify(.) by extensions ['ignore', 'ignore_ament_install']
[0.196s] Level 1:colcon.colcon_core.package_identification:_identify(.) by extension 'ignore'
[0.197s] Level 1:colcon.colcon_core.package_identification:_identify(.) by extension 'ignore_ament_install'
[0.197s] Level 1:colcon.colcon_core.package_identification:_identify(.) by extensions ['colcon_pkg']
[0.197s] Level 1:colcon.colcon_core.package_identification:_identify(.) by extension 'colcon_pkg'
[0.197s] Level 1:colcon.colcon_core.package_identification:_identify(.) by extensions ['colcon_meta']
[0.197s] Level 1:colcon.colcon_core.package_identification:_identify(.) by extension 'colcon_meta'
[0.197s] Level 1:colcon.colcon_core.package_identification:_identify(.) by extensions ['ros']
[0.197s] Level 1:colcon.colcon_core.package_identification:_identify(.) by extension 'ros'
[0.205s] Level 1:colcon.colcon_core.package_identification:_identify(.) by extensions ['cmake', 'python']
[0.205s] Level 1:colcon.colcon_core.package_identification:_identify(.) by extension 'cmake'
[0.205s] Level 1:colcon.colcon_core.package_identification:_identify(.) by extension 'python'
[0.205s] Level 1:colcon.colcon_core.package_identification:_identify(.) by extensions ['python_setup_py']
[0.205s] Level 1:colcon.colcon_core.package_identification:_identify(.) by extension 'python_setup_py'
[0.206s] Level 1:colcon.colcon_core.package_identification:_identify(build) by extensions ['ignore', 'ignore_ament_install']
[0.206s] Level 1:colcon.colcon_core.package_identification:_identify(build) by extension 'ignore'
[0.206s] Level 1:colcon.colcon_core.package_identification:_identify(build) ignored
[0.206s] Level 1:colcon.colcon_core.package_identification:_identify(install) by extensions ['ignore', 'ignore_ament_install']
[0.206s] Level 1:colcon.colcon_core.package_identification:_identify(install) by extension 'ignore'
[0.206s] Level 1:colcon.colcon_core.package_identification:_identify(install) ignored
[0.206s] Level 1:colcon.colcon_core.package_identification:_identify(log) by extensions ['ignore', 'ignore_ament_install']
[0.206s] Level 1:colcon.colcon_core.package_identification:_identify(log) by extension 'ignore'
[0.206s] Level 1:colcon.colcon_core.package_identification:_identify(log) ignored
[0.206s] Level 1:colcon.colcon_core.package_identification:_identify(src) by extensions ['ignore', 'ignore_ament_install']
[0.206s] Level 1:colcon.colcon_core.package_identification:_identify(src) by extension 'ignore'
[0.206s] Level 1:colcon.colcon_core.package_identification:_identify(src) by extension 'ignore_ament_install'
[0.206s] Level 1:colcon.colcon_core.package_identification:_identify(src) by extensions ['colcon_pkg']
[0.206s] Level 1:colcon.colcon_core.package_identification:_identify(src) by extension 'colcon_pkg'
[0.206s] Level 1:colcon.colcon_core.package_identification:_identify(src) by extensions ['colcon_meta']
[0.206s] Level 1:colcon.colcon_core.package_identification:_identify(src) by extension 'colcon_meta'
[0.206s] Level 1:colcon.colcon_core.package_identification:_identify(src) by extensions ['ros']
[0.206s] Level 1:colcon.colcon_core.package_identification:_identify(src) by extension 'ros'
[0.206s] Level 1:colcon.colcon_core.package_identification:_identify(src) by extensions ['cmake', 'python']
[0.206s] Level 1:colcon.colcon_core.package_identification:_identify(src) by extension 'cmake'
[0.206s] Level 1:colcon.colcon_core.package_identification:_identify(src) by extension 'python'
[0.206s] Level 1:colcon.colcon_core.package_identification:_identify(src) by extensions ['python_setup_py']
[0.206s] Level 1:colcon.colcon_core.package_identification:_identify(src) by extension 'python_setup_py'
[0.207s] Level 1:colcon.colcon_core.package_identification:_identify(src/build) by extensions ['ignore', 'ignore_ament_install']
[0.207s] Level 1:colcon.colcon_core.package_identification:_identify(src/build) by extension 'ignore'
[0.207s] Level 1:colcon.colcon_core.package_identification:_identify(src/build) ignored
[0.207s] Level 1:colcon.colcon_core.package_identification:_identify(src/install) by extensions ['ignore', 'ignore_ament_install']
[0.207s] Level 1:colcon.colcon_core.package_identification:_identify(src/install) by extension 'ignore'
[0.207s] Level 1:colcon.colcon_core.package_identification:_identify(src/install) ignored
[0.207s] Level 1:colcon.colcon_core.package_identification:_identify(src/log) by extensions ['ignore', 'ignore_ament_install']
[0.207s] Level 1:colcon.colcon_core.package_identification:_identify(src/log) by extension 'ignore'
[0.207s] Level 1:colcon.colcon_core.package_identification:_identify(src/log) ignored
[0.207s] Level 1:colcon.colcon_core.package_identification:_identify(src/relbot2turtlesim) by extensions ['ignore', 'ignore_ament_install']
[0.207s] Level 1:colcon.colcon_core.package_identification:_identify(src/relbot2turtlesim) by extension 'ignore'
[0.207s] Level 1:colcon.colcon_core.package_identification:_identify(src/relbot2turtlesim) by extension 'ignore_ament_install'
[0.207s] Level 1:colcon.colcon_core.package_identification:_identify(src/relbot2turtlesim) by extensions ['colcon_pkg']
[0.207s] Level 1:colcon.colcon_core.package_identification:_identify(src/relbot2turtlesim) by extension 'colcon_pkg'
[0.207s] Level 1:colcon.colcon_core.package_identification:_identify(src/relbot2turtlesim) by extensions ['colcon_meta']
[0.207s] Level 1:colcon.colcon_core.package_identification:_identify(src/relbot2turtlesim) by extension 'colcon_meta'
[0.207s] Level 1:colcon.colcon_core.package_identification:_identify(src/relbot2turtlesim) by extensions ['ros']
[0.207s] Level 1:colcon.colcon_core.package_identification:_identify(src/relbot2turtlesim) by extension 'ros'
[0.207s] Level 1:colcon.colcon_core.package_identification:_identify(src/relbot2turtlesim) by extensions ['cmake', 'python']
[0.207s] Level 1:colcon.colcon_core.package_identification:_identify(src/relbot2turtlesim) by extension 'cmake'
[0.207s] Level 1:colcon.colcon_core.package_identification:_identify(src/relbot2turtlesim) by extension 'python'
[0.207s] Level 1:colcon.colcon_core.package_identification:_identify(src/relbot2turtlesim) by extensions ['python_setup_py']
[0.207s] Level 1:colcon.colcon_core.package_identification:_identify(src/relbot2turtlesim) by extension 'python_setup_py'
[0.208s] Level 1:colcon.colcon_core.package_identification:_identify(src/relbot2turtlesim/__MACOSX) by extensions ['ignore', 'ignore_ament_install']
[0.208s] Level 1:colcon.colcon_core.package_identification:_identify(src/relbot2turtlesim/__MACOSX) by extension 'ignore'
[0.208s] Level 1:colcon.colcon_core.package_identification:_identify(src/relbot2turtlesim/__MACOSX) by extension 'ignore_ament_install'
[0.208s] Level 1:colcon.colcon_core.package_identification:_identify(src/relbot2turtlesim/__MACOSX) by extensions ['colcon_pkg']
[0.208s] Level 1:colcon.colcon_core.package_identification:_identify(src/relbot2turtlesim/__MACOSX) by extension 'colcon_pkg'
[0.208s] Level 1:colcon.colcon_core.package_identification:_identify(src/relbot2turtlesim/__MACOSX) by extensions ['colcon_meta']
[0.208s] Level 1:colcon.colcon_core.package_identification:_identify(src/relbot2turtlesim/__MACOSX) by extension 'colcon_meta'
[0.208s] Level 1:colcon.colcon_core.package_identification:_identify(src/relbot2turtlesim/__MACOSX) by extensions ['ros']
[0.208s] Level 1:colcon.colcon_core.package_identification:_identify(src/relbot2turtlesim/__MACOSX) by extension 'ros'
[0.208s] Level 1:colcon.colcon_core.package_identification:_identify(src/relbot2turtlesim/__MACOSX) by extensions ['cmake', 'python']
[0.208s] Level 1:colcon.colcon_core.package_identification:_identify(src/relbot2turtlesim/__MACOSX) by extension 'cmake'
[0.208s] Level 1:colcon.colcon_core.package_identification:_identify(src/relbot2turtlesim/__MACOSX) by extension 'python'
[0.208s] Level 1:colcon.colcon_core.package_identification:_identify(src/relbot2turtlesim/__MACOSX) by extensions ['python_setup_py']
[0.208s] Level 1:colcon.colcon_core.package_identification:_identify(src/relbot2turtlesim/__MACOSX) by extension 'python_setup_py'
[0.208s] Level 1:colcon.colcon_core.package_identification:_identify(src/relbot2turtlesim/__MACOSX/relbot2turtlesim) by extensions ['ignore', 'ignore_ament_install']
[0.208s] Level 1:colcon.colcon_core.package_identification:_identify(src/relbot2turtlesim/__MACOSX/relbot2turtlesim) by extension 'ignore'
[0.208s] Level 1:colcon.colcon_core.package_identification:_identify(src/relbot2turtlesim/__MACOSX/relbot2turtlesim) by extension 'ignore_ament_install'
[0.208s] Level 1:colcon.colcon_core.package_identification:_identify(src/relbot2turtlesim/__MACOSX/relbot2turtlesim) by extensions ['colcon_pkg']
[0.208s] Level 1:colcon.colcon_core.package_identification:_identify(src/relbot2turtlesim/__MACOSX/relbot2turtlesim) by extension 'colcon_pkg'
[0.208s] Level 1:colcon.colcon_core.package_identification:_identify(src/relbot2turtlesim/__MACOSX/relbot2turtlesim) by extensions ['colcon_meta']
[0.208s] Level 1:colcon.colcon_core.package_identification:_identify(src/relbot2turtlesim/__MACOSX/relbot2turtlesim) by extension 'colcon_meta'
[0.208s] Level 1:colcon.colcon_core.package_identification:_identify(src/relbot2turtlesim/__MACOSX/relbot2turtlesim) by extensions ['ros']
[0.208s] Level 1:colcon.colcon_core.package_identification:_identify(src/relbot2turtlesim/__MACOSX/relbot2turtlesim) by extension 'ros'
[0.208s] Level 1:colcon.colcon_core.package_identification:_identify(src/relbot2turtlesim/__MACOSX/relbot2turtlesim) by extensions ['cmake', 'python']
[0.208s] Level 1:colcon.colcon_core.package_identification:_identify(src/relbot2turtlesim/__MACOSX/relbot2turtlesim) by extension 'cmake'
[0.208s] Level 1:colcon.colcon_core.package_identification:_identify(src/relbot2turtlesim/__MACOSX/relbot2turtlesim) by extension 'python'
[0.208s] Level 1:colcon.colcon_core.package_identification:_identify(src/relbot2turtlesim/__MACOSX/relbot2turtlesim) by extensions ['python_setup_py']
[0.208s] Level 1:colcon.colcon_core.package_identification:_identify(src/relbot2turtlesim/__MACOSX/relbot2turtlesim) by extension 'python_setup_py'
[0.209s] Level 1:colcon.colcon_core.package_identification:_identify(src/relbot2turtlesim/__MACOSX/relbot2turtlesim/include) by extensions ['ignore', 'ignore_ament_install']
[0.209s] Level 1:colcon.colcon_core.package_identification:_identify(src/relbot2turtlesim/__MACOSX/relbot2turtlesim/include) by extension 'ignore'
[0.209s] Level 1:colcon.colcon_core.package_identification:_identify(src/relbot2turtlesim/__MACOSX/relbot2turtlesim/include) by extension 'ignore_ament_install'
[0.209s] Level 1:colcon.colcon_core.package_identification:_identify(src/relbot2turtlesim/__MACOSX/relbot2turtlesim/include) by extensions ['colcon_pkg']
[0.209s] Level 1:colcon.colcon_core.package_identification:_identify(src/relbot2turtlesim/__MACOSX/relbot2turtlesim/include) by extension 'colcon_pkg'
[0.209s] Level 1:colcon.colcon_core.package_identification:_identify(src/relbot2turtlesim/__MACOSX/relbot2turtlesim/include) by extensions ['colcon_meta']
[0.209s] Level 1:colcon.colcon_core.package_identification:_identify(src/relbot2turtlesim/__MACOSX/relbot2turtlesim/include) by extension 'colcon_meta'
[0.209s] Level 1:colcon.colcon_core.package_identification:_identify(src/relbot2turtlesim/__MACOSX/relbot2turtlesim/include) by extensions ['ros']
[0.209s] Level 1:colcon.colcon_core.package_identification:_identify(src/relbot2turtlesim/__MACOSX/relbot2turtlesim/include) by extension 'ros'
[0.209s] Level 1:colcon.colcon_core.package_identification:_identify(src/relbot2turtlesim/__MACOSX/relbot2turtlesim/include) by extensions ['cmake', 'python']
[0.209s] Level 1:colcon.colcon_core.package_identification:_identify(src/relbot2turtlesim/__MACOSX/relbot2turtlesim/include) by extension 'cmake'
[0.209s] Level 1:colcon.colcon_core.package_identification:_identify(src/relbot2turtlesim/__MACOSX/relbot2turtlesim/include) by extension 'python'
[0.209s] Level 1:colcon.colcon_core.package_identification:_identify(src/relbot2turtlesim/__MACOSX/relbot2turtlesim/include) by extensions ['python_setup_py']
[0.209s] Level 1:colcon.colcon_core.package_identification:_identify(src/relbot2turtlesim/__MACOSX/relbot2turtlesim/include) by extension 'python_setup_py'
[0.209s] Level 1:colcon.colcon_core.package_identification:_identify(src/relbot2turtlesim/relbot2turtlesim) by extensions ['ignore', 'ignore_ament_install']
[0.209s] Level 1:colcon.colcon_core.package_identification:_identify(src/relbot2turtlesim/relbot2turtlesim) by extension 'ignore'
[0.209s] Level 1:colcon.colcon_core.package_identification:_identify(src/relbot2turtlesim/relbot2turtlesim) by extension 'ignore_ament_install'
[0.209s] Level 1:colcon.colcon_core.package_identification:_identify(src/relbot2turtlesim/relbot2turtlesim) by extensions ['colcon_pkg']
[0.209s] Level 1:colcon.colcon_core.package_identification:_identify(src/relbot2turtlesim/relbot2turtlesim) by extension 'colcon_pkg'
[0.209s] Level 1:colcon.colcon_core.package_identification:_identify(src/relbot2turtlesim/relbot2turtlesim) by extensions ['colcon_meta']
[0.209s] Level 1:colcon.colcon_core.package_identification:_identify(src/relbot2turtlesim/relbot2turtlesim) by extension 'colcon_meta'
[0.209s] Level 1:colcon.colcon_core.package_identification:_identify(src/relbot2turtlesim/relbot2turtlesim) by extensions ['ros']
[0.209s] Level 1:colcon.colcon_core.package_identification:_identify(src/relbot2turtlesim/relbot2turtlesim) by extension 'ros'
[0.211s] DEBUG:colcon.colcon_core.package_identification:Package 'src/relbot2turtlesim/relbot2turtlesim' with type 'ros.ament_cmake' and name 'relbot2turtlesim'
[0.211s] Level 1:colcon.colcon_core.package_identification:_identify(src/relbot_adapter) by extensions ['ignore', 'ignore_ament_install']
[0.211s] Level 1:colcon.colcon_core.package_identification:_identify(src/relbot_adapter) by extension 'ignore'
[0.211s] Level 1:colcon.colcon_core.package_identification:_identify(src/relbot_adapter) by extension 'ignore_ament_install'
[0.211s] Level 1:colcon.colcon_core.package_identification:_identify(src/relbot_adapter) by extensions ['colcon_pkg']
[0.211s] Level 1:colcon.colcon_core.package_identification:_identify(src/relbot_adapter) by extension 'colcon_pkg'
[0.211s] Level 1:colcon.colcon_core.package_identification:_identify(src/relbot_adapter) by extensions ['colcon_meta']
[0.211s] Level 1:colcon.colcon_core.package_identification:_identify(src/relbot_adapter) by extension 'colcon_meta'
[0.212s] Level 1:colcon.colcon_core.package_identification:_identify(src/relbot_adapter) by extensions ['ros']
[0.212s] Level 1:colcon.colcon_core.package_identification:_identify(src/relbot_adapter) by extension 'ros'
[0.212s] DEBUG:colcon.colcon_core.package_identification:Package 'src/relbot_adapter' with type 'ros.ament_cmake' and name 'relbot_adapter'
[0.212s] Level 1:colcon.colcon_core.package_identification:_identify(src/relbot_launch) by extensions ['ignore', 'ignore_ament_install']
[0.212s] Level 1:colcon.colcon_core.package_identification:_identify(src/relbot_launch) by extension 'ignore'
[0.212s] Level 1:colcon.colcon_core.package_identification:_identify(src/relbot_launch) by extension 'ignore_ament_install'
[0.212s] Level 1:colcon.colcon_core.package_identification:_identify(src/relbot_launch) by extensions ['colcon_pkg']
[0.212s] Level 1:colcon.colcon_core.package_identification:_identify(src/relbot_launch) by extension 'colcon_pkg'
[0.212s] Level 1:colcon.colcon_core.package_identification:_identify(src/relbot_launch) by extensions ['colcon_meta']
[0.212s] Level 1:colcon.colcon_core.package_identification:_identify(src/relbot_launch) by extension 'colcon_meta'
[0.212s] Level 1:colcon.colcon_core.package_identification:_identify(src/relbot_launch) by extensions ['ros']
[0.212s] Level 1:colcon.colcon_core.package_identification:_identify(src/relbot_launch) by extension 'ros'
[0.212s] Level 1:colcon.colcon_core.package_identification:_identify(src/relbot_launch) by extensions ['cmake', 'python']
[0.212s] Level 1:colcon.colcon_core.package_identification:_identify(src/relbot_launch) by extension 'cmake'
[0.212s] Level 1:colcon.colcon_core.package_identification:_identify(src/relbot_launch) by extension 'python'
[0.213s] Level 1:colcon.colcon_core.package_identification:_identify(src/relbot_launch) by extensions ['python_setup_py']
[0.213s] Level 1:colcon.colcon_core.package_identification:_identify(src/relbot_launch) by extension 'python_setup_py'
[0.213s] Level 1:colcon.colcon_core.package_identification:_identify(src/relbot_launch/__MACOSX) by extensions ['ignore', 'ignore_ament_install']
[0.213s] Level 1:colcon.colcon_core.package_identification:_identify(src/relbot_launch/__MACOSX) by extension 'ignore'
[0.213s] Level 1:colcon.colcon_core.package_identification:_identify(src/relbot_launch/__MACOSX) by extension 'ignore_ament_install'
[0.213s] Level 1:colcon.colcon_core.package_identification:_identify(src/relbot_launch/__MACOSX) by extensions ['colcon_pkg']
[0.213s] Level 1:colcon.colcon_core.package_identification:_identify(src/relbot_launch/__MACOSX) by extension 'colcon_pkg'
[0.213s] Level 1:colcon.colcon_core.package_identification:_identify(src/relbot_launch/__MACOSX) by extensions ['colcon_meta']
[0.213s] Level 1:colcon.colcon_core.package_identification:_identify(src/relbot_launch/__MACOSX) by extension 'colcon_meta'
[0.213s] Level 1:colcon.colcon_core.package_identification:_identify(src/relbot_launch/__MACOSX) by extensions ['ros']
[0.213s] Level 1:colcon.colcon_core.package_identification:_identify(src/relbot_launch/__MACOSX) by extension 'ros'
[0.213s] Level 1:colcon.colcon_core.package_identification:_identify(src/relbot_launch/__MACOSX) by extensions ['cmake', 'python']
[0.213s] Level 1:colcon.colcon_core.package_identification:_identify(src/relbot_launch/__MACOSX) by extension 'cmake'
[0.213s] Level 1:colcon.colcon_core.package_identification:_identify(src/relbot_launch/__MACOSX) by extension 'python'
[0.213s] Level 1:colcon.colcon_core.package_identification:_identify(src/relbot_launch/__MACOSX) by extensions ['python_setup_py']
[0.213s] Level 1:colcon.colcon_core.package_identification:_identify(src/relbot_launch/__MACOSX) by extension 'python_setup_py'
[0.213s] Level 1:colcon.colcon_core.package_identification:_identify(src/relbot_launch/__MACOSX/relbot_launch) by extensions ['ignore', 'ignore_ament_install']
[0.213s] Level 1:colcon.colcon_core.package_identification:_identify(src/relbot_launch/__MACOSX/relbot_launch) by extension 'ignore'
[0.213s] Level 1:colcon.colcon_core.package_identification:_identify(src/relbot_launch/__MACOSX/relbot_launch) by extension 'ignore_ament_install'
[0.213s] Level 1:colcon.colcon_core.package_identification:_identify(src/relbot_launch/__MACOSX/relbot_launch) by extensions ['colcon_pkg']
[0.213s] Level 1:colcon.colcon_core.package_identification:_identify(src/relbot_launch/__MACOSX/relbot_launch) by extension 'colcon_pkg'
[0.213s] Level 1:colcon.colcon_core.package_identification:_identify(src/relbot_launch/__MACOSX/relbot_launch) by extensions ['colcon_meta']
[0.213s] Level 1:colcon.colcon_core.package_identification:_identify(src/relbot_launch/__MACOSX/relbot_launch) by extension 'colcon_meta'
[0.213s] Level 1:colcon.colcon_core.package_identification:_identify(src/relbot_launch/__MACOSX/relbot_launch) by extensions ['ros']
[0.213s] Level 1:colcon.colcon_core.package_identification:_identify(src/relbot_launch/__MACOSX/relbot_launch) by extension 'ros'
[0.213s] Level 1:colcon.colcon_core.package_identification:_identify(src/relbot_launch/__MACOSX/relbot_launch) by extensions ['cmake', 'python']
[0.213s] Level 1:colcon.colcon_core.package_identification:_identify(src/relbot_launch/__MACOSX/relbot_launch) by extension 'cmake'
[0.213s] Level 1:colcon.colcon_core.package_identification:_identify(src/relbot_launch/__MACOSX/relbot_launch) by extension 'python'
[0.214s] Level 1:colcon.colcon_core.package_identification:_identify(src/relbot_launch/__MACOSX/relbot_launch) by extensions ['python_setup_py']
[0.214s] Level 1:colcon.colcon_core.package_identification:_identify(src/relbot_launch/__MACOSX/relbot_launch) by extension 'python_setup_py'
[0.214s] Level 1:colcon.colcon_core.package_identification:_identify(src/relbot_launch/__MACOSX/relbot_launch/launch) by extensions ['ignore', 'ignore_ament_install']
[0.214s] Level 1:colcon.colcon_core.package_identification:_identify(src/relbot_launch/__MACOSX/relbot_launch/launch) by extension 'ignore'
[0.214s] Level 1:colcon.colcon_core.package_identification:_identify(src/relbot_launch/__MACOSX/relbot_launch/launch) by extension 'ignore_ament_install'
[0.214s] Level 1:colcon.colcon_core.package_identification:_identify(src/relbot_launch/__MACOSX/relbot_launch/launch) by extensions ['colcon_pkg']
[0.214s] Level 1:colcon.colcon_core.package_identification:_identify(src/relbot_launch/__MACOSX/relbot_launch/launch) by extension 'colcon_pkg'
[0.214s] Level 1:colcon.colcon_core.package_identification:_identify(src/relbot_launch/__MACOSX/relbot_launch/launch) by extensions ['colcon_meta']
[0.214s] Level 1:colcon.colcon_core.package_identification:_identify(src/relbot_launch/__MACOSX/relbot_launch/launch) by extension 'colcon_meta'
[0.214s] Level 1:colcon.colcon_core.package_identification:_identify(src/relbot_launch/__MACOSX/relbot_launch/launch) by extensions ['ros']
[0.214s] Level 1:colcon.colcon_core.package_identification:_identify(src/relbot_launch/__MACOSX/relbot_launch/launch) by extension 'ros'
[0.214s] Level 1:colcon.colcon_core.package_identification:_identify(src/relbot_launch/__MACOSX/relbot_launch/launch) by extensions ['cmake', 'python']
[0.214s] Level 1:colcon.colcon_core.package_identification:_identify(src/relbot_launch/__MACOSX/relbot_launch/launch) by extension 'cmake'
[0.214s] Level 1:colcon.colcon_core.package_identification:_identify(src/relbot_launch/__MACOSX/relbot_launch/launch) by extension 'python'
[0.214s] Level 1:colcon.colcon_core.package_identification:_identify(src/relbot_launch/__MACOSX/relbot_launch/launch) by extensions ['python_setup_py']
[0.214s] Level 1:colcon.colcon_core.package_identification:_identify(src/relbot_launch/__MACOSX/relbot_launch/launch) by extension 'python_setup_py'
[0.214s] Level 1:colcon.colcon_core.package_identification:_identify(src/relbot_launch/relbot_launch) by extensions ['ignore', 'ignore_ament_install']
[0.214s] Level 1:colcon.colcon_core.package_identification:_identify(src/relbot_launch/relbot_launch) by extension 'ignore'
[0.214s] Level 1:colcon.colcon_core.package_identification:_identify(src/relbot_launch/relbot_launch) by extension 'ignore_ament_install'
[0.214s] Level 1:colcon.colcon_core.package_identification:_identify(src/relbot_launch/relbot_launch) by extensions ['colcon_pkg']
[0.214s] Level 1:colcon.colcon_core.package_identification:_identify(src/relbot_launch/relbot_launch) by extension 'colcon_pkg'
[0.214s] Level 1:colcon.colcon_core.package_identification:_identify(src/relbot_launch/relbot_launch) by extensions ['colcon_meta']
[0.214s] Level 1:colcon.colcon_core.package_identification:_identify(src/relbot_launch/relbot_launch) by extension 'colcon_meta'
[0.214s] Level 1:colcon.colcon_core.package_identification:_identify(src/relbot_launch/relbot_launch) by extensions ['ros']
[0.214s] Level 1:colcon.colcon_core.package_identification:_identify(src/relbot_launch/relbot_launch) by extension 'ros'
[0.215s] DEBUG:colcon.colcon_core.package_identification:Package 'src/relbot_launch/relbot_launch' with type 'ros.ament_cmake' and name 'relbot_launch'
[0.215s] Level 1:colcon.colcon_core.package_identification:_identify(src/relbot_msgs) by extensions ['ignore', 'ignore_ament_install']
[0.215s] Level 1:colcon.colcon_core.package_identification:_identify(src/relbot_msgs) by extension 'ignore'
[0.215s] Level 1:colcon.colcon_core.package_identification:_identify(src/relbot_msgs) by extension 'ignore_ament_install'
[0.215s] Level 1:colcon.colcon_core.package_identification:_identify(src/relbot_msgs) by extensions ['colcon_pkg']
[0.215s] Level 1:colcon.colcon_core.package_identification:_identify(src/relbot_msgs) by extension 'colcon_pkg'
[0.215s] Level 1:colcon.colcon_core.package_identification:_identify(src/relbot_msgs) by extensions ['colcon_meta']
[0.215s] Level 1:colcon.colcon_core.package_identification:_identify(src/relbot_msgs) by extension 'colcon_meta'
[0.215s] Level 1:colcon.colcon_core.package_identification:_identify(src/relbot_msgs) by extensions ['ros']
[0.215s] Level 1:colcon.colcon_core.package_identification:_identify(src/relbot_msgs) by extension 'ros'
[0.216s] DEBUG:colcon.colcon_core.package_identification:Package 'src/relbot_msgs' with type 'ros.ament_cmake' and name 'relbot_msgs'
[0.216s] Level 1:colcon.colcon_core.package_identification:_identify(src/relbot_sequence_controller) by extensions ['ignore', 'ignore_ament_install']
[0.216s] Level 1:colcon.colcon_core.package_identification:_identify(src/relbot_sequence_controller) by extension 'ignore'
[0.216s] Level 1:colcon.colcon_core.package_identification:_identify(src/relbot_sequence_controller) by extension 'ignore_ament_install'
[0.216s] Level 1:colcon.colcon_core.package_identification:_identify(src/relbot_sequence_controller) by extensions ['colcon_pkg']
[0.216s] Level 1:colcon.colcon_core.package_identification:_identify(src/relbot_sequence_controller) by extension 'colcon_pkg'
[0.216s] Level 1:colcon.colcon_core.package_identification:_identify(src/relbot_sequence_controller) by extensions ['colcon_meta']
[0.216s] Level 1:colcon.colcon_core.package_identification:_identify(src/relbot_sequence_controller) by extension 'colcon_meta'
[0.216s] Level 1:colcon.colcon_core.package_identification:_identify(src/relbot_sequence_controller) by extensions ['ros']
[0.216s] Level 1:colcon.colcon_core.package_identification:_identify(src/relbot_sequence_controller) by extension 'ros'
[0.216s] Level 1:colcon.colcon_core.package_identification:_identify(src/relbot_sequence_controller) by extensions ['cmake', 'python']
[0.216s] Level 1:colcon.colcon_core.package_identification:_identify(src/relbot_sequence_controller) by extension 'cmake'
[0.216s] Level 1:colcon.colcon_core.package_identification:_identify(src/relbot_sequence_controller) by extension 'python'
[0.216s] Level 1:colcon.colcon_core.package_identification:_identify(src/relbot_sequence_controller) by extensions ['python_setup_py']
[0.216s] Level 1:colcon.colcon_core.package_identification:_identify(src/relbot_sequence_controller) by extension 'python_setup_py'
[0.216s] Level 1:colcon.colcon_core.package_identification:_identify(src/relbot_sequence_controller/__MACOSX) by extensions ['ignore', 'ignore_ament_install']
[0.216s] Level 1:colcon.colcon_core.package_identification:_identify(src/relbot_sequence_controller/__MACOSX) by extension 'ignore'
[0.216s] Level 1:colcon.colcon_core.package_identification:_identify(src/relbot_sequence_controller/__MACOSX) by extension 'ignore_ament_install'
[0.216s] Level 1:colcon.colcon_core.package_identification:_identify(src/relbot_sequence_controller/__MACOSX) by extensions ['colcon_pkg']
[0.216s] Level 1:colcon.colcon_core.package_identification:_identify(src/relbot_sequence_controller/__MACOSX) by extension 'colcon_pkg'
[0.216s] Level 1:colcon.colcon_core.package_identification:_identify(src/relbot_sequence_controller/__MACOSX) by extensions ['colcon_meta']
[0.216s] Level 1:colcon.colcon_core.package_identification:_identify(src/relbot_sequence_controller/__MACOSX) by extension 'colcon_meta'
[0.216s] Level 1:colcon.colcon_core.package_identification:_identify(src/relbot_sequence_controller/__MACOSX) by extensions ['ros']
[0.216s] Level 1:colcon.colcon_core.package_identification:_identify(src/relbot_sequence_controller/__MACOSX) by extension 'ros'
[0.216s] Level 1:colcon.colcon_core.package_identification:_identify(src/relbot_sequence_controller/__MACOSX) by extensions ['cmake', 'python']
[0.216s] Level 1:colcon.colcon_core.package_identification:_identify(src/relbot_sequence_controller/__MACOSX) by extension 'cmake'
[0.216s] Level 1:colcon.colcon_core.package_identification:_identify(src/relbot_sequence_controller/__MACOSX) by extension 'python'
[0.216s] Level 1:colcon.colcon_core.package_identification:_identify(src/relbot_sequence_controller/__MACOSX) by extensions ['python_setup_py']
[0.217s] Level 1:colcon.colcon_core.package_identification:_identify(src/relbot_sequence_controller/__MACOSX) by extension 'python_setup_py'
[0.217s] Level 1:colcon.colcon_core.package_identification:_identify(src/relbot_sequence_controller/__MACOSX/relbot_sequence_controller) by extensions ['ignore', 'ignore_ament_install']
[0.217s] Level 1:colcon.colcon_core.package_identification:_identify(src/relbot_sequence_controller/__MACOSX/relbot_sequence_controller) by extension 'ignore'
[0.217s] Level 1:colcon.colcon_core.package_identification:_identify(src/relbot_sequence_controller/__MACOSX/relbot_sequence_controller) by extension 'ignore_ament_install'
[0.217s] Level 1:colcon.colcon_core.package_identification:_identify(src/relbot_sequence_controller/__MACOSX/relbot_sequence_controller) by extensions ['colcon_pkg']
[0.217s] Level 1:colcon.colcon_core.package_identification:_identify(src/relbot_sequence_controller/__MACOSX/relbot_sequence_controller) by extension 'colcon_pkg'
[0.217s] Level 1:colcon.colcon_core.package_identification:_identify(src/relbot_sequence_controller/__MACOSX/relbot_sequence_controller) by extensions ['colcon_meta']
[0.217s] Level 1:colcon.colcon_core.package_identification:_identify(src/relbot_sequence_controller/__MACOSX/relbot_sequence_controller) by extension 'colcon_meta'
[0.217s] Level 1:colcon.colcon_core.package_identification:_identify(src/relbot_sequence_controller/__MACOSX/relbot_sequence_controller) by extensions ['ros']
[0.217s] Level 1:colcon.colcon_core.package_identification:_identify(src/relbot_sequence_controller/__MACOSX/relbot_sequence_controller) by extension 'ros'
[0.217s] Level 1:colcon.colcon_core.package_identification:_identify(src/relbot_sequence_controller/__MACOSX/relbot_sequence_controller) by extensions ['cmake', 'python']
[0.217s] Level 1:colcon.colcon_core.package_identification:_identify(src/relbot_sequence_controller/__MACOSX/relbot_sequence_controller) by extension 'cmake'
[0.217s] Level 1:colcon.colcon_core.package_identification:_identify(src/relbot_sequence_controller/__MACOSX/relbot_sequence_controller) by extension 'python'
[0.217s] Level 1:colcon.colcon_core.package_identification:_identify(src/relbot_sequence_controller/__MACOSX/relbot_sequence_controller) by extensions ['python_setup_py']
[0.217s] Level 1:colcon.colcon_core.package_identification:_identify(src/relbot_sequence_controller/__MACOSX/relbot_sequence_controller) by extension 'python_setup_py'
[0.217s] Level 1:colcon.colcon_core.package_identification:_identify(src/relbot_sequence_controller/__MACOSX/relbot_sequence_controller/include) by extensions ['ignore', 'ignore_ament_install']
[0.217s] Level 1:colcon.colcon_core.package_identification:_identify(src/relbot_sequence_controller/__MACOSX/relbot_sequence_controller/include) by extension 'ignore'
[0.217s] Level 1:colcon.colcon_core.package_identification:_identify(src/relbot_sequence_controller/__MACOSX/relbot_sequence_controller/include) by extension 'ignore_ament_install'
[0.217s] Level 1:colcon.colcon_core.package_identification:_identify(src/relbot_sequence_controller/__MACOSX/relbot_sequence_controller/include) by extensions ['colcon_pkg']
[0.217s] Level 1:colcon.colcon_core.package_identification:_identify(src/relbot_sequence_controller/__MACOSX/relbot_sequence_controller/include) by extension 'colcon_pkg'
[0.217s] Level 1:colcon.colcon_core.package_identification:_identify(src/relbot_sequence_controller/__MACOSX/relbot_sequence_controller/include) by extensions ['colcon_meta']
[0.217s] Level 1:colcon.colcon_core.package_identification:_identify(src/relbot_sequence_controller/__MACOSX/relbot_sequence_controller/include) by extension 'colcon_meta'
[0.217s] Level 1:colcon.colcon_core.package_identification:_identify(src/relbot_sequence_controller/__MACOSX/relbot_sequence_controller/include) by extensions ['ros']
[0.217s] Level 1:colcon.colcon_core.package_identification:_identify(src/relbot_sequence_controller/__MACOSX/relbot_sequence_controller/include) by extension 'ros'
[0.217s] Level 1:colcon.colcon_core.package_identification:_identify(src/relbot_sequence_controller/__MACOSX/relbot_sequence_controller/include) by extensions ['cmake', 'python']
[0.217s] Level 1:colcon.colcon_core.package_identification:_identify(src/relbot_sequence_controller/__MACOSX/relbot_sequence_controller/include) by extension 'cmake'
[0.217s] Level 1:colcon.colcon_core.package_identification:_identify(src/relbot_sequence_controller/__MACOSX/relbot_sequence_controller/include) by extension 'python'
[0.218s] Level 1:colcon.colcon_core.package_identification:_identify(src/relbot_sequence_controller/__MACOSX/relbot_sequence_controller/include) by extensions ['python_setup_py']
[0.218s] Level 1:colcon.colcon_core.package_identification:_identify(src/relbot_sequence_controller/__MACOSX/relbot_sequence_controller/include) by extension 'python_setup_py'
[0.218s] Level 1:colcon.colcon_core.package_identification:_identify(src/relbot_sequence_controller/relbot_sequence_controller) by extensions ['ignore', 'ignore_ament_install']
[0.218s] Level 1:colcon.colcon_core.package_identification:_identify(src/relbot_sequence_controller/relbot_sequence_controller) by extension 'ignore'
[0.218s] Level 1:colcon.colcon_core.package_identification:_identify(src/relbot_sequence_controller/relbot_sequence_controller) by extension 'ignore_ament_install'
[0.218s] Level 1:colcon.colcon_core.package_identification:_identify(src/relbot_sequence_controller/relbot_sequence_controller) by extensions ['colcon_pkg']
[0.218s] Level 1:colcon.colcon_core.package_identification:_identify(src/relbot_sequence_controller/relbot_sequence_controller) by extension 'colcon_pkg'
[0.218s] Level 1:colcon.colcon_core.package_identification:_identify(src/relbot_sequence_controller/relbot_sequence_controller) by extensions ['colcon_meta']
[0.218s] Level 1:colcon.colcon_core.package_identification:_identify(src/relbot_sequence_controller/relbot_sequence_controller) by extension 'colcon_meta'
[0.218s] Level 1:colcon.colcon_core.package_identification:_identify(src/relbot_sequence_controller/relbot_sequence_controller) by extensions ['ros']
[0.218s] Level 1:colcon.colcon_core.package_identification:_identify(src/relbot_sequence_controller/relbot_sequence_controller) by extension 'ros'
[0.218s] DEBUG:colcon.colcon_core.package_identification:Package 'src/relbot_sequence_controller/relbot_sequence_controller' with type 'ros.ament_cmake' and name 'relbot_sequence_controller'
[0.218s] Level 1:colcon.colcon_core.package_identification:_identify(src/relbot_simulator) by extensions ['ignore', 'ignore_ament_install']
[0.219s] Level 1:colcon.colcon_core.package_identification:_identify(src/relbot_simulator) by extension 'ignore'
[0.219s] Level 1:colcon.colcon_core.package_identification:_identify(src/relbot_simulator) by extension 'ignore_ament_install'
[0.219s] Level 1:colcon.colcon_core.package_identification:_identify(src/relbot_simulator) by extensions ['colcon_pkg']
[0.219s] Level 1:colcon.colcon_core.package_identification:_identify(src/relbot_simulator) by extension 'colcon_pkg'
[0.219s] Level 1:colcon.colcon_core.package_identification:_identify(src/relbot_simulator) by extensions ['colcon_meta']
[0.219s] Level 1:colcon.colcon_core.package_identification:_identify(src/relbot_simulator) by extension 'colcon_meta'
[0.219s] Level 1:colcon.colcon_core.package_identification:_identify(src/relbot_simulator) by extensions ['ros']
[0.219s] Level 1:colcon.colcon_core.package_identification:_identify(src/relbot_simulator) by extension 'ros'
[0.219s] DEBUG:colcon.colcon_core.package_identification:Package 'src/relbot_simulator' with type 'ros.ament_cmake' and name 'relbot_simulator'
[0.219s] Level 1:colcon.colcon_core.package_discovery:discover_packages(recursive) using defaults
[0.220s] Level 1:colcon.colcon_core.package_discovery:discover_packages(ignore) discover
[0.220s] Level 1:colcon.colcon_core.package_discovery:discover_packages(ignore) using defaults
[0.220s] Level 1:colcon.colcon_core.package_discovery:discover_packages(path) discover
[0.220s] Level 1:colcon.colcon_core.package_discovery:discover_packages(path) using defaults
[0.235s] Level 1:colcon.colcon_core.package_discovery:discover_packages(prefix_path) check parameters
[0.235s] Level 1:colcon.colcon_core.package_discovery:discover_packages(prefix_path) discover
[0.237s] DEBUG:colcon.colcon_installed_package_information.package_discovery:Found 272 installed packages in /opt/ros/humble
[0.244s] Level 1:colcon.colcon_core.package_discovery:discover_packages(prefix_path) using defaults
[0.273s] Level 5:colcon.colcon_core.verb:set package 'relbot2turtlesim' build argument 'cmake_args' from command line to 'None'
[0.273s] Level 5:colcon.colcon_core.verb:set package 'relbot2turtlesim' build argument 'cmake_target' from command line to 'None'
[0.273s] Level 5:colcon.colcon_core.verb:set package 'relbot2turtlesim' build argument 'cmake_target_skip_unavailable' from command line to 'False'
[0.273s] Level 5:colcon.colcon_core.verb:set package 'relbot2turtlesim' build argument 'cmake_clean_cache' from command line to 'False'
[0.273s] Level 5:colcon.colcon_core.verb:set package 'relbot2turtlesim' build argument 'cmake_clean_first' from command line to 'False'
[0.273s] Level 5:colcon.colcon_core.verb:set package 'relbot2turtlesim' build argument 'cmake_force_configure' from command line to 'False'
[0.273s] Level 5:colcon.colcon_core.verb:set package 'relbot2turtlesim' build argument 'ament_cmake_args' from command line to 'None'
[0.273s] Level 5:colcon.colcon_core.verb:set package 'relbot2turtlesim' build argument 'catkin_cmake_args' from command line to 'None'
[0.273s] Level 5:colcon.colcon_core.verb:set package 'relbot2turtlesim' build argument 'catkin_skip_building_tests' from command line to 'False'
[0.273s] DEBUG:colcon.colcon_core.verb:Building package 'relbot2turtlesim' with the following arguments: {'ament_cmake_args': None, 'build_base': '/home/srik/ros_ubuntu/ros2_ws/build/relbot2turtlesim', 'catkin_cmake_args': None, 'catkin_skip_building_tests': False, 'cmake_args': None, 'cmake_clean_cache': False, 'cmake_clean_first': False, 'cmake_force_configure': False, 'cmake_target': None, 'cmake_target_skip_unavailable': False, 'install_base': '/home/srik/ros_ubuntu/ros2_ws/install/relbot2turtlesim', 'merge_install': False, 'path': '/home/srik/ros_ubuntu/ros2_ws/src/relbot2turtlesim/relbot2turtlesim', 'symlink_install': False, 'test_result_base': None}
[0.274s] Level 5:colcon.colcon_core.verb:set package 'relbot_adapter' build argument 'cmake_args' from command line to 'None'
[0.274s] Level 5:colcon.colcon_core.verb:set package 'relbot_adapter' build argument 'cmake_target' from command line to 'None'
[0.274s] Level 5:colcon.colcon_core.verb:set package 'relbot_adapter' build argument 'cmake_target_skip_unavailable' from command line to 'False'
[0.274s] Level 5:colcon.colcon_core.verb:set package 'relbot_adapter' build argument 'cmake_clean_cache' from command line to 'False'
[0.274s] Level 5:colcon.colcon_core.verb:set package 'relbot_adapter' build argument 'cmake_clean_first' from command line to 'False'
[0.274s] Level 5:colcon.colcon_core.verb:set package 'relbot_adapter' build argument 'cmake_force_configure' from command line to 'False'
[0.274s] Level 5:colcon.colcon_core.verb:set package 'relbot_adapter' build argument 'ament_cmake_args' from command line to 'None'
[0.274s] Level 5:colcon.colcon_core.verb:set package 'relbot_adapter' build argument 'catkin_cmake_args' from command line to 'None'
[0.274s] Level 5:colcon.colcon_core.verb:set package 'relbot_adapter' build argument 'catkin_skip_building_tests' from command line to 'False'
[0.274s] DEBUG:colcon.colcon_core.verb:Building package 'relbot_adapter' with the following arguments: {'ament_cmake_args': None, 'build_base': '/home/srik/ros_ubuntu/ros2_ws/build/relbot_adapter', 'catkin_cmake_args': None, 'catkin_skip_building_tests': False, 'cmake_args': None, 'cmake_clean_cache': False, 'cmake_clean_first': False, 'cmake_force_configure': False, 'cmake_target': None, 'cmake_target_skip_unavailable': False, 'install_base': '/home/srik/ros_ubuntu/ros2_ws/install/relbot_adapter', 'merge_install': False, 'path': '/home/srik/ros_ubuntu/ros2_ws/src/relbot_adapter', 'symlink_install': False, 'test_result_base': None}
[0.274s] Level 5:colcon.colcon_core.verb:set package 'relbot_launch' build argument 'cmake_args' from command line to 'None'
[0.274s] Level 5:colcon.colcon_core.verb:set package 'relbot_launch' build argument 'cmake_target' from command line to 'None'
[0.274s] Level 5:colcon.colcon_core.verb:set package 'relbot_launch' build argument 'cmake_target_skip_unavailable' from command line to 'False'
[0.274s] Level 5:colcon.colcon_core.verb:set package 'relbot_launch' build argument 'cmake_clean_cache' from command line to 'False'
[0.274s] Level 5:colcon.colcon_core.verb:set package 'relbot_launch' build argument 'cmake_clean_first' from command line to 'False'
[0.274s] Level 5:colcon.colcon_core.verb:set package 'relbot_launch' build argument 'cmake_force_configure' from command line to 'False'
[0.274s] Level 5:colcon.colcon_core.verb:set package 'relbot_launch' build argument 'ament_cmake_args' from command line to 'None'
[0.274s] Level 5:colcon.colcon_core.verb:set package 'relbot_launch' build argument 'catkin_cmake_args' from command line to 'None'
[0.274s] Level 5:colcon.colcon_core.verb:set package 'relbot_launch' build argument 'catkin_skip_building_tests' from command line to 'False'
[0.274s] DEBUG:colcon.colcon_core.verb:Building package 'relbot_launch' with the following arguments: {'ament_cmake_args': None, 'build_base': '/home/srik/ros_ubuntu/ros2_ws/build/relbot_launch', 'catkin_cmake_args': None, 'catkin_skip_building_tests': False, 'cmake_args': None, 'cmake_clean_cache': False, 'cmake_clean_first': False, 'cmake_force_configure': False, 'cmake_target': None, 'cmake_target_skip_unavailable': False, 'install_base': '/home/srik/ros_ubuntu/ros2_ws/install/relbot_launch', 'merge_install': False, 'path': '/home/srik/ros_ubuntu/ros2_ws/src/relbot_launch/relbot_launch', 'symlink_install': False, 'test_result_base': None}
[0.275s] Level 5:colcon.colcon_core.verb:set package 'relbot_msgs' build argument 'cmake_args' from command line to 'None'
[0.275s] Level 5:colcon.colcon_core.verb:set package 'relbot_msgs' build argument 'cmake_target' from command line to 'None'
[0.275s] Level 5:colcon.colcon_core.verb:set package 'relbot_msgs' build argument 'cmake_target_skip_unavailable' from command line to 'False'
[0.275s] Level 5:colcon.colcon_core.verb:set package 'relbot_msgs' build argument 'cmake_clean_cache' from command line to 'False'
[0.275s] Level 5:colcon.colcon_core.verb:set package 'relbot_msgs' build argument 'cmake_clean_first' from command line to 'False'
[0.275s] Level 5:colcon.colcon_core.verb:set package 'relbot_msgs' build argument 'cmake_force_configure' from command line to 'False'
[0.275s] Level 5:colcon.colcon_core.verb:set package 'relbot_msgs' build argument 'ament_cmake_args' from command line to 'None'
[0.275s] Level 5:colcon.colcon_core.verb:set package 'relbot_msgs' build argument 'catkin_cmake_args' from command line to 'None'
[0.275s] Level 5:colcon.colcon_core.verb:set package 'relbot_msgs' build argument 'catkin_skip_building_tests' from command line to 'False'
[0.275s] DEBUG:colcon.colcon_core.verb:Building package 'relbot_msgs' with the following arguments: {'ament_cmake_args': None, 'build_base': '/home/srik/ros_ubuntu/ros2_ws/build/relbot_msgs', 'catkin_cmake_args': None, 'catkin_skip_building_tests': False, 'cmake_args': None, 'cmake_clean_cache': False, 'cmake_clean_first': False, 'cmake_force_configure': False, 'cmake_target': None, 'cmake_target_skip_unavailable': False, 'install_base': '/home/srik/ros_ubuntu/ros2_ws/install/relbot_msgs', 'merge_install': False, 'path': '/home/srik/ros_ubuntu/ros2_ws/src/relbot_msgs', 'symlink_install': False, 'test_result_base': None}
[0.275s] Level 5:colcon.colcon_core.verb:set package 'relbot_sequence_controller' build argument 'cmake_args' from command line to 'None'
[0.275s] Level 5:colcon.colcon_core.verb:set package 'relbot_sequence_controller' build argument 'cmake_target' from command line to 'None'
[0.275s] Level 5:colcon.colcon_core.verb:set package 'relbot_sequence_controller' build argument 'cmake_target_skip_unavailable' from command line to 'False'
[0.275s] Level 5:colcon.colcon_core.verb:set package 'relbot_sequence_controller' build argument 'cmake_clean_cache' from command line to 'False'
[0.275s] Level 5:colcon.colcon_core.verb:set package 'relbot_sequence_controller' build argument 'cmake_clean_first' from command line to 'False'
[0.275s] Level 5:colcon.colcon_core.verb:set package 'relbot_sequence_controller' build argument 'cmake_force_configure' from command line to 'False'
[0.275s] Level 5:colcon.colcon_core.verb:set package 'relbot_sequence_controller' build argument 'ament_cmake_args' from command line to 'None'
[0.275s] Level 5:colcon.colcon_core.verb:set package 'relbot_sequence_controller' build argument 'catkin_cmake_args' from command line to 'None'
[0.275s] Level 5:colcon.colcon_core.verb:set package 'relbot_sequence_controller' build argument 'catkin_skip_building_tests' from command line to 'False'
[0.275s] DEBUG:colcon.colcon_core.verb:Building package 'relbot_sequence_controller' with the following arguments: {'ament_cmake_args': None, 'build_base': '/home/srik/ros_ubuntu/ros2_ws/build/relbot_sequence_controller', 'catkin_cmake_args': None, 'catkin_skip_building_tests': False, 'cmake_args': None, 'cmake_clean_cache': False, 'cmake_clean_first': False, 'cmake_force_configure': False, 'cmake_target': None, 'cmake_target_skip_unavailable': False, 'install_base': '/home/srik/ros_ubuntu/ros2_ws/install/relbot_sequence_controller', 'merge_install': False, 'path': '/home/srik/ros_ubuntu/ros2_ws/src/relbot_sequence_controller/relbot_sequence_controller', 'symlink_install': False, 'test_result_base': None}
[0.276s] Level 5:colcon.colcon_core.verb:set package 'relbot_simulator' build argument 'cmake_args' from command line to 'None'
[0.276s] Level 5:colcon.colcon_core.verb:set package 'relbot_simulator' build argument 'cmake_target' from command line to 'None'
[0.276s] Level 5:colcon.colcon_core.verb:set package 'relbot_simulator' build argument 'cmake_target_skip_unavailable' from command line to 'False'
[0.276s] Level 5:colcon.colcon_core.verb:set package 'relbot_simulator' build argument 'cmake_clean_cache' from command line to 'False'
[0.276s] Level 5:colcon.colcon_core.verb:set package 'relbot_simulator' build argument 'cmake_clean_first' from command line to 'False'
[0.276s] Level 5:colcon.colcon_core.verb:set package 'relbot_simulator' build argument 'cmake_force_configure' from command line to 'False'
[0.276s] Level 5:colcon.colcon_core.verb:set package 'relbot_simulator' build argument 'ament_cmake_args' from command line to 'None'
[0.276s] Level 5:colcon.colcon_core.verb:set package 'relbot_simulator' build argument 'catkin_cmake_args' from command line to 'None'
[0.276s] Level 5:colcon.colcon_core.verb:set package 'relbot_simulator' build argument 'catkin_skip_building_tests' from command line to 'False'
[0.276s] DEBUG:colcon.colcon_core.verb:Building package 'relbot_simulator' with the following arguments: {'ament_cmake_args': None, 'build_base': '/home/srik/ros_ubuntu/ros2_ws/build/relbot_simulator', 'catkin_cmake_args': None, 'catkin_skip_building_tests': False, 'cmake_args': None, 'cmake_clean_cache': False, 'cmake_clean_first': False, 'cmake_force_configure': False, 'cmake_target': None, 'cmake_target_skip_unavailable': False, 'install_base': '/home/srik/ros_ubuntu/ros2_ws/install/relbot_simulator', 'merge_install': False, 'path': '/home/srik/ros_ubuntu/ros2_ws/src/relbot_simulator', 'symlink_install': False, 'test_result_base': None}
[0.276s] INFO:colcon.colcon_core.executor:Executing jobs using 'parallel' executor
[0.277s] DEBUG:colcon.colcon_parallel_executor.executor.parallel:run_until_complete
[0.277s] INFO:colcon.colcon_ros.task.ament_cmake.build:Building ROS package in '/home/srik/ros_ubuntu/ros2_ws/src/relbot_msgs' with build type 'ament_cmake'
[0.277s] INFO:colcon.colcon_cmake.task.cmake.build:Building CMake package in '/home/srik/ros_ubuntu/ros2_ws/src/relbot_msgs'
[0.279s] INFO:colcon.colcon_core.plugin_system:Skipping extension 'colcon_core.shell.bat': Not used on non-Windows systems
[0.279s] INFO:colcon.colcon_core.shell:Skip shell extension 'powershell' for command environment: Not usable outside of PowerShell
[0.279s] DEBUG:colcon.colcon_core.shell:Skip shell extension 'dsv' for command environment
[0.282s] INFO:colcon.colcon_ros.task.ament_cmake.build:Building ROS package in '/home/srik/ros_ubuntu/ros2_ws/src/relbot2turtlesim/relbot2turtlesim' with build type 'ament_cmake'
[0.282s] INFO:colcon.colcon_cmake.task.cmake.build:Building CMake package in '/home/srik/ros_ubuntu/ros2_ws/src/relbot2turtlesim/relbot2turtlesim'
[0.282s] INFO:colcon.colcon_core.shell:Skip shell extension 'powershell' for command environment: Not usable outside of PowerShell
[0.282s] DEBUG:colcon.colcon_core.shell:Skip shell extension 'dsv' for command environment
[0.284s] INFO:colcon.colcon_ros.task.ament_cmake.build:Building ROS package in '/home/srik/ros_ubuntu/ros2_ws/src/relbot_adapter' with build type 'ament_cmake'
[0.285s] INFO:colcon.colcon_cmake.task.cmake.build:Building CMake package in '/home/srik/ros_ubuntu/ros2_ws/src/relbot_adapter'
[0.285s] INFO:colcon.colcon_core.shell:Skip shell extension 'powershell' for command environment: Not usable outside of PowerShell
[0.285s] DEBUG:colcon.colcon_core.shell:Skip shell extension 'dsv' for command environment
[0.287s] INFO:colcon.colcon_ros.task.ament_cmake.build:Building ROS package in '/home/srik/ros_ubuntu/ros2_ws/src/relbot_launch/relbot_launch' with build type 'ament_cmake'
[0.287s] INFO:colcon.colcon_cmake.task.cmake.build:Building CMake package in '/home/srik/ros_ubuntu/ros2_ws/src/relbot_launch/relbot_launch'
[0.288s] INFO:colcon.colcon_core.shell:Skip shell extension 'powershell' for command environment: Not usable outside of PowerShell
[0.288s] DEBUG:colcon.colcon_core.shell:Skip shell extension 'dsv' for command environment
[0.290s] INFO:colcon.colcon_ros.task.ament_cmake.build:Building ROS package in '/home/srik/ros_ubuntu/ros2_ws/src/relbot_sequence_controller/relbot_sequence_controller' with build type 'ament_cmake'
[0.290s] INFO:colcon.colcon_cmake.task.cmake.build:Building CMake package in '/home/srik/ros_ubuntu/ros2_ws/src/relbot_sequence_controller/relbot_sequence_controller'
[0.290s] INFO:colcon.colcon_core.shell:Skip shell extension 'powershell' for command environment: Not usable outside of PowerShell
[0.290s] DEBUG:colcon.colcon_core.shell:Skip shell extension 'dsv' for command environment
[0.296s] DEBUG:colcon.colcon_core.event_handler.log_command:Invoking command in '/home/srik/ros_ubuntu/ros2_ws/build/relbot_msgs': CMAKE_PREFIX_PATH=/opt/ros/humble DEBUGINFOD_URLS=https://debuginfod.archlinux.org https://debuginfod.cachyos.org /usr/bin/cmake --build /home/srik/ros_ubuntu/ros2_ws/build/relbot_msgs -- -j32 -l32
[0.300s] DEBUG:colcon.colcon_core.event_handler.log_command:Invoking command in '/home/srik/ros_ubuntu/ros2_ws/build/relbot2turtlesim': CMAKE_PREFIX_PATH=/opt/ros/humble DEBUGINFOD_URLS=https://debuginfod.archlinux.org https://debuginfod.cachyos.org /usr/bin/cmake --build /home/srik/ros_ubuntu/ros2_ws/build/relbot2turtlesim -- -j32 -l32
[0.301s] DEBUG:colcon.colcon_core.event_handler.log_command:Invoking command in '/home/srik/ros_ubuntu/ros2_ws/build/relbot_adapter': CMAKE_PREFIX_PATH=/opt/ros/humble DEBUGINFOD_URLS=https://debuginfod.archlinux.org https://debuginfod.cachyos.org /usr/bin/cmake --build /home/srik/ros_ubuntu/ros2_ws/build/relbot_adapter -- -j32 -l32
[0.303s] DEBUG:colcon.colcon_core.event_handler.log_command:Invoking command in '/home/srik/ros_ubuntu/ros2_ws/build/relbot_launch': CMAKE_PREFIX_PATH=/opt/ros/humble DEBUGINFOD_URLS=https://debuginfod.archlinux.org https://debuginfod.cachyos.org /usr/bin/cmake --build /home/srik/ros_ubuntu/ros2_ws/build/relbot_launch -- -j32 -l32
[0.306s] DEBUG:colcon.colcon_core.event_handler.log_command:Invoking command in '/home/srik/ros_ubuntu/ros2_ws/build/relbot_sequence_controller': CMAKE_PREFIX_PATH=/opt/ros/humble DEBUGINFOD_URLS=https://debuginfod.archlinux.org https://debuginfod.cachyos.org /usr/bin/cmake --build /home/srik/ros_ubuntu/ros2_ws/build/relbot_sequence_controller -- -j32 -l32
[0.325s] DEBUG:colcon.colcon_core.event_handler.log_command:Invoked command in '/home/srik/ros_ubuntu/ros2_ws/build/relbot_launch' returned '0': CMAKE_PREFIX_PATH=/opt/ros/humble DEBUGINFOD_URLS=https://debuginfod.archlinux.org https://debuginfod.cachyos.org /usr/bin/cmake --build /home/srik/ros_ubuntu/ros2_ws/build/relbot_launch -- -j32 -l32
[0.331s] DEBUG:colcon.colcon_core.event_handler.log_command:Invoking command in '/home/srik/ros_ubuntu/ros2_ws/build/relbot_launch': CMAKE_PREFIX_PATH=/opt/ros/humble DEBUGINFOD_URLS=https://debuginfod.archlinux.org https://debuginfod.cachyos.org /usr/bin/cmake --install /home/srik/ros_ubuntu/ros2_ws/build/relbot_launch
[0.337s] Level 1:colcon.colcon_core.environment:create_environment_scripts_only(relbot_launch)
[0.338s] DEBUG:colcon.colcon_core.event_handler.log_command:Invoked command in '/home/srik/ros_ubuntu/ros2_ws/build/relbot_launch' returned '0': CMAKE_PREFIX_PATH=/opt/ros/humble DEBUGINFOD_URLS=https://debuginfod.archlinux.org https://debuginfod.cachyos.org /usr/bin/cmake --install /home/srik/ros_ubuntu/ros2_ws/build/relbot_launch
[0.341s] Level 1:colcon.colcon_core.environment:checking '/home/srik/ros_ubuntu/ros2_ws/install/relbot_launch' for CMake module files
[0.343s] Level 1:colcon.colcon_core.environment:checking '/home/srik/ros_ubuntu/ros2_ws/install/relbot_launch' for CMake config files
[0.343s] Level 1:colcon.colcon_core.shell:create_environment_hook('relbot_launch', 'cmake_prefix_path')
[0.343s] INFO:colcon.colcon_core.shell:Creating environment hook '/home/srik/ros_ubuntu/ros2_ws/install/relbot_launch/share/relbot_launch/hook/cmake_prefix_path.ps1'
[0.344s] INFO:colcon.colcon_core.shell:Creating environment descriptor '/home/srik/ros_ubuntu/ros2_ws/install/relbot_launch/share/relbot_launch/hook/cmake_prefix_path.dsv'
[0.345s] INFO:colcon.colcon_core.shell:Creating environment hook '/home/srik/ros_ubuntu/ros2_ws/install/relbot_launch/share/relbot_launch/hook/cmake_prefix_path.sh'
[0.346s] Level 1:colcon.colcon_core.environment:checking '/home/srik/ros_ubuntu/ros2_ws/install/relbot_launch/bin'
[0.346s] Level 1:colcon.colcon_core.environment:checking '/home/srik/ros_ubuntu/ros2_ws/install/relbot_launch/lib/pkgconfig/relbot_launch.pc'
[0.346s] Level 1:colcon.colcon_core.environment:checking '/home/srik/ros_ubuntu/ros2_ws/install/relbot_launch/lib/python3.10/site-packages'
[0.346s] Level 1:colcon.colcon_core.environment:checking '/home/srik/ros_ubuntu/ros2_ws/install/relbot_launch/bin'
[0.347s] INFO:colcon.colcon_core.shell:Creating package script '/home/srik/ros_ubuntu/ros2_ws/install/relbot_launch/share/relbot_launch/package.ps1'
[0.348s] INFO:colcon.colcon_core.shell:Creating package descriptor '/home/srik/ros_ubuntu/ros2_ws/install/relbot_launch/share/relbot_launch/package.dsv'
[0.349s] INFO:colcon.colcon_core.shell:Creating package script '/home/srik/ros_ubuntu/ros2_ws/install/relbot_launch/share/relbot_launch/package.sh'
[0.349s] INFO:colcon.colcon_core.shell:Creating package script '/home/srik/ros_ubuntu/ros2_ws/install/relbot_launch/share/relbot_launch/package.bash'
[0.350s] INFO:colcon.colcon_core.shell:Creating package script '/home/srik/ros_ubuntu/ros2_ws/install/relbot_launch/share/relbot_launch/package.zsh'
[0.351s] Level 1:colcon.colcon_core.environment:create_file_with_runtime_dependencies(/home/srik/ros_ubuntu/ros2_ws/install/relbot_launch/share/colcon-core/packages/relbot_launch)
[0.351s] Level 1:colcon.colcon_core.environment:create_environment_scripts_only(relbot_launch)
[0.352s] Level 1:colcon.colcon_core.environment:checking '/home/srik/ros_ubuntu/ros2_ws/install/relbot_launch' for CMake module files
[0.352s] Level 1:colcon.colcon_core.environment:checking '/home/srik/ros_ubuntu/ros2_ws/install/relbot_launch' for CMake config files
[0.352s] Level 1:colcon.colcon_core.shell:create_environment_hook('relbot_launch', 'cmake_prefix_path')
[0.353s] INFO:colcon.colcon_core.shell:Creating environment hook '/home/srik/ros_ubuntu/ros2_ws/install/relbot_launch/share/relbot_launch/hook/cmake_prefix_path.ps1'
[0.353s] INFO:colcon.colcon_core.shell:Creating environment descriptor '/home/srik/ros_ubuntu/ros2_ws/install/relbot_launch/share/relbot_launch/hook/cmake_prefix_path.dsv'
[0.353s] INFO:colcon.colcon_core.shell:Creating environment hook '/home/srik/ros_ubuntu/ros2_ws/install/relbot_launch/share/relbot_launch/hook/cmake_prefix_path.sh'
[0.354s] Level 1:colcon.colcon_core.environment:checking '/home/srik/ros_ubuntu/ros2_ws/install/relbot_launch/bin'
[0.354s] Level 1:colcon.colcon_core.environment:checking '/home/srik/ros_ubuntu/ros2_ws/install/relbot_launch/lib/pkgconfig/relbot_launch.pc'
[0.354s] Level 1:colcon.colcon_core.environment:checking '/home/srik/ros_ubuntu/ros2_ws/install/relbot_launch/lib/python3.10/site-packages'
[0.355s] Level 1:colcon.colcon_core.environment:checking '/home/srik/ros_ubuntu/ros2_ws/install/relbot_launch/bin'
[0.355s] INFO:colcon.colcon_core.shell:Creating package script '/home/srik/ros_ubuntu/ros2_ws/install/relbot_launch/share/relbot_launch/package.ps1'
[0.355s] INFO:colcon.colcon_core.shell:Creating package descriptor '/home/srik/ros_ubuntu/ros2_ws/install/relbot_launch/share/relbot_launch/package.dsv'
[0.356s] INFO:colcon.colcon_core.shell:Creating package script '/home/srik/ros_ubuntu/ros2_ws/install/relbot_launch/share/relbot_launch/package.sh'
[0.356s] INFO:colcon.colcon_core.shell:Creating package script '/home/srik/ros_ubuntu/ros2_ws/install/relbot_launch/share/relbot_launch/package.bash'
[0.357s] INFO:colcon.colcon_core.shell:Creating package script '/home/srik/ros_ubuntu/ros2_ws/install/relbot_launch/share/relbot_launch/package.zsh'
[0.357s] Level 1:colcon.colcon_core.environment:create_file_with_runtime_dependencies(/home/srik/ros_ubuntu/ros2_ws/install/relbot_launch/share/colcon-core/packages/relbot_launch)
[0.360s] DEBUG:colcon.colcon_core.event_handler.log_command:Invoked command in '/home/srik/ros_ubuntu/ros2_ws/build/relbot2turtlesim' returned '0': CMAKE_PREFIX_PATH=/opt/ros/humble DEBUGINFOD_URLS=https://debuginfod.archlinux.org https://debuginfod.cachyos.org /usr/bin/cmake --build /home/srik/ros_ubuntu/ros2_ws/build/relbot2turtlesim -- -j32 -l32
[0.361s] DEBUG:colcon.colcon_core.event_handler.log_command:Invoking command in '/home/srik/ros_ubuntu/ros2_ws/build/relbot2turtlesim': CMAKE_PREFIX_PATH=/opt/ros/humble DEBUGINFOD_URLS=https://debuginfod.archlinux.org https://debuginfod.cachyos.org /usr/bin/cmake --install /home/srik/ros_ubuntu/ros2_ws/build/relbot2turtlesim
[0.361s] DEBUG:colcon.colcon_core.event_handler.log_command:Invoked command in '/home/srik/ros_ubuntu/ros2_ws/build/relbot_adapter' returned '0': CMAKE_PREFIX_PATH=/opt/ros/humble DEBUGINFOD_URLS=https://debuginfod.archlinux.org https://debuginfod.cachyos.org /usr/bin/cmake --build /home/srik/ros_ubuntu/ros2_ws/build/relbot_adapter -- -j32 -l32
[0.363s] DEBUG:colcon.colcon_core.event_handler.log_command:Invoking command in '/home/srik/ros_ubuntu/ros2_ws/build/relbot_adapter': CMAKE_PREFIX_PATH=/opt/ros/humble DEBUGINFOD_URLS=https://debuginfod.archlinux.org https://debuginfod.cachyos.org /usr/bin/cmake --install /home/srik/ros_ubuntu/ros2_ws/build/relbot_adapter
[0.367s] Level 1:colcon.colcon_core.environment:create_environment_scripts_only(relbot2turtlesim)
[0.368s] DEBUG:colcon.colcon_core.event_handler.log_command:Invoked command in '/home/srik/ros_ubuntu/ros2_ws/build/relbot2turtlesim' returned '0': CMAKE_PREFIX_PATH=/opt/ros/humble DEBUGINFOD_URLS=https://debuginfod.archlinux.org https://debuginfod.cachyos.org /usr/bin/cmake --install /home/srik/ros_ubuntu/ros2_ws/build/relbot2turtlesim
[0.368s] Level 1:colcon.colcon_core.environment:checking '/home/srik/ros_ubuntu/ros2_ws/install/relbot2turtlesim' for CMake module files
[0.371s] Level 1:colcon.colcon_core.environment:checking '/home/srik/ros_ubuntu/ros2_ws/install/relbot2turtlesim' for CMake config files
[0.371s] Level 1:colcon.colcon_core.shell:create_environment_hook('relbot2turtlesim', 'cmake_prefix_path')
[0.371s] INFO:colcon.colcon_core.shell:Creating environment hook '/home/srik/ros_ubuntu/ros2_ws/install/relbot2turtlesim/share/relbot2turtlesim/hook/cmake_prefix_path.ps1'
[0.372s] INFO:colcon.colcon_core.shell:Creating environment descriptor '/home/srik/ros_ubuntu/ros2_ws/install/relbot2turtlesim/share/relbot2turtlesim/hook/cmake_prefix_path.dsv'
[0.372s] INFO:colcon.colcon_core.shell:Creating environment hook '/home/srik/ros_ubuntu/ros2_ws/install/relbot2turtlesim/share/relbot2turtlesim/hook/cmake_prefix_path.sh'
[0.372s] Level 1:colcon.colcon_core.environment:checking '/home/srik/ros_ubuntu/ros2_ws/install/relbot2turtlesim/lib'
[0.373s] Level 1:colcon.colcon_core.environment:checking '/home/srik/ros_ubuntu/ros2_ws/install/relbot2turtlesim/bin'
[0.373s] Level 1:colcon.colcon_core.environment:checking '/home/srik/ros_ubuntu/ros2_ws/install/relbot2turtlesim/lib/pkgconfig/relbot2turtlesim.pc'
[0.373s] Level 1:colcon.colcon_core.environment:checking '/home/srik/ros_ubuntu/ros2_ws/install/relbot2turtlesim/lib/python3.10/site-packages'
[0.373s] Level 1:colcon.colcon_core.environment:checking '/home/srik/ros_ubuntu/ros2_ws/install/relbot2turtlesim/bin'
[0.373s] INFO:colcon.colcon_core.shell:Creating package script '/home/srik/ros_ubuntu/ros2_ws/install/relbot2turtlesim/share/relbot2turtlesim/package.ps1'
[0.374s] INFO:colcon.colcon_core.shell:Creating package descriptor '/home/srik/ros_ubuntu/ros2_ws/install/relbot2turtlesim/share/relbot2turtlesim/package.dsv'
[0.374s] INFO:colcon.colcon_core.shell:Creating package script '/home/srik/ros_ubuntu/ros2_ws/install/relbot2turtlesim/share/relbot2turtlesim/package.sh'
[0.374s] INFO:colcon.colcon_core.shell:Creating package script '/home/srik/ros_ubuntu/ros2_ws/install/relbot2turtlesim/share/relbot2turtlesim/package.bash'
[0.375s] INFO:colcon.colcon_core.shell:Creating package script '/home/srik/ros_ubuntu/ros2_ws/install/relbot2turtlesim/share/relbot2turtlesim/package.zsh'
[0.375s] Level 1:colcon.colcon_core.environment:create_file_with_runtime_dependencies(/home/srik/ros_ubuntu/ros2_ws/install/relbot2turtlesim/share/colcon-core/packages/relbot2turtlesim)
[0.375s] Level 1:colcon.colcon_core.environment:create_environment_scripts_only(relbot2turtlesim)
[0.376s] Level 1:colcon.colcon_core.environment:checking '/home/srik/ros_ubuntu/ros2_ws/install/relbot2turtlesim' for CMake module files
[0.376s] Level 1:colcon.colcon_core.environment:checking '/home/srik/ros_ubuntu/ros2_ws/install/relbot2turtlesim' for CMake config files
[0.376s] Level 1:colcon.colcon_core.shell:create_environment_hook('relbot2turtlesim', 'cmake_prefix_path')
[0.376s] INFO:colcon.colcon_core.shell:Creating environment hook '/home/srik/ros_ubuntu/ros2_ws/install/relbot2turtlesim/share/relbot2turtlesim/hook/cmake_prefix_path.ps1'
[0.377s] INFO:colcon.colcon_core.shell:Creating environment descriptor '/home/srik/ros_ubuntu/ros2_ws/install/relbot2turtlesim/share/relbot2turtlesim/hook/cmake_prefix_path.dsv'
[0.377s] INFO:colcon.colcon_core.shell:Creating environment hook '/home/srik/ros_ubuntu/ros2_ws/install/relbot2turtlesim/share/relbot2turtlesim/hook/cmake_prefix_path.sh'
[0.377s] Level 1:colcon.colcon_core.environment:checking '/home/srik/ros_ubuntu/ros2_ws/install/relbot2turtlesim/lib'
[0.378s] Level 1:colcon.colcon_core.environment:checking '/home/srik/ros_ubuntu/ros2_ws/install/relbot2turtlesim/bin'
[0.378s] Level 1:colcon.colcon_core.environment:checking '/home/srik/ros_ubuntu/ros2_ws/install/relbot2turtlesim/lib/pkgconfig/relbot2turtlesim.pc'
[0.378s] Level 1:colcon.colcon_core.environment:checking '/home/srik/ros_ubuntu/ros2_ws/install/relbot2turtlesim/lib/python3.10/site-packages'
[0.378s] Level 1:colcon.colcon_core.environment:checking '/home/srik/ros_ubuntu/ros2_ws/install/relbot2turtlesim/bin'
[0.378s] INFO:colcon.colcon_core.shell:Creating package script '/home/srik/ros_ubuntu/ros2_ws/install/relbot2turtlesim/share/relbot2turtlesim/package.ps1'
[0.379s] INFO:colcon.colcon_core.shell:Creating package descriptor '/home/srik/ros_ubuntu/ros2_ws/install/relbot2turtlesim/share/relbot2turtlesim/package.dsv'
[0.379s] INFO:colcon.colcon_core.shell:Creating package script '/home/srik/ros_ubuntu/ros2_ws/install/relbot2turtlesim/share/relbot2turtlesim/package.sh'
[0.380s] INFO:colcon.colcon_core.shell:Creating package script '/home/srik/ros_ubuntu/ros2_ws/install/relbot2turtlesim/share/relbot2turtlesim/package.bash'
[0.380s] INFO:colcon.colcon_core.shell:Creating package script '/home/srik/ros_ubuntu/ros2_ws/install/relbot2turtlesim/share/relbot2turtlesim/package.zsh'
[0.380s] Level 1:colcon.colcon_core.environment:create_file_with_runtime_dependencies(/home/srik/ros_ubuntu/ros2_ws/install/relbot2turtlesim/share/colcon-core/packages/relbot2turtlesim)
[0.381s] Level 1:colcon.colcon_core.environment:create_environment_scripts_only(relbot_adapter)
[0.381s] Level 1:colcon.colcon_core.environment:checking '/home/srik/ros_ubuntu/ros2_ws/install/relbot_adapter' for CMake module files
[0.382s] DEBUG:colcon.colcon_core.event_handler.log_command:Invoked command in '/home/srik/ros_ubuntu/ros2_ws/build/relbot_adapter' returned '0': CMAKE_PREFIX_PATH=/opt/ros/humble DEBUGINFOD_URLS=https://debuginfod.archlinux.org https://debuginfod.cachyos.org /usr/bin/cmake --install /home/srik/ros_ubuntu/ros2_ws/build/relbot_adapter
[0.382s] Level 1:colcon.colcon_core.environment:checking '/home/srik/ros_ubuntu/ros2_ws/install/relbot_adapter' for CMake config files
[0.382s] Level 1:colcon.colcon_core.shell:create_environment_hook('relbot_adapter', 'cmake_prefix_path')
[0.382s] INFO:colcon.colcon_core.shell:Creating environment hook '/home/srik/ros_ubuntu/ros2_ws/install/relbot_adapter/share/relbot_adapter/hook/cmake_prefix_path.ps1'
[0.382s] INFO:colcon.colcon_core.shell:Creating environment descriptor '/home/srik/ros_ubuntu/ros2_ws/install/relbot_adapter/share/relbot_adapter/hook/cmake_prefix_path.dsv'
[0.382s] INFO:colcon.colcon_core.shell:Creating environment hook '/home/srik/ros_ubuntu/ros2_ws/install/relbot_adapter/share/relbot_adapter/hook/cmake_prefix_path.sh'
[0.383s] Level 1:colcon.colcon_core.environment:checking '/home/srik/ros_ubuntu/ros2_ws/install/relbot_adapter/lib'
[0.383s] Level 1:colcon.colcon_core.environment:checking '/home/srik/ros_ubuntu/ros2_ws/install/relbot_adapter/bin'
[0.383s] Level 1:colcon.colcon_core.environment:checking '/home/srik/ros_ubuntu/ros2_ws/install/relbot_adapter/lib/pkgconfig/relbot_adapter.pc'
[0.383s] Level 1:colcon.colcon_core.environment:checking '/home/srik/ros_ubuntu/ros2_ws/install/relbot_adapter/lib/python3.10/site-packages'
[0.383s] Level 1:colcon.colcon_core.environment:checking '/home/srik/ros_ubuntu/ros2_ws/install/relbot_adapter/bin'
[0.383s] INFO:colcon.colcon_core.shell:Creating package script '/home/srik/ros_ubuntu/ros2_ws/install/relbot_adapter/share/relbot_adapter/package.ps1'
[0.383s] INFO:colcon.colcon_core.shell:Creating package descriptor '/home/srik/ros_ubuntu/ros2_ws/install/relbot_adapter/share/relbot_adapter/package.dsv'
[0.383s] INFO:colcon.colcon_core.shell:Creating package script '/home/srik/ros_ubuntu/ros2_ws/install/relbot_adapter/share/relbot_adapter/package.sh'
[0.384s] INFO:colcon.colcon_core.shell:Creating package script '/home/srik/ros_ubuntu/ros2_ws/install/relbot_adapter/share/relbot_adapter/package.bash'
[0.384s] INFO:colcon.colcon_core.shell:Creating package script '/home/srik/ros_ubuntu/ros2_ws/install/relbot_adapter/share/relbot_adapter/package.zsh'
[0.384s] Level 1:colcon.colcon_core.environment:create_file_with_runtime_dependencies(/home/srik/ros_ubuntu/ros2_ws/install/relbot_adapter/share/colcon-core/packages/relbot_adapter)
[0.384s] Level 1:colcon.colcon_core.environment:create_environment_scripts_only(relbot_adapter)
[0.384s] Level 1:colcon.colcon_core.environment:checking '/home/srik/ros_ubuntu/ros2_ws/install/relbot_adapter' for CMake module files
[0.384s] Level 1:colcon.colcon_core.environment:checking '/home/srik/ros_ubuntu/ros2_ws/install/relbot_adapter' for CMake config files
[0.384s] Level 1:colcon.colcon_core.shell:create_environment_hook('relbot_adapter', 'cmake_prefix_path')
[0.385s] INFO:colcon.colcon_core.shell:Creating environment hook '/home/srik/ros_ubuntu/ros2_ws/install/relbot_adapter/share/relbot_adapter/hook/cmake_prefix_path.ps1'
[0.385s] INFO:colcon.colcon_core.shell:Creating environment descriptor '/home/srik/ros_ubuntu/ros2_ws/install/relbot_adapter/share/relbot_adapter/hook/cmake_prefix_path.dsv'
[0.385s] INFO:colcon.colcon_core.shell:Creating environment hook '/home/srik/ros_ubuntu/ros2_ws/install/relbot_adapter/share/relbot_adapter/hook/cmake_prefix_path.sh'
[0.385s] Level 1:colcon.colcon_core.environment:checking '/home/srik/ros_ubuntu/ros2_ws/install/relbot_adapter/lib'
[0.385s] Level 1:colcon.colcon_core.environment:checking '/home/srik/ros_ubuntu/ros2_ws/install/relbot_adapter/bin'
[0.385s] Level 1:colcon.colcon_core.environment:checking '/home/srik/ros_ubuntu/ros2_ws/install/relbot_adapter/lib/pkgconfig/relbot_adapter.pc'
[0.385s] Level 1:colcon.colcon_core.environment:checking '/home/srik/ros_ubuntu/ros2_ws/install/relbot_adapter/lib/python3.10/site-packages'
[0.385s] Level 1:colcon.colcon_core.environment:checking '/home/srik/ros_ubuntu/ros2_ws/install/relbot_adapter/bin'
[0.386s] INFO:colcon.colcon_core.shell:Creating package script '/home/srik/ros_ubuntu/ros2_ws/install/relbot_adapter/share/relbot_adapter/package.ps1'
[0.386s] INFO:colcon.colcon_core.shell:Creating package descriptor '/home/srik/ros_ubuntu/ros2_ws/install/relbot_adapter/share/relbot_adapter/package.dsv'
[0.386s] INFO:colcon.colcon_core.shell:Creating package script '/home/srik/ros_ubuntu/ros2_ws/install/relbot_adapter/share/relbot_adapter/package.sh'
[0.386s] INFO:colcon.colcon_core.shell:Creating package script '/home/srik/ros_ubuntu/ros2_ws/install/relbot_adapter/share/relbot_adapter/package.bash'
[0.386s] INFO:colcon.colcon_core.shell:Creating package script '/home/srik/ros_ubuntu/ros2_ws/install/relbot_adapter/share/relbot_adapter/package.zsh'
[0.386s] Level 1:colcon.colcon_core.environment:create_file_with_runtime_dependencies(/home/srik/ros_ubuntu/ros2_ws/install/relbot_adapter/share/colcon-core/packages/relbot_adapter)
[0.541s] DEBUG:colcon.colcon_core.event_handler.log_command:Invoked command in '/home/srik/ros_ubuntu/ros2_ws/build/relbot_msgs' returned '0': CMAKE_PREFIX_PATH=/opt/ros/humble DEBUGINFOD_URLS=https://debuginfod.archlinux.org https://debuginfod.cachyos.org /usr/bin/cmake --build /home/srik/ros_ubuntu/ros2_ws/build/relbot_msgs -- -j32 -l32
[0.542s] DEBUG:colcon.colcon_core.event_handler.log_command:Invoking command in '/home/srik/ros_ubuntu/ros2_ws/build/relbot_msgs': CMAKE_PREFIX_PATH=/opt/ros/humble DEBUGINFOD_URLS=https://debuginfod.archlinux.org https://debuginfod.cachyos.org /usr/bin/cmake --install /home/srik/ros_ubuntu/ros2_ws/build/relbot_msgs
[0.570s] Level 1:colcon.colcon_core.environment:create_environment_scripts_only(relbot_msgs)
[0.570s] Level 1:colcon.colcon_core.environment:checking '/home/srik/ros_ubuntu/ros2_ws/install/relbot_msgs' for CMake module files
[0.571s] DEBUG:colcon.colcon_core.event_handler.log_command:Invoked command in '/home/srik/ros_ubuntu/ros2_ws/build/relbot_msgs' returned '0': CMAKE_PREFIX_PATH=/opt/ros/humble DEBUGINFOD_URLS=https://debuginfod.archlinux.org https://debuginfod.cachyos.org /usr/bin/cmake --install /home/srik/ros_ubuntu/ros2_ws/build/relbot_msgs
[0.571s] Level 1:colcon.colcon_core.environment:checking '/home/srik/ros_ubuntu/ros2_ws/install/relbot_msgs' for CMake config files
[0.571s] Level 1:colcon.colcon_core.shell:create_environment_hook('relbot_msgs', 'cmake_prefix_path')
[0.571s] INFO:colcon.colcon_core.shell:Creating environment hook '/home/srik/ros_ubuntu/ros2_ws/install/relbot_msgs/share/relbot_msgs/hook/cmake_prefix_path.ps1'
[0.571s] INFO:colcon.colcon_core.shell:Creating environment descriptor '/home/srik/ros_ubuntu/ros2_ws/install/relbot_msgs/share/relbot_msgs/hook/cmake_prefix_path.dsv'
[0.572s] INFO:colcon.colcon_core.shell:Creating environment hook '/home/srik/ros_ubuntu/ros2_ws/install/relbot_msgs/share/relbot_msgs/hook/cmake_prefix_path.sh'
[0.572s] Level 1:colcon.colcon_core.environment:checking '/home/srik/ros_ubuntu/ros2_ws/install/relbot_msgs/lib'
[0.572s] Level 1:colcon.colcon_core.shell:create_environment_hook('relbot_msgs', 'ld_library_path_lib')
[0.572s] INFO:colcon.colcon_core.shell:Creating environment hook '/home/srik/ros_ubuntu/ros2_ws/install/relbot_msgs/share/relbot_msgs/hook/ld_library_path_lib.ps1'
[0.572s] INFO:colcon.colcon_core.shell:Creating environment descriptor '/home/srik/ros_ubuntu/ros2_ws/install/relbot_msgs/share/relbot_msgs/hook/ld_library_path_lib.dsv'
[0.572s] INFO:colcon.colcon_core.shell:Creating environment hook '/home/srik/ros_ubuntu/ros2_ws/install/relbot_msgs/share/relbot_msgs/hook/ld_library_path_lib.sh'
[0.572s] Level 1:colcon.colcon_core.environment:checking '/home/srik/ros_ubuntu/ros2_ws/install/relbot_msgs/bin'
[0.573s] Level 1:colcon.colcon_core.environment:checking '/home/srik/ros_ubuntu/ros2_ws/install/relbot_msgs/lib/pkgconfig/relbot_msgs.pc'
[0.573s] Level 1:colcon.colcon_core.environment:checking '/home/srik/ros_ubuntu/ros2_ws/install/relbot_msgs/lib/python3.10/site-packages'
[0.573s] Level 1:colcon.colcon_core.environment:checking '/home/srik/ros_ubuntu/ros2_ws/install/relbot_msgs/bin'
[0.573s] INFO:colcon.colcon_core.shell:Creating package script '/home/srik/ros_ubuntu/ros2_ws/install/relbot_msgs/share/relbot_msgs/package.ps1'
[0.573s] INFO:colcon.colcon_core.shell:Creating package descriptor '/home/srik/ros_ubuntu/ros2_ws/install/relbot_msgs/share/relbot_msgs/package.dsv'
[0.573s] INFO:colcon.colcon_core.shell:Creating package script '/home/srik/ros_ubuntu/ros2_ws/install/relbot_msgs/share/relbot_msgs/package.sh'
[0.574s] INFO:colcon.colcon_core.shell:Creating package script '/home/srik/ros_ubuntu/ros2_ws/install/relbot_msgs/share/relbot_msgs/package.bash'
[0.574s] INFO:colcon.colcon_core.shell:Creating package script '/home/srik/ros_ubuntu/ros2_ws/install/relbot_msgs/share/relbot_msgs/package.zsh'
[0.574s] Level 1:colcon.colcon_core.environment:create_file_with_runtime_dependencies(/home/srik/ros_ubuntu/ros2_ws/install/relbot_msgs/share/colcon-core/packages/relbot_msgs)
[0.574s] Level 1:colcon.colcon_core.environment:create_environment_scripts_only(relbot_msgs)
[0.574s] Level 1:colcon.colcon_core.environment:checking '/home/srik/ros_ubuntu/ros2_ws/install/relbot_msgs' for CMake module files
[0.575s] Level 1:colcon.colcon_core.environment:checking '/home/srik/ros_ubuntu/ros2_ws/install/relbot_msgs' for CMake config files
[0.575s] Level 1:colcon.colcon_core.shell:create_environment_hook('relbot_msgs', 'cmake_prefix_path')
[0.575s] INFO:colcon.colcon_core.shell:Creating environment hook '/home/srik/ros_ubuntu/ros2_ws/install/relbot_msgs/share/relbot_msgs/hook/cmake_prefix_path.ps1'
[0.575s] INFO:colcon.colcon_core.shell:Creating environment descriptor '/home/srik/ros_ubuntu/ros2_ws/install/relbot_msgs/share/relbot_msgs/hook/cmake_prefix_path.dsv'
[0.575s] INFO:colcon.colcon_core.shell:Creating environment hook '/home/srik/ros_ubuntu/ros2_ws/install/relbot_msgs/share/relbot_msgs/hook/cmake_prefix_path.sh'
[0.575s] Level 1:colcon.colcon_core.environment:checking '/home/srik/ros_ubuntu/ros2_ws/install/relbot_msgs/lib'
[0.575s] Level 1:colcon.colcon_core.shell:create_environment_hook('relbot_msgs', 'ld_library_path_lib')
[0.576s] INFO:colcon.colcon_core.shell:Creating environment hook '/home/srik/ros_ubuntu/ros2_ws/install/relbot_msgs/share/relbot_msgs/hook/ld_library_path_lib.ps1'
[0.576s] INFO:colcon.colcon_core.shell:Creating environment descriptor '/home/srik/ros_ubuntu/ros2_ws/install/relbot_msgs/share/relbot_msgs/hook/ld_library_path_lib.dsv'
[0.576s] INFO:colcon.colcon_core.shell:Creating environment hook '/home/srik/ros_ubuntu/ros2_ws/install/relbot_msgs/share/relbot_msgs/hook/ld_library_path_lib.sh'
[0.576s] Level 1:colcon.colcon_core.environment:checking '/home/srik/ros_ubuntu/ros2_ws/install/relbot_msgs/bin'
[0.576s] Level 1:colcon.colcon_core.environment:checking '/home/srik/ros_ubuntu/ros2_ws/install/relbot_msgs/lib/pkgconfig/relbot_msgs.pc'
[0.576s] Level 1:colcon.colcon_core.environment:checking '/home/srik/ros_ubuntu/ros2_ws/install/relbot_msgs/lib/python3.10/site-packages'
[0.576s] Level 1:colcon.colcon_core.environment:checking '/home/srik/ros_ubuntu/ros2_ws/install/relbot_msgs/bin'
[0.577s] INFO:colcon.colcon_core.shell:Creating package script '/home/srik/ros_ubuntu/ros2_ws/install/relbot_msgs/share/relbot_msgs/package.ps1'
[0.577s] INFO:colcon.colcon_core.shell:Creating package descriptor '/home/srik/ros_ubuntu/ros2_ws/install/relbot_msgs/share/relbot_msgs/package.dsv'
[0.577s] INFO:colcon.colcon_core.shell:Creating package script '/home/srik/ros_ubuntu/ros2_ws/install/relbot_msgs/share/relbot_msgs/package.sh'
[0.578s] INFO:colcon.colcon_core.shell:Creating package script '/home/srik/ros_ubuntu/ros2_ws/install/relbot_msgs/share/relbot_msgs/package.bash'
[0.578s] INFO:colcon.colcon_core.shell:Creating package script '/home/srik/ros_ubuntu/ros2_ws/install/relbot_msgs/share/relbot_msgs/package.zsh'
[0.578s] Level 1:colcon.colcon_core.environment:create_file_with_runtime_dependencies(/home/srik/ros_ubuntu/ros2_ws/install/relbot_msgs/share/colcon-core/packages/relbot_msgs)
[0.578s] INFO:colcon.colcon_ros.task.ament_cmake.build:Building ROS package in '/home/srik/ros_ubuntu/ros2_ws/src/relbot_simulator' with build type 'ament_cmake'
[0.578s] INFO:colcon.colcon_cmake.task.cmake.build:Building CMake package in '/home/srik/ros_ubuntu/ros2_ws/src/relbot_simulator'
[0.578s] INFO:colcon.colcon_core.shell:Skip shell extension 'powershell' for command environment: Not usable outside of PowerShell
[0.578s] DEBUG:colcon.colcon_core.shell:Skip shell extension 'dsv' for command environment
[0.583s] DEBUG:colcon.colcon_core.event_handler.log_command:Invoking command in '/home/srik/ros_ubuntu/ros2_ws/build/relbot_simulator': AMENT_PREFIX_PATH=/home/srik/ros_ubuntu/ros2_ws/install/relbot_msgs:${AMENT_PREFIX_PATH} CMAKE_PREFIX_PATH=/home/srik/ros_ubuntu/ros2_ws/install/relbot_msgs:/opt/ros/humble DEBUGINFOD_URLS=https://debuginfod.archlinux.org https://debuginfod.cachyos.org LD_LIBRARY_PATH=/home/srik/ros_ubuntu/ros2_ws/install/relbot_msgs/lib:${LD_LIBRARY_PATH} PYTHONPATH=/home/srik/ros_ubuntu/ros2_ws/install/relbot_msgs/local/lib/python3.10/dist-packages:${PYTHONPATH} /usr/bin/cmake --build /home/srik/ros_ubuntu/ros2_ws/build/relbot_simulator -- -j32 -l32
[0.615s] DEBUG:colcon.colcon_core.event_handler.log_command:Invoked command in '/home/srik/ros_ubuntu/ros2_ws/build/relbot_simulator' returned '0': AMENT_PREFIX_PATH=/home/srik/ros_ubuntu/ros2_ws/install/relbot_msgs:${AMENT_PREFIX_PATH} CMAKE_PREFIX_PATH=/home/srik/ros_ubuntu/ros2_ws/install/relbot_msgs:/opt/ros/humble DEBUGINFOD_URLS=https://debuginfod.archlinux.org https://debuginfod.cachyos.org LD_LIBRARY_PATH=/home/srik/ros_ubuntu/ros2_ws/install/relbot_msgs/lib:${LD_LIBRARY_PATH} PYTHONPATH=/home/srik/ros_ubuntu/ros2_ws/install/relbot_msgs/local/lib/python3.10/dist-packages:${PYTHONPATH} /usr/bin/cmake --build /home/srik/ros_ubuntu/ros2_ws/build/relbot_simulator -- -j32 -l32
[0.616s] DEBUG:colcon.colcon_core.event_handler.log_command:Invoking command in '/home/srik/ros_ubuntu/ros2_ws/build/relbot_simulator': AMENT_PREFIX_PATH=/home/srik/ros_ubuntu/ros2_ws/install/relbot_msgs:${AMENT_PREFIX_PATH} CMAKE_PREFIX_PATH=/home/srik/ros_ubuntu/ros2_ws/install/relbot_msgs:/opt/ros/humble DEBUGINFOD_URLS=https://debuginfod.archlinux.org https://debuginfod.cachyos.org LD_LIBRARY_PATH=/home/srik/ros_ubuntu/ros2_ws/install/relbot_msgs/lib:${LD_LIBRARY_PATH} PYTHONPATH=/home/srik/ros_ubuntu/ros2_ws/install/relbot_msgs/local/lib/python3.10/dist-packages:${PYTHONPATH} /usr/bin/cmake --install /home/srik/ros_ubuntu/ros2_ws/build/relbot_simulator
[0.622s] Level 1:colcon.colcon_core.environment:create_environment_scripts_only(relbot_simulator)
[0.622s] Level 1:colcon.colcon_core.environment:checking '/home/srik/ros_ubuntu/ros2_ws/install/relbot_simulator' for CMake module files
[0.622s] DEBUG:colcon.colcon_core.event_handler.log_command:Invoked command in '/home/srik/ros_ubuntu/ros2_ws/build/relbot_simulator' returned '0': AMENT_PREFIX_PATH=/home/srik/ros_ubuntu/ros2_ws/install/relbot_msgs:${AMENT_PREFIX_PATH} CMAKE_PREFIX_PATH=/home/srik/ros_ubuntu/ros2_ws/install/relbot_msgs:/opt/ros/humble DEBUGINFOD_URLS=https://debuginfod.archlinux.org https://debuginfod.cachyos.org LD_LIBRARY_PATH=/home/srik/ros_ubuntu/ros2_ws/install/relbot_msgs/lib:${LD_LIBRARY_PATH} PYTHONPATH=/home/srik/ros_ubuntu/ros2_ws/install/relbot_msgs/local/lib/python3.10/dist-packages:${PYTHONPATH} /usr/bin/cmake --install /home/srik/ros_ubuntu/ros2_ws/build/relbot_simulator
[0.623s] Level 1:colcon.colcon_core.environment:checking '/home/srik/ros_ubuntu/ros2_ws/install/relbot_simulator' for CMake config files
[0.623s] Level 1:colcon.colcon_core.shell:create_environment_hook('relbot_simulator', 'cmake_prefix_path')
[0.623s] INFO:colcon.colcon_core.shell:Creating environment hook '/home/srik/ros_ubuntu/ros2_ws/install/relbot_simulator/share/relbot_simulator/hook/cmake_prefix_path.ps1'
[0.623s] INFO:colcon.colcon_core.shell:Creating environment descriptor '/home/srik/ros_ubuntu/ros2_ws/install/relbot_simulator/share/relbot_simulator/hook/cmake_prefix_path.dsv'
[0.623s] INFO:colcon.colcon_core.shell:Creating environment hook '/home/srik/ros_ubuntu/ros2_ws/install/relbot_simulator/share/relbot_simulator/hook/cmake_prefix_path.sh'
[0.624s] Level 1:colcon.colcon_core.environment:checking '/home/srik/ros_ubuntu/ros2_ws/install/relbot_simulator/lib'
[0.624s] Level 1:colcon.colcon_core.environment:checking '/home/srik/ros_ubuntu/ros2_ws/install/relbot_simulator/bin'
[0.624s] Level 1:colcon.colcon_core.environment:checking '/home/srik/ros_ubuntu/ros2_ws/install/relbot_simulator/lib/pkgconfig/relbot_simulator.pc'
[0.624s] Level 1:colcon.colcon_core.environment:checking '/home/srik/ros_ubuntu/ros2_ws/install/relbot_simulator/lib/python3.10/site-packages'
[0.624s] Level 1:colcon.colcon_core.environment:checking '/home/srik/ros_ubuntu/ros2_ws/install/relbot_simulator/bin'
[0.624s] INFO:colcon.colcon_core.shell:Creating package script '/home/srik/ros_ubuntu/ros2_ws/install/relbot_simulator/share/relbot_simulator/package.ps1'
[0.624s] INFO:colcon.colcon_core.shell:Creating package descriptor '/home/srik/ros_ubuntu/ros2_ws/install/relbot_simulator/share/relbot_simulator/package.dsv'
[0.625s] INFO:colcon.colcon_core.shell:Creating package script '/home/srik/ros_ubuntu/ros2_ws/install/relbot_simulator/share/relbot_simulator/package.sh'
[0.625s] INFO:colcon.colcon_core.shell:Creating package script '/home/srik/ros_ubuntu/ros2_ws/install/relbot_simulator/share/relbot_simulator/package.bash'
[0.625s] INFO:colcon.colcon_core.shell:Creating package script '/home/srik/ros_ubuntu/ros2_ws/install/relbot_simulator/share/relbot_simulator/package.zsh'
[0.625s] Level 1:colcon.colcon_core.environment:create_file_with_runtime_dependencies(/home/srik/ros_ubuntu/ros2_ws/install/relbot_simulator/share/colcon-core/packages/relbot_simulator)
[0.625s] Level 1:colcon.colcon_core.environment:create_environment_scripts_only(relbot_simulator)
[0.625s] Level 1:colcon.colcon_core.environment:checking '/home/srik/ros_ubuntu/ros2_ws/install/relbot_simulator' for CMake module files
[0.626s] Level 1:colcon.colcon_core.environment:checking '/home/srik/ros_ubuntu/ros2_ws/install/relbot_simulator' for CMake config files
[0.626s] Level 1:colcon.colcon_core.shell:create_environment_hook('relbot_simulator', 'cmake_prefix_path')
[0.626s] INFO:colcon.colcon_core.shell:Creating environment hook '/home/srik/ros_ubuntu/ros2_ws/install/relbot_simulator/share/relbot_simulator/hook/cmake_prefix_path.ps1'
[0.626s] INFO:colcon.colcon_core.shell:Creating environment descriptor '/home/srik/ros_ubuntu/ros2_ws/install/relbot_simulator/share/relbot_simulator/hook/cmake_prefix_path.dsv'
[0.626s] INFO:colcon.colcon_core.shell:Creating environment hook '/home/srik/ros_ubuntu/ros2_ws/install/relbot_simulator/share/relbot_simulator/hook/cmake_prefix_path.sh'
[0.626s] Level 1:colcon.colcon_core.environment:checking '/home/srik/ros_ubuntu/ros2_ws/install/relbot_simulator/lib'
[0.626s] Level 1:colcon.colcon_core.environment:checking '/home/srik/ros_ubuntu/ros2_ws/install/relbot_simulator/bin'
[0.626s] Level 1:colcon.colcon_core.environment:checking '/home/srik/ros_ubuntu/ros2_ws/install/relbot_simulator/lib/pkgconfig/relbot_simulator.pc'
[0.627s] Level 1:colcon.colcon_core.environment:checking '/home/srik/ros_ubuntu/ros2_ws/install/relbot_simulator/lib/python3.10/site-packages'
[0.627s] Level 1:colcon.colcon_core.environment:checking '/home/srik/ros_ubuntu/ros2_ws/install/relbot_simulator/bin'
[0.627s] INFO:colcon.colcon_core.shell:Creating package script '/home/srik/ros_ubuntu/ros2_ws/install/relbot_simulator/share/relbot_simulator/package.ps1'
[0.627s] INFO:colcon.colcon_core.shell:Creating package descriptor '/home/srik/ros_ubuntu/ros2_ws/install/relbot_simulator/share/relbot_simulator/package.dsv'
[0.627s] INFO:colcon.colcon_core.shell:Creating package script '/home/srik/ros_ubuntu/ros2_ws/install/relbot_simulator/share/relbot_simulator/package.sh'
[0.627s] INFO:colcon.colcon_core.shell:Creating package script '/home/srik/ros_ubuntu/ros2_ws/install/relbot_simulator/share/relbot_simulator/package.bash'
[0.628s] INFO:colcon.colcon_core.shell:Creating package script '/home/srik/ros_ubuntu/ros2_ws/install/relbot_simulator/share/relbot_simulator/package.zsh'
[0.628s] Level 1:colcon.colcon_core.environment:create_file_with_runtime_dependencies(/home/srik/ros_ubuntu/ros2_ws/install/relbot_simulator/share/colcon-core/packages/relbot_simulator)
[2.337s] DEBUG:colcon.colcon_core.event_handler.log_command:Invoked command in '/home/srik/ros_ubuntu/ros2_ws/build/relbot_sequence_controller' returned '0': CMAKE_PREFIX_PATH=/opt/ros/humble DEBUGINFOD_URLS=https://debuginfod.archlinux.org https://debuginfod.cachyos.org /usr/bin/cmake --build /home/srik/ros_ubuntu/ros2_ws/build/relbot_sequence_controller -- -j32 -l32
[2.338s] DEBUG:colcon.colcon_core.event_handler.log_command:Invoking command in '/home/srik/ros_ubuntu/ros2_ws/build/relbot_sequence_controller': CMAKE_PREFIX_PATH=/opt/ros/humble DEBUGINFOD_URLS=https://debuginfod.archlinux.org https://debuginfod.cachyos.org /usr/bin/cmake --install /home/srik/ros_ubuntu/ros2_ws/build/relbot_sequence_controller
[2.345s] Level 1:colcon.colcon_core.environment:create_environment_scripts_only(relbot_sequence_controller)
[2.345s] Level 1:colcon.colcon_core.environment:checking '/home/srik/ros_ubuntu/ros2_ws/install/relbot_sequence_controller' for CMake module files
[2.345s] DEBUG:colcon.colcon_core.event_handler.log_command:Invoked command in '/home/srik/ros_ubuntu/ros2_ws/build/relbot_sequence_controller' returned '0': CMAKE_PREFIX_PATH=/opt/ros/humble DEBUGINFOD_URLS=https://debuginfod.archlinux.org https://debuginfod.cachyos.org /usr/bin/cmake --install /home/srik/ros_ubuntu/ros2_ws/build/relbot_sequence_controller
[2.345s] Level 1:colcon.colcon_core.environment:checking '/home/srik/ros_ubuntu/ros2_ws/install/relbot_sequence_controller' for CMake config files
[2.345s] Level 1:colcon.colcon_core.shell:create_environment_hook('relbot_sequence_controller', 'cmake_prefix_path')
[2.346s] INFO:colcon.colcon_core.shell:Creating environment hook '/home/srik/ros_ubuntu/ros2_ws/install/relbot_sequence_controller/share/relbot_sequence_controller/hook/cmake_prefix_path.ps1'
[2.346s] INFO:colcon.colcon_core.shell:Creating environment descriptor '/home/srik/ros_ubuntu/ros2_ws/install/relbot_sequence_controller/share/relbot_sequence_controller/hook/cmake_prefix_path.dsv'
[2.346s] INFO:colcon.colcon_core.shell:Creating environment hook '/home/srik/ros_ubuntu/ros2_ws/install/relbot_sequence_controller/share/relbot_sequence_controller/hook/cmake_prefix_path.sh'
[2.346s] Level 1:colcon.colcon_core.environment:checking '/home/srik/ros_ubuntu/ros2_ws/install/relbot_sequence_controller/lib'
[2.346s] Level 1:colcon.colcon_core.environment:checking '/home/srik/ros_ubuntu/ros2_ws/install/relbot_sequence_controller/bin'
[2.346s] Level 1:colcon.colcon_core.environment:checking '/home/srik/ros_ubuntu/ros2_ws/install/relbot_sequence_controller/lib/pkgconfig/relbot_sequence_controller.pc'
[2.346s] Level 1:colcon.colcon_core.environment:checking '/home/srik/ros_ubuntu/ros2_ws/install/relbot_sequence_controller/lib/python3.10/site-packages'
[2.346s] Level 1:colcon.colcon_core.environment:checking '/home/srik/ros_ubuntu/ros2_ws/install/relbot_sequence_controller/bin'
[2.347s] INFO:colcon.colcon_core.shell:Creating package script '/home/srik/ros_ubuntu/ros2_ws/install/relbot_sequence_controller/share/relbot_sequence_controller/package.ps1'
[2.347s] INFO:colcon.colcon_core.shell:Creating package descriptor '/home/srik/ros_ubuntu/ros2_ws/install/relbot_sequence_controller/share/relbot_sequence_controller/package.dsv'
[2.347s] INFO:colcon.colcon_core.shell:Creating package script '/home/srik/ros_ubuntu/ros2_ws/install/relbot_sequence_controller/share/relbot_sequence_controller/package.sh'
[2.347s] INFO:colcon.colcon_core.shell:Creating package script '/home/srik/ros_ubuntu/ros2_ws/install/relbot_sequence_controller/share/relbot_sequence_controller/package.bash'
[2.347s] INFO:colcon.colcon_core.shell:Creating package script '/home/srik/ros_ubuntu/ros2_ws/install/relbot_sequence_controller/share/relbot_sequence_controller/package.zsh'
[2.347s] Level 1:colcon.colcon_core.environment:create_file_with_runtime_dependencies(/home/srik/ros_ubuntu/ros2_ws/install/relbot_sequence_controller/share/colcon-core/packages/relbot_sequence_controller)
[2.347s] Level 1:colcon.colcon_core.environment:create_environment_scripts_only(relbot_sequence_controller)
[2.347s] Level 1:colcon.colcon_core.environment:checking '/home/srik/ros_ubuntu/ros2_ws/install/relbot_sequence_controller' for CMake module files
[2.348s] Level 1:colcon.colcon_core.environment:checking '/home/srik/ros_ubuntu/ros2_ws/install/relbot_sequence_controller' for CMake config files
[2.348s] Level 1:colcon.colcon_core.shell:create_environment_hook('relbot_sequence_controller', 'cmake_prefix_path')
[2.348s] INFO:colcon.colcon_core.shell:Creating environment hook '/home/srik/ros_ubuntu/ros2_ws/install/relbot_sequence_controller/share/relbot_sequence_controller/hook/cmake_prefix_path.ps1'
[2.348s] INFO:colcon.colcon_core.shell:Creating environment descriptor '/home/srik/ros_ubuntu/ros2_ws/install/relbot_sequence_controller/share/relbot_sequence_controller/hook/cmake_prefix_path.dsv'
[2.348s] INFO:colcon.colcon_core.shell:Creating environment hook '/home/srik/ros_ubuntu/ros2_ws/install/relbot_sequence_controller/share/relbot_sequence_controller/hook/cmake_prefix_path.sh'
[2.348s] Level 1:colcon.colcon_core.environment:checking '/home/srik/ros_ubuntu/ros2_ws/install/relbot_sequence_controller/lib'
[2.348s] Level 1:colcon.colcon_core.environment:checking '/home/srik/ros_ubuntu/ros2_ws/install/relbot_sequence_controller/bin'
[2.348s] Level 1:colcon.colcon_core.environment:checking '/home/srik/ros_ubuntu/ros2_ws/install/relbot_sequence_controller/lib/pkgconfig/relbot_sequence_controller.pc'
[2.348s] Level 1:colcon.colcon_core.environment:checking '/home/srik/ros_ubuntu/ros2_ws/install/relbot_sequence_controller/lib/python3.10/site-packages'
[2.349s] Level 1:colcon.colcon_core.environment:checking '/home/srik/ros_ubuntu/ros2_ws/install/relbot_sequence_controller/bin'
[2.349s] INFO:colcon.colcon_core.shell:Creating package script '/home/srik/ros_ubuntu/ros2_ws/install/relbot_sequence_controller/share/relbot_sequence_controller/package.ps1'
[2.349s] INFO:colcon.colcon_core.shell:Creating package descriptor '/home/srik/ros_ubuntu/ros2_ws/install/relbot_sequence_controller/share/relbot_sequence_controller/package.dsv'
[2.349s] INFO:colcon.colcon_core.shell:Creating package script '/home/srik/ros_ubuntu/ros2_ws/install/relbot_sequence_controller/share/relbot_sequence_controller/package.sh'
[2.349s] INFO:colcon.colcon_core.shell:Creating package script '/home/srik/ros_ubuntu/ros2_ws/install/relbot_sequence_controller/share/relbot_sequence_controller/package.bash'
[2.349s] INFO:colcon.colcon_core.shell:Creating package script '/home/srik/ros_ubuntu/ros2_ws/install/relbot_sequence_controller/share/relbot_sequence_controller/package.zsh'
[2.349s] Level 1:colcon.colcon_core.environment:create_file_with_runtime_dependencies(/home/srik/ros_ubuntu/ros2_ws/install/relbot_sequence_controller/share/colcon-core/packages/relbot_sequence_controller)
[2.350s] DEBUG:colcon.colcon_parallel_executor.executor.parallel:closing loop
[2.350s] DEBUG:colcon.colcon_parallel_executor.executor.parallel:loop closed
[2.350s] DEBUG:colcon.colcon_parallel_executor.executor.parallel:run_until_complete finished with '0'
[2.350s] DEBUG:colcon.colcon_core.event_reactor:joining thread
[2.352s] INFO:colcon.colcon_core.plugin_system:Skipping extension 'colcon_notification.desktop_notification.notify_send': Could not find 'notify-send'
[2.352s] INFO:colcon.colcon_core.plugin_system:Skipping extension 'colcon_notification.desktop_notification.terminal_notifier': Not used on non-Darwin systems
[2.352s] INFO:colcon.colcon_core.plugin_system:Skipping extension 'colcon_notification.desktop_notification.win32': Not used on non-Windows systems
[2.352s] INFO:colcon.colcon_notification.desktop_notification:Sending desktop notification using 'notify2'
[2.361s] DEBUG:colcon.colcon_core.event_reactor:joined thread
[2.361s] INFO:colcon.colcon_core.shell:Creating prefix script '/home/srik/ros_ubuntu/ros2_ws/install/local_setup.ps1'
[2.362s] INFO:colcon.colcon_core.shell:Creating prefix util module '/home/srik/ros_ubuntu/ros2_ws/install/_local_setup_util_ps1.py'
[2.362s] INFO:colcon.colcon_core.shell:Creating prefix chain script '/home/srik/ros_ubuntu/ros2_ws/install/setup.ps1'
[2.363s] INFO:colcon.colcon_core.shell:Creating prefix script '/home/srik/ros_ubuntu/ros2_ws/install/local_setup.sh'
[2.363s] INFO:colcon.colcon_core.shell:Creating prefix util module '/home/srik/ros_ubuntu/ros2_ws/install/_local_setup_util_sh.py'
[2.363s] INFO:colcon.colcon_core.shell:Creating prefix chain script '/home/srik/ros_ubuntu/ros2_ws/install/setup.sh'
[2.364s] INFO:colcon.colcon_core.shell:Creating prefix script '/home/srik/ros_ubuntu/ros2_ws/install/local_setup.bash'
[2.364s] INFO:colcon.colcon_core.shell:Creating prefix chain script '/home/srik/ros_ubuntu/ros2_ws/install/setup.bash'
[2.364s] INFO:colcon.colcon_core.shell:Creating prefix script '/home/srik/ros_ubuntu/ros2_ws/install/local_setup.zsh'
[2.364s] INFO:colcon.colcon_core.shell:Creating prefix chain script '/home/srik/ros_ubuntu/ros2_ws/install/setup.zsh'
