[0.037s] Invoking command in '/home/sdfr-ppd-16/ros2_ws/build/relbot_adapter': CMAKE_PREFIX_PATH=${CMAKE_PREFIX_PATH}:/opt/ros/humble /usr/bin/cmake --build /home/sdfr-ppd-16/ros2_ws/build/relbot_adapter -- -j3 -l3
[0.221s] [100%] Built target relbot_adapter
[0.261s] Invoked command in '/home/sdfr-ppd-16/ros2_ws/build/relbot_adapter' returned '0': CMAKE_PREFIX_PATH=${CMAKE_PREFIX_PATH}:/opt/ros/humble /usr/bin/cmake --build /home/sdfr-ppd-16/ros2_ws/build/relbot_adapter -- -j3 -l3
[0.264s] Invoking command in '/home/sdfr-ppd-16/ros2_ws/build/relbot_adapter': CMAKE_PREFIX_PATH=${CMAKE_PREFIX_PATH}:/opt/ros/humble /usr/bin/cmake --install /home/sdfr-ppd-16/ros2_ws/build/relbot_adapter
[0.290s] -- Install configuration: ""
[0.293s] -- Up-to-date: /home/sdfr-ppd-16/ros2_ws/install/relbot_adapter/lib/relbot_adapter/relbot_adapter
[0.295s] -- Up-to-date: /home/sdfr-ppd-16/ros2_ws/install/relbot_adapter/share/ament_index/resource_index/package_run_dependencies/relbot_adapter
[0.297s] -- Up-to-date: /home/sdfr-ppd-16/ros2_ws/install/relbot_adapter/share/ament_index/resource_index/parent_prefix_path/relbot_adapter
[0.299s] -- Up-to-date: /home/sdfr-ppd-16/ros2_ws/install/relbot_adapter/share/relbot_adapter/environment/ament_prefix_path.sh
[0.301s] -- Up-to-date: /home/sdfr-ppd-16/ros2_ws/install/relbot_adapter/share/relbot_adapter/environment/ament_prefix_path.dsv
[0.303s] -- Up-to-date: /home/sdfr-ppd-16/ros2_ws/install/relbot_adapter/share/relbot_adapter/environment/path.sh
[0.305s] -- Up-to-date: /home/sdfr-ppd-16/ros2_ws/install/relbot_adapter/share/relbot_adapter/environment/path.dsv
[0.307s] -- Up-to-date: /home/sdfr-ppd-16/ros2_ws/install/relbot_adapter/share/relbot_adapter/local_setup.bash
[0.309s] -- Up-to-date: /home/sdfr-ppd-16/ros2_ws/install/relbot_adapter/share/relbot_adapter/local_setup.sh
[0.311s] -- Up-to-date: /home/sdfr-ppd-16/ros2_ws/install/relbot_adapter/share/relbot_adapter/local_setup.zsh
[0.315s] -- Up-to-date: /home/sdfr-ppd-16/ros2_ws/install/relbot_adapter/share/relbot_adapter/local_setup.dsv
[0.316s] -- Installing: /home/sdfr-ppd-16/ros2_ws/install/relbot_adapter/share/relbot_adapter/package.dsv
[0.318s] -- Up-to-date: /home/sdfr-ppd-16/ros2_ws/install/relbot_adapter/share/ament_index/resource_index/packages/relbot_adapter
[0.324s] -- Up-to-date: /home/sdfr-ppd-16/ros2_ws/install/relbot_adapter/share/relbot_adapter/cmake/relbot_adapterConfig.cmake
[0.325s] -- Up-to-date: /home/sdfr-ppd-16/ros2_ws/install/relbot_adapter/share/relbot_adapter/cmake/relbot_adapterConfig-version.cmake
[0.326s] -- Up-to-date: /home/sdfr-ppd-16/ros2_ws/install/relbot_adapter/share/relbot_adapter/package.xml
[0.348s] Invoked command in '/home/sdfr-ppd-16/ros2_ws/build/relbot_adapter' returned '0': CMAKE_PREFIX_PATH=${CMAKE_PREFIX_PATH}:/opt/ros/humble /usr/bin/cmake --install /home/sdfr-ppd-16/ros2_ws/build/relbot_adapter
