[0.065s] Invoking command in '/home/sdfr-ppd-16/ros2_ws/build/xrf2_msgs': CMAKE_PREFIX_PATH=${CMAKE_PREFIX_PATH}:/opt/ros/humble /usr/bin/cmake /home/sdfr-ppd-16/ros2_ws/src/XRF2/XenoRosFramework/Common/XRF2_msgs -DCMAKE_INSTALL_PREFIX=/home/sdfr-ppd-16/ros2_ws/install/xrf2_msgs
[0.352s] -- The C compiler identification is GNU 11.4.0
[0.647s] -- The CXX compiler identification is GNU 11.4.0
[0.683s] -- Detecting C compiler ABI info
[1.010s] -- Detecting C compiler ABI info - done
[1.058s] -- Check for working C compiler: /usr/bin/cc - skipped
[1.061s] -- Detecting C compile features
[1.063s] -- Detecting C compile features - done
[1.078s] -- Detecting CXX compiler ABI info
[1.449s] -- Detecting CXX compiler ABI info - done
[1.496s] -- Check for working CXX compiler: /usr/bin/c++ - skipped
[1.498s] -- Detecting CXX compile features
[1.507s] -- Detecting CXX compile features - done
[1.524s] -- Found ament_cmake: 1.3.11 (/opt/ros/humble/share/ament_cmake/cmake)
[2.443s] -- Found Python3: /usr/bin/python3 (found version "3.10.12") found components: Interpreter 
[2.906s] -- Found rosidl_default_generators: 1.2.0 (/opt/ros/humble/share/rosidl_default_generators/cmake)
[2.922s] -- Using all available rosidl_typesupport_c: rosidl_typesupport_fastrtps_c;rosidl_typesupport_introspection_c
[2.949s] -- Found rosidl_adapter: 3.1.6 (/opt/ros/humble/share/rosidl_adapter/cmake)
[3.098s] -- Using all available rosidl_typesupport_cpp: rosidl_typesupport_fastrtps_cpp;rosidl_typesupport_introspection_cpp
[4.487s] -- Found ament_cmake_ros: 0.10.0 (/opt/ros/humble/share/ament_cmake_ros/cmake)
[5.413s] -- Using all available rosidl_typesupport_c: rosidl_typesupport_fastrtps_c;rosidl_typesupport_introspection_c
[6.558s] -- Using all available rosidl_typesupport_cpp: rosidl_typesupport_fastrtps_cpp;rosidl_typesupport_introspection_cpp
[6.663s] -- Found PythonInterp: /usr/bin/python3 (found suitable version "3.10.12", minimum required is "3.6") 
[6.673s] -- Found python_cmake_module: 0.10.0 (/opt/ros/humble/share/python_cmake_module/cmake)
[6.814s] -- Found PythonLibs: /usr/lib/aarch64-linux-gnu/libpython3.10.so (found suitable version "3.10.12", minimum required is "3.5") 
[6.817s] -- Using PYTHON_EXECUTABLE: /usr/bin/python3
[6.819s] -- Using PYTHON_INCLUDE_DIRS: /usr/include/python3.10
[6.821s] -- Using PYTHON_LIBRARIES: /usr/lib/aarch64-linux-gnu/libpython3.10.so
[6.952s] -- Found PythonExtra: .so  
[7.147s] -- Found ament_lint_auto: 0.12.11 (/opt/ros/humble/share/ament_lint_auto/cmake)
[7.271s] -- Added test 'lint_cmake' to check CMake code style
[7.279s] -- Added test 'xmllint' to check XML markup files
[7.294s] -- Configuring done
[7.539s] -- Generating done
[7.634s] -- Build files have been written to: /home/sdfr-ppd-16/ros2_ws/build/xrf2_msgs
[7.659s] Invoked command in '/home/sdfr-ppd-16/ros2_ws/build/xrf2_msgs' returned '0': CMAKE_PREFIX_PATH=${CMAKE_PREFIX_PATH}:/opt/ros/humble /usr/bin/cmake /home/sdfr-ppd-16/ros2_ws/src/XRF2/XenoRosFramework/Common/XRF2_msgs -DCMAKE_INSTALL_PREFIX=/home/sdfr-ppd-16/ros2_ws/install/xrf2_msgs
[7.664s] Invoking command in '/home/sdfr-ppd-16/ros2_ws/build/xrf2_msgs': CMAKE_PREFIX_PATH=${CMAKE_PREFIX_PATH}:/opt/ros/humble /usr/bin/cmake --build /home/sdfr-ppd-16/ros2_ws/build/xrf2_msgs -- -j3 -l3
[7.847s] [35m[1mConsolidate compiler generated dependencies of target xrf2_msgs__rosidl_generator_c[0m
[7.991s] [ 10%] Built target xrf2_msgs__rosidl_generator_c
[8.002s] [ 12%] Built target xrf2_msgs__cpp
[8.030s] [ 12%] Built target ament_cmake_python_copy_xrf2_msgs
[8.067s] [35m[1mConsolidate compiler generated dependencies of target xrf2_msgs__rosidl_typesupport_fastrtps_c[0m
[8.091s] [35m[1mConsolidate compiler generated dependencies of target xrf2_msgs__rosidl_typesupport_introspection_c[0m
[8.118s] [35m[1mConsolidate compiler generated dependencies of target xrf2_msgs__rosidl_typesupport_c[0m
[8.258s] [ 23%] Built target xrf2_msgs__rosidl_typesupport_introspection_c
[8.265s] [ 33%] Built target xrf2_msgs__rosidl_typesupport_c
[8.313s] [35m[1mConsolidate compiler generated dependencies of target xrf2_msgs__rosidl_typesupport_fastrtps_cpp[0m
[8.326s] [ 43%] Built target xrf2_msgs__rosidl_typesupport_fastrtps_c
[8.365s] [35m[1mConsolidate compiler generated dependencies of target xrf2_msgs__rosidl_typesupport_introspection_cpp[0m
[8.557s] [ 53%] Built target xrf2_msgs__rosidl_typesupport_fastrtps_cpp
[8.629s] [35m[1mConsolidate compiler generated dependencies of target xrf2_msgs__rosidl_typesupport_cpp[0m
[8.774s] [ 64%] Built target xrf2_msgs__rosidl_typesupport_introspection_cpp
[8.998s] [ 74%] Built target xrf2_msgs__rosidl_typesupport_cpp
[9.220s] [ 74%] Built target xrf2_msgs
[9.295s] [ 76%] Built target xrf2_msgs__py
[9.331s] [35m[1mConsolidate compiler generated dependencies of target xrf2_msgs__rosidl_generator_py[0m
[9.650s] [ 84%] Built target xrf2_msgs__rosidl_generator_py
[9.736s] [35m[1mConsolidate compiler generated dependencies of target xrf2_msgs__rosidl_typesupport_fastrtps_c__pyext[0m
[9.754s] [35m[1mConsolidate compiler generated dependencies of target xrf2_msgs__rosidl_typesupport_introspection_c__pyext[0m
[10.042s] [ 89%] Built target xrf2_msgs__rosidl_typesupport_introspection_c__pyext
[10.145s] [35m[1mConsolidate compiler generated dependencies of target xrf2_msgs__rosidl_typesupport_c__pyext[0m
[10.229s] running egg_info
[10.233s] writing xrf2_msgs.egg-info/PKG-INFO
[10.235s] writing dependency_links to xrf2_msgs.egg-info/dependency_links.txt
[10.244s] writing top-level names to xrf2_msgs.egg-info/top_level.txt
[10.263s] [ 94%] Built target xrf2_msgs__rosidl_typesupport_fastrtps_c__pyext
[10.275s] reading manifest file 'xrf2_msgs.egg-info/SOURCES.txt'
[10.277s] writing manifest file 'xrf2_msgs.egg-info/SOURCES.txt'
[10.530s] [100%] Built target xrf2_msgs__rosidl_typesupport_c__pyext
[10.581s] [100%] Built target ament_cmake_python_build_xrf2_msgs_egg
[10.652s] Invoked command in '/home/sdfr-ppd-16/ros2_ws/build/xrf2_msgs' returned '0': CMAKE_PREFIX_PATH=${CMAKE_PREFIX_PATH}:/opt/ros/humble /usr/bin/cmake --build /home/sdfr-ppd-16/ros2_ws/build/xrf2_msgs -- -j3 -l3
[10.655s] Invoking command in '/home/sdfr-ppd-16/ros2_ws/build/xrf2_msgs': CMAKE_PREFIX_PATH=${CMAKE_PREFIX_PATH}:/opt/ros/humble /usr/bin/cmake --install /home/sdfr-ppd-16/ros2_ws/build/xrf2_msgs
[10.695s] -- Install configuration: ""
[10.697s] -- Up-to-date: /home/sdfr-ppd-16/ros2_ws/install/xrf2_msgs/share/ament_index/resource_index/rosidl_interfaces/xrf2_msgs
[10.698s] -- Up-to-date: /home/sdfr-ppd-16/ros2_ws/install/xrf2_msgs/include/xrf2_msgs/xrf2_msgs
[10.699s] -- Up-to-date: /home/sdfr-ppd-16/ros2_ws/install/xrf2_msgs/include/xrf2_msgs/xrf2_msgs/msg
[10.700s] -- Up-to-date: /home/sdfr-ppd-16/ros2_ws/install/xrf2_msgs/include/xrf2_msgs/xrf2_msgs/msg/rosidl_generator_c__visibility_control.h
[10.701s] -- Up-to-date: /home/sdfr-ppd-16/ros2_ws/install/xrf2_msgs/include/xrf2_msgs/xrf2_msgs/msg/xeno2_ros.h
[10.703s] -- Up-to-date: /home/sdfr-ppd-16/ros2_ws/install/xrf2_msgs/include/xrf2_msgs/xrf2_msgs/msg/detail
[10.711s] -- Up-to-date: /home/sdfr-ppd-16/ros2_ws/install/xrf2_msgs/include/xrf2_msgs/xrf2_msgs/msg/detail/ros2_xeno__functions.h
[10.712s] -- Up-to-date: /home/sdfr-ppd-16/ros2_ws/install/xrf2_msgs/include/xrf2_msgs/xrf2_msgs/msg/detail/xeno2_ros__type_support.h
[10.714s] -- Up-to-date: /home/sdfr-ppd-16/ros2_ws/install/xrf2_msgs/include/xrf2_msgs/xrf2_msgs/msg/detail/ros2_xeno__functions.c
[10.715s] -- Up-to-date: /home/sdfr-ppd-16/ros2_ws/install/xrf2_msgs/include/xrf2_msgs/xrf2_msgs/msg/detail/ros2_xeno__type_support.h
[10.716s] -- Up-to-date: /home/sdfr-ppd-16/ros2_ws/install/xrf2_msgs/include/xrf2_msgs/xrf2_msgs/msg/detail/xeno2_ros__functions.h
[10.717s] -- Up-to-date: /home/sdfr-ppd-16/ros2_ws/install/xrf2_msgs/include/xrf2_msgs/xrf2_msgs/msg/detail/xeno2_ros__struct.h
[10.718s] -- Up-to-date: /home/sdfr-ppd-16/ros2_ws/install/xrf2_msgs/include/xrf2_msgs/xrf2_msgs/msg/detail/xeno2_ros__functions.c
[10.719s] -- Up-to-date: /home/sdfr-ppd-16/ros2_ws/install/xrf2_msgs/include/xrf2_msgs/xrf2_msgs/msg/detail/ros2_xeno__struct.h
[10.720s] -- Up-to-date: /home/sdfr-ppd-16/ros2_ws/install/xrf2_msgs/include/xrf2_msgs/xrf2_msgs/msg/ros2_xeno.h
[10.722s] -- Up-to-date: /home/sdfr-ppd-16/ros2_ws/install/xrf2_msgs/share/xrf2_msgs/environment/library_path.sh
[10.739s] -- Installing: /home/sdfr-ppd-16/ros2_ws/install/xrf2_msgs/share/xrf2_msgs/environment/library_path.dsv
[10.740s] -- Up-to-date: /home/sdfr-ppd-16/ros2_ws/install/xrf2_msgs/lib/libxrf2_msgs__rosidl_generator_c.so
[10.742s] -- Up-to-date: /home/sdfr-ppd-16/ros2_ws/install/xrf2_msgs/include/xrf2_msgs/xrf2_msgs
[10.743s] -- Up-to-date: /home/sdfr-ppd-16/ros2_ws/install/xrf2_msgs/include/xrf2_msgs/xrf2_msgs/msg
[10.744s] -- Up-to-date: /home/sdfr-ppd-16/ros2_ws/install/xrf2_msgs/include/xrf2_msgs/xrf2_msgs/msg/detail
[10.745s] -- Up-to-date: /home/sdfr-ppd-16/ros2_ws/install/xrf2_msgs/include/xrf2_msgs/xrf2_msgs/msg/detail/xeno2_ros__rosidl_typesupport_fastrtps_c.h
[10.746s] -- Up-to-date: /home/sdfr-ppd-16/ros2_ws/install/xrf2_msgs/include/xrf2_msgs/xrf2_msgs/msg/detail/ros2_xeno__rosidl_typesupport_fastrtps_c.h
[10.756s] -- Up-to-date: /home/sdfr-ppd-16/ros2_ws/install/xrf2_msgs/include/xrf2_msgs/xrf2_msgs/msg/rosidl_typesupport_fastrtps_c__visibility_control.h
[10.757s] -- Up-to-date: /home/sdfr-ppd-16/ros2_ws/install/xrf2_msgs/lib/libxrf2_msgs__rosidl_typesupport_fastrtps_c.so
[10.760s] -- Up-to-date: /home/sdfr-ppd-16/ros2_ws/install/xrf2_msgs/include/xrf2_msgs/xrf2_msgs
[10.761s] -- Up-to-date: /home/sdfr-ppd-16/ros2_ws/install/xrf2_msgs/include/xrf2_msgs/xrf2_msgs/msg
[10.763s] -- Up-to-date: /home/sdfr-ppd-16/ros2_ws/install/xrf2_msgs/include/xrf2_msgs/xrf2_msgs/msg/rosidl_typesupport_introspection_c__visibility_control.h
[10.764s] -- Up-to-date: /home/sdfr-ppd-16/ros2_ws/install/xrf2_msgs/include/xrf2_msgs/xrf2_msgs/msg/detail
[10.766s] -- Up-to-date: /home/sdfr-ppd-16/ros2_ws/install/xrf2_msgs/include/xrf2_msgs/xrf2_msgs/msg/detail/xeno2_ros__type_support.c
[10.779s] -- Up-to-date: /home/sdfr-ppd-16/ros2_ws/install/xrf2_msgs/include/xrf2_msgs/xrf2_msgs/msg/detail/ros2_xeno__type_support.c
[10.781s] -- Up-to-date: /home/sdfr-ppd-16/ros2_ws/install/xrf2_msgs/include/xrf2_msgs/xrf2_msgs/msg/detail/xeno2_ros__rosidl_typesupport_introspection_c.h
[10.783s] -- Up-to-date: /home/sdfr-ppd-16/ros2_ws/install/xrf2_msgs/include/xrf2_msgs/xrf2_msgs/msg/detail/ros2_xeno__rosidl_typesupport_introspection_c.h
[10.784s] -- Up-to-date: /home/sdfr-ppd-16/ros2_ws/install/xrf2_msgs/lib/libxrf2_msgs__rosidl_typesupport_introspection_c.so
[10.785s] -- Up-to-date: /home/sdfr-ppd-16/ros2_ws/install/xrf2_msgs/lib/libxrf2_msgs__rosidl_typesupport_c.so
[10.786s] -- Up-to-date: /home/sdfr-ppd-16/ros2_ws/install/xrf2_msgs/include/xrf2_msgs/xrf2_msgs
[10.788s] -- Up-to-date: /home/sdfr-ppd-16/ros2_ws/install/xrf2_msgs/include/xrf2_msgs/xrf2_msgs/msg
[10.789s] -- Up-to-date: /home/sdfr-ppd-16/ros2_ws/install/xrf2_msgs/include/xrf2_msgs/xrf2_msgs/msg/xeno2_ros.hpp
[10.802s] -- Up-to-date: /home/sdfr-ppd-16/ros2_ws/install/xrf2_msgs/include/xrf2_msgs/xrf2_msgs/msg/detail
[10.805s] -- Up-to-date: /home/sdfr-ppd-16/ros2_ws/install/xrf2_msgs/include/xrf2_msgs/xrf2_msgs/msg/detail/xeno2_ros__traits.hpp
[10.806s] -- Up-to-date: /home/sdfr-ppd-16/ros2_ws/install/xrf2_msgs/include/xrf2_msgs/xrf2_msgs/msg/detail/xeno2_ros__struct.hpp
[10.808s] -- Up-to-date: /home/sdfr-ppd-16/ros2_ws/install/xrf2_msgs/include/xrf2_msgs/xrf2_msgs/msg/detail/xeno2_ros__type_support.hpp
[10.809s] -- Up-to-date: /home/sdfr-ppd-16/ros2_ws/install/xrf2_msgs/include/xrf2_msgs/xrf2_msgs/msg/detail/ros2_xeno__struct.hpp
[10.810s] -- Up-to-date: /home/sdfr-ppd-16/ros2_ws/install/xrf2_msgs/include/xrf2_msgs/xrf2_msgs/msg/detail/xeno2_ros__builder.hpp
[10.812s] -- Up-to-date: /home/sdfr-ppd-16/ros2_ws/install/xrf2_msgs/include/xrf2_msgs/xrf2_msgs/msg/detail/ros2_xeno__type_support.hpp
[10.813s] -- Up-to-date: /home/sdfr-ppd-16/ros2_ws/install/xrf2_msgs/include/xrf2_msgs/xrf2_msgs/msg/detail/ros2_xeno__builder.hpp
[10.815s] -- Up-to-date: /home/sdfr-ppd-16/ros2_ws/install/xrf2_msgs/include/xrf2_msgs/xrf2_msgs/msg/detail/ros2_xeno__traits.hpp
[10.816s] -- Up-to-date: /home/sdfr-ppd-16/ros2_ws/install/xrf2_msgs/include/xrf2_msgs/xrf2_msgs/msg/rosidl_generator_cpp__visibility_control.hpp
[10.828s] -- Up-to-date: /home/sdfr-ppd-16/ros2_ws/install/xrf2_msgs/include/xrf2_msgs/xrf2_msgs/msg/ros2_xeno.hpp
[10.829s] -- Up-to-date: /home/sdfr-ppd-16/ros2_ws/install/xrf2_msgs/include/xrf2_msgs/xrf2_msgs
[10.830s] -- Up-to-date: /home/sdfr-ppd-16/ros2_ws/install/xrf2_msgs/include/xrf2_msgs/xrf2_msgs/msg
[10.832s] -- Up-to-date: /home/sdfr-ppd-16/ros2_ws/install/xrf2_msgs/include/xrf2_msgs/xrf2_msgs/msg/detail
[10.834s] -- Up-to-date: /home/sdfr-ppd-16/ros2_ws/install/xrf2_msgs/include/xrf2_msgs/xrf2_msgs/msg/detail/dds_fastrtps
[10.836s] -- Up-to-date: /home/sdfr-ppd-16/ros2_ws/install/xrf2_msgs/include/xrf2_msgs/xrf2_msgs/msg/detail/ros2_xeno__rosidl_typesupport_fastrtps_cpp.hpp
[10.837s] -- Up-to-date: /home/sdfr-ppd-16/ros2_ws/install/xrf2_msgs/include/xrf2_msgs/xrf2_msgs/msg/detail/xeno2_ros__rosidl_typesupport_fastrtps_cpp.hpp
[10.851s] -- Up-to-date: /home/sdfr-ppd-16/ros2_ws/install/xrf2_msgs/include/xrf2_msgs/xrf2_msgs/msg/rosidl_typesupport_fastrtps_cpp__visibility_control.h
[10.852s] -- Up-to-date: /home/sdfr-ppd-16/ros2_ws/install/xrf2_msgs/lib/libxrf2_msgs__rosidl_typesupport_fastrtps_cpp.so
[10.853s] -- Up-to-date: /home/sdfr-ppd-16/ros2_ws/install/xrf2_msgs/include/xrf2_msgs/xrf2_msgs
[10.855s] -- Up-to-date: /home/sdfr-ppd-16/ros2_ws/install/xrf2_msgs/include/xrf2_msgs/xrf2_msgs/msg
[10.856s] -- Up-to-date: /home/sdfr-ppd-16/ros2_ws/install/xrf2_msgs/include/xrf2_msgs/xrf2_msgs/msg/detail
[10.857s] -- Up-to-date: /home/sdfr-ppd-16/ros2_ws/install/xrf2_msgs/include/xrf2_msgs/xrf2_msgs/msg/detail/ros2_xeno__rosidl_typesupport_introspection_cpp.hpp
[10.858s] -- Up-to-date: /home/sdfr-ppd-16/ros2_ws/install/xrf2_msgs/include/xrf2_msgs/xrf2_msgs/msg/detail/xeno2_ros__rosidl_typesupport_introspection_cpp.hpp
[10.860s] -- Up-to-date: /home/sdfr-ppd-16/ros2_ws/install/xrf2_msgs/include/xrf2_msgs/xrf2_msgs/msg/detail/ros2_xeno__type_support.cpp
[10.861s] -- Up-to-date: /home/sdfr-ppd-16/ros2_ws/install/xrf2_msgs/include/xrf2_msgs/xrf2_msgs/msg/detail/xeno2_ros__type_support.cpp
[10.862s] -- Up-to-date: /home/sdfr-ppd-16/ros2_ws/install/xrf2_msgs/lib/libxrf2_msgs__rosidl_typesupport_introspection_cpp.so
[10.876s] -- Up-to-date: /home/sdfr-ppd-16/ros2_ws/install/xrf2_msgs/lib/libxrf2_msgs__rosidl_typesupport_cpp.so
[10.877s] -- Up-to-date: /home/sdfr-ppd-16/ros2_ws/install/xrf2_msgs/share/xrf2_msgs/environment/pythonpath.sh
[10.879s] -- Installing: /home/sdfr-ppd-16/ros2_ws/install/xrf2_msgs/share/xrf2_msgs/environment/pythonpath.dsv
[10.880s] -- Up-to-date: /home/sdfr-ppd-16/ros2_ws/install/xrf2_msgs/local/lib/python3.10/dist-packages/xrf2_msgs-0.0.0-py3.10.egg-info
[10.881s] -- Installing: /home/sdfr-ppd-16/ros2_ws/install/xrf2_msgs/local/lib/python3.10/dist-packages/xrf2_msgs-0.0.0-py3.10.egg-info/dependency_links.txt
[10.882s] -- Installing: /home/sdfr-ppd-16/ros2_ws/install/xrf2_msgs/local/lib/python3.10/dist-packages/xrf2_msgs-0.0.0-py3.10.egg-info/PKG-INFO
[10.884s] -- Installing: /home/sdfr-ppd-16/ros2_ws/install/xrf2_msgs/local/lib/python3.10/dist-packages/xrf2_msgs-0.0.0-py3.10.egg-info/SOURCES.txt
[10.885s] -- Installing: /home/sdfr-ppd-16/ros2_ws/install/xrf2_msgs/local/lib/python3.10/dist-packages/xrf2_msgs-0.0.0-py3.10.egg-info/top_level.txt
[10.886s] -- Up-to-date: /home/sdfr-ppd-16/ros2_ws/install/xrf2_msgs/local/lib/python3.10/dist-packages/xrf2_msgs
[10.899s] -- Up-to-date: /home/sdfr-ppd-16/ros2_ws/install/xrf2_msgs/local/lib/python3.10/dist-packages/xrf2_msgs/xrf2_msgs_s__rosidl_typesupport_fastrtps_c.cpython-310-x86_64-linux-gnu.so
[10.901s] -- Up-to-date: /home/sdfr-ppd-16/ros2_ws/install/xrf2_msgs/local/lib/python3.10/dist-packages/xrf2_msgs/_xrf2_msgs_s.ep.rosidl_typesupport_introspection_c.c
[10.902s] -- Up-to-date: /home/sdfr-ppd-16/ros2_ws/install/xrf2_msgs/local/lib/python3.10/dist-packages/xrf2_msgs/xrf2_msgs_s__rosidl_typesupport_fastrtps_c.cpython-310-aarch64-linux-gnu.so
[10.903s] -- Up-to-date: /home/sdfr-ppd-16/ros2_ws/install/xrf2_msgs/local/lib/python3.10/dist-packages/xrf2_msgs/_xrf2_msgs_s.ep.rosidl_typesupport_c.c
[10.916s] -- Up-to-date: /home/sdfr-ppd-16/ros2_ws/install/xrf2_msgs/local/lib/python3.10/dist-packages/xrf2_msgs/xrf2_msgs_s__rosidl_typesupport_c.cpython-310-x86_64-linux-gnu.so
[10.917s] -- Up-to-date: /home/sdfr-ppd-16/ros2_ws/install/xrf2_msgs/local/lib/python3.10/dist-packages/xrf2_msgs/xrf2_msgs_s__rosidl_typesupport_introspection_c.cpython-310-x86_64-linux-gnu.so
[10.918s] -- Up-to-date: /home/sdfr-ppd-16/ros2_ws/install/xrf2_msgs/local/lib/python3.10/dist-packages/xrf2_msgs/xrf2_msgs_s__rosidl_typesupport_introspection_c.cpython-310-aarch64-linux-gnu.so
[10.919s] -- Up-to-date: /home/sdfr-ppd-16/ros2_ws/install/xrf2_msgs/local/lib/python3.10/dist-packages/xrf2_msgs/msg
[10.920s] -- Up-to-date: /home/sdfr-ppd-16/ros2_ws/install/xrf2_msgs/local/lib/python3.10/dist-packages/xrf2_msgs/msg/_ros2_xeno_s.c
[10.922s] -- Up-to-date: /home/sdfr-ppd-16/ros2_ws/install/xrf2_msgs/local/lib/python3.10/dist-packages/xrf2_msgs/msg/_xeno2_ros.py
[10.923s] -- Up-to-date: /home/sdfr-ppd-16/ros2_ws/install/xrf2_msgs/local/lib/python3.10/dist-packages/xrf2_msgs/msg/_xeno2_ros_s.c
[10.925s] -- Up-to-date: /home/sdfr-ppd-16/ros2_ws/install/xrf2_msgs/local/lib/python3.10/dist-packages/xrf2_msgs/msg/__init__.py
[10.926s] -- Up-to-date: /home/sdfr-ppd-16/ros2_ws/install/xrf2_msgs/local/lib/python3.10/dist-packages/xrf2_msgs/msg/_ros2_xeno.py
[10.939s] -- Up-to-date: /home/sdfr-ppd-16/ros2_ws/install/xrf2_msgs/local/lib/python3.10/dist-packages/xrf2_msgs/xrf2_msgs_s__rosidl_typesupport_c.cpython-310-aarch64-linux-gnu.so
[10.940s] -- Installing: /home/sdfr-ppd-16/ros2_ws/install/xrf2_msgs/local/lib/python3.10/dist-packages/xrf2_msgs/__init__.py
[10.942s] -- Up-to-date: /home/sdfr-ppd-16/ros2_ws/install/xrf2_msgs/local/lib/python3.10/dist-packages/xrf2_msgs/libxrf2_msgs__rosidl_generator_py.so
[10.943s] -- Up-to-date: /home/sdfr-ppd-16/ros2_ws/install/xrf2_msgs/local/lib/python3.10/dist-packages/xrf2_msgs/_xrf2_msgs_s.ep.rosidl_typesupport_fastrtps_c.c
[10.959s] Listing '/home/sdfr-ppd-16/ros2_ws/install/xrf2_msgs/local/lib/python3.10/dist-packages/xrf2_msgs'...
[10.961s] Compiling '/home/sdfr-ppd-16/ros2_ws/install/xrf2_msgs/local/lib/python3.10/dist-packages/xrf2_msgs/__init__.py'...
[10.963s] Listing '/home/sdfr-ppd-16/ros2_ws/install/xrf2_msgs/local/lib/python3.10/dist-packages/xrf2_msgs/msg'...
[10.993s] -- Up-to-date: /home/sdfr-ppd-16/ros2_ws/install/xrf2_msgs/local/lib/python3.10/dist-packages/xrf2_msgs/xrf2_msgs_s__rosidl_typesupport_fastrtps_c.cpython-310-aarch64-linux-gnu.so
[10.997s] -- Up-to-date: /home/sdfr-ppd-16/ros2_ws/install/xrf2_msgs/local/lib/python3.10/dist-packages/xrf2_msgs/xrf2_msgs_s__rosidl_typesupport_introspection_c.cpython-310-aarch64-linux-gnu.so
[10.998s] -- Up-to-date: /home/sdfr-ppd-16/ros2_ws/install/xrf2_msgs/local/lib/python3.10/dist-packages/xrf2_msgs/xrf2_msgs_s__rosidl_typesupport_c.cpython-310-aarch64-linux-gnu.so
[11.000s] -- Up-to-date: /home/sdfr-ppd-16/ros2_ws/install/xrf2_msgs/lib/libxrf2_msgs__rosidl_generator_py.so
[11.001s] -- Up-to-date: /home/sdfr-ppd-16/ros2_ws/install/xrf2_msgs/share/xrf2_msgs/msg/Ros2Xeno.idl
[11.011s] -- Up-to-date: /home/sdfr-ppd-16/ros2_ws/install/xrf2_msgs/share/xrf2_msgs/msg/Xeno2Ros.idl
[11.013s] -- Up-to-date: /home/sdfr-ppd-16/ros2_ws/install/xrf2_msgs/share/xrf2_msgs/msg/Ros2Xeno.msg
[11.015s] -- Up-to-date: /home/sdfr-ppd-16/ros2_ws/install/xrf2_msgs/share/xrf2_msgs/msg/Xeno2Ros.msg
[11.017s] -- Up-to-date: /home/sdfr-ppd-16/ros2_ws/install/xrf2_msgs/share/ament_index/resource_index/package_run_dependencies/xrf2_msgs
[11.018s] -- Installing: /home/sdfr-ppd-16/ros2_ws/install/xrf2_msgs/share/ament_index/resource_index/parent_prefix_path/xrf2_msgs
[11.019s] -- Up-to-date: /home/sdfr-ppd-16/ros2_ws/install/xrf2_msgs/share/xrf2_msgs/environment/ament_prefix_path.sh
[11.021s] -- Installing: /home/sdfr-ppd-16/ros2_ws/install/xrf2_msgs/share/xrf2_msgs/environment/ament_prefix_path.dsv
[11.022s] -- Up-to-date: /home/sdfr-ppd-16/ros2_ws/install/xrf2_msgs/share/xrf2_msgs/environment/path.sh
[11.024s] -- Installing: /home/sdfr-ppd-16/ros2_ws/install/xrf2_msgs/share/xrf2_msgs/environment/path.dsv
[11.046s] -- Up-to-date: /home/sdfr-ppd-16/ros2_ws/install/xrf2_msgs/share/xrf2_msgs/local_setup.bash
[11.048s] -- Up-to-date: /home/sdfr-ppd-16/ros2_ws/install/xrf2_msgs/share/xrf2_msgs/local_setup.sh
[11.049s] -- Up-to-date: /home/sdfr-ppd-16/ros2_ws/install/xrf2_msgs/share/xrf2_msgs/local_setup.zsh
[11.051s] -- Installing: /home/sdfr-ppd-16/ros2_ws/install/xrf2_msgs/share/xrf2_msgs/local_setup.dsv
[11.052s] -- Installing: /home/sdfr-ppd-16/ros2_ws/install/xrf2_msgs/share/xrf2_msgs/package.dsv
[11.053s] -- Up-to-date: /home/sdfr-ppd-16/ros2_ws/install/xrf2_msgs/share/ament_index/resource_index/packages/xrf2_msgs
[11.083s] -- Up-to-date: /home/sdfr-ppd-16/ros2_ws/install/xrf2_msgs/share/xrf2_msgs/cmake/export_xrf2_msgs__rosidl_generator_cExport.cmake
[11.085s] -- Up-to-date: /home/sdfr-ppd-16/ros2_ws/install/xrf2_msgs/share/xrf2_msgs/cmake/export_xrf2_msgs__rosidl_generator_cExport-noconfig.cmake
[11.088s] -- Up-to-date: /home/sdfr-ppd-16/ros2_ws/install/xrf2_msgs/share/xrf2_msgs/cmake/export_xrf2_msgs__rosidl_typesupport_fastrtps_cExport.cmake
[11.090s] -- Up-to-date: /home/sdfr-ppd-16/ros2_ws/install/xrf2_msgs/share/xrf2_msgs/cmake/export_xrf2_msgs__rosidl_typesupport_fastrtps_cExport-noconfig.cmake
[11.091s] -- Up-to-date: /home/sdfr-ppd-16/ros2_ws/install/xrf2_msgs/share/xrf2_msgs/cmake/xrf2_msgs__rosidl_typesupport_introspection_cExport.cmake
[11.093s] -- Up-to-date: /home/sdfr-ppd-16/ros2_ws/install/xrf2_msgs/share/xrf2_msgs/cmake/xrf2_msgs__rosidl_typesupport_introspection_cExport-noconfig.cmake
[11.094s] -- Up-to-date: /home/sdfr-ppd-16/ros2_ws/install/xrf2_msgs/share/xrf2_msgs/cmake/xrf2_msgs__rosidl_typesupport_cExport.cmake
[11.095s] -- Up-to-date: /home/sdfr-ppd-16/ros2_ws/install/xrf2_msgs/share/xrf2_msgs/cmake/xrf2_msgs__rosidl_typesupport_cExport-noconfig.cmake
[11.097s] -- Up-to-date: /home/sdfr-ppd-16/ros2_ws/install/xrf2_msgs/share/xrf2_msgs/cmake/export_xrf2_msgs__rosidl_generator_cppExport.cmake
[11.098s] -- Up-to-date: /home/sdfr-ppd-16/ros2_ws/install/xrf2_msgs/share/xrf2_msgs/cmake/export_xrf2_msgs__rosidl_typesupport_fastrtps_cppExport.cmake
[11.111s] -- Up-to-date: /home/sdfr-ppd-16/ros2_ws/install/xrf2_msgs/share/xrf2_msgs/cmake/export_xrf2_msgs__rosidl_typesupport_fastrtps_cppExport-noconfig.cmake
[11.114s] -- Up-to-date: /home/sdfr-ppd-16/ros2_ws/install/xrf2_msgs/share/xrf2_msgs/cmake/xrf2_msgs__rosidl_typesupport_introspection_cppExport.cmake
[11.115s] -- Up-to-date: /home/sdfr-ppd-16/ros2_ws/install/xrf2_msgs/share/xrf2_msgs/cmake/xrf2_msgs__rosidl_typesupport_introspection_cppExport-noconfig.cmake
[11.117s] -- Up-to-date: /home/sdfr-ppd-16/ros2_ws/install/xrf2_msgs/share/xrf2_msgs/cmake/xrf2_msgs__rosidl_typesupport_cppExport.cmake
[11.118s] -- Up-to-date: /home/sdfr-ppd-16/ros2_ws/install/xrf2_msgs/share/xrf2_msgs/cmake/xrf2_msgs__rosidl_typesupport_cppExport-noconfig.cmake
[11.136s] -- Up-to-date: /home/sdfr-ppd-16/ros2_ws/install/xrf2_msgs/share/xrf2_msgs/cmake/export_xrf2_msgs__rosidl_generator_pyExport.cmake
[11.137s] -- Up-to-date: /home/sdfr-ppd-16/ros2_ws/install/xrf2_msgs/share/xrf2_msgs/cmake/export_xrf2_msgs__rosidl_generator_pyExport-noconfig.cmake
[11.138s] -- Up-to-date: /home/sdfr-ppd-16/ros2_ws/install/xrf2_msgs/share/xrf2_msgs/cmake/rosidl_cmake-extras.cmake
[11.140s] -- Up-to-date: /home/sdfr-ppd-16/ros2_ws/install/xrf2_msgs/share/xrf2_msgs/cmake/ament_cmake_export_include_directories-extras.cmake
[11.141s] -- Up-to-date: /home/sdfr-ppd-16/ros2_ws/install/xrf2_msgs/share/xrf2_msgs/cmake/ament_cmake_export_libraries-extras.cmake
[11.142s] -- Up-to-date: /home/sdfr-ppd-16/ros2_ws/install/xrf2_msgs/share/xrf2_msgs/cmake/ament_cmake_export_targets-extras.cmake
[11.172s] -- Up-to-date: /home/sdfr-ppd-16/ros2_ws/install/xrf2_msgs/share/xrf2_msgs/cmake/rosidl_cmake_export_typesupport_targets-extras.cmake
[11.175s] -- Up-to-date: /home/sdfr-ppd-16/ros2_ws/install/xrf2_msgs/share/xrf2_msgs/cmake/ament_cmake_export_dependencies-extras.cmake
[11.176s] -- Up-to-date: /home/sdfr-ppd-16/ros2_ws/install/xrf2_msgs/share/xrf2_msgs/cmake/rosidl_cmake_export_typesupport_libraries-extras.cmake
[11.178s] -- Up-to-date: /home/sdfr-ppd-16/ros2_ws/install/xrf2_msgs/share/xrf2_msgs/cmake/xrf2_msgsConfig.cmake
[11.180s] -- Up-to-date: /home/sdfr-ppd-16/ros2_ws/install/xrf2_msgs/share/xrf2_msgs/cmake/xrf2_msgsConfig-version.cmake
[11.181s] -- Up-to-date: /home/sdfr-ppd-16/ros2_ws/install/xrf2_msgs/share/xrf2_msgs/package.xml
[11.182s] Invoked command in '/home/sdfr-ppd-16/ros2_ws/build/xrf2_msgs' returned '0': CMAKE_PREFIX_PATH=${CMAKE_PREFIX_PATH}:/opt/ros/humble /usr/bin/cmake --install /home/sdfr-ppd-16/ros2_ws/build/xrf2_msgs
