[0.071s] Invoking command in '/home/sdfr-ppd-16/ros2_ws/build/relbot2turtlesim': CMAKE_PREFIX_PATH=/opt/ros/humble /usr/bin/cmake --build /home/sdfr-ppd-16/ros2_ws/build/relbot2turtlesim -- -j3 -l3
[0.592s] [100%] Built target relbot2turtlesim
[0.666s] Invoked command in '/home/sdfr-ppd-16/ros2_ws/build/relbot2turtlesim' returned '0': CMAKE_PREFIX_PATH=/opt/ros/humble /usr/bin/cmake --build /home/sdfr-ppd-16/ros2_ws/build/relbot2turtlesim -- -j3 -l3
[0.684s] Invoking command in '/home/sdfr-ppd-16/ros2_ws/build/relbot2turtlesim': CMAKE_PREFIX_PATH=/opt/ros/humble /usr/bin/cmake --install /home/sdfr-ppd-16/ros2_ws/build/relbot2turtlesim
[0.735s] -- Install configuration: ""
[0.745s] -- Up-to-date: /home/sdfr-ppd-16/ros2_ws/install/relbot2turtlesim/lib/relbot2turtlesim/relbot2turtlesim
[0.750s] -- Up-to-date: /home/sdfr-ppd-16/ros2_ws/install/relbot2turtlesim/share/ament_index/resource_index/package_run_dependencies/relbot2turtlesim
[0.752s] -- Up-to-date: /home/sdfr-ppd-16/ros2_ws/install/relbot2turtlesim/share/ament_index/resource_index/parent_prefix_path/relbot2turtlesim
[0.755s] -- Up-to-date: /home/sdfr-ppd-16/ros2_ws/install/relbot2turtlesim/share/relbot2turtlesim/environment/ament_prefix_path.sh
[0.758s] -- Up-to-date: /home/sdfr-ppd-16/ros2_ws/install/relbot2turtlesim/share/relbot2turtlesim/environment/ament_prefix_path.dsv
[0.759s] -- Up-to-date: /home/sdfr-ppd-16/ros2_ws/install/relbot2turtlesim/share/relbot2turtlesim/environment/path.sh
[0.762s] -- Up-to-date: /home/sdfr-ppd-16/ros2_ws/install/relbot2turtlesim/share/relbot2turtlesim/environment/path.dsv
[0.764s] -- Up-to-date: /home/sdfr-ppd-16/ros2_ws/install/relbot2turtlesim/share/relbot2turtlesim/local_setup.bash
[0.766s] -- Up-to-date: /home/sdfr-ppd-16/ros2_ws/install/relbot2turtlesim/share/relbot2turtlesim/local_setup.sh
[0.768s] -- Up-to-date: /home/sdfr-ppd-16/ros2_ws/install/relbot2turtlesim/share/relbot2turtlesim/local_setup.zsh
[0.774s] -- Up-to-date: /home/sdfr-ppd-16/ros2_ws/install/relbot2turtlesim/share/relbot2turtlesim/local_setup.dsv
[0.775s] -- Installing: /home/sdfr-ppd-16/ros2_ws/install/relbot2turtlesim/share/relbot2turtlesim/package.dsv
[0.780s] -- Up-to-date: /home/sdfr-ppd-16/ros2_ws/install/relbot2turtlesim/share/ament_index/resource_index/packages/relbot2turtlesim
[0.784s] -- Up-to-date: /home/sdfr-ppd-16/ros2_ws/install/relbot2turtlesim/share/relbot2turtlesim/cmake/relbot2turtlesimConfig.cmake
[0.785s] -- Up-to-date: /home/sdfr-ppd-16/ros2_ws/install/relbot2turtlesim/share/relbot2turtlesim/cmake/relbot2turtlesimConfig-version.cmake
[0.786s] -- Up-to-date: /home/sdfr-ppd-16/ros2_ws/install/relbot2turtlesim/share/relbot2turtlesim/package.xml
[0.812s] Invoked command in '/home/sdfr-ppd-16/ros2_ws/build/relbot2turtlesim' returned '0': CMAKE_PREFIX_PATH=/opt/ros/humble /usr/bin/cmake --install /home/sdfr-ppd-16/ros2_ws/build/relbot2turtlesim
