[ 10%] Built target relbot_msgs__rosidl_generator_c
[ 12%] Built target relbot_msgs__cpp
[ 12%] Built target ament_cmake_python_copy_relbot_msgs
[ 23%] Built target relbot_msgs__rosidl_typesupport_introspection_c
[ 33%] Built target relbot_msgs__rosidl_typesupport_fastrtps_c
[ 43%] Built target relbot_msgs__rosidl_typesupport_c
[ 53%] Built target relbot_msgs__rosidl_typesupport_introspection_cpp
[ 64%] Built target relbot_msgs__rosidl_typesupport_cpp
[ 74%] Built target relbot_msgs__rosidl_typesupport_fastrtps_cpp
[ 74%] Built target relbot_msgs
[ 76%] Built target relbot_msgs__py
[ 84%] Built target relbot_msgs__rosidl_generator_py
[ 89%] Built target relbot_msgs__rosidl_typesupport_introspection_c__pyext
[ 94%] Built target relbot_msgs__rosidl_typesupport_fastrtps_c__pyext
[100%] Built target relbot_msgs__rosidl_typesupport_c__pyext
running egg_info
writing relbot_msgs.egg-info/PKG-INFO
writing dependency_links to relbot_msgs.egg-info/dependency_links.txt
writing top-level names to relbot_msgs.egg-info/top_level.txt
reading manifest file 'relbot_msgs.egg-info/SOURCES.txt'
writing manifest file 'relbot_msgs.egg-info/SOURCES.txt'
[100%] Built target ament_cmake_python_build_relbot_msgs_egg
-- Install configuration: ""
-- Up-to-date: /home/srik/ros_ubuntu/ros2_ws/install/relbot_msgs/share/ament_index/resource_index/rosidl_interfaces/relbot_msgs
-- Up-to-date: /home/srik/ros_ubuntu/ros2_ws/install/relbot_msgs/include/relbot_msgs/relbot_msgs
-- Up-to-date: /home/srik/ros_ubuntu/ros2_ws/install/relbot_msgs/include/relbot_msgs/relbot_msgs/msg
-- Up-to-date: /home/srik/ros_ubuntu/ros2_ws/install/relbot_msgs/include/relbot_msgs/relbot_msgs/msg/detail
-- Up-to-date: /home/srik/ros_ubuntu/ros2_ws/install/relbot_msgs/include/relbot_msgs/relbot_msgs/msg/detail/relbot_motors__functions.c
-- Up-to-date: /home/srik/ros_ubuntu/ros2_ws/install/relbot_msgs/include/relbot_msgs/relbot_msgs/msg/detail/relbot_motors__functions.h
-- Up-to-date: /home/srik/ros_ubuntu/ros2_ws/install/relbot_msgs/include/relbot_msgs/relbot_msgs/msg/detail/relbot_motors__struct.h
-- Up-to-date: /home/srik/ros_ubuntu/ros2_ws/install/relbot_msgs/include/relbot_msgs/relbot_msgs/msg/detail/relbot_motors__type_support.h
-- Up-to-date: /home/srik/ros_ubuntu/ros2_ws/install/relbot_msgs/include/relbot_msgs/relbot_msgs/msg/detail/relbot_motors_stamped__functions.c
-- Up-to-date: /home/srik/ros_ubuntu/ros2_ws/install/relbot_msgs/include/relbot_msgs/relbot_msgs/msg/detail/relbot_motors_stamped__functions.h
-- Up-to-date: /home/srik/ros_ubuntu/ros2_ws/install/relbot_msgs/include/relbot_msgs/relbot_msgs/msg/detail/relbot_motors_stamped__struct.h
-- Up-to-date: /home/srik/ros_ubuntu/ros2_ws/install/relbot_msgs/include/relbot_msgs/relbot_msgs/msg/detail/relbot_motors_stamped__type_support.h
-- Up-to-date: /home/srik/ros_ubuntu/ros2_ws/install/relbot_msgs/include/relbot_msgs/relbot_msgs/msg/rosidl_generator_c__visibility_control.h
-- Up-to-date: /home/srik/ros_ubuntu/ros2_ws/install/relbot_msgs/include/relbot_msgs/relbot_msgs/msg/relbot_motors.h
-- Up-to-date: /home/srik/ros_ubuntu/ros2_ws/install/relbot_msgs/include/relbot_msgs/relbot_msgs/msg/relbot_motors_stamped.h
-- Up-to-date: /home/srik/ros_ubuntu/ros2_ws/install/relbot_msgs/share/relbot_msgs/environment/library_path.sh
-- Up-to-date: /home/srik/ros_ubuntu/ros2_ws/install/relbot_msgs/share/relbot_msgs/environment/library_path.dsv
-- Up-to-date: /home/srik/ros_ubuntu/ros2_ws/install/relbot_msgs/lib/librelbot_msgs__rosidl_generator_c.so
-- Up-to-date: /home/srik/ros_ubuntu/ros2_ws/install/relbot_msgs/include/relbot_msgs/relbot_msgs
-- Up-to-date: /home/srik/ros_ubuntu/ros2_ws/install/relbot_msgs/include/relbot_msgs/relbot_msgs/msg
-- Up-to-date: /home/srik/ros_ubuntu/ros2_ws/install/relbot_msgs/include/relbot_msgs/relbot_msgs/msg/detail
-- Up-to-date: /home/srik/ros_ubuntu/ros2_ws/install/relbot_msgs/include/relbot_msgs/relbot_msgs/msg/detail/relbot_motors__rosidl_typesupport_fastrtps_c.h
-- Up-to-date: /home/srik/ros_ubuntu/ros2_ws/install/relbot_msgs/include/relbot_msgs/relbot_msgs/msg/detail/relbot_motors_stamped__rosidl_typesupport_fastrtps_c.h
-- Up-to-date: /home/srik/ros_ubuntu/ros2_ws/install/relbot_msgs/include/relbot_msgs/relbot_msgs/msg/rosidl_typesupport_fastrtps_c__visibility_control.h
-- Up-to-date: /home/srik/ros_ubuntu/ros2_ws/install/relbot_msgs/lib/librelbot_msgs__rosidl_typesupport_fastrtps_c.so
-- Up-to-date: /home/srik/ros_ubuntu/ros2_ws/install/relbot_msgs/include/relbot_msgs/relbot_msgs
-- Up-to-date: /home/srik/ros_ubuntu/ros2_ws/install/relbot_msgs/include/relbot_msgs/relbot_msgs/msg
-- Up-to-date: /home/srik/ros_ubuntu/ros2_ws/install/relbot_msgs/include/relbot_msgs/relbot_msgs/msg/detail
-- Up-to-date: /home/srik/ros_ubuntu/ros2_ws/install/relbot_msgs/include/relbot_msgs/relbot_msgs/msg/detail/relbot_motors__rosidl_typesupport_introspection_c.h
-- Up-to-date: /home/srik/ros_ubuntu/ros2_ws/install/relbot_msgs/include/relbot_msgs/relbot_msgs/msg/detail/relbot_motors__type_support.c
-- Up-to-date: /home/srik/ros_ubuntu/ros2_ws/install/relbot_msgs/include/relbot_msgs/relbot_msgs/msg/detail/relbot_motors_stamped__rosidl_typesupport_introspection_c.h
-- Up-to-date: /home/srik/ros_ubuntu/ros2_ws/install/relbot_msgs/include/relbot_msgs/relbot_msgs/msg/detail/relbot_motors_stamped__type_support.c
-- Up-to-date: /home/srik/ros_ubuntu/ros2_ws/install/relbot_msgs/include/relbot_msgs/relbot_msgs/msg/rosidl_typesupport_introspection_c__visibility_control.h
-- Up-to-date: /home/srik/ros_ubuntu/ros2_ws/install/relbot_msgs/lib/librelbot_msgs__rosidl_typesupport_introspection_c.so
-- Up-to-date: /home/srik/ros_ubuntu/ros2_ws/install/relbot_msgs/lib/librelbot_msgs__rosidl_typesupport_c.so
-- Up-to-date: /home/srik/ros_ubuntu/ros2_ws/install/relbot_msgs/include/relbot_msgs/relbot_msgs
-- Up-to-date: /home/srik/ros_ubuntu/ros2_ws/install/relbot_msgs/include/relbot_msgs/relbot_msgs/msg
-- Up-to-date: /home/srik/ros_ubuntu/ros2_ws/install/relbot_msgs/include/relbot_msgs/relbot_msgs/msg/detail
-- Up-to-date: /home/srik/ros_ubuntu/ros2_ws/install/relbot_msgs/include/relbot_msgs/relbot_msgs/msg/detail/relbot_motors__builder.hpp
-- Up-to-date: /home/srik/ros_ubuntu/ros2_ws/install/relbot_msgs/include/relbot_msgs/relbot_msgs/msg/detail/relbot_motors__struct.hpp
-- Up-to-date: /home/srik/ros_ubuntu/ros2_ws/install/relbot_msgs/include/relbot_msgs/relbot_msgs/msg/detail/relbot_motors__traits.hpp
-- Up-to-date: /home/srik/ros_ubuntu/ros2_ws/install/relbot_msgs/include/relbot_msgs/relbot_msgs/msg/detail/relbot_motors__type_support.hpp
-- Up-to-date: /home/srik/ros_ubuntu/ros2_ws/install/relbot_msgs/include/relbot_msgs/relbot_msgs/msg/detail/relbot_motors_stamped__builder.hpp
-- Up-to-date: /home/srik/ros_ubuntu/ros2_ws/install/relbot_msgs/include/relbot_msgs/relbot_msgs/msg/detail/relbot_motors_stamped__struct.hpp
-- Up-to-date: /home/srik/ros_ubuntu/ros2_ws/install/relbot_msgs/include/relbot_msgs/relbot_msgs/msg/detail/relbot_motors_stamped__traits.hpp
-- Up-to-date: /home/srik/ros_ubuntu/ros2_ws/install/relbot_msgs/include/relbot_msgs/relbot_msgs/msg/detail/relbot_motors_stamped__type_support.hpp
-- Up-to-date: /home/srik/ros_ubuntu/ros2_ws/install/relbot_msgs/include/relbot_msgs/relbot_msgs/msg/rosidl_generator_cpp__visibility_control.hpp
-- Up-to-date: /home/srik/ros_ubuntu/ros2_ws/install/relbot_msgs/include/relbot_msgs/relbot_msgs/msg/relbot_motors.hpp
-- Up-to-date: /home/srik/ros_ubuntu/ros2_ws/install/relbot_msgs/include/relbot_msgs/relbot_msgs/msg/relbot_motors_stamped.hpp
-- Up-to-date: /home/srik/ros_ubuntu/ros2_ws/install/relbot_msgs/include/relbot_msgs/relbot_msgs
-- Up-to-date: /home/srik/ros_ubuntu/ros2_ws/install/relbot_msgs/include/relbot_msgs/relbot_msgs/msg
-- Up-to-date: /home/srik/ros_ubuntu/ros2_ws/install/relbot_msgs/include/relbot_msgs/relbot_msgs/msg/detail
-- Up-to-date: /home/srik/ros_ubuntu/ros2_ws/install/relbot_msgs/include/relbot_msgs/relbot_msgs/msg/detail/dds_fastrtps
-- Up-to-date: /home/srik/ros_ubuntu/ros2_ws/install/relbot_msgs/include/relbot_msgs/relbot_msgs/msg/detail/relbot_motors__rosidl_typesupport_fastrtps_cpp.hpp
-- Up-to-date: /home/srik/ros_ubuntu/ros2_ws/install/relbot_msgs/include/relbot_msgs/relbot_msgs/msg/detail/relbot_motors_stamped__rosidl_typesupport_fastrtps_cpp.hpp
-- Up-to-date: /home/srik/ros_ubuntu/ros2_ws/install/relbot_msgs/include/relbot_msgs/relbot_msgs/msg/rosidl_typesupport_fastrtps_cpp__visibility_control.h
-- Up-to-date: /home/srik/ros_ubuntu/ros2_ws/install/relbot_msgs/lib/librelbot_msgs__rosidl_typesupport_fastrtps_cpp.so
-- Up-to-date: /home/srik/ros_ubuntu/ros2_ws/install/relbot_msgs/include/relbot_msgs/relbot_msgs
-- Up-to-date: /home/srik/ros_ubuntu/ros2_ws/install/relbot_msgs/include/relbot_msgs/relbot_msgs/msg
-- Up-to-date: /home/srik/ros_ubuntu/ros2_ws/install/relbot_msgs/include/relbot_msgs/relbot_msgs/msg/detail
-- Up-to-date: /home/srik/ros_ubuntu/ros2_ws/install/relbot_msgs/include/relbot_msgs/relbot_msgs/msg/detail/relbot_motors__rosidl_typesupport_introspection_cpp.hpp
-- Up-to-date: /home/srik/ros_ubuntu/ros2_ws/install/relbot_msgs/include/relbot_msgs/relbot_msgs/msg/detail/relbot_motors__type_support.cpp
-- Up-to-date: /home/srik/ros_ubuntu/ros2_ws/install/relbot_msgs/include/relbot_msgs/relbot_msgs/msg/detail/relbot_motors_stamped__rosidl_typesupport_introspection_cpp.hpp
-- Up-to-date: /home/srik/ros_ubuntu/ros2_ws/install/relbot_msgs/include/relbot_msgs/relbot_msgs/msg/detail/relbot_motors_stamped__type_support.cpp
-- Up-to-date: /home/srik/ros_ubuntu/ros2_ws/install/relbot_msgs/lib/librelbot_msgs__rosidl_typesupport_introspection_cpp.so
-- Up-to-date: /home/srik/ros_ubuntu/ros2_ws/install/relbot_msgs/lib/librelbot_msgs__rosidl_typesupport_cpp.so
-- Up-to-date: /home/srik/ros_ubuntu/ros2_ws/install/relbot_msgs/share/relbot_msgs/environment/pythonpath.sh
-- Up-to-date: /home/srik/ros_ubuntu/ros2_ws/install/relbot_msgs/share/relbot_msgs/environment/pythonpath.dsv
-- Up-to-date: /home/srik/ros_ubuntu/ros2_ws/install/relbot_msgs/local/lib/python3.10/dist-packages/relbot_msgs-2025.2.0-py3.10.egg-info
-- Installing: /home/srik/ros_ubuntu/ros2_ws/install/relbot_msgs/local/lib/python3.10/dist-packages/relbot_msgs-2025.2.0-py3.10.egg-info/PKG-INFO
-- Installing: /home/srik/ros_ubuntu/ros2_ws/install/relbot_msgs/local/lib/python3.10/dist-packages/relbot_msgs-2025.2.0-py3.10.egg-info/dependency_links.txt
-- Installing: /home/srik/ros_ubuntu/ros2_ws/install/relbot_msgs/local/lib/python3.10/dist-packages/relbot_msgs-2025.2.0-py3.10.egg-info/top_level.txt
-- Installing: /home/srik/ros_ubuntu/ros2_ws/install/relbot_msgs/local/lib/python3.10/dist-packages/relbot_msgs-2025.2.0-py3.10.egg-info/SOURCES.txt
-- Up-to-date: /home/srik/ros_ubuntu/ros2_ws/install/relbot_msgs/local/lib/python3.10/dist-packages/relbot_msgs
-- Up-to-date: /home/srik/ros_ubuntu/ros2_ws/install/relbot_msgs/local/lib/python3.10/dist-packages/relbot_msgs/msg
-- Up-to-date: /home/srik/ros_ubuntu/ros2_ws/install/relbot_msgs/local/lib/python3.10/dist-packages/relbot_msgs/msg/_relbot_motors.py
-- Up-to-date: /home/srik/ros_ubuntu/ros2_ws/install/relbot_msgs/local/lib/python3.10/dist-packages/relbot_msgs/msg/_relbot_motors_s.c
-- Up-to-date: /home/srik/ros_ubuntu/ros2_ws/install/relbot_msgs/local/lib/python3.10/dist-packages/relbot_msgs/msg/_relbot_motors_stamped.py
-- Up-to-date: /home/srik/ros_ubuntu/ros2_ws/install/relbot_msgs/local/lib/python3.10/dist-packages/relbot_msgs/msg/_relbot_motors_stamped_s.c
-- Up-to-date: /home/srik/ros_ubuntu/ros2_ws/install/relbot_msgs/local/lib/python3.10/dist-packages/relbot_msgs/msg/__init__.py
-- Up-to-date: /home/srik/ros_ubuntu/ros2_ws/install/relbot_msgs/local/lib/python3.10/dist-packages/relbot_msgs/__init__.py
-- Up-to-date: /home/srik/ros_ubuntu/ros2_ws/install/relbot_msgs/local/lib/python3.10/dist-packages/relbot_msgs/_relbot_msgs_s.ep.rosidl_typesupport_fastrtps_c.c
-- Up-to-date: /home/srik/ros_ubuntu/ros2_ws/install/relbot_msgs/local/lib/python3.10/dist-packages/relbot_msgs/_relbot_msgs_s.ep.rosidl_typesupport_introspection_c.c
-- Up-to-date: /home/srik/ros_ubuntu/ros2_ws/install/relbot_msgs/local/lib/python3.10/dist-packages/relbot_msgs/_relbot_msgs_s.ep.rosidl_typesupport_c.c
-- Up-to-date: /home/srik/ros_ubuntu/ros2_ws/install/relbot_msgs/local/lib/python3.10/dist-packages/relbot_msgs/librelbot_msgs__rosidl_generator_py.so
-- Up-to-date: /home/srik/ros_ubuntu/ros2_ws/install/relbot_msgs/local/lib/python3.10/dist-packages/relbot_msgs/relbot_msgs_s__rosidl_typesupport_c.cpython-310-x86_64-linux-gnu.so
-- Up-to-date: /home/srik/ros_ubuntu/ros2_ws/install/relbot_msgs/local/lib/python3.10/dist-packages/relbot_msgs/relbot_msgs_s__rosidl_typesupport_introspection_c.cpython-310-x86_64-linux-gnu.so
-- Up-to-date: /home/srik/ros_ubuntu/ros2_ws/install/relbot_msgs/local/lib/python3.10/dist-packages/relbot_msgs/relbot_msgs_s__rosidl_typesupport_fastrtps_c.cpython-310-x86_64-linux-gnu.so
Listing '/home/srik/ros_ubuntu/ros2_ws/install/relbot_msgs/local/lib/python3.10/dist-packages/relbot_msgs'...
Listing '/home/srik/ros_ubuntu/ros2_ws/install/relbot_msgs/local/lib/python3.10/dist-packages/relbot_msgs/msg'...
-- Up-to-date: /home/srik/ros_ubuntu/ros2_ws/install/relbot_msgs/local/lib/python3.10/dist-packages/relbot_msgs/relbot_msgs_s__rosidl_typesupport_fastrtps_c.cpython-310-x86_64-linux-gnu.so
-- Up-to-date: /home/srik/ros_ubuntu/ros2_ws/install/relbot_msgs/local/lib/python3.10/dist-packages/relbot_msgs/relbot_msgs_s__rosidl_typesupport_introspection_c.cpython-310-x86_64-linux-gnu.so
-- Up-to-date: /home/srik/ros_ubuntu/ros2_ws/install/relbot_msgs/local/lib/python3.10/dist-packages/relbot_msgs/relbot_msgs_s__rosidl_typesupport_c.cpython-310-x86_64-linux-gnu.so
-- Up-to-date: /home/srik/ros_ubuntu/ros2_ws/install/relbot_msgs/lib/librelbot_msgs__rosidl_generator_py.so
-- Up-to-date: /home/srik/ros_ubuntu/ros2_ws/install/relbot_msgs/share/relbot_msgs/msg/RelbotMotors.idl
-- Up-to-date: /home/srik/ros_ubuntu/ros2_ws/install/relbot_msgs/share/relbot_msgs/msg/RelbotMotorsStamped.idl
-- Up-to-date: /home/srik/ros_ubuntu/ros2_ws/install/relbot_msgs/share/relbot_msgs/msg/RelbotMotors.msg
-- Up-to-date: /home/srik/ros_ubuntu/ros2_ws/install/relbot_msgs/share/relbot_msgs/msg/RelbotMotorsStamped.msg
-- Up-to-date: /home/srik/ros_ubuntu/ros2_ws/install/relbot_msgs/share/ament_index/resource_index/package_run_dependencies/relbot_msgs
-- Up-to-date: /home/srik/ros_ubuntu/ros2_ws/install/relbot_msgs/share/ament_index/resource_index/parent_prefix_path/relbot_msgs
-- Up-to-date: /home/srik/ros_ubuntu/ros2_ws/install/relbot_msgs/share/relbot_msgs/environment/ament_prefix_path.sh
-- Up-to-date: /home/srik/ros_ubuntu/ros2_ws/install/relbot_msgs/share/relbot_msgs/environment/ament_prefix_path.dsv
-- Up-to-date: /home/srik/ros_ubuntu/ros2_ws/install/relbot_msgs/share/relbot_msgs/environment/path.sh
-- Up-to-date: /home/srik/ros_ubuntu/ros2_ws/install/relbot_msgs/share/relbot_msgs/environment/path.dsv
-- Up-to-date: /home/srik/ros_ubuntu/ros2_ws/install/relbot_msgs/share/relbot_msgs/local_setup.bash
-- Up-to-date: /home/srik/ros_ubuntu/ros2_ws/install/relbot_msgs/share/relbot_msgs/local_setup.sh
-- Up-to-date: /home/srik/ros_ubuntu/ros2_ws/install/relbot_msgs/share/relbot_msgs/local_setup.zsh
-- Up-to-date: /home/srik/ros_ubuntu/ros2_ws/install/relbot_msgs/share/relbot_msgs/local_setup.dsv
-- Installing: /home/srik/ros_ubuntu/ros2_ws/install/relbot_msgs/share/relbot_msgs/package.dsv
-- Up-to-date: /home/srik/ros_ubuntu/ros2_ws/install/relbot_msgs/share/ament_index/resource_index/packages/relbot_msgs
-- Up-to-date: /home/srik/ros_ubuntu/ros2_ws/install/relbot_msgs/share/relbot_msgs/cmake/export_relbot_msgs__rosidl_generator_cExport.cmake
-- Up-to-date: /home/srik/ros_ubuntu/ros2_ws/install/relbot_msgs/share/relbot_msgs/cmake/export_relbot_msgs__rosidl_generator_cExport-noconfig.cmake
-- Up-to-date: /home/srik/ros_ubuntu/ros2_ws/install/relbot_msgs/share/relbot_msgs/cmake/export_relbot_msgs__rosidl_typesupport_fastrtps_cExport.cmake
-- Up-to-date: /home/srik/ros_ubuntu/ros2_ws/install/relbot_msgs/share/relbot_msgs/cmake/export_relbot_msgs__rosidl_typesupport_fastrtps_cExport-noconfig.cmake
-- Up-to-date: /home/srik/ros_ubuntu/ros2_ws/install/relbot_msgs/share/relbot_msgs/cmake/relbot_msgs__rosidl_typesupport_introspection_cExport.cmake
-- Up-to-date: /home/srik/ros_ubuntu/ros2_ws/install/relbot_msgs/share/relbot_msgs/cmake/relbot_msgs__rosidl_typesupport_introspection_cExport-noconfig.cmake
-- Up-to-date: /home/srik/ros_ubuntu/ros2_ws/install/relbot_msgs/share/relbot_msgs/cmake/relbot_msgs__rosidl_typesupport_cExport.cmake
-- Up-to-date: /home/srik/ros_ubuntu/ros2_ws/install/relbot_msgs/share/relbot_msgs/cmake/relbot_msgs__rosidl_typesupport_cExport-noconfig.cmake
-- Up-to-date: /home/srik/ros_ubuntu/ros2_ws/install/relbot_msgs/share/relbot_msgs/cmake/export_relbot_msgs__rosidl_generator_cppExport.cmake
-- Up-to-date: /home/srik/ros_ubuntu/ros2_ws/install/relbot_msgs/share/relbot_msgs/cmake/export_relbot_msgs__rosidl_typesupport_fastrtps_cppExport.cmake
-- Up-to-date: /home/srik/ros_ubuntu/ros2_ws/install/relbot_msgs/share/relbot_msgs/cmake/export_relbot_msgs__rosidl_typesupport_fastrtps_cppExport-noconfig.cmake
-- Up-to-date: /home/srik/ros_ubuntu/ros2_ws/install/relbot_msgs/share/relbot_msgs/cmake/relbot_msgs__rosidl_typesupport_introspection_cppExport.cmake
-- Up-to-date: /home/srik/ros_ubuntu/ros2_ws/install/relbot_msgs/share/relbot_msgs/cmake/relbot_msgs__rosidl_typesupport_introspection_cppExport-noconfig.cmake
-- Up-to-date: /home/srik/ros_ubuntu/ros2_ws/install/relbot_msgs/share/relbot_msgs/cmake/relbot_msgs__rosidl_typesupport_cppExport.cmake
-- Up-to-date: /home/srik/ros_ubuntu/ros2_ws/install/relbot_msgs/share/relbot_msgs/cmake/relbot_msgs__rosidl_typesupport_cppExport-noconfig.cmake
-- Up-to-date: /home/srik/ros_ubuntu/ros2_ws/install/relbot_msgs/share/relbot_msgs/cmake/export_relbot_msgs__rosidl_generator_pyExport.cmake
-- Up-to-date: /home/srik/ros_ubuntu/ros2_ws/install/relbot_msgs/share/relbot_msgs/cmake/export_relbot_msgs__rosidl_generator_pyExport-noconfig.cmake
-- Up-to-date: /home/srik/ros_ubuntu/ros2_ws/install/relbot_msgs/share/relbot_msgs/cmake/rosidl_cmake-extras.cmake
-- Up-to-date: /home/srik/ros_ubuntu/ros2_ws/install/relbot_msgs/share/relbot_msgs/cmake/ament_cmake_export_dependencies-extras.cmake
-- Up-to-date: /home/srik/ros_ubuntu/ros2_ws/install/relbot_msgs/share/relbot_msgs/cmake/ament_cmake_export_include_directories-extras.cmake
-- Up-to-date: /home/srik/ros_ubuntu/ros2_ws/install/relbot_msgs/share/relbot_msgs/cmake/ament_cmake_export_libraries-extras.cmake
-- Up-to-date: /home/srik/ros_ubuntu/ros2_ws/install/relbot_msgs/share/relbot_msgs/cmake/ament_cmake_export_targets-extras.cmake
-- Up-to-date: /home/srik/ros_ubuntu/ros2_ws/install/relbot_msgs/share/relbot_msgs/cmake/rosidl_cmake_export_typesupport_targets-extras.cmake
-- Up-to-date: /home/srik/ros_ubuntu/ros2_ws/install/relbot_msgs/share/relbot_msgs/cmake/rosidl_cmake_export_typesupport_libraries-extras.cmake
-- Up-to-date: /home/srik/ros_ubuntu/ros2_ws/install/relbot_msgs/share/relbot_msgs/cmake/relbot_msgsConfig.cmake
-- Up-to-date: /home/srik/ros_ubuntu/ros2_ws/install/relbot_msgs/share/relbot_msgs/cmake/relbot_msgsConfig-version.cmake
-- Up-to-date: /home/srik/ros_ubuntu/ros2_ws/install/relbot_msgs/share/relbot_msgs/package.xml
