[0.011s] Invoking command in '/home/srik/ros_ubuntu/ros2_ws/build/relbot_sequence_controller': CMAKE_PREFIX_PATH=${CMAKE_PREFIX_PATH}:/opt/ros/humble DEBUGINFOD_URLS=https://debuginfod.archlinux.org https://debuginfod.cachyos.org /usr/bin/cmake --build /home/srik/ros_ubuntu/ros2_ws/build/relbot_sequence_controller -- -j32 -l32
[0.031s] [35m[1mConsolidate compiler generated dependencies of target relbot_sequence_controller[0m
[0.048s] [ 50%] [32mBuilding CXX object CMakeFiles/relbot_sequence_controller.dir/src/relbot_sequence_controller.cpp.o[0m
[1.773s] [100%] [32m[1mLinking CXX executable relbot_sequence_controller[0m
[1.865s] [100%] Built target relbot_sequence_controller
[1.869s] Invoked command in '/home/srik/ros_ubuntu/ros2_ws/build/relbot_sequence_controller' returned '0': CMAKE_PREFIX_PATH=${CMAKE_PREFIX_PATH}:/opt/ros/humble DEBUGINFOD_URLS=https://debuginfod.archlinux.org https://debuginfod.cachyos.org /usr/bin/cmake --build /home/srik/ros_ubuntu/ros2_ws/build/relbot_sequence_controller -- -j32 -l32
[1.870s] Invoking command in '/home/srik/ros_ubuntu/ros2_ws/build/relbot_sequence_controller': CMAKE_PREFIX_PATH=${CMAKE_PREFIX_PATH}:/opt/ros/humble DEBUGINFOD_URLS=https://debuginfod.archlinux.org https://debuginfod.cachyos.org /usr/bin/cmake --install /home/srik/ros_ubuntu/ros2_ws/build/relbot_sequence_controller
[1.873s] -- Install configuration: ""
[1.873s] -- Installing: /home/srik/ros_ubuntu/ros2_ws/install/relbot_sequence_controller/lib/relbot_sequence_controller/relbot_sequence_controller
[1.878s] -- Set runtime path of "/home/srik/ros_ubuntu/ros2_ws/install/relbot_sequence_controller/lib/relbot_sequence_controller/relbot_sequence_controller" to ""
[1.878s] -- Up-to-date: /home/srik/ros_ubuntu/ros2_ws/install/relbot_sequence_controller/share/ament_index/resource_index/package_run_dependencies/relbot_sequence_controller
[1.878s] -- Up-to-date: /home/srik/ros_ubuntu/ros2_ws/install/relbot_sequence_controller/share/ament_index/resource_index/parent_prefix_path/relbot_sequence_controller
[1.878s] -- Up-to-date: /home/srik/ros_ubuntu/ros2_ws/install/relbot_sequence_controller/share/relbot_sequence_controller/environment/ament_prefix_path.sh
[1.878s] -- Up-to-date: /home/srik/ros_ubuntu/ros2_ws/install/relbot_sequence_controller/share/relbot_sequence_controller/environment/ament_prefix_path.dsv
[1.878s] -- Up-to-date: /home/srik/ros_ubuntu/ros2_ws/install/relbot_sequence_controller/share/relbot_sequence_controller/environment/path.sh
[1.878s] -- Up-to-date: /home/srik/ros_ubuntu/ros2_ws/install/relbot_sequence_controller/share/relbot_sequence_controller/environment/path.dsv
[1.878s] -- Up-to-date: /home/srik/ros_ubuntu/ros2_ws/install/relbot_sequence_controller/share/relbot_sequence_controller/local_setup.bash
[1.878s] -- Up-to-date: /home/srik/ros_ubuntu/ros2_ws/install/relbot_sequence_controller/share/relbot_sequence_controller/local_setup.sh
[1.878s] -- Up-to-date: /home/srik/ros_ubuntu/ros2_ws/install/relbot_sequence_controller/share/relbot_sequence_controller/local_setup.zsh
[1.878s] -- Up-to-date: /home/srik/ros_ubuntu/ros2_ws/install/relbot_sequence_controller/share/relbot_sequence_controller/local_setup.dsv
[1.878s] -- Installing: /home/srik/ros_ubuntu/ros2_ws/install/relbot_sequence_controller/share/relbot_sequence_controller/package.dsv
[1.878s] -- Up-to-date: /home/srik/ros_ubuntu/ros2_ws/install/relbot_sequence_controller/share/ament_index/resource_index/packages/relbot_sequence_controller
[1.878s] -- Up-to-date: /home/srik/ros_ubuntu/ros2_ws/install/relbot_sequence_controller/share/relbot_sequence_controller/cmake/relbot_sequence_controllerConfig.cmake
[1.878s] -- Up-to-date: /home/srik/ros_ubuntu/ros2_ws/install/relbot_sequence_controller/share/relbot_sequence_controller/cmake/relbot_sequence_controllerConfig-version.cmake
[1.878s] -- Up-to-date: /home/srik/ros_ubuntu/ros2_ws/install/relbot_sequence_controller/share/relbot_sequence_controller/package.xml
[1.879s] Invoked command in '/home/srik/ros_ubuntu/ros2_ws/build/relbot_sequence_controller' returned '0': CMAKE_PREFIX_PATH=${CMAKE_PREFIX_PATH}:/opt/ros/humble DEBUGINFOD_URLS=https://debuginfod.archlinux.org https://debuginfod.cachyos.org /usr/bin/cmake --install /home/srik/ros_ubuntu/ros2_ws/build/relbot_sequence_controller
