[0.016s] Invoking command in '/home/raghav742/SDfR/Assignments/assignment5/ros2_ws/src/build/relbot_sequence_controller': CMAKE_PREFIX_PATH=${CMAKE_PREFIX_PATH}:/opt/ros/humble /usr/bin/cmake --build /home/raghav742/SDfR/Assignments/assignment5/ros2_ws/src/build/relbot_sequence_controller -- -j8 -l8
[0.055s] [35m[1mConsolidate compiler generated dependencies of target relbot_sequence_controller[0m
[0.077s] [ 50%] [32mBuilding CXX object CMakeFiles/relbot_sequence_controller.dir/src/relbot_sequence_controller.cpp.o[0m
[1.626s] [01m[K/home/raghav742/SDfR/Assignments/assignment5/ros2_ws/src/relbot_sequence_controller/relbot_sequence_controller/src/relbot_sequence_controller.cpp:[m[K In member function ‘[01m[Kvoid SteerRelbot::calculate_velocity()[m[K’:
[1.626s] [01m[K/home/raghav742/SDfR/Assignments/assignment5/ros2_ws/src/relbot_sequence_controller/relbot_sequence_controller/src/relbot_sequence_controller.cpp:24:44:[m[K [01;31m[Kerror: [m[K‘[01m[Kstart_time_[m[K’ was not declared in this scope
[1.626s]    24 |     double t = (this->get_clock()->now() - [01;31m[Kstart_time_[m[K).seconds();
[1.626s]       |                                            [01;31m[K^~~~~~~~~~~[m[K
[1.626s] [01m[K/home/raghav742/SDfR/Assignments/assignment5/ros2_ws/src/relbot_sequence_controller/relbot_sequence_controller/src/relbot_sequence_controller.cpp:27:12:[m[K [01;31m[Kerror: [m[K‘[01m[Kcurrent_path[m[K’ was not declared in this scope; did you mean ‘[01m[Krcpputils::fs::current_path[m[K’?
[1.626s]    27 |     switch([01;31m[Kcurrent_path[m[K) {
[1.626s]       |            [01;31m[K^~~~~~~~~~~~[m[K
[1.626s]       |            [32m[Krcpputils::fs::current_path[m[K
[1.626s] In file included from [01m[K/opt/ros/humble/include/rclcpp/rclcpp/logger.hpp:25[m[K,
[1.626s]                  from [01m[K/opt/ros/humble/include/rclcpp/rclcpp/logging.hpp:23[m[K,
[1.626s]                  from [01m[K/opt/ros/humble/include/rclcpp/rclcpp/client.hpp:40[m[K,
[1.626s]                  from [01m[K/opt/ros/humble/include/rclcpp/rclcpp/callback_group.hpp:24[m[K,
[1.626s]                  from [01m[K/opt/ros/humble/include/rclcpp/rclcpp/any_executable.hpp:20[m[K,
[1.626s]                  from [01m[K/opt/ros/humble/include/rclcpp/rclcpp/memory_strategy.hpp:25[m[K,
[1.626s]                  from [01m[K/opt/ros/humble/include/rclcpp/rclcpp/memory_strategies.hpp:18[m[K,
[1.626s]                  from [01m[K/opt/ros/humble/include/rclcpp/rclcpp/executor_options.hpp:20[m[K,
[1.626s]                  from [01m[K/opt/ros/humble/include/rclcpp/rclcpp/executor.hpp:37[m[K,
[1.627s]                  from [01m[K/opt/ros/humble/include/rclcpp/rclcpp/executors/multi_threaded_executor.hpp:25[m[K,
[1.627s]                  from [01m[K/opt/ros/humble/include/rclcpp/rclcpp/executors.hpp:21[m[K,
[1.627s]                  from [01m[K/opt/ros/humble/include/rclcpp/rclcpp/rclcpp.hpp:155[m[K,
[1.627s]                  from [01m[K/home/raghav742/SDfR/Assignments/assignment5/ros2_ws/src/relbot_sequence_controller/relbot_sequence_controller/include/steering.hpp:7[m[K,
[1.627s]                  from [01m[K/home/raghav742/SDfR/Assignments/assignment5/ros2_ws/src/relbot_sequence_controller/relbot_sequence_controller/src/relbot_sequence_controller.cpp:1[m[K:
[1.627s] [01m[K/opt/ros/humble/include/rcpputils/rcpputils/filesystem_helper.hpp:299:23:[m[K [01;36m[Knote: [m[K‘[01m[Krcpputils::fs::current_path[m[K’ declared here
[1.627s]   299 | RCPPUTILS_PUBLIC path [01;36m[Kcurrent_path[m[K();
[1.627s]       |                       [01;36m[K^~~~~~~~~~~~[m[K
[1.630s] [01m[K/home/raghav742/SDfR/Assignments/assignment5/ros2_ws/src/relbot_sequence_controller/relbot_sequence_controller/src/relbot_sequence_controller.cpp:28:18:[m[K [01;31m[Kerror: [m[K‘[01m[KSTRAIGHT[m[K’ was not declared in this scope
[1.630s]    28 |             case [01;31m[KSTRAIGHT[m[K:
[1.630s]       |                  [01;31m[K^~~~~~~~[m[K
[1.634s] [01m[K/home/raghav742/SDfR/Assignments/assignment5/ros2_ws/src/relbot_sequence_controller/relbot_sequence_controller/src/relbot_sequence_controller.cpp:33:18:[m[K [01;31m[Kerror: [m[K‘[01m[KCIRCLE[m[K’ was not declared in this scope
[1.634s]    33 |             case [01;31m[KCIRCLE[m[K:
[1.634s]       |                  [01;31m[K^~~~~~[m[K
[1.639s] [01m[K/home/raghav742/SDfR/Assignments/assignment5/ros2_ws/src/relbot_sequence_controller/relbot_sequence_controller/src/relbot_sequence_controller.cpp:38:18:[m[K [01;31m[Kerror: [m[K‘[01m[KSTRAIGHT_TURN[m[K’ was not declared in this scope
[1.639s]    38 |             case [01;31m[KSTRAIGHT_TURN[m[K:
[1.639s]       |                  [01;31m[K^~~~~~~~~~~~~[m[K
[1.642s] [01m[K/home/raghav742/SDfR/Assignments/assignment5/ros2_ws/src/relbot_sequence_controller/relbot_sequence_controller/src/relbot_sequence_controller.cpp:48:18:[m[K [01;31m[Kerror: [m[K‘[01m[KSQUARE[m[K’ was not declared in this scope
[1.642s]    48 |             case [01;31m[KSQUARE[m[K: {
[1.642s]       |                  [01;31m[K^~~~~~[m[K
[1.646s] [01m[K/home/raghav742/SDfR/Assignments/assignment5/ros2_ws/src/relbot_sequence_controller/relbot_sequence_controller/src/relbot_sequence_controller.cpp:58:21:[m[K [01;31m[Kerror: [m[K‘[01m[Kelapsed[m[K’ was not declared in this scope
[1.646s]    58 |                 if ([01;31m[Kelapsed[m[K >= total_time) {
[1.646s]       |                     [01;31m[K^~~~~~~[m[K
[1.649s] [01m[K/home/raghav742/SDfR/Assignments/assignment5/ros2_ws/src/relbot_sequence_controller/relbot_sequence_controller/src/relbot_sequence_controller.cpp:67:53:[m[K [01;31m[Kerror: [m[K‘[01m[Kside_number[m[K’ was not declared in this scope; did you mean ‘[01m[Kside_time[m[K’?
[1.649s]    67 |                     double time_in_side = elapsed - [01;31m[Kside_number[m[K * side_time;
[1.649s]       |                                                     [01;31m[K^~~~~~~~~~~[m[K
[1.649s]       |                                                     [32m[Kside_time[m[K
[1.650s] [01m[K/home/raghav742/SDfR/Assignments/assignment5/ros2_ws/src/relbot_sequence_controller/relbot_sequence_controller/src/relbot_sequence_controller.cpp:66:25:[m[K [01;35m[Kwarning: [m[Kunused variable ‘[01m[Kside[m[K’ [[01;35m[K]8;;https://gcc.gnu.org/onlinedocs/gcc/Warning-Options.html#index-Wunused-variable-Wunused-variable]8;;[m[K]
[1.650s]    66 |                     int [01;35m[Kside[m[K = elapsed / side_time;  // integer division
[1.650s]       |                         [01;35m[K^~~~[m[K
[1.650s] [01m[K/home/raghav742/SDfR/Assignments/assignment5/ros2_ws/src/relbot_sequence_controller/relbot_sequence_controller/src/relbot_sequence_controller.cpp:49:24:[m[K [01;35m[Kwarning: [m[Kunused variable ‘[01m[Kelapsed_time[m[K’ [[01;35m[K]8;;https://gcc.gnu.org/onlinedocs/gcc/Warning-Options.html#index-Wunused-variable-Wunused-variable]8;;[m[K]
[1.650s]    49 |                 double [01;35m[Kelapsed_time[m[K = (this->get_clock()->now() - start_time_).seconds();
[1.650s]       |                        [01;35m[K^~~~~~~~~~~~[m[K
[1.650s] [01m[K/home/raghav742/SDfR/Assignments/assignment5/ros2_ws/src/relbot_sequence_controller/relbot_sequence_controller/src/relbot_sequence_controller.cpp:83:33:[m[K [01;31m[Kerror: [m[Kqualified-id in declaration before ‘[01m[K([m[K’ token
[1.650s]    83 | void SteerRelbot::timer_callback[01;31m[K([m[K) {
[1.650s]       |                                 [01;31m[K^[m[K
[1.650s] [01m[K/home/raghav742/SDfR/Assignments/assignment5/ros2_ws/src/relbot_sequence_controller/relbot_sequence_controller/src/relbot_sequence_controller.cpp:93:34:[m[K [01;31m[Kerror: [m[Ka function-definition is not allowed here before ‘[01m[K{[m[K’ token
[1.650s]    93 | int main(int argc, char *argv[]) [01;31m[K{[m[K
[1.650s]       |                                  [01;31m[K^[m[K
[1.650s] [01m[K/home/raghav742/SDfR/Assignments/assignment5/ros2_ws/src/relbot_sequence_controller/relbot_sequence_controller/src/relbot_sequence_controller.cpp:98:2:[m[K [01;31m[Kerror: [m[Kexpected ‘[01m[K}[m[K’ at end of input
[1.650s]    98 | }
[1.650s]       |  [01;31m[K^[m[K
[1.650s] [01m[K/home/raghav742/SDfR/Assignments/assignment5/ros2_ws/src/relbot_sequence_controller/relbot_sequence_controller/src/relbot_sequence_controller.cpp:22:40:[m[K [01;36m[Knote: [m[Kto match this ‘[01m[K{[m[K’
[1.650s]    22 | void SteerRelbot::calculate_velocity() [01;36m[K{[m[K
[1.650s]       |                                        [01;36m[K^[m[K
[2.121s] gmake[2]: *** [CMakeFiles/relbot_sequence_controller.dir/build.make:76: CMakeFiles/relbot_sequence_controller.dir/src/relbot_sequence_controller.cpp.o] Error 1
[2.121s] gmake[1]: *** [CMakeFiles/Makefile2:137: CMakeFiles/relbot_sequence_controller.dir/all] Error 2
[2.121s] gmake: *** [Makefile:146: all] Error 2
[2.122s] Invoked command in '/home/raghav742/SDfR/Assignments/assignment5/ros2_ws/src/build/relbot_sequence_controller' returned '2': CMAKE_PREFIX_PATH=${CMAKE_PREFIX_PATH}:/opt/ros/humble /usr/bin/cmake --build /home/raghav742/SDfR/Assignments/assignment5/ros2_ws/src/build/relbot_sequence_controller -- -j8 -l8
