[0.060s] Invoking command in '/home/sdfr-ppd-16/ros2_ws/build/ros_xeno_bridge': CMAKE_PREFIX_PATH=/home/sdfr-ppd-16/ros2_ws/install/xrf2_msgs:/home/sdfr-ppd-16/ros2_ws/install/ros_xeno_bridge:/home/sdfr-ppd-16/ros2_ws/install/relbot_simulator:/home/sdfr-ppd-16/ros2_ws/install/relbot_sequence_controller:/home/sdfr-ppd-16/ros2_ws/install/relbot_msgs:/home/sdfr-ppd-16/ros2_ws/install/relbot_launch:/home/sdfr-ppd-16/ros2_ws/install/relbot_adapter:/home/sdfr-ppd-16/ros2_ws/install/relbot2turtlesim:/home/sdfr-ppd-16/ros2_ws/install/image_functions_sdfr:/opt/ros/humble /usr/bin/cmake /home/sdfr-ppd-16/ros2_ws/src/XRF2/XenoRosFramework/Ros/ros_xeno_bridge -DCMAKE_INSTALL_PREFIX=/home/sdfr-ppd-16/ros2_ws/install/ros_xeno_bridge
[0.303s] -- The C compiler identification is GNU 11.4.0
[0.548s] -- The CXX compiler identification is GNU 11.4.0
[0.571s] -- Detecting C compiler ABI info
[0.950s] -- Detecting C compiler ABI info - done
[0.978s] -- Check for working C compiler: /usr/bin/cc - skipped
[0.980s] -- Detecting C compile features
[0.982s] -- Detecting C compile features - done
[0.992s] -- Detecting CXX compiler ABI info
[1.305s] -- Detecting CXX compiler ABI info - done
[1.337s] -- Check for working CXX compiler: /usr/bin/c++ - skipped
[1.340s] -- Detecting CXX compile features
[1.343s] -- Detecting CXX compile features - done
[1.356s] -- Found ament_cmake: 1.3.11 (/opt/ros/humble/share/ament_cmake/cmake)
[2.083s] -- Found Python3: /usr/bin/python3 (found version "3.10.12") found components: Interpreter 
[2.570s] -- Found rclcpp: 16.0.11 (/opt/ros/humble/share/rclcpp/cmake)
[2.765s] -- Found rosidl_generator_c: 3.1.6 (/opt/ros/humble/share/rosidl_generator_c/cmake)
[2.788s] -- Found rosidl_adapter: 3.1.6 (/opt/ros/humble/share/rosidl_adapter/cmake)
[2.820s] -- Found rosidl_generator_cpp: 3.1.6 (/opt/ros/humble/share/rosidl_generator_cpp/cmake)
[2.871s] -- Using all available rosidl_typesupport_c: rosidl_typesupport_fastrtps_c;rosidl_typesupport_introspection_c
[2.938s] -- Using all available rosidl_typesupport_cpp: rosidl_typesupport_fastrtps_cpp;rosidl_typesupport_introspection_cpp
[3.148s] -- Found rmw_implementation_cmake: 6.1.2 (/opt/ros/humble/share/rmw_implementation_cmake/cmake)
[3.162s] -- Found rmw_fastrtps_cpp: 6.2.7 (/opt/ros/humble/share/rmw_fastrtps_cpp/cmake)
[3.461s] -- Found OpenSSL: /usr/lib/aarch64-linux-gnu/libcrypto.so (found version "3.0.2")  
[3.540s] -- Found FastRTPS: /opt/ros/humble/include  
[3.683s] -- Using RMW implementation 'rmw_fastrtps_cpp' as default
[3.721s] -- Looking for pthread.h
[4.061s] -- Looking for pthread.h - found
[4.065s] -- Performing Test CMAKE_HAVE_LIBC_PTHREAD
[4.388s] -- Performing Test CMAKE_HAVE_LIBC_PTHREAD - Success
[4.394s] -- Found Threads: TRUE  
[4.611s] -- Found xrf2_msgs: 0.0.0 (/home/sdfr-ppd-16/ros2_ws/install/xrf2_msgs/share/xrf2_msgs/cmake)
[5.038s] -- Configuring done
[5.072s] -- Generating done
[5.079s] -- Build files have been written to: /home/sdfr-ppd-16/ros2_ws/build/ros_xeno_bridge
[5.148s] Invoked command in '/home/sdfr-ppd-16/ros2_ws/build/ros_xeno_bridge' returned '0': CMAKE_PREFIX_PATH=/home/sdfr-ppd-16/ros2_ws/install/xrf2_msgs:/home/sdfr-ppd-16/ros2_ws/install/ros_xeno_bridge:/home/sdfr-ppd-16/ros2_ws/install/relbot_simulator:/home/sdfr-ppd-16/ros2_ws/install/relbot_sequence_controller:/home/sdfr-ppd-16/ros2_ws/install/relbot_msgs:/home/sdfr-ppd-16/ros2_ws/install/relbot_launch:/home/sdfr-ppd-16/ros2_ws/install/relbot_adapter:/home/sdfr-ppd-16/ros2_ws/install/relbot2turtlesim:/home/sdfr-ppd-16/ros2_ws/install/image_functions_sdfr:/opt/ros/humble /usr/bin/cmake /home/sdfr-ppd-16/ros2_ws/src/XRF2/XenoRosFramework/Ros/ros_xeno_bridge -DCMAKE_INSTALL_PREFIX=/home/sdfr-ppd-16/ros2_ws/install/ros_xeno_bridge
[5.151s] Invoking command in '/home/sdfr-ppd-16/ros2_ws/build/ros_xeno_bridge': CMAKE_PREFIX_PATH=/home/sdfr-ppd-16/ros2_ws/install/xrf2_msgs:/home/sdfr-ppd-16/ros2_ws/install/ros_xeno_bridge:/home/sdfr-ppd-16/ros2_ws/install/relbot_simulator:/home/sdfr-ppd-16/ros2_ws/install/relbot_sequence_controller:/home/sdfr-ppd-16/ros2_ws/install/relbot_msgs:/home/sdfr-ppd-16/ros2_ws/install/relbot_launch:/home/sdfr-ppd-16/ros2_ws/install/relbot_adapter:/home/sdfr-ppd-16/ros2_ws/install/relbot2turtlesim:/home/sdfr-ppd-16/ros2_ws/install/image_functions_sdfr:/opt/ros/humble /usr/bin/cmake --build /home/sdfr-ppd-16/ros2_ws/build/ros_xeno_bridge -- -j3 -l3
[5.266s] [35m[1mConsolidate compiler generated dependencies of target RosXenoBridge[0m
[5.753s] [100%] Built target RosXenoBridge
[5.788s] Invoked command in '/home/sdfr-ppd-16/ros2_ws/build/ros_xeno_bridge' returned '0': CMAKE_PREFIX_PATH=/home/sdfr-ppd-16/ros2_ws/install/xrf2_msgs:/home/sdfr-ppd-16/ros2_ws/install/ros_xeno_bridge:/home/sdfr-ppd-16/ros2_ws/install/relbot_simulator:/home/sdfr-ppd-16/ros2_ws/install/relbot_sequence_controller:/home/sdfr-ppd-16/ros2_ws/install/relbot_msgs:/home/sdfr-ppd-16/ros2_ws/install/relbot_launch:/home/sdfr-ppd-16/ros2_ws/install/relbot_adapter:/home/sdfr-ppd-16/ros2_ws/install/relbot2turtlesim:/home/sdfr-ppd-16/ros2_ws/install/image_functions_sdfr:/opt/ros/humble /usr/bin/cmake --build /home/sdfr-ppd-16/ros2_ws/build/ros_xeno_bridge -- -j3 -l3
[5.794s] Invoking command in '/home/sdfr-ppd-16/ros2_ws/build/ros_xeno_bridge': CMAKE_PREFIX_PATH=/home/sdfr-ppd-16/ros2_ws/install/xrf2_msgs:/home/sdfr-ppd-16/ros2_ws/install/ros_xeno_bridge:/home/sdfr-ppd-16/ros2_ws/install/relbot_simulator:/home/sdfr-ppd-16/ros2_ws/install/relbot_sequence_controller:/home/sdfr-ppd-16/ros2_ws/install/relbot_msgs:/home/sdfr-ppd-16/ros2_ws/install/relbot_launch:/home/sdfr-ppd-16/ros2_ws/install/relbot_adapter:/home/sdfr-ppd-16/ros2_ws/install/relbot2turtlesim:/home/sdfr-ppd-16/ros2_ws/install/image_functions_sdfr:/opt/ros/humble /usr/bin/cmake --install /home/sdfr-ppd-16/ros2_ws/build/ros_xeno_bridge
[5.816s] -- Install configuration: ""
[5.818s] -- Up-to-date: /home/sdfr-ppd-16/ros2_ws/install/ros_xeno_bridge/lib/ros_xeno_bridge/RosXenoBridge
[5.820s] -- Up-to-date: /home/sdfr-ppd-16/ros2_ws/install/ros_xeno_bridge/share/ament_index/resource_index/package_run_dependencies/ros_xeno_bridge
[5.821s] -- Up-to-date: /home/sdfr-ppd-16/ros2_ws/install/ros_xeno_bridge/share/ament_index/resource_index/parent_prefix_path/ros_xeno_bridge
[5.823s] -- Up-to-date: /home/sdfr-ppd-16/ros2_ws/install/ros_xeno_bridge/share/ros_xeno_bridge/environment/ament_prefix_path.sh
[5.824s] -- Installing: /home/sdfr-ppd-16/ros2_ws/install/ros_xeno_bridge/share/ros_xeno_bridge/environment/ament_prefix_path.dsv
[5.825s] -- Up-to-date: /home/sdfr-ppd-16/ros2_ws/install/ros_xeno_bridge/share/ros_xeno_bridge/environment/path.sh
[5.827s] -- Installing: /home/sdfr-ppd-16/ros2_ws/install/ros_xeno_bridge/share/ros_xeno_bridge/environment/path.dsv
[5.828s] -- Up-to-date: /home/sdfr-ppd-16/ros2_ws/install/ros_xeno_bridge/share/ros_xeno_bridge/local_setup.bash
[5.841s] -- Up-to-date: /home/sdfr-ppd-16/ros2_ws/install/ros_xeno_bridge/share/ros_xeno_bridge/local_setup.sh
[5.845s] -- Up-to-date: /home/sdfr-ppd-16/ros2_ws/install/ros_xeno_bridge/share/ros_xeno_bridge/local_setup.zsh
[5.847s] -- Installing: /home/sdfr-ppd-16/ros2_ws/install/ros_xeno_bridge/share/ros_xeno_bridge/local_setup.dsv
[5.849s] -- Installing: /home/sdfr-ppd-16/ros2_ws/install/ros_xeno_bridge/share/ros_xeno_bridge/package.dsv
[5.850s] -- Up-to-date: /home/sdfr-ppd-16/ros2_ws/install/ros_xeno_bridge/share/ament_index/resource_index/packages/ros_xeno_bridge
[5.852s] -- Up-to-date: /home/sdfr-ppd-16/ros2_ws/install/ros_xeno_bridge/share/ros_xeno_bridge/cmake/ros_xeno_bridgeConfig.cmake
[5.861s] -- Up-to-date: /home/sdfr-ppd-16/ros2_ws/install/ros_xeno_bridge/share/ros_xeno_bridge/cmake/ros_xeno_bridgeConfig-version.cmake
[5.870s] -- Up-to-date: /home/sdfr-ppd-16/ros2_ws/install/ros_xeno_bridge/share/ros_xeno_bridge/package.xml
[5.872s] Invoked command in '/home/sdfr-ppd-16/ros2_ws/build/ros_xeno_bridge' returned '0': CMAKE_PREFIX_PATH=/home/sdfr-ppd-16/ros2_ws/install/xrf2_msgs:/home/sdfr-ppd-16/ros2_ws/install/ros_xeno_bridge:/home/sdfr-ppd-16/ros2_ws/install/relbot_simulator:/home/sdfr-ppd-16/ros2_ws/install/relbot_sequence_controller:/home/sdfr-ppd-16/ros2_ws/install/relbot_msgs:/home/sdfr-ppd-16/ros2_ws/install/relbot_launch:/home/sdfr-ppd-16/ros2_ws/install/relbot_adapter:/home/sdfr-ppd-16/ros2_ws/install/relbot2turtlesim:/home/sdfr-ppd-16/ros2_ws/install/image_functions_sdfr:/opt/ros/humble /usr/bin/cmake --install /home/sdfr-ppd-16/ros2_ws/build/ros_xeno_bridge
