[0.053s] Invoking command in '/home/sdfr-ppd-16/ros2_ws/build/image_functions_sdfr': CMAKE_PREFIX_PATH=${CMAKE_PREFIX_PATH}:/opt/ros/humble /usr/bin/cmake /home/sdfr-ppd-16/ros2_ws/src/image_functions_sdfr/image_functions_sdfr -DCMAKE_INSTALL_PREFIX=/home/sdfr-ppd-16/ros2_ws/install/image_functions_sdfr
[0.324s] -- The C compiler identification is GNU 11.4.0
[0.841s] -- The CXX compiler identification is GNU 11.4.0
[0.906s] -- Detecting C compiler ABI info
[1.607s] -- Detecting C compiler ABI info - done
[1.661s] -- Check for working C compiler: /usr/bin/cc - skipped
[1.664s] -- Detecting C compile features
[1.668s] -- Detecting C compile features - done
[1.682s] -- Detecting CXX compiler ABI info
[2.364s] -- Detecting CXX compiler ABI info - done
[2.407s] -- Check for working CXX compiler: /usr/bin/c++ - skipped
[2.417s] -- Detecting CXX compile features
[2.420s] -- Detecting CXX compile features - done
[2.443s] -- Found ament_cmake: 1.3.11 (/opt/ros/humble/share/ament_cmake/cmake)
[3.790s] -- Found Python3: /usr/bin/python3 (found version "3.10.12") found components: Interpreter 
[4.014s] -- Found ament_cmake_ros: 0.10.0 (/opt/ros/humble/share/ament_cmake_ros/cmake)
[4.015s] -- Found rclcpp: 16.0.11 (/opt/ros/humble/share/rclcpp/cmake)
[4.058s] -- Found rosidl_generator_c: 3.1.6 (/opt/ros/humble/share/rosidl_generator_c/cmake)
[4.077s] -- Found rosidl_adapter: 3.1.6 (/opt/ros/humble/share/rosidl_adapter/cmake)
[4.111s] -- Found rosidl_generator_cpp: 3.1.6 (/opt/ros/humble/share/rosidl_generator_cpp/cmake)
[4.171s] -- Using all available rosidl_typesupport_c: rosidl_typesupport_fastrtps_c;rosidl_typesupport_introspection_c
[4.234s] -- Using all available rosidl_typesupport_cpp: rosidl_typesupport_fastrtps_cpp;rosidl_typesupport_introspection_cpp
[4.721s] -- Found rmw_implementation_cmake: 6.1.2 (/opt/ros/humble/share/rmw_implementation_cmake/cmake)
[4.790s] -- Found rmw_fastrtps_cpp: 6.2.7 (/opt/ros/humble/share/rmw_fastrtps_cpp/cmake)
[5.393s] -- Found OpenSSL: /usr/lib/aarch64-linux-gnu/libcrypto.so (found version "3.0.2")  
[5.489s] -- Found FastRTPS: /opt/ros/humble/include  
[5.628s] -- Using RMW implementation 'rmw_fastrtps_cpp' as default
[5.685s] -- Looking for pthread.h
[6.024s] -- Looking for pthread.h - found
[6.025s] -- Performing Test CMAKE_HAVE_LIBC_PTHREAD
[6.346s] -- Performing Test CMAKE_HAVE_LIBC_PTHREAD - Success
[6.350s] -- Found Threads: TRUE  
[6.589s] -- Found sensor_msgs: 4.2.4 (/opt/ros/humble/share/sensor_msgs/cmake)
[7.070s] -- Configuring done
[7.125s] -- Generating done
[7.154s] -- Build files have been written to: /home/sdfr-ppd-16/ros2_ws/build/image_functions_sdfr
[7.194s] Invoked command in '/home/sdfr-ppd-16/ros2_ws/build/image_functions_sdfr' returned '0': CMAKE_PREFIX_PATH=${CMAKE_PREFIX_PATH}:/opt/ros/humble /usr/bin/cmake /home/sdfr-ppd-16/ros2_ws/src/image_functions_sdfr/image_functions_sdfr -DCMAKE_INSTALL_PREFIX=/home/sdfr-ppd-16/ros2_ws/install/image_functions_sdfr
[7.198s] Invoking command in '/home/sdfr-ppd-16/ros2_ws/build/image_functions_sdfr': CMAKE_PREFIX_PATH=${CMAKE_PREFIX_PATH}:/opt/ros/humble /usr/bin/cmake --build /home/sdfr-ppd-16/ros2_ws/build/image_functions_sdfr -- -j3 -l3
[7.350s] [ 50%] [32mBuilding CXX object CMakeFiles/image_functions.dir/src/image_functions.cpp.o[0m
[22.181s] [100%] [32m[1mLinking CXX shared library libimage_functions.so[0m
[22.750s] [100%] Built target image_functions
[22.792s] Invoked command in '/home/sdfr-ppd-16/ros2_ws/build/image_functions_sdfr' returned '0': CMAKE_PREFIX_PATH=${CMAKE_PREFIX_PATH}:/opt/ros/humble /usr/bin/cmake --build /home/sdfr-ppd-16/ros2_ws/build/image_functions_sdfr -- -j3 -l3
[22.796s] Invoking command in '/home/sdfr-ppd-16/ros2_ws/build/image_functions_sdfr': CMAKE_PREFIX_PATH=${CMAKE_PREFIX_PATH}:/opt/ros/humble /usr/bin/cmake --install /home/sdfr-ppd-16/ros2_ws/build/image_functions_sdfr
[22.824s] -- Install configuration: ""
[22.827s] -- Installing: /home/sdfr-ppd-16/ros2_ws/install/image_functions_sdfr/include
[22.830s] -- Installing: /home/sdfr-ppd-16/ros2_ws/install/image_functions_sdfr/include/image_functions_sdfr
[22.832s] -- Installing: /home/sdfr-ppd-16/ros2_ws/install/image_functions_sdfr/include/image_functions_sdfr/visibility_control.h
[22.836s] -- Installing: /home/sdfr-ppd-16/ros2_ws/install/image_functions_sdfr/include/image_functions_sdfr/image_functions.hpp
[22.840s] -- Installing: /home/sdfr-ppd-16/ros2_ws/install/image_functions_sdfr/lib/libimage_functions.so
[22.848s] -- Set runtime path of "/home/sdfr-ppd-16/ros2_ws/install/image_functions_sdfr/lib/libimage_functions.so" to ""
[22.851s] -- Installing: /home/sdfr-ppd-16/ros2_ws/install/image_functions_sdfr/share/image_functions_sdfr/environment/library_path.sh
[22.855s] -- Installing: /home/sdfr-ppd-16/ros2_ws/install/image_functions_sdfr/share/image_functions_sdfr/environment/library_path.dsv
[22.859s] -- Installing: /home/sdfr-ppd-16/ros2_ws/install/image_functions_sdfr/share/ament_index/resource_index/package_run_dependencies/image_functions_sdfr
[22.863s] -- Installing: /home/sdfr-ppd-16/ros2_ws/install/image_functions_sdfr/share/ament_index/resource_index/parent_prefix_path/image_functions_sdfr
[22.866s] -- Installing: /home/sdfr-ppd-16/ros2_ws/install/image_functions_sdfr/share/image_functions_sdfr/environment/ament_prefix_path.sh
[22.871s] -- Installing: /home/sdfr-ppd-16/ros2_ws/install/image_functions_sdfr/share/image_functions_sdfr/environment/ament_prefix_path.dsv
[22.876s] -- Installing: /home/sdfr-ppd-16/ros2_ws/install/image_functions_sdfr/share/image_functions_sdfr/environment/path.sh
[22.881s] -- Installing: /home/sdfr-ppd-16/ros2_ws/install/image_functions_sdfr/share/image_functions_sdfr/environment/path.dsv
[22.887s] -- Installing: /home/sdfr-ppd-16/ros2_ws/install/image_functions_sdfr/share/image_functions_sdfr/local_setup.bash
[22.891s] -- Installing: /home/sdfr-ppd-16/ros2_ws/install/image_functions_sdfr/share/image_functions_sdfr/local_setup.sh
[22.895s] -- Installing: /home/sdfr-ppd-16/ros2_ws/install/image_functions_sdfr/share/image_functions_sdfr/local_setup.zsh
[22.899s] -- Installing: /home/sdfr-ppd-16/ros2_ws/install/image_functions_sdfr/share/image_functions_sdfr/local_setup.dsv
[22.902s] -- Installing: /home/sdfr-ppd-16/ros2_ws/install/image_functions_sdfr/share/image_functions_sdfr/package.dsv
[22.906s] -- Installing: /home/sdfr-ppd-16/ros2_ws/install/image_functions_sdfr/share/ament_index/resource_index/packages/image_functions_sdfr
[22.910s] -- Installing: /home/sdfr-ppd-16/ros2_ws/install/image_functions_sdfr/share/image_functions_sdfr/cmake/export_image_functions_sdfrExport.cmake
[22.914s] -- Installing: /home/sdfr-ppd-16/ros2_ws/install/image_functions_sdfr/share/image_functions_sdfr/cmake/export_image_functions_sdfrExport-noconfig.cmake
[22.917s] -- Installing: /home/sdfr-ppd-16/ros2_ws/install/image_functions_sdfr/share/image_functions_sdfr/cmake/ament_cmake_export_include_directories-extras.cmake
[22.921s] -- Installing: /home/sdfr-ppd-16/ros2_ws/install/image_functions_sdfr/share/image_functions_sdfr/cmake/ament_cmake_export_libraries-extras.cmake
[22.925s] -- Installing: /home/sdfr-ppd-16/ros2_ws/install/image_functions_sdfr/share/image_functions_sdfr/cmake/ament_cmake_export_targets-extras.cmake
[22.929s] -- Installing: /home/sdfr-ppd-16/ros2_ws/install/image_functions_sdfr/share/image_functions_sdfr/cmake/ament_cmake_export_dependencies-extras.cmake
[22.932s] -- Installing: /home/sdfr-ppd-16/ros2_ws/install/image_functions_sdfr/share/image_functions_sdfr/cmake/image_functions_sdfrConfig.cmake
[22.935s] -- Installing: /home/sdfr-ppd-16/ros2_ws/install/image_functions_sdfr/share/image_functions_sdfr/cmake/image_functions_sdfrConfig-version.cmake
[22.939s] -- Installing: /home/sdfr-ppd-16/ros2_ws/install/image_functions_sdfr/share/image_functions_sdfr/package.xml
[22.956s] Invoked command in '/home/sdfr-ppd-16/ros2_ws/build/image_functions_sdfr' returned '0': CMAKE_PREFIX_PATH=${CMAKE_PREFIX_PATH}:/opt/ros/humble /usr/bin/cmake --install /home/sdfr-ppd-16/ros2_ws/build/image_functions_sdfr
