-- Found ament_cmake: 1.3.13 (/opt/ros/humble/share/ament_cmake/cmake)
-- Found rclcpp: 16.0.18 (/opt/ros/humble/share/rclcpp/cmake)
-- Found rosidl_generator_c: 3.1.8 (/opt/ros/humble/share/rosidl_generator_c/cmake)
-- Found rosidl_adapter: 3.1.8 (/opt/ros/humble/share/rosidl_adapter/cmake)
-- Found rosidl_generator_cpp: 3.1.8 (/opt/ros/humble/share/rosidl_generator_cpp/cmake)
-- Using all available rosidl_typesupport_c: rosidl_typesupport_fastrtps_c;rosidl_typesupport_introspection_c
-- Using all available rosidl_typesupport_cpp: rosidl_typesupport_fastrtps_cpp;rosidl_typesupport_introspection_cpp
-- Found rmw_implementation_cmake: 6.1.2 (/opt/ros/humble/share/rmw_implementation_cmake/cmake)
-- Found rmw_fastrtps_cpp: 6.2.10 (/opt/ros/humble/share/rmw_fastrtps_cpp/cmake)
-- Using RMW implementation 'rmw_fastrtps_cpp' as default
-- Found example_interfaces: 0.9.3 (/opt/ros/humble/share/example_interfaces/cmake)
-- Found relbot_msgs: 2025.2.0 (/home/srik/ros_ubuntu/ros2_ws/install/relbot_msgs/share/relbot_msgs/cmake)
-- Found ament_lint_auto: 0.12.15 (/opt/ros/humble/share/ament_lint_auto/cmake)
-- Added test 'cppcheck' to perform static code analysis on C / C++ code
-- Configured cppcheck include dirs: /home/srik/ros_ubuntu/ros2_ws/src/relbot_sequence_controller/relbot_sequence_controller/include
-- Configured cppcheck exclude dirs and/or files: 
-- Added test 'lint_cmake' to check CMake code style
-- Added test 'uncrustify' to check C / C++ code style
-- Configured uncrustify additional arguments: 
-- Added test 'xmllint' to check XML markup files
-- Configuring done
-- Generating done
-- Build files have been written to: /home/srik/ros_ubuntu/ros2_ws/build/relbot_sequence_controller
[35m[1mConsolidate compiler generated dependencies of target relbot_sequence_controller[0m
[ 50%] [32mBuilding CXX object CMakeFiles/relbot_sequence_controller.dir/src/relbot_sequence_controller.cpp.o[0m
[01m[K/home/srik/ros_ubuntu/ros2_ws/src/relbot_sequence_controller/relbot_sequence_controller/src/relbot_sequence_controller.cpp:[m[K In member function ‘[01m[Kvoid SteerRelbot::create_topics()[m[K’:
[01m[K/home/srik/ros_ubuntu/ros2_ws/src/relbot_sequence_controller/relbot_sequence_controller/src/relbot_sequence_controller.cpp:13:5:[m[K [01;31m[Kerror: [m[K‘[01m[Kmotor_cmd_topic_[m[K’ was not declared in this scope
   13 |     [01;31m[Kmotor_cmd_topic_[m[K = this->create_publisher<relbot_msgs::msg::RelbotMotors>(
      |     [01;31m[K^~~~~~~~~~~~~~~~[m[K
[01m[K/home/srik/ros_ubuntu/ros2_ws/src/relbot_sequence_controller/relbot_sequence_controller/src/relbot_sequence_controller.cpp:[m[K In member function ‘[01m[Kvoid SteerRelbot::timer_callback()[m[K’:
[01m[K/home/srik/ros_ubuntu/ros2_ws/src/relbot_sequence_controller/relbot_sequence_controller/src/relbot_sequence_controller.cpp:30:5:[m[K [01;31m[Kerror: [m[K‘[01m[Kmotor_cmd_topic_[m[K’ was not declared in this scope
   30 |     [01;31m[Kmotor_cmd_topic_[m[K->publish(cmd);
      |     [01;31m[K^~~~~~~~~~~~~~~~[m[K
gmake[2]: *** [CMakeFiles/relbot_sequence_controller.dir/build.make:76: CMakeFiles/relbot_sequence_controller.dir/src/relbot_sequence_controller.cpp.o] Error 1
gmake[1]: *** [CMakeFiles/Makefile2:137: CMakeFiles/relbot_sequence_controller.dir/all] Error 2
gmake: *** [Makefile:146: all] Error 2
