[0.047s] DEBUG:colcon:Command line arguments: ['/usr/bin/colcon', 'build', '--packages-select', 'relbot_msgs']
[0.047s] DEBUG:colcon:Parsed command line arguments: Namespace(log_base=None, log_level=None, verb_name='build', build_base='build', install_base='install', merge_install=False, symlink_install=False, test_result_base=None, continue_on_error=False, executor='parallel', parallel_workers=32, event_handlers=None, ignore_user_meta=False, metas=['./colcon.meta'], base_paths=['.'], packages_ignore=None, packages_ignore_regex=None, paths=None, packages_up_to=None, packages_up_to_regex=None, packages_above=None, packages_above_and_dependencies=None, packages_above_depth=None, packages_select_by_dep=None, packages_skip_by_dep=None, packages_skip_up_to=None, packages_select_build_failed=False, packages_skip_build_finished=False, packages_select_test_failures=False, packages_skip_test_passed=False, packages_select=['relbot_msgs'], packages_skip=None, packages_select_regex=None, packages_skip_regex=None, packages_start=None, packages_end=None, allow_overriding=[], cmake_args=None, cmake_target=None, cmake_target_skip_unavailable=False, cmake_clean_cache=False, cmake_clean_first=False, cmake_force_configure=False, ament_cmake_args=None, catkin_cmake_args=None, catkin_skip_building_tests=False, mixin_files=None, mixin=None, verb_parser=<colcon_mixin.mixin.mixin_argument.MixinArgumentDecorator object at 0x7fbb7a4ed810>, verb_extension=<colcon_core.verb.build.BuildVerb object at 0x7fbb7a65e770>, main=<bound method BuildVerb.main of <colcon_core.verb.build.BuildVerb object at 0x7fbb7a65e770>>, mixin_verb=('build',))
[0.106s] Level 1:colcon.colcon_core.package_discovery:discover_packages(colcon_meta) check parameters
[0.107s] Level 1:colcon.colcon_core.package_discovery:discover_packages(recursive) check parameters
[0.107s] Level 1:colcon.colcon_core.package_discovery:discover_packages(ignore) check parameters
[0.107s] Level 1:colcon.colcon_core.package_discovery:discover_packages(path) check parameters
[0.107s] Level 1:colcon.colcon_core.package_discovery:discover_packages(colcon_meta) discover
[0.107s] Level 1:colcon.colcon_core.package_discovery:discover_packages(recursive) discover
[0.107s] INFO:colcon.colcon_core.package_discovery:Crawling recursively for packages in '/home/srik/ros_ubuntu/ros2_ws'
[0.107s] Level 1:colcon.colcon_core.package_identification:_identify(.) by extensions ['ignore', 'ignore_ament_install']
[0.107s] Level 1:colcon.colcon_core.package_identification:_identify(.) by extension 'ignore'
[0.107s] Level 1:colcon.colcon_core.package_identification:_identify(.) by extension 'ignore_ament_install'
[0.107s] Level 1:colcon.colcon_core.package_identification:_identify(.) by extensions ['colcon_pkg']
[0.107s] Level 1:colcon.colcon_core.package_identification:_identify(.) by extension 'colcon_pkg'
[0.107s] Level 1:colcon.colcon_core.package_identification:_identify(.) by extensions ['colcon_meta']
[0.107s] Level 1:colcon.colcon_core.package_identification:_identify(.) by extension 'colcon_meta'
[0.107s] Level 1:colcon.colcon_core.package_identification:_identify(.) by extensions ['ros']
[0.107s] Level 1:colcon.colcon_core.package_identification:_identify(.) by extension 'ros'
[0.112s] Level 1:colcon.colcon_core.package_identification:_identify(.) by extensions ['cmake', 'python']
[0.112s] Level 1:colcon.colcon_core.package_identification:_identify(.) by extension 'cmake'
[0.112s] Level 1:colcon.colcon_core.package_identification:_identify(.) by extension 'python'
[0.112s] Level 1:colcon.colcon_core.package_identification:_identify(.) by extensions ['python_setup_py']
[0.112s] Level 1:colcon.colcon_core.package_identification:_identify(.) by extension 'python_setup_py'
[0.112s] Level 1:colcon.colcon_core.package_identification:_identify(build) by extensions ['ignore', 'ignore_ament_install']
[0.112s] Level 1:colcon.colcon_core.package_identification:_identify(build) by extension 'ignore'
[0.112s] Level 1:colcon.colcon_core.package_identification:_identify(build) ignored
[0.112s] Level 1:colcon.colcon_core.package_identification:_identify(install) by extensions ['ignore', 'ignore_ament_install']
[0.112s] Level 1:colcon.colcon_core.package_identification:_identify(install) by extension 'ignore'
[0.112s] Level 1:colcon.colcon_core.package_identification:_identify(install) ignored
[0.112s] Level 1:colcon.colcon_core.package_identification:_identify(launch) by extensions ['ignore', 'ignore_ament_install']
[0.112s] Level 1:colcon.colcon_core.package_identification:_identify(launch) by extension 'ignore'
[0.112s] Level 1:colcon.colcon_core.package_identification:_identify(launch) by extension 'ignore_ament_install'
[0.112s] Level 1:colcon.colcon_core.package_identification:_identify(launch) by extensions ['colcon_pkg']
[0.112s] Level 1:colcon.colcon_core.package_identification:_identify(launch) by extension 'colcon_pkg'
[0.112s] Level 1:colcon.colcon_core.package_identification:_identify(launch) by extensions ['colcon_meta']
[0.112s] Level 1:colcon.colcon_core.package_identification:_identify(launch) by extension 'colcon_meta'
[0.112s] Level 1:colcon.colcon_core.package_identification:_identify(launch) by extensions ['ros']
[0.112s] Level 1:colcon.colcon_core.package_identification:_identify(launch) by extension 'ros'
[0.112s] Level 1:colcon.colcon_core.package_identification:_identify(launch) by extensions ['cmake', 'python']
[0.112s] Level 1:colcon.colcon_core.package_identification:_identify(launch) by extension 'cmake'
[0.112s] Level 1:colcon.colcon_core.package_identification:_identify(launch) by extension 'python'
[0.112s] Level 1:colcon.colcon_core.package_identification:_identify(launch) by extensions ['python_setup_py']
[0.112s] Level 1:colcon.colcon_core.package_identification:_identify(launch) by extension 'python_setup_py'
[0.112s] Level 1:colcon.colcon_core.package_identification:_identify(launch/__pycache__) by extensions ['ignore', 'ignore_ament_install']
[0.112s] Level 1:colcon.colcon_core.package_identification:_identify(launch/__pycache__) by extension 'ignore'
[0.112s] Level 1:colcon.colcon_core.package_identification:_identify(launch/__pycache__) by extension 'ignore_ament_install'
[0.112s] Level 1:colcon.colcon_core.package_identification:_identify(launch/__pycache__) by extensions ['colcon_pkg']
[0.112s] Level 1:colcon.colcon_core.package_identification:_identify(launch/__pycache__) by extension 'colcon_pkg'
[0.112s] Level 1:colcon.colcon_core.package_identification:_identify(launch/__pycache__) by extensions ['colcon_meta']
[0.112s] Level 1:colcon.colcon_core.package_identification:_identify(launch/__pycache__) by extension 'colcon_meta'
[0.112s] Level 1:colcon.colcon_core.package_identification:_identify(launch/__pycache__) by extensions ['ros']
[0.112s] Level 1:colcon.colcon_core.package_identification:_identify(launch/__pycache__) by extension 'ros'
[0.112s] Level 1:colcon.colcon_core.package_identification:_identify(launch/__pycache__) by extensions ['cmake', 'python']
[0.112s] Level 1:colcon.colcon_core.package_identification:_identify(launch/__pycache__) by extension 'cmake'
[0.112s] Level 1:colcon.colcon_core.package_identification:_identify(launch/__pycache__) by extension 'python'
[0.112s] Level 1:colcon.colcon_core.package_identification:_identify(launch/__pycache__) by extensions ['python_setup_py']
[0.112s] Level 1:colcon.colcon_core.package_identification:_identify(launch/__pycache__) by extension 'python_setup_py'
[0.112s] Level 1:colcon.colcon_core.package_identification:_identify(launch/build) by extensions ['ignore', 'ignore_ament_install']
[0.112s] Level 1:colcon.colcon_core.package_identification:_identify(launch/build) by extension 'ignore'
[0.112s] Level 1:colcon.colcon_core.package_identification:_identify(launch/build) ignored
[0.112s] Level 1:colcon.colcon_core.package_identification:_identify(launch/install) by extensions ['ignore', 'ignore_ament_install']
[0.112s] Level 1:colcon.colcon_core.package_identification:_identify(launch/install) by extension 'ignore'
[0.112s] Level 1:colcon.colcon_core.package_identification:_identify(launch/install) ignored
[0.113s] Level 1:colcon.colcon_core.package_identification:_identify(launch/log) by extensions ['ignore', 'ignore_ament_install']
[0.113s] Level 1:colcon.colcon_core.package_identification:_identify(launch/log) by extension 'ignore'
[0.113s] Level 1:colcon.colcon_core.package_identification:_identify(launch/log) ignored
[0.113s] Level 1:colcon.colcon_core.package_identification:_identify(log) by extensions ['ignore', 'ignore_ament_install']
[0.113s] Level 1:colcon.colcon_core.package_identification:_identify(log) by extension 'ignore'
[0.113s] Level 1:colcon.colcon_core.package_identification:_identify(log) ignored
[0.113s] Level 1:colcon.colcon_core.package_identification:_identify(src) by extensions ['ignore', 'ignore_ament_install']
[0.113s] Level 1:colcon.colcon_core.package_identification:_identify(src) by extension 'ignore'
[0.113s] Level 1:colcon.colcon_core.package_identification:_identify(src) by extension 'ignore_ament_install'
[0.113s] Level 1:colcon.colcon_core.package_identification:_identify(src) by extensions ['colcon_pkg']
[0.113s] Level 1:colcon.colcon_core.package_identification:_identify(src) by extension 'colcon_pkg'
[0.113s] Level 1:colcon.colcon_core.package_identification:_identify(src) by extensions ['colcon_meta']
[0.113s] Level 1:colcon.colcon_core.package_identification:_identify(src) by extension 'colcon_meta'
[0.113s] Level 1:colcon.colcon_core.package_identification:_identify(src) by extensions ['ros']
[0.113s] Level 1:colcon.colcon_core.package_identification:_identify(src) by extension 'ros'
[0.113s] Level 1:colcon.colcon_core.package_identification:_identify(src) by extensions ['cmake', 'python']
[0.113s] Level 1:colcon.colcon_core.package_identification:_identify(src) by extension 'cmake'
[0.113s] Level 1:colcon.colcon_core.package_identification:_identify(src) by extension 'python'
[0.113s] Level 1:colcon.colcon_core.package_identification:_identify(src) by extensions ['python_setup_py']
[0.113s] Level 1:colcon.colcon_core.package_identification:_identify(src) by extension 'python_setup_py'
[0.113s] Level 1:colcon.colcon_core.package_identification:_identify(src/build) by extensions ['ignore', 'ignore_ament_install']
[0.113s] Level 1:colcon.colcon_core.package_identification:_identify(src/build) by extension 'ignore'
[0.113s] Level 1:colcon.colcon_core.package_identification:_identify(src/build) ignored
[0.113s] Level 1:colcon.colcon_core.package_identification:_identify(src/image_functions_sdfr) by extensions ['ignore', 'ignore_ament_install']
[0.113s] Level 1:colcon.colcon_core.package_identification:_identify(src/image_functions_sdfr) by extension 'ignore'
[0.113s] Level 1:colcon.colcon_core.package_identification:_identify(src/image_functions_sdfr) by extension 'ignore_ament_install'
[0.113s] Level 1:colcon.colcon_core.package_identification:_identify(src/image_functions_sdfr) by extensions ['colcon_pkg']
[0.113s] Level 1:colcon.colcon_core.package_identification:_identify(src/image_functions_sdfr) by extension 'colcon_pkg'
[0.113s] Level 1:colcon.colcon_core.package_identification:_identify(src/image_functions_sdfr) by extensions ['colcon_meta']
[0.113s] Level 1:colcon.colcon_core.package_identification:_identify(src/image_functions_sdfr) by extension 'colcon_meta'
[0.113s] Level 1:colcon.colcon_core.package_identification:_identify(src/image_functions_sdfr) by extensions ['ros']
[0.113s] Level 1:colcon.colcon_core.package_identification:_identify(src/image_functions_sdfr) by extension 'ros'
[0.113s] Level 1:colcon.colcon_core.package_identification:_identify(src/image_functions_sdfr) by extensions ['cmake', 'python']
[0.113s] Level 1:colcon.colcon_core.package_identification:_identify(src/image_functions_sdfr) by extension 'cmake'
[0.113s] Level 1:colcon.colcon_core.package_identification:_identify(src/image_functions_sdfr) by extension 'python'
[0.113s] Level 1:colcon.colcon_core.package_identification:_identify(src/image_functions_sdfr) by extensions ['python_setup_py']
[0.113s] Level 1:colcon.colcon_core.package_identification:_identify(src/image_functions_sdfr) by extension 'python_setup_py'
[0.113s] Level 1:colcon.colcon_core.package_identification:_identify(src/image_functions_sdfr/image_functions_sdfr) by extensions ['ignore', 'ignore_ament_install']
[0.113s] Level 1:colcon.colcon_core.package_identification:_identify(src/image_functions_sdfr/image_functions_sdfr) by extension 'ignore'
[0.113s] Level 1:colcon.colcon_core.package_identification:_identify(src/image_functions_sdfr/image_functions_sdfr) by extension 'ignore_ament_install'
[0.113s] Level 1:colcon.colcon_core.package_identification:_identify(src/image_functions_sdfr/image_functions_sdfr) by extensions ['colcon_pkg']
[0.113s] Level 1:colcon.colcon_core.package_identification:_identify(src/image_functions_sdfr/image_functions_sdfr) by extension 'colcon_pkg'
[0.113s] Level 1:colcon.colcon_core.package_identification:_identify(src/image_functions_sdfr/image_functions_sdfr) by extensions ['colcon_meta']
[0.113s] Level 1:colcon.colcon_core.package_identification:_identify(src/image_functions_sdfr/image_functions_sdfr) by extension 'colcon_meta'
[0.113s] Level 1:colcon.colcon_core.package_identification:_identify(src/image_functions_sdfr/image_functions_sdfr) by extensions ['ros']
[0.113s] Level 1:colcon.colcon_core.package_identification:_identify(src/image_functions_sdfr/image_functions_sdfr) by extension 'ros'
[0.114s] DEBUG:colcon.colcon_core.package_identification:Package 'src/image_functions_sdfr/image_functions_sdfr' with type 'ros.ament_cmake' and name 'image_functions_sdfr'
[0.114s] Level 1:colcon.colcon_core.package_identification:_identify(src/install) by extensions ['ignore', 'ignore_ament_install']
[0.114s] Level 1:colcon.colcon_core.package_identification:_identify(src/install) by extension 'ignore'
[0.114s] Level 1:colcon.colcon_core.package_identification:_identify(src/install) ignored
[0.115s] Level 1:colcon.colcon_core.package_identification:_identify(src/log) by extensions ['ignore', 'ignore_ament_install']
[0.115s] Level 1:colcon.colcon_core.package_identification:_identify(src/log) by extension 'ignore'
[0.115s] Level 1:colcon.colcon_core.package_identification:_identify(src/log) ignored
[0.115s] Level 1:colcon.colcon_core.package_identification:_identify(src/relbot2turtlesim) by extensions ['ignore', 'ignore_ament_install']
[0.115s] Level 1:colcon.colcon_core.package_identification:_identify(src/relbot2turtlesim) by extension 'ignore'
[0.115s] Level 1:colcon.colcon_core.package_identification:_identify(src/relbot2turtlesim) by extension 'ignore_ament_install'
[0.115s] Level 1:colcon.colcon_core.package_identification:_identify(src/relbot2turtlesim) by extensions ['colcon_pkg']
[0.115s] Level 1:colcon.colcon_core.package_identification:_identify(src/relbot2turtlesim) by extension 'colcon_pkg'
[0.115s] Level 1:colcon.colcon_core.package_identification:_identify(src/relbot2turtlesim) by extensions ['colcon_meta']
[0.115s] Level 1:colcon.colcon_core.package_identification:_identify(src/relbot2turtlesim) by extension 'colcon_meta'
[0.115s] Level 1:colcon.colcon_core.package_identification:_identify(src/relbot2turtlesim) by extensions ['ros']
[0.115s] Level 1:colcon.colcon_core.package_identification:_identify(src/relbot2turtlesim) by extension 'ros'
[0.115s] Level 1:colcon.colcon_core.package_identification:_identify(src/relbot2turtlesim) by extensions ['cmake', 'python']
[0.115s] Level 1:colcon.colcon_core.package_identification:_identify(src/relbot2turtlesim) by extension 'cmake'
[0.115s] Level 1:colcon.colcon_core.package_identification:_identify(src/relbot2turtlesim) by extension 'python'
[0.115s] Level 1:colcon.colcon_core.package_identification:_identify(src/relbot2turtlesim) by extensions ['python_setup_py']
[0.115s] Level 1:colcon.colcon_core.package_identification:_identify(src/relbot2turtlesim) by extension 'python_setup_py'
[0.115s] Level 1:colcon.colcon_core.package_identification:_identify(src/relbot2turtlesim/__MACOSX) by extensions ['ignore', 'ignore_ament_install']
[0.115s] Level 1:colcon.colcon_core.package_identification:_identify(src/relbot2turtlesim/__MACOSX) by extension 'ignore'
[0.115s] Level 1:colcon.colcon_core.package_identification:_identify(src/relbot2turtlesim/__MACOSX) by extension 'ignore_ament_install'
[0.115s] Level 1:colcon.colcon_core.package_identification:_identify(src/relbot2turtlesim/__MACOSX) by extensions ['colcon_pkg']
[0.115s] Level 1:colcon.colcon_core.package_identification:_identify(src/relbot2turtlesim/__MACOSX) by extension 'colcon_pkg'
[0.115s] Level 1:colcon.colcon_core.package_identification:_identify(src/relbot2turtlesim/__MACOSX) by extensions ['colcon_meta']
[0.115s] Level 1:colcon.colcon_core.package_identification:_identify(src/relbot2turtlesim/__MACOSX) by extension 'colcon_meta'
[0.115s] Level 1:colcon.colcon_core.package_identification:_identify(src/relbot2turtlesim/__MACOSX) by extensions ['ros']
[0.115s] Level 1:colcon.colcon_core.package_identification:_identify(src/relbot2turtlesim/__MACOSX) by extension 'ros'
[0.115s] Level 1:colcon.colcon_core.package_identification:_identify(src/relbot2turtlesim/__MACOSX) by extensions ['cmake', 'python']
[0.115s] Level 1:colcon.colcon_core.package_identification:_identify(src/relbot2turtlesim/__MACOSX) by extension 'cmake'
[0.115s] Level 1:colcon.colcon_core.package_identification:_identify(src/relbot2turtlesim/__MACOSX) by extension 'python'
[0.115s] Level 1:colcon.colcon_core.package_identification:_identify(src/relbot2turtlesim/__MACOSX) by extensions ['python_setup_py']
[0.115s] Level 1:colcon.colcon_core.package_identification:_identify(src/relbot2turtlesim/__MACOSX) by extension 'python_setup_py'
[0.115s] Level 1:colcon.colcon_core.package_identification:_identify(src/relbot2turtlesim/__MACOSX/relbot2turtlesim) by extensions ['ignore', 'ignore_ament_install']
[0.115s] Level 1:colcon.colcon_core.package_identification:_identify(src/relbot2turtlesim/__MACOSX/relbot2turtlesim) by extension 'ignore'
[0.115s] Level 1:colcon.colcon_core.package_identification:_identify(src/relbot2turtlesim/__MACOSX/relbot2turtlesim) by extension 'ignore_ament_install'
[0.115s] Level 1:colcon.colcon_core.package_identification:_identify(src/relbot2turtlesim/__MACOSX/relbot2turtlesim) by extensions ['colcon_pkg']
[0.115s] Level 1:colcon.colcon_core.package_identification:_identify(src/relbot2turtlesim/__MACOSX/relbot2turtlesim) by extension 'colcon_pkg'
[0.115s] Level 1:colcon.colcon_core.package_identification:_identify(src/relbot2turtlesim/__MACOSX/relbot2turtlesim) by extensions ['colcon_meta']
[0.115s] Level 1:colcon.colcon_core.package_identification:_identify(src/relbot2turtlesim/__MACOSX/relbot2turtlesim) by extension 'colcon_meta'
[0.115s] Level 1:colcon.colcon_core.package_identification:_identify(src/relbot2turtlesim/__MACOSX/relbot2turtlesim) by extensions ['ros']
[0.115s] Level 1:colcon.colcon_core.package_identification:_identify(src/relbot2turtlesim/__MACOSX/relbot2turtlesim) by extension 'ros'
[0.115s] Level 1:colcon.colcon_core.package_identification:_identify(src/relbot2turtlesim/__MACOSX/relbot2turtlesim) by extensions ['cmake', 'python']
[0.115s] Level 1:colcon.colcon_core.package_identification:_identify(src/relbot2turtlesim/__MACOSX/relbot2turtlesim) by extension 'cmake'
[0.115s] Level 1:colcon.colcon_core.package_identification:_identify(src/relbot2turtlesim/__MACOSX/relbot2turtlesim) by extension 'python'
[0.115s] Level 1:colcon.colcon_core.package_identification:_identify(src/relbot2turtlesim/__MACOSX/relbot2turtlesim) by extensions ['python_setup_py']
[0.115s] Level 1:colcon.colcon_core.package_identification:_identify(src/relbot2turtlesim/__MACOSX/relbot2turtlesim) by extension 'python_setup_py'
[0.115s] Level 1:colcon.colcon_core.package_identification:_identify(src/relbot2turtlesim/__MACOSX/relbot2turtlesim/include) by extensions ['ignore', 'ignore_ament_install']
[0.115s] Level 1:colcon.colcon_core.package_identification:_identify(src/relbot2turtlesim/__MACOSX/relbot2turtlesim/include) by extension 'ignore'
[0.115s] Level 1:colcon.colcon_core.package_identification:_identify(src/relbot2turtlesim/__MACOSX/relbot2turtlesim/include) by extension 'ignore_ament_install'
[0.115s] Level 1:colcon.colcon_core.package_identification:_identify(src/relbot2turtlesim/__MACOSX/relbot2turtlesim/include) by extensions ['colcon_pkg']
[0.115s] Level 1:colcon.colcon_core.package_identification:_identify(src/relbot2turtlesim/__MACOSX/relbot2turtlesim/include) by extension 'colcon_pkg'
[0.115s] Level 1:colcon.colcon_core.package_identification:_identify(src/relbot2turtlesim/__MACOSX/relbot2turtlesim/include) by extensions ['colcon_meta']
[0.115s] Level 1:colcon.colcon_core.package_identification:_identify(src/relbot2turtlesim/__MACOSX/relbot2turtlesim/include) by extension 'colcon_meta'
[0.115s] Level 1:colcon.colcon_core.package_identification:_identify(src/relbot2turtlesim/__MACOSX/relbot2turtlesim/include) by extensions ['ros']
[0.115s] Level 1:colcon.colcon_core.package_identification:_identify(src/relbot2turtlesim/__MACOSX/relbot2turtlesim/include) by extension 'ros'
[0.115s] Level 1:colcon.colcon_core.package_identification:_identify(src/relbot2turtlesim/__MACOSX/relbot2turtlesim/include) by extensions ['cmake', 'python']
[0.115s] Level 1:colcon.colcon_core.package_identification:_identify(src/relbot2turtlesim/__MACOSX/relbot2turtlesim/include) by extension 'cmake'
[0.115s] Level 1:colcon.colcon_core.package_identification:_identify(src/relbot2turtlesim/__MACOSX/relbot2turtlesim/include) by extension 'python'
[0.116s] Level 1:colcon.colcon_core.package_identification:_identify(src/relbot2turtlesim/__MACOSX/relbot2turtlesim/include) by extensions ['python_setup_py']
[0.116s] Level 1:colcon.colcon_core.package_identification:_identify(src/relbot2turtlesim/__MACOSX/relbot2turtlesim/include) by extension 'python_setup_py'
[0.116s] Level 1:colcon.colcon_core.package_identification:_identify(src/relbot2turtlesim/relbot2turtlesim) by extensions ['ignore', 'ignore_ament_install']
[0.116s] Level 1:colcon.colcon_core.package_identification:_identify(src/relbot2turtlesim/relbot2turtlesim) by extension 'ignore'
[0.116s] Level 1:colcon.colcon_core.package_identification:_identify(src/relbot2turtlesim/relbot2turtlesim) by extension 'ignore_ament_install'
[0.116s] Level 1:colcon.colcon_core.package_identification:_identify(src/relbot2turtlesim/relbot2turtlesim) by extensions ['colcon_pkg']
[0.116s] Level 1:colcon.colcon_core.package_identification:_identify(src/relbot2turtlesim/relbot2turtlesim) by extension 'colcon_pkg'
[0.116s] Level 1:colcon.colcon_core.package_identification:_identify(src/relbot2turtlesim/relbot2turtlesim) by extensions ['colcon_meta']
[0.116s] Level 1:colcon.colcon_core.package_identification:_identify(src/relbot2turtlesim/relbot2turtlesim) by extension 'colcon_meta'
[0.116s] Level 1:colcon.colcon_core.package_identification:_identify(src/relbot2turtlesim/relbot2turtlesim) by extensions ['ros']
[0.116s] Level 1:colcon.colcon_core.package_identification:_identify(src/relbot2turtlesim/relbot2turtlesim) by extension 'ros'
[0.116s] DEBUG:colcon.colcon_core.package_identification:Package 'src/relbot2turtlesim/relbot2turtlesim' with type 'ros.ament_cmake' and name 'relbot2turtlesim'
[0.116s] Level 1:colcon.colcon_core.package_identification:_identify(src/relbot_adapter) by extensions ['ignore', 'ignore_ament_install']
[0.116s] Level 1:colcon.colcon_core.package_identification:_identify(src/relbot_adapter) by extension 'ignore'
[0.116s] Level 1:colcon.colcon_core.package_identification:_identify(src/relbot_adapter) by extension 'ignore_ament_install'
[0.116s] Level 1:colcon.colcon_core.package_identification:_identify(src/relbot_adapter) by extensions ['colcon_pkg']
[0.116s] Level 1:colcon.colcon_core.package_identification:_identify(src/relbot_adapter) by extension 'colcon_pkg'
[0.116s] Level 1:colcon.colcon_core.package_identification:_identify(src/relbot_adapter) by extensions ['colcon_meta']
[0.116s] Level 1:colcon.colcon_core.package_identification:_identify(src/relbot_adapter) by extension 'colcon_meta'
[0.116s] Level 1:colcon.colcon_core.package_identification:_identify(src/relbot_adapter) by extensions ['ros']
[0.116s] Level 1:colcon.colcon_core.package_identification:_identify(src/relbot_adapter) by extension 'ros'
[0.116s] DEBUG:colcon.colcon_core.package_identification:Package 'src/relbot_adapter' with type 'ros.ament_cmake' and name 'relbot_adapter'
[0.116s] Level 1:colcon.colcon_core.package_identification:_identify(src/relbot_launch) by extensions ['ignore', 'ignore_ament_install']
[0.117s] Level 1:colcon.colcon_core.package_identification:_identify(src/relbot_launch) by extension 'ignore'
[0.117s] Level 1:colcon.colcon_core.package_identification:_identify(src/relbot_launch) by extension 'ignore_ament_install'
[0.117s] Level 1:colcon.colcon_core.package_identification:_identify(src/relbot_launch) by extensions ['colcon_pkg']
[0.117s] Level 1:colcon.colcon_core.package_identification:_identify(src/relbot_launch) by extension 'colcon_pkg'
[0.117s] Level 1:colcon.colcon_core.package_identification:_identify(src/relbot_launch) by extensions ['colcon_meta']
[0.117s] Level 1:colcon.colcon_core.package_identification:_identify(src/relbot_launch) by extension 'colcon_meta'
[0.117s] Level 1:colcon.colcon_core.package_identification:_identify(src/relbot_launch) by extensions ['ros']
[0.117s] Level 1:colcon.colcon_core.package_identification:_identify(src/relbot_launch) by extension 'ros'
[0.117s] Level 1:colcon.colcon_core.package_identification:_identify(src/relbot_launch) by extensions ['cmake', 'python']
[0.117s] Level 1:colcon.colcon_core.package_identification:_identify(src/relbot_launch) by extension 'cmake'
[0.117s] Level 1:colcon.colcon_core.package_identification:_identify(src/relbot_launch) by extension 'python'
[0.117s] Level 1:colcon.colcon_core.package_identification:_identify(src/relbot_launch) by extensions ['python_setup_py']
[0.117s] Level 1:colcon.colcon_core.package_identification:_identify(src/relbot_launch) by extension 'python_setup_py'
[0.117s] Level 1:colcon.colcon_core.package_identification:_identify(src/relbot_launch/__MACOSX) by extensions ['ignore', 'ignore_ament_install']
[0.117s] Level 1:colcon.colcon_core.package_identification:_identify(src/relbot_launch/__MACOSX) by extension 'ignore'
[0.117s] Level 1:colcon.colcon_core.package_identification:_identify(src/relbot_launch/__MACOSX) by extension 'ignore_ament_install'
[0.117s] Level 1:colcon.colcon_core.package_identification:_identify(src/relbot_launch/__MACOSX) by extensions ['colcon_pkg']
[0.117s] Level 1:colcon.colcon_core.package_identification:_identify(src/relbot_launch/__MACOSX) by extension 'colcon_pkg'
[0.117s] Level 1:colcon.colcon_core.package_identification:_identify(src/relbot_launch/__MACOSX) by extensions ['colcon_meta']
[0.117s] Level 1:colcon.colcon_core.package_identification:_identify(src/relbot_launch/__MACOSX) by extension 'colcon_meta'
[0.117s] Level 1:colcon.colcon_core.package_identification:_identify(src/relbot_launch/__MACOSX) by extensions ['ros']
[0.117s] Level 1:colcon.colcon_core.package_identification:_identify(src/relbot_launch/__MACOSX) by extension 'ros'
[0.117s] Level 1:colcon.colcon_core.package_identification:_identify(src/relbot_launch/__MACOSX) by extensions ['cmake', 'python']
[0.117s] Level 1:colcon.colcon_core.package_identification:_identify(src/relbot_launch/__MACOSX) by extension 'cmake'
[0.117s] Level 1:colcon.colcon_core.package_identification:_identify(src/relbot_launch/__MACOSX) by extension 'python'
[0.117s] Level 1:colcon.colcon_core.package_identification:_identify(src/relbot_launch/__MACOSX) by extensions ['python_setup_py']
[0.117s] Level 1:colcon.colcon_core.package_identification:_identify(src/relbot_launch/__MACOSX) by extension 'python_setup_py'
[0.117s] Level 1:colcon.colcon_core.package_identification:_identify(src/relbot_launch/__MACOSX/relbot_launch) by extensions ['ignore', 'ignore_ament_install']
[0.117s] Level 1:colcon.colcon_core.package_identification:_identify(src/relbot_launch/__MACOSX/relbot_launch) by extension 'ignore'
[0.117s] Level 1:colcon.colcon_core.package_identification:_identify(src/relbot_launch/__MACOSX/relbot_launch) by extension 'ignore_ament_install'
[0.117s] Level 1:colcon.colcon_core.package_identification:_identify(src/relbot_launch/__MACOSX/relbot_launch) by extensions ['colcon_pkg']
[0.117s] Level 1:colcon.colcon_core.package_identification:_identify(src/relbot_launch/__MACOSX/relbot_launch) by extension 'colcon_pkg'
[0.117s] Level 1:colcon.colcon_core.package_identification:_identify(src/relbot_launch/__MACOSX/relbot_launch) by extensions ['colcon_meta']
[0.117s] Level 1:colcon.colcon_core.package_identification:_identify(src/relbot_launch/__MACOSX/relbot_launch) by extension 'colcon_meta'
[0.117s] Level 1:colcon.colcon_core.package_identification:_identify(src/relbot_launch/__MACOSX/relbot_launch) by extensions ['ros']
[0.117s] Level 1:colcon.colcon_core.package_identification:_identify(src/relbot_launch/__MACOSX/relbot_launch) by extension 'ros'
[0.117s] Level 1:colcon.colcon_core.package_identification:_identify(src/relbot_launch/__MACOSX/relbot_launch) by extensions ['cmake', 'python']
[0.117s] Level 1:colcon.colcon_core.package_identification:_identify(src/relbot_launch/__MACOSX/relbot_launch) by extension 'cmake'
[0.117s] Level 1:colcon.colcon_core.package_identification:_identify(src/relbot_launch/__MACOSX/relbot_launch) by extension 'python'
[0.117s] Level 1:colcon.colcon_core.package_identification:_identify(src/relbot_launch/__MACOSX/relbot_launch) by extensions ['python_setup_py']
[0.117s] Level 1:colcon.colcon_core.package_identification:_identify(src/relbot_launch/__MACOSX/relbot_launch) by extension 'python_setup_py'
[0.117s] Level 1:colcon.colcon_core.package_identification:_identify(src/relbot_launch/__MACOSX/relbot_launch/launch) by extensions ['ignore', 'ignore_ament_install']
[0.117s] Level 1:colcon.colcon_core.package_identification:_identify(src/relbot_launch/__MACOSX/relbot_launch/launch) by extension 'ignore'
[0.117s] Level 1:colcon.colcon_core.package_identification:_identify(src/relbot_launch/__MACOSX/relbot_launch/launch) by extension 'ignore_ament_install'
[0.117s] Level 1:colcon.colcon_core.package_identification:_identify(src/relbot_launch/__MACOSX/relbot_launch/launch) by extensions ['colcon_pkg']
[0.117s] Level 1:colcon.colcon_core.package_identification:_identify(src/relbot_launch/__MACOSX/relbot_launch/launch) by extension 'colcon_pkg'
[0.117s] Level 1:colcon.colcon_core.package_identification:_identify(src/relbot_launch/__MACOSX/relbot_launch/launch) by extensions ['colcon_meta']
[0.117s] Level 1:colcon.colcon_core.package_identification:_identify(src/relbot_launch/__MACOSX/relbot_launch/launch) by extension 'colcon_meta'
[0.117s] Level 1:colcon.colcon_core.package_identification:_identify(src/relbot_launch/__MACOSX/relbot_launch/launch) by extensions ['ros']
[0.117s] Level 1:colcon.colcon_core.package_identification:_identify(src/relbot_launch/__MACOSX/relbot_launch/launch) by extension 'ros'
[0.117s] Level 1:colcon.colcon_core.package_identification:_identify(src/relbot_launch/__MACOSX/relbot_launch/launch) by extensions ['cmake', 'python']
[0.117s] Level 1:colcon.colcon_core.package_identification:_identify(src/relbot_launch/__MACOSX/relbot_launch/launch) by extension 'cmake'
[0.117s] Level 1:colcon.colcon_core.package_identification:_identify(src/relbot_launch/__MACOSX/relbot_launch/launch) by extension 'python'
[0.117s] Level 1:colcon.colcon_core.package_identification:_identify(src/relbot_launch/__MACOSX/relbot_launch/launch) by extensions ['python_setup_py']
[0.117s] Level 1:colcon.colcon_core.package_identification:_identify(src/relbot_launch/__MACOSX/relbot_launch/launch) by extension 'python_setup_py'
[0.117s] Level 1:colcon.colcon_core.package_identification:_identify(src/relbot_launch/relbot_launch) by extensions ['ignore', 'ignore_ament_install']
[0.117s] Level 1:colcon.colcon_core.package_identification:_identify(src/relbot_launch/relbot_launch) by extension 'ignore'
[0.117s] Level 1:colcon.colcon_core.package_identification:_identify(src/relbot_launch/relbot_launch) by extension 'ignore_ament_install'
[0.118s] Level 1:colcon.colcon_core.package_identification:_identify(src/relbot_launch/relbot_launch) by extensions ['colcon_pkg']
[0.118s] Level 1:colcon.colcon_core.package_identification:_identify(src/relbot_launch/relbot_launch) by extension 'colcon_pkg'
[0.118s] Level 1:colcon.colcon_core.package_identification:_identify(src/relbot_launch/relbot_launch) by extensions ['colcon_meta']
[0.118s] Level 1:colcon.colcon_core.package_identification:_identify(src/relbot_launch/relbot_launch) by extension 'colcon_meta'
[0.118s] Level 1:colcon.colcon_core.package_identification:_identify(src/relbot_launch/relbot_launch) by extensions ['ros']
[0.118s] Level 1:colcon.colcon_core.package_identification:_identify(src/relbot_launch/relbot_launch) by extension 'ros'
[0.118s] DEBUG:colcon.colcon_core.package_identification:Package 'src/relbot_launch/relbot_launch' with type 'ros.ament_cmake' and name 'relbot_launch'
[0.118s] Level 1:colcon.colcon_core.package_identification:_identify(src/relbot_msgs) by extensions ['ignore', 'ignore_ament_install']
[0.118s] Level 1:colcon.colcon_core.package_identification:_identify(src/relbot_msgs) by extension 'ignore'
[0.118s] Level 1:colcon.colcon_core.package_identification:_identify(src/relbot_msgs) by extension 'ignore_ament_install'
[0.118s] Level 1:colcon.colcon_core.package_identification:_identify(src/relbot_msgs) by extensions ['colcon_pkg']
[0.118s] Level 1:colcon.colcon_core.package_identification:_identify(src/relbot_msgs) by extension 'colcon_pkg'
[0.118s] Level 1:colcon.colcon_core.package_identification:_identify(src/relbot_msgs) by extensions ['colcon_meta']
[0.118s] Level 1:colcon.colcon_core.package_identification:_identify(src/relbot_msgs) by extension 'colcon_meta'
[0.118s] Level 1:colcon.colcon_core.package_identification:_identify(src/relbot_msgs) by extensions ['ros']
[0.118s] Level 1:colcon.colcon_core.package_identification:_identify(src/relbot_msgs) by extension 'ros'
[0.118s] DEBUG:colcon.colcon_core.package_identification:Package 'src/relbot_msgs' with type 'ros.ament_cmake' and name 'relbot_msgs'
[0.118s] Level 1:colcon.colcon_core.package_identification:_identify(src/relbot_sequence_controller) by extensions ['ignore', 'ignore_ament_install']
[0.118s] Level 1:colcon.colcon_core.package_identification:_identify(src/relbot_sequence_controller) by extension 'ignore'
[0.118s] Level 1:colcon.colcon_core.package_identification:_identify(src/relbot_sequence_controller) by extension 'ignore_ament_install'
[0.118s] Level 1:colcon.colcon_core.package_identification:_identify(src/relbot_sequence_controller) by extensions ['colcon_pkg']
[0.118s] Level 1:colcon.colcon_core.package_identification:_identify(src/relbot_sequence_controller) by extension 'colcon_pkg'
[0.118s] Level 1:colcon.colcon_core.package_identification:_identify(src/relbot_sequence_controller) by extensions ['colcon_meta']
[0.118s] Level 1:colcon.colcon_core.package_identification:_identify(src/relbot_sequence_controller) by extension 'colcon_meta'
[0.118s] Level 1:colcon.colcon_core.package_identification:_identify(src/relbot_sequence_controller) by extensions ['ros']
[0.118s] Level 1:colcon.colcon_core.package_identification:_identify(src/relbot_sequence_controller) by extension 'ros'
[0.118s] Level 1:colcon.colcon_core.package_identification:_identify(src/relbot_sequence_controller) by extensions ['cmake', 'python']
[0.118s] Level 1:colcon.colcon_core.package_identification:_identify(src/relbot_sequence_controller) by extension 'cmake'
[0.118s] Level 1:colcon.colcon_core.package_identification:_identify(src/relbot_sequence_controller) by extension 'python'
[0.118s] Level 1:colcon.colcon_core.package_identification:_identify(src/relbot_sequence_controller) by extensions ['python_setup_py']
[0.118s] Level 1:colcon.colcon_core.package_identification:_identify(src/relbot_sequence_controller) by extension 'python_setup_py'
[0.118s] Level 1:colcon.colcon_core.package_identification:_identify(src/relbot_sequence_controller/__MACOSX) by extensions ['ignore', 'ignore_ament_install']
[0.119s] Level 1:colcon.colcon_core.package_identification:_identify(src/relbot_sequence_controller/__MACOSX) by extension 'ignore'
[0.119s] Level 1:colcon.colcon_core.package_identification:_identify(src/relbot_sequence_controller/__MACOSX) by extension 'ignore_ament_install'
[0.119s] Level 1:colcon.colcon_core.package_identification:_identify(src/relbot_sequence_controller/__MACOSX) by extensions ['colcon_pkg']
[0.119s] Level 1:colcon.colcon_core.package_identification:_identify(src/relbot_sequence_controller/__MACOSX) by extension 'colcon_pkg'
[0.119s] Level 1:colcon.colcon_core.package_identification:_identify(src/relbot_sequence_controller/__MACOSX) by extensions ['colcon_meta']
[0.119s] Level 1:colcon.colcon_core.package_identification:_identify(src/relbot_sequence_controller/__MACOSX) by extension 'colcon_meta'
[0.119s] Level 1:colcon.colcon_core.package_identification:_identify(src/relbot_sequence_controller/__MACOSX) by extensions ['ros']
[0.119s] Level 1:colcon.colcon_core.package_identification:_identify(src/relbot_sequence_controller/__MACOSX) by extension 'ros'
[0.119s] Level 1:colcon.colcon_core.package_identification:_identify(src/relbot_sequence_controller/__MACOSX) by extensions ['cmake', 'python']
[0.119s] Level 1:colcon.colcon_core.package_identification:_identify(src/relbot_sequence_controller/__MACOSX) by extension 'cmake'
[0.119s] Level 1:colcon.colcon_core.package_identification:_identify(src/relbot_sequence_controller/__MACOSX) by extension 'python'
[0.119s] Level 1:colcon.colcon_core.package_identification:_identify(src/relbot_sequence_controller/__MACOSX) by extensions ['python_setup_py']
[0.119s] Level 1:colcon.colcon_core.package_identification:_identify(src/relbot_sequence_controller/__MACOSX) by extension 'python_setup_py'
[0.119s] Level 1:colcon.colcon_core.package_identification:_identify(src/relbot_sequence_controller/__MACOSX/relbot_sequence_controller) by extensions ['ignore', 'ignore_ament_install']
[0.119s] Level 1:colcon.colcon_core.package_identification:_identify(src/relbot_sequence_controller/__MACOSX/relbot_sequence_controller) by extension 'ignore'
[0.119s] Level 1:colcon.colcon_core.package_identification:_identify(src/relbot_sequence_controller/__MACOSX/relbot_sequence_controller) by extension 'ignore_ament_install'
[0.119s] Level 1:colcon.colcon_core.package_identification:_identify(src/relbot_sequence_controller/__MACOSX/relbot_sequence_controller) by extensions ['colcon_pkg']
[0.119s] Level 1:colcon.colcon_core.package_identification:_identify(src/relbot_sequence_controller/__MACOSX/relbot_sequence_controller) by extension 'colcon_pkg'
[0.119s] Level 1:colcon.colcon_core.package_identification:_identify(src/relbot_sequence_controller/__MACOSX/relbot_sequence_controller) by extensions ['colcon_meta']
[0.119s] Level 1:colcon.colcon_core.package_identification:_identify(src/relbot_sequence_controller/__MACOSX/relbot_sequence_controller) by extension 'colcon_meta'
[0.119s] Level 1:colcon.colcon_core.package_identification:_identify(src/relbot_sequence_controller/__MACOSX/relbot_sequence_controller) by extensions ['ros']
[0.119s] Level 1:colcon.colcon_core.package_identification:_identify(src/relbot_sequence_controller/__MACOSX/relbot_sequence_controller) by extension 'ros'
[0.119s] Level 1:colcon.colcon_core.package_identification:_identify(src/relbot_sequence_controller/__MACOSX/relbot_sequence_controller) by extensions ['cmake', 'python']
[0.119s] Level 1:colcon.colcon_core.package_identification:_identify(src/relbot_sequence_controller/__MACOSX/relbot_sequence_controller) by extension 'cmake'
[0.119s] Level 1:colcon.colcon_core.package_identification:_identify(src/relbot_sequence_controller/__MACOSX/relbot_sequence_controller) by extension 'python'
[0.119s] Level 1:colcon.colcon_core.package_identification:_identify(src/relbot_sequence_controller/__MACOSX/relbot_sequence_controller) by extensions ['python_setup_py']
[0.119s] Level 1:colcon.colcon_core.package_identification:_identify(src/relbot_sequence_controller/__MACOSX/relbot_sequence_controller) by extension 'python_setup_py'
[0.119s] Level 1:colcon.colcon_core.package_identification:_identify(src/relbot_sequence_controller/__MACOSX/relbot_sequence_controller/include) by extensions ['ignore', 'ignore_ament_install']
[0.119s] Level 1:colcon.colcon_core.package_identification:_identify(src/relbot_sequence_controller/__MACOSX/relbot_sequence_controller/include) by extension 'ignore'
[0.119s] Level 1:colcon.colcon_core.package_identification:_identify(src/relbot_sequence_controller/__MACOSX/relbot_sequence_controller/include) by extension 'ignore_ament_install'
[0.119s] Level 1:colcon.colcon_core.package_identification:_identify(src/relbot_sequence_controller/__MACOSX/relbot_sequence_controller/include) by extensions ['colcon_pkg']
[0.119s] Level 1:colcon.colcon_core.package_identification:_identify(src/relbot_sequence_controller/__MACOSX/relbot_sequence_controller/include) by extension 'colcon_pkg'
[0.119s] Level 1:colcon.colcon_core.package_identification:_identify(src/relbot_sequence_controller/__MACOSX/relbot_sequence_controller/include) by extensions ['colcon_meta']
[0.119s] Level 1:colcon.colcon_core.package_identification:_identify(src/relbot_sequence_controller/__MACOSX/relbot_sequence_controller/include) by extension 'colcon_meta'
[0.119s] Level 1:colcon.colcon_core.package_identification:_identify(src/relbot_sequence_controller/__MACOSX/relbot_sequence_controller/include) by extensions ['ros']
[0.119s] Level 1:colcon.colcon_core.package_identification:_identify(src/relbot_sequence_controller/__MACOSX/relbot_sequence_controller/include) by extension 'ros'
[0.119s] Level 1:colcon.colcon_core.package_identification:_identify(src/relbot_sequence_controller/__MACOSX/relbot_sequence_controller/include) by extensions ['cmake', 'python']
[0.119s] Level 1:colcon.colcon_core.package_identification:_identify(src/relbot_sequence_controller/__MACOSX/relbot_sequence_controller/include) by extension 'cmake'
[0.119s] Level 1:colcon.colcon_core.package_identification:_identify(src/relbot_sequence_controller/__MACOSX/relbot_sequence_controller/include) by extension 'python'
[0.119s] Level 1:colcon.colcon_core.package_identification:_identify(src/relbot_sequence_controller/__MACOSX/relbot_sequence_controller/include) by extensions ['python_setup_py']
[0.119s] Level 1:colcon.colcon_core.package_identification:_identify(src/relbot_sequence_controller/__MACOSX/relbot_sequence_controller/include) by extension 'python_setup_py'
[0.119s] Level 1:colcon.colcon_core.package_identification:_identify(src/relbot_sequence_controller/relbot_sequence_controller) by extensions ['ignore', 'ignore_ament_install']
[0.119s] Level 1:colcon.colcon_core.package_identification:_identify(src/relbot_sequence_controller/relbot_sequence_controller) by extension 'ignore'
[0.119s] Level 1:colcon.colcon_core.package_identification:_identify(src/relbot_sequence_controller/relbot_sequence_controller) by extension 'ignore_ament_install'
[0.119s] Level 1:colcon.colcon_core.package_identification:_identify(src/relbot_sequence_controller/relbot_sequence_controller) by extensions ['colcon_pkg']
[0.119s] Level 1:colcon.colcon_core.package_identification:_identify(src/relbot_sequence_controller/relbot_sequence_controller) by extension 'colcon_pkg'
[0.119s] Level 1:colcon.colcon_core.package_identification:_identify(src/relbot_sequence_controller/relbot_sequence_controller) by extensions ['colcon_meta']
[0.119s] Level 1:colcon.colcon_core.package_identification:_identify(src/relbot_sequence_controller/relbot_sequence_controller) by extension 'colcon_meta'
[0.119s] Level 1:colcon.colcon_core.package_identification:_identify(src/relbot_sequence_controller/relbot_sequence_controller) by extensions ['ros']
[0.119s] Level 1:colcon.colcon_core.package_identification:_identify(src/relbot_sequence_controller/relbot_sequence_controller) by extension 'ros'
[0.120s] DEBUG:colcon.colcon_core.package_identification:Package 'src/relbot_sequence_controller/relbot_sequence_controller' with type 'ros.ament_cmake' and name 'relbot_sequence_controller'
[0.120s] Level 1:colcon.colcon_core.package_identification:_identify(src/relbot_simulator) by extensions ['ignore', 'ignore_ament_install']
[0.120s] Level 1:colcon.colcon_core.package_identification:_identify(src/relbot_simulator) by extension 'ignore'
[0.120s] Level 1:colcon.colcon_core.package_identification:_identify(src/relbot_simulator) by extension 'ignore_ament_install'
[0.120s] Level 1:colcon.colcon_core.package_identification:_identify(src/relbot_simulator) by extensions ['colcon_pkg']
[0.120s] Level 1:colcon.colcon_core.package_identification:_identify(src/relbot_simulator) by extension 'colcon_pkg'
[0.120s] Level 1:colcon.colcon_core.package_identification:_identify(src/relbot_simulator) by extensions ['colcon_meta']
[0.120s] Level 1:colcon.colcon_core.package_identification:_identify(src/relbot_simulator) by extension 'colcon_meta'
[0.120s] Level 1:colcon.colcon_core.package_identification:_identify(src/relbot_simulator) by extensions ['ros']
[0.120s] Level 1:colcon.colcon_core.package_identification:_identify(src/relbot_simulator) by extension 'ros'
[0.120s] DEBUG:colcon.colcon_core.package_identification:Package 'src/relbot_simulator' with type 'ros.ament_cmake' and name 'relbot_simulator'
[0.120s] Level 1:colcon.colcon_core.package_discovery:discover_packages(recursive) using defaults
[0.120s] Level 1:colcon.colcon_core.package_discovery:discover_packages(ignore) discover
[0.120s] Level 1:colcon.colcon_core.package_discovery:discover_packages(ignore) using defaults
[0.120s] Level 1:colcon.colcon_core.package_discovery:discover_packages(path) discover
[0.120s] Level 1:colcon.colcon_core.package_discovery:discover_packages(path) using defaults
[0.132s] INFO:colcon.colcon_core.package_selection:Skipping not selected package 'image_functions_sdfr' in 'src/image_functions_sdfr/image_functions_sdfr'
[0.132s] INFO:colcon.colcon_core.package_selection:Skipping not selected package 'relbot2turtlesim' in 'src/relbot2turtlesim/relbot2turtlesim'
[0.132s] INFO:colcon.colcon_core.package_selection:Skipping not selected package 'relbot_adapter' in 'src/relbot_adapter'
[0.132s] INFO:colcon.colcon_core.package_selection:Skipping not selected package 'relbot_launch' in 'src/relbot_launch/relbot_launch'
[0.132s] INFO:colcon.colcon_core.package_selection:Skipping not selected package 'relbot_sequence_controller' in 'src/relbot_sequence_controller/relbot_sequence_controller'
[0.132s] INFO:colcon.colcon_core.package_selection:Skipping not selected package 'relbot_simulator' in 'src/relbot_simulator'
[0.132s] Level 1:colcon.colcon_core.package_discovery:discover_packages(prefix_path) check parameters
[0.132s] Level 1:colcon.colcon_core.package_discovery:discover_packages(prefix_path) discover
[0.133s] WARNING:colcon.colcon_ros.prefix_path.ament:The path '/home/srik/ros_ubuntu/ros2_ws/install/relbot_simulator' in the environment variable AMENT_PREFIX_PATH doesn't exist
[0.133s] WARNING:colcon.colcon_ros.prefix_path.ament:The path '/home/srik/ros_ubuntu/ros2_ws/install/relbot_sequence_controller' in the environment variable AMENT_PREFIX_PATH doesn't exist
[0.133s] WARNING:colcon.colcon_ros.prefix_path.ament:The path '/home/srik/ros_ubuntu/ros2_ws/install/relbot_msgs' in the environment variable AMENT_PREFIX_PATH doesn't exist
[0.133s] WARNING:colcon.colcon_ros.prefix_path.ament:The path '/home/srik/ros_ubuntu/ros2_ws/install/relbot_launch' in the environment variable AMENT_PREFIX_PATH doesn't exist
[0.133s] WARNING:colcon.colcon_ros.prefix_path.ament:The path '/home/srik/ros_ubuntu/ros2_ws/install/relbot_adapter' in the environment variable AMENT_PREFIX_PATH doesn't exist
[0.133s] WARNING:colcon.colcon_ros.prefix_path.ament:The path '/home/srik/ros_ubuntu/ros2_ws/install/relbot2turtlesim' in the environment variable AMENT_PREFIX_PATH doesn't exist
[0.133s] WARNING:colcon.colcon_ros.prefix_path.ament:The path '/home/srik/ros_ubuntu/ros2_ws/install/image_functions_sdfr' in the environment variable AMENT_PREFIX_PATH doesn't exist
[0.133s] WARNING:colcon.colcon_ros.prefix_path.catkin:The path '/home/srik/ros_ubuntu/ros2_ws/install/relbot_simulator' in the environment variable CMAKE_PREFIX_PATH doesn't exist
[0.133s] WARNING:colcon.colcon_ros.prefix_path.catkin:The path '/home/srik/ros_ubuntu/ros2_ws/install/relbot_sequence_controller' in the environment variable CMAKE_PREFIX_PATH doesn't exist
[0.133s] WARNING:colcon.colcon_ros.prefix_path.catkin:The path '/home/srik/ros_ubuntu/ros2_ws/install/relbot_msgs' in the environment variable CMAKE_PREFIX_PATH doesn't exist
[0.133s] WARNING:colcon.colcon_ros.prefix_path.catkin:The path '/home/srik/ros_ubuntu/ros2_ws/install/relbot_launch' in the environment variable CMAKE_PREFIX_PATH doesn't exist
[0.133s] WARNING:colcon.colcon_ros.prefix_path.catkin:The path '/home/srik/ros_ubuntu/ros2_ws/install/relbot_adapter' in the environment variable CMAKE_PREFIX_PATH doesn't exist
[0.133s] WARNING:colcon.colcon_ros.prefix_path.catkin:The path '/home/srik/ros_ubuntu/ros2_ws/install/relbot2turtlesim' in the environment variable CMAKE_PREFIX_PATH doesn't exist
[0.133s] WARNING:colcon.colcon_ros.prefix_path.catkin:The path '/home/srik/ros_ubuntu/ros2_ws/install/image_functions_sdfr' in the environment variable CMAKE_PREFIX_PATH doesn't exist
[0.133s] DEBUG:colcon.colcon_installed_package_information.package_discovery:Found 0 installed packages in /home/srik/ros_ubuntu/ros2_ws/install
[0.133s] DEBUG:colcon.colcon_installed_package_information.package_discovery:Found 0 installed packages in /home/srik/ros_ubuntu/ros2_ws/launch/install
[0.134s] DEBUG:colcon.colcon_installed_package_information.package_discovery:Found 272 installed packages in /opt/ros/humble
[0.134s] Level 1:colcon.colcon_core.package_discovery:discover_packages(prefix_path) using defaults
[0.148s] Level 5:colcon.colcon_core.verb:set package 'relbot_msgs' build argument 'cmake_args' from command line to 'None'
[0.148s] Level 5:colcon.colcon_core.verb:set package 'relbot_msgs' build argument 'cmake_target' from command line to 'None'
[0.148s] Level 5:colcon.colcon_core.verb:set package 'relbot_msgs' build argument 'cmake_target_skip_unavailable' from command line to 'False'
[0.148s] Level 5:colcon.colcon_core.verb:set package 'relbot_msgs' build argument 'cmake_clean_cache' from command line to 'False'
[0.148s] Level 5:colcon.colcon_core.verb:set package 'relbot_msgs' build argument 'cmake_clean_first' from command line to 'False'
[0.148s] Level 5:colcon.colcon_core.verb:set package 'relbot_msgs' build argument 'cmake_force_configure' from command line to 'False'
[0.148s] Level 5:colcon.colcon_core.verb:set package 'relbot_msgs' build argument 'ament_cmake_args' from command line to 'None'
[0.148s] Level 5:colcon.colcon_core.verb:set package 'relbot_msgs' build argument 'catkin_cmake_args' from command line to 'None'
[0.148s] Level 5:colcon.colcon_core.verb:set package 'relbot_msgs' build argument 'catkin_skip_building_tests' from command line to 'False'
[0.148s] DEBUG:colcon.colcon_core.verb:Building package 'relbot_msgs' with the following arguments: {'ament_cmake_args': None, 'build_base': '/home/srik/ros_ubuntu/ros2_ws/build/relbot_msgs', 'catkin_cmake_args': None, 'catkin_skip_building_tests': False, 'cmake_args': None, 'cmake_clean_cache': False, 'cmake_clean_first': False, 'cmake_force_configure': False, 'cmake_target': None, 'cmake_target_skip_unavailable': False, 'install_base': '/home/srik/ros_ubuntu/ros2_ws/install/relbot_msgs', 'merge_install': False, 'path': '/home/srik/ros_ubuntu/ros2_ws/src/relbot_msgs', 'symlink_install': False, 'test_result_base': None}
[0.148s] INFO:colcon.colcon_core.executor:Executing jobs using 'parallel' executor
[0.149s] DEBUG:colcon.colcon_parallel_executor.executor.parallel:run_until_complete
[0.149s] INFO:colcon.colcon_ros.task.ament_cmake.build:Building ROS package in '/home/srik/ros_ubuntu/ros2_ws/src/relbot_msgs' with build type 'ament_cmake'
[0.149s] INFO:colcon.colcon_cmake.task.cmake.build:Building CMake package in '/home/srik/ros_ubuntu/ros2_ws/src/relbot_msgs'
[0.150s] INFO:colcon.colcon_core.plugin_system:Skipping extension 'colcon_core.shell.bat': Not used on non-Windows systems
[0.150s] INFO:colcon.colcon_core.shell:Skip shell extension 'powershell' for command environment: Not usable outside of PowerShell
[0.150s] DEBUG:colcon.colcon_core.shell:Skip shell extension 'dsv' for command environment
[0.153s] DEBUG:colcon.colcon_core.event_handler.log_command:Invoking command in '/home/srik/ros_ubuntu/ros2_ws/build/relbot_msgs': CMAKE_PREFIX_PATH=${CMAKE_PREFIX_PATH}:/opt/ros/humble DEBUGINFOD_URLS=https://debuginfod.archlinux.org https://debuginfod.cachyos.org XAUTHLOCALHOSTNAME= /usr/bin/cmake /home/srik/ros_ubuntu/ros2_ws/src/relbot_msgs -DCMAKE_INSTALL_PREFIX=/home/srik/ros_ubuntu/ros2_ws/install/relbot_msgs
[0.899s] DEBUG:colcon.colcon_core.event_handler.log_command:Invoked command in '/home/srik/ros_ubuntu/ros2_ws/build/relbot_msgs' returned '0': CMAKE_PREFIX_PATH=${CMAKE_PREFIX_PATH}:/opt/ros/humble DEBUGINFOD_URLS=https://debuginfod.archlinux.org https://debuginfod.cachyos.org XAUTHLOCALHOSTNAME= /usr/bin/cmake /home/srik/ros_ubuntu/ros2_ws/src/relbot_msgs -DCMAKE_INSTALL_PREFIX=/home/srik/ros_ubuntu/ros2_ws/install/relbot_msgs
[0.900s] DEBUG:colcon.colcon_core.event_handler.log_command:Invoking command in '/home/srik/ros_ubuntu/ros2_ws/build/relbot_msgs': CMAKE_PREFIX_PATH=${CMAKE_PREFIX_PATH}:/opt/ros/humble DEBUGINFOD_URLS=https://debuginfod.archlinux.org https://debuginfod.cachyos.org XAUTHLOCALHOSTNAME= /usr/bin/cmake --build /home/srik/ros_ubuntu/ros2_ws/build/relbot_msgs -- -j32 -l32
[1.913s] DEBUG:colcon.colcon_core.event_handler.log_command:Invoked command in '/home/srik/ros_ubuntu/ros2_ws/build/relbot_msgs' returned '0': CMAKE_PREFIX_PATH=${CMAKE_PREFIX_PATH}:/opt/ros/humble DEBUGINFOD_URLS=https://debuginfod.archlinux.org https://debuginfod.cachyos.org XAUTHLOCALHOSTNAME= /usr/bin/cmake --build /home/srik/ros_ubuntu/ros2_ws/build/relbot_msgs -- -j32 -l32
[1.917s] DEBUG:colcon.colcon_core.event_handler.log_command:Invoking command in '/home/srik/ros_ubuntu/ros2_ws/build/relbot_msgs': CMAKE_PREFIX_PATH=${CMAKE_PREFIX_PATH}:/opt/ros/humble DEBUGINFOD_URLS=https://debuginfod.archlinux.org https://debuginfod.cachyos.org XAUTHLOCALHOSTNAME= /usr/bin/cmake --install /home/srik/ros_ubuntu/ros2_ws/build/relbot_msgs
[1.963s] Level 1:colcon.colcon_core.environment:create_environment_scripts_only(relbot_msgs)
[1.963s] DEBUG:colcon.colcon_core.event_handler.log_command:Invoked command in '/home/srik/ros_ubuntu/ros2_ws/build/relbot_msgs' returned '0': CMAKE_PREFIX_PATH=${CMAKE_PREFIX_PATH}:/opt/ros/humble DEBUGINFOD_URLS=https://debuginfod.archlinux.org https://debuginfod.cachyos.org XAUTHLOCALHOSTNAME= /usr/bin/cmake --install /home/srik/ros_ubuntu/ros2_ws/build/relbot_msgs
[1.964s] Level 1:colcon.colcon_core.environment:checking '/home/srik/ros_ubuntu/ros2_ws/install/relbot_msgs' for CMake module files
[1.964s] Level 1:colcon.colcon_core.environment:checking '/home/srik/ros_ubuntu/ros2_ws/install/relbot_msgs' for CMake config files
[1.964s] Level 1:colcon.colcon_core.shell:create_environment_hook('relbot_msgs', 'cmake_prefix_path')
[1.964s] INFO:colcon.colcon_core.shell:Creating environment hook '/home/srik/ros_ubuntu/ros2_ws/install/relbot_msgs/share/relbot_msgs/hook/cmake_prefix_path.ps1'
[1.964s] INFO:colcon.colcon_core.shell:Creating environment descriptor '/home/srik/ros_ubuntu/ros2_ws/install/relbot_msgs/share/relbot_msgs/hook/cmake_prefix_path.dsv'
[1.964s] INFO:colcon.colcon_core.shell:Creating environment hook '/home/srik/ros_ubuntu/ros2_ws/install/relbot_msgs/share/relbot_msgs/hook/cmake_prefix_path.sh'
[1.965s] Level 1:colcon.colcon_core.environment:checking '/home/srik/ros_ubuntu/ros2_ws/install/relbot_msgs/lib'
[1.965s] Level 1:colcon.colcon_core.shell:create_environment_hook('relbot_msgs', 'ld_library_path_lib')
[1.965s] INFO:colcon.colcon_core.shell:Creating environment hook '/home/srik/ros_ubuntu/ros2_ws/install/relbot_msgs/share/relbot_msgs/hook/ld_library_path_lib.ps1'
[1.965s] INFO:colcon.colcon_core.shell:Creating environment descriptor '/home/srik/ros_ubuntu/ros2_ws/install/relbot_msgs/share/relbot_msgs/hook/ld_library_path_lib.dsv'
[1.965s] INFO:colcon.colcon_core.shell:Creating environment hook '/home/srik/ros_ubuntu/ros2_ws/install/relbot_msgs/share/relbot_msgs/hook/ld_library_path_lib.sh'
[1.965s] Level 1:colcon.colcon_core.environment:checking '/home/srik/ros_ubuntu/ros2_ws/install/relbot_msgs/bin'
[1.965s] Level 1:colcon.colcon_core.environment:checking '/home/srik/ros_ubuntu/ros2_ws/install/relbot_msgs/lib/pkgconfig/relbot_msgs.pc'
[1.965s] Level 1:colcon.colcon_core.environment:checking '/home/srik/ros_ubuntu/ros2_ws/install/relbot_msgs/lib/python3.10/site-packages'
[1.966s] Level 1:colcon.colcon_core.environment:checking '/home/srik/ros_ubuntu/ros2_ws/install/relbot_msgs/bin'
[1.966s] INFO:colcon.colcon_core.shell:Creating package script '/home/srik/ros_ubuntu/ros2_ws/install/relbot_msgs/share/relbot_msgs/package.ps1'
[1.966s] INFO:colcon.colcon_core.shell:Creating package descriptor '/home/srik/ros_ubuntu/ros2_ws/install/relbot_msgs/share/relbot_msgs/package.dsv'
[1.966s] INFO:colcon.colcon_core.shell:Creating package script '/home/srik/ros_ubuntu/ros2_ws/install/relbot_msgs/share/relbot_msgs/package.sh'
[1.966s] INFO:colcon.colcon_core.shell:Creating package script '/home/srik/ros_ubuntu/ros2_ws/install/relbot_msgs/share/relbot_msgs/package.bash'
[1.967s] INFO:colcon.colcon_core.shell:Creating package script '/home/srik/ros_ubuntu/ros2_ws/install/relbot_msgs/share/relbot_msgs/package.zsh'
[1.967s] Level 1:colcon.colcon_core.environment:create_file_with_runtime_dependencies(/home/srik/ros_ubuntu/ros2_ws/install/relbot_msgs/share/colcon-core/packages/relbot_msgs)
[1.967s] Level 1:colcon.colcon_core.environment:create_environment_scripts_only(relbot_msgs)
[1.967s] Level 1:colcon.colcon_core.environment:checking '/home/srik/ros_ubuntu/ros2_ws/install/relbot_msgs' for CMake module files
[1.968s] Level 1:colcon.colcon_core.environment:checking '/home/srik/ros_ubuntu/ros2_ws/install/relbot_msgs' for CMake config files
[1.968s] Level 1:colcon.colcon_core.shell:create_environment_hook('relbot_msgs', 'cmake_prefix_path')
[1.968s] INFO:colcon.colcon_core.shell:Creating environment hook '/home/srik/ros_ubuntu/ros2_ws/install/relbot_msgs/share/relbot_msgs/hook/cmake_prefix_path.ps1'
[1.968s] INFO:colcon.colcon_core.shell:Creating environment descriptor '/home/srik/ros_ubuntu/ros2_ws/install/relbot_msgs/share/relbot_msgs/hook/cmake_prefix_path.dsv'
[1.968s] INFO:colcon.colcon_core.shell:Creating environment hook '/home/srik/ros_ubuntu/ros2_ws/install/relbot_msgs/share/relbot_msgs/hook/cmake_prefix_path.sh'
[1.968s] Level 1:colcon.colcon_core.environment:checking '/home/srik/ros_ubuntu/ros2_ws/install/relbot_msgs/lib'
[1.968s] Level 1:colcon.colcon_core.shell:create_environment_hook('relbot_msgs', 'ld_library_path_lib')
[1.968s] INFO:colcon.colcon_core.shell:Creating environment hook '/home/srik/ros_ubuntu/ros2_ws/install/relbot_msgs/share/relbot_msgs/hook/ld_library_path_lib.ps1'
[1.968s] INFO:colcon.colcon_core.shell:Creating environment descriptor '/home/srik/ros_ubuntu/ros2_ws/install/relbot_msgs/share/relbot_msgs/hook/ld_library_path_lib.dsv'
[1.968s] INFO:colcon.colcon_core.shell:Creating environment hook '/home/srik/ros_ubuntu/ros2_ws/install/relbot_msgs/share/relbot_msgs/hook/ld_library_path_lib.sh'
[1.969s] Level 1:colcon.colcon_core.environment:checking '/home/srik/ros_ubuntu/ros2_ws/install/relbot_msgs/bin'
[1.969s] Level 1:colcon.colcon_core.environment:checking '/home/srik/ros_ubuntu/ros2_ws/install/relbot_msgs/lib/pkgconfig/relbot_msgs.pc'
[1.969s] Level 1:colcon.colcon_core.environment:checking '/home/srik/ros_ubuntu/ros2_ws/install/relbot_msgs/lib/python3.10/site-packages'
[1.969s] Level 1:colcon.colcon_core.environment:checking '/home/srik/ros_ubuntu/ros2_ws/install/relbot_msgs/bin'
[1.969s] INFO:colcon.colcon_core.shell:Creating package script '/home/srik/ros_ubuntu/ros2_ws/install/relbot_msgs/share/relbot_msgs/package.ps1'
[1.969s] INFO:colcon.colcon_core.shell:Creating package descriptor '/home/srik/ros_ubuntu/ros2_ws/install/relbot_msgs/share/relbot_msgs/package.dsv'
[1.969s] INFO:colcon.colcon_core.shell:Creating package script '/home/srik/ros_ubuntu/ros2_ws/install/relbot_msgs/share/relbot_msgs/package.sh'
[1.969s] INFO:colcon.colcon_core.shell:Creating package script '/home/srik/ros_ubuntu/ros2_ws/install/relbot_msgs/share/relbot_msgs/package.bash'
[1.970s] INFO:colcon.colcon_core.shell:Creating package script '/home/srik/ros_ubuntu/ros2_ws/install/relbot_msgs/share/relbot_msgs/package.zsh'
[1.970s] Level 1:colcon.colcon_core.environment:create_file_with_runtime_dependencies(/home/srik/ros_ubuntu/ros2_ws/install/relbot_msgs/share/colcon-core/packages/relbot_msgs)
[1.970s] DEBUG:colcon.colcon_parallel_executor.executor.parallel:closing loop
[1.970s] DEBUG:colcon.colcon_parallel_executor.executor.parallel:loop closed
[1.970s] DEBUG:colcon.colcon_parallel_executor.executor.parallel:run_until_complete finished with '0'
[1.970s] DEBUG:colcon.colcon_core.event_reactor:joining thread
[1.972s] INFO:colcon.colcon_core.plugin_system:Skipping extension 'colcon_notification.desktop_notification.notify_send': Could not find 'notify-send'
[1.972s] INFO:colcon.colcon_core.plugin_system:Skipping extension 'colcon_notification.desktop_notification.terminal_notifier': Not used on non-Darwin systems
[1.972s] INFO:colcon.colcon_core.plugin_system:Skipping extension 'colcon_notification.desktop_notification.win32': Not used on non-Windows systems
[1.972s] INFO:colcon.colcon_notification.desktop_notification:Sending desktop notification using 'notify2'
[1.988s] DEBUG:colcon.colcon_core.event_reactor:joined thread
[1.988s] INFO:colcon.colcon_core.shell:Creating prefix script '/home/srik/ros_ubuntu/ros2_ws/install/local_setup.ps1'
[1.989s] INFO:colcon.colcon_core.shell:Creating prefix util module '/home/srik/ros_ubuntu/ros2_ws/install/_local_setup_util_ps1.py'
[1.989s] INFO:colcon.colcon_core.shell:Creating prefix chain script '/home/srik/ros_ubuntu/ros2_ws/install/setup.ps1'
[1.990s] INFO:colcon.colcon_core.shell:Creating prefix script '/home/srik/ros_ubuntu/ros2_ws/install/local_setup.sh'
[1.990s] INFO:colcon.colcon_core.shell:Creating prefix util module '/home/srik/ros_ubuntu/ros2_ws/install/_local_setup_util_sh.py'
[1.990s] INFO:colcon.colcon_core.shell:Creating prefix chain script '/home/srik/ros_ubuntu/ros2_ws/install/setup.sh'
[1.990s] INFO:colcon.colcon_core.shell:Creating prefix script '/home/srik/ros_ubuntu/ros2_ws/install/local_setup.bash'
[1.991s] INFO:colcon.colcon_core.shell:Creating prefix chain script '/home/srik/ros_ubuntu/ros2_ws/install/setup.bash'
[1.991s] INFO:colcon.colcon_core.shell:Creating prefix script '/home/srik/ros_ubuntu/ros2_ws/install/local_setup.zsh'
[1.991s] INFO:colcon.colcon_core.shell:Creating prefix chain script '/home/srik/ros_ubuntu/ros2_ws/install/setup.zsh'
