[0mTIME_STEP_SIZE_VALUE = 0.01[0m
In file included from [01m[K/home/srik/ros_ubuntu/ros2_ws/src/XRF2/XenoRosFramework/Xenomai/src/XenoRosCommunication.cpp:1[m[K:
[01m[K/home/srik/ros_ubuntu/ros2_ws/src/sdfr_ppd/../XRF2/XenoRosFramework/Xenomai/include/XenoRosCommunication.hpp:4:10:[m[K [01;31m[Kfatal error: [m[Kevl/evl.h: No such file or directory
    4 | #include [01;31m[K<evl/evl.h>[m[K
      |          [01;31m[K^~~~~~~~~~~[m[K
compilation terminated.
gmake[2]: *** [CMakeFiles/sdfr_ppd.dir/build.make:188: CMakeFiles/sdfr_ppd.dir/home/srik/ros_ubuntu/ros2_ws/src/XRF2/XenoRosFramework/Xenomai/src/XenoRosCommunication.cpp.o] Error 1
gmake[2]: *** Waiting for unfinished jobs....
In file included from [01m[K/home/srik/ros_ubuntu/ros2_ws/src/XRF2/XenoRosFramework/Xenomai/src/XenoFrtLoop.cpp:1[m[K:
[01m[K/home/srik/ros_ubuntu/ros2_ws/src/sdfr_ppd/../XRF2/XenoRosFramework/Xenomai/include/XenoFrtLoop.hpp:6:10:[m[K [01;31m[Kfatal error: [m[Kevl/evl.h: No such file or directory
    6 | #include [01;31m[K<evl/evl.h>[m[K
      |          [01;31m[K^~~~~~~~~~~[m[K
compilation terminated.
In file included from [01m[K/home/srik/ros_ubuntu/ros2_ws/src/XRF2/XenoRosFramework/Xenomai/src/XenoFrtMonitor.cpp:6[m[K:
[01m[K/home/srik/ros_ubuntu/ros2_ws/src/sdfr_ppd/../XRF2/XenoRosFramework/Xenomai/include/XenoFrtMonitor.hpp:12:10:[m[K [01;31m[Kfatal error: [m[Kevl/evl.h: No such file or directory
   12 | #include [01;31m[K"evl/evl.h"[m[K
      |          [01;31m[K^~~~~~~~~~~[m[K
compilation terminated.
gmake[2]: *** [CMakeFiles/sdfr_ppd.dir/build.make:146: CMakeFiles/sdfr_ppd.dir/home/srik/ros_ubuntu/ros2_ws/src/XRF2/XenoRosFramework/Xenomai/src/XenoFrtLoop.cpp.o] Error 1
gmake[2]: *** [CMakeFiles/sdfr_ppd.dir/build.make:160: CMakeFiles/sdfr_ppd.dir/home/srik/ros_ubuntu/ros2_ws/src/XRF2/XenoRosFramework/Xenomai/src/XenoFrtMonitor.cpp.o] Error 1
In file included from [01m[K/home/srik/ros_ubuntu/ros2_ws/src/XRF2/XenoRosFramework/Xenomai/src/XenoRosCommandBridge.cpp:1[m[K:
[01m[K/home/srik/ros_ubuntu/ros2_ws/src/sdfr_ppd/../XRF2/XenoRosFramework/Xenomai/include/XenoRosCommandBridge.hpp:17:10:[m[K [01;31m[Kfatal error: [m[Kevl/evl.h: No such file or directory
   17 | #include [01;31m[K<evl/evl.h>[m[K
      |          [01;31m[K^~~~~~~~~~~[m[K
compilation terminated.
gmake[2]: *** [CMakeFiles/sdfr_ppd.dir/build.make:202: CMakeFiles/sdfr_ppd.dir/home/srik/ros_ubuntu/ros2_ws/src/XRF2/XenoRosFramework/Xenomai/src/XenoRosCommandBridge.cpp.o] Error 1
In file included from [01m[K/home/srik/ros_ubuntu/ros2_ws/src/XRF2/XenoRosFramework/Xenomai/src/XenoSpiControllerHandler.cpp:1[m[K:
[01m[K/home/srik/ros_ubuntu/ros2_ws/src/sdfr_ppd/../XRF2/XenoRosFramework/Xenomai/include/XenoSpiControllerHandler.hpp:21:10:[m[K [01;31m[Kfatal error: [m[Kevl/evl.h: No such file or directory
   21 | #include [01;31m[K<evl/evl.h>[m[K
      |          [01;31m[K^~~~~~~~~~~[m[K
compilation terminated.
gmake[2]: *** [CMakeFiles/sdfr_ppd.dir/build.make:230: CMakeFiles/sdfr_ppd.dir/home/srik/ros_ubuntu/ros2_ws/src/XRF2/XenoRosFramework/Xenomai/src/XenoSpiControllerHandler.cpp.o] Error 1
In file included from [01m[K/home/srik/ros_ubuntu/ros2_ws/src/sdfr_ppd/../XRF2/XenoRosFramework/Xenomai/include/XenoFrtRosIco.hpp:10[m[K,
                 from [01m[K/home/srik/ros_ubuntu/ros2_ws/src/sdfr_ppd/../XRF2/XenoRosFramework/Xenomai/include/XenoFrt20Sim.hpp:4[m[K,
                 from [01m[K/home/srik/ros_ubuntu/ros2_ws/src/sdfr_ppd/include/Template20Sim.hpp:4[m[K,
                 from [01m[K/home/srik/ros_ubuntu/ros2_ws/src/sdfr_ppd/src/Template20Sim.cpp:1[m[K:
[01m[K/home/srik/ros_ubuntu/ros2_ws/src/sdfr_ppd/../XRF2/XenoRosFramework/Xenomai/include/XenoFrtLoop.hpp:6:10:[m[K [01;31m[Kfatal error: [m[Kevl/evl.h: No such file or directory
    6 | #include [01;31m[K<evl/evl.h>[m[K
      |          [01;31m[K^~~~~~~~~~~[m[K
In file included from [01m[K/home/srik/ros_ubuntu/ros2_ws/src/sdfr_ppd/../XRF2/XenoRosFramework/Xenomai/include/XenoFrtRosIco.hpp:10[m[K,
                 from [01m[K/home/srik/ros_ubuntu/ros2_ws/src/XRF2/XenoRosFramework/Xenomai/src/XenoFrtRosIco.cpp:1[m[K:
[01m[K/home/srik/ros_ubuntu/ros2_ws/src/sdfr_ppd/../XRF2/XenoRosFramework/Xenomai/include/XenoFrtLoop.hpp:6:10:[m[K [01;31m[Kfatal error: [m[Kevl/evl.h: No such file or directory
    6 | #include [01;31m[K<evl/evl.h>[m[K
      |          [01;31m[K^~~~~~~~~~~[m[K
compilation terminated.
compilation terminated.
In file included from [01m[K/home/srik/ros_ubuntu/ros2_ws/src/sdfr_ppd/../XRF2/XenoRosFramework/Xenomai/include/XenoFrtRosIco.hpp:10[m[K,
                 from [01m[K/home/srik/ros_ubuntu/ros2_ws/src/sdfr_ppd/../XRF2/XenoRosFramework/Xenomai/include/XenoFrt20Sim.hpp:4[m[K,
                 from [01m[K/home/srik/ros_ubuntu/ros2_ws/src/XRF2/XenoRosFramework/Xenomai/src/XenoFrt20Sim.cpp:1[m[K:
[01m[K/home/srik/ros_ubuntu/ros2_ws/src/sdfr_ppd/../XRF2/XenoRosFramework/Xenomai/include/XenoFrtLoop.hpp:6:10:[m[K [01;31m[Kfatal error: [m[Kevl/evl.h: No such file or directory
    6 | #include [01;31m[K<evl/evl.h>[m[K
      |          [01;31m[K^~~~~~~~~~~[m[K
compilation terminated.
gmake[2]: *** [CMakeFiles/sdfr_ppd.dir/build.make:174: CMakeFiles/sdfr_ppd.dir/home/srik/ros_ubuntu/ros2_ws/src/XRF2/XenoRosFramework/Xenomai/src/XenoFrtRosIco.cpp.o] Error 1
gmake[2]: *** [CMakeFiles/sdfr_ppd.dir/build.make:244: CMakeFiles/sdfr_ppd.dir/home/srik/ros_ubuntu/ros2_ws/src/XRF2/XenoRosFramework/Xenomai/src/XenoFrt20Sim.cpp.o] Error 1
gmake[2]: *** [CMakeFiles/sdfr_ppd.dir/build.make:258: CMakeFiles/sdfr_ppd.dir/src/Template20Sim.cpp.o] Error 1
[01m[K/home/srik/ros_ubuntu/ros2_ws/src/sdfr_ppd/main.cpp:7:10:[m[K [01;31m[Kfatal error: [m[KTemplate20sim.hpp: No such file or directory
    7 | #include [01;31m[K"Template20sim.hpp"[m[K
      |          [01;31m[K^~~~~~~~~~~~~~~~~~~[m[K
compilation terminated.
gmake[2]: *** [CMakeFiles/sdfr_ppd.dir/build.make:76: CMakeFiles/sdfr_ppd.dir/main.cpp.o] Error 1
In file included from [01m[K/home/srik/ros_ubuntu/ros2_ws/src/sdfr_ppd/../XRF2/XenoRosFramework/Xenomai/include/XenoFrtLogger.hpp:4[m[K,
                 from [01m[K/home/srik/ros_ubuntu/ros2_ws/src/XRF2/XenoRosFramework/Xenomai/src/XenoFrtLogger.cpp:1[m[K:
[01m[K/home/srik/ros_ubuntu/ros2_ws/src/sdfr_ppd/../XRF2/XenoRosFramework/Xenomai/include/XenoFileHandler.hpp:16:10:[m[K [01;31m[Kfatal error: [m[Kevl/evl.h: No such file or directory
   16 | #include [01;31m[K<evl/evl.h>[m[K
      |          [01;31m[K^~~~~~~~~~~[m[K
compilation terminated.
gmake[2]: *** [CMakeFiles/sdfr_ppd.dir/build.make:132: CMakeFiles/sdfr_ppd.dir/home/srik/ros_ubuntu/ros2_ws/src/XRF2/XenoRosFramework/Xenomai/src/XenoFrtLogger.cpp.o] Error 1
In file included from [01m[K/home/srik/ros_ubuntu/ros2_ws/src/XRF2/XenoRosFramework/Xenomai/src/XenoFileHandler.cpp:1[m[K:
[01m[K/home/srik/ros_ubuntu/ros2_ws/src/sdfr_ppd/../XRF2/XenoRosFramework/Xenomai/include/XenoFileHandler.hpp:16:10:[m[K [01;31m[Kfatal error: [m[Kevl/evl.h: No such file or directory
   16 | #include [01;31m[K<evl/evl.h>[m[K
      |          [01;31m[K^~~~~~~~~~~[m[K
compilation terminated.
gmake[2]: *** [CMakeFiles/sdfr_ppd.dir/build.make:118: CMakeFiles/sdfr_ppd.dir/home/srik/ros_ubuntu/ros2_ws/src/XRF2/XenoRosFramework/Xenomai/src/XenoFileHandler.cpp.o] Error 1
gmake[1]: *** [CMakeFiles/Makefile2:137: CMakeFiles/sdfr_ppd.dir/all] Error 2
gmake: *** [Makefile:101: all] Error 2
