-- The C compiler identification is GNU 11.4.0
-- The CXX compiler identification is GNU 11.4.0
-- Detecting C compiler ABI info
-- Detecting C compiler ABI info - done
-- Check for working C compiler: /usr/bin/cc - skipped
-- Detecting C compile features
-- Detecting C compile features - done
-- Detecting CXX compiler ABI info
-- Detecting CXX compiler ABI info - done
-- Check for working CXX compiler: /usr/bin/c++ - skipped
-- Detecting CXX compile features
-- Detecting CXX compile features - done
[0mTIME_STEP_SIZE_VALUE = 0.01[0m
-- Looking for pthread.h
-- Looking for pthread.h - found
-- Performing Test CMAKE_HAVE_LIBC_PTHREAD
-- Performing Test CMAKE_HAVE_LIBC_PTHREAD - Success
-- Found Threads: TRUE  
-- Found xrf2_msgs: 0.0.0 (/home/srik/ros_ubuntu/ros2_ws/install/xrf2_msgs/share/xrf2_msgs/cmake)
-- Found Python3: /usr/bin/python3 (found version "3.10.12") found components: Interpreter 
-- Found rosidl_generator_c: 3.1.8 (/opt/ros/humble/share/rosidl_generator_c/cmake)
-- Found rosidl_adapter: 3.1.8 (/opt/ros/humble/share/rosidl_adapter/cmake)
-- Found rosidl_generator_cpp: 3.1.8 (/opt/ros/humble/share/rosidl_generator_cpp/cmake)
-- Using all available rosidl_typesupport_c: rosidl_typesupport_fastrtps_c;rosidl_typesupport_introspection_c
-- Using all available rosidl_typesupport_cpp: rosidl_typesupport_fastrtps_cpp;rosidl_typesupport_introspection_cpp
-- Found rclcpp: 16.0.18 (/opt/ros/humble/share/rclcpp/cmake)
-- Found rmw_implementation_cmake: 6.1.2 (/opt/ros/humble/share/rmw_implementation_cmake/cmake)
-- Found rmw_fastrtps_cpp: 6.2.10 (/opt/ros/humble/share/rmw_fastrtps_cpp/cmake)
-- Found OpenSSL: /usr/lib/x86_64-linux-gnu/libcrypto.so (found version "3.0.2")  
-- Found FastRTPS: /opt/ros/humble/include  
-- Using RMW implementation 'rmw_fastrtps_cpp' as default
-- Configuring done
-- Generating done
-- Build files have been written to: /home/srik/ros_ubuntu/ros2_ws/build/sdfr_ppd
[  4%] [32mBuilding CXX object CMakeFiles/sdfr_ppd.dir/main.cpp.o[0m
[ 13%] [32mBuilding CXX object CMakeFiles/sdfr_ppd.dir/home/srik/ros_ubuntu/ros2_ws/src/XRF2/XenoRosFramework/Xenomai/src/FullStateMachine.cpp.o[0m
[ 13%] [32mBuilding CXX object CMakeFiles/sdfr_ppd.dir/home/srik/ros_ubuntu/ros2_ws/src/XRF2/XenoRosFramework/Xenomai/src/IcoIo.cpp.o[0m
[ 18%] [32mBuilding CXX object CMakeFiles/sdfr_ppd.dir/home/srik/ros_ubuntu/ros2_ws/src/XRF2/XenoRosFramework/Xenomai/src/XenoFrtLogger.cpp.o[0m
[ 22%] [32mBuilding CXX object CMakeFiles/sdfr_ppd.dir/home/srik/ros_ubuntu/ros2_ws/src/XRF2/XenoRosFramework/Xenomai/src/XenoFileHandler.cpp.o[0m
[ 27%] [32mBuilding CXX object CMakeFiles/sdfr_ppd.dir/home/srik/ros_ubuntu/ros2_ws/src/XRF2/XenoRosFramework/Xenomai/src/XenoFrtLoop.cpp.o[0m
[ 31%] [32mBuilding CXX object CMakeFiles/sdfr_ppd.dir/home/srik/ros_ubuntu/ros2_ws/src/XRF2/XenoRosFramework/Xenomai/src/XenoFrtMonitor.cpp.o[0m
[ 36%] [32mBuilding CXX object CMakeFiles/sdfr_ppd.dir/home/srik/ros_ubuntu/ros2_ws/src/XRF2/XenoRosFramework/Xenomai/src/XenoFrtRosIco.cpp.o[0m
[ 45%] [32mBuilding CXX object CMakeFiles/sdfr_ppd.dir/home/srik/ros_ubuntu/ros2_ws/src/XRF2/XenoRosFramework/Xenomai/src/XenoRosCommunication.cpp.o[0m
[ 45%] [32mBuilding CXX object CMakeFiles/sdfr_ppd.dir/home/srik/ros_ubuntu/ros2_ws/src/XRF2/XenoRosFramework/Xenomai/src/XenoRosCommandBridge.cpp.o[0m
[ 50%] [32mBuilding CXX object CMakeFiles/sdfr_ppd.dir/home/srik/ros_ubuntu/ros2_ws/src/XRF2/XenoRosFramework/Xenomai/src/XenoSpiControllerHandler.cpp.o[0m
[ 54%] [32mBuilding CXX object CMakeFiles/sdfr_ppd.dir/home/srik/ros_ubuntu/ros2_ws/src/XRF2/XenoRosFramework/Xenomai/src/XenoRosDataBridge.cpp.o[0m
[ 59%] [32mBuilding CXX object CMakeFiles/sdfr_ppd.dir/home/srik/ros_ubuntu/ros2_ws/src/XRF2/XenoRosFramework/Xenomai/src/XenoFrt20Sim.cpp.o[0m
[ 63%] [32mBuilding CXX object CMakeFiles/sdfr_ppd.dir/src/Template20Sim.cpp.o[0m
[ 68%] [32mBuilding CXX object CMakeFiles/sdfr_ppd.dir/controller/common/EulerAngles.cpp.o[0m
[ 72%] [32mBuilding CXX object CMakeFiles/sdfr_ppd.dir/controller/LoopController.cpp.o[0m
[ 81%] [32mBuilding CXX object CMakeFiles/sdfr_ppd.dir/controller/common/MotionProfiles.cpp.o[0m
[ 81%] [32mBuilding CXX object CMakeFiles/sdfr_ppd.dir/controller/common/xxinteg.cpp.o[0m
[ 86%] [32mBuilding CXX object CMakeFiles/sdfr_ppd.dir/controller/common/xxfuncs.cpp.o[0m
[ 90%] [32mBuilding CXX object CMakeFiles/sdfr_ppd.dir/controller/common/xxinverse.cpp.o[0m
[ 95%] [32mBuilding CXX object CMakeFiles/sdfr_ppd.dir/controller/common/xxmatrix.cpp.o[0m
In file included from [01m[K/home/srik/ros_ubuntu/ros2_ws/src/XRF2/XenoRosFramework/Xenomai/src/XenoRosCommunication.cpp:1[m[K:
[01m[K/home/srik/ros_ubuntu/ros2_ws/src/sdfr_ppd/../XRF2/XenoRosFramework/Xenomai/include/XenoRosCommunication.hpp:4:10:[m[K [01;31m[Kfatal error: [m[Kevl/evl.h: No such file or directory
    4 | #include [01;31m[K<evl/evl.h>[m[K
      |          [01;31m[K^~~~~~~~~~~[m[K
compilation terminated.
gmake[2]: *** [CMakeFiles/sdfr_ppd.dir/build.make:188: CMakeFiles/sdfr_ppd.dir/home/srik/ros_ubuntu/ros2_ws/src/XRF2/XenoRosFramework/Xenomai/src/XenoRosCommunication.cpp.o] Error 1
gmake[2]: *** Waiting for unfinished jobs....
In file included from [01m[K/home/srik/ros_ubuntu/ros2_ws/src/XRF2/XenoRosFramework/Xenomai/src/XenoFrtLoop.cpp:1[m[K:
[01m[K/home/srik/ros_ubuntu/ros2_ws/src/sdfr_ppd/../XRF2/XenoRosFramework/Xenomai/include/XenoFrtLoop.hpp:6:10:[m[K [01;31m[Kfatal error: [m[Kevl/evl.h: No such file or directory
    6 | #include [01;31m[K<evl/evl.h>[m[K
      |          [01;31m[K^~~~~~~~~~~[m[K
compilation terminated.
In file included from [01m[K/home/srik/ros_ubuntu/ros2_ws/src/XRF2/XenoRosFramework/Xenomai/src/XenoFrtMonitor.cpp:6[m[K:
[01m[K/home/srik/ros_ubuntu/ros2_ws/src/sdfr_ppd/../XRF2/XenoRosFramework/Xenomai/include/XenoFrtMonitor.hpp:12:10:[m[K [01;31m[Kfatal error: [m[Kevl/evl.h: No such file or directory
   12 | #include [01;31m[K"evl/evl.h"[m[K
      |          [01;31m[K^~~~~~~~~~~[m[K
compilation terminated.
gmake[2]: *** [CMakeFiles/sdfr_ppd.dir/build.make:146: CMakeFiles/sdfr_ppd.dir/home/srik/ros_ubuntu/ros2_ws/src/XRF2/XenoRosFramework/Xenomai/src/XenoFrtLoop.cpp.o] Error 1
gmake[2]: *** [CMakeFiles/sdfr_ppd.dir/build.make:160: CMakeFiles/sdfr_ppd.dir/home/srik/ros_ubuntu/ros2_ws/src/XRF2/XenoRosFramework/Xenomai/src/XenoFrtMonitor.cpp.o] Error 1
In file included from [01m[K/home/srik/ros_ubuntu/ros2_ws/src/XRF2/XenoRosFramework/Xenomai/src/XenoRosCommandBridge.cpp:1[m[K:
[01m[K/home/srik/ros_ubuntu/ros2_ws/src/sdfr_ppd/../XRF2/XenoRosFramework/Xenomai/include/XenoRosCommandBridge.hpp:17:10:[m[K [01;31m[Kfatal error: [m[Kevl/evl.h: No such file or directory
   17 | #include [01;31m[K<evl/evl.h>[m[K
      |          [01;31m[K^~~~~~~~~~~[m[K
compilation terminated.
gmake[2]: *** [CMakeFiles/sdfr_ppd.dir/build.make:202: CMakeFiles/sdfr_ppd.dir/home/srik/ros_ubuntu/ros2_ws/src/XRF2/XenoRosFramework/Xenomai/src/XenoRosCommandBridge.cpp.o] Error 1
In file included from [01m[K/home/srik/ros_ubuntu/ros2_ws/src/XRF2/XenoRosFramework/Xenomai/src/XenoSpiControllerHandler.cpp:1[m[K:
[01m[K/home/srik/ros_ubuntu/ros2_ws/src/sdfr_ppd/../XRF2/XenoRosFramework/Xenomai/include/XenoSpiControllerHandler.hpp:21:10:[m[K [01;31m[Kfatal error: [m[Kevl/evl.h: No such file or directory
   21 | #include [01;31m[K<evl/evl.h>[m[K
      |          [01;31m[K^~~~~~~~~~~[m[K
compilation terminated.
gmake[2]: *** [CMakeFiles/sdfr_ppd.dir/build.make:230: CMakeFiles/sdfr_ppd.dir/home/srik/ros_ubuntu/ros2_ws/src/XRF2/XenoRosFramework/Xenomai/src/XenoSpiControllerHandler.cpp.o] Error 1
In file included from [01m[K/home/srik/ros_ubuntu/ros2_ws/src/sdfr_ppd/../XRF2/XenoRosFramework/Xenomai/include/XenoFrtRosIco.hpp:10[m[K,
                 from [01m[K/home/srik/ros_ubuntu/ros2_ws/src/sdfr_ppd/../XRF2/XenoRosFramework/Xenomai/include/XenoFrt20Sim.hpp:4[m[K,
                 from [01m[K/home/srik/ros_ubuntu/ros2_ws/src/sdfr_ppd/include/Template20Sim.hpp:4[m[K,
                 from [01m[K/home/srik/ros_ubuntu/ros2_ws/src/sdfr_ppd/src/Template20Sim.cpp:1[m[K:
[01m[K/home/srik/ros_ubuntu/ros2_ws/src/sdfr_ppd/../XRF2/XenoRosFramework/Xenomai/include/XenoFrtLoop.hpp:6:10:[m[K [01;31m[Kfatal error: [m[Kevl/evl.h: No such file or directory
    6 | #include [01;31m[K<evl/evl.h>[m[K
      |          [01;31m[K^~~~~~~~~~~[m[K
In file included from [01m[K/home/srik/ros_ubuntu/ros2_ws/src/sdfr_ppd/../XRF2/XenoRosFramework/Xenomai/include/XenoFrtRosIco.hpp:10[m[K,
                 from [01m[K/home/srik/ros_ubuntu/ros2_ws/src/XRF2/XenoRosFramework/Xenomai/src/XenoFrtRosIco.cpp:1[m[K:
[01m[K/home/srik/ros_ubuntu/ros2_ws/src/sdfr_ppd/../XRF2/XenoRosFramework/Xenomai/include/XenoFrtLoop.hpp:6:10:[m[K [01;31m[Kfatal error: [m[Kevl/evl.h: No such file or directory
    6 | #include [01;31m[K<evl/evl.h>[m[K
      |          [01;31m[K^~~~~~~~~~~[m[K
compilation terminated.
compilation terminated.
In file included from [01m[K/home/srik/ros_ubuntu/ros2_ws/src/sdfr_ppd/../XRF2/XenoRosFramework/Xenomai/include/XenoFrtRosIco.hpp:10[m[K,
                 from [01m[K/home/srik/ros_ubuntu/ros2_ws/src/sdfr_ppd/../XRF2/XenoRosFramework/Xenomai/include/XenoFrt20Sim.hpp:4[m[K,
                 from [01m[K/home/srik/ros_ubuntu/ros2_ws/src/XRF2/XenoRosFramework/Xenomai/src/XenoFrt20Sim.cpp:1[m[K:
[01m[K/home/srik/ros_ubuntu/ros2_ws/src/sdfr_ppd/../XRF2/XenoRosFramework/Xenomai/include/XenoFrtLoop.hpp:6:10:[m[K [01;31m[Kfatal error: [m[Kevl/evl.h: No such file or directory
    6 | #include [01;31m[K<evl/evl.h>[m[K
      |          [01;31m[K^~~~~~~~~~~[m[K
compilation terminated.
gmake[2]: *** [CMakeFiles/sdfr_ppd.dir/build.make:174: CMakeFiles/sdfr_ppd.dir/home/srik/ros_ubuntu/ros2_ws/src/XRF2/XenoRosFramework/Xenomai/src/XenoFrtRosIco.cpp.o] Error 1
gmake[2]: *** [CMakeFiles/sdfr_ppd.dir/build.make:244: CMakeFiles/sdfr_ppd.dir/home/srik/ros_ubuntu/ros2_ws/src/XRF2/XenoRosFramework/Xenomai/src/XenoFrt20Sim.cpp.o] Error 1
gmake[2]: *** [CMakeFiles/sdfr_ppd.dir/build.make:258: CMakeFiles/sdfr_ppd.dir/src/Template20Sim.cpp.o] Error 1
[01m[K/home/srik/ros_ubuntu/ros2_ws/src/sdfr_ppd/main.cpp:7:10:[m[K [01;31m[Kfatal error: [m[KTemplate20sim.hpp: No such file or directory
    7 | #include [01;31m[K"Template20sim.hpp"[m[K
      |          [01;31m[K^~~~~~~~~~~~~~~~~~~[m[K
compilation terminated.
gmake[2]: *** [CMakeFiles/sdfr_ppd.dir/build.make:76: CMakeFiles/sdfr_ppd.dir/main.cpp.o] Error 1
In file included from [01m[K/home/srik/ros_ubuntu/ros2_ws/src/sdfr_ppd/../XRF2/XenoRosFramework/Xenomai/include/XenoFrtLogger.hpp:4[m[K,
                 from [01m[K/home/srik/ros_ubuntu/ros2_ws/src/XRF2/XenoRosFramework/Xenomai/src/XenoFrtLogger.cpp:1[m[K:
[01m[K/home/srik/ros_ubuntu/ros2_ws/src/sdfr_ppd/../XRF2/XenoRosFramework/Xenomai/include/XenoFileHandler.hpp:16:10:[m[K [01;31m[Kfatal error: [m[Kevl/evl.h: No such file or directory
   16 | #include [01;31m[K<evl/evl.h>[m[K
      |          [01;31m[K^~~~~~~~~~~[m[K
compilation terminated.
gmake[2]: *** [CMakeFiles/sdfr_ppd.dir/build.make:132: CMakeFiles/sdfr_ppd.dir/home/srik/ros_ubuntu/ros2_ws/src/XRF2/XenoRosFramework/Xenomai/src/XenoFrtLogger.cpp.o] Error 1
In file included from [01m[K/home/srik/ros_ubuntu/ros2_ws/src/XRF2/XenoRosFramework/Xenomai/src/XenoFileHandler.cpp:1[m[K:
[01m[K/home/srik/ros_ubuntu/ros2_ws/src/sdfr_ppd/../XRF2/XenoRosFramework/Xenomai/include/XenoFileHandler.hpp:16:10:[m[K [01;31m[Kfatal error: [m[Kevl/evl.h: No such file or directory
   16 | #include [01;31m[K<evl/evl.h>[m[K
      |          [01;31m[K^~~~~~~~~~~[m[K
compilation terminated.
gmake[2]: *** [CMakeFiles/sdfr_ppd.dir/build.make:118: CMakeFiles/sdfr_ppd.dir/home/srik/ros_ubuntu/ros2_ws/src/XRF2/XenoRosFramework/Xenomai/src/XenoFileHandler.cpp.o] Error 1
gmake[1]: *** [CMakeFiles/Makefile2:137: CMakeFiles/sdfr_ppd.dir/all] Error 2
gmake: *** [Makefile:101: all] Error 2
