[0.049s] Invoking command in '/home/sdfr-ppd-16/SfDR-code/assignment6/ros2_ws/build/relbot_adapter': CMAKE_PREFIX_PATH=${CMAKE_PREFIX_PATH}:/opt/ros/humble /usr/bin/cmake /home/sdfr-ppd-16/SfDR-code/assignment6/ros2_ws/src/relbot_adapter -DCMAKE_INSTALL_PREFIX=/home/sdfr-ppd-16/SfDR-code/assignment6/ros2_ws/install/relbot_adapter
[0.342s] -- Found ament_cmake: 1.3.11 (/opt/ros/humble/share/ament_cmake/cmake)
[0.555s] -- Found rclcpp: 16.0.11 (/opt/ros/humble/share/rclcpp/cmake)
[0.671s] -- Found rosidl_generator_c: 3.1.6 (/opt/ros/humble/share/rosidl_generator_c/cmake)
[0.690s] -- Found rosidl_adapter: 3.1.6 (/opt/ros/humble/share/rosidl_adapter/cmake)
[0.703s] -- Found rosidl_generator_cpp: 3.1.6 (/opt/ros/humble/share/rosidl_generator_cpp/cmake)
[0.746s] -- Using all available rosidl_typesupport_c: rosidl_typesupport_fastrtps_c;rosidl_typesupport_introspection_c
[0.819s] -- Using all available rosidl_typesupport_cpp: rosidl_typesupport_fastrtps_cpp;rosidl_typesupport_introspection_cpp
[0.946s] -- Found rmw_implementation_cmake: 6.1.2 (/opt/ros/humble/share/rmw_implementation_cmake/cmake)
[0.953s] -- Found rmw_fastrtps_cpp: 6.2.7 (/opt/ros/humble/share/rmw_fastrtps_cpp/cmake)
[1.310s] -- Using RMW implementation 'rmw_fastrtps_cpp' as default
[1.428s] -- Found example_interfaces: 0.9.3 (/opt/ros/humble/share/example_interfaces/cmake)
[1.574s] -- Found geometry_msgs: 4.2.4 (/opt/ros/humble/share/geometry_msgs/cmake)
[1.622s] -- Found relbot_msgs: 2025.2.0 (/home/sdfr-ppd-16/SfDR-code/assignment6/ros2_ws/install/relbot_msgs/share/relbot_msgs/cmake)
[1.709s] -- xrf2_msgs found, enabling related features
[1.724s] -- Found ament_lint_auto: 0.12.11 (/opt/ros/humble/share/ament_lint_auto/cmake)
[2.115s] -- Added test 'cppcheck' to perform static code analysis on C / C++ code
[2.116s] -- Configured cppcheck include dirs: /home/sdfr-ppd-16/SfDR-code/assignment6/ros2_ws/src/relbot_adapter/include;$<BUILD_INTERFACE:/home/sdfr-ppd-16/SfDR-code/assignment6/ros2_ws/src/relbot_adapter/include>
[2.118s] -- Configured cppcheck exclude dirs and/or files: 
[2.120s] -- Added test 'lint_cmake' to check CMake code style
[2.125s] -- Added test 'uncrustify' to check C / C++ code style
[2.126s] -- Configured uncrustify additional arguments: 
[2.127s] -- Added test 'xmllint' to check XML markup files
[2.138s] -- Configuring done
[2.206s] -- Generating done
[2.240s] -- Build files have been written to: /home/sdfr-ppd-16/SfDR-code/assignment6/ros2_ws/build/relbot_adapter
[2.284s] Invoked command in '/home/sdfr-ppd-16/SfDR-code/assignment6/ros2_ws/build/relbot_adapter' returned '0': CMAKE_PREFIX_PATH=${CMAKE_PREFIX_PATH}:/opt/ros/humble /usr/bin/cmake /home/sdfr-ppd-16/SfDR-code/assignment6/ros2_ws/src/relbot_adapter -DCMAKE_INSTALL_PREFIX=/home/sdfr-ppd-16/SfDR-code/assignment6/ros2_ws/install/relbot_adapter
[2.292s] Invoking command in '/home/sdfr-ppd-16/SfDR-code/assignment6/ros2_ws/build/relbot_adapter': CMAKE_PREFIX_PATH=${CMAKE_PREFIX_PATH}:/opt/ros/humble /usr/bin/cmake --build /home/sdfr-ppd-16/SfDR-code/assignment6/ros2_ws/build/relbot_adapter -- -j3 -l3
[2.486s] [ 50%] [32mBuilding CXX object CMakeFiles/relbot_adapter.dir/src/relbot_adapter.cpp.o[0m
[19.499s] [01m[K/home/sdfr-ppd-16/SfDR-code/assignment6/ros2_ws/src/relbot_adapter/src/relbot_adapter.cpp:[m[K In member function ‘[01m[Kvoid RELbotAdapter::output_callback()[m[K’:
[19.501s] [01m[K/home/sdfr-ppd-16/SfDR-code/assignment6/ros2_ws/src/relbot_adapter/src/relbot_adapter.cpp:158:20:[m[K [01;31m[Kerror: [m[K‘[01m[Kusing Ros2Xeno = struct xrf2_msgs::msg::Ros2Xeno_<std::allocator<void> >[m[K’ {aka ‘[01m[Kstruct xrf2_msgs::msg::Ros2Xeno_<std::allocator<void> >[m[K’} has no member named ‘[01m[Kset__left_wheel_vel[m[K’
[19.503s]   158 |       motor_output.[01;31m[Kset__left_wheel_vel[m[K(storage_buffer[0]);
[19.504s]       |                    [01;31m[K^~~~~~~~~~~~~~~~~~~[m[K
[19.507s] [01m[K/home/sdfr-ppd-16/SfDR-code/assignment6/ros2_ws/src/relbot_adapter/src/relbot_adapter.cpp:159:20:[m[K [01;31m[Kerror: [m[K‘[01m[Kusing Ros2Xeno = struct xrf2_msgs::msg::Ros2Xeno_<std::allocator<void> >[m[K’ {aka ‘[01m[Kstruct xrf2_msgs::msg::Ros2Xeno_<std::allocator<void> >[m[K’} has no member named ‘[01m[Kset__right_wheel_vel[m[K’
[19.509s]   159 |       motor_output.[01;31m[Kset__right_wheel_vel[m[K(storage_buffer[1]);
[19.515s]       |                    [01;31m[K^~~~~~~~~~~~~~~~~~~~[m[K
[43.596s] gmake[2]: *** [CMakeFiles/relbot_adapter.dir/build.make:76: CMakeFiles/relbot_adapter.dir/src/relbot_adapter.cpp.o] Error 1
[43.597s] gmake[1]: *** [CMakeFiles/Makefile2:137: CMakeFiles/relbot_adapter.dir/all] Error 2
[43.599s] gmake: *** [Makefile:146: all] Error 2
[43.603s] Invoked command in '/home/sdfr-ppd-16/SfDR-code/assignment6/ros2_ws/build/relbot_adapter' returned '2': CMAKE_PREFIX_PATH=${CMAKE_PREFIX_PATH}:/opt/ros/humble /usr/bin/cmake --build /home/sdfr-ppd-16/SfDR-code/assignment6/ros2_ws/build/relbot_adapter -- -j3 -l3
