[0.009s] Invoking command in '/home/srik/ros_ubuntu/ros2_ws/build/relbot_adapter': CMAKE_PREFIX_PATH=${CMAKE_PREFIX_PATH}:/opt/ros/humble DEBUGINFOD_URLS=https://debuginfod.archlinux.org https://debuginfod.cachyos.org /usr/bin/cmake --build /home/srik/ros_ubuntu/ros2_ws/build/relbot_adapter -- -j32 -l32
[0.033s] [100%] Built target relbot_adapter
[0.048s] Invoked command in '/home/srik/ros_ubuntu/ros2_ws/build/relbot_adapter' returned '0': CMAKE_PREFIX_PATH=${CMAKE_PREFIX_PATH}:/opt/ros/humble DEBUGINFOD_URLS=https://debuginfod.archlinux.org https://debuginfod.cachyos.org /usr/bin/cmake --build /home/srik/ros_ubuntu/ros2_ws/build/relbot_adapter -- -j32 -l32
[0.049s] Invoking command in '/home/srik/ros_ubuntu/ros2_ws/build/relbot_adapter': CMAKE_PREFIX_PATH=${CMAKE_PREFIX_PATH}:/opt/ros/humble DEBUGINFOD_URLS=https://debuginfod.archlinux.org https://debuginfod.cachyos.org /usr/bin/cmake --install /home/srik/ros_ubuntu/ros2_ws/build/relbot_adapter
[0.053s] -- Install configuration: ""
[0.053s] -- Up-to-date: /home/srik/ros_ubuntu/ros2_ws/install/relbot_adapter/lib/relbot_adapter/relbot_adapter
[0.053s] -- Up-to-date: /home/srik/ros_ubuntu/ros2_ws/install/relbot_adapter/share/ament_index/resource_index/package_run_dependencies/relbot_adapter
[0.054s] -- Up-to-date: /home/srik/ros_ubuntu/ros2_ws/install/relbot_adapter/share/ament_index/resource_index/parent_prefix_path/relbot_adapter
[0.054s] -- Up-to-date: /home/srik/ros_ubuntu/ros2_ws/install/relbot_adapter/share/relbot_adapter/environment/ament_prefix_path.sh
[0.054s] -- Up-to-date: /home/srik/ros_ubuntu/ros2_ws/install/relbot_adapter/share/relbot_adapter/environment/ament_prefix_path.dsv
[0.054s] -- Up-to-date: /home/srik/ros_ubuntu/ros2_ws/install/relbot_adapter/share/relbot_adapter/environment/path.sh
[0.054s] -- Up-to-date: /home/srik/ros_ubuntu/ros2_ws/install/relbot_adapter/share/relbot_adapter/environment/path.dsv
[0.054s] -- Up-to-date: /home/srik/ros_ubuntu/ros2_ws/install/relbot_adapter/share/relbot_adapter/local_setup.bash
[0.054s] -- Up-to-date: /home/srik/ros_ubuntu/ros2_ws/install/relbot_adapter/share/relbot_adapter/local_setup.sh
[0.054s] -- Up-to-date: /home/srik/ros_ubuntu/ros2_ws/install/relbot_adapter/share/relbot_adapter/local_setup.zsh
[0.054s] -- Up-to-date: /home/srik/ros_ubuntu/ros2_ws/install/relbot_adapter/share/relbot_adapter/local_setup.dsv
[0.054s] -- Installing: /home/srik/ros_ubuntu/ros2_ws/install/relbot_adapter/share/relbot_adapter/package.dsv
[0.054s] -- Up-to-date: /home/srik/ros_ubuntu/ros2_ws/install/relbot_adapter/share/ament_index/resource_index/packages/relbot_adapter
[0.054s] -- Up-to-date: /home/srik/ros_ubuntu/ros2_ws/install/relbot_adapter/share/relbot_adapter/cmake/relbot_adapterConfig.cmake
[0.054s] -- Up-to-date: /home/srik/ros_ubuntu/ros2_ws/install/relbot_adapter/share/relbot_adapter/cmake/relbot_adapterConfig-version.cmake
[0.054s] -- Up-to-date: /home/srik/ros_ubuntu/ros2_ws/install/relbot_adapter/share/relbot_adapter/package.xml
[0.061s] Invoked command in '/home/srik/ros_ubuntu/ros2_ws/build/relbot_adapter' returned '0': CMAKE_PREFIX_PATH=${CMAKE_PREFIX_PATH}:/opt/ros/humble DEBUGINFOD_URLS=https://debuginfod.archlinux.org https://debuginfod.cachyos.org /usr/bin/cmake --install /home/srik/ros_ubuntu/ros2_ws/build/relbot_adapter
