-- Found ament_cmake: 1.3.11 (/opt/ros/humble/share/ament_cmake/cmake)
-- Found rosidl_default_generators: 1.2.0 (/opt/ros/humble/share/rosidl_default_generators/cmake)
-- Using all available rosidl_typesupport_c: rosidl_typesupport_fastrtps_c;rosidl_typesupport_introspection_c
-- Found rosidl_adapter: 3.1.6 (/opt/ros/humble/share/rosidl_adapter/cmake)
-- Using all available rosidl_typesupport_cpp: rosidl_typesupport_fastrtps_cpp;rosidl_typesupport_introspection_cpp
-- Found std_msgs: 4.2.4 (/opt/ros/humble/share/std_msgs/cmake)
-- Found ament_cmake_cppcheck: 0.12.11 (/opt/ros/humble/share/ament_cmake_cppcheck/cmake)
-- Found ament_cmake_cpplint: 0.12.11 (/opt/ros/humble/share/ament_cmake_cpplint/cmake)
-- Found ament_cmake_uncrustify: 0.12.11 (/opt/ros/humble/share/ament_cmake_uncrustify/cmake)
-- Found ament_cmake_ros: 0.10.0 (/opt/ros/humble/share/ament_cmake_ros/cmake)
-- Using all available rosidl_typesupport_c: rosidl_typesupport_fastrtps_c;rosidl_typesupport_introspection_c
-- Using all available rosidl_typesupport_cpp: rosidl_typesupport_fastrtps_cpp;rosidl_typesupport_introspection_cpp
-- Found python_cmake_module: 0.10.0 (/opt/ros/humble/share/python_cmake_module/cmake)
-- Using PYTHON_EXECUTABLE: /usr/bin/python3
-- Using PYTHON_INCLUDE_DIRS: /usr/include/python3.10
-- Using PYTHON_LIBRARIES: /usr/lib/aarch64-linux-gnu/libpython3.10.so
-- Found ament_cmake_flake8: 0.12.11 (/opt/ros/humble/share/ament_cmake_flake8/cmake)
-- Found ament_cmake_pep257: 0.12.11 (/opt/ros/humble/share/ament_cmake_pep257/cmake)
-- Found ament_lint_auto: 0.12.11 (/opt/ros/humble/share/ament_lint_auto/cmake)
-- Added test 'lint_cmake' to check CMake code style
-- Added test 'xmllint' to check XML markup files
-- Configuring done
-- Generating done
-- Build files have been written to: /home/sdfr-ppd-16/ros2_ws/build/relbot_msgs
[  2%] Built target relbot_msgs__cpp
[35m[1mConsolidate compiler generated dependencies of target relbot_msgs__rosidl_typesupport_cpp[0m
[35m[1mConsolidate compiler generated dependencies of target relbot_msgs__rosidl_generator_c[0m
[  2%] Built target ament_cmake_python_copy_relbot_msgs
[35m[1mConsolidate compiler generated dependencies of target relbot_msgs__rosidl_typesupport_fastrtps_cpp[0m
[  5%] [32mBuilding C object CMakeFiles/relbot_msgs__rosidl_generator_c.dir/rosidl_generator_c/relbot_msgs/msg/detail/relbot_motors__functions.c.o[0m
[  7%] [32mBuilding CXX object CMakeFiles/relbot_msgs__rosidl_typesupport_cpp.dir/rosidl_typesupport_cpp/relbot_msgs/msg/relbot_motors__type_support.cpp.o[0m
[ 10%] [32mBuilding CXX object CMakeFiles/relbot_msgs__rosidl_typesupport_fastrtps_cpp.dir/rosidl_typesupport_fastrtps_cpp/relbot_msgs/msg/detail/dds_fastrtps/relbot_motors__type_support.cpp.o[0m
[ 12%] [32mBuilding C object CMakeFiles/relbot_msgs__rosidl_generator_c.dir/rosidl_generator_c/relbot_msgs/msg/detail/relbot_motors_stamped__functions.c.o[0m
[ 15%] [32m[1mLinking C shared library librelbot_msgs__rosidl_generator_c.so[0m
[ 17%] Built target relbot_msgs__rosidl_generator_c
[35m[1mConsolidate compiler generated dependencies of target relbot_msgs__rosidl_typesupport_introspection_cpp[0m
[ 20%] [32mBuilding CXX object CMakeFiles/relbot_msgs__rosidl_typesupport_introspection_cpp.dir/rosidl_typesupport_introspection_cpp/relbot_msgs/msg/detail/relbot_motors__type_support.cpp.o[0m
[ 23%] [32mBuilding CXX object CMakeFiles/relbot_msgs__rosidl_typesupport_cpp.dir/rosidl_typesupport_cpp/relbot_msgs/msg/relbot_motors_stamped__type_support.cpp.o[0m
[ 25%] [32mBuilding CXX object CMakeFiles/relbot_msgs__rosidl_typesupport_fastrtps_cpp.dir/rosidl_typesupport_fastrtps_cpp/relbot_msgs/msg/detail/dds_fastrtps/relbot_motors_stamped__type_support.cpp.o[0m
[ 28%] [32m[1mLinking CXX shared library librelbot_msgs__rosidl_typesupport_cpp.so[0m
[ 30%] [32mBuilding CXX object CMakeFiles/relbot_msgs__rosidl_typesupport_introspection_cpp.dir/rosidl_typesupport_introspection_cpp/relbot_msgs/msg/detail/relbot_motors_stamped__type_support.cpp.o[0m
[ 33%] Built target relbot_msgs__rosidl_typesupport_cpp
[ 35%] [32m[1mLinking CXX shared library librelbot_msgs__rosidl_typesupport_fastrtps_cpp.so[0m
running egg_info
writing relbot_msgs.egg-info/PKG-INFO
writing dependency_links to relbot_msgs.egg-info/dependency_links.txt
writing top-level names to relbot_msgs.egg-info/top_level.txt
reading manifest file 'relbot_msgs.egg-info/SOURCES.txt'
writing manifest file 'relbot_msgs.egg-info/SOURCES.txt'
[ 38%] Built target relbot_msgs__rosidl_typesupport_fastrtps_cpp
[ 38%] Built target ament_cmake_python_build_relbot_msgs_egg
[35m[1mConsolidate compiler generated dependencies of target relbot_msgs__rosidl_typesupport_fastrtps_c[0m
[35m[1mConsolidate compiler generated dependencies of target relbot_msgs__rosidl_typesupport_introspection_c[0m
[ 41%] [32mBuilding C object CMakeFiles/relbot_msgs__rosidl_typesupport_introspection_c.dir/rosidl_typesupport_introspection_c/relbot_msgs/msg/detail/relbot_motors__type_support.c.o[0m
[ 43%] [32m[1mLinking CXX shared library librelbot_msgs__rosidl_typesupport_introspection_cpp.so[0m
[ 46%] [32mBuilding CXX object CMakeFiles/relbot_msgs__rosidl_typesupport_fastrtps_c.dir/rosidl_typesupport_fastrtps_c/relbot_msgs/msg/detail/relbot_motors__type_support_c.cpp.o[0m
[ 48%] [32mBuilding C object CMakeFiles/relbot_msgs__rosidl_typesupport_introspection_c.dir/rosidl_typesupport_introspection_c/relbot_msgs/msg/detail/relbot_motors_stamped__type_support.c.o[0m
[ 51%] [32m[1mLinking C shared library librelbot_msgs__rosidl_typesupport_introspection_c.so[0m
[ 53%] Built target relbot_msgs__rosidl_typesupport_introspection_cpp
[35m[1mConsolidate compiler generated dependencies of target relbot_msgs__rosidl_typesupport_c[0m
[ 56%] [32mBuilding CXX object CMakeFiles/relbot_msgs__rosidl_typesupport_c.dir/rosidl_typesupport_c/relbot_msgs/msg/relbot_motors__type_support.cpp.o[0m
[ 58%] Built target relbot_msgs__rosidl_typesupport_introspection_c
[ 61%] [32mBuilding CXX object CMakeFiles/relbot_msgs__rosidl_typesupport_c.dir/rosidl_typesupport_c/relbot_msgs/msg/relbot_motors_stamped__type_support.cpp.o[0m
[ 64%] [32mBuilding CXX object CMakeFiles/relbot_msgs__rosidl_typesupport_fastrtps_c.dir/rosidl_typesupport_fastrtps_c/relbot_msgs/msg/detail/relbot_motors_stamped__type_support_c.cpp.o[0m
[ 66%] [32m[1mLinking CXX shared library librelbot_msgs__rosidl_typesupport_c.so[0m
[ 69%] Built target relbot_msgs__rosidl_typesupport_c
[ 71%] [32m[1mLinking CXX shared library librelbot_msgs__rosidl_typesupport_fastrtps_c.so[0m
[ 74%] Built target relbot_msgs__rosidl_typesupport_fastrtps_c
[ 74%] Built target relbot_msgs
[ 76%] Built target relbot_msgs__py
[35m[1mConsolidate compiler generated dependencies of target relbot_msgs__rosidl_generator_py[0m
[ 82%] [32mBuilding C object CMakeFiles/relbot_msgs__rosidl_generator_py.dir/rosidl_generator_py/relbot_msgs/msg/_relbot_motors_s.c.o[0m
[ 82%] [32mBuilding C object CMakeFiles/relbot_msgs__rosidl_generator_py.dir/rosidl_generator_py/relbot_msgs/msg/_relbot_motors_stamped_s.c.o[0m
[ 84%] [32m[1mLinking C shared library rosidl_generator_py/relbot_msgs/librelbot_msgs__rosidl_generator_py.so[0m
[ 84%] Built target relbot_msgs__rosidl_generator_py
[35m[1mConsolidate compiler generated dependencies of target relbot_msgs__rosidl_typesupport_c__pyext[0m
[35m[1mConsolidate compiler generated dependencies of target relbot_msgs__rosidl_typesupport_introspection_c__pyext[0m
[35m[1mConsolidate compiler generated dependencies of target relbot_msgs__rosidl_typesupport_fastrtps_c__pyext[0m
[ 89%] [32mBuilding C object CMakeFiles/relbot_msgs__rosidl_typesupport_introspection_c__pyext.dir/rosidl_generator_py/relbot_msgs/_relbot_msgs_s.ep.rosidl_typesupport_introspection_c.c.o[0m
[ 89%] [32mBuilding C object CMakeFiles/relbot_msgs__rosidl_typesupport_c__pyext.dir/rosidl_generator_py/relbot_msgs/_relbot_msgs_s.ep.rosidl_typesupport_c.c.o[0m
[ 92%] [32mBuilding C object CMakeFiles/relbot_msgs__rosidl_typesupport_fastrtps_c__pyext.dir/rosidl_generator_py/relbot_msgs/_relbot_msgs_s.ep.rosidl_typesupport_fastrtps_c.c.o[0m
[ 94%] [32m[1mLinking C shared library rosidl_generator_py/relbot_msgs/relbot_msgs_s__rosidl_typesupport_introspection_c.cpython-310-aarch64-linux-gnu.so[0m
[ 97%] [32m[1mLinking C shared library rosidl_generator_py/relbot_msgs/relbot_msgs_s__rosidl_typesupport_c.cpython-310-aarch64-linux-gnu.so[0m
[100%] [32m[1mLinking C shared library rosidl_generator_py/relbot_msgs/relbot_msgs_s__rosidl_typesupport_fastrtps_c.cpython-310-aarch64-linux-gnu.so[0m
[100%] Built target relbot_msgs__rosidl_typesupport_c__pyext
[100%] Built target relbot_msgs__rosidl_typesupport_introspection_c__pyext
[100%] Built target relbot_msgs__rosidl_typesupport_fastrtps_c__pyext
-- Install configuration: ""
-- Installing: /home/sdfr-ppd-16/ros2_ws/install/relbot_msgs/share/ament_index/resource_index/rosidl_interfaces/relbot_msgs
-- Up-to-date: /home/sdfr-ppd-16/ros2_ws/install/relbot_msgs/include/relbot_msgs/relbot_msgs
-- Up-to-date: /home/sdfr-ppd-16/ros2_ws/install/relbot_msgs/include/relbot_msgs/relbot_msgs/msg
-- Installing: /home/sdfr-ppd-16/ros2_ws/install/relbot_msgs/include/relbot_msgs/relbot_msgs/msg/rosidl_generator_c__visibility_control.h
-- Up-to-date: /home/sdfr-ppd-16/ros2_ws/install/relbot_msgs/include/relbot_msgs/relbot_msgs/msg/detail
-- Installing: /home/sdfr-ppd-16/ros2_ws/install/relbot_msgs/include/relbot_msgs/relbot_msgs/msg/detail/relbot_motors_stamped__struct.h
-- Installing: /home/sdfr-ppd-16/ros2_ws/install/relbot_msgs/include/relbot_msgs/relbot_msgs/msg/detail/relbot_motors_stamped__functions.h
-- Installing: /home/sdfr-ppd-16/ros2_ws/install/relbot_msgs/include/relbot_msgs/relbot_msgs/msg/detail/relbot_motors__struct.h
-- Installing: /home/sdfr-ppd-16/ros2_ws/install/relbot_msgs/include/relbot_msgs/relbot_msgs/msg/detail/relbot_motors_stamped__functions.c
-- Installing: /home/sdfr-ppd-16/ros2_ws/install/relbot_msgs/include/relbot_msgs/relbot_msgs/msg/detail/relbot_motors__functions.c
-- Installing: /home/sdfr-ppd-16/ros2_ws/install/relbot_msgs/include/relbot_msgs/relbot_msgs/msg/detail/relbot_motors__functions.h
-- Installing: /home/sdfr-ppd-16/ros2_ws/install/relbot_msgs/include/relbot_msgs/relbot_msgs/msg/detail/relbot_motors_stamped__type_support.h
-- Installing: /home/sdfr-ppd-16/ros2_ws/install/relbot_msgs/include/relbot_msgs/relbot_msgs/msg/detail/relbot_motors__type_support.h
-- Installing: /home/sdfr-ppd-16/ros2_ws/install/relbot_msgs/include/relbot_msgs/relbot_msgs/msg/relbot_motors_stamped.h
-- Installing: /home/sdfr-ppd-16/ros2_ws/install/relbot_msgs/include/relbot_msgs/relbot_msgs/msg/relbot_motors.h
-- Installing: /home/sdfr-ppd-16/ros2_ws/install/relbot_msgs/share/relbot_msgs/environment/library_path.sh
-- Installing: /home/sdfr-ppd-16/ros2_ws/install/relbot_msgs/share/relbot_msgs/environment/library_path.dsv
-- Installing: /home/sdfr-ppd-16/ros2_ws/install/relbot_msgs/lib/librelbot_msgs__rosidl_generator_c.so
-- Set runtime path of "/home/sdfr-ppd-16/ros2_ws/install/relbot_msgs/lib/librelbot_msgs__rosidl_generator_c.so" to ""
-- Up-to-date: /home/sdfr-ppd-16/ros2_ws/install/relbot_msgs/include/relbot_msgs/relbot_msgs
-- Up-to-date: /home/sdfr-ppd-16/ros2_ws/install/relbot_msgs/include/relbot_msgs/relbot_msgs/msg
-- Up-to-date: /home/sdfr-ppd-16/ros2_ws/install/relbot_msgs/include/relbot_msgs/relbot_msgs/msg/detail
-- Installing: /home/sdfr-ppd-16/ros2_ws/install/relbot_msgs/include/relbot_msgs/relbot_msgs/msg/detail/relbot_motors_stamped__rosidl_typesupport_fastrtps_c.h
-- Installing: /home/sdfr-ppd-16/ros2_ws/install/relbot_msgs/include/relbot_msgs/relbot_msgs/msg/detail/relbot_motors__rosidl_typesupport_fastrtps_c.h
-- Installing: /home/sdfr-ppd-16/ros2_ws/install/relbot_msgs/include/relbot_msgs/relbot_msgs/msg/rosidl_typesupport_fastrtps_c__visibility_control.h
-- Installing: /home/sdfr-ppd-16/ros2_ws/install/relbot_msgs/lib/librelbot_msgs__rosidl_typesupport_fastrtps_c.so
-- Set runtime path of "/home/sdfr-ppd-16/ros2_ws/install/relbot_msgs/lib/librelbot_msgs__rosidl_typesupport_fastrtps_c.so" to ""
-- Up-to-date: /home/sdfr-ppd-16/ros2_ws/install/relbot_msgs/include/relbot_msgs/relbot_msgs
-- Up-to-date: /home/sdfr-ppd-16/ros2_ws/install/relbot_msgs/include/relbot_msgs/relbot_msgs/msg
-- Installing: /home/sdfr-ppd-16/ros2_ws/install/relbot_msgs/include/relbot_msgs/relbot_msgs/msg/rosidl_typesupport_introspection_c__visibility_control.h
-- Up-to-date: /home/sdfr-ppd-16/ros2_ws/install/relbot_msgs/include/relbot_msgs/relbot_msgs/msg/detail
-- Installing: /home/sdfr-ppd-16/ros2_ws/install/relbot_msgs/include/relbot_msgs/relbot_msgs/msg/detail/relbot_motors_stamped__rosidl_typesupport_introspection_c.h
-- Installing: /home/sdfr-ppd-16/ros2_ws/install/relbot_msgs/include/relbot_msgs/relbot_msgs/msg/detail/relbot_motors__rosidl_typesupport_introspection_c.h
-- Installing: /home/sdfr-ppd-16/ros2_ws/install/relbot_msgs/include/relbot_msgs/relbot_msgs/msg/detail/relbot_motors__type_support.c
-- Installing: /home/sdfr-ppd-16/ros2_ws/install/relbot_msgs/include/relbot_msgs/relbot_msgs/msg/detail/relbot_motors_stamped__type_support.c
-- Installing: /home/sdfr-ppd-16/ros2_ws/install/relbot_msgs/lib/librelbot_msgs__rosidl_typesupport_introspection_c.so
-- Set runtime path of "/home/sdfr-ppd-16/ros2_ws/install/relbot_msgs/lib/librelbot_msgs__rosidl_typesupport_introspection_c.so" to ""
-- Installing: /home/sdfr-ppd-16/ros2_ws/install/relbot_msgs/lib/librelbot_msgs__rosidl_typesupport_c.so
-- Set runtime path of "/home/sdfr-ppd-16/ros2_ws/install/relbot_msgs/lib/librelbot_msgs__rosidl_typesupport_c.so" to ""
-- Up-to-date: /home/sdfr-ppd-16/ros2_ws/install/relbot_msgs/include/relbot_msgs/relbot_msgs
-- Up-to-date: /home/sdfr-ppd-16/ros2_ws/install/relbot_msgs/include/relbot_msgs/relbot_msgs/msg
-- Installing: /home/sdfr-ppd-16/ros2_ws/install/relbot_msgs/include/relbot_msgs/relbot_msgs/msg/relbot_motors_stamped.hpp
-- Up-to-date: /home/sdfr-ppd-16/ros2_ws/install/relbot_msgs/include/relbot_msgs/relbot_msgs/msg/detail
-- Installing: /home/sdfr-ppd-16/ros2_ws/install/relbot_msgs/include/relbot_msgs/relbot_msgs/msg/detail/relbot_motors_stamped__type_support.hpp
-- Installing: /home/sdfr-ppd-16/ros2_ws/install/relbot_msgs/include/relbot_msgs/relbot_msgs/msg/detail/relbot_motors_stamped__struct.hpp
-- Installing: /home/sdfr-ppd-16/ros2_ws/install/relbot_msgs/include/relbot_msgs/relbot_msgs/msg/detail/relbot_motors_stamped__traits.hpp
-- Installing: /home/sdfr-ppd-16/ros2_ws/install/relbot_msgs/include/relbot_msgs/relbot_msgs/msg/detail/relbot_motors__type_support.hpp
-- Installing: /home/sdfr-ppd-16/ros2_ws/install/relbot_msgs/include/relbot_msgs/relbot_msgs/msg/detail/relbot_motors__traits.hpp
-- Installing: /home/sdfr-ppd-16/ros2_ws/install/relbot_msgs/include/relbot_msgs/relbot_msgs/msg/detail/relbot_motors_stamped__builder.hpp
-- Installing: /home/sdfr-ppd-16/ros2_ws/install/relbot_msgs/include/relbot_msgs/relbot_msgs/msg/detail/relbot_motors__builder.hpp
-- Installing: /home/sdfr-ppd-16/ros2_ws/install/relbot_msgs/include/relbot_msgs/relbot_msgs/msg/detail/relbot_motors__struct.hpp
-- Installing: /home/sdfr-ppd-16/ros2_ws/install/relbot_msgs/include/relbot_msgs/relbot_msgs/msg/rosidl_generator_cpp__visibility_control.hpp
-- Installing: /home/sdfr-ppd-16/ros2_ws/install/relbot_msgs/include/relbot_msgs/relbot_msgs/msg/relbot_motors.hpp
-- Up-to-date: /home/sdfr-ppd-16/ros2_ws/install/relbot_msgs/include/relbot_msgs/relbot_msgs
-- Up-to-date: /home/sdfr-ppd-16/ros2_ws/install/relbot_msgs/include/relbot_msgs/relbot_msgs/msg
-- Up-to-date: /home/sdfr-ppd-16/ros2_ws/install/relbot_msgs/include/relbot_msgs/relbot_msgs/msg/detail
-- Installing: /home/sdfr-ppd-16/ros2_ws/install/relbot_msgs/include/relbot_msgs/relbot_msgs/msg/detail/dds_fastrtps
-- Installing: /home/sdfr-ppd-16/ros2_ws/install/relbot_msgs/include/relbot_msgs/relbot_msgs/msg/detail/relbot_motors_stamped__rosidl_typesupport_fastrtps_cpp.hpp
-- Installing: /home/sdfr-ppd-16/ros2_ws/install/relbot_msgs/include/relbot_msgs/relbot_msgs/msg/detail/relbot_motors__rosidl_typesupport_fastrtps_cpp.hpp
-- Installing: /home/sdfr-ppd-16/ros2_ws/install/relbot_msgs/include/relbot_msgs/relbot_msgs/msg/rosidl_typesupport_fastrtps_cpp__visibility_control.h
-- Installing: /home/sdfr-ppd-16/ros2_ws/install/relbot_msgs/lib/librelbot_msgs__rosidl_typesupport_fastrtps_cpp.so
-- Set runtime path of "/home/sdfr-ppd-16/ros2_ws/install/relbot_msgs/lib/librelbot_msgs__rosidl_typesupport_fastrtps_cpp.so" to ""
-- Up-to-date: /home/sdfr-ppd-16/ros2_ws/install/relbot_msgs/include/relbot_msgs/relbot_msgs
-- Up-to-date: /home/sdfr-ppd-16/ros2_ws/install/relbot_msgs/include/relbot_msgs/relbot_msgs/msg
-- Up-to-date: /home/sdfr-ppd-16/ros2_ws/install/relbot_msgs/include/relbot_msgs/relbot_msgs/msg/detail
-- Installing: /home/sdfr-ppd-16/ros2_ws/install/relbot_msgs/include/relbot_msgs/relbot_msgs/msg/detail/relbot_motors_stamped__type_support.cpp
-- Installing: /home/sdfr-ppd-16/ros2_ws/install/relbot_msgs/include/relbot_msgs/relbot_msgs/msg/detail/relbot_motors__type_support.cpp
-- Installing: /home/sdfr-ppd-16/ros2_ws/install/relbot_msgs/include/relbot_msgs/relbot_msgs/msg/detail/relbot_motors__rosidl_typesupport_introspection_cpp.hpp
-- Installing: /home/sdfr-ppd-16/ros2_ws/install/relbot_msgs/include/relbot_msgs/relbot_msgs/msg/detail/relbot_motors_stamped__rosidl_typesupport_introspection_cpp.hpp
-- Installing: /home/sdfr-ppd-16/ros2_ws/install/relbot_msgs/lib/librelbot_msgs__rosidl_typesupport_introspection_cpp.so
-- Set runtime path of "/home/sdfr-ppd-16/ros2_ws/install/relbot_msgs/lib/librelbot_msgs__rosidl_typesupport_introspection_cpp.so" to ""
-- Installing: /home/sdfr-ppd-16/ros2_ws/install/relbot_msgs/lib/librelbot_msgs__rosidl_typesupport_cpp.so
-- Set runtime path of "/home/sdfr-ppd-16/ros2_ws/install/relbot_msgs/lib/librelbot_msgs__rosidl_typesupport_cpp.so" to ""
-- Installing: /home/sdfr-ppd-16/ros2_ws/install/relbot_msgs/share/relbot_msgs/environment/pythonpath.sh
-- Installing: /home/sdfr-ppd-16/ros2_ws/install/relbot_msgs/share/relbot_msgs/environment/pythonpath.dsv
-- Up-to-date: /home/sdfr-ppd-16/ros2_ws/install/relbot_msgs/local/lib/python3.10/dist-packages/relbot_msgs-2025.2.0-py3.10.egg-info
-- Installing: /home/sdfr-ppd-16/ros2_ws/install/relbot_msgs/local/lib/python3.10/dist-packages/relbot_msgs-2025.2.0-py3.10.egg-info/dependency_links.txt
-- Installing: /home/sdfr-ppd-16/ros2_ws/install/relbot_msgs/local/lib/python3.10/dist-packages/relbot_msgs-2025.2.0-py3.10.egg-info/PKG-INFO
-- Installing: /home/sdfr-ppd-16/ros2_ws/install/relbot_msgs/local/lib/python3.10/dist-packages/relbot_msgs-2025.2.0-py3.10.egg-info/SOURCES.txt
-- Installing: /home/sdfr-ppd-16/ros2_ws/install/relbot_msgs/local/lib/python3.10/dist-packages/relbot_msgs-2025.2.0-py3.10.egg-info/top_level.txt
-- Up-to-date: /home/sdfr-ppd-16/ros2_ws/install/relbot_msgs/local/lib/python3.10/dist-packages/relbot_msgs
-- Installing: /home/sdfr-ppd-16/ros2_ws/install/relbot_msgs/local/lib/python3.10/dist-packages/relbot_msgs/relbot_msgs_s__rosidl_typesupport_c.cpython-310-x86_64-linux-gnu.so
-- Installing: /home/sdfr-ppd-16/ros2_ws/install/relbot_msgs/local/lib/python3.10/dist-packages/relbot_msgs/relbot_msgs_s__rosidl_typesupport_introspection_c.cpython-310-x86_64-linux-gnu.so
-- Installing: /home/sdfr-ppd-16/ros2_ws/install/relbot_msgs/local/lib/python3.10/dist-packages/relbot_msgs/_relbot_msgs_s.ep.rosidl_typesupport_fastrtps_c.c
-- Installing: /home/sdfr-ppd-16/ros2_ws/install/relbot_msgs/local/lib/python3.10/dist-packages/relbot_msgs/_relbot_msgs_s.ep.rosidl_typesupport_c.c
-- Installing: /home/sdfr-ppd-16/ros2_ws/install/relbot_msgs/local/lib/python3.10/dist-packages/relbot_msgs/relbot_msgs_s__rosidl_typesupport_introspection_c.cpython-310-aarch64-linux-gnu.so
-- Up-to-date: /home/sdfr-ppd-16/ros2_ws/install/relbot_msgs/local/lib/python3.10/dist-packages/relbot_msgs/msg
-- Installing: /home/sdfr-ppd-16/ros2_ws/install/relbot_msgs/local/lib/python3.10/dist-packages/relbot_msgs/msg/_relbot_motors_s.c
-- Installing: /home/sdfr-ppd-16/ros2_ws/install/relbot_msgs/local/lib/python3.10/dist-packages/relbot_msgs/msg/_relbot_motors_stamped_s.c
-- Installing: /home/sdfr-ppd-16/ros2_ws/install/relbot_msgs/local/lib/python3.10/dist-packages/relbot_msgs/msg/__init__.py
-- Installing: /home/sdfr-ppd-16/ros2_ws/install/relbot_msgs/local/lib/python3.10/dist-packages/relbot_msgs/msg/_relbot_motors_stamped.py
-- Installing: /home/sdfr-ppd-16/ros2_ws/install/relbot_msgs/local/lib/python3.10/dist-packages/relbot_msgs/msg/_relbot_motors.py
-- Installing: /home/sdfr-ppd-16/ros2_ws/install/relbot_msgs/local/lib/python3.10/dist-packages/relbot_msgs/librelbot_msgs__rosidl_generator_py.so
-- Installing: /home/sdfr-ppd-16/ros2_ws/install/relbot_msgs/local/lib/python3.10/dist-packages/relbot_msgs/relbot_msgs_s__rosidl_typesupport_fastrtps_c.cpython-310-x86_64-linux-gnu.so
-- Installing: /home/sdfr-ppd-16/ros2_ws/install/relbot_msgs/local/lib/python3.10/dist-packages/relbot_msgs/__init__.py
-- Installing: /home/sdfr-ppd-16/ros2_ws/install/relbot_msgs/local/lib/python3.10/dist-packages/relbot_msgs/relbot_msgs_s__rosidl_typesupport_fastrtps_c.cpython-310-aarch64-linux-gnu.so
-- Installing: /home/sdfr-ppd-16/ros2_ws/install/relbot_msgs/local/lib/python3.10/dist-packages/relbot_msgs/relbot_msgs_s__rosidl_typesupport_c.cpython-310-aarch64-linux-gnu.so
-- Installing: /home/sdfr-ppd-16/ros2_ws/install/relbot_msgs/local/lib/python3.10/dist-packages/relbot_msgs/_relbot_msgs_s.ep.rosidl_typesupport_introspection_c.c
Listing '/home/sdfr-ppd-16/ros2_ws/install/relbot_msgs/local/lib/python3.10/dist-packages/relbot_msgs'...
Compiling '/home/sdfr-ppd-16/ros2_ws/install/relbot_msgs/local/lib/python3.10/dist-packages/relbot_msgs/__init__.py'...
Listing '/home/sdfr-ppd-16/ros2_ws/install/relbot_msgs/local/lib/python3.10/dist-packages/relbot_msgs/msg'...
Compiling '/home/sdfr-ppd-16/ros2_ws/install/relbot_msgs/local/lib/python3.10/dist-packages/relbot_msgs/msg/__init__.py'...
Compiling '/home/sdfr-ppd-16/ros2_ws/install/relbot_msgs/local/lib/python3.10/dist-packages/relbot_msgs/msg/_relbot_motors.py'...
Compiling '/home/sdfr-ppd-16/ros2_ws/install/relbot_msgs/local/lib/python3.10/dist-packages/relbot_msgs/msg/_relbot_motors_stamped.py'...
-- Installing: /home/sdfr-ppd-16/ros2_ws/install/relbot_msgs/local/lib/python3.10/dist-packages/relbot_msgs/relbot_msgs_s__rosidl_typesupport_fastrtps_c.cpython-310-aarch64-linux-gnu.so
-- Set runtime path of "/home/sdfr-ppd-16/ros2_ws/install/relbot_msgs/local/lib/python3.10/dist-packages/relbot_msgs/relbot_msgs_s__rosidl_typesupport_fastrtps_c.cpython-310-aarch64-linux-gnu.so" to ""
-- Installing: /home/sdfr-ppd-16/ros2_ws/install/relbot_msgs/local/lib/python3.10/dist-packages/relbot_msgs/relbot_msgs_s__rosidl_typesupport_introspection_c.cpython-310-aarch64-linux-gnu.so
-- Set runtime path of "/home/sdfr-ppd-16/ros2_ws/install/relbot_msgs/local/lib/python3.10/dist-packages/relbot_msgs/relbot_msgs_s__rosidl_typesupport_introspection_c.cpython-310-aarch64-linux-gnu.so" to ""
-- Installing: /home/sdfr-ppd-16/ros2_ws/install/relbot_msgs/local/lib/python3.10/dist-packages/relbot_msgs/relbot_msgs_s__rosidl_typesupport_c.cpython-310-aarch64-linux-gnu.so
-- Set runtime path of "/home/sdfr-ppd-16/ros2_ws/install/relbot_msgs/local/lib/python3.10/dist-packages/relbot_msgs/relbot_msgs_s__rosidl_typesupport_c.cpython-310-aarch64-linux-gnu.so" to ""
-- Installing: /home/sdfr-ppd-16/ros2_ws/install/relbot_msgs/lib/librelbot_msgs__rosidl_generator_py.so
-- Set runtime path of "/home/sdfr-ppd-16/ros2_ws/install/relbot_msgs/lib/librelbot_msgs__rosidl_generator_py.so" to ""
-- Installing: /home/sdfr-ppd-16/ros2_ws/install/relbot_msgs/share/relbot_msgs/msg/RelbotMotors.idl
-- Installing: /home/sdfr-ppd-16/ros2_ws/install/relbot_msgs/share/relbot_msgs/msg/RelbotMotorsStamped.idl
-- Installing: /home/sdfr-ppd-16/ros2_ws/install/relbot_msgs/share/relbot_msgs/msg/RelbotMotors.msg
-- Installing: /home/sdfr-ppd-16/ros2_ws/install/relbot_msgs/share/relbot_msgs/msg/RelbotMotorsStamped.msg
-- Installing: /home/sdfr-ppd-16/ros2_ws/install/relbot_msgs/share/ament_index/resource_index/package_run_dependencies/relbot_msgs
-- Installing: /home/sdfr-ppd-16/ros2_ws/install/relbot_msgs/share/ament_index/resource_index/parent_prefix_path/relbot_msgs
-- Installing: /home/sdfr-ppd-16/ros2_ws/install/relbot_msgs/share/relbot_msgs/environment/ament_prefix_path.sh
-- Installing: /home/sdfr-ppd-16/ros2_ws/install/relbot_msgs/share/relbot_msgs/environment/ament_prefix_path.dsv
-- Installing: /home/sdfr-ppd-16/ros2_ws/install/relbot_msgs/share/relbot_msgs/environment/path.sh
-- Installing: /home/sdfr-ppd-16/ros2_ws/install/relbot_msgs/share/relbot_msgs/environment/path.dsv
-- Installing: /home/sdfr-ppd-16/ros2_ws/install/relbot_msgs/share/relbot_msgs/local_setup.bash
-- Installing: /home/sdfr-ppd-16/ros2_ws/install/relbot_msgs/share/relbot_msgs/local_setup.sh
-- Installing: /home/sdfr-ppd-16/ros2_ws/install/relbot_msgs/share/relbot_msgs/local_setup.zsh
-- Installing: /home/sdfr-ppd-16/ros2_ws/install/relbot_msgs/share/relbot_msgs/local_setup.dsv
-- Installing: /home/sdfr-ppd-16/ros2_ws/install/relbot_msgs/share/relbot_msgs/package.dsv
-- Installing: /home/sdfr-ppd-16/ros2_ws/install/relbot_msgs/share/ament_index/resource_index/packages/relbot_msgs
-- Installing: /home/sdfr-ppd-16/ros2_ws/install/relbot_msgs/share/relbot_msgs/cmake/export_relbot_msgs__rosidl_generator_cExport.cmake
-- Installing: /home/sdfr-ppd-16/ros2_ws/install/relbot_msgs/share/relbot_msgs/cmake/export_relbot_msgs__rosidl_generator_cExport-noconfig.cmake
-- Installing: /home/sdfr-ppd-16/ros2_ws/install/relbot_msgs/share/relbot_msgs/cmake/export_relbot_msgs__rosidl_typesupport_fastrtps_cExport.cmake
-- Installing: /home/sdfr-ppd-16/ros2_ws/install/relbot_msgs/share/relbot_msgs/cmake/export_relbot_msgs__rosidl_typesupport_fastrtps_cExport-noconfig.cmake
-- Installing: /home/sdfr-ppd-16/ros2_ws/install/relbot_msgs/share/relbot_msgs/cmake/relbot_msgs__rosidl_typesupport_introspection_cExport.cmake
-- Installing: /home/sdfr-ppd-16/ros2_ws/install/relbot_msgs/share/relbot_msgs/cmake/relbot_msgs__rosidl_typesupport_introspection_cExport-noconfig.cmake
-- Installing: /home/sdfr-ppd-16/ros2_ws/install/relbot_msgs/share/relbot_msgs/cmake/relbot_msgs__rosidl_typesupport_cExport.cmake
-- Installing: /home/sdfr-ppd-16/ros2_ws/install/relbot_msgs/share/relbot_msgs/cmake/relbot_msgs__rosidl_typesupport_cExport-noconfig.cmake
-- Installing: /home/sdfr-ppd-16/ros2_ws/install/relbot_msgs/share/relbot_msgs/cmake/export_relbot_msgs__rosidl_generator_cppExport.cmake
-- Installing: /home/sdfr-ppd-16/ros2_ws/install/relbot_msgs/share/relbot_msgs/cmake/export_relbot_msgs__rosidl_typesupport_fastrtps_cppExport.cmake
-- Installing: /home/sdfr-ppd-16/ros2_ws/install/relbot_msgs/share/relbot_msgs/cmake/export_relbot_msgs__rosidl_typesupport_fastrtps_cppExport-noconfig.cmake
-- Installing: /home/sdfr-ppd-16/ros2_ws/install/relbot_msgs/share/relbot_msgs/cmake/relbot_msgs__rosidl_typesupport_introspection_cppExport.cmake
-- Installing: /home/sdfr-ppd-16/ros2_ws/install/relbot_msgs/share/relbot_msgs/cmake/relbot_msgs__rosidl_typesupport_introspection_cppExport-noconfig.cmake
-- Installing: /home/sdfr-ppd-16/ros2_ws/install/relbot_msgs/share/relbot_msgs/cmake/relbot_msgs__rosidl_typesupport_cppExport.cmake
-- Installing: /home/sdfr-ppd-16/ros2_ws/install/relbot_msgs/share/relbot_msgs/cmake/relbot_msgs__rosidl_typesupport_cppExport-noconfig.cmake
-- Installing: /home/sdfr-ppd-16/ros2_ws/install/relbot_msgs/share/relbot_msgs/cmake/export_relbot_msgs__rosidl_generator_pyExport.cmake
-- Installing: /home/sdfr-ppd-16/ros2_ws/install/relbot_msgs/share/relbot_msgs/cmake/export_relbot_msgs__rosidl_generator_pyExport-noconfig.cmake
-- Installing: /home/sdfr-ppd-16/ros2_ws/install/relbot_msgs/share/relbot_msgs/cmake/rosidl_cmake-extras.cmake
-- Installing: /home/sdfr-ppd-16/ros2_ws/install/relbot_msgs/share/relbot_msgs/cmake/ament_cmake_export_dependencies-extras.cmake
-- Installing: /home/sdfr-ppd-16/ros2_ws/install/relbot_msgs/share/relbot_msgs/cmake/ament_cmake_export_include_directories-extras.cmake
-- Installing: /home/sdfr-ppd-16/ros2_ws/install/relbot_msgs/share/relbot_msgs/cmake/ament_cmake_export_libraries-extras.cmake
-- Installing: /home/sdfr-ppd-16/ros2_ws/install/relbot_msgs/share/relbot_msgs/cmake/ament_cmake_export_targets-extras.cmake
-- Installing: /home/sdfr-ppd-16/ros2_ws/install/relbot_msgs/share/relbot_msgs/cmake/rosidl_cmake_export_typesupport_targets-extras.cmake
-- Installing: /home/sdfr-ppd-16/ros2_ws/install/relbot_msgs/share/relbot_msgs/cmake/rosidl_cmake_export_typesupport_libraries-extras.cmake
-- Installing: /home/sdfr-ppd-16/ros2_ws/install/relbot_msgs/share/relbot_msgs/cmake/relbot_msgsConfig.cmake
-- Installing: /home/sdfr-ppd-16/ros2_ws/install/relbot_msgs/share/relbot_msgs/cmake/relbot_msgsConfig-version.cmake
-- Installing: /home/sdfr-ppd-16/ros2_ws/install/relbot_msgs/share/relbot_msgs/package.xml
