[0.009s] Invoking command in '/home/srik/ros_ubuntu/ros2_ws/build/image_functions_sdfr': CMAKE_PREFIX_PATH=${CMAKE_PREFIX_PATH}:/opt/ros/humble DEBUGINFOD_URLS=https://debuginfod.archlinux.org https://debuginfod.cachyos.org XAUTHLOCALHOSTNAME= /usr/bin/cmake /home/srik/ros_ubuntu/ros2_ws/src/image_functions_sdfr/image_functions_sdfr -DCMAKE_INSTALL_PREFIX=/home/srik/ros_ubuntu/ros2_ws/install/image_functions_sdfr
[0.034s] -- The C compiler identification is GNU 11.4.0
[0.072s] -- The CXX compiler identification is GNU 11.4.0
[0.077s] -- Detecting C compiler ABI info
[0.112s] -- Detecting C compiler ABI info - done
[0.117s] -- Check for working C compiler: /usr/bin/cc - skipped
[0.117s] -- Detecting C compile features
[0.117s] -- Detecting C compile features - done
[0.119s] -- Detecting CXX compiler ABI info
[0.159s] -- Detecting CXX compiler ABI info - done
[0.163s] -- Check for working CXX compiler: /usr/bin/c++ - skipped
[0.163s] -- Detecting CXX compile features
[0.163s] -- Detecting CXX compile features - done
[0.165s] -- Found ament_cmake: 1.3.13 (/opt/ros/humble/share/ament_cmake/cmake)
[0.248s] -- Found Python3: /usr/bin/python3 (found version "3.10.12") found components: Interpreter 
[0.290s] -- Found ament_cmake_ros: 0.10.0 (/opt/ros/humble/share/ament_cmake_ros/cmake)
[0.293s] -- Found rclcpp: 16.0.18 (/opt/ros/humble/share/rclcpp/cmake)
[0.314s] -- Found rosidl_generator_c: 3.1.8 (/opt/ros/humble/share/rosidl_generator_c/cmake)
[0.316s] -- Found rosidl_adapter: 3.1.8 (/opt/ros/humble/share/rosidl_adapter/cmake)
[0.322s] -- Found rosidl_generator_cpp: 3.1.8 (/opt/ros/humble/share/rosidl_generator_cpp/cmake)
[0.331s] -- Using all available rosidl_typesupport_c: rosidl_typesupport_fastrtps_c;rosidl_typesupport_introspection_c
[0.341s] -- Using all available rosidl_typesupport_cpp: rosidl_typesupport_fastrtps_cpp;rosidl_typesupport_introspection_cpp
[0.371s] -- Found rmw_implementation_cmake: 6.1.2 (/opt/ros/humble/share/rmw_implementation_cmake/cmake)
[0.373s] -- Found rmw_fastrtps_cpp: 6.2.10 (/opt/ros/humble/share/rmw_fastrtps_cpp/cmake)
[0.434s] -- Found OpenSSL: /usr/lib/x86_64-linux-gnu/libcrypto.so (found version "3.0.2")  
[0.456s] -- Found FastRTPS: /opt/ros/humble/include  
[0.490s] -- Using RMW implementation 'rmw_fastrtps_cpp' as default
[0.496s] -- Looking for pthread.h
[0.542s] -- Looking for pthread.h - found
[0.542s] -- Performing Test CMAKE_HAVE_LIBC_PTHREAD
[0.592s] -- Performing Test CMAKE_HAVE_LIBC_PTHREAD - Success
[0.593s] -- Found Threads: TRUE  
[0.630s] -- Found sensor_msgs: 4.9.1 (/opt/ros/humble/share/sensor_msgs/cmake)
[0.715s] -- Configuring done
[0.722s] -- Generating done
[0.724s] -- Build files have been written to: /home/srik/ros_ubuntu/ros2_ws/build/image_functions_sdfr
[0.731s] Invoked command in '/home/srik/ros_ubuntu/ros2_ws/build/image_functions_sdfr' returned '0': CMAKE_PREFIX_PATH=${CMAKE_PREFIX_PATH}:/opt/ros/humble DEBUGINFOD_URLS=https://debuginfod.archlinux.org https://debuginfod.cachyos.org XAUTHLOCALHOSTNAME= /usr/bin/cmake /home/srik/ros_ubuntu/ros2_ws/src/image_functions_sdfr/image_functions_sdfr -DCMAKE_INSTALL_PREFIX=/home/srik/ros_ubuntu/ros2_ws/install/image_functions_sdfr
[0.732s] Invoking command in '/home/srik/ros_ubuntu/ros2_ws/build/image_functions_sdfr': CMAKE_PREFIX_PATH=${CMAKE_PREFIX_PATH}:/opt/ros/humble DEBUGINFOD_URLS=https://debuginfod.archlinux.org https://debuginfod.cachyos.org XAUTHLOCALHOSTNAME= /usr/bin/cmake --build /home/srik/ros_ubuntu/ros2_ws/build/image_functions_sdfr -- -j32 -l32
[0.751s] [ 50%] [32mBuilding CXX object CMakeFiles/image_functions.dir/src/image_functions.cpp.o[0m
[2.581s] [100%] [32m[1mLinking CXX shared library libimage_functions.so[0m
[2.635s] [100%] Built target image_functions
[2.639s] Invoked command in '/home/srik/ros_ubuntu/ros2_ws/build/image_functions_sdfr' returned '0': CMAKE_PREFIX_PATH=${CMAKE_PREFIX_PATH}:/opt/ros/humble DEBUGINFOD_URLS=https://debuginfod.archlinux.org https://debuginfod.cachyos.org XAUTHLOCALHOSTNAME= /usr/bin/cmake --build /home/srik/ros_ubuntu/ros2_ws/build/image_functions_sdfr -- -j32 -l32
[2.641s] Invoking command in '/home/srik/ros_ubuntu/ros2_ws/build/image_functions_sdfr': CMAKE_PREFIX_PATH=${CMAKE_PREFIX_PATH}:/opt/ros/humble DEBUGINFOD_URLS=https://debuginfod.archlinux.org https://debuginfod.cachyos.org XAUTHLOCALHOSTNAME= /usr/bin/cmake --install /home/srik/ros_ubuntu/ros2_ws/build/image_functions_sdfr
[2.643s] -- Install configuration: ""
[2.643s] -- Installing: /home/srik/ros_ubuntu/ros2_ws/install/image_functions_sdfr/include
[2.643s] -- Installing: /home/srik/ros_ubuntu/ros2_ws/install/image_functions_sdfr/include/image_functions_sdfr
[2.643s] -- Installing: /home/srik/ros_ubuntu/ros2_ws/install/image_functions_sdfr/include/image_functions_sdfr/image_functions.hpp
[2.643s] -- Installing: /home/srik/ros_ubuntu/ros2_ws/install/image_functions_sdfr/include/image_functions_sdfr/visibility_control.h
[2.643s] -- Installing: /home/srik/ros_ubuntu/ros2_ws/install/image_functions_sdfr/lib/libimage_functions.so
[2.645s] -- Set runtime path of "/home/srik/ros_ubuntu/ros2_ws/install/image_functions_sdfr/lib/libimage_functions.so" to ""
[2.645s] -- Installing: /home/srik/ros_ubuntu/ros2_ws/install/image_functions_sdfr/share/image_functions_sdfr/environment/library_path.sh
[2.645s] -- Installing: /home/srik/ros_ubuntu/ros2_ws/install/image_functions_sdfr/share/image_functions_sdfr/environment/library_path.dsv
[2.645s] -- Installing: /home/srik/ros_ubuntu/ros2_ws/install/image_functions_sdfr/share/ament_index/resource_index/package_run_dependencies/image_functions_sdfr
[2.645s] -- Installing: /home/srik/ros_ubuntu/ros2_ws/install/image_functions_sdfr/share/ament_index/resource_index/parent_prefix_path/image_functions_sdfr
[2.645s] -- Installing: /home/srik/ros_ubuntu/ros2_ws/install/image_functions_sdfr/share/image_functions_sdfr/environment/ament_prefix_path.sh
[2.645s] -- Installing: /home/srik/ros_ubuntu/ros2_ws/install/image_functions_sdfr/share/image_functions_sdfr/environment/ament_prefix_path.dsv
[2.645s] -- Installing: /home/srik/ros_ubuntu/ros2_ws/install/image_functions_sdfr/share/image_functions_sdfr/environment/path.sh
[2.646s] -- Installing: /home/srik/ros_ubuntu/ros2_ws/install/image_functions_sdfr/share/image_functions_sdfr/environment/path.dsv
[2.646s] -- Installing: /home/srik/ros_ubuntu/ros2_ws/install/image_functions_sdfr/share/image_functions_sdfr/local_setup.bash
[2.646s] -- Installing: /home/srik/ros_ubuntu/ros2_ws/install/image_functions_sdfr/share/image_functions_sdfr/local_setup.sh
[2.646s] -- Installing: /home/srik/ros_ubuntu/ros2_ws/install/image_functions_sdfr/share/image_functions_sdfr/local_setup.zsh
[2.646s] -- Installing: /home/srik/ros_ubuntu/ros2_ws/install/image_functions_sdfr/share/image_functions_sdfr/local_setup.dsv
[2.646s] -- Installing: /home/srik/ros_ubuntu/ros2_ws/install/image_functions_sdfr/share/image_functions_sdfr/package.dsv
[2.646s] -- Installing: /home/srik/ros_ubuntu/ros2_ws/install/image_functions_sdfr/share/ament_index/resource_index/packages/image_functions_sdfr
[2.646s] -- Installing: /home/srik/ros_ubuntu/ros2_ws/install/image_functions_sdfr/share/image_functions_sdfr/cmake/export_image_functions_sdfrExport.cmake
[2.646s] -- Installing: /home/srik/ros_ubuntu/ros2_ws/install/image_functions_sdfr/share/image_functions_sdfr/cmake/export_image_functions_sdfrExport-noconfig.cmake
[2.646s] -- Installing: /home/srik/ros_ubuntu/ros2_ws/install/image_functions_sdfr/share/image_functions_sdfr/cmake/ament_cmake_export_include_directories-extras.cmake
[2.646s] -- Installing: /home/srik/ros_ubuntu/ros2_ws/install/image_functions_sdfr/share/image_functions_sdfr/cmake/ament_cmake_export_libraries-extras.cmake
[2.646s] -- Installing: /home/srik/ros_ubuntu/ros2_ws/install/image_functions_sdfr/share/image_functions_sdfr/cmake/ament_cmake_export_targets-extras.cmake
[2.647s] -- Installing: /home/srik/ros_ubuntu/ros2_ws/install/image_functions_sdfr/share/image_functions_sdfr/cmake/ament_cmake_export_dependencies-extras.cmake
[2.647s] -- Installing: /home/srik/ros_ubuntu/ros2_ws/install/image_functions_sdfr/share/image_functions_sdfr/cmake/image_functions_sdfrConfig.cmake
[2.647s] -- Installing: /home/srik/ros_ubuntu/ros2_ws/install/image_functions_sdfr/share/image_functions_sdfr/cmake/image_functions_sdfrConfig-version.cmake
[2.647s] -- Installing: /home/srik/ros_ubuntu/ros2_ws/install/image_functions_sdfr/share/image_functions_sdfr/package.xml
[2.648s] Invoked command in '/home/srik/ros_ubuntu/ros2_ws/build/image_functions_sdfr' returned '0': CMAKE_PREFIX_PATH=${CMAKE_PREFIX_PATH}:/opt/ros/humble DEBUGINFOD_URLS=https://debuginfod.archlinux.org https://debuginfod.cachyos.org XAUTHLOCALHOSTNAME= /usr/bin/cmake --install /home/srik/ros_ubuntu/ros2_ws/build/image_functions_sdfr
