[0.009s] Invoking command in '/home/raghav742/SDfR/Assignments/assignment5/ros2_ws/src/build/relbot_launch': /usr/bin/cmake /home/raghav742/SDfR/Assignments/assignment5/ros2_ws/src/relbot_launch/relbot_launch -DCMAKE_INSTALL_PREFIX=/home/raghav742/SDfR/Assignments/assignment5/ros2_ws/src/install/relbot_launch
[0.133s] -- The C compiler identification is GNU 11.4.0
[0.212s] -- The CXX compiler identification is GNU 11.4.0
[0.218s] -- Detecting C compiler ABI info
[0.277s] -- Detecting C compiler ABI info - done
[0.288s] -- Check for working C compiler: /usr/bin/cc - skipped
[0.288s] -- Detecting C compile features
[0.289s] -- Detecting C compile features - done
[0.292s] -- Detecting CXX compiler ABI info
[0.350s] -- Detecting CXX compiler ABI info - done
[0.360s] -- Check for working CXX compiler: /usr/bin/c++ - skipped
[0.361s] -- Detecting CXX compile features
[0.361s] -- Detecting CXX compile features - done
[0.372s] [31mCMake Error at CMakeLists.txt:9 (find_package):
[0.373s]   By not providing "Findament_cmake.cmake" in CMAKE_MODULE_PATH this project
[0.373s]   has asked CMake to find a package configuration file provided by
[0.373s]   "ament_cmake", but CMake did not find one.
[0.373s] 
[0.373s]   Could not find a package configuration file provided by "ament_cmake" with
[0.373s]   any of the following names:
[0.373s] 
[0.373s]     ament_cmakeConfig.cmake
[0.373s]     ament_cmake-config.cmake
[0.373s] 
[0.373s]   Add the installation prefix of "ament_cmake" to CMAKE_PREFIX_PATH or set
[0.374s]   "ament_cmake_DIR" to a directory containing one of the above files.  If
[0.374s]   "ament_cmake" provides a separate development package or SDK, be sure it
[0.374s]   has been installed.
[0.374s] 
[0.374s] [0m
[0.374s] -- Configuring incomplete, errors occurred!
[0.374s] See also "/home/raghav742/SDfR/Assignments/assignment5/ros2_ws/src/build/relbot_launch/CMakeFiles/CMakeOutput.log".
