[100%] Built target relbot_simulator
-- Install configuration: ""
-- Up-to-date: /home/raghav742/SDfR/Assignments/assignment5/ros2_ws/src/install/relbot_simulator/lib/relbot_simulator/relbot_simulator
-- Up-to-date: /home/raghav742/SDfR/Assignments/assignment5/ros2_ws/src/install/relbot_simulator/include
-- Up-to-date: /home/raghav742/SDfR/Assignments/assignment5/ros2_ws/src/install/relbot_simulator/include/MotionProfiles.cpp
-- Up-to-date: /home/raghav742/SDfR/Assignments/assignment5/ros2_ws/src/install/relbot_simulator/include/xxinteg.h
-- Up-to-date: /home/raghav742/SDfR/Assignments/assignment5/ros2_ws/src/install/relbot_simulator/include/xxinteg.cpp
-- Up-to-date: /home/raghav742/SDfR/Assignments/assignment5/ros2_ws/src/install/relbot_simulator/include/xxinverse.cpp
-- Up-to-date: /home/raghav742/SDfR/Assignments/assignment5/ros2_ws/src/install/relbot_simulator/include/xxmatrix.cpp
-- Up-to-date: /home/raghav742/SDfR/Assignments/assignment5/ros2_ws/src/install/relbot_simulator/include/xxmodel.h
-- Up-to-date: /home/raghav742/SDfR/Assignments/assignment5/ros2_ws/src/install/relbot_simulator/include/xxtypes.h
-- Up-to-date: /home/raghav742/SDfR/Assignments/assignment5/ros2_ws/src/install/relbot_simulator/include/EulerAngles.cpp
-- Up-to-date: /home/raghav742/SDfR/Assignments/assignment5/ros2_ws/src/install/relbot_simulator/include/xxmatrix.h
-- Up-to-date: /home/raghav742/SDfR/Assignments/assignment5/ros2_ws/src/install/relbot_simulator/include/EulerAngles.h
-- Up-to-date: /home/raghav742/SDfR/Assignments/assignment5/ros2_ws/src/install/relbot_simulator/include/MotionProfiles.h
-- Up-to-date: /home/raghav742/SDfR/Assignments/assignment5/ros2_ws/src/install/relbot_simulator/include/xxfuncs.h
-- Up-to-date: /home/raghav742/SDfR/Assignments/assignment5/ros2_ws/src/install/relbot_simulator/include/xxinverse.h
-- Up-to-date: /home/raghav742/SDfR/Assignments/assignment5/ros2_ws/src/install/relbot_simulator/include/xxfuncs.cpp
-- Up-to-date: /home/raghav742/SDfR/Assignments/assignment5/ros2_ws/src/install/relbot_simulator/share/ament_index/resource_index/package_run_dependencies/relbot_simulator
-- Up-to-date: /home/raghav742/SDfR/Assignments/assignment5/ros2_ws/src/install/relbot_simulator/share/ament_index/resource_index/parent_prefix_path/relbot_simulator
-- Up-to-date: /home/raghav742/SDfR/Assignments/assignment5/ros2_ws/src/install/relbot_simulator/share/relbot_simulator/environment/ament_prefix_path.sh
-- Up-to-date: /home/raghav742/SDfR/Assignments/assignment5/ros2_ws/src/install/relbot_simulator/share/relbot_simulator/environment/ament_prefix_path.dsv
-- Up-to-date: /home/raghav742/SDfR/Assignments/assignment5/ros2_ws/src/install/relbot_simulator/share/relbot_simulator/environment/path.sh
-- Up-to-date: /home/raghav742/SDfR/Assignments/assignment5/ros2_ws/src/install/relbot_simulator/share/relbot_simulator/environment/path.dsv
-- Up-to-date: /home/raghav742/SDfR/Assignments/assignment5/ros2_ws/src/install/relbot_simulator/share/relbot_simulator/local_setup.bash
-- Up-to-date: /home/raghav742/SDfR/Assignments/assignment5/ros2_ws/src/install/relbot_simulator/share/relbot_simulator/local_setup.sh
-- Up-to-date: /home/raghav742/SDfR/Assignments/assignment5/ros2_ws/src/install/relbot_simulator/share/relbot_simulator/local_setup.zsh
-- Up-to-date: /home/raghav742/SDfR/Assignments/assignment5/ros2_ws/src/install/relbot_simulator/share/relbot_simulator/local_setup.dsv
-- Installing: /home/raghav742/SDfR/Assignments/assignment5/ros2_ws/src/install/relbot_simulator/share/relbot_simulator/package.dsv
-- Up-to-date: /home/raghav742/SDfR/Assignments/assignment5/ros2_ws/src/install/relbot_simulator/share/ament_index/resource_index/packages/relbot_simulator
-- Up-to-date: /home/raghav742/SDfR/Assignments/assignment5/ros2_ws/src/install/relbot_simulator/share/relbot_simulator/cmake/relbot_simulatorConfig.cmake
-- Up-to-date: /home/raghav742/SDfR/Assignments/assignment5/ros2_ws/src/install/relbot_simulator/share/relbot_simulator/cmake/relbot_simulatorConfig-version.cmake
-- Up-to-date: /home/raghav742/SDfR/Assignments/assignment5/ros2_ws/src/install/relbot_simulator/share/relbot_simulator/package.xml
