[0.015s] Invoking command in '/home/raghav742/SDfR/Assignments/assignment6/ros2_ws/build/xrf2_msgs': CMAKE_PREFIX_PATH=${CMAKE_PREFIX_PATH}:/opt/ros/humble /usr/bin/cmake --build /home/raghav742/SDfR/Assignments/assignment6/ros2_ws/build/xrf2_msgs -- -j8 -l8
[0.070s] [35m[1mConsolidate compiler generated dependencies of target xrf2_msgs__rosidl_generator_c[0m
[0.079s] [  2%] Built target xrf2_msgs__cpp
[0.087s] [ 12%] Built target xrf2_msgs__rosidl_generator_c
[0.089s] [ 15%] Built target xrf2_msgs__rs
[0.092s] [35m[1mConsolidate compiler generated dependencies of target xrf2_msgs__rosidl_typesupport_introspection_cpp[0m
[0.099s] [35m[1mConsolidate compiler generated dependencies of target xrf2_msgs__rosidl_typesupport_cpp[0m
[0.100s] [35m[1mConsolidate compiler generated dependencies of target xrf2_msgs__rosidl_typesupport_fastrtps_cpp[0m
[0.110s] [ 15%] Built target ament_cmake_python_copy_xrf2_msgs
[0.111s] [35m[1mConsolidate compiler generated dependencies of target xrf2_msgs__rosidl_typesupport_fastrtps_c[0m
[0.119s] [ 25%] Built target xrf2_msgs__rosidl_typesupport_introspection_cpp
[0.119s] [ 35%] Built target xrf2_msgs__rosidl_typesupport_cpp
[0.122s] [35m[1mConsolidate compiler generated dependencies of target xrf2_msgs__rosidl_typesupport_c[0m
[0.125s] [ 45%] Built target xrf2_msgs__rosidl_typesupport_fastrtps_cpp
[0.130s] [ 55%] Built target xrf2_msgs__rosidl_typesupport_fastrtps_c
[0.131s] [35m[1mConsolidate compiler generated dependencies of target xrf2_msgs__rosidl_typesupport_introspection_c[0m
[0.134s] [ 65%] Built target xrf2_msgs__rosidl_typesupport_c
[0.141s] [ 75%] Built target xrf2_msgs__rosidl_typesupport_introspection_c
[0.160s] [ 75%] Built target xrf2_msgs
[0.174s] [ 77%] Built target xrf2_msgs__py
[0.183s] [35m[1mConsolidate compiler generated dependencies of target xrf2_msgs__rosidl_generator_py[0m
[0.196s] [ 85%] Built target xrf2_msgs__rosidl_generator_py
[0.207s] [35m[1mConsolidate compiler generated dependencies of target xrf2_msgs__rosidl_typesupport_fastrtps_c__pyext[0m
[0.210s] [35m[1mConsolidate compiler generated dependencies of target xrf2_msgs__rosidl_typesupport_c__pyext[0m
[0.213s] [35m[1mConsolidate compiler generated dependencies of target xrf2_msgs__rosidl_typesupport_introspection_c__pyext[0m
[0.223s] [ 90%] Built target xrf2_msgs__rosidl_typesupport_fastrtps_c__pyext
[0.225s] [ 95%] Built target xrf2_msgs__rosidl_typesupport_c__pyext
[0.228s] [100%] Built target xrf2_msgs__rosidl_typesupport_introspection_c__pyext
[0.366s] running egg_info
[0.366s] writing xrf2_msgs.egg-info/PKG-INFO
[0.367s] writing dependency_links to xrf2_msgs.egg-info/dependency_links.txt
[0.367s] writing top-level names to xrf2_msgs.egg-info/top_level.txt
[0.369s] reading manifest file 'xrf2_msgs.egg-info/SOURCES.txt'
[0.369s] writing manifest file 'xrf2_msgs.egg-info/SOURCES.txt'
[0.389s] [100%] Built target ament_cmake_python_build_xrf2_msgs_egg
[0.396s] Invoked command in '/home/raghav742/SDfR/Assignments/assignment6/ros2_ws/build/xrf2_msgs' returned '0': CMAKE_PREFIX_PATH=${CMAKE_PREFIX_PATH}:/opt/ros/humble /usr/bin/cmake --build /home/raghav742/SDfR/Assignments/assignment6/ros2_ws/build/xrf2_msgs -- -j8 -l8
[0.396s] Invoking command in '/home/raghav742/SDfR/Assignments/assignment6/ros2_ws/build/xrf2_msgs': CMAKE_PREFIX_PATH=${CMAKE_PREFIX_PATH}:/opt/ros/humble /usr/bin/cmake --install /home/raghav742/SDfR/Assignments/assignment6/ros2_ws/build/xrf2_msgs
[0.402s] -- Install configuration: ""
[0.402s] -- Up-to-date: /home/raghav742/SDfR/Assignments/assignment6/ros2_ws/install/xrf2_msgs/share/ament_index/resource_index/rosidl_interfaces/xrf2_msgs
[0.402s] -- Up-to-date: /home/raghav742/SDfR/Assignments/assignment6/ros2_ws/install/xrf2_msgs/include/xrf2_msgs/xrf2_msgs
[0.402s] -- Up-to-date: /home/raghav742/SDfR/Assignments/assignment6/ros2_ws/install/xrf2_msgs/include/xrf2_msgs/xrf2_msgs/msg
[0.402s] -- Up-to-date: /home/raghav742/SDfR/Assignments/assignment6/ros2_ws/install/xrf2_msgs/include/xrf2_msgs/xrf2_msgs/msg/xeno2_ros.h
[0.402s] -- Up-to-date: /home/raghav742/SDfR/Assignments/assignment6/ros2_ws/install/xrf2_msgs/include/xrf2_msgs/xrf2_msgs/msg/ros2_xeno.h
[0.402s] -- Up-to-date: /home/raghav742/SDfR/Assignments/assignment6/ros2_ws/install/xrf2_msgs/include/xrf2_msgs/xrf2_msgs/msg/rosidl_generator_c__visibility_control.h
[0.402s] -- Up-to-date: /home/raghav742/SDfR/Assignments/assignment6/ros2_ws/install/xrf2_msgs/include/xrf2_msgs/xrf2_msgs/msg/detail
[0.402s] -- Up-to-date: /home/raghav742/SDfR/Assignments/assignment6/ros2_ws/install/xrf2_msgs/include/xrf2_msgs/xrf2_msgs/msg/detail/xeno2_ros__struct.h
[0.403s] -- Up-to-date: /home/raghav742/SDfR/Assignments/assignment6/ros2_ws/install/xrf2_msgs/include/xrf2_msgs/xrf2_msgs/msg/detail/ros2_xeno__functions.h
[0.403s] -- Up-to-date: /home/raghav742/SDfR/Assignments/assignment6/ros2_ws/install/xrf2_msgs/include/xrf2_msgs/xrf2_msgs/msg/detail/ros2_xeno__type_support.h
[0.403s] -- Up-to-date: /home/raghav742/SDfR/Assignments/assignment6/ros2_ws/install/xrf2_msgs/include/xrf2_msgs/xrf2_msgs/msg/detail/xeno2_ros__type_support.h
[0.403s] -- Up-to-date: /home/raghav742/SDfR/Assignments/assignment6/ros2_ws/install/xrf2_msgs/include/xrf2_msgs/xrf2_msgs/msg/detail/xeno2_ros__functions.h
[0.403s] -- Up-to-date: /home/raghav742/SDfR/Assignments/assignment6/ros2_ws/install/xrf2_msgs/include/xrf2_msgs/xrf2_msgs/msg/detail/ros2_xeno__functions.c
[0.403s] -- Up-to-date: /home/raghav742/SDfR/Assignments/assignment6/ros2_ws/install/xrf2_msgs/include/xrf2_msgs/xrf2_msgs/msg/detail/xeno2_ros__functions.c
[0.403s] -- Up-to-date: /home/raghav742/SDfR/Assignments/assignment6/ros2_ws/install/xrf2_msgs/include/xrf2_msgs/xrf2_msgs/msg/detail/ros2_xeno__struct.h
[0.403s] -- Up-to-date: /home/raghav742/SDfR/Assignments/assignment6/ros2_ws/install/xrf2_msgs/share/xrf2_msgs/environment/library_path.sh
[0.403s] -- Up-to-date: /home/raghav742/SDfR/Assignments/assignment6/ros2_ws/install/xrf2_msgs/share/xrf2_msgs/environment/library_path.dsv
[0.403s] -- Up-to-date: /home/raghav742/SDfR/Assignments/assignment6/ros2_ws/install/xrf2_msgs/lib/libxrf2_msgs__rosidl_generator_c.so
[0.405s] -- Up-to-date: /home/raghav742/SDfR/Assignments/assignment6/ros2_ws/install/xrf2_msgs/include/xrf2_msgs/xrf2_msgs
[0.405s] -- Up-to-date: /home/raghav742/SDfR/Assignments/assignment6/ros2_ws/install/xrf2_msgs/include/xrf2_msgs/xrf2_msgs/msg
[0.405s] -- Up-to-date: /home/raghav742/SDfR/Assignments/assignment6/ros2_ws/install/xrf2_msgs/include/xrf2_msgs/xrf2_msgs/msg/rosidl_typesupport_fastrtps_c__visibility_control.h
[0.405s] -- Up-to-date: /home/raghav742/SDfR/Assignments/assignment6/ros2_ws/install/xrf2_msgs/include/xrf2_msgs/xrf2_msgs/msg/detail
[0.405s] -- Up-to-date: /home/raghav742/SDfR/Assignments/assignment6/ros2_ws/install/xrf2_msgs/include/xrf2_msgs/xrf2_msgs/msg/detail/ros2_xeno__rosidl_typesupport_fastrtps_c.h
[0.405s] -- Up-to-date: /home/raghav742/SDfR/Assignments/assignment6/ros2_ws/install/xrf2_msgs/include/xrf2_msgs/xrf2_msgs/msg/detail/xeno2_ros__rosidl_typesupport_fastrtps_c.h
[0.405s] -- Up-to-date: /home/raghav742/SDfR/Assignments/assignment6/ros2_ws/install/xrf2_msgs/lib/libxrf2_msgs__rosidl_typesupport_fastrtps_c.so
[0.405s] -- Up-to-date: /home/raghav742/SDfR/Assignments/assignment6/ros2_ws/install/xrf2_msgs/include/xrf2_msgs/xrf2_msgs
[0.405s] -- Up-to-date: /home/raghav742/SDfR/Assignments/assignment6/ros2_ws/install/xrf2_msgs/include/xrf2_msgs/xrf2_msgs/msg
[0.405s] -- Up-to-date: /home/raghav742/SDfR/Assignments/assignment6/ros2_ws/install/xrf2_msgs/include/xrf2_msgs/xrf2_msgs/msg/rosidl_typesupport_introspection_c__visibility_control.h
[0.405s] -- Up-to-date: /home/raghav742/SDfR/Assignments/assignment6/ros2_ws/install/xrf2_msgs/include/xrf2_msgs/xrf2_msgs/msg/detail
[0.406s] -- Up-to-date: /home/raghav742/SDfR/Assignments/assignment6/ros2_ws/install/xrf2_msgs/include/xrf2_msgs/xrf2_msgs/msg/detail/xeno2_ros__rosidl_typesupport_introspection_c.h
[0.406s] -- Up-to-date: /home/raghav742/SDfR/Assignments/assignment6/ros2_ws/install/xrf2_msgs/include/xrf2_msgs/xrf2_msgs/msg/detail/ros2_xeno__type_support.c
[0.406s] -- Up-to-date: /home/raghav742/SDfR/Assignments/assignment6/ros2_ws/install/xrf2_msgs/include/xrf2_msgs/xrf2_msgs/msg/detail/xeno2_ros__type_support.c
[0.406s] -- Up-to-date: /home/raghav742/SDfR/Assignments/assignment6/ros2_ws/install/xrf2_msgs/include/xrf2_msgs/xrf2_msgs/msg/detail/ros2_xeno__rosidl_typesupport_introspection_c.h
[0.406s] -- Up-to-date: /home/raghav742/SDfR/Assignments/assignment6/ros2_ws/install/xrf2_msgs/lib/libxrf2_msgs__rosidl_typesupport_introspection_c.so
[0.406s] -- Up-to-date: /home/raghav742/SDfR/Assignments/assignment6/ros2_ws/install/xrf2_msgs/lib/libxrf2_msgs__rosidl_typesupport_c.so
[0.406s] -- Up-to-date: /home/raghav742/SDfR/Assignments/assignment6/ros2_ws/install/xrf2_msgs/include/xrf2_msgs/xrf2_msgs
[0.406s] -- Up-to-date: /home/raghav742/SDfR/Assignments/assignment6/ros2_ws/install/xrf2_msgs/include/xrf2_msgs/xrf2_msgs/msg
[0.406s] -- Up-to-date: /home/raghav742/SDfR/Assignments/assignment6/ros2_ws/install/xrf2_msgs/include/xrf2_msgs/xrf2_msgs/msg/rosidl_generator_cpp__visibility_control.hpp
[0.406s] -- Up-to-date: /home/raghav742/SDfR/Assignments/assignment6/ros2_ws/install/xrf2_msgs/include/xrf2_msgs/xrf2_msgs/msg/xeno2_ros.hpp
[0.406s] -- Up-to-date: /home/raghav742/SDfR/Assignments/assignment6/ros2_ws/install/xrf2_msgs/include/xrf2_msgs/xrf2_msgs/msg/ros2_xeno.hpp
[0.406s] -- Up-to-date: /home/raghav742/SDfR/Assignments/assignment6/ros2_ws/install/xrf2_msgs/include/xrf2_msgs/xrf2_msgs/msg/detail
[0.406s] -- Up-to-date: /home/raghav742/SDfR/Assignments/assignment6/ros2_ws/install/xrf2_msgs/include/xrf2_msgs/xrf2_msgs/msg/detail/ros2_xeno__type_support.hpp
[0.406s] -- Up-to-date: /home/raghav742/SDfR/Assignments/assignment6/ros2_ws/install/xrf2_msgs/include/xrf2_msgs/xrf2_msgs/msg/detail/xeno2_ros__struct.hpp
[0.406s] -- Up-to-date: /home/raghav742/SDfR/Assignments/assignment6/ros2_ws/install/xrf2_msgs/include/xrf2_msgs/xrf2_msgs/msg/detail/xeno2_ros__traits.hpp
[0.406s] -- Up-to-date: /home/raghav742/SDfR/Assignments/assignment6/ros2_ws/install/xrf2_msgs/include/xrf2_msgs/xrf2_msgs/msg/detail/ros2_xeno__struct.hpp
[0.406s] -- Up-to-date: /home/raghav742/SDfR/Assignments/assignment6/ros2_ws/install/xrf2_msgs/include/xrf2_msgs/xrf2_msgs/msg/detail/ros2_xeno__traits.hpp
[0.406s] -- Up-to-date: /home/raghav742/SDfR/Assignments/assignment6/ros2_ws/install/xrf2_msgs/include/xrf2_msgs/xrf2_msgs/msg/detail/xeno2_ros__builder.hpp
[0.406s] -- Up-to-date: /home/raghav742/SDfR/Assignments/assignment6/ros2_ws/install/xrf2_msgs/include/xrf2_msgs/xrf2_msgs/msg/detail/ros2_xeno__builder.hpp
[0.406s] -- Up-to-date: /home/raghav742/SDfR/Assignments/assignment6/ros2_ws/install/xrf2_msgs/include/xrf2_msgs/xrf2_msgs/msg/detail/xeno2_ros__type_support.hpp
[0.406s] -- Up-to-date: /home/raghav742/SDfR/Assignments/assignment6/ros2_ws/install/xrf2_msgs/include/xrf2_msgs/xrf2_msgs
[0.406s] -- Up-to-date: /home/raghav742/SDfR/Assignments/assignment6/ros2_ws/install/xrf2_msgs/include/xrf2_msgs/xrf2_msgs/msg
[0.406s] -- Up-to-date: /home/raghav742/SDfR/Assignments/assignment6/ros2_ws/install/xrf2_msgs/include/xrf2_msgs/xrf2_msgs/msg/rosidl_typesupport_fastrtps_cpp__visibility_control.h
[0.406s] -- Up-to-date: /home/raghav742/SDfR/Assignments/assignment6/ros2_ws/install/xrf2_msgs/include/xrf2_msgs/xrf2_msgs/msg/detail
[0.406s] -- Up-to-date: /home/raghav742/SDfR/Assignments/assignment6/ros2_ws/install/xrf2_msgs/include/xrf2_msgs/xrf2_msgs/msg/detail/ros2_xeno__rosidl_typesupport_fastrtps_cpp.hpp
[0.406s] -- Up-to-date: /home/raghav742/SDfR/Assignments/assignment6/ros2_ws/install/xrf2_msgs/include/xrf2_msgs/xrf2_msgs/msg/detail/dds_fastrtps
[0.406s] -- Up-to-date: /home/raghav742/SDfR/Assignments/assignment6/ros2_ws/install/xrf2_msgs/include/xrf2_msgs/xrf2_msgs/msg/detail/xeno2_ros__rosidl_typesupport_fastrtps_cpp.hpp
[0.406s] -- Up-to-date: /home/raghav742/SDfR/Assignments/assignment6/ros2_ws/install/xrf2_msgs/lib/libxrf2_msgs__rosidl_typesupport_fastrtps_cpp.so
[0.406s] -- Up-to-date: /home/raghav742/SDfR/Assignments/assignment6/ros2_ws/install/xrf2_msgs/include/xrf2_msgs/xrf2_msgs
[0.407s] -- Up-to-date: /home/raghav742/SDfR/Assignments/assignment6/ros2_ws/install/xrf2_msgs/include/xrf2_msgs/xrf2_msgs/msg
[0.407s] -- Up-to-date: /home/raghav742/SDfR/Assignments/assignment6/ros2_ws/install/xrf2_msgs/include/xrf2_msgs/xrf2_msgs/msg/detail
[0.407s] -- Up-to-date: /home/raghav742/SDfR/Assignments/assignment6/ros2_ws/install/xrf2_msgs/include/xrf2_msgs/xrf2_msgs/msg/detail/ros2_xeno__rosidl_typesupport_introspection_cpp.hpp
[0.407s] -- Up-to-date: /home/raghav742/SDfR/Assignments/assignment6/ros2_ws/install/xrf2_msgs/include/xrf2_msgs/xrf2_msgs/msg/detail/xeno2_ros__rosidl_typesupport_introspection_cpp.hpp
[0.407s] -- Up-to-date: /home/raghav742/SDfR/Assignments/assignment6/ros2_ws/install/xrf2_msgs/include/xrf2_msgs/xrf2_msgs/msg/detail/xeno2_ros__type_support.cpp
[0.407s] -- Up-to-date: /home/raghav742/SDfR/Assignments/assignment6/ros2_ws/install/xrf2_msgs/include/xrf2_msgs/xrf2_msgs/msg/detail/ros2_xeno__type_support.cpp
[0.407s] -- Up-to-date: /home/raghav742/SDfR/Assignments/assignment6/ros2_ws/install/xrf2_msgs/lib/libxrf2_msgs__rosidl_typesupport_introspection_cpp.so
[0.407s] -- Up-to-date: /home/raghav742/SDfR/Assignments/assignment6/ros2_ws/install/xrf2_msgs/lib/libxrf2_msgs__rosidl_typesupport_cpp.so
[0.407s] -- Up-to-date: /home/raghav742/SDfR/Assignments/assignment6/ros2_ws/install/xrf2_msgs/share/xrf2_msgs/environment/pythonpath.sh
[0.407s] -- Up-to-date: /home/raghav742/SDfR/Assignments/assignment6/ros2_ws/install/xrf2_msgs/share/xrf2_msgs/environment/pythonpath.dsv
[0.407s] -- Up-to-date: /home/raghav742/SDfR/Assignments/assignment6/ros2_ws/install/xrf2_msgs/local/lib/python3.10/dist-packages/xrf2_msgs-0.0.0-py3.10.egg-info
[0.407s] -- Installing: /home/raghav742/SDfR/Assignments/assignment6/ros2_ws/install/xrf2_msgs/local/lib/python3.10/dist-packages/xrf2_msgs-0.0.0-py3.10.egg-info/SOURCES.txt
[0.407s] -- Installing: /home/raghav742/SDfR/Assignments/assignment6/ros2_ws/install/xrf2_msgs/local/lib/python3.10/dist-packages/xrf2_msgs-0.0.0-py3.10.egg-info/top_level.txt
[0.407s] -- Installing: /home/raghav742/SDfR/Assignments/assignment6/ros2_ws/install/xrf2_msgs/local/lib/python3.10/dist-packages/xrf2_msgs-0.0.0-py3.10.egg-info/dependency_links.txt
[0.407s] -- Installing: /home/raghav742/SDfR/Assignments/assignment6/ros2_ws/install/xrf2_msgs/local/lib/python3.10/dist-packages/xrf2_msgs-0.0.0-py3.10.egg-info/PKG-INFO
[0.407s] -- Up-to-date: /home/raghav742/SDfR/Assignments/assignment6/ros2_ws/install/xrf2_msgs/local/lib/python3.10/dist-packages/xrf2_msgs
[0.407s] -- Up-to-date: /home/raghav742/SDfR/Assignments/assignment6/ros2_ws/install/xrf2_msgs/local/lib/python3.10/dist-packages/xrf2_msgs/_xrf2_msgs_s.ep.rosidl_typesupport_introspection_c.c
[0.407s] -- Up-to-date: /home/raghav742/SDfR/Assignments/assignment6/ros2_ws/install/xrf2_msgs/local/lib/python3.10/dist-packages/xrf2_msgs/xrf2_msgs_s__rosidl_typesupport_fastrtps_c.cpython-310-x86_64-linux-gnu.so
[0.407s] -- Up-to-date: /home/raghav742/SDfR/Assignments/assignment6/ros2_ws/install/xrf2_msgs/local/lib/python3.10/dist-packages/xrf2_msgs/xrf2_msgs_s__rosidl_typesupport_c.cpython-310-x86_64-linux-gnu.so
[0.407s] -- Up-to-date: /home/raghav742/SDfR/Assignments/assignment6/ros2_ws/install/xrf2_msgs/local/lib/python3.10/dist-packages/xrf2_msgs/libxrf2_msgs__rosidl_generator_py.so
[0.407s] -- Up-to-date: /home/raghav742/SDfR/Assignments/assignment6/ros2_ws/install/xrf2_msgs/local/lib/python3.10/dist-packages/xrf2_msgs/xrf2_msgs_s__rosidl_typesupport_introspection_c.cpython-310-x86_64-linux-gnu.so
[0.407s] -- Up-to-date: /home/raghav742/SDfR/Assignments/assignment6/ros2_ws/install/xrf2_msgs/local/lib/python3.10/dist-packages/xrf2_msgs/_xrf2_msgs_s.ep.rosidl_typesupport_c.c
[0.407s] -- Up-to-date: /home/raghav742/SDfR/Assignments/assignment6/ros2_ws/install/xrf2_msgs/local/lib/python3.10/dist-packages/xrf2_msgs/_xrf2_msgs_s.ep.rosidl_typesupport_fastrtps_c.c
[0.407s] -- Up-to-date: /home/raghav742/SDfR/Assignments/assignment6/ros2_ws/install/xrf2_msgs/local/lib/python3.10/dist-packages/xrf2_msgs/__init__.py
[0.407s] -- Up-to-date: /home/raghav742/SDfR/Assignments/assignment6/ros2_ws/install/xrf2_msgs/local/lib/python3.10/dist-packages/xrf2_msgs/msg
[0.407s] -- Up-to-date: /home/raghav742/SDfR/Assignments/assignment6/ros2_ws/install/xrf2_msgs/local/lib/python3.10/dist-packages/xrf2_msgs/msg/_xeno2_ros_s.c
[0.407s] -- Up-to-date: /home/raghav742/SDfR/Assignments/assignment6/ros2_ws/install/xrf2_msgs/local/lib/python3.10/dist-packages/xrf2_msgs/msg/_xeno2_ros.py
[0.407s] -- Up-to-date: /home/raghav742/SDfR/Assignments/assignment6/ros2_ws/install/xrf2_msgs/local/lib/python3.10/dist-packages/xrf2_msgs/msg/_ros2_xeno.py
[0.407s] -- Up-to-date: /home/raghav742/SDfR/Assignments/assignment6/ros2_ws/install/xrf2_msgs/local/lib/python3.10/dist-packages/xrf2_msgs/msg/_ros2_xeno_s.c
[0.408s] -- Up-to-date: /home/raghav742/SDfR/Assignments/assignment6/ros2_ws/install/xrf2_msgs/local/lib/python3.10/dist-packages/xrf2_msgs/msg/__init__.py
[0.428s] Listing '/home/raghav742/SDfR/Assignments/assignment6/ros2_ws/install/xrf2_msgs/local/lib/python3.10/dist-packages/xrf2_msgs'...
[0.428s] Listing '/home/raghav742/SDfR/Assignments/assignment6/ros2_ws/install/xrf2_msgs/local/lib/python3.10/dist-packages/xrf2_msgs/msg'...
[0.434s] -- Up-to-date: /home/raghav742/SDfR/Assignments/assignment6/ros2_ws/install/xrf2_msgs/local/lib/python3.10/dist-packages/xrf2_msgs/xrf2_msgs_s__rosidl_typesupport_fastrtps_c.cpython-310-x86_64-linux-gnu.so
[0.434s] -- Up-to-date: /home/raghav742/SDfR/Assignments/assignment6/ros2_ws/install/xrf2_msgs/local/lib/python3.10/dist-packages/xrf2_msgs/xrf2_msgs_s__rosidl_typesupport_introspection_c.cpython-310-x86_64-linux-gnu.so
[0.434s] -- Up-to-date: /home/raghav742/SDfR/Assignments/assignment6/ros2_ws/install/xrf2_msgs/local/lib/python3.10/dist-packages/xrf2_msgs/xrf2_msgs_s__rosidl_typesupport_c.cpython-310-x86_64-linux-gnu.so
[0.434s] -- Up-to-date: /home/raghav742/SDfR/Assignments/assignment6/ros2_ws/install/xrf2_msgs/lib/libxrf2_msgs__rosidl_generator_py.so
[0.434s] -- Up-to-date: /home/raghav742/SDfR/Assignments/assignment6/ros2_ws/install/xrf2_msgs/share/ament_index/resource_index/rust_packages/xrf2_msgs
[0.434s] -- Up-to-date: /home/raghav742/SDfR/Assignments/assignment6/ros2_ws/install/xrf2_msgs/share/xrf2_msgs/rust
[0.434s] -- Up-to-date: /home/raghav742/SDfR/Assignments/assignment6/ros2_ws/install/xrf2_msgs/share/xrf2_msgs/rust/build.rs
[0.434s] -- Up-to-date: /home/raghav742/SDfR/Assignments/assignment6/ros2_ws/install/xrf2_msgs/share/xrf2_msgs/rust/src
[0.434s] -- Up-to-date: /home/raghav742/SDfR/Assignments/assignment6/ros2_ws/install/xrf2_msgs/share/xrf2_msgs/rust/src/lib.rs
[0.435s] -- Up-to-date: /home/raghav742/SDfR/Assignments/assignment6/ros2_ws/install/xrf2_msgs/share/xrf2_msgs/rust/src/msg.rs
[0.435s] -- Up-to-date: /home/raghav742/SDfR/Assignments/assignment6/ros2_ws/install/xrf2_msgs/share/xrf2_msgs/rust/src/msg
[0.435s] -- Up-to-date: /home/raghav742/SDfR/Assignments/assignment6/ros2_ws/install/xrf2_msgs/share/xrf2_msgs/rust/src/msg/rmw.rs
[0.435s] -- Up-to-date: /home/raghav742/SDfR/Assignments/assignment6/ros2_ws/install/xrf2_msgs/share/xrf2_msgs/rust/Cargo.toml
[0.435s] -- Up-to-date: /home/raghav742/SDfR/Assignments/assignment6/ros2_ws/install/xrf2_msgs/share/xrf2_msgs/msg/Ros2Xeno.idl
[0.435s] -- Up-to-date: /home/raghav742/SDfR/Assignments/assignment6/ros2_ws/install/xrf2_msgs/share/xrf2_msgs/msg/Xeno2Ros.idl
[0.435s] -- Up-to-date: /home/raghav742/SDfR/Assignments/assignment6/ros2_ws/install/xrf2_msgs/share/xrf2_msgs/msg/Ros2Xeno.msg
[0.435s] -- Up-to-date: /home/raghav742/SDfR/Assignments/assignment6/ros2_ws/install/xrf2_msgs/share/xrf2_msgs/msg/Xeno2Ros.msg
[0.435s] -- Up-to-date: /home/raghav742/SDfR/Assignments/assignment6/ros2_ws/install/xrf2_msgs/share/ament_index/resource_index/package_run_dependencies/xrf2_msgs
[0.435s] -- Up-to-date: /home/raghav742/SDfR/Assignments/assignment6/ros2_ws/install/xrf2_msgs/share/ament_index/resource_index/parent_prefix_path/xrf2_msgs
[0.435s] -- Up-to-date: /home/raghav742/SDfR/Assignments/assignment6/ros2_ws/install/xrf2_msgs/share/xrf2_msgs/environment/ament_prefix_path.sh
[0.435s] -- Up-to-date: /home/raghav742/SDfR/Assignments/assignment6/ros2_ws/install/xrf2_msgs/share/xrf2_msgs/environment/ament_prefix_path.dsv
[0.435s] -- Up-to-date: /home/raghav742/SDfR/Assignments/assignment6/ros2_ws/install/xrf2_msgs/share/xrf2_msgs/environment/path.sh
[0.435s] -- Up-to-date: /home/raghav742/SDfR/Assignments/assignment6/ros2_ws/install/xrf2_msgs/share/xrf2_msgs/environment/path.dsv
[0.435s] -- Up-to-date: /home/raghav742/SDfR/Assignments/assignment6/ros2_ws/install/xrf2_msgs/share/xrf2_msgs/local_setup.bash
[0.435s] -- Up-to-date: /home/raghav742/SDfR/Assignments/assignment6/ros2_ws/install/xrf2_msgs/share/xrf2_msgs/local_setup.sh
[0.435s] -- Up-to-date: /home/raghav742/SDfR/Assignments/assignment6/ros2_ws/install/xrf2_msgs/share/xrf2_msgs/local_setup.zsh
[0.435s] -- Up-to-date: /home/raghav742/SDfR/Assignments/assignment6/ros2_ws/install/xrf2_msgs/share/xrf2_msgs/local_setup.dsv
[0.436s] -- Installing: /home/raghav742/SDfR/Assignments/assignment6/ros2_ws/install/xrf2_msgs/share/xrf2_msgs/package.dsv
[0.436s] -- Up-to-date: /home/raghav742/SDfR/Assignments/assignment6/ros2_ws/install/xrf2_msgs/share/ament_index/resource_index/packages/xrf2_msgs
[0.436s] -- Up-to-date: /home/raghav742/SDfR/Assignments/assignment6/ros2_ws/install/xrf2_msgs/share/xrf2_msgs/cmake/export_xrf2_msgs__rosidl_generator_cExport.cmake
[0.436s] -- Up-to-date: /home/raghav742/SDfR/Assignments/assignment6/ros2_ws/install/xrf2_msgs/share/xrf2_msgs/cmake/export_xrf2_msgs__rosidl_generator_cExport-noconfig.cmake
[0.436s] -- Up-to-date: /home/raghav742/SDfR/Assignments/assignment6/ros2_ws/install/xrf2_msgs/share/xrf2_msgs/cmake/export_xrf2_msgs__rosidl_typesupport_fastrtps_cExport.cmake
[0.436s] -- Up-to-date: /home/raghav742/SDfR/Assignments/assignment6/ros2_ws/install/xrf2_msgs/share/xrf2_msgs/cmake/export_xrf2_msgs__rosidl_typesupport_fastrtps_cExport-noconfig.cmake
[0.436s] -- Up-to-date: /home/raghav742/SDfR/Assignments/assignment6/ros2_ws/install/xrf2_msgs/share/xrf2_msgs/cmake/xrf2_msgs__rosidl_typesupport_introspection_cExport.cmake
[0.436s] -- Up-to-date: /home/raghav742/SDfR/Assignments/assignment6/ros2_ws/install/xrf2_msgs/share/xrf2_msgs/cmake/xrf2_msgs__rosidl_typesupport_introspection_cExport-noconfig.cmake
[0.437s] -- Up-to-date: /home/raghav742/SDfR/Assignments/assignment6/ros2_ws/install/xrf2_msgs/share/xrf2_msgs/cmake/xrf2_msgs__rosidl_typesupport_cExport.cmake
[0.437s] -- Up-to-date: /home/raghav742/SDfR/Assignments/assignment6/ros2_ws/install/xrf2_msgs/share/xrf2_msgs/cmake/xrf2_msgs__rosidl_typesupport_cExport-noconfig.cmake
[0.437s] -- Up-to-date: /home/raghav742/SDfR/Assignments/assignment6/ros2_ws/install/xrf2_msgs/share/xrf2_msgs/cmake/export_xrf2_msgs__rosidl_generator_cppExport.cmake
[0.437s] -- Up-to-date: /home/raghav742/SDfR/Assignments/assignment6/ros2_ws/install/xrf2_msgs/share/xrf2_msgs/cmake/export_xrf2_msgs__rosidl_typesupport_fastrtps_cppExport.cmake
[0.437s] -- Up-to-date: /home/raghav742/SDfR/Assignments/assignment6/ros2_ws/install/xrf2_msgs/share/xrf2_msgs/cmake/export_xrf2_msgs__rosidl_typesupport_fastrtps_cppExport-noconfig.cmake
[0.437s] -- Up-to-date: /home/raghav742/SDfR/Assignments/assignment6/ros2_ws/install/xrf2_msgs/share/xrf2_msgs/cmake/xrf2_msgs__rosidl_typesupport_introspection_cppExport.cmake
[0.437s] -- Up-to-date: /home/raghav742/SDfR/Assignments/assignment6/ros2_ws/install/xrf2_msgs/share/xrf2_msgs/cmake/xrf2_msgs__rosidl_typesupport_introspection_cppExport-noconfig.cmake
[0.437s] -- Up-to-date: /home/raghav742/SDfR/Assignments/assignment6/ros2_ws/install/xrf2_msgs/share/xrf2_msgs/cmake/xrf2_msgs__rosidl_typesupport_cppExport.cmake
[0.437s] -- Up-to-date: /home/raghav742/SDfR/Assignments/assignment6/ros2_ws/install/xrf2_msgs/share/xrf2_msgs/cmake/xrf2_msgs__rosidl_typesupport_cppExport-noconfig.cmake
[0.437s] -- Up-to-date: /home/raghav742/SDfR/Assignments/assignment6/ros2_ws/install/xrf2_msgs/share/xrf2_msgs/cmake/export_xrf2_msgs__rosidl_generator_pyExport.cmake
[0.437s] -- Up-to-date: /home/raghav742/SDfR/Assignments/assignment6/ros2_ws/install/xrf2_msgs/share/xrf2_msgs/cmake/export_xrf2_msgs__rosidl_generator_pyExport-noconfig.cmake
[0.437s] -- Up-to-date: /home/raghav742/SDfR/Assignments/assignment6/ros2_ws/install/xrf2_msgs/share/xrf2_msgs/cmake/rosidl_cmake-extras.cmake
[0.437s] -- Up-to-date: /home/raghav742/SDfR/Assignments/assignment6/ros2_ws/install/xrf2_msgs/share/xrf2_msgs/cmake/ament_cmake_export_include_directories-extras.cmake
[0.437s] -- Up-to-date: /home/raghav742/SDfR/Assignments/assignment6/ros2_ws/install/xrf2_msgs/share/xrf2_msgs/cmake/ament_cmake_export_libraries-extras.cmake
[0.437s] -- Up-to-date: /home/raghav742/SDfR/Assignments/assignment6/ros2_ws/install/xrf2_msgs/share/xrf2_msgs/cmake/ament_cmake_export_targets-extras.cmake
[0.437s] -- Up-to-date: /home/raghav742/SDfR/Assignments/assignment6/ros2_ws/install/xrf2_msgs/share/xrf2_msgs/cmake/rosidl_cmake_export_typesupport_targets-extras.cmake
[0.438s] -- Up-to-date: /home/raghav742/SDfR/Assignments/assignment6/ros2_ws/install/xrf2_msgs/share/xrf2_msgs/cmake/ament_cmake_export_dependencies-extras.cmake
[0.438s] -- Up-to-date: /home/raghav742/SDfR/Assignments/assignment6/ros2_ws/install/xrf2_msgs/share/xrf2_msgs/cmake/rosidl_cmake_export_typesupport_libraries-extras.cmake
[0.438s] -- Up-to-date: /home/raghav742/SDfR/Assignments/assignment6/ros2_ws/install/xrf2_msgs/share/xrf2_msgs/cmake/xrf2_msgsConfig.cmake
[0.438s] -- Up-to-date: /home/raghav742/SDfR/Assignments/assignment6/ros2_ws/install/xrf2_msgs/share/xrf2_msgs/cmake/xrf2_msgsConfig-version.cmake
[0.438s] -- Up-to-date: /home/raghav742/SDfR/Assignments/assignment6/ros2_ws/install/xrf2_msgs/share/xrf2_msgs/package.xml
[0.450s] Invoked command in '/home/raghav742/SDfR/Assignments/assignment6/ros2_ws/build/xrf2_msgs' returned '0': CMAKE_PREFIX_PATH=${CMAKE_PREFIX_PATH}:/opt/ros/humble /usr/bin/cmake --install /home/raghav742/SDfR/Assignments/assignment6/ros2_ws/build/xrf2_msgs
