[35m[1mConsolidate compiler generated dependencies of target relbot_simulator[0m
[100%] Built target relbot_simulator
-- Install configuration: ""
-- Installing: /home/raghav742/SDfR/Assignments/assignment6/ros2_ws/install/relbot_simulator/lib/relbot_simulator/relbot_simulator
-- Set runtime path of "/home/raghav742/SDfR/Assignments/assignment6/ros2_ws/install/relbot_simulator/lib/relbot_simulator/relbot_simulator" to ""
-- Installing: /home/raghav742/SDfR/Assignments/assignment6/ros2_ws/install/relbot_simulator/include
-- Installing: /home/raghav742/SDfR/Assignments/assignment6/ros2_ws/install/relbot_simulator/include/MotionProfiles.cpp
-- Installing: /home/raghav742/SDfR/Assignments/assignment6/ros2_ws/install/relbot_simulator/include/xxinteg.h
-- Installing: /home/raghav742/SDfR/Assignments/assignment6/ros2_ws/install/relbot_simulator/include/xxinteg.cpp
-- Installing: /home/raghav742/SDfR/Assignments/assignment6/ros2_ws/install/relbot_simulator/include/xxinverse.cpp
-- Installing: /home/raghav742/SDfR/Assignments/assignment6/ros2_ws/install/relbot_simulator/include/xxmatrix.cpp
-- Installing: /home/raghav742/SDfR/Assignments/assignment6/ros2_ws/install/relbot_simulator/include/xxmodel.h
-- Installing: /home/raghav742/SDfR/Assignments/assignment6/ros2_ws/install/relbot_simulator/include/xxtypes.h
-- Installing: /home/raghav742/SDfR/Assignments/assignment6/ros2_ws/install/relbot_simulator/include/EulerAngles.cpp
-- Installing: /home/raghav742/SDfR/Assignments/assignment6/ros2_ws/install/relbot_simulator/include/xxmatrix.h
-- Installing: /home/raghav742/SDfR/Assignments/assignment6/ros2_ws/install/relbot_simulator/include/EulerAngles.h
-- Installing: /home/raghav742/SDfR/Assignments/assignment6/ros2_ws/install/relbot_simulator/include/MotionProfiles.h
-- Installing: /home/raghav742/SDfR/Assignments/assignment6/ros2_ws/install/relbot_simulator/include/xxfuncs.h
-- Installing: /home/raghav742/SDfR/Assignments/assignment6/ros2_ws/install/relbot_simulator/include/xxinverse.h
-- Installing: /home/raghav742/SDfR/Assignments/assignment6/ros2_ws/install/relbot_simulator/include/xxfuncs.cpp
-- Installing: /home/raghav742/SDfR/Assignments/assignment6/ros2_ws/install/relbot_simulator/share/ament_index/resource_index/package_run_dependencies/relbot_simulator
-- Installing: /home/raghav742/SDfR/Assignments/assignment6/ros2_ws/install/relbot_simulator/share/ament_index/resource_index/parent_prefix_path/relbot_simulator
-- Installing: /home/raghav742/SDfR/Assignments/assignment6/ros2_ws/install/relbot_simulator/share/relbot_simulator/environment/ament_prefix_path.sh
-- Installing: /home/raghav742/SDfR/Assignments/assignment6/ros2_ws/install/relbot_simulator/share/relbot_simulator/environment/ament_prefix_path.dsv
-- Installing: /home/raghav742/SDfR/Assignments/assignment6/ros2_ws/install/relbot_simulator/share/relbot_simulator/environment/path.sh
-- Installing: /home/raghav742/SDfR/Assignments/assignment6/ros2_ws/install/relbot_simulator/share/relbot_simulator/environment/path.dsv
-- Installing: /home/raghav742/SDfR/Assignments/assignment6/ros2_ws/install/relbot_simulator/share/relbot_simulator/local_setup.bash
-- Installing: /home/raghav742/SDfR/Assignments/assignment6/ros2_ws/install/relbot_simulator/share/relbot_simulator/local_setup.sh
-- Installing: /home/raghav742/SDfR/Assignments/assignment6/ros2_ws/install/relbot_simulator/share/relbot_simulator/local_setup.zsh
-- Installing: /home/raghav742/SDfR/Assignments/assignment6/ros2_ws/install/relbot_simulator/share/relbot_simulator/local_setup.dsv
-- Installing: /home/raghav742/SDfR/Assignments/assignment6/ros2_ws/install/relbot_simulator/share/relbot_simulator/package.dsv
-- Installing: /home/raghav742/SDfR/Assignments/assignment6/ros2_ws/install/relbot_simulator/share/ament_index/resource_index/packages/relbot_simulator
-- Installing: /home/raghav742/SDfR/Assignments/assignment6/ros2_ws/install/relbot_simulator/share/relbot_simulator/cmake/relbot_simulatorConfig.cmake
-- Installing: /home/raghav742/SDfR/Assignments/assignment6/ros2_ws/install/relbot_simulator/share/relbot_simulator/cmake/relbot_simulatorConfig-version.cmake
-- Installing: /home/raghav742/SDfR/Assignments/assignment6/ros2_ws/install/relbot_simulator/share/relbot_simulator/package.xml
