[0.007s] Invoking command in '/home/raghav742/SDfR/Assignments/assignment6/ros2_ws/build/relbot_simulator': CMAKE_PREFIX_PATH=${CMAKE_PREFIX_PATH}:/opt/ros/humble /usr/bin/cmake --build /home/raghav742/SDfR/Assignments/assignment6/ros2_ws/build/relbot_simulator -- -j8 -l8
[0.041s] [35m[1mConsolidate compiler generated dependencies of target relbot_simulator[0m
[0.058s] [100%] Built target relbot_simulator
[0.066s] Invoked command in '/home/raghav742/SDfR/Assignments/assignment6/ros2_ws/build/relbot_simulator' returned '0': CMAKE_PREFIX_PATH=${CMAKE_PREFIX_PATH}:/opt/ros/humble /usr/bin/cmake --build /home/raghav742/SDfR/Assignments/assignment6/ros2_ws/build/relbot_simulator -- -j8 -l8
[0.068s] Invoking command in '/home/raghav742/SDfR/Assignments/assignment6/ros2_ws/build/relbot_simulator': CMAKE_PREFIX_PATH=${CMAKE_PREFIX_PATH}:/opt/ros/humble /usr/bin/cmake --install /home/raghav742/SDfR/Assignments/assignment6/ros2_ws/build/relbot_simulator
[0.074s] -- Install configuration: ""
[0.075s] -- Installing: /home/raghav742/SDfR/Assignments/assignment6/ros2_ws/install/relbot_simulator/lib/relbot_simulator/relbot_simulator
[0.080s] -- Set runtime path of "/home/raghav742/SDfR/Assignments/assignment6/ros2_ws/install/relbot_simulator/lib/relbot_simulator/relbot_simulator" to ""
[0.080s] -- Installing: /home/raghav742/SDfR/Assignments/assignment6/ros2_ws/install/relbot_simulator/include
[0.080s] -- Installing: /home/raghav742/SDfR/Assignments/assignment6/ros2_ws/install/relbot_simulator/include/MotionProfiles.cpp
[0.080s] -- Installing: /home/raghav742/SDfR/Assignments/assignment6/ros2_ws/install/relbot_simulator/include/xxinteg.h
[0.080s] -- Installing: /home/raghav742/SDfR/Assignments/assignment6/ros2_ws/install/relbot_simulator/include/xxinteg.cpp
[0.080s] -- Installing: /home/raghav742/SDfR/Assignments/assignment6/ros2_ws/install/relbot_simulator/include/xxinverse.cpp
[0.080s] -- Installing: /home/raghav742/SDfR/Assignments/assignment6/ros2_ws/install/relbot_simulator/include/xxmatrix.cpp
[0.081s] -- Installing: /home/raghav742/SDfR/Assignments/assignment6/ros2_ws/install/relbot_simulator/include/xxmodel.h
[0.081s] -- Installing: /home/raghav742/SDfR/Assignments/assignment6/ros2_ws/install/relbot_simulator/include/xxtypes.h
[0.081s] -- Installing: /home/raghav742/SDfR/Assignments/assignment6/ros2_ws/install/relbot_simulator/include/EulerAngles.cpp
[0.081s] -- Installing: /home/raghav742/SDfR/Assignments/assignment6/ros2_ws/install/relbot_simulator/include/xxmatrix.h
[0.081s] -- Installing: /home/raghav742/SDfR/Assignments/assignment6/ros2_ws/install/relbot_simulator/include/EulerAngles.h
[0.081s] -- Installing: /home/raghav742/SDfR/Assignments/assignment6/ros2_ws/install/relbot_simulator/include/MotionProfiles.h
[0.081s] -- Installing: /home/raghav742/SDfR/Assignments/assignment6/ros2_ws/install/relbot_simulator/include/xxfuncs.h
[0.081s] -- Installing: /home/raghav742/SDfR/Assignments/assignment6/ros2_ws/install/relbot_simulator/include/xxinverse.h
[0.081s] -- Installing: /home/raghav742/SDfR/Assignments/assignment6/ros2_ws/install/relbot_simulator/include/xxfuncs.cpp
[0.081s] -- Installing: /home/raghav742/SDfR/Assignments/assignment6/ros2_ws/install/relbot_simulator/share/ament_index/resource_index/package_run_dependencies/relbot_simulator
[0.082s] -- Installing: /home/raghav742/SDfR/Assignments/assignment6/ros2_ws/install/relbot_simulator/share/ament_index/resource_index/parent_prefix_path/relbot_simulator
[0.082s] -- Installing: /home/raghav742/SDfR/Assignments/assignment6/ros2_ws/install/relbot_simulator/share/relbot_simulator/environment/ament_prefix_path.sh
[0.082s] -- Installing: /home/raghav742/SDfR/Assignments/assignment6/ros2_ws/install/relbot_simulator/share/relbot_simulator/environment/ament_prefix_path.dsv
[0.082s] -- Installing: /home/raghav742/SDfR/Assignments/assignment6/ros2_ws/install/relbot_simulator/share/relbot_simulator/environment/path.sh
[0.082s] -- Installing: /home/raghav742/SDfR/Assignments/assignment6/ros2_ws/install/relbot_simulator/share/relbot_simulator/environment/path.dsv
[0.083s] -- Installing: /home/raghav742/SDfR/Assignments/assignment6/ros2_ws/install/relbot_simulator/share/relbot_simulator/local_setup.bash
[0.083s] -- Installing: /home/raghav742/SDfR/Assignments/assignment6/ros2_ws/install/relbot_simulator/share/relbot_simulator/local_setup.sh
[0.083s] -- Installing: /home/raghav742/SDfR/Assignments/assignment6/ros2_ws/install/relbot_simulator/share/relbot_simulator/local_setup.zsh
[0.083s] -- Installing: /home/raghav742/SDfR/Assignments/assignment6/ros2_ws/install/relbot_simulator/share/relbot_simulator/local_setup.dsv
[0.083s] -- Installing: /home/raghav742/SDfR/Assignments/assignment6/ros2_ws/install/relbot_simulator/share/relbot_simulator/package.dsv
[0.083s] -- Installing: /home/raghav742/SDfR/Assignments/assignment6/ros2_ws/install/relbot_simulator/share/ament_index/resource_index/packages/relbot_simulator
[0.083s] -- Installing: /home/raghav742/SDfR/Assignments/assignment6/ros2_ws/install/relbot_simulator/share/relbot_simulator/cmake/relbot_simulatorConfig.cmake
[0.083s] -- Installing: /home/raghav742/SDfR/Assignments/assignment6/ros2_ws/install/relbot_simulator/share/relbot_simulator/cmake/relbot_simulatorConfig-version.cmake
[0.084s] -- Installing: /home/raghav742/SDfR/Assignments/assignment6/ros2_ws/install/relbot_simulator/share/relbot_simulator/package.xml
[0.085s] Invoked command in '/home/raghav742/SDfR/Assignments/assignment6/ros2_ws/build/relbot_simulator' returned '0': CMAKE_PREFIX_PATH=${CMAKE_PREFIX_PATH}:/opt/ros/humble /usr/bin/cmake --install /home/raghav742/SDfR/Assignments/assignment6/ros2_ws/build/relbot_simulator
