[0.014s] Invoking command in '/home/srik/ros_ubuntu/ros2_ws/build/relbot_sequence_controller': CMAKE_PREFIX_PATH=/home/srik/ros_ubuntu/ros2_ws/install/image_functions_sdfr:/home/srik/ros_ubuntu/ros2_ws/install/relbot_simulator:/home/srik/ros_ubuntu/ros2_ws/install/relbot_sequence_controller:/home/srik/ros_ubuntu/ros2_ws/install/relbot_msgs:/home/srik/ros_ubuntu/ros2_ws/install/relbot_launch:/home/srik/ros_ubuntu/ros2_ws/install/relbot_adapter:/home/srik/ros_ubuntu/ros2_ws/install/relbot2turtlesim:/opt/ros/humble DEBUGINFOD_URLS=https://debuginfod.archlinux.org https://debuginfod.cachyos.org LD_LIBRARY_PATH=/home/srik/ros_ubuntu/ros2_ws/install/image_functions_sdfr/lib:/home/srik/ros_ubuntu/ros2_ws/install/relbot_msgs/lib:/opt/ros/humble/opt/rviz_ogre_vendor/lib:/opt/ros/humble/lib/x86_64-linux-gnu:/opt/ros/humble/lib XAUTHLOCALHOSTNAME= /usr/bin/cmake --build /home/srik/ros_ubuntu/ros2_ws/build/relbot_sequence_controller -- -j32 -l32
[0.033s] [35m[1mConsolidate compiler generated dependencies of target relbot_sequence_controller[0m
[0.039s] [ 50%] Built target colour_detector
[0.042s] [ 75%] [32mBuilding CXX object CMakeFiles/relbot_sequence_controller.dir/src/relbot_sequence_controller.cpp.o[0m
[3.533s] [100%] [32m[1mLinking CXX executable relbot_sequence_controller[0m
[3.718s] [100%] Built target relbot_sequence_controller
[3.722s] Invoked command in '/home/srik/ros_ubuntu/ros2_ws/build/relbot_sequence_controller' returned '0': CMAKE_PREFIX_PATH=/home/srik/ros_ubuntu/ros2_ws/install/image_functions_sdfr:/home/srik/ros_ubuntu/ros2_ws/install/relbot_simulator:/home/srik/ros_ubuntu/ros2_ws/install/relbot_sequence_controller:/home/srik/ros_ubuntu/ros2_ws/install/relbot_msgs:/home/srik/ros_ubuntu/ros2_ws/install/relbot_launch:/home/srik/ros_ubuntu/ros2_ws/install/relbot_adapter:/home/srik/ros_ubuntu/ros2_ws/install/relbot2turtlesim:/opt/ros/humble DEBUGINFOD_URLS=https://debuginfod.archlinux.org https://debuginfod.cachyos.org LD_LIBRARY_PATH=/home/srik/ros_ubuntu/ros2_ws/install/image_functions_sdfr/lib:/home/srik/ros_ubuntu/ros2_ws/install/relbot_msgs/lib:/opt/ros/humble/opt/rviz_ogre_vendor/lib:/opt/ros/humble/lib/x86_64-linux-gnu:/opt/ros/humble/lib XAUTHLOCALHOSTNAME= /usr/bin/cmake --build /home/srik/ros_ubuntu/ros2_ws/build/relbot_sequence_controller -- -j32 -l32
[3.723s] Invoking command in '/home/srik/ros_ubuntu/ros2_ws/build/relbot_sequence_controller': CMAKE_PREFIX_PATH=/home/srik/ros_ubuntu/ros2_ws/install/image_functions_sdfr:/home/srik/ros_ubuntu/ros2_ws/install/relbot_simulator:/home/srik/ros_ubuntu/ros2_ws/install/relbot_sequence_controller:/home/srik/ros_ubuntu/ros2_ws/install/relbot_msgs:/home/srik/ros_ubuntu/ros2_ws/install/relbot_launch:/home/srik/ros_ubuntu/ros2_ws/install/relbot_adapter:/home/srik/ros_ubuntu/ros2_ws/install/relbot2turtlesim:/opt/ros/humble DEBUGINFOD_URLS=https://debuginfod.archlinux.org https://debuginfod.cachyos.org LD_LIBRARY_PATH=/home/srik/ros_ubuntu/ros2_ws/install/image_functions_sdfr/lib:/home/srik/ros_ubuntu/ros2_ws/install/relbot_msgs/lib:/opt/ros/humble/opt/rviz_ogre_vendor/lib:/opt/ros/humble/lib/x86_64-linux-gnu:/opt/ros/humble/lib XAUTHLOCALHOSTNAME= /usr/bin/cmake --install /home/srik/ros_ubuntu/ros2_ws/build/relbot_sequence_controller
[3.726s] -- Install configuration: ""
[3.726s] -- Installing: /home/srik/ros_ubuntu/ros2_ws/install/relbot_sequence_controller/lib/relbot_sequence_controller/relbot_sequence_controller
[3.730s] -- Set runtime path of "/home/srik/ros_ubuntu/ros2_ws/install/relbot_sequence_controller/lib/relbot_sequence_controller/relbot_sequence_controller" to ""
[3.730s] -- Installing: /home/srik/ros_ubuntu/ros2_ws/install/relbot_sequence_controller/lib/relbot_sequence_controller/colour_detector
[3.732s] -- Set runtime path of "/home/srik/ros_ubuntu/ros2_ws/install/relbot_sequence_controller/lib/relbot_sequence_controller/colour_detector" to ""
[3.732s] -- Installing: /home/srik/ros_ubuntu/ros2_ws/install/relbot_sequence_controller/share/ament_index/resource_index/package_run_dependencies/relbot_sequence_controller
[3.732s] -- Installing: /home/srik/ros_ubuntu/ros2_ws/install/relbot_sequence_controller/share/ament_index/resource_index/parent_prefix_path/relbot_sequence_controller
[3.732s] -- Installing: /home/srik/ros_ubuntu/ros2_ws/install/relbot_sequence_controller/share/relbot_sequence_controller/environment/ament_prefix_path.sh
[3.732s] -- Installing: /home/srik/ros_ubuntu/ros2_ws/install/relbot_sequence_controller/share/relbot_sequence_controller/environment/ament_prefix_path.dsv
[3.732s] -- Installing: /home/srik/ros_ubuntu/ros2_ws/install/relbot_sequence_controller/share/relbot_sequence_controller/environment/path.sh
[3.732s] -- Installing: /home/srik/ros_ubuntu/ros2_ws/install/relbot_sequence_controller/share/relbot_sequence_controller/environment/path.dsv
[3.732s] -- Installing: /home/srik/ros_ubuntu/ros2_ws/install/relbot_sequence_controller/share/relbot_sequence_controller/local_setup.bash
[3.732s] -- Installing: /home/srik/ros_ubuntu/ros2_ws/install/relbot_sequence_controller/share/relbot_sequence_controller/local_setup.sh
[3.732s] -- Installing: /home/srik/ros_ubuntu/ros2_ws/install/relbot_sequence_controller/share/relbot_sequence_controller/local_setup.zsh
[3.732s] -- Installing: /home/srik/ros_ubuntu/ros2_ws/install/relbot_sequence_controller/share/relbot_sequence_controller/local_setup.dsv
[3.732s] -- Installing: /home/srik/ros_ubuntu/ros2_ws/install/relbot_sequence_controller/share/relbot_sequence_controller/package.dsv
[3.732s] -- Installing: /home/srik/ros_ubuntu/ros2_ws/install/relbot_sequence_controller/share/ament_index/resource_index/packages/relbot_sequence_controller
[3.732s] -- Installing: /home/srik/ros_ubuntu/ros2_ws/install/relbot_sequence_controller/share/relbot_sequence_controller/cmake/relbot_sequence_controllerConfig.cmake
[3.732s] -- Installing: /home/srik/ros_ubuntu/ros2_ws/install/relbot_sequence_controller/share/relbot_sequence_controller/cmake/relbot_sequence_controllerConfig-version.cmake
[3.732s] -- Installing: /home/srik/ros_ubuntu/ros2_ws/install/relbot_sequence_controller/share/relbot_sequence_controller/package.xml
[3.733s] Invoked command in '/home/srik/ros_ubuntu/ros2_ws/build/relbot_sequence_controller' returned '0': CMAKE_PREFIX_PATH=/home/srik/ros_ubuntu/ros2_ws/install/image_functions_sdfr:/home/srik/ros_ubuntu/ros2_ws/install/relbot_simulator:/home/srik/ros_ubuntu/ros2_ws/install/relbot_sequence_controller:/home/srik/ros_ubuntu/ros2_ws/install/relbot_msgs:/home/srik/ros_ubuntu/ros2_ws/install/relbot_launch:/home/srik/ros_ubuntu/ros2_ws/install/relbot_adapter:/home/srik/ros_ubuntu/ros2_ws/install/relbot2turtlesim:/opt/ros/humble DEBUGINFOD_URLS=https://debuginfod.archlinux.org https://debuginfod.cachyos.org LD_LIBRARY_PATH=/home/srik/ros_ubuntu/ros2_ws/install/image_functions_sdfr/lib:/home/srik/ros_ubuntu/ros2_ws/install/relbot_msgs/lib:/opt/ros/humble/opt/rviz_ogre_vendor/lib:/opt/ros/humble/lib/x86_64-linux-gnu:/opt/ros/humble/lib XAUTHLOCALHOSTNAME= /usr/bin/cmake --install /home/srik/ros_ubuntu/ros2_ws/build/relbot_sequence_controller
