[0.037s] Invoking command in '/home/sdfr-ppd-16/ros2_ws/build/relbot_launch': CMAKE_PREFIX_PATH=${CMAKE_PREFIX_PATH}:/opt/ros/humble /usr/bin/cmake /home/sdfr-ppd-16/ros2_ws/src/relbot_launch/relbot_launch -DCMAKE_INSTALL_PREFIX=/home/sdfr-ppd-16/ros2_ws/install/relbot_launch
[0.268s] -- The C compiler identification is GNU 11.4.0
[0.503s] -- The CXX compiler identification is GNU 11.4.0
[0.532s] -- Detecting C compiler ABI info
[0.815s] -- Detecting C compiler ABI info - done
[0.848s] -- Check for working C compiler: /usr/bin/cc - skipped
[0.851s] -- Detecting C compile features
[0.855s] -- Detecting C compile features - done
[0.869s] -- Detecting CXX compiler ABI info
[1.194s] -- Detecting CXX compiler ABI info - done
[1.232s] -- Check for working CXX compiler: /usr/bin/c++ - skipped
[1.235s] -- Detecting CXX compile features
[1.239s] -- Detecting CXX compile features - done
[1.251s] -- Found ament_cmake: 1.3.11 (/opt/ros/humble/share/ament_cmake/cmake)
[2.039s] -- Found Python3: /usr/bin/python3 (found version "3.10.12") found components: Interpreter 
[2.497s] -- Found ament_lint_auto: 0.12.11 (/opt/ros/humble/share/ament_lint_auto/cmake)
[2.905s] -- Added test 'flake8' to check Python code syntax and style conventions
[2.910s] -- Added test 'lint_cmake' to check CMake code style
[2.914s] -- Added test 'pep257' to check Python code against some of the docstring style conventions in PEP 257
[2.921s] -- Added test 'xmllint' to check XML markup files
[2.932s] -- Configuring done
[2.962s] -- Generating done
[2.981s] -- Build files have been written to: /home/sdfr-ppd-16/ros2_ws/build/relbot_launch
[3.003s] Invoked command in '/home/sdfr-ppd-16/ros2_ws/build/relbot_launch' returned '0': CMAKE_PREFIX_PATH=${CMAKE_PREFIX_PATH}:/opt/ros/humble /usr/bin/cmake /home/sdfr-ppd-16/ros2_ws/src/relbot_launch/relbot_launch -DCMAKE_INSTALL_PREFIX=/home/sdfr-ppd-16/ros2_ws/install/relbot_launch
[3.007s] Invoking command in '/home/sdfr-ppd-16/ros2_ws/build/relbot_launch': CMAKE_PREFIX_PATH=${CMAKE_PREFIX_PATH}:/opt/ros/humble /usr/bin/cmake --build /home/sdfr-ppd-16/ros2_ws/build/relbot_launch -- -j3 -l3
[3.146s] Invoked command in '/home/sdfr-ppd-16/ros2_ws/build/relbot_launch' returned '0': CMAKE_PREFIX_PATH=${CMAKE_PREFIX_PATH}:/opt/ros/humble /usr/bin/cmake --build /home/sdfr-ppd-16/ros2_ws/build/relbot_launch -- -j3 -l3
[3.151s] Invoking command in '/home/sdfr-ppd-16/ros2_ws/build/relbot_launch': CMAKE_PREFIX_PATH=${CMAKE_PREFIX_PATH}:/opt/ros/humble /usr/bin/cmake --install /home/sdfr-ppd-16/ros2_ws/build/relbot_launch
[3.182s] -- Install configuration: ""
[3.184s] -- Installing: /home/sdfr-ppd-16/ros2_ws/install/relbot_launch/share/relbot_launch//launch
[3.185s] -- Installing: /home/sdfr-ppd-16/ros2_ws/install/relbot_launch/share/relbot_launch//launch/relbot_to_turtle.launch.py
[3.187s] -- Installing: /home/sdfr-ppd-16/ros2_ws/install/relbot_launch/share/relbot_launch//launch/relbot_system_joystick.launch.py
[3.189s] -- Installing: /home/sdfr-ppd-16/ros2_ws/install/relbot_launch/share/relbot_launch//launch/relbot_sequence_controller.launch.py
[3.194s] -- Installing: /home/sdfr-ppd-16/ros2_ws/install/relbot_launch/share/relbot_launch//launch/relbot_system.launch.py
[3.196s] -- Installing: /home/sdfr-ppd-16/ros2_ws/install/relbot_launch/share/ament_index/resource_index/package_run_dependencies/relbot_launch
[3.197s] -- Installing: /home/sdfr-ppd-16/ros2_ws/install/relbot_launch/share/ament_index/resource_index/parent_prefix_path/relbot_launch
[3.204s] -- Installing: /home/sdfr-ppd-16/ros2_ws/install/relbot_launch/share/relbot_launch/environment/ament_prefix_path.sh
[3.205s] -- Installing: /home/sdfr-ppd-16/ros2_ws/install/relbot_launch/share/relbot_launch/environment/ament_prefix_path.dsv
[3.209s] -- Installing: /home/sdfr-ppd-16/ros2_ws/install/relbot_launch/share/relbot_launch/environment/path.sh
[3.212s] -- Installing: /home/sdfr-ppd-16/ros2_ws/install/relbot_launch/share/relbot_launch/environment/path.dsv
[3.242s] -- Installing: /home/sdfr-ppd-16/ros2_ws/install/relbot_launch/share/relbot_launch/local_setup.bash
[3.244s] -- Installing: /home/sdfr-ppd-16/ros2_ws/install/relbot_launch/share/relbot_launch/local_setup.sh
[3.246s] -- Installing: /home/sdfr-ppd-16/ros2_ws/install/relbot_launch/share/relbot_launch/local_setup.zsh
[3.248s] -- Installing: /home/sdfr-ppd-16/ros2_ws/install/relbot_launch/share/relbot_launch/local_setup.dsv
[3.250s] -- Installing: /home/sdfr-ppd-16/ros2_ws/install/relbot_launch/share/relbot_launch/package.dsv
[3.252s] -- Installing: /home/sdfr-ppd-16/ros2_ws/install/relbot_launch/share/ament_index/resource_index/packages/relbot_launch
[3.253s] -- Installing: /home/sdfr-ppd-16/ros2_ws/install/relbot_launch/share/relbot_launch/cmake/relbot_launchConfig.cmake
[3.255s] -- Installing: /home/sdfr-ppd-16/ros2_ws/install/relbot_launch/share/relbot_launch/cmake/relbot_launchConfig-version.cmake
[3.257s] -- Installing: /home/sdfr-ppd-16/ros2_ws/install/relbot_launch/share/relbot_launch/package.xml
[3.270s] Invoked command in '/home/sdfr-ppd-16/ros2_ws/build/relbot_launch' returned '0': CMAKE_PREFIX_PATH=${CMAKE_PREFIX_PATH}:/opt/ros/humble /usr/bin/cmake --install /home/sdfr-ppd-16/ros2_ws/build/relbot_launch
