[0.011s] Invoking command in '/home/sdfr-ppd-16/SfDR-code/assignment6/ros2_ws/build/relbot_launch': CMAKE_PREFIX_PATH=${CMAKE_PREFIX_PATH}:/opt/ros/humble /usr/bin/cmake --build /home/sdfr-ppd-16/SfDR-code/assignment6/ros2_ws/build/relbot_launch -- -j3 -l3
[0.033s] Invoked command in '/home/sdfr-ppd-16/SfDR-code/assignment6/ros2_ws/build/relbot_launch' returned '0': CMAKE_PREFIX_PATH=${CMAKE_PREFIX_PATH}:/opt/ros/humble /usr/bin/cmake --build /home/sdfr-ppd-16/SfDR-code/assignment6/ros2_ws/build/relbot_launch -- -j3 -l3
[0.036s] Invoking command in '/home/sdfr-ppd-16/SfDR-code/assignment6/ros2_ws/build/relbot_launch': CMAKE_PREFIX_PATH=${CMAKE_PREFIX_PATH}:/opt/ros/humble /usr/bin/cmake --install /home/sdfr-ppd-16/SfDR-code/assignment6/ros2_ws/build/relbot_launch
[0.066s] -- Install configuration: ""
[0.068s] -- Up-to-date: /home/sdfr-ppd-16/SfDR-code/assignment6/ros2_ws/install/relbot_launch/share/relbot_launch//launch
[0.069s] -- Up-to-date: /home/sdfr-ppd-16/SfDR-code/assignment6/ros2_ws/install/relbot_launch/share/relbot_launch//launch/relbot_to_turtle.launch.py
[0.071s] -- Up-to-date: /home/sdfr-ppd-16/SfDR-code/assignment6/ros2_ws/install/relbot_launch/share/relbot_launch//launch/relbot_system_joystick.launch.py
[0.073s] -- Up-to-date: /home/sdfr-ppd-16/SfDR-code/assignment6/ros2_ws/install/relbot_launch/share/relbot_launch//launch/relbot_sequence_controller.launch.py
[0.075s] -- Up-to-date: /home/sdfr-ppd-16/SfDR-code/assignment6/ros2_ws/install/relbot_launch/share/relbot_launch//launch/relbot_system.launch.py
[0.077s] -- Up-to-date: /home/sdfr-ppd-16/SfDR-code/assignment6/ros2_ws/install/relbot_launch/share/ament_index/resource_index/package_run_dependencies/relbot_launch
[0.080s] -- Up-to-date: /home/sdfr-ppd-16/SfDR-code/assignment6/ros2_ws/install/relbot_launch/share/ament_index/resource_index/parent_prefix_path/relbot_launch
[0.082s] -- Up-to-date: /home/sdfr-ppd-16/SfDR-code/assignment6/ros2_ws/install/relbot_launch/share/relbot_launch/environment/ament_prefix_path.sh
[0.085s] -- Up-to-date: /home/sdfr-ppd-16/SfDR-code/assignment6/ros2_ws/install/relbot_launch/share/relbot_launch/environment/ament_prefix_path.dsv
[0.087s] -- Up-to-date: /home/sdfr-ppd-16/SfDR-code/assignment6/ros2_ws/install/relbot_launch/share/relbot_launch/environment/path.sh
[0.095s] -- Up-to-date: /home/sdfr-ppd-16/SfDR-code/assignment6/ros2_ws/install/relbot_launch/share/relbot_launch/environment/path.dsv
[0.112s] -- Up-to-date: /home/sdfr-ppd-16/SfDR-code/assignment6/ros2_ws/install/relbot_launch/share/relbot_launch/local_setup.bash
[0.113s] -- Up-to-date: /home/sdfr-ppd-16/SfDR-code/assignment6/ros2_ws/install/relbot_launch/share/relbot_launch/local_setup.sh
[0.114s] -- Up-to-date: /home/sdfr-ppd-16/SfDR-code/assignment6/ros2_ws/install/relbot_launch/share/relbot_launch/local_setup.zsh
[0.115s] -- Up-to-date: /home/sdfr-ppd-16/SfDR-code/assignment6/ros2_ws/install/relbot_launch/share/relbot_launch/local_setup.dsv
[0.117s] -- Up-to-date: /home/sdfr-ppd-16/SfDR-code/assignment6/ros2_ws/install/relbot_launch/share/relbot_launch/package.dsv
[0.118s] -- Up-to-date: /home/sdfr-ppd-16/SfDR-code/assignment6/ros2_ws/install/relbot_launch/share/ament_index/resource_index/packages/relbot_launch
[0.121s] -- Up-to-date: /home/sdfr-ppd-16/SfDR-code/assignment6/ros2_ws/install/relbot_launch/share/relbot_launch/cmake/relbot_launchConfig.cmake
[0.123s] -- Up-to-date: /home/sdfr-ppd-16/SfDR-code/assignment6/ros2_ws/install/relbot_launch/share/relbot_launch/cmake/relbot_launchConfig-version.cmake
[0.132s] -- Up-to-date: /home/sdfr-ppd-16/SfDR-code/assignment6/ros2_ws/install/relbot_launch/share/relbot_launch/package.xml
[0.134s] Invoked command in '/home/sdfr-ppd-16/SfDR-code/assignment6/ros2_ws/build/relbot_launch' returned '0': CMAKE_PREFIX_PATH=${CMAKE_PREFIX_PATH}:/opt/ros/humble /usr/bin/cmake --install /home/sdfr-ppd-16/SfDR-code/assignment6/ros2_ws/build/relbot_launch
