[0.001s] Invoking command in '/home/srik/ros_ubuntu/ros2_ws/build/ros_xeno_bridge': CMAKE_PREFIX_PATH=/home/srik/ros_ubuntu/ros2_ws/install/xrf2_msgs:/home/srik/ros_ubuntu/ros2_ws/install/relbot_msgs:/opt/ros/humble DEBUGINFOD_URLS=https://debuginfod.archlinux.org https://debuginfod.cachyos.org LD_LIBRARY_PATH=/home/srik/ros_ubuntu/ros2_ws/install/xrf2_msgs/lib:/home/srik/ros_ubuntu/ros2_ws/install/relbot_msgs/lib:/opt/ros/humble/opt/rviz_ogre_vendor/lib:/opt/ros/humble/lib/x86_64-linux-gnu:/opt/ros/humble/lib /usr/bin/cmake /home/srik/ros_ubuntu/ros2_ws/src/XRF2/XenoRosFramework/Ros/ros_xeno_bridge -DCMAKE_INSTALL_PREFIX=/home/srik/ros_ubuntu/ros2_ws/install/ros_xeno_bridge
[0.026s] -- The C compiler identification is GNU 11.4.0
[0.054s] -- The CXX compiler identification is GNU 11.4.0
[0.058s] -- Detecting C compiler ABI info
[0.091s] -- Detecting C compiler ABI info - done
[0.096s] -- Check for working C compiler: /usr/bin/cc - skipped
[0.096s] -- Detecting C compile features
[0.096s] -- Detecting C compile features - done
[0.099s] -- Detecting CXX compiler ABI info
[0.141s] -- Detecting CXX compiler ABI info - done
[0.146s] -- Check for working CXX compiler: /usr/bin/c++ - skipped
[0.146s] -- Detecting CXX compile features
[0.146s] -- Detecting CXX compile features - done
[0.148s] -- Found ament_cmake: 1.3.13 (/opt/ros/humble/share/ament_cmake/cmake)
[0.237s] -- Found Python3: /usr/bin/python3 (found version "3.10.12") found components: Interpreter 
[0.289s] -- Found rclcpp: 16.0.18 (/opt/ros/humble/share/rclcpp/cmake)
[0.308s] -- Found rosidl_generator_c: 3.1.8 (/opt/ros/humble/share/rosidl_generator_c/cmake)
[0.310s] -- Found rosidl_adapter: 3.1.8 (/opt/ros/humble/share/rosidl_adapter/cmake)
[0.315s] -- Found rosidl_generator_cpp: 3.1.8 (/opt/ros/humble/share/rosidl_generator_cpp/cmake)
[0.321s] -- Using all available rosidl_typesupport_c: rosidl_typesupport_fastrtps_c;rosidl_typesupport_introspection_c
[0.328s] -- Using all available rosidl_typesupport_cpp: rosidl_typesupport_fastrtps_cpp;rosidl_typesupport_introspection_cpp
[0.349s] -- Found rmw_implementation_cmake: 6.1.2 (/opt/ros/humble/share/rmw_implementation_cmake/cmake)
[0.350s] -- Found rmw_fastrtps_cpp: 6.2.10 (/opt/ros/humble/share/rmw_fastrtps_cpp/cmake)
[0.393s] -- Found OpenSSL: /usr/lib/x86_64-linux-gnu/libcrypto.so (found version "3.0.2")  
[0.412s] -- Found FastRTPS: /opt/ros/humble/include  
[0.440s] -- Using RMW implementation 'rmw_fastrtps_cpp' as default
[0.443s] -- Looking for pthread.h
[0.480s] -- Looking for pthread.h - found
[0.480s] -- Performing Test CMAKE_HAVE_LIBC_PTHREAD
[0.518s] -- Performing Test CMAKE_HAVE_LIBC_PTHREAD - Success
[0.519s] -- Found Threads: TRUE  
[0.551s] -- Found xrf2_msgs: 0.0.0 (/home/srik/ros_ubuntu/ros2_ws/install/xrf2_msgs/share/xrf2_msgs/cmake)
[0.597s] -- Configuring done
[0.602s] -- Generating done
[0.604s] -- Build files have been written to: /home/srik/ros_ubuntu/ros2_ws/build/ros_xeno_bridge
[0.610s] Invoked command in '/home/srik/ros_ubuntu/ros2_ws/build/ros_xeno_bridge' returned '0': CMAKE_PREFIX_PATH=/home/srik/ros_ubuntu/ros2_ws/install/xrf2_msgs:/home/srik/ros_ubuntu/ros2_ws/install/relbot_msgs:/opt/ros/humble DEBUGINFOD_URLS=https://debuginfod.archlinux.org https://debuginfod.cachyos.org LD_LIBRARY_PATH=/home/srik/ros_ubuntu/ros2_ws/install/xrf2_msgs/lib:/home/srik/ros_ubuntu/ros2_ws/install/relbot_msgs/lib:/opt/ros/humble/opt/rviz_ogre_vendor/lib:/opt/ros/humble/lib/x86_64-linux-gnu:/opt/ros/humble/lib /usr/bin/cmake /home/srik/ros_ubuntu/ros2_ws/src/XRF2/XenoRosFramework/Ros/ros_xeno_bridge -DCMAKE_INSTALL_PREFIX=/home/srik/ros_ubuntu/ros2_ws/install/ros_xeno_bridge
[0.610s] Invoking command in '/home/srik/ros_ubuntu/ros2_ws/build/ros_xeno_bridge': CMAKE_PREFIX_PATH=/home/srik/ros_ubuntu/ros2_ws/install/xrf2_msgs:/home/srik/ros_ubuntu/ros2_ws/install/relbot_msgs:/opt/ros/humble DEBUGINFOD_URLS=https://debuginfod.archlinux.org https://debuginfod.cachyos.org LD_LIBRARY_PATH=/home/srik/ros_ubuntu/ros2_ws/install/xrf2_msgs/lib:/home/srik/ros_ubuntu/ros2_ws/install/relbot_msgs/lib:/opt/ros/humble/opt/rviz_ogre_vendor/lib:/opt/ros/humble/lib/x86_64-linux-gnu:/opt/ros/humble/lib /usr/bin/cmake --build /home/srik/ros_ubuntu/ros2_ws/build/ros_xeno_bridge -- -j32 -l32
[0.634s] [ 50%] [32mBuilding CXX object CMakeFiles/RosXenoBridge.dir/src/RosXenoBridge.cpp.o[0m
[7.725s] [100%] [32m[1mLinking CXX executable RosXenoBridge[0m
[7.766s] /usr/bin/ld: cannot find -levl: No such file or directory
[7.816s] collect2: error: ld returned 1 exit status
[7.816s] gmake[2]: *** [CMakeFiles/RosXenoBridge.dir/build.make:167: RosXenoBridge] Error 1
[7.817s] gmake[1]: *** [CMakeFiles/Makefile2:137: CMakeFiles/RosXenoBridge.dir/all] Error 2
[7.817s] gmake: *** [Makefile:146: all] Error 2
