[0.045s] Invoking command in '/home/sdfr-ppd-16/ros2_ws/build/relbot_sequence_controller': AMENT_PREFIX_PATH=/home/sdfr-ppd-16/ros2_ws/install/image_functions_sdfr:${AMENT_PREFIX_PATH} CMAKE_PREFIX_PATH=/home/sdfr-ppd-16/ros2_ws/install/image_functions_sdfr:/home/sdfr-ppd-16/ros2_ws/install/relbot_msgs:/home/sdfr-ppd-16/ros2_ws/install/xrf2_msgs:/opt/ros/humble LD_LIBRARY_PATH=/home/sdfr-ppd-16/ros2_ws/install/image_functions_sdfr/lib:${LD_LIBRARY_PATH} /usr/bin/cmake /home/sdfr-ppd-16/ros2_ws/src/relbot_sequence_controller/relbot_sequence_controller -DCMAKE_INSTALL_PREFIX=/home/sdfr-ppd-16/ros2_ws/install/relbot_sequence_controller
[0.284s] -- The C compiler identification is GNU 11.4.0
[0.517s] -- The CXX compiler identification is GNU 11.4.0
[0.545s] -- Detecting C compiler ABI info
[0.858s] -- Detecting C compiler ABI info - done
[0.890s] -- Check for working C compiler: /usr/bin/cc - skipped
[0.894s] -- Detecting C compile features
[0.898s] -- Detecting C compile features - done
[0.914s] -- Detecting CXX compiler ABI info
[1.234s] -- Detecting CXX compiler ABI info - done
[1.266s] -- Check for working CXX compiler: /usr/bin/c++ - skipped
[1.269s] -- Detecting CXX compile features
[1.273s] -- Detecting CXX compile features - done
[1.286s] -- Found ament_cmake: 1.3.11 (/opt/ros/humble/share/ament_cmake/cmake)
[2.070s] -- Found Python3: /usr/bin/python3 (found version "3.10.12") found components: Interpreter 
[2.552s] -- Found rclcpp: 16.0.11 (/opt/ros/humble/share/rclcpp/cmake)
[2.722s] -- Found rosidl_generator_c: 3.1.6 (/opt/ros/humble/share/rosidl_generator_c/cmake)
[2.744s] -- Found rosidl_adapter: 3.1.6 (/opt/ros/humble/share/rosidl_adapter/cmake)
[2.783s] -- Found rosidl_generator_cpp: 3.1.6 (/opt/ros/humble/share/rosidl_generator_cpp/cmake)
[2.841s] -- Using all available rosidl_typesupport_c: rosidl_typesupport_fastrtps_c;rosidl_typesupport_introspection_c
[2.920s] -- Using all available rosidl_typesupport_cpp: rosidl_typesupport_fastrtps_cpp;rosidl_typesupport_introspection_cpp
[3.138s] -- Found rmw_implementation_cmake: 6.1.2 (/opt/ros/humble/share/rmw_implementation_cmake/cmake)
[3.154s] -- Found rmw_fastrtps_cpp: 6.2.7 (/opt/ros/humble/share/rmw_fastrtps_cpp/cmake)
[3.499s] -- Found OpenSSL: /usr/lib/aarch64-linux-gnu/libcrypto.so (found version "3.0.2")  
[3.583s] -- Found FastRTPS: /opt/ros/humble/include  
[3.708s] -- Using RMW implementation 'rmw_fastrtps_cpp' as default
[3.746s] -- Looking for pthread.h
[4.048s] -- Looking for pthread.h - found
[4.052s] -- Performing Test CMAKE_HAVE_LIBC_PTHREAD
[4.346s] -- Performing Test CMAKE_HAVE_LIBC_PTHREAD - Success
[4.352s] -- Found Threads: TRUE  
[4.587s] -- Found example_interfaces: 0.9.3 (/opt/ros/humble/share/example_interfaces/cmake)
[4.830s] -- Found relbot_msgs: 2025.2.0 (/home/sdfr-ppd-16/ros2_ws/install/relbot_msgs/share/relbot_msgs/cmake)
[4.835s] -- Found image_functions_sdfr: 2.1.0 (/home/sdfr-ppd-16/ros2_ws/install/image_functions_sdfr/share/image_functions_sdfr/cmake)
[5.019s] -- Found ament_lint_auto: 0.12.11 (/opt/ros/humble/share/ament_lint_auto/cmake)
[5.507s] -- Added test 'cppcheck' to perform static code analysis on C / C++ code
[5.510s] -- Configured cppcheck include dirs: /home/sdfr-ppd-16/ros2_ws/src/relbot_sequence_controller/relbot_sequence_controller/include
[5.512s] -- Configured cppcheck exclude dirs and/or files: 
[5.518s] -- Added test 'lint_cmake' to check CMake code style
[5.525s] -- Added test 'uncrustify' to check C / C++ code style
[5.527s] -- Configured uncrustify additional arguments: 
[5.532s] -- Added test 'xmllint' to check XML markup files
[5.546s] -- Configuring done
[5.646s] -- Generating done
[5.698s] -- Build files have been written to: /home/sdfr-ppd-16/ros2_ws/build/relbot_sequence_controller
[5.767s] Invoked command in '/home/sdfr-ppd-16/ros2_ws/build/relbot_sequence_controller' returned '0': AMENT_PREFIX_PATH=/home/sdfr-ppd-16/ros2_ws/install/image_functions_sdfr:${AMENT_PREFIX_PATH} CMAKE_PREFIX_PATH=/home/sdfr-ppd-16/ros2_ws/install/image_functions_sdfr:/home/sdfr-ppd-16/ros2_ws/install/relbot_msgs:/home/sdfr-ppd-16/ros2_ws/install/xrf2_msgs:/opt/ros/humble LD_LIBRARY_PATH=/home/sdfr-ppd-16/ros2_ws/install/image_functions_sdfr/lib:${LD_LIBRARY_PATH} /usr/bin/cmake /home/sdfr-ppd-16/ros2_ws/src/relbot_sequence_controller/relbot_sequence_controller -DCMAKE_INSTALL_PREFIX=/home/sdfr-ppd-16/ros2_ws/install/relbot_sequence_controller
[5.770s] Invoking command in '/home/sdfr-ppd-16/ros2_ws/build/relbot_sequence_controller': AMENT_PREFIX_PATH=/home/sdfr-ppd-16/ros2_ws/install/image_functions_sdfr:${AMENT_PREFIX_PATH} CMAKE_PREFIX_PATH=/home/sdfr-ppd-16/ros2_ws/install/image_functions_sdfr:/home/sdfr-ppd-16/ros2_ws/install/relbot_msgs:/home/sdfr-ppd-16/ros2_ws/install/xrf2_msgs:/opt/ros/humble LD_LIBRARY_PATH=/home/sdfr-ppd-16/ros2_ws/install/image_functions_sdfr/lib:${LD_LIBRARY_PATH} /usr/bin/cmake --build /home/sdfr-ppd-16/ros2_ws/build/relbot_sequence_controller -- -j3 -l3
[5.950s] [ 25%] [32mBuilding CXX object CMakeFiles/relbot_sequence_controller.dir/src/relbot_sequence_controller.cpp.o[0m
[6.000s] [ 50%] [32mBuilding CXX object CMakeFiles/colour_detector.dir/src/colour_detector.cpp.o[0m
[61.492s] [ 75%] [32m[1mLinking CXX executable colour_detector[0m
[63.751s] [100%] [32m[1mLinking CXX executable relbot_sequence_controller[0m
[65.430s] [100%] Built target colour_detector
[67.091s] [100%] Built target relbot_sequence_controller
[67.129s] Invoked command in '/home/sdfr-ppd-16/ros2_ws/build/relbot_sequence_controller' returned '0': AMENT_PREFIX_PATH=/home/sdfr-ppd-16/ros2_ws/install/image_functions_sdfr:${AMENT_PREFIX_PATH} CMAKE_PREFIX_PATH=/home/sdfr-ppd-16/ros2_ws/install/image_functions_sdfr:/home/sdfr-ppd-16/ros2_ws/install/relbot_msgs:/home/sdfr-ppd-16/ros2_ws/install/xrf2_msgs:/opt/ros/humble LD_LIBRARY_PATH=/home/sdfr-ppd-16/ros2_ws/install/image_functions_sdfr/lib:${LD_LIBRARY_PATH} /usr/bin/cmake --build /home/sdfr-ppd-16/ros2_ws/build/relbot_sequence_controller -- -j3 -l3
[67.132s] Invoking command in '/home/sdfr-ppd-16/ros2_ws/build/relbot_sequence_controller': AMENT_PREFIX_PATH=/home/sdfr-ppd-16/ros2_ws/install/image_functions_sdfr:${AMENT_PREFIX_PATH} CMAKE_PREFIX_PATH=/home/sdfr-ppd-16/ros2_ws/install/image_functions_sdfr:/home/sdfr-ppd-16/ros2_ws/install/relbot_msgs:/home/sdfr-ppd-16/ros2_ws/install/xrf2_msgs:/opt/ros/humble LD_LIBRARY_PATH=/home/sdfr-ppd-16/ros2_ws/install/image_functions_sdfr/lib:${LD_LIBRARY_PATH} /usr/bin/cmake --install /home/sdfr-ppd-16/ros2_ws/build/relbot_sequence_controller
[67.161s] -- Install configuration: ""
[67.164s] -- Installing: /home/sdfr-ppd-16/ros2_ws/install/relbot_sequence_controller/lib/relbot_sequence_controller/relbot_sequence_controller
[67.340s] -- Set runtime path of "/home/sdfr-ppd-16/ros2_ws/install/relbot_sequence_controller/lib/relbot_sequence_controller/relbot_sequence_controller" to ""
[67.342s] -- Installing: /home/sdfr-ppd-16/ros2_ws/install/relbot_sequence_controller/lib/relbot_sequence_controller/colour_detector
[67.522s] -- Set runtime path of "/home/sdfr-ppd-16/ros2_ws/install/relbot_sequence_controller/lib/relbot_sequence_controller/colour_detector" to ""
[67.523s] -- Installing: /home/sdfr-ppd-16/ros2_ws/install/relbot_sequence_controller/share/ament_index/resource_index/package_run_dependencies/relbot_sequence_controller
[67.525s] -- Installing: /home/sdfr-ppd-16/ros2_ws/install/relbot_sequence_controller/share/ament_index/resource_index/parent_prefix_path/relbot_sequence_controller
[67.527s] -- Installing: /home/sdfr-ppd-16/ros2_ws/install/relbot_sequence_controller/share/relbot_sequence_controller/environment/ament_prefix_path.sh
[67.528s] -- Installing: /home/sdfr-ppd-16/ros2_ws/install/relbot_sequence_controller/share/relbot_sequence_controller/environment/ament_prefix_path.dsv
[67.532s] -- Installing: /home/sdfr-ppd-16/ros2_ws/install/relbot_sequence_controller/share/relbot_sequence_controller/environment/path.sh
[67.535s] -- Installing: /home/sdfr-ppd-16/ros2_ws/install/relbot_sequence_controller/share/relbot_sequence_controller/environment/path.dsv
[67.541s] -- Installing: /home/sdfr-ppd-16/ros2_ws/install/relbot_sequence_controller/share/relbot_sequence_controller/local_setup.bash
[67.543s] -- Installing: /home/sdfr-ppd-16/ros2_ws/install/relbot_sequence_controller/share/relbot_sequence_controller/local_setup.sh
[67.562s] -- Installing: /home/sdfr-ppd-16/ros2_ws/install/relbot_sequence_controller/share/relbot_sequence_controller/local_setup.zsh
[67.563s] -- Installing: /home/sdfr-ppd-16/ros2_ws/install/relbot_sequence_controller/share/relbot_sequence_controller/local_setup.dsv
[67.565s] -- Installing: /home/sdfr-ppd-16/ros2_ws/install/relbot_sequence_controller/share/relbot_sequence_controller/package.dsv
[67.566s] -- Installing: /home/sdfr-ppd-16/ros2_ws/install/relbot_sequence_controller/share/ament_index/resource_index/packages/relbot_sequence_controller
[67.567s] -- Installing: /home/sdfr-ppd-16/ros2_ws/install/relbot_sequence_controller/share/relbot_sequence_controller/cmake/relbot_sequence_controllerConfig.cmake
[67.569s] -- Installing: /home/sdfr-ppd-16/ros2_ws/install/relbot_sequence_controller/share/relbot_sequence_controller/cmake/relbot_sequence_controllerConfig-version.cmake
[67.570s] -- Installing: /home/sdfr-ppd-16/ros2_ws/install/relbot_sequence_controller/share/relbot_sequence_controller/package.xml
[67.572s] Invoked command in '/home/sdfr-ppd-16/ros2_ws/build/relbot_sequence_controller' returned '0': AMENT_PREFIX_PATH=/home/sdfr-ppd-16/ros2_ws/install/image_functions_sdfr:${AMENT_PREFIX_PATH} CMAKE_PREFIX_PATH=/home/sdfr-ppd-16/ros2_ws/install/image_functions_sdfr:/home/sdfr-ppd-16/ros2_ws/install/relbot_msgs:/home/sdfr-ppd-16/ros2_ws/install/xrf2_msgs:/opt/ros/humble LD_LIBRARY_PATH=/home/sdfr-ppd-16/ros2_ws/install/image_functions_sdfr/lib:${LD_LIBRARY_PATH} /usr/bin/cmake --install /home/sdfr-ppd-16/ros2_ws/build/relbot_sequence_controller
