[0.007s] Invoking command in '/home/srik/ros_ubuntu/ros2_ws/build/ros_xeno_bridge': CMAKE_PREFIX_PATH=${CMAKE_PREFIX_PATH}:/opt/ros/humble DEBUGINFOD_URLS=https://debuginfod.archlinux.org https://debuginfod.cachyos.org /usr/bin/cmake /home/srik/ros_ubuntu/ros2_ws/src/XRF2/XenoRosFramework/Ros/ros_xeno_bridge -DCMAKE_INSTALL_PREFIX=/home/srik/ros_ubuntu/ros2_ws/install/ros_xeno_bridge
[0.040s] -- The C compiler identification is GNU 11.4.0
[0.076s] -- The CXX compiler identification is GNU 11.4.0
[0.081s] -- Detecting C compiler ABI info
[0.126s] -- Detecting C compiler ABI info - done
[0.133s] -- Check for working C compiler: /usr/bin/cc - skipped
[0.133s] -- Detecting C compile features
[0.133s] -- Detecting C compile features - done
[0.134s] -- Detecting CXX compiler ABI info
[0.195s] -- Detecting CXX compiler ABI info - done
[0.201s] -- Check for working CXX compiler: /usr/bin/c++ - skipped
[0.201s] -- Detecting CXX compile features
[0.202s] -- Detecting CXX compile features - done
[0.204s] -- Found ament_cmake: 1.3.13 (/opt/ros/humble/share/ament_cmake/cmake)
[0.316s] -- Found Python3: /usr/bin/python3 (found version "3.10.12") found components: Interpreter 
[0.375s] -- Found rclcpp: 16.0.18 (/opt/ros/humble/share/rclcpp/cmake)
[0.404s] -- Found rosidl_generator_c: 3.1.8 (/opt/ros/humble/share/rosidl_generator_c/cmake)
[0.408s] -- Found rosidl_adapter: 3.1.8 (/opt/ros/humble/share/rosidl_adapter/cmake)
[0.413s] -- Found rosidl_generator_cpp: 3.1.8 (/opt/ros/humble/share/rosidl_generator_cpp/cmake)
[0.422s] -- Using all available rosidl_typesupport_c: rosidl_typesupport_fastrtps_c;rosidl_typesupport_introspection_c
[0.433s] -- Using all available rosidl_typesupport_cpp: rosidl_typesupport_fastrtps_cpp;rosidl_typesupport_introspection_cpp
[0.464s] -- Found rmw_implementation_cmake: 6.1.2 (/opt/ros/humble/share/rmw_implementation_cmake/cmake)
[0.466s] -- Found rmw_fastrtps_cpp: 6.2.10 (/opt/ros/humble/share/rmw_fastrtps_cpp/cmake)
[0.525s] -- Found OpenSSL: /usr/lib/x86_64-linux-gnu/libcrypto.so (found version "3.0.2")  
[0.546s] -- Found FastRTPS: /opt/ros/humble/include  
[0.578s] -- Using RMW implementation 'rmw_fastrtps_cpp' as default
[0.584s] -- Looking for pthread.h
[0.631s] -- Looking for pthread.h - found
[0.631s] -- Performing Test CMAKE_HAVE_LIBC_PTHREAD
[0.686s] -- Performing Test CMAKE_HAVE_LIBC_PTHREAD - Success
[0.687s] -- Found Threads: TRUE  
[0.727s] -- Found xrf2_msgs: 0.0.0 (/home/srik/ros_ubuntu/ros2_ws/install/xrf2_msgs/share/xrf2_msgs/cmake)
[0.796s] -- Configuring done
[0.802s] -- Generating done
[0.805s] -- Build files have been written to: /home/srik/ros_ubuntu/ros2_ws/build/ros_xeno_bridge
[0.811s] Invoked command in '/home/srik/ros_ubuntu/ros2_ws/build/ros_xeno_bridge' returned '0': CMAKE_PREFIX_PATH=${CMAKE_PREFIX_PATH}:/opt/ros/humble DEBUGINFOD_URLS=https://debuginfod.archlinux.org https://debuginfod.cachyos.org /usr/bin/cmake /home/srik/ros_ubuntu/ros2_ws/src/XRF2/XenoRosFramework/Ros/ros_xeno_bridge -DCMAKE_INSTALL_PREFIX=/home/srik/ros_ubuntu/ros2_ws/install/ros_xeno_bridge
[0.813s] Invoking command in '/home/srik/ros_ubuntu/ros2_ws/build/ros_xeno_bridge': CMAKE_PREFIX_PATH=${CMAKE_PREFIX_PATH}:/opt/ros/humble DEBUGINFOD_URLS=https://debuginfod.archlinux.org https://debuginfod.cachyos.org /usr/bin/cmake --build /home/srik/ros_ubuntu/ros2_ws/build/ros_xeno_bridge -- -j32 -l32
[0.842s] [ 50%] [32mBuilding CXX object CMakeFiles/RosXenoBridge.dir/src/RosXenoBridge.cpp.o[0m
[7.899s] [100%] [32m[1mLinking CXX executable RosXenoBridge[0m
[7.951s] /usr/bin/ld: cannot find -levl: No such file or directory
[7.995s] collect2: error: ld returned 1 exit status
[7.996s] gmake[2]: *** [CMakeFiles/RosXenoBridge.dir/build.make:167: RosXenoBridge] Error 1
[7.996s] gmake[1]: *** [CMakeFiles/Makefile2:137: CMakeFiles/RosXenoBridge.dir/all] Error 2
[7.996s] gmake: *** [Makefile:146: all] Error 2
