[0.014s] Invoking command in '/home/sdfr-ppd-16/ros2_ws/build/relbot_simulator': CMAKE_PREFIX_PATH=/home/sdfr-ppd-16/ros2_ws/install/relbot_msgs:/home/sdfr-ppd-16/ros2_ws/install/ros_xeno_bridge:/home/sdfr-ppd-16/ros2_ws/install/xrf2_msgs:/home/sdfr-ppd-16/ros2_ws/install/relbot_simulator:/home/sdfr-ppd-16/ros2_ws/install/relbot_sequence_controller:/home/sdfr-ppd-16/ros2_ws/install/relbot_launch:/home/sdfr-ppd-16/ros2_ws/install/relbot_adapter:/home/sdfr-ppd-16/ros2_ws/install/relbot2turtlesim:/home/sdfr-ppd-16/ros2_ws/install/image_functions_sdfr:/opt/ros/humble LD_LIBRARY_PATH=/home/sdfr-ppd-16/ros2_ws/install/relbot_msgs/lib:/home/sdfr-ppd-16/ros2_ws/install/xrf2_msgs/lib:/home/sdfr-ppd-16/ros2_ws/install/image_functions_sdfr/lib:/opt/ros/humble/opt/rviz_ogre_vendor/lib:/opt/ros/humble/lib/aarch64-linux-gnu:/opt/ros/humble/lib /usr/bin/cmake --build /home/sdfr-ppd-16/ros2_ws/build/relbot_simulator -- -j3 -l3
[0.173s] [100%] Built target relbot_simulator
[0.310s] Invoked command in '/home/sdfr-ppd-16/ros2_ws/build/relbot_simulator' returned '0': CMAKE_PREFIX_PATH=/home/sdfr-ppd-16/ros2_ws/install/relbot_msgs:/home/sdfr-ppd-16/ros2_ws/install/ros_xeno_bridge:/home/sdfr-ppd-16/ros2_ws/install/xrf2_msgs:/home/sdfr-ppd-16/ros2_ws/install/relbot_simulator:/home/sdfr-ppd-16/ros2_ws/install/relbot_sequence_controller:/home/sdfr-ppd-16/ros2_ws/install/relbot_launch:/home/sdfr-ppd-16/ros2_ws/install/relbot_adapter:/home/sdfr-ppd-16/ros2_ws/install/relbot2turtlesim:/home/sdfr-ppd-16/ros2_ws/install/image_functions_sdfr:/opt/ros/humble LD_LIBRARY_PATH=/home/sdfr-ppd-16/ros2_ws/install/relbot_msgs/lib:/home/sdfr-ppd-16/ros2_ws/install/xrf2_msgs/lib:/home/sdfr-ppd-16/ros2_ws/install/image_functions_sdfr/lib:/opt/ros/humble/opt/rviz_ogre_vendor/lib:/opt/ros/humble/lib/aarch64-linux-gnu:/opt/ros/humble/lib /usr/bin/cmake --build /home/sdfr-ppd-16/ros2_ws/build/relbot_simulator -- -j3 -l3
[0.315s] Invoking command in '/home/sdfr-ppd-16/ros2_ws/build/relbot_simulator': CMAKE_PREFIX_PATH=/home/sdfr-ppd-16/ros2_ws/install/relbot_msgs:/home/sdfr-ppd-16/ros2_ws/install/ros_xeno_bridge:/home/sdfr-ppd-16/ros2_ws/install/xrf2_msgs:/home/sdfr-ppd-16/ros2_ws/install/relbot_simulator:/home/sdfr-ppd-16/ros2_ws/install/relbot_sequence_controller:/home/sdfr-ppd-16/ros2_ws/install/relbot_launch:/home/sdfr-ppd-16/ros2_ws/install/relbot_adapter:/home/sdfr-ppd-16/ros2_ws/install/relbot2turtlesim:/home/sdfr-ppd-16/ros2_ws/install/image_functions_sdfr:/opt/ros/humble LD_LIBRARY_PATH=/home/sdfr-ppd-16/ros2_ws/install/relbot_msgs/lib:/home/sdfr-ppd-16/ros2_ws/install/xrf2_msgs/lib:/home/sdfr-ppd-16/ros2_ws/install/image_functions_sdfr/lib:/opt/ros/humble/opt/rviz_ogre_vendor/lib:/opt/ros/humble/lib/aarch64-linux-gnu:/opt/ros/humble/lib /usr/bin/cmake --install /home/sdfr-ppd-16/ros2_ws/build/relbot_simulator
[0.334s] -- Install configuration: ""
[0.335s] -- Up-to-date: /home/sdfr-ppd-16/ros2_ws/install/relbot_simulator/lib/relbot_simulator/relbot_simulator
[0.336s] -- Up-to-date: /home/sdfr-ppd-16/ros2_ws/install/relbot_simulator/include
[0.337s] -- Up-to-date: /home/sdfr-ppd-16/ros2_ws/install/relbot_simulator/include/xxmatrix.cpp
[0.340s] -- Up-to-date: /home/sdfr-ppd-16/ros2_ws/install/relbot_simulator/include/MotionProfiles.h
[0.343s] -- Up-to-date: /home/sdfr-ppd-16/ros2_ws/install/relbot_simulator/include/xxfuncs.h
[0.345s] -- Up-to-date: /home/sdfr-ppd-16/ros2_ws/install/relbot_simulator/include/EulerAngles.h
[0.347s] -- Up-to-date: /home/sdfr-ppd-16/ros2_ws/install/relbot_simulator/include/xxmatrix.h
[0.348s] -- Up-to-date: /home/sdfr-ppd-16/ros2_ws/install/relbot_simulator/include/xxinverse.cpp
[0.350s] -- Up-to-date: /home/sdfr-ppd-16/ros2_ws/install/relbot_simulator/include/xxinteg.cpp
[0.353s] -- Up-to-date: /home/sdfr-ppd-16/ros2_ws/install/relbot_simulator/include/xxinteg.h
[0.354s] -- Up-to-date: /home/sdfr-ppd-16/ros2_ws/install/relbot_simulator/include/xxmodel.h
[0.355s] -- Up-to-date: /home/sdfr-ppd-16/ros2_ws/install/relbot_simulator/include/EulerAngles.cpp
[0.358s] -- Up-to-date: /home/sdfr-ppd-16/ros2_ws/install/relbot_simulator/include/xxinverse.h
[0.360s] -- Up-to-date: /home/sdfr-ppd-16/ros2_ws/install/relbot_simulator/include/MotionProfiles.cpp
[0.362s] -- Up-to-date: /home/sdfr-ppd-16/ros2_ws/install/relbot_simulator/include/xxtypes.h
[0.364s] -- Up-to-date: /home/sdfr-ppd-16/ros2_ws/install/relbot_simulator/include/xxfuncs.cpp
[0.366s] -- Up-to-date: /home/sdfr-ppd-16/ros2_ws/install/relbot_simulator/share/ament_index/resource_index/package_run_dependencies/relbot_simulator
[0.368s] -- Up-to-date: /home/sdfr-ppd-16/ros2_ws/install/relbot_simulator/share/ament_index/resource_index/parent_prefix_path/relbot_simulator
[0.372s] -- Up-to-date: /home/sdfr-ppd-16/ros2_ws/install/relbot_simulator/share/relbot_simulator/environment/ament_prefix_path.sh
[0.375s] -- Up-to-date: /home/sdfr-ppd-16/ros2_ws/install/relbot_simulator/share/relbot_simulator/environment/ament_prefix_path.dsv
[0.377s] -- Up-to-date: /home/sdfr-ppd-16/ros2_ws/install/relbot_simulator/share/relbot_simulator/environment/path.sh
[0.379s] -- Up-to-date: /home/sdfr-ppd-16/ros2_ws/install/relbot_simulator/share/relbot_simulator/environment/path.dsv
[0.380s] -- Up-to-date: /home/sdfr-ppd-16/ros2_ws/install/relbot_simulator/share/relbot_simulator/local_setup.bash
[0.382s] -- Up-to-date: /home/sdfr-ppd-16/ros2_ws/install/relbot_simulator/share/relbot_simulator/local_setup.sh
[0.384s] -- Up-to-date: /home/sdfr-ppd-16/ros2_ws/install/relbot_simulator/share/relbot_simulator/local_setup.zsh
[0.386s] -- Up-to-date: /home/sdfr-ppd-16/ros2_ws/install/relbot_simulator/share/relbot_simulator/local_setup.dsv
[0.387s] -- Installing: /home/sdfr-ppd-16/ros2_ws/install/relbot_simulator/share/relbot_simulator/package.dsv
[0.390s] -- Up-to-date: /home/sdfr-ppd-16/ros2_ws/install/relbot_simulator/share/ament_index/resource_index/packages/relbot_simulator
[0.392s] -- Up-to-date: /home/sdfr-ppd-16/ros2_ws/install/relbot_simulator/share/relbot_simulator/cmake/relbot_simulatorConfig.cmake
[0.393s] -- Up-to-date: /home/sdfr-ppd-16/ros2_ws/install/relbot_simulator/share/relbot_simulator/cmake/relbot_simulatorConfig-version.cmake
[0.395s] -- Up-to-date: /home/sdfr-ppd-16/ros2_ws/install/relbot_simulator/share/relbot_simulator/package.xml
[0.400s] Invoked command in '/home/sdfr-ppd-16/ros2_ws/build/relbot_simulator' returned '0': CMAKE_PREFIX_PATH=/home/sdfr-ppd-16/ros2_ws/install/relbot_msgs:/home/sdfr-ppd-16/ros2_ws/install/ros_xeno_bridge:/home/sdfr-ppd-16/ros2_ws/install/xrf2_msgs:/home/sdfr-ppd-16/ros2_ws/install/relbot_simulator:/home/sdfr-ppd-16/ros2_ws/install/relbot_sequence_controller:/home/sdfr-ppd-16/ros2_ws/install/relbot_launch:/home/sdfr-ppd-16/ros2_ws/install/relbot_adapter:/home/sdfr-ppd-16/ros2_ws/install/relbot2turtlesim:/home/sdfr-ppd-16/ros2_ws/install/image_functions_sdfr:/opt/ros/humble LD_LIBRARY_PATH=/home/sdfr-ppd-16/ros2_ws/install/relbot_msgs/lib:/home/sdfr-ppd-16/ros2_ws/install/xrf2_msgs/lib:/home/sdfr-ppd-16/ros2_ws/install/image_functions_sdfr/lib:/opt/ros/humble/opt/rviz_ogre_vendor/lib:/opt/ros/humble/lib/aarch64-linux-gnu:/opt/ros/humble/lib /usr/bin/cmake --install /home/sdfr-ppd-16/ros2_ws/build/relbot_simulator
