[0.017s] Invoking command in '/home/srik/ros_ubuntu/ros2_ws/build/relbot_adapter': CMAKE_PREFIX_PATH=${CMAKE_PREFIX_PATH}:/opt/ros/humble DEBUGINFOD_URLS=https://debuginfod.archlinux.org https://debuginfod.cachyos.org /usr/bin/cmake /home/srik/ros_ubuntu/ros2_ws/src/relbot_adapter -DCMAKE_INSTALL_PREFIX=/home/srik/ros_ubuntu/ros2_ws/install/relbot_adapter
[0.052s] -- The C compiler identification is GNU 11.4.0
[0.096s] -- The CXX compiler identification is GNU 11.4.0
[0.100s] -- Detecting C compiler ABI info
[0.134s] -- Detecting C compiler ABI info - done
[0.139s] -- Check for working C compiler: /usr/bin/cc - skipped
[0.139s] -- Detecting C compile features
[0.140s] -- Detecting C compile features - done
[0.141s] -- Detecting CXX compiler ABI info
[0.184s] -- Detecting CXX compiler ABI info - done
[0.189s] -- Check for working CXX compiler: /usr/bin/c++ - skipped
[0.190s] -- Detecting CXX compile features
[0.190s] -- Detecting CXX compile features - done
[0.191s] -- Found ament_cmake: 1.3.13 (/opt/ros/humble/share/ament_cmake/cmake)
[0.287s] -- Found Python3: /usr/bin/python3 (found version "3.10.12") found components: Interpreter 
[0.336s] -- Found rclcpp: 16.0.18 (/opt/ros/humble/share/rclcpp/cmake)
[0.362s] -- Found rosidl_generator_c: 3.1.8 (/opt/ros/humble/share/rosidl_generator_c/cmake)
[0.364s] -- Found rosidl_adapter: 3.1.8 (/opt/ros/humble/share/rosidl_adapter/cmake)
[0.370s] -- Found rosidl_generator_cpp: 3.1.8 (/opt/ros/humble/share/rosidl_generator_cpp/cmake)
[0.377s] -- Using all available rosidl_typesupport_c: rosidl_typesupport_fastrtps_c;rosidl_typesupport_introspection_c
[0.387s] -- Using all available rosidl_typesupport_cpp: rosidl_typesupport_fastrtps_cpp;rosidl_typesupport_introspection_cpp
[0.419s] -- Found rmw_implementation_cmake: 6.1.2 (/opt/ros/humble/share/rmw_implementation_cmake/cmake)
[0.420s] -- Found rmw_fastrtps_cpp: 6.2.10 (/opt/ros/humble/share/rmw_fastrtps_cpp/cmake)
[0.471s] -- Found OpenSSL: /usr/lib/x86_64-linux-gnu/libcrypto.so (found version "3.0.2")  
[0.491s] -- Found FastRTPS: /opt/ros/humble/include  
[0.520s] -- Using RMW implementation 'rmw_fastrtps_cpp' as default
[0.527s] -- Looking for pthread.h
[0.566s] -- Looking for pthread.h - found
[0.567s] -- Performing Test CMAKE_HAVE_LIBC_PTHREAD
[0.611s] -- Performing Test CMAKE_HAVE_LIBC_PTHREAD - Success
[0.612s] -- Found Threads: TRUE  
[0.645s] -- Found example_interfaces: 0.9.3 (/opt/ros/humble/share/example_interfaces/cmake)
[0.679s] -- Found geometry_msgs: 4.9.1 (/opt/ros/humble/share/geometry_msgs/cmake)
[0.696s] [31mCMake Error at CMakeLists.txt:13 (find_package):
[0.696s]   By not providing "Findrelbot_msgs.cmake" in CMAKE_MODULE_PATH this project
[0.696s]   has asked CMake to find a package configuration file provided by
[0.696s]   "relbot_msgs", but CMake did not find one.
[0.696s] 
[0.696s]   Could not find a package configuration file provided by "relbot_msgs" with
[0.696s]   any of the following names:
[0.696s] 
[0.696s]     relbot_msgsConfig.cmake
[0.696s]     relbot_msgs-config.cmake
[0.696s] 
[0.696s]   Add the installation prefix of "relbot_msgs" to CMAKE_PREFIX_PATH or set
[0.696s]   "relbot_msgs_DIR" to a directory containing one of the above files.  If
[0.696s]   "relbot_msgs" provides a separate development package or SDK, be sure it
[0.696s]   has been installed.
[0.696s] 
[0.696s] [0m
[0.696s] -- Configuring incomplete, errors occurred!
[0.696s] See also "/home/srik/ros_ubuntu/ros2_ws/build/relbot_adapter/CMakeFiles/CMakeOutput.log".
[0.700s] Invoked command in '/home/srik/ros_ubuntu/ros2_ws/build/relbot_adapter' returned '1': CMAKE_PREFIX_PATH=${CMAKE_PREFIX_PATH}:/opt/ros/humble DEBUGINFOD_URLS=https://debuginfod.archlinux.org https://debuginfod.cachyos.org /usr/bin/cmake /home/srik/ros_ubuntu/ros2_ws/src/relbot_adapter -DCMAKE_INSTALL_PREFIX=/home/srik/ros_ubuntu/ros2_ws/install/relbot_adapter
