[0.041s] Invoking command in '/home/sdfr-ppd-16/ros2_ws/build/sdfr_ppd': CMAKE_PREFIX_PATH=/home/sdfr-ppd-16/ros2_ws/install/xrf2_msgs:/home/sdfr-ppd-16/ros2_ws/install/relbot_msgs LD_LIBRARY_PATH=/home/sdfr-ppd-16/ros2_ws/install/xrf2_msgs/lib:/home/sdfr-ppd-16/ros2_ws/install/relbot_msgs/lib:/opt/ros/humble/opt/rviz_ogre_vendor/lib:/opt/ros/humble/lib/aarch64-linux-gnu:/opt/ros/humble/lib /usr/bin/cmake /home/sdfr-ppd-16/ros2_ws/src/sdfr_ppd -DCMAKE_INSTALL_PREFIX=/home/sdfr-ppd-16/ros2_ws/install/sdfr_ppd
[0.416s] -- The C compiler identification is GNU 11.4.0
[0.672s] -- The CXX compiler identification is GNU 11.4.0
[0.698s] -- Detecting C compiler ABI info
[1.014s] -- Detecting C compiler ABI info - done
[1.043s] -- Check for working C compiler: /usr/bin/cc - skipped
[1.045s] -- Detecting C compile features
[1.049s] -- Detecting C compile features - done
[1.064s] -- Detecting CXX compiler ABI info
[1.377s] -- Detecting CXX compiler ABI info - done
[1.408s] -- Check for working CXX compiler: /usr/bin/c++ - skipped
[1.411s] -- Detecting CXX compile features
[1.415s] -- Detecting CXX compile features - done
[1.613s] [0mTIME_STEP_SIZE_VALUE = 0.01[0m
[1.618s] -- Looking for pthread.h
[1.939s] -- Looking for pthread.h - found
[1.942s] -- Performing Test CMAKE_HAVE_LIBC_PTHREAD
[2.222s] -- Performing Test CMAKE_HAVE_LIBC_PTHREAD - Success
[2.227s] -- Found Threads: TRUE  
[2.231s] -- Found xrf2_msgs: 0.0.0 (/home/sdfr-ppd-16/ros2_ws/install/xrf2_msgs/share/xrf2_msgs/cmake)
[2.983s] -- Found Python3: /usr/bin/python3 (found version "3.10.12") found components: Interpreter 
[3.573s] -- Found rosidl_generator_c: 3.1.6 (/opt/ros/humble/share/rosidl_generator_c/cmake)
[3.597s] -- Found rosidl_adapter: 3.1.6 (/opt/ros/humble/share/rosidl_adapter/cmake)
[3.634s] -- Found rosidl_generator_cpp: 3.1.6 (/opt/ros/humble/share/rosidl_generator_cpp/cmake)
[3.688s] -- Using all available rosidl_typesupport_c: rosidl_typesupport_fastrtps_c;rosidl_typesupport_introspection_c
[3.760s] -- Using all available rosidl_typesupport_cpp: rosidl_typesupport_fastrtps_cpp;rosidl_typesupport_introspection_cpp
[3.813s] -- Found rclcpp: 16.0.11 (/opt/ros/humble/share/rclcpp/cmake)
[4.041s] -- Found rmw_implementation_cmake: 6.1.2 (/opt/ros/humble/share/rmw_implementation_cmake/cmake)
[4.052s] -- Found rmw_fastrtps_cpp: 6.2.7 (/opt/ros/humble/share/rmw_fastrtps_cpp/cmake)
[4.372s] -- Found OpenSSL: /usr/lib/aarch64-linux-gnu/libcrypto.so (found version "3.0.2")  
[4.460s] -- Found FastRTPS: /opt/ros/humble/include  
[4.592s] -- Using RMW implementation 'rmw_fastrtps_cpp' as default
[4.873s] -- Configuring done
[4.952s] -- Generating done
[4.987s] -- Build files have been written to: /home/sdfr-ppd-16/ros2_ws/build/sdfr_ppd
[5.040s] Invoked command in '/home/sdfr-ppd-16/ros2_ws/build/sdfr_ppd' returned '0': CMAKE_PREFIX_PATH=/home/sdfr-ppd-16/ros2_ws/install/xrf2_msgs:/home/sdfr-ppd-16/ros2_ws/install/relbot_msgs LD_LIBRARY_PATH=/home/sdfr-ppd-16/ros2_ws/install/xrf2_msgs/lib:/home/sdfr-ppd-16/ros2_ws/install/relbot_msgs/lib:/opt/ros/humble/opt/rviz_ogre_vendor/lib:/opt/ros/humble/lib/aarch64-linux-gnu:/opt/ros/humble/lib /usr/bin/cmake /home/sdfr-ppd-16/ros2_ws/src/sdfr_ppd -DCMAKE_INSTALL_PREFIX=/home/sdfr-ppd-16/ros2_ws/install/sdfr_ppd
[5.043s] Invoking command in '/home/sdfr-ppd-16/ros2_ws/build/sdfr_ppd': CMAKE_PREFIX_PATH=/home/sdfr-ppd-16/ros2_ws/install/xrf2_msgs:/home/sdfr-ppd-16/ros2_ws/install/relbot_msgs LD_LIBRARY_PATH=/home/sdfr-ppd-16/ros2_ws/install/xrf2_msgs/lib:/home/sdfr-ppd-16/ros2_ws/install/relbot_msgs/lib:/opt/ros/humble/opt/rviz_ogre_vendor/lib:/opt/ros/humble/lib/aarch64-linux-gnu:/opt/ros/humble/lib /usr/bin/cmake --build /home/sdfr-ppd-16/ros2_ws/build/sdfr_ppd -- -j3 -l3
[5.234s] [  4%] [32mBuilding CXX object CMakeFiles/sdfr_ppd.dir/main.cpp.o[0m
[8.871s] [  9%] [32mBuilding CXX object CMakeFiles/sdfr_ppd.dir/home/sdfr-ppd-16/ros2_ws/src/XRF2/XenoRosFramework/Xenomai/src/IcoIo.cpp.o[0m
[9.178s] [ 13%] [32mBuilding CXX object CMakeFiles/sdfr_ppd.dir/home/sdfr-ppd-16/ros2_ws/src/XRF2/XenoRosFramework/Xenomai/src/XenoFileHandler.cpp.o[0m
[11.765s] [ 18%] [32mBuilding CXX object CMakeFiles/sdfr_ppd.dir/home/sdfr-ppd-16/ros2_ws/src/XRF2/XenoRosFramework/Xenomai/src/XenoFrtLogger.cpp.o[0m
[14.287s] [ 22%] [32mBuilding CXX object CMakeFiles/sdfr_ppd.dir/home/sdfr-ppd-16/ros2_ws/src/XRF2/XenoRosFramework/Xenomai/src/XenoFrtLoop.cpp.o[0m
[15.476s] [ 27%] [32mBuilding CXX object CMakeFiles/sdfr_ppd.dir/home/sdfr-ppd-16/ros2_ws/src/XRF2/XenoRosFramework/Xenomai/src/XenoFrtMonitor.cpp.o[0m
[15.739s] [ 31%] [32mBuilding CXX object CMakeFiles/sdfr_ppd.dir/home/sdfr-ppd-16/ros2_ws/src/XRF2/XenoRosFramework/Xenomai/src/XenoFrtRosIco.cpp.o[0m
[19.618s] [ 36%] [32mBuilding CXX object CMakeFiles/sdfr_ppd.dir/home/sdfr-ppd-16/ros2_ws/src/XRF2/XenoRosFramework/Xenomai/src/XenoRosCommunication.cpp.o[0m
[20.016s] [ 40%] [32mBuilding CXX object CMakeFiles/sdfr_ppd.dir/home/sdfr-ppd-16/ros2_ws/src/XRF2/XenoRosFramework/Xenomai/src/XenoRosCommandBridge.cpp.o[0m
[24.268s] [ 45%] [32mBuilding CXX object CMakeFiles/sdfr_ppd.dir/home/sdfr-ppd-16/ros2_ws/src/XRF2/XenoRosFramework/Xenomai/src/XenoRosDataBridge.cpp.o[0m
[27.850s] [ 50%] [32mBuilding CXX object CMakeFiles/sdfr_ppd.dir/home/sdfr-ppd-16/ros2_ws/src/XRF2/XenoRosFramework/Xenomai/src/XenoSpiControllerHandler.cpp.o[0m
[28.232s] [ 54%] [32mBuilding CXX object CMakeFiles/sdfr_ppd.dir/home/sdfr-ppd-16/ros2_ws/src/XRF2/XenoRosFramework/Xenomai/src/XenoFrt20Sim.cpp.o[0m
[31.838s] [ 59%] [32mBuilding CXX object CMakeFiles/sdfr_ppd.dir/src/sdfr_ppd.cpp.o[0m
[36.035s] [ 63%] [32mBuilding CXX object CMakeFiles/sdfr_ppd.dir/controller/LoopController.cpp.o[0m
[36.986s] [ 68%] [32mBuilding CXX object CMakeFiles/sdfr_ppd.dir/controller/common/EulerAngles.cpp.o[0m
[37.062s] [ 72%] [32mBuilding CXX object CMakeFiles/sdfr_ppd.dir/controller/common/MotionProfiles.cpp.o[0m
[37.144s] [ 77%] [32mBuilding CXX object CMakeFiles/sdfr_ppd.dir/controller/common/xxfuncs.cpp.o[0m
[38.011s] [ 81%] [32mBuilding CXX object CMakeFiles/sdfr_ppd.dir/controller/common/xxinteg.cpp.o[0m
[38.893s] [ 86%] [32mBuilding CXX object CMakeFiles/sdfr_ppd.dir/controller/common/xxinverse.cpp.o[0m
[39.746s] [ 90%] [32mBuilding CXX object CMakeFiles/sdfr_ppd.dir/controller/common/xxmatrix.cpp.o[0m
[40.751s] [ 95%] [32mBuilding CXX object CMakeFiles/sdfr_ppd.dir/home/sdfr-ppd-16/ros2_ws/src/XRF2/XenoRosFramework/Xenomai/src/FullStateMachine.cpp.o[0m
[41.974s] [100%] [32m[1mLinking CXX executable sdfr_ppd[0m
[42.439s] [100%] Built target sdfr_ppd
[42.478s] Invoked command in '/home/sdfr-ppd-16/ros2_ws/build/sdfr_ppd' returned '0': CMAKE_PREFIX_PATH=/home/sdfr-ppd-16/ros2_ws/install/xrf2_msgs:/home/sdfr-ppd-16/ros2_ws/install/relbot_msgs LD_LIBRARY_PATH=/home/sdfr-ppd-16/ros2_ws/install/xrf2_msgs/lib:/home/sdfr-ppd-16/ros2_ws/install/relbot_msgs/lib:/opt/ros/humble/opt/rviz_ogre_vendor/lib:/opt/ros/humble/lib/aarch64-linux-gnu:/opt/ros/humble/lib /usr/bin/cmake --build /home/sdfr-ppd-16/ros2_ws/build/sdfr_ppd -- -j3 -l3
