[0.048s] Invoking command in '/home/sdfr-ppd-16/SfDR-code/assignment6/ros2_ws/build/relbot_adapter': CMAKE_PREFIX_PATH=${CMAKE_PREFIX_PATH}:/opt/ros/humble /usr/bin/cmake /home/sdfr-ppd-16/SfDR-code/assignment6/ros2_ws/src/relbot_adapter -DCMAKE_INSTALL_PREFIX=/home/sdfr-ppd-16/SfDR-code/assignment6/ros2_ws/install/relbot_adapter
[0.298s] -- The C compiler identification is GNU 11.4.0
[0.728s] -- The CXX compiler identification is GNU 11.4.0
[0.781s] -- Detecting C compiler ABI info
[1.393s] -- Detecting C compiler ABI info - done
[1.433s] -- Check for working C compiler: /usr/bin/cc - skipped
[1.435s] -- Detecting C compile features
[1.436s] -- Detecting C compile features - done
[1.439s] -- Detecting CXX compiler ABI info
[1.972s] -- Detecting CXX compiler ABI info - done
[1.986s] -- Check for working CXX compiler: /usr/bin/c++ - skipped
[1.990s] -- Detecting CXX compile features
[1.995s] -- Detecting CXX compile features - done
[2.005s] -- Found ament_cmake: 1.3.11 (/opt/ros/humble/share/ament_cmake/cmake)
[2.799s] -- Found Python3: /usr/bin/python3 (found version "3.10.12") found components: Interpreter 
[3.232s] -- Found rclcpp: 16.0.11 (/opt/ros/humble/share/rclcpp/cmake)
[3.377s] -- Found rosidl_generator_c: 3.1.6 (/opt/ros/humble/share/rosidl_generator_c/cmake)
[3.392s] -- Found rosidl_adapter: 3.1.6 (/opt/ros/humble/share/rosidl_adapter/cmake)
[3.424s] -- Found rosidl_generator_cpp: 3.1.6 (/opt/ros/humble/share/rosidl_generator_cpp/cmake)
[3.476s] -- Using all available rosidl_typesupport_c: rosidl_typesupport_fastrtps_c;rosidl_typesupport_introspection_c
[3.609s] -- Using all available rosidl_typesupport_cpp: rosidl_typesupport_fastrtps_cpp;rosidl_typesupport_introspection_cpp
[3.756s] -- Found rmw_implementation_cmake: 6.1.2 (/opt/ros/humble/share/rmw_implementation_cmake/cmake)
[3.767s] -- Found rmw_fastrtps_cpp: 6.2.7 (/opt/ros/humble/share/rmw_fastrtps_cpp/cmake)
[4.076s] -- Found OpenSSL: /usr/lib/aarch64-linux-gnu/libcrypto.so (found version "3.0.2")  
[4.166s] -- Found FastRTPS: /opt/ros/humble/include  
[4.290s] -- Using RMW implementation 'rmw_fastrtps_cpp' as default
[4.324s] -- Looking for pthread.h
[4.646s] -- Looking for pthread.h - found
[4.651s] -- Performing Test CMAKE_HAVE_LIBC_PTHREAD
[4.970s] -- Performing Test CMAKE_HAVE_LIBC_PTHREAD - Success
[4.975s] -- Found Threads: TRUE  
[5.219s] -- Found example_interfaces: 0.9.3 (/opt/ros/humble/share/example_interfaces/cmake)
[5.407s] -- Found geometry_msgs: 4.2.4 (/opt/ros/humble/share/geometry_msgs/cmake)
[5.483s] [31mCMake Error at CMakeLists.txt:13 (find_package):
[5.484s]   By not providing "Findrelbot_msgs.cmake" in CMAKE_MODULE_PATH this project
[5.485s]   has asked CMake to find a package configuration file provided by
[5.487s]   "relbot_msgs", but CMake did not find one.
[5.489s] 
[5.490s]   Could not find a package configuration file provided by "relbot_msgs" with
[5.492s]   any of the following names:
[5.494s] 
[5.496s]     relbot_msgsConfig.cmake
[5.510s]     relbot_msgs-config.cmake
[5.512s] 
[5.516s]   Add the installation prefix of "relbot_msgs" to CMAKE_PREFIX_PATH or set
[5.530s]   "relbot_msgs_DIR" to a directory containing one of the above files.  If
[5.532s]   "relbot_msgs" provides a separate development package or SDK, be sure it
[5.535s]   has been installed.
[5.539s] 
[5.540s] [0m
[5.542s] -- Configuring incomplete, errors occurred!
[5.543s] See also "/home/sdfr-ppd-16/SfDR-code/assignment6/ros2_ws/build/relbot_adapter/CMakeFiles/CMakeOutput.log".
[5.547s] Invoked command in '/home/sdfr-ppd-16/SfDR-code/assignment6/ros2_ws/build/relbot_adapter' returned '1': CMAKE_PREFIX_PATH=${CMAKE_PREFIX_PATH}:/opt/ros/humble /usr/bin/cmake /home/sdfr-ppd-16/SfDR-code/assignment6/ros2_ws/src/relbot_adapter -DCMAKE_INSTALL_PREFIX=/home/sdfr-ppd-16/SfDR-code/assignment6/ros2_ws/install/relbot_adapter
