[0.007s] Invoking command in '/home/raghav742/SDfR/Assignments/assignment5/ros2_ws/src/build/relbot_simulator': CMAKE_PREFIX_PATH=${CMAKE_PREFIX_PATH}:/opt/ros/humble /usr/bin/cmake /home/raghav742/SDfR/Assignments/assignment5/ros2_ws/src/relbot_simulator -DCMAKE_INSTALL_PREFIX=/home/raghav742/SDfR/Assignments/assignment5/ros2_ws/src/install/relbot_simulator
[0.045s] -- The C compiler identification is GNU 11.4.0
[0.086s] -- The CXX compiler identification is GNU 11.4.0
[0.091s] -- Detecting C compiler ABI info
[0.139s] -- Detecting C compiler ABI info - done
[0.145s] -- Check for working C compiler: /usr/bin/cc - skipped
[0.146s] -- Detecting C compile features
[0.146s] -- Detecting C compile features - done
[0.148s] -- Detecting CXX compiler ABI info
[0.208s] -- Detecting CXX compiler ABI info - done
[0.218s] -- Check for working CXX compiler: /usr/bin/c++ - skipped
[0.218s] -- Detecting CXX compile features
[0.218s] -- Detecting CXX compile features - done
[0.221s] -- Found ament_cmake: 1.3.14 (/opt/ros/humble/share/ament_cmake/cmake)
[0.356s] -- Found Python3: /usr/bin/python3 (found version "3.10.12") found components: Interpreter 
[0.435s] -- Found rclcpp: 16.0.18 (/opt/ros/humble/share/rclcpp/cmake)
[0.491s] -- Found rosidl_generator_c: 3.1.8 (/opt/ros/humble/share/rosidl_generator_c/cmake)
[0.498s] -- Found rosidl_adapter: 3.1.8 (/opt/ros/humble/share/rosidl_adapter/cmake)
[0.508s] -- Found rosidl_generator_cpp: 3.1.8 (/opt/ros/humble/share/rosidl_generator_cpp/cmake)
[0.524s] -- Using all available rosidl_typesupport_c: rosidl_typesupport_fastrtps_c;rosidl_typesupport_introspection_c
[0.547s] -- Using all available rosidl_typesupport_cpp: rosidl_typesupport_fastrtps_cpp;rosidl_typesupport_introspection_cpp
[0.590s] -- Found rmw_implementation_cmake: 6.1.2 (/opt/ros/humble/share/rmw_implementation_cmake/cmake)
[0.593s] -- Found rmw_fastrtps_cpp: 6.2.10 (/opt/ros/humble/share/rmw_fastrtps_cpp/cmake)
[0.656s] -- Found OpenSSL: /usr/lib/x86_64-linux-gnu/libcrypto.so (found version "3.0.2")  
[0.675s] -- Found FastRTPS: /opt/ros/humble/include  
[0.704s] -- Using RMW implementation 'rmw_fastrtps_cpp' as default
[0.710s] -- Looking for pthread.h
[0.757s] -- Looking for pthread.h - found
[0.758s] -- Performing Test CMAKE_HAVE_LIBC_PTHREAD
[0.808s] -- Performing Test CMAKE_HAVE_LIBC_PTHREAD - Success
[0.810s] -- Found Threads: TRUE  
[0.867s] -- Found geometry_msgs: 4.9.1 (/opt/ros/humble/share/geometry_msgs/cmake)
[0.880s] -- Found sensor_msgs: 4.9.1 (/opt/ros/humble/share/sensor_msgs/cmake)
[0.896s] -- Found relbot_msgs: 2025.2.0 (/home/raghav742/SDfR/Assignments/assignment5/ros2_ws/src/install/relbot_msgs/share/relbot_msgs/cmake)
[0.914s] -- Found OpenCV: /usr (found version "4.5.4") found components: core highgui imgcodecs imgproc videoio 
[0.916s] -- Found cv_bridge: 3.2.1 (/opt/ros/humble/share/cv_bridge/cmake)
[0.921s] -- Found ament_lint_auto: 0.12.15 (/opt/ros/humble/share/ament_lint_auto/cmake)
[0.992s] -- Added test 'copyright' to check source files copyright and LICENSE
[0.993s] -- Added test 'cppcheck' to perform static code analysis on C / C++ code
[0.993s] -- Configured cppcheck include dirs: /home/raghav742/SDfR/Assignments/assignment5/ros2_ws/src/relbot_simulator/include;/home/raghav742/SDfR/Assignments/assignment5/ros2_ws/src/relbot_simulator/common;$<BUILD_INTERFACE:/home/raghav742/SDfR/Assignments/assignment5/ros2_ws/src/relbot_simulator/include>;$<BUILD_INTERFACE:/home/raghav742/SDfR/Assignments/assignment5/ros2_ws/src/relbot_simulator/common>
[0.993s] -- Configured cppcheck exclude dirs and/or files: 
[0.994s] -- Added test 'cpplint' to check C / C++ code against the Google style
[0.994s] -- Configured cpplint exclude dirs and/or files: 
[0.995s] -- Added test 'lint_cmake' to check CMake code style
[0.996s] -- Added test 'uncrustify' to check C / C++ code style
[0.996s] -- Configured uncrustify additional arguments: 
[0.996s] -- Added test 'xmllint' to check XML markup files
[0.997s] -- Configuring done
[1.007s] -- Generating done
[1.010s] -- Build files have been written to: /home/raghav742/SDfR/Assignments/assignment5/ros2_ws/src/build/relbot_simulator
[1.019s] Invoked command in '/home/raghav742/SDfR/Assignments/assignment5/ros2_ws/src/build/relbot_simulator' returned '0': CMAKE_PREFIX_PATH=${CMAKE_PREFIX_PATH}:/opt/ros/humble /usr/bin/cmake /home/raghav742/SDfR/Assignments/assignment5/ros2_ws/src/relbot_simulator -DCMAKE_INSTALL_PREFIX=/home/raghav742/SDfR/Assignments/assignment5/ros2_ws/src/install/relbot_simulator
[1.021s] Invoking command in '/home/raghav742/SDfR/Assignments/assignment5/ros2_ws/src/build/relbot_simulator': CMAKE_PREFIX_PATH=${CMAKE_PREFIX_PATH}:/opt/ros/humble /usr/bin/cmake --build /home/raghav742/SDfR/Assignments/assignment5/ros2_ws/src/build/relbot_simulator -- -j8 -l8
[1.058s] [ 11%] [32mBuilding CXX object CMakeFiles/relbot_simulator.dir/src/relbot_simulator.cpp.o[0m
[1.058s] [ 33%] [32mBuilding CXX object CMakeFiles/relbot_simulator.dir/common/EulerAngles.cpp.o[0m
[1.059s] [ 33%] [32mBuilding CXX object CMakeFiles/relbot_simulator.dir/common/xxfuncs.cpp.o[0m
[1.060s] [ 44%] [32mBuilding CXX object CMakeFiles/relbot_simulator.dir/common/MotionProfiles.cpp.o[0m
[1.061s] [ 55%] [32mBuilding CXX object CMakeFiles/relbot_simulator.dir/src/Plant.cpp.o[0m
[1.066s] [ 66%] [32mBuilding CXX object CMakeFiles/relbot_simulator.dir/common/xxmatrix.cpp.o[0m
[1.066s] [ 77%] [32mBuilding CXX object CMakeFiles/relbot_simulator.dir/common/xxinteg.cpp.o[0m
[1.070s] [ 88%] [32mBuilding CXX object CMakeFiles/relbot_simulator.dir/common/xxinverse.cpp.o[0m
[10.908s] [100%] [32m[1mLinking CXX executable relbot_simulator[0m
[11.589s] [100%] Built target relbot_simulator
[11.596s] Invoked command in '/home/raghav742/SDfR/Assignments/assignment5/ros2_ws/src/build/relbot_simulator' returned '0': CMAKE_PREFIX_PATH=${CMAKE_PREFIX_PATH}:/opt/ros/humble /usr/bin/cmake --build /home/raghav742/SDfR/Assignments/assignment5/ros2_ws/src/build/relbot_simulator -- -j8 -l8
[11.596s] Invoking command in '/home/raghav742/SDfR/Assignments/assignment5/ros2_ws/src/build/relbot_simulator': CMAKE_PREFIX_PATH=${CMAKE_PREFIX_PATH}:/opt/ros/humble /usr/bin/cmake --install /home/raghav742/SDfR/Assignments/assignment5/ros2_ws/src/build/relbot_simulator
[11.601s] -- Install configuration: ""
[11.601s] -- Installing: /home/raghav742/SDfR/Assignments/assignment5/ros2_ws/src/install/relbot_simulator/lib/relbot_simulator/relbot_simulator
[11.604s] -- Set runtime path of "/home/raghav742/SDfR/Assignments/assignment5/ros2_ws/src/install/relbot_simulator/lib/relbot_simulator/relbot_simulator" to ""
[11.604s] -- Installing: /home/raghav742/SDfR/Assignments/assignment5/ros2_ws/src/install/relbot_simulator/include
[11.604s] -- Installing: /home/raghav742/SDfR/Assignments/assignment5/ros2_ws/src/install/relbot_simulator/include/MotionProfiles.cpp
[11.604s] -- Installing: /home/raghav742/SDfR/Assignments/assignment5/ros2_ws/src/install/relbot_simulator/include/xxinteg.h
[11.604s] -- Installing: /home/raghav742/SDfR/Assignments/assignment5/ros2_ws/src/install/relbot_simulator/include/xxinteg.cpp
[11.604s] -- Installing: /home/raghav742/SDfR/Assignments/assignment5/ros2_ws/src/install/relbot_simulator/include/xxinverse.cpp
[11.605s] -- Installing: /home/raghav742/SDfR/Assignments/assignment5/ros2_ws/src/install/relbot_simulator/include/xxmatrix.cpp
[11.605s] -- Installing: /home/raghav742/SDfR/Assignments/assignment5/ros2_ws/src/install/relbot_simulator/include/xxmodel.h
[11.605s] -- Installing: /home/raghav742/SDfR/Assignments/assignment5/ros2_ws/src/install/relbot_simulator/include/xxtypes.h
[11.605s] -- Installing: /home/raghav742/SDfR/Assignments/assignment5/ros2_ws/src/install/relbot_simulator/include/EulerAngles.cpp
[11.605s] -- Installing: /home/raghav742/SDfR/Assignments/assignment5/ros2_ws/src/install/relbot_simulator/include/xxmatrix.h
[11.605s] -- Installing: /home/raghav742/SDfR/Assignments/assignment5/ros2_ws/src/install/relbot_simulator/include/EulerAngles.h
[11.605s] -- Installing: /home/raghav742/SDfR/Assignments/assignment5/ros2_ws/src/install/relbot_simulator/include/MotionProfiles.h
[11.605s] -- Installing: /home/raghav742/SDfR/Assignments/assignment5/ros2_ws/src/install/relbot_simulator/include/xxfuncs.h
[11.605s] -- Installing: /home/raghav742/SDfR/Assignments/assignment5/ros2_ws/src/install/relbot_simulator/include/xxinverse.h
[11.605s] -- Installing: /home/raghav742/SDfR/Assignments/assignment5/ros2_ws/src/install/relbot_simulator/include/xxfuncs.cpp
[11.605s] -- Installing: /home/raghav742/SDfR/Assignments/assignment5/ros2_ws/src/install/relbot_simulator/share/ament_index/resource_index/package_run_dependencies/relbot_simulator
[11.605s] -- Installing: /home/raghav742/SDfR/Assignments/assignment5/ros2_ws/src/install/relbot_simulator/share/ament_index/resource_index/parent_prefix_path/relbot_simulator
[11.605s] -- Installing: /home/raghav742/SDfR/Assignments/assignment5/ros2_ws/src/install/relbot_simulator/share/relbot_simulator/environment/ament_prefix_path.sh
[11.605s] -- Installing: /home/raghav742/SDfR/Assignments/assignment5/ros2_ws/src/install/relbot_simulator/share/relbot_simulator/environment/ament_prefix_path.dsv
[11.605s] -- Installing: /home/raghav742/SDfR/Assignments/assignment5/ros2_ws/src/install/relbot_simulator/share/relbot_simulator/environment/path.sh
[11.605s] -- Installing: /home/raghav742/SDfR/Assignments/assignment5/ros2_ws/src/install/relbot_simulator/share/relbot_simulator/environment/path.dsv
[11.605s] -- Installing: /home/raghav742/SDfR/Assignments/assignment5/ros2_ws/src/install/relbot_simulator/share/relbot_simulator/local_setup.bash
[11.605s] -- Installing: /home/raghav742/SDfR/Assignments/assignment5/ros2_ws/src/install/relbot_simulator/share/relbot_simulator/local_setup.sh
[11.605s] -- Installing: /home/raghav742/SDfR/Assignments/assignment5/ros2_ws/src/install/relbot_simulator/share/relbot_simulator/local_setup.zsh
[11.605s] -- Installing: /home/raghav742/SDfR/Assignments/assignment5/ros2_ws/src/install/relbot_simulator/share/relbot_simulator/local_setup.dsv
[11.606s] -- Installing: /home/raghav742/SDfR/Assignments/assignment5/ros2_ws/src/install/relbot_simulator/share/relbot_simulator/package.dsv
[11.606s] -- Installing: /home/raghav742/SDfR/Assignments/assignment5/ros2_ws/src/install/relbot_simulator/share/ament_index/resource_index/packages/relbot_simulator
[11.606s] -- Installing: /home/raghav742/SDfR/Assignments/assignment5/ros2_ws/src/install/relbot_simulator/share/relbot_simulator/cmake/relbot_simulatorConfig.cmake
[11.606s] -- Installing: /home/raghav742/SDfR/Assignments/assignment5/ros2_ws/src/install/relbot_simulator/share/relbot_simulator/cmake/relbot_simulatorConfig-version.cmake
[11.606s] -- Installing: /home/raghav742/SDfR/Assignments/assignment5/ros2_ws/src/install/relbot_simulator/share/relbot_simulator/package.xml
[11.607s] Invoked command in '/home/raghav742/SDfR/Assignments/assignment5/ros2_ws/src/build/relbot_simulator' returned '0': CMAKE_PREFIX_PATH=${CMAKE_PREFIX_PATH}:/opt/ros/humble /usr/bin/cmake --install /home/raghav742/SDfR/Assignments/assignment5/ros2_ws/src/build/relbot_simulator
