[0.013s] Invoking command in '/home/raghav742/SDfR/Assignments/assignment6/ros2_ws/build/image_functions_sdfr': CMAKE_PREFIX_PATH=${CMAKE_PREFIX_PATH}:/opt/ros/humble /usr/bin/cmake /home/raghav742/SDfR/Assignments/assignment6/ros2_ws/src/image_functions_sdfr/image_functions_sdfr -DCMAKE_INSTALL_PREFIX=/home/raghav742/SDfR/Assignments/assignment6/ros2_ws/install/image_functions_sdfr
[0.062s] -- The C compiler identification is GNU 11.4.0
[0.141s] -- The CXX compiler identification is GNU 11.4.0
[0.148s] -- Detecting C compiler ABI info
[0.227s] -- Detecting C compiler ABI info - done
[0.240s] -- Check for working C compiler: /usr/bin/cc - skipped
[0.240s] -- Detecting C compile features
[0.241s] -- Detecting C compile features - done
[0.245s] -- Detecting CXX compiler ABI info
[0.340s] -- Detecting CXX compiler ABI info - done
[0.348s] -- Check for working CXX compiler: /usr/bin/c++ - skipped
[0.349s] -- Detecting CXX compile features
[0.349s] -- Detecting CXX compile features - done
[0.351s] -- Found ament_cmake: 1.3.14 (/opt/ros/humble/share/ament_cmake/cmake)
[0.530s] -- Found Python3: /usr/bin/python3 (found version "3.10.12") found components: Interpreter 
[0.617s] -- Found ament_cmake_ros: 0.10.0 (/opt/ros/humble/share/ament_cmake_ros/cmake)
[0.627s] -- Found rclcpp: 16.0.18 (/opt/ros/humble/share/rclcpp/cmake)
[0.679s] -- Found rosidl_generator_c: 3.1.8 (/opt/ros/humble/share/rosidl_generator_c/cmake)
[0.687s] -- Found rosidl_adapter: 3.1.8 (/opt/ros/humble/share/rosidl_adapter/cmake)
[0.700s] -- Found rosidl_generator_cpp: 3.1.8 (/opt/ros/humble/share/rosidl_generator_cpp/cmake)
[0.720s] -- Using all available rosidl_typesupport_c: rosidl_typesupport_fastrtps_c;rosidl_typesupport_introspection_c
[0.747s] -- Using all available rosidl_typesupport_cpp: rosidl_typesupport_fastrtps_cpp;rosidl_typesupport_introspection_cpp
[0.806s] -- Found rmw_implementation_cmake: 6.1.2 (/opt/ros/humble/share/rmw_implementation_cmake/cmake)
[0.809s] -- Found rmw_fastrtps_cpp: 6.2.10 (/opt/ros/humble/share/rmw_fastrtps_cpp/cmake)
[0.901s] -- Found OpenSSL: /usr/lib/x86_64-linux-gnu/libcrypto.so (found version "3.0.2")  
[0.927s] -- Found FastRTPS: /opt/ros/humble/include  
[0.983s] -- Using RMW implementation 'rmw_fastrtps_cpp' as default
[0.994s] -- Looking for pthread.h
[1.064s] -- Looking for pthread.h - found
[1.065s] -- Performing Test CMAKE_HAVE_LIBC_PTHREAD
[1.135s] -- Performing Test CMAKE_HAVE_LIBC_PTHREAD - Success
[1.137s] -- Found Threads: TRUE  
[1.195s] -- Found sensor_msgs: 4.9.1 (/opt/ros/humble/share/sensor_msgs/cmake)
[1.299s] -- Configuring done
[1.307s] -- Generating done
[1.310s] -- Build files have been written to: /home/raghav742/SDfR/Assignments/assignment6/ros2_ws/build/image_functions_sdfr
[1.319s] Invoked command in '/home/raghav742/SDfR/Assignments/assignment6/ros2_ws/build/image_functions_sdfr' returned '0': CMAKE_PREFIX_PATH=${CMAKE_PREFIX_PATH}:/opt/ros/humble /usr/bin/cmake /home/raghav742/SDfR/Assignments/assignment6/ros2_ws/src/image_functions_sdfr/image_functions_sdfr -DCMAKE_INSTALL_PREFIX=/home/raghav742/SDfR/Assignments/assignment6/ros2_ws/install/image_functions_sdfr
[1.320s] Invoking command in '/home/raghav742/SDfR/Assignments/assignment6/ros2_ws/build/image_functions_sdfr': CMAKE_PREFIX_PATH=${CMAKE_PREFIX_PATH}:/opt/ros/humble /usr/bin/cmake --build /home/raghav742/SDfR/Assignments/assignment6/ros2_ws/build/image_functions_sdfr -- -j8 -l8
[1.355s] [ 50%] [32mBuilding CXX object CMakeFiles/image_functions.dir/src/image_functions.cpp.o[0m
[4.104s] [100%] [32m[1mLinking CXX shared library libimage_functions.so[0m
[4.209s] [100%] Built target image_functions
[4.217s] Invoked command in '/home/raghav742/SDfR/Assignments/assignment6/ros2_ws/build/image_functions_sdfr' returned '0': CMAKE_PREFIX_PATH=${CMAKE_PREFIX_PATH}:/opt/ros/humble /usr/bin/cmake --build /home/raghav742/SDfR/Assignments/assignment6/ros2_ws/build/image_functions_sdfr -- -j8 -l8
[4.218s] Invoking command in '/home/raghav742/SDfR/Assignments/assignment6/ros2_ws/build/image_functions_sdfr': CMAKE_PREFIX_PATH=${CMAKE_PREFIX_PATH}:/opt/ros/humble /usr/bin/cmake --install /home/raghav742/SDfR/Assignments/assignment6/ros2_ws/build/image_functions_sdfr
[4.224s] -- Install configuration: ""
[4.225s] -- Installing: /home/raghav742/SDfR/Assignments/assignment6/ros2_ws/install/image_functions_sdfr/include
[4.225s] -- Installing: /home/raghav742/SDfR/Assignments/assignment6/ros2_ws/install/image_functions_sdfr/include/image_functions_sdfr
[4.225s] -- Installing: /home/raghav742/SDfR/Assignments/assignment6/ros2_ws/install/image_functions_sdfr/include/image_functions_sdfr/visibility_control.h
[4.225s] -- Installing: /home/raghav742/SDfR/Assignments/assignment6/ros2_ws/install/image_functions_sdfr/include/image_functions_sdfr/image_functions.hpp
[4.225s] -- Installing: /home/raghav742/SDfR/Assignments/assignment6/ros2_ws/install/image_functions_sdfr/lib/libimage_functions.so
[4.225s] -- Set runtime path of "/home/raghav742/SDfR/Assignments/assignment6/ros2_ws/install/image_functions_sdfr/lib/libimage_functions.so" to ""
[4.225s] -- Installing: /home/raghav742/SDfR/Assignments/assignment6/ros2_ws/install/image_functions_sdfr/share/image_functions_sdfr/environment/library_path.sh
[4.225s] -- Installing: /home/raghav742/SDfR/Assignments/assignment6/ros2_ws/install/image_functions_sdfr/share/image_functions_sdfr/environment/library_path.dsv
[4.225s] -- Installing: /home/raghav742/SDfR/Assignments/assignment6/ros2_ws/install/image_functions_sdfr/share/ament_index/resource_index/package_run_dependencies/image_functions_sdfr
[4.225s] -- Installing: /home/raghav742/SDfR/Assignments/assignment6/ros2_ws/install/image_functions_sdfr/share/ament_index/resource_index/parent_prefix_path/image_functions_sdfr
[4.225s] -- Installing: /home/raghav742/SDfR/Assignments/assignment6/ros2_ws/install/image_functions_sdfr/share/image_functions_sdfr/environment/ament_prefix_path.sh
[4.226s] -- Installing: /home/raghav742/SDfR/Assignments/assignment6/ros2_ws/install/image_functions_sdfr/share/image_functions_sdfr/environment/ament_prefix_path.dsv
[4.226s] -- Installing: /home/raghav742/SDfR/Assignments/assignment6/ros2_ws/install/image_functions_sdfr/share/image_functions_sdfr/environment/path.sh
[4.226s] -- Installing: /home/raghav742/SDfR/Assignments/assignment6/ros2_ws/install/image_functions_sdfr/share/image_functions_sdfr/environment/path.dsv
[4.226s] -- Installing: /home/raghav742/SDfR/Assignments/assignment6/ros2_ws/install/image_functions_sdfr/share/image_functions_sdfr/local_setup.bash
[4.226s] -- Installing: /home/raghav742/SDfR/Assignments/assignment6/ros2_ws/install/image_functions_sdfr/share/image_functions_sdfr/local_setup.sh
[4.226s] -- Installing: /home/raghav742/SDfR/Assignments/assignment6/ros2_ws/install/image_functions_sdfr/share/image_functions_sdfr/local_setup.zsh
[4.226s] -- Installing: /home/raghav742/SDfR/Assignments/assignment6/ros2_ws/install/image_functions_sdfr/share/image_functions_sdfr/local_setup.dsv
[4.226s] -- Installing: /home/raghav742/SDfR/Assignments/assignment6/ros2_ws/install/image_functions_sdfr/share/image_functions_sdfr/package.dsv
[4.226s] -- Installing: /home/raghav742/SDfR/Assignments/assignment6/ros2_ws/install/image_functions_sdfr/share/ament_index/resource_index/packages/image_functions_sdfr
[4.227s] -- Installing: /home/raghav742/SDfR/Assignments/assignment6/ros2_ws/install/image_functions_sdfr/share/image_functions_sdfr/cmake/export_image_functions_sdfrExport.cmake
[4.227s] -- Installing: /home/raghav742/SDfR/Assignments/assignment6/ros2_ws/install/image_functions_sdfr/share/image_functions_sdfr/cmake/export_image_functions_sdfrExport-noconfig.cmake
[4.227s] -- Installing: /home/raghav742/SDfR/Assignments/assignment6/ros2_ws/install/image_functions_sdfr/share/image_functions_sdfr/cmake/ament_cmake_export_include_directories-extras.cmake
[4.227s] -- Installing: /home/raghav742/SDfR/Assignments/assignment6/ros2_ws/install/image_functions_sdfr/share/image_functions_sdfr/cmake/ament_cmake_export_libraries-extras.cmake
[4.227s] -- Installing: /home/raghav742/SDfR/Assignments/assignment6/ros2_ws/install/image_functions_sdfr/share/image_functions_sdfr/cmake/ament_cmake_export_targets-extras.cmake
[4.227s] -- Installing: /home/raghav742/SDfR/Assignments/assignment6/ros2_ws/install/image_functions_sdfr/share/image_functions_sdfr/cmake/ament_cmake_export_dependencies-extras.cmake
[4.227s] -- Installing: /home/raghav742/SDfR/Assignments/assignment6/ros2_ws/install/image_functions_sdfr/share/image_functions_sdfr/cmake/image_functions_sdfrConfig.cmake
[4.227s] -- Installing: /home/raghav742/SDfR/Assignments/assignment6/ros2_ws/install/image_functions_sdfr/share/image_functions_sdfr/cmake/image_functions_sdfrConfig-version.cmake
[4.227s] -- Installing: /home/raghav742/SDfR/Assignments/assignment6/ros2_ws/install/image_functions_sdfr/share/image_functions_sdfr/package.xml
[4.229s] Invoked command in '/home/raghav742/SDfR/Assignments/assignment6/ros2_ws/build/image_functions_sdfr' returned '0': CMAKE_PREFIX_PATH=${CMAKE_PREFIX_PATH}:/opt/ros/humble /usr/bin/cmake --install /home/raghav742/SDfR/Assignments/assignment6/ros2_ws/build/image_functions_sdfr
