[0.015s] Invoking command in '/home/raghav742/SDfR/Assignments/assignment6/ros2_ws/build/relbot_adapter': CMAKE_PREFIX_PATH=${CMAKE_PREFIX_PATH}:/opt/ros/humble /usr/bin/cmake --build /home/raghav742/SDfR/Assignments/assignment6/ros2_ws/build/relbot_adapter -- -j8 -l8
[0.056s] [35m[1mConsolidate compiler generated dependencies of target relbot_adapter[0m
[0.073s] [100%] Built target relbot_adapter
[0.111s] Invoked command in '/home/raghav742/SDfR/Assignments/assignment6/ros2_ws/build/relbot_adapter' returned '0': CMAKE_PREFIX_PATH=${CMAKE_PREFIX_PATH}:/opt/ros/humble /usr/bin/cmake --build /home/raghav742/SDfR/Assignments/assignment6/ros2_ws/build/relbot_adapter -- -j8 -l8
[0.113s] Invoking command in '/home/raghav742/SDfR/Assignments/assignment6/ros2_ws/build/relbot_adapter': CMAKE_PREFIX_PATH=${CMAKE_PREFIX_PATH}:/opt/ros/humble /usr/bin/cmake --install /home/raghav742/SDfR/Assignments/assignment6/ros2_ws/build/relbot_adapter
[0.120s] -- Install configuration: ""
[0.120s] -- Up-to-date: /home/raghav742/SDfR/Assignments/assignment6/ros2_ws/install/relbot_adapter/lib/relbot_adapter/relbot_adapter
[0.121s] -- Up-to-date: /home/raghav742/SDfR/Assignments/assignment6/ros2_ws/install/relbot_adapter/share/ament_index/resource_index/package_run_dependencies/relbot_adapter
[0.121s] -- Up-to-date: /home/raghav742/SDfR/Assignments/assignment6/ros2_ws/install/relbot_adapter/share/ament_index/resource_index/parent_prefix_path/relbot_adapter
[0.121s] -- Up-to-date: /home/raghav742/SDfR/Assignments/assignment6/ros2_ws/install/relbot_adapter/share/relbot_adapter/environment/ament_prefix_path.sh
[0.121s] -- Up-to-date: /home/raghav742/SDfR/Assignments/assignment6/ros2_ws/install/relbot_adapter/share/relbot_adapter/environment/ament_prefix_path.dsv
[0.121s] -- Up-to-date: /home/raghav742/SDfR/Assignments/assignment6/ros2_ws/install/relbot_adapter/share/relbot_adapter/environment/path.sh
[0.121s] -- Up-to-date: /home/raghav742/SDfR/Assignments/assignment6/ros2_ws/install/relbot_adapter/share/relbot_adapter/environment/path.dsv
[0.121s] -- Up-to-date: /home/raghav742/SDfR/Assignments/assignment6/ros2_ws/install/relbot_adapter/share/relbot_adapter/local_setup.bash
[0.122s] -- Up-to-date: /home/raghav742/SDfR/Assignments/assignment6/ros2_ws/install/relbot_adapter/share/relbot_adapter/local_setup.sh
[0.122s] -- Up-to-date: /home/raghav742/SDfR/Assignments/assignment6/ros2_ws/install/relbot_adapter/share/relbot_adapter/local_setup.zsh
[0.122s] -- Up-to-date: /home/raghav742/SDfR/Assignments/assignment6/ros2_ws/install/relbot_adapter/share/relbot_adapter/local_setup.dsv
[0.122s] -- Installing: /home/raghav742/SDfR/Assignments/assignment6/ros2_ws/install/relbot_adapter/share/relbot_adapter/package.dsv
[0.122s] -- Up-to-date: /home/raghav742/SDfR/Assignments/assignment6/ros2_ws/install/relbot_adapter/share/ament_index/resource_index/packages/relbot_adapter
[0.122s] -- Up-to-date: /home/raghav742/SDfR/Assignments/assignment6/ros2_ws/install/relbot_adapter/share/relbot_adapter/cmake/relbot_adapterConfig.cmake
[0.122s] -- Up-to-date: /home/raghav742/SDfR/Assignments/assignment6/ros2_ws/install/relbot_adapter/share/relbot_adapter/cmake/relbot_adapterConfig-version.cmake
[0.122s] -- Up-to-date: /home/raghav742/SDfR/Assignments/assignment6/ros2_ws/install/relbot_adapter/share/relbot_adapter/package.xml
[0.128s] Invoked command in '/home/raghav742/SDfR/Assignments/assignment6/ros2_ws/build/relbot_adapter' returned '0': CMAKE_PREFIX_PATH=${CMAKE_PREFIX_PATH}:/opt/ros/humble /usr/bin/cmake --install /home/raghav742/SDfR/Assignments/assignment6/ros2_ws/build/relbot_adapter
