[0.005s] Invoking command in '/home/srik/ros_ubuntu/ros2_ws/build/relbot_msgs': CMAKE_PREFIX_PATH=${CMAKE_PREFIX_PATH}:/opt/ros/humble DEBUGINFOD_URLS=https://debuginfod.archlinux.org https://debuginfod.cachyos.org /usr/bin/cmake /home/srik/ros_ubuntu/ros2_ws/src/relbot_msgs -DCMAKE_INSTALL_PREFIX=/home/srik/ros_ubuntu/ros2_ws/install/relbot_msgs
[0.053s] -- The C compiler identification is GNU 11.4.0
[0.093s] -- The CXX compiler identification is GNU 11.4.0
[0.101s] -- Detecting C compiler ABI info
[0.153s] -- Detecting C compiler ABI info - done
[0.160s] -- Check for working C compiler: /usr/bin/cc - skipped
[0.160s] -- Detecting C compile features
[0.162s] -- Detecting C compile features - done
[0.165s] -- Detecting CXX compiler ABI info
[0.218s] -- Detecting CXX compiler ABI info - done
[0.225s] -- Check for working CXX compiler: /usr/bin/c++ - skipped
[0.225s] -- Detecting CXX compile features
[0.225s] -- Detecting CXX compile features - done
[0.227s] -- Found ament_cmake: 1.3.13 (/opt/ros/humble/share/ament_cmake/cmake)
[0.334s] -- Found Python3: /usr/bin/python3 (found version "3.10.12") found components: Interpreter 
[0.400s] -- Found rosidl_default_generators: 1.2.0 (/opt/ros/humble/share/rosidl_default_generators/cmake)
[0.402s] -- Using all available rosidl_typesupport_c: rosidl_typesupport_fastrtps_c;rosidl_typesupport_introspection_c
[0.406s] -- Found rosidl_adapter: 3.1.8 (/opt/ros/humble/share/rosidl_adapter/cmake)
[0.442s] -- Using all available rosidl_typesupport_cpp: rosidl_typesupport_fastrtps_cpp;rosidl_typesupport_introspection_cpp
[0.471s] -- Found std_msgs: 4.9.1 (/opt/ros/humble/share/std_msgs/cmake)
[0.690s] -- Found ament_cmake_cppcheck: 0.12.15 (/opt/ros/humble/share/ament_cmake_cppcheck/cmake)
[0.691s] -- Found ament_cmake_cpplint: 0.12.15 (/opt/ros/humble/share/ament_cmake_cpplint/cmake)
[0.692s] -- Found ament_cmake_uncrustify: 0.12.15 (/opt/ros/humble/share/ament_cmake_uncrustify/cmake)
[0.695s] -- Found ament_cmake_ros: 0.10.0 (/opt/ros/humble/share/ament_cmake_ros/cmake)
[0.856s] -- Using all available rosidl_typesupport_c: rosidl_typesupport_fastrtps_c;rosidl_typesupport_introspection_c
[1.068s] -- Using all available rosidl_typesupport_cpp: rosidl_typesupport_fastrtps_cpp;rosidl_typesupport_introspection_cpp
[1.086s] -- Found PythonInterp: /usr/bin/python3 (found suitable version "3.10.12", minimum required is "3.6") 
[1.086s] -- Found python_cmake_module: 0.10.0 (/opt/ros/humble/share/python_cmake_module/cmake)
[1.106s] -- Found PythonLibs: /usr/lib/x86_64-linux-gnu/libpython3.10.so (found suitable version "3.10.12", minimum required is "3.5") 
[1.106s] -- Using PYTHON_EXECUTABLE: /usr/bin/python3
[1.106s] -- Using PYTHON_INCLUDE_DIRS: /usr/include/python3.10
[1.106s] -- Using PYTHON_LIBRARIES: /usr/lib/x86_64-linux-gnu/libpython3.10.so
[1.120s] -- Found PythonExtra: .so  
[1.154s] -- Found ament_cmake_flake8: 0.12.15 (/opt/ros/humble/share/ament_cmake_flake8/cmake)
[1.155s] -- Found ament_cmake_pep257: 0.12.15 (/opt/ros/humble/share/ament_cmake_pep257/cmake)
[1.156s] -- Found ament_lint_auto: 0.12.15 (/opt/ros/humble/share/ament_lint_auto/cmake)
[1.168s] -- Added test 'lint_cmake' to check CMake code style
[1.168s] -- Added test 'xmllint' to check XML markup files
[1.170s] -- Configuring done
[1.193s] -- Generating done
[1.202s] -- Build files have been written to: /home/srik/ros_ubuntu/ros2_ws/build/relbot_msgs
[1.211s] Invoked command in '/home/srik/ros_ubuntu/ros2_ws/build/relbot_msgs' returned '0': CMAKE_PREFIX_PATH=${CMAKE_PREFIX_PATH}:/opt/ros/humble DEBUGINFOD_URLS=https://debuginfod.archlinux.org https://debuginfod.cachyos.org /usr/bin/cmake /home/srik/ros_ubuntu/ros2_ws/src/relbot_msgs -DCMAKE_INSTALL_PREFIX=/home/srik/ros_ubuntu/ros2_ws/install/relbot_msgs
[1.212s] Invoking command in '/home/srik/ros_ubuntu/ros2_ws/build/relbot_msgs': CMAKE_PREFIX_PATH=${CMAKE_PREFIX_PATH}:/opt/ros/humble DEBUGINFOD_URLS=https://debuginfod.archlinux.org https://debuginfod.cachyos.org /usr/bin/cmake --build /home/srik/ros_ubuntu/ros2_ws/build/relbot_msgs -- -j32 -l32
[1.236s] [  2%] [34m[1mGenerating C code for ROS interfaces[0m
[1.242s] [  5%] [34m[1mGenerating C++ code for ROS interfaces[0m
[1.247s] [  5%] Built target ament_cmake_python_copy_relbot_msgs
[1.411s] [  5%] Built target relbot_msgs__cpp
[1.417s] [  7%] [34m[1mGenerating C++ type support dispatch for ROS interfaces[0m
[1.417s] [ 12%] [34m[1mGenerating C++ type support for eProsima Fast-RTPS[0m
[1.417s] [ 12%] [34m[1mGenerating C++ introspection for ROS interfaces[0m
[1.435s] running egg_info
[1.435s] creating relbot_msgs.egg-info
[1.435s] writing relbot_msgs.egg-info/PKG-INFO
[1.436s] writing dependency_links to relbot_msgs.egg-info/dependency_links.txt
[1.436s] writing top-level names to relbot_msgs.egg-info/top_level.txt
[1.436s] writing manifest file 'relbot_msgs.egg-info/SOURCES.txt'
[1.438s] reading manifest file 'relbot_msgs.egg-info/SOURCES.txt'
[1.439s] writing manifest file 'relbot_msgs.egg-info/SOURCES.txt'
[1.458s] [ 12%] Built target ament_cmake_python_build_relbot_msgs_egg
[1.486s] [ 17%] [32mBuilding C object CMakeFiles/relbot_msgs__rosidl_generator_c.dir/rosidl_generator_c/relbot_msgs/msg/detail/relbot_motors__functions.c.o[0m
[1.486s] [ 17%] [32mBuilding C object CMakeFiles/relbot_msgs__rosidl_generator_c.dir/rosidl_generator_c/relbot_msgs/msg/detail/relbot_motors_stamped__functions.c.o[0m
[1.522s] [ 20%] [32m[1mLinking C shared library librelbot_msgs__rosidl_generator_c.so[0m
[1.550s] [ 20%] Built target relbot_msgs__rosidl_generator_c
[1.557s] [ 25%] [34m[1mGenerating C introspection for ROS interfaces[0m
[1.557s] [ 25%] [34m[1mGenerating C type support for eProsima Fast-RTPS[0m
[1.557s] [ 28%] [34m[1mGenerating C type support dispatch for ROS interfaces[0m
[1.625s] [ 30%] [32mBuilding CXX object CMakeFiles/relbot_msgs__rosidl_typesupport_cpp.dir/rosidl_typesupport_cpp/relbot_msgs/msg/relbot_motors__type_support.cpp.o[0m
[1.625s] [ 33%] [32mBuilding CXX object CMakeFiles/relbot_msgs__rosidl_typesupport_cpp.dir/rosidl_typesupport_cpp/relbot_msgs/msg/relbot_motors_stamped__type_support.cpp.o[0m
[1.631s] [ 35%] [32mBuilding CXX object CMakeFiles/relbot_msgs__rosidl_typesupport_introspection_cpp.dir/rosidl_typesupport_introspection_cpp/relbot_msgs/msg/detail/relbot_motors__type_support.cpp.o[0m
[1.631s] [ 38%] [32mBuilding CXX object CMakeFiles/relbot_msgs__rosidl_typesupport_introspection_cpp.dir/rosidl_typesupport_introspection_cpp/relbot_msgs/msg/detail/relbot_motors_stamped__type_support.cpp.o[0m
[1.645s] [ 43%] [32mBuilding CXX object CMakeFiles/relbot_msgs__rosidl_typesupport_fastrtps_cpp.dir/rosidl_typesupport_fastrtps_cpp/relbot_msgs/msg/detail/dds_fastrtps/relbot_motors__type_support.cpp.o[0m
[1.645s] [ 43%] [32mBuilding CXX object CMakeFiles/relbot_msgs__rosidl_typesupport_fastrtps_cpp.dir/rosidl_typesupport_fastrtps_cpp/relbot_msgs/msg/detail/dds_fastrtps/relbot_motors_stamped__type_support.cpp.o[0m
[1.785s] [ 48%] [32mBuilding CXX object CMakeFiles/relbot_msgs__rosidl_typesupport_c.dir/rosidl_typesupport_c/relbot_msgs/msg/relbot_motors__type_support.cpp.o[0m
[1.785s] [ 48%] [32mBuilding CXX object CMakeFiles/relbot_msgs__rosidl_typesupport_c.dir/rosidl_typesupport_c/relbot_msgs/msg/relbot_motors_stamped__type_support.cpp.o[0m
[1.795s] [ 53%] [32mBuilding CXX object CMakeFiles/relbot_msgs__rosidl_typesupport_fastrtps_c.dir/rosidl_typesupport_fastrtps_c/relbot_msgs/msg/detail/relbot_motors_stamped__type_support_c.cpp.o[0m
[1.795s] [ 53%] [32mBuilding CXX object CMakeFiles/relbot_msgs__rosidl_typesupport_fastrtps_c.dir/rosidl_typesupport_fastrtps_c/relbot_msgs/msg/detail/relbot_motors__type_support_c.cpp.o[0m
[1.805s] [ 56%] [32mBuilding C object CMakeFiles/relbot_msgs__rosidl_typesupport_introspection_c.dir/rosidl_typesupport_introspection_c/relbot_msgs/msg/detail/relbot_motors_stamped__type_support.c.o[0m
[1.805s] [ 58%] [32mBuilding C object CMakeFiles/relbot_msgs__rosidl_typesupport_introspection_c.dir/rosidl_typesupport_introspection_c/relbot_msgs/msg/detail/relbot_motors__type_support.c.o[0m
[1.812s] [ 61%] [32m[1mLinking CXX shared library librelbot_msgs__rosidl_typesupport_c.so[0m
[1.839s] [ 64%] [32m[1mLinking C shared library librelbot_msgs__rosidl_typesupport_introspection_c.so[0m
[1.845s] [ 64%] Built target relbot_msgs__rosidl_typesupport_c
[1.852s] [ 66%] [32m[1mLinking CXX shared library librelbot_msgs__rosidl_typesupport_cpp.so[0m
[1.861s] [ 69%] [32m[1mLinking CXX shared library librelbot_msgs__rosidl_typesupport_introspection_cpp.so[0m
[1.862s] [ 69%] Built target relbot_msgs__rosidl_typesupport_introspection_c
[1.885s] [ 69%] Built target relbot_msgs__rosidl_typesupport_cpp
[1.898s] [ 69%] Built target relbot_msgs__rosidl_typesupport_introspection_cpp
[1.960s] [ 71%] [32m[1mLinking CXX shared library librelbot_msgs__rosidl_typesupport_fastrtps_cpp.so[0m
[2.012s] [ 71%] Built target relbot_msgs__rosidl_typesupport_fastrtps_cpp
[2.045s] [ 74%] [32m[1mLinking CXX shared library librelbot_msgs__rosidl_typesupport_fastrtps_c.so[0m
[2.093s] [ 74%] Built target relbot_msgs__rosidl_typesupport_fastrtps_c
[2.107s] [ 74%] Built target relbot_msgs
[2.120s] [ 76%] [34m[1mGenerating Python code for ROS interfaces[0m
[2.411s] [ 76%] Built target relbot_msgs__py
[2.424s] [ 79%] [32mBuilding C object CMakeFiles/relbot_msgs__rosidl_generator_py.dir/rosidl_generator_py/relbot_msgs/msg/_relbot_motors_s.c.o[0m
[2.424s] [ 82%] [32mBuilding C object CMakeFiles/relbot_msgs__rosidl_generator_py.dir/rosidl_generator_py/relbot_msgs/msg/_relbot_motors_stamped_s.c.o[0m
[2.498s] [ 84%] [32m[1mLinking C shared library rosidl_generator_py/relbot_msgs/librelbot_msgs__rosidl_generator_py.so[0m
[2.526s] [ 84%] Built target relbot_msgs__rosidl_generator_py
[2.539s] [ 87%] [32mBuilding C object CMakeFiles/relbot_msgs__rosidl_typesupport_introspection_c__pyext.dir/rosidl_generator_py/relbot_msgs/_relbot_msgs_s.ep.rosidl_typesupport_introspection_c.c.o[0m
[2.539s] [ 89%] [32mBuilding C object CMakeFiles/relbot_msgs__rosidl_typesupport_c__pyext.dir/rosidl_generator_py/relbot_msgs/_relbot_msgs_s.ep.rosidl_typesupport_c.c.o[0m
[2.539s] [ 92%] [32mBuilding C object CMakeFiles/relbot_msgs__rosidl_typesupport_fastrtps_c__pyext.dir/rosidl_generator_py/relbot_msgs/_relbot_msgs_s.ep.rosidl_typesupport_fastrtps_c.c.o[0m
[2.612s] [ 94%] [32m[1mLinking C shared library rosidl_generator_py/relbot_msgs/relbot_msgs_s__rosidl_typesupport_c.cpython-310-x86_64-linux-gnu.so[0m
[2.613s] [ 97%] [32m[1mLinking C shared library rosidl_generator_py/relbot_msgs/relbot_msgs_s__rosidl_typesupport_introspection_c.cpython-310-x86_64-linux-gnu.so[0m
[2.613s] [100%] [32m[1mLinking C shared library rosidl_generator_py/relbot_msgs/relbot_msgs_s__rosidl_typesupport_fastrtps_c.cpython-310-x86_64-linux-gnu.so[0m
[2.639s] [100%] Built target relbot_msgs__rosidl_typesupport_introspection_c__pyext
[2.640s] [100%] Built target relbot_msgs__rosidl_typesupport_c__pyext
[2.640s] [100%] Built target relbot_msgs__rosidl_typesupport_fastrtps_c__pyext
[2.648s] Invoked command in '/home/srik/ros_ubuntu/ros2_ws/build/relbot_msgs' returned '0': CMAKE_PREFIX_PATH=${CMAKE_PREFIX_PATH}:/opt/ros/humble DEBUGINFOD_URLS=https://debuginfod.archlinux.org https://debuginfod.cachyos.org /usr/bin/cmake --build /home/srik/ros_ubuntu/ros2_ws/build/relbot_msgs -- -j32 -l32
[2.654s] Invoking command in '/home/srik/ros_ubuntu/ros2_ws/build/relbot_msgs': CMAKE_PREFIX_PATH=${CMAKE_PREFIX_PATH}:/opt/ros/humble DEBUGINFOD_URLS=https://debuginfod.archlinux.org https://debuginfod.cachyos.org /usr/bin/cmake --install /home/srik/ros_ubuntu/ros2_ws/build/relbot_msgs
[2.658s] -- Install configuration: ""
[2.658s] -- Installing: /home/srik/ros_ubuntu/ros2_ws/install/relbot_msgs/share/ament_index/resource_index/rosidl_interfaces/relbot_msgs
[2.659s] -- Installing: /home/srik/ros_ubuntu/ros2_ws/install/relbot_msgs/include/relbot_msgs/relbot_msgs
[2.659s] -- Installing: /home/srik/ros_ubuntu/ros2_ws/install/relbot_msgs/include/relbot_msgs/relbot_msgs/msg
[2.659s] -- Installing: /home/srik/ros_ubuntu/ros2_ws/install/relbot_msgs/include/relbot_msgs/relbot_msgs/msg/rosidl_generator_c__visibility_control.h
[2.659s] -- Installing: /home/srik/ros_ubuntu/ros2_ws/install/relbot_msgs/include/relbot_msgs/relbot_msgs/msg/relbot_motors.h
[2.659s] -- Installing: /home/srik/ros_ubuntu/ros2_ws/install/relbot_msgs/include/relbot_msgs/relbot_msgs/msg/detail
[2.659s] -- Installing: /home/srik/ros_ubuntu/ros2_ws/install/relbot_msgs/include/relbot_msgs/relbot_msgs/msg/detail/relbot_motors__functions.c
[2.659s] -- Installing: /home/srik/ros_ubuntu/ros2_ws/install/relbot_msgs/include/relbot_msgs/relbot_msgs/msg/detail/relbot_motors__functions.h
[2.659s] -- Installing: /home/srik/ros_ubuntu/ros2_ws/install/relbot_msgs/include/relbot_msgs/relbot_msgs/msg/detail/relbot_motors__struct.h
[2.659s] -- Installing: /home/srik/ros_ubuntu/ros2_ws/install/relbot_msgs/include/relbot_msgs/relbot_msgs/msg/detail/relbot_motors__type_support.h
[2.659s] -- Installing: /home/srik/ros_ubuntu/ros2_ws/install/relbot_msgs/include/relbot_msgs/relbot_msgs/msg/detail/relbot_motors_stamped__functions.c
[2.659s] -- Installing: /home/srik/ros_ubuntu/ros2_ws/install/relbot_msgs/include/relbot_msgs/relbot_msgs/msg/detail/relbot_motors_stamped__functions.h
[2.659s] -- Installing: /home/srik/ros_ubuntu/ros2_ws/install/relbot_msgs/include/relbot_msgs/relbot_msgs/msg/detail/relbot_motors_stamped__struct.h
[2.659s] -- Installing: /home/srik/ros_ubuntu/ros2_ws/install/relbot_msgs/include/relbot_msgs/relbot_msgs/msg/detail/relbot_motors_stamped__type_support.h
[2.659s] -- Installing: /home/srik/ros_ubuntu/ros2_ws/install/relbot_msgs/include/relbot_msgs/relbot_msgs/msg/relbot_motors_stamped.h
[2.659s] -- Installing: /home/srik/ros_ubuntu/ros2_ws/install/relbot_msgs/share/relbot_msgs/environment/library_path.sh
[2.659s] -- Installing: /home/srik/ros_ubuntu/ros2_ws/install/relbot_msgs/share/relbot_msgs/environment/library_path.dsv
[2.660s] -- Installing: /home/srik/ros_ubuntu/ros2_ws/install/relbot_msgs/lib/librelbot_msgs__rosidl_generator_c.so
[2.660s] -- Set runtime path of "/home/srik/ros_ubuntu/ros2_ws/install/relbot_msgs/lib/librelbot_msgs__rosidl_generator_c.so" to ""
[2.660s] -- Up-to-date: /home/srik/ros_ubuntu/ros2_ws/install/relbot_msgs/include/relbot_msgs/relbot_msgs
[2.660s] -- Up-to-date: /home/srik/ros_ubuntu/ros2_ws/install/relbot_msgs/include/relbot_msgs/relbot_msgs/msg
[2.660s] -- Installing: /home/srik/ros_ubuntu/ros2_ws/install/relbot_msgs/include/relbot_msgs/relbot_msgs/msg/rosidl_typesupport_fastrtps_c__visibility_control.h
[2.661s] -- Up-to-date: /home/srik/ros_ubuntu/ros2_ws/install/relbot_msgs/include/relbot_msgs/relbot_msgs/msg/detail
[2.661s] -- Installing: /home/srik/ros_ubuntu/ros2_ws/install/relbot_msgs/include/relbot_msgs/relbot_msgs/msg/detail/relbot_motors__rosidl_typesupport_fastrtps_c.h
[2.661s] -- Installing: /home/srik/ros_ubuntu/ros2_ws/install/relbot_msgs/include/relbot_msgs/relbot_msgs/msg/detail/relbot_motors_stamped__rosidl_typesupport_fastrtps_c.h
[2.661s] -- Installing: /home/srik/ros_ubuntu/ros2_ws/install/relbot_msgs/lib/librelbot_msgs__rosidl_typesupport_fastrtps_c.so
[2.662s] -- Set runtime path of "/home/srik/ros_ubuntu/ros2_ws/install/relbot_msgs/lib/librelbot_msgs__rosidl_typesupport_fastrtps_c.so" to ""
[2.662s] -- Up-to-date: /home/srik/ros_ubuntu/ros2_ws/install/relbot_msgs/include/relbot_msgs/relbot_msgs
[2.662s] -- Up-to-date: /home/srik/ros_ubuntu/ros2_ws/install/relbot_msgs/include/relbot_msgs/relbot_msgs/msg
[2.662s] -- Installing: /home/srik/ros_ubuntu/ros2_ws/install/relbot_msgs/include/relbot_msgs/relbot_msgs/msg/rosidl_typesupport_introspection_c__visibility_control.h
[2.662s] -- Up-to-date: /home/srik/ros_ubuntu/ros2_ws/install/relbot_msgs/include/relbot_msgs/relbot_msgs/msg/detail
[2.662s] -- Installing: /home/srik/ros_ubuntu/ros2_ws/install/relbot_msgs/include/relbot_msgs/relbot_msgs/msg/detail/relbot_motors__rosidl_typesupport_introspection_c.h
[2.662s] -- Installing: /home/srik/ros_ubuntu/ros2_ws/install/relbot_msgs/include/relbot_msgs/relbot_msgs/msg/detail/relbot_motors__type_support.c
[2.662s] -- Installing: /home/srik/ros_ubuntu/ros2_ws/install/relbot_msgs/include/relbot_msgs/relbot_msgs/msg/detail/relbot_motors_stamped__rosidl_typesupport_introspection_c.h
[2.662s] -- Installing: /home/srik/ros_ubuntu/ros2_ws/install/relbot_msgs/include/relbot_msgs/relbot_msgs/msg/detail/relbot_motors_stamped__type_support.c
[2.662s] -- Installing: /home/srik/ros_ubuntu/ros2_ws/install/relbot_msgs/lib/librelbot_msgs__rosidl_typesupport_introspection_c.so
[2.663s] -- Set runtime path of "/home/srik/ros_ubuntu/ros2_ws/install/relbot_msgs/lib/librelbot_msgs__rosidl_typesupport_introspection_c.so" to ""
[2.663s] -- Installing: /home/srik/ros_ubuntu/ros2_ws/install/relbot_msgs/lib/librelbot_msgs__rosidl_typesupport_c.so
[2.664s] -- Set runtime path of "/home/srik/ros_ubuntu/ros2_ws/install/relbot_msgs/lib/librelbot_msgs__rosidl_typesupport_c.so" to ""
[2.664s] -- Up-to-date: /home/srik/ros_ubuntu/ros2_ws/install/relbot_msgs/include/relbot_msgs/relbot_msgs
[2.664s] -- Up-to-date: /home/srik/ros_ubuntu/ros2_ws/install/relbot_msgs/include/relbot_msgs/relbot_msgs/msg
[2.664s] -- Installing: /home/srik/ros_ubuntu/ros2_ws/install/relbot_msgs/include/relbot_msgs/relbot_msgs/msg/rosidl_generator_cpp__visibility_control.hpp
[2.664s] -- Installing: /home/srik/ros_ubuntu/ros2_ws/install/relbot_msgs/include/relbot_msgs/relbot_msgs/msg/relbot_motors.hpp
[2.664s] -- Up-to-date: /home/srik/ros_ubuntu/ros2_ws/install/relbot_msgs/include/relbot_msgs/relbot_msgs/msg/detail
[2.664s] -- Installing: /home/srik/ros_ubuntu/ros2_ws/install/relbot_msgs/include/relbot_msgs/relbot_msgs/msg/detail/relbot_motors__builder.hpp
[2.665s] -- Installing: /home/srik/ros_ubuntu/ros2_ws/install/relbot_msgs/include/relbot_msgs/relbot_msgs/msg/detail/relbot_motors__struct.hpp
[2.665s] -- Installing: /home/srik/ros_ubuntu/ros2_ws/install/relbot_msgs/include/relbot_msgs/relbot_msgs/msg/detail/relbot_motors__traits.hpp
[2.665s] -- Installing: /home/srik/ros_ubuntu/ros2_ws/install/relbot_msgs/include/relbot_msgs/relbot_msgs/msg/detail/relbot_motors__type_support.hpp
[2.665s] -- Installing: /home/srik/ros_ubuntu/ros2_ws/install/relbot_msgs/include/relbot_msgs/relbot_msgs/msg/detail/relbot_motors_stamped__builder.hpp
[2.665s] -- Installing: /home/srik/ros_ubuntu/ros2_ws/install/relbot_msgs/include/relbot_msgs/relbot_msgs/msg/detail/relbot_motors_stamped__struct.hpp
[2.665s] -- Installing: /home/srik/ros_ubuntu/ros2_ws/install/relbot_msgs/include/relbot_msgs/relbot_msgs/msg/detail/relbot_motors_stamped__traits.hpp
[2.665s] -- Installing: /home/srik/ros_ubuntu/ros2_ws/install/relbot_msgs/include/relbot_msgs/relbot_msgs/msg/detail/relbot_motors_stamped__type_support.hpp
[2.665s] -- Installing: /home/srik/ros_ubuntu/ros2_ws/install/relbot_msgs/include/relbot_msgs/relbot_msgs/msg/relbot_motors_stamped.hpp
[2.665s] -- Up-to-date: /home/srik/ros_ubuntu/ros2_ws/install/relbot_msgs/include/relbot_msgs/relbot_msgs
[2.665s] -- Up-to-date: /home/srik/ros_ubuntu/ros2_ws/install/relbot_msgs/include/relbot_msgs/relbot_msgs/msg
[2.665s] -- Installing: /home/srik/ros_ubuntu/ros2_ws/install/relbot_msgs/include/relbot_msgs/relbot_msgs/msg/rosidl_typesupport_fastrtps_cpp__visibility_control.h
[2.665s] -- Up-to-date: /home/srik/ros_ubuntu/ros2_ws/install/relbot_msgs/include/relbot_msgs/relbot_msgs/msg/detail
[2.665s] -- Installing: /home/srik/ros_ubuntu/ros2_ws/install/relbot_msgs/include/relbot_msgs/relbot_msgs/msg/detail/relbot_motors__rosidl_typesupport_fastrtps_cpp.hpp
[2.665s] -- Installing: /home/srik/ros_ubuntu/ros2_ws/install/relbot_msgs/include/relbot_msgs/relbot_msgs/msg/detail/dds_fastrtps
[2.665s] -- Installing: /home/srik/ros_ubuntu/ros2_ws/install/relbot_msgs/include/relbot_msgs/relbot_msgs/msg/detail/relbot_motors_stamped__rosidl_typesupport_fastrtps_cpp.hpp
[2.665s] -- Installing: /home/srik/ros_ubuntu/ros2_ws/install/relbot_msgs/lib/librelbot_msgs__rosidl_typesupport_fastrtps_cpp.so
[2.666s] -- Set runtime path of "/home/srik/ros_ubuntu/ros2_ws/install/relbot_msgs/lib/librelbot_msgs__rosidl_typesupport_fastrtps_cpp.so" to ""
[2.666s] -- Up-to-date: /home/srik/ros_ubuntu/ros2_ws/install/relbot_msgs/include/relbot_msgs/relbot_msgs
[2.666s] -- Up-to-date: /home/srik/ros_ubuntu/ros2_ws/install/relbot_msgs/include/relbot_msgs/relbot_msgs/msg
[2.666s] -- Up-to-date: /home/srik/ros_ubuntu/ros2_ws/install/relbot_msgs/include/relbot_msgs/relbot_msgs/msg/detail
[2.666s] -- Installing: /home/srik/ros_ubuntu/ros2_ws/install/relbot_msgs/include/relbot_msgs/relbot_msgs/msg/detail/relbot_motors__rosidl_typesupport_introspection_cpp.hpp
[2.666s] -- Installing: /home/srik/ros_ubuntu/ros2_ws/install/relbot_msgs/include/relbot_msgs/relbot_msgs/msg/detail/relbot_motors__type_support.cpp
[2.666s] -- Installing: /home/srik/ros_ubuntu/ros2_ws/install/relbot_msgs/include/relbot_msgs/relbot_msgs/msg/detail/relbot_motors_stamped__rosidl_typesupport_introspection_cpp.hpp
[2.666s] -- Installing: /home/srik/ros_ubuntu/ros2_ws/install/relbot_msgs/include/relbot_msgs/relbot_msgs/msg/detail/relbot_motors_stamped__type_support.cpp
[2.666s] -- Installing: /home/srik/ros_ubuntu/ros2_ws/install/relbot_msgs/lib/librelbot_msgs__rosidl_typesupport_introspection_cpp.so
[2.667s] -- Set runtime path of "/home/srik/ros_ubuntu/ros2_ws/install/relbot_msgs/lib/librelbot_msgs__rosidl_typesupport_introspection_cpp.so" to ""
[2.667s] -- Installing: /home/srik/ros_ubuntu/ros2_ws/install/relbot_msgs/lib/librelbot_msgs__rosidl_typesupport_cpp.so
[2.668s] -- Set runtime path of "/home/srik/ros_ubuntu/ros2_ws/install/relbot_msgs/lib/librelbot_msgs__rosidl_typesupport_cpp.so" to ""
[2.668s] -- Installing: /home/srik/ros_ubuntu/ros2_ws/install/relbot_msgs/share/relbot_msgs/environment/pythonpath.sh
[2.668s] -- Installing: /home/srik/ros_ubuntu/ros2_ws/install/relbot_msgs/share/relbot_msgs/environment/pythonpath.dsv
[2.668s] -- Installing: /home/srik/ros_ubuntu/ros2_ws/install/relbot_msgs/local/lib/python3.10/dist-packages/relbot_msgs-2025.2.0-py3.10.egg-info
[2.668s] -- Installing: /home/srik/ros_ubuntu/ros2_ws/install/relbot_msgs/local/lib/python3.10/dist-packages/relbot_msgs-2025.2.0-py3.10.egg-info/PKG-INFO
[2.668s] -- Installing: /home/srik/ros_ubuntu/ros2_ws/install/relbot_msgs/local/lib/python3.10/dist-packages/relbot_msgs-2025.2.0-py3.10.egg-info/dependency_links.txt
[2.668s] -- Installing: /home/srik/ros_ubuntu/ros2_ws/install/relbot_msgs/local/lib/python3.10/dist-packages/relbot_msgs-2025.2.0-py3.10.egg-info/top_level.txt
[2.668s] -- Installing: /home/srik/ros_ubuntu/ros2_ws/install/relbot_msgs/local/lib/python3.10/dist-packages/relbot_msgs-2025.2.0-py3.10.egg-info/SOURCES.txt
[2.669s] -- Installing: /home/srik/ros_ubuntu/ros2_ws/install/relbot_msgs/local/lib/python3.10/dist-packages/relbot_msgs
[2.669s] -- Installing: /home/srik/ros_ubuntu/ros2_ws/install/relbot_msgs/local/lib/python3.10/dist-packages/relbot_msgs/__init__.py
[2.669s] -- Installing: /home/srik/ros_ubuntu/ros2_ws/install/relbot_msgs/local/lib/python3.10/dist-packages/relbot_msgs/msg
[2.669s] -- Installing: /home/srik/ros_ubuntu/ros2_ws/install/relbot_msgs/local/lib/python3.10/dist-packages/relbot_msgs/msg/_relbot_motors.py
[2.669s] -- Installing: /home/srik/ros_ubuntu/ros2_ws/install/relbot_msgs/local/lib/python3.10/dist-packages/relbot_msgs/msg/_relbot_motors_s.c
[2.669s] -- Installing: /home/srik/ros_ubuntu/ros2_ws/install/relbot_msgs/local/lib/python3.10/dist-packages/relbot_msgs/msg/_relbot_motors_stamped.py
[2.669s] -- Installing: /home/srik/ros_ubuntu/ros2_ws/install/relbot_msgs/local/lib/python3.10/dist-packages/relbot_msgs/msg/_relbot_motors_stamped_s.c
[2.669s] -- Installing: /home/srik/ros_ubuntu/ros2_ws/install/relbot_msgs/local/lib/python3.10/dist-packages/relbot_msgs/msg/__init__.py
[2.669s] -- Installing: /home/srik/ros_ubuntu/ros2_ws/install/relbot_msgs/local/lib/python3.10/dist-packages/relbot_msgs/_relbot_msgs_s.ep.rosidl_typesupport_fastrtps_c.c
[2.670s] -- Installing: /home/srik/ros_ubuntu/ros2_ws/install/relbot_msgs/local/lib/python3.10/dist-packages/relbot_msgs/_relbot_msgs_s.ep.rosidl_typesupport_introspection_c.c
[2.670s] -- Installing: /home/srik/ros_ubuntu/ros2_ws/install/relbot_msgs/local/lib/python3.10/dist-packages/relbot_msgs/_relbot_msgs_s.ep.rosidl_typesupport_c.c
[2.670s] -- Installing: /home/srik/ros_ubuntu/ros2_ws/install/relbot_msgs/local/lib/python3.10/dist-packages/relbot_msgs/librelbot_msgs__rosidl_generator_py.so
[2.671s] -- Installing: /home/srik/ros_ubuntu/ros2_ws/install/relbot_msgs/local/lib/python3.10/dist-packages/relbot_msgs/relbot_msgs_s__rosidl_typesupport_c.cpython-310-x86_64-linux-gnu.so
[2.671s] -- Installing: /home/srik/ros_ubuntu/ros2_ws/install/relbot_msgs/local/lib/python3.10/dist-packages/relbot_msgs/relbot_msgs_s__rosidl_typesupport_introspection_c.cpython-310-x86_64-linux-gnu.so
[2.671s] -- Installing: /home/srik/ros_ubuntu/ros2_ws/install/relbot_msgs/local/lib/python3.10/dist-packages/relbot_msgs/relbot_msgs_s__rosidl_typesupport_fastrtps_c.cpython-310-x86_64-linux-gnu.so
[2.698s] Listing '/home/srik/ros_ubuntu/ros2_ws/install/relbot_msgs/local/lib/python3.10/dist-packages/relbot_msgs'...
[2.698s] Compiling '/home/srik/ros_ubuntu/ros2_ws/install/relbot_msgs/local/lib/python3.10/dist-packages/relbot_msgs/__init__.py'...
[2.698s] Listing '/home/srik/ros_ubuntu/ros2_ws/install/relbot_msgs/local/lib/python3.10/dist-packages/relbot_msgs/msg'...
[2.698s] Compiling '/home/srik/ros_ubuntu/ros2_ws/install/relbot_msgs/local/lib/python3.10/dist-packages/relbot_msgs/msg/__init__.py'...
[2.698s] Compiling '/home/srik/ros_ubuntu/ros2_ws/install/relbot_msgs/local/lib/python3.10/dist-packages/relbot_msgs/msg/_relbot_motors.py'...
[2.698s] Compiling '/home/srik/ros_ubuntu/ros2_ws/install/relbot_msgs/local/lib/python3.10/dist-packages/relbot_msgs/msg/_relbot_motors_stamped.py'...
[2.702s] -- Installing: /home/srik/ros_ubuntu/ros2_ws/install/relbot_msgs/local/lib/python3.10/dist-packages/relbot_msgs/relbot_msgs_s__rosidl_typesupport_fastrtps_c.cpython-310-x86_64-linux-gnu.so
[2.702s] -- Set runtime path of "/home/srik/ros_ubuntu/ros2_ws/install/relbot_msgs/local/lib/python3.10/dist-packages/relbot_msgs/relbot_msgs_s__rosidl_typesupport_fastrtps_c.cpython-310-x86_64-linux-gnu.so" to ""
[2.703s] -- Installing: /home/srik/ros_ubuntu/ros2_ws/install/relbot_msgs/local/lib/python3.10/dist-packages/relbot_msgs/relbot_msgs_s__rosidl_typesupport_introspection_c.cpython-310-x86_64-linux-gnu.so
[2.703s] -- Set runtime path of "/home/srik/ros_ubuntu/ros2_ws/install/relbot_msgs/local/lib/python3.10/dist-packages/relbot_msgs/relbot_msgs_s__rosidl_typesupport_introspection_c.cpython-310-x86_64-linux-gnu.so" to ""
[2.704s] -- Installing: /home/srik/ros_ubuntu/ros2_ws/install/relbot_msgs/local/lib/python3.10/dist-packages/relbot_msgs/relbot_msgs_s__rosidl_typesupport_c.cpython-310-x86_64-linux-gnu.so
[2.704s] -- Set runtime path of "/home/srik/ros_ubuntu/ros2_ws/install/relbot_msgs/local/lib/python3.10/dist-packages/relbot_msgs/relbot_msgs_s__rosidl_typesupport_c.cpython-310-x86_64-linux-gnu.so" to ""
[2.704s] -- Installing: /home/srik/ros_ubuntu/ros2_ws/install/relbot_msgs/lib/librelbot_msgs__rosidl_generator_py.so
[2.705s] -- Set runtime path of "/home/srik/ros_ubuntu/ros2_ws/install/relbot_msgs/lib/librelbot_msgs__rosidl_generator_py.so" to ""
[2.705s] -- Installing: /home/srik/ros_ubuntu/ros2_ws/install/relbot_msgs/share/relbot_msgs/msg/RelbotMotors.idl
[2.705s] -- Installing: /home/srik/ros_ubuntu/ros2_ws/install/relbot_msgs/share/relbot_msgs/msg/RelbotMotorsStamped.idl
[2.705s] -- Installing: /home/srik/ros_ubuntu/ros2_ws/install/relbot_msgs/share/relbot_msgs/msg/RelbotMotors.msg
[2.705s] -- Installing: /home/srik/ros_ubuntu/ros2_ws/install/relbot_msgs/share/relbot_msgs/msg/RelbotMotorsStamped.msg
[2.705s] -- Installing: /home/srik/ros_ubuntu/ros2_ws/install/relbot_msgs/share/ament_index/resource_index/package_run_dependencies/relbot_msgs
[2.706s] -- Installing: /home/srik/ros_ubuntu/ros2_ws/install/relbot_msgs/share/ament_index/resource_index/parent_prefix_path/relbot_msgs
[2.706s] -- Installing: /home/srik/ros_ubuntu/ros2_ws/install/relbot_msgs/share/relbot_msgs/environment/ament_prefix_path.sh
[2.706s] -- Installing: /home/srik/ros_ubuntu/ros2_ws/install/relbot_msgs/share/relbot_msgs/environment/ament_prefix_path.dsv
[2.706s] -- Installing: /home/srik/ros_ubuntu/ros2_ws/install/relbot_msgs/share/relbot_msgs/environment/path.sh
[2.706s] -- Installing: /home/srik/ros_ubuntu/ros2_ws/install/relbot_msgs/share/relbot_msgs/environment/path.dsv
[2.706s] -- Installing: /home/srik/ros_ubuntu/ros2_ws/install/relbot_msgs/share/relbot_msgs/local_setup.bash
[2.706s] -- Installing: /home/srik/ros_ubuntu/ros2_ws/install/relbot_msgs/share/relbot_msgs/local_setup.sh
[2.706s] -- Installing: /home/srik/ros_ubuntu/ros2_ws/install/relbot_msgs/share/relbot_msgs/local_setup.zsh
[2.706s] -- Installing: /home/srik/ros_ubuntu/ros2_ws/install/relbot_msgs/share/relbot_msgs/local_setup.dsv
[2.706s] -- Installing: /home/srik/ros_ubuntu/ros2_ws/install/relbot_msgs/share/relbot_msgs/package.dsv
[2.706s] -- Installing: /home/srik/ros_ubuntu/ros2_ws/install/relbot_msgs/share/ament_index/resource_index/packages/relbot_msgs
[2.706s] -- Installing: /home/srik/ros_ubuntu/ros2_ws/install/relbot_msgs/share/relbot_msgs/cmake/export_relbot_msgs__rosidl_generator_cExport.cmake
[2.706s] -- Installing: /home/srik/ros_ubuntu/ros2_ws/install/relbot_msgs/share/relbot_msgs/cmake/export_relbot_msgs__rosidl_generator_cExport-noconfig.cmake
[2.707s] -- Installing: /home/srik/ros_ubuntu/ros2_ws/install/relbot_msgs/share/relbot_msgs/cmake/export_relbot_msgs__rosidl_typesupport_fastrtps_cExport.cmake
[2.707s] -- Installing: /home/srik/ros_ubuntu/ros2_ws/install/relbot_msgs/share/relbot_msgs/cmake/export_relbot_msgs__rosidl_typesupport_fastrtps_cExport-noconfig.cmake
[2.707s] -- Installing: /home/srik/ros_ubuntu/ros2_ws/install/relbot_msgs/share/relbot_msgs/cmake/relbot_msgs__rosidl_typesupport_introspection_cExport.cmake
[2.707s] -- Installing: /home/srik/ros_ubuntu/ros2_ws/install/relbot_msgs/share/relbot_msgs/cmake/relbot_msgs__rosidl_typesupport_introspection_cExport-noconfig.cmake
[2.707s] -- Installing: /home/srik/ros_ubuntu/ros2_ws/install/relbot_msgs/share/relbot_msgs/cmake/relbot_msgs__rosidl_typesupport_cExport.cmake
[2.707s] -- Installing: /home/srik/ros_ubuntu/ros2_ws/install/relbot_msgs/share/relbot_msgs/cmake/relbot_msgs__rosidl_typesupport_cExport-noconfig.cmake
[2.707s] -- Installing: /home/srik/ros_ubuntu/ros2_ws/install/relbot_msgs/share/relbot_msgs/cmake/export_relbot_msgs__rosidl_generator_cppExport.cmake
[2.707s] -- Installing: /home/srik/ros_ubuntu/ros2_ws/install/relbot_msgs/share/relbot_msgs/cmake/export_relbot_msgs__rosidl_typesupport_fastrtps_cppExport.cmake
[2.708s] -- Installing: /home/srik/ros_ubuntu/ros2_ws/install/relbot_msgs/share/relbot_msgs/cmake/export_relbot_msgs__rosidl_typesupport_fastrtps_cppExport-noconfig.cmake
[2.708s] -- Installing: /home/srik/ros_ubuntu/ros2_ws/install/relbot_msgs/share/relbot_msgs/cmake/relbot_msgs__rosidl_typesupport_introspection_cppExport.cmake
[2.708s] -- Installing: /home/srik/ros_ubuntu/ros2_ws/install/relbot_msgs/share/relbot_msgs/cmake/relbot_msgs__rosidl_typesupport_introspection_cppExport-noconfig.cmake
[2.708s] -- Installing: /home/srik/ros_ubuntu/ros2_ws/install/relbot_msgs/share/relbot_msgs/cmake/relbot_msgs__rosidl_typesupport_cppExport.cmake
[2.708s] -- Installing: /home/srik/ros_ubuntu/ros2_ws/install/relbot_msgs/share/relbot_msgs/cmake/relbot_msgs__rosidl_typesupport_cppExport-noconfig.cmake
[2.708s] -- Installing: /home/srik/ros_ubuntu/ros2_ws/install/relbot_msgs/share/relbot_msgs/cmake/export_relbot_msgs__rosidl_generator_pyExport.cmake
[2.708s] -- Installing: /home/srik/ros_ubuntu/ros2_ws/install/relbot_msgs/share/relbot_msgs/cmake/export_relbot_msgs__rosidl_generator_pyExport-noconfig.cmake
[2.708s] -- Installing: /home/srik/ros_ubuntu/ros2_ws/install/relbot_msgs/share/relbot_msgs/cmake/rosidl_cmake-extras.cmake
[2.708s] -- Installing: /home/srik/ros_ubuntu/ros2_ws/install/relbot_msgs/share/relbot_msgs/cmake/ament_cmake_export_dependencies-extras.cmake
[2.708s] -- Installing: /home/srik/ros_ubuntu/ros2_ws/install/relbot_msgs/share/relbot_msgs/cmake/ament_cmake_export_include_directories-extras.cmake
[2.708s] -- Installing: /home/srik/ros_ubuntu/ros2_ws/install/relbot_msgs/share/relbot_msgs/cmake/ament_cmake_export_libraries-extras.cmake
[2.708s] -- Installing: /home/srik/ros_ubuntu/ros2_ws/install/relbot_msgs/share/relbot_msgs/cmake/ament_cmake_export_targets-extras.cmake
[2.708s] -- Installing: /home/srik/ros_ubuntu/ros2_ws/install/relbot_msgs/share/relbot_msgs/cmake/rosidl_cmake_export_typesupport_targets-extras.cmake
[2.709s] -- Installing: /home/srik/ros_ubuntu/ros2_ws/install/relbot_msgs/share/relbot_msgs/cmake/rosidl_cmake_export_typesupport_libraries-extras.cmake
[2.709s] -- Installing: /home/srik/ros_ubuntu/ros2_ws/install/relbot_msgs/share/relbot_msgs/cmake/relbot_msgsConfig.cmake
[2.709s] -- Installing: /home/srik/ros_ubuntu/ros2_ws/install/relbot_msgs/share/relbot_msgs/cmake/relbot_msgsConfig-version.cmake
[2.709s] -- Installing: /home/srik/ros_ubuntu/ros2_ws/install/relbot_msgs/share/relbot_msgs/package.xml
[2.711s] Invoked command in '/home/srik/ros_ubuntu/ros2_ws/build/relbot_msgs' returned '0': CMAKE_PREFIX_PATH=${CMAKE_PREFIX_PATH}:/opt/ros/humble DEBUGINFOD_URLS=https://debuginfod.archlinux.org https://debuginfod.cachyos.org /usr/bin/cmake --install /home/srik/ros_ubuntu/ros2_ws/build/relbot_msgs
