[0.081s] Invoking command in '/home/sdfr-ppd-16/ros2_ws/build/relbot_adapter': CMAKE_PREFIX_PATH=${CMAKE_PREFIX_PATH}:/opt/ros/humble /usr/bin/cmake --build /home/sdfr-ppd-16/ros2_ws/build/relbot_adapter -- -j3 -l3
[0.260s] [100%] Built target relbot_adapter
[0.300s] Invoked command in '/home/sdfr-ppd-16/ros2_ws/build/relbot_adapter' returned '0': CMAKE_PREFIX_PATH=${CMAKE_PREFIX_PATH}:/opt/ros/humble /usr/bin/cmake --build /home/sdfr-ppd-16/ros2_ws/build/relbot_adapter -- -j3 -l3
[0.303s] Invoking command in '/home/sdfr-ppd-16/ros2_ws/build/relbot_adapter': CMAKE_PREFIX_PATH=${CMAKE_PREFIX_PATH}:/opt/ros/humble /usr/bin/cmake --install /home/sdfr-ppd-16/ros2_ws/build/relbot_adapter
[0.330s] -- Install configuration: ""
[0.333s] -- Up-to-date: /home/sdfr-ppd-16/ros2_ws/install/relbot_adapter/lib/relbot_adapter/relbot_adapter
[0.336s] -- Up-to-date: /home/sdfr-ppd-16/ros2_ws/install/relbot_adapter/share/ament_index/resource_index/package_run_dependencies/relbot_adapter
[0.337s] -- Up-to-date: /home/sdfr-ppd-16/ros2_ws/install/relbot_adapter/share/ament_index/resource_index/parent_prefix_path/relbot_adapter
[0.339s] -- Up-to-date: /home/sdfr-ppd-16/ros2_ws/install/relbot_adapter/share/relbot_adapter/environment/ament_prefix_path.sh
[0.341s] -- Up-to-date: /home/sdfr-ppd-16/ros2_ws/install/relbot_adapter/share/relbot_adapter/environment/ament_prefix_path.dsv
[0.342s] -- Up-to-date: /home/sdfr-ppd-16/ros2_ws/install/relbot_adapter/share/relbot_adapter/environment/path.sh
[0.344s] -- Up-to-date: /home/sdfr-ppd-16/ros2_ws/install/relbot_adapter/share/relbot_adapter/environment/path.dsv
[0.352s] -- Up-to-date: /home/sdfr-ppd-16/ros2_ws/install/relbot_adapter/share/relbot_adapter/local_setup.bash
[0.353s] -- Up-to-date: /home/sdfr-ppd-16/ros2_ws/install/relbot_adapter/share/relbot_adapter/local_setup.sh
[0.354s] -- Up-to-date: /home/sdfr-ppd-16/ros2_ws/install/relbot_adapter/share/relbot_adapter/local_setup.zsh
[0.376s] -- Up-to-date: /home/sdfr-ppd-16/ros2_ws/install/relbot_adapter/share/relbot_adapter/local_setup.dsv
[0.378s] -- Installing: /home/sdfr-ppd-16/ros2_ws/install/relbot_adapter/share/relbot_adapter/package.dsv
[0.379s] -- Up-to-date: /home/sdfr-ppd-16/ros2_ws/install/relbot_adapter/share/ament_index/resource_index/packages/relbot_adapter
[0.381s] -- Up-to-date: /home/sdfr-ppd-16/ros2_ws/install/relbot_adapter/share/relbot_adapter/cmake/relbot_adapterConfig.cmake
[0.382s] -- Up-to-date: /home/sdfr-ppd-16/ros2_ws/install/relbot_adapter/share/relbot_adapter/cmake/relbot_adapterConfig-version.cmake
[0.383s] -- Up-to-date: /home/sdfr-ppd-16/ros2_ws/install/relbot_adapter/share/relbot_adapter/package.xml
[0.384s] Invoked command in '/home/sdfr-ppd-16/ros2_ws/build/relbot_adapter' returned '0': CMAKE_PREFIX_PATH=${CMAKE_PREFIX_PATH}:/opt/ros/humble /usr/bin/cmake --install /home/sdfr-ppd-16/ros2_ws/build/relbot_adapter
