[0.034s] Invoking command in '/home/sdfr-ppd-16/SfDR-code/assignment6/ros2_ws/build/relbot_msgs': CMAKE_PREFIX_PATH=${CMAKE_PREFIX_PATH}:/opt/ros/humble /usr/bin/cmake --build /home/sdfr-ppd-16/SfDR-code/assignment6/ros2_ws/build/relbot_msgs -- -j3 -l3
[0.139s] [35m[1mConsolidate compiler generated dependencies of target relbot_msgs__rosidl_generator_c[0m
[0.167s] [  2%] Built target relbot_msgs__cpp
[0.202s] [35m[1mConsolidate compiler generated dependencies of target relbot_msgs__rosidl_typesupport_cpp[0m
[0.204s] [  2%] Built target ament_cmake_python_copy_relbot_msgs
[0.228s] [ 12%] Built target relbot_msgs__rosidl_generator_c
[0.235s] [35m[1mConsolidate compiler generated dependencies of target relbot_msgs__rosidl_typesupport_fastrtps_cpp[0m
[0.255s] [35m[1mConsolidate compiler generated dependencies of target relbot_msgs__rosidl_typesupport_introspection_cpp[0m
[0.369s] [ 23%] Built target relbot_msgs__rosidl_typesupport_cpp
[0.428s] [ 33%] Built target relbot_msgs__rosidl_typesupport_fastrtps_cpp
[0.436s] [ 43%] Built target relbot_msgs__rosidl_typesupport_introspection_cpp
[0.468s] [35m[1mConsolidate compiler generated dependencies of target relbot_msgs__rosidl_typesupport_fastrtps_c[0m
[0.473s] [35m[1mConsolidate compiler generated dependencies of target relbot_msgs__rosidl_typesupport_introspection_c[0m
[0.557s] [ 53%] Built target relbot_msgs__rosidl_typesupport_introspection_c
[0.585s] [35m[1mConsolidate compiler generated dependencies of target relbot_msgs__rosidl_typesupport_c[0m
[0.650s] [ 64%] Built target relbot_msgs__rosidl_typesupport_c
[0.654s] [ 74%] Built target relbot_msgs__rosidl_typesupport_fastrtps_c
[0.708s] [ 74%] Built target relbot_msgs
[0.765s] [ 76%] Built target relbot_msgs__py
[0.793s] [35m[1mConsolidate compiler generated dependencies of target relbot_msgs__rosidl_generator_py[0m
[0.985s] [ 84%] Built target relbot_msgs__rosidl_generator_py
[1.015s] [35m[1mConsolidate compiler generated dependencies of target relbot_msgs__rosidl_typesupport_fastrtps_c__pyext[0m
[1.016s] [35m[1mConsolidate compiler generated dependencies of target relbot_msgs__rosidl_typesupport_introspection_c__pyext[0m
[1.167s] [ 89%] Built target relbot_msgs__rosidl_typesupport_fastrtps_c__pyext
[1.171s] [ 94%] Built target relbot_msgs__rosidl_typesupport_introspection_c__pyext
[1.199s] [35m[1mConsolidate compiler generated dependencies of target relbot_msgs__rosidl_typesupport_c__pyext[0m
[1.346s] [100%] Built target relbot_msgs__rosidl_typesupport_c__pyext
[1.396s] running egg_info
[1.399s] writing relbot_msgs.egg-info/PKG-INFO
[1.400s] writing dependency_links to relbot_msgs.egg-info/dependency_links.txt
[1.401s] writing top-level names to relbot_msgs.egg-info/top_level.txt
[1.410s] reading manifest file 'relbot_msgs.egg-info/SOURCES.txt'
[1.412s] writing manifest file 'relbot_msgs.egg-info/SOURCES.txt'
[1.537s] [100%] Built target ament_cmake_python_build_relbot_msgs_egg
[1.573s] Invoked command in '/home/sdfr-ppd-16/SfDR-code/assignment6/ros2_ws/build/relbot_msgs' returned '0': CMAKE_PREFIX_PATH=${CMAKE_PREFIX_PATH}:/opt/ros/humble /usr/bin/cmake --build /home/sdfr-ppd-16/SfDR-code/assignment6/ros2_ws/build/relbot_msgs -- -j3 -l3
[1.603s] Invoking command in '/home/sdfr-ppd-16/SfDR-code/assignment6/ros2_ws/build/relbot_msgs': CMAKE_PREFIX_PATH=${CMAKE_PREFIX_PATH}:/opt/ros/humble /usr/bin/cmake --install /home/sdfr-ppd-16/SfDR-code/assignment6/ros2_ws/build/relbot_msgs
[1.635s] -- Install configuration: ""
[1.637s] -- Up-to-date: /home/sdfr-ppd-16/SfDR-code/assignment6/ros2_ws/install/relbot_msgs/share/ament_index/resource_index/rosidl_interfaces/relbot_msgs
[1.638s] -- Up-to-date: /home/sdfr-ppd-16/SfDR-code/assignment6/ros2_ws/install/relbot_msgs/include/relbot_msgs/relbot_msgs
[1.639s] -- Up-to-date: /home/sdfr-ppd-16/SfDR-code/assignment6/ros2_ws/install/relbot_msgs/include/relbot_msgs/relbot_msgs/msg
[1.641s] -- Up-to-date: /home/sdfr-ppd-16/SfDR-code/assignment6/ros2_ws/install/relbot_msgs/include/relbot_msgs/relbot_msgs/msg/rosidl_generator_c__visibility_control.h
[1.642s] -- Up-to-date: /home/sdfr-ppd-16/SfDR-code/assignment6/ros2_ws/install/relbot_msgs/include/relbot_msgs/relbot_msgs/msg/detail
[1.643s] -- Up-to-date: /home/sdfr-ppd-16/SfDR-code/assignment6/ros2_ws/install/relbot_msgs/include/relbot_msgs/relbot_msgs/msg/detail/relbot_motors_stamped__struct.h
[1.644s] -- Up-to-date: /home/sdfr-ppd-16/SfDR-code/assignment6/ros2_ws/install/relbot_msgs/include/relbot_msgs/relbot_msgs/msg/detail/relbot_motors_stamped__functions.h
[1.646s] -- Up-to-date: /home/sdfr-ppd-16/SfDR-code/assignment6/ros2_ws/install/relbot_msgs/include/relbot_msgs/relbot_msgs/msg/detail/relbot_motors__struct.h
[1.647s] -- Up-to-date: /home/sdfr-ppd-16/SfDR-code/assignment6/ros2_ws/install/relbot_msgs/include/relbot_msgs/relbot_msgs/msg/detail/relbot_motors_stamped__functions.c
[1.648s] -- Up-to-date: /home/sdfr-ppd-16/SfDR-code/assignment6/ros2_ws/install/relbot_msgs/include/relbot_msgs/relbot_msgs/msg/detail/relbot_motors__functions.c
[1.649s] -- Up-to-date: /home/sdfr-ppd-16/SfDR-code/assignment6/ros2_ws/install/relbot_msgs/include/relbot_msgs/relbot_msgs/msg/detail/relbot_motors__functions.h
[1.651s] -- Up-to-date: /home/sdfr-ppd-16/SfDR-code/assignment6/ros2_ws/install/relbot_msgs/include/relbot_msgs/relbot_msgs/msg/detail/relbot_motors_stamped__type_support.h
[1.652s] -- Up-to-date: /home/sdfr-ppd-16/SfDR-code/assignment6/ros2_ws/install/relbot_msgs/include/relbot_msgs/relbot_msgs/msg/detail/relbot_motors__type_support.h
[1.653s] -- Up-to-date: /home/sdfr-ppd-16/SfDR-code/assignment6/ros2_ws/install/relbot_msgs/include/relbot_msgs/relbot_msgs/msg/relbot_motors_stamped.h
[1.654s] -- Up-to-date: /home/sdfr-ppd-16/SfDR-code/assignment6/ros2_ws/install/relbot_msgs/include/relbot_msgs/relbot_msgs/msg/relbot_motors.h
[1.655s] -- Up-to-date: /home/sdfr-ppd-16/SfDR-code/assignment6/ros2_ws/install/relbot_msgs/share/relbot_msgs/environment/library_path.sh
[1.656s] -- Up-to-date: /home/sdfr-ppd-16/SfDR-code/assignment6/ros2_ws/install/relbot_msgs/share/relbot_msgs/environment/library_path.dsv
[1.658s] -- Up-to-date: /home/sdfr-ppd-16/SfDR-code/assignment6/ros2_ws/install/relbot_msgs/lib/librelbot_msgs__rosidl_generator_c.so
[1.659s] -- Up-to-date: /home/sdfr-ppd-16/SfDR-code/assignment6/ros2_ws/install/relbot_msgs/include/relbot_msgs/relbot_msgs
[1.661s] -- Up-to-date: /home/sdfr-ppd-16/SfDR-code/assignment6/ros2_ws/install/relbot_msgs/include/relbot_msgs/relbot_msgs/msg
[1.662s] -- Up-to-date: /home/sdfr-ppd-16/SfDR-code/assignment6/ros2_ws/install/relbot_msgs/include/relbot_msgs/relbot_msgs/msg/detail
[1.663s] -- Up-to-date: /home/sdfr-ppd-16/SfDR-code/assignment6/ros2_ws/install/relbot_msgs/include/relbot_msgs/relbot_msgs/msg/detail/relbot_motors_stamped__rosidl_typesupport_fastrtps_c.h
[1.664s] -- Up-to-date: /home/sdfr-ppd-16/SfDR-code/assignment6/ros2_ws/install/relbot_msgs/include/relbot_msgs/relbot_msgs/msg/detail/relbot_motors__rosidl_typesupport_fastrtps_c.h
[1.665s] -- Up-to-date: /home/sdfr-ppd-16/SfDR-code/assignment6/ros2_ws/install/relbot_msgs/include/relbot_msgs/relbot_msgs/msg/rosidl_typesupport_fastrtps_c__visibility_control.h
[1.666s] -- Up-to-date: /home/sdfr-ppd-16/SfDR-code/assignment6/ros2_ws/install/relbot_msgs/lib/librelbot_msgs__rosidl_typesupport_fastrtps_c.so
[1.667s] -- Up-to-date: /home/sdfr-ppd-16/SfDR-code/assignment6/ros2_ws/install/relbot_msgs/include/relbot_msgs/relbot_msgs
[1.668s] -- Up-to-date: /home/sdfr-ppd-16/SfDR-code/assignment6/ros2_ws/install/relbot_msgs/include/relbot_msgs/relbot_msgs/msg
[1.669s] -- Up-to-date: /home/sdfr-ppd-16/SfDR-code/assignment6/ros2_ws/install/relbot_msgs/include/relbot_msgs/relbot_msgs/msg/rosidl_typesupport_introspection_c__visibility_control.h
[1.670s] -- Up-to-date: /home/sdfr-ppd-16/SfDR-code/assignment6/ros2_ws/install/relbot_msgs/include/relbot_msgs/relbot_msgs/msg/detail
[1.671s] -- Up-to-date: /home/sdfr-ppd-16/SfDR-code/assignment6/ros2_ws/install/relbot_msgs/include/relbot_msgs/relbot_msgs/msg/detail/relbot_motors_stamped__rosidl_typesupport_introspection_c.h
[1.672s] -- Up-to-date: /home/sdfr-ppd-16/SfDR-code/assignment6/ros2_ws/install/relbot_msgs/include/relbot_msgs/relbot_msgs/msg/detail/relbot_motors__rosidl_typesupport_introspection_c.h
[1.674s] -- Up-to-date: /home/sdfr-ppd-16/SfDR-code/assignment6/ros2_ws/install/relbot_msgs/include/relbot_msgs/relbot_msgs/msg/detail/relbot_motors__type_support.c
[1.675s] -- Up-to-date: /home/sdfr-ppd-16/SfDR-code/assignment6/ros2_ws/install/relbot_msgs/include/relbot_msgs/relbot_msgs/msg/detail/relbot_motors_stamped__type_support.c
[1.676s] -- Up-to-date: /home/sdfr-ppd-16/SfDR-code/assignment6/ros2_ws/install/relbot_msgs/lib/librelbot_msgs__rosidl_typesupport_introspection_c.so
[1.677s] -- Up-to-date: /home/sdfr-ppd-16/SfDR-code/assignment6/ros2_ws/install/relbot_msgs/lib/librelbot_msgs__rosidl_typesupport_c.so
[1.678s] -- Up-to-date: /home/sdfr-ppd-16/SfDR-code/assignment6/ros2_ws/install/relbot_msgs/include/relbot_msgs/relbot_msgs
[1.679s] -- Up-to-date: /home/sdfr-ppd-16/SfDR-code/assignment6/ros2_ws/install/relbot_msgs/include/relbot_msgs/relbot_msgs/msg
[1.680s] -- Up-to-date: /home/sdfr-ppd-16/SfDR-code/assignment6/ros2_ws/install/relbot_msgs/include/relbot_msgs/relbot_msgs/msg/relbot_motors_stamped.hpp
[1.682s] -- Up-to-date: /home/sdfr-ppd-16/SfDR-code/assignment6/ros2_ws/install/relbot_msgs/include/relbot_msgs/relbot_msgs/msg/detail
[1.683s] -- Up-to-date: /home/sdfr-ppd-16/SfDR-code/assignment6/ros2_ws/install/relbot_msgs/include/relbot_msgs/relbot_msgs/msg/detail/relbot_motors_stamped__type_support.hpp
[1.684s] -- Up-to-date: /home/sdfr-ppd-16/SfDR-code/assignment6/ros2_ws/install/relbot_msgs/include/relbot_msgs/relbot_msgs/msg/detail/relbot_motors_stamped__struct.hpp
[1.685s] -- Up-to-date: /home/sdfr-ppd-16/SfDR-code/assignment6/ros2_ws/install/relbot_msgs/include/relbot_msgs/relbot_msgs/msg/detail/relbot_motors_stamped__traits.hpp
[1.686s] -- Up-to-date: /home/sdfr-ppd-16/SfDR-code/assignment6/ros2_ws/install/relbot_msgs/include/relbot_msgs/relbot_msgs/msg/detail/relbot_motors__type_support.hpp
[1.687s] -- Up-to-date: /home/sdfr-ppd-16/SfDR-code/assignment6/ros2_ws/install/relbot_msgs/include/relbot_msgs/relbot_msgs/msg/detail/relbot_motors__traits.hpp
[1.689s] -- Up-to-date: /home/sdfr-ppd-16/SfDR-code/assignment6/ros2_ws/install/relbot_msgs/include/relbot_msgs/relbot_msgs/msg/detail/relbot_motors_stamped__builder.hpp
[1.689s] -- Up-to-date: /home/sdfr-ppd-16/SfDR-code/assignment6/ros2_ws/install/relbot_msgs/include/relbot_msgs/relbot_msgs/msg/detail/relbot_motors__builder.hpp
[1.690s] -- Up-to-date: /home/sdfr-ppd-16/SfDR-code/assignment6/ros2_ws/install/relbot_msgs/include/relbot_msgs/relbot_msgs/msg/detail/relbot_motors__struct.hpp
[1.692s] -- Up-to-date: /home/sdfr-ppd-16/SfDR-code/assignment6/ros2_ws/install/relbot_msgs/include/relbot_msgs/relbot_msgs/msg/rosidl_generator_cpp__visibility_control.hpp
[1.693s] -- Up-to-date: /home/sdfr-ppd-16/SfDR-code/assignment6/ros2_ws/install/relbot_msgs/include/relbot_msgs/relbot_msgs/msg/relbot_motors.hpp
[1.694s] -- Up-to-date: /home/sdfr-ppd-16/SfDR-code/assignment6/ros2_ws/install/relbot_msgs/include/relbot_msgs/relbot_msgs
[1.695s] -- Up-to-date: /home/sdfr-ppd-16/SfDR-code/assignment6/ros2_ws/install/relbot_msgs/include/relbot_msgs/relbot_msgs/msg
[1.696s] -- Up-to-date: /home/sdfr-ppd-16/SfDR-code/assignment6/ros2_ws/install/relbot_msgs/include/relbot_msgs/relbot_msgs/msg/detail
[1.697s] -- Up-to-date: /home/sdfr-ppd-16/SfDR-code/assignment6/ros2_ws/install/relbot_msgs/include/relbot_msgs/relbot_msgs/msg/detail/dds_fastrtps
[1.699s] -- Up-to-date: /home/sdfr-ppd-16/SfDR-code/assignment6/ros2_ws/install/relbot_msgs/include/relbot_msgs/relbot_msgs/msg/detail/relbot_motors_stamped__rosidl_typesupport_fastrtps_cpp.hpp
[1.700s] -- Up-to-date: /home/sdfr-ppd-16/SfDR-code/assignment6/ros2_ws/install/relbot_msgs/include/relbot_msgs/relbot_msgs/msg/detail/relbot_motors__rosidl_typesupport_fastrtps_cpp.hpp
[1.701s] -- Up-to-date: /home/sdfr-ppd-16/SfDR-code/assignment6/ros2_ws/install/relbot_msgs/include/relbot_msgs/relbot_msgs/msg/rosidl_typesupport_fastrtps_cpp__visibility_control.h
[1.703s] -- Up-to-date: /home/sdfr-ppd-16/SfDR-code/assignment6/ros2_ws/install/relbot_msgs/lib/librelbot_msgs__rosidl_typesupport_fastrtps_cpp.so
[1.705s] -- Up-to-date: /home/sdfr-ppd-16/SfDR-code/assignment6/ros2_ws/install/relbot_msgs/include/relbot_msgs/relbot_msgs
[1.706s] -- Up-to-date: /home/sdfr-ppd-16/SfDR-code/assignment6/ros2_ws/install/relbot_msgs/include/relbot_msgs/relbot_msgs/msg
[1.708s] -- Up-to-date: /home/sdfr-ppd-16/SfDR-code/assignment6/ros2_ws/install/relbot_msgs/include/relbot_msgs/relbot_msgs/msg/detail
[1.709s] -- Up-to-date: /home/sdfr-ppd-16/SfDR-code/assignment6/ros2_ws/install/relbot_msgs/include/relbot_msgs/relbot_msgs/msg/detail/relbot_motors_stamped__type_support.cpp
[1.710s] -- Up-to-date: /home/sdfr-ppd-16/SfDR-code/assignment6/ros2_ws/install/relbot_msgs/include/relbot_msgs/relbot_msgs/msg/detail/relbot_motors__type_support.cpp
[1.711s] -- Up-to-date: /home/sdfr-ppd-16/SfDR-code/assignment6/ros2_ws/install/relbot_msgs/include/relbot_msgs/relbot_msgs/msg/detail/relbot_motors__rosidl_typesupport_introspection_cpp.hpp
[1.712s] -- Up-to-date: /home/sdfr-ppd-16/SfDR-code/assignment6/ros2_ws/install/relbot_msgs/include/relbot_msgs/relbot_msgs/msg/detail/relbot_motors_stamped__rosidl_typesupport_introspection_cpp.hpp
[1.713s] -- Up-to-date: /home/sdfr-ppd-16/SfDR-code/assignment6/ros2_ws/install/relbot_msgs/lib/librelbot_msgs__rosidl_typesupport_introspection_cpp.so
[1.714s] -- Up-to-date: /home/sdfr-ppd-16/SfDR-code/assignment6/ros2_ws/install/relbot_msgs/lib/librelbot_msgs__rosidl_typesupport_cpp.so
[1.715s] -- Up-to-date: /home/sdfr-ppd-16/SfDR-code/assignment6/ros2_ws/install/relbot_msgs/share/relbot_msgs/environment/pythonpath.sh
[1.716s] -- Up-to-date: /home/sdfr-ppd-16/SfDR-code/assignment6/ros2_ws/install/relbot_msgs/share/relbot_msgs/environment/pythonpath.dsv
[1.717s] -- Up-to-date: /home/sdfr-ppd-16/SfDR-code/assignment6/ros2_ws/install/relbot_msgs/local/lib/python3.10/dist-packages/relbot_msgs-2025.2.0-py3.10.egg-info
[1.718s] -- Installing: /home/sdfr-ppd-16/SfDR-code/assignment6/ros2_ws/install/relbot_msgs/local/lib/python3.10/dist-packages/relbot_msgs-2025.2.0-py3.10.egg-info/dependency_links.txt
[1.719s] -- Installing: /home/sdfr-ppd-16/SfDR-code/assignment6/ros2_ws/install/relbot_msgs/local/lib/python3.10/dist-packages/relbot_msgs-2025.2.0-py3.10.egg-info/PKG-INFO
[1.721s] -- Installing: /home/sdfr-ppd-16/SfDR-code/assignment6/ros2_ws/install/relbot_msgs/local/lib/python3.10/dist-packages/relbot_msgs-2025.2.0-py3.10.egg-info/SOURCES.txt
[1.722s] -- Installing: /home/sdfr-ppd-16/SfDR-code/assignment6/ros2_ws/install/relbot_msgs/local/lib/python3.10/dist-packages/relbot_msgs-2025.2.0-py3.10.egg-info/top_level.txt
[1.723s] -- Up-to-date: /home/sdfr-ppd-16/SfDR-code/assignment6/ros2_ws/install/relbot_msgs/local/lib/python3.10/dist-packages/relbot_msgs
[1.724s] -- Up-to-date: /home/sdfr-ppd-16/SfDR-code/assignment6/ros2_ws/install/relbot_msgs/local/lib/python3.10/dist-packages/relbot_msgs/_relbot_msgs_s.ep.rosidl_typesupport_fastrtps_c.c
[1.725s] -- Up-to-date: /home/sdfr-ppd-16/SfDR-code/assignment6/ros2_ws/install/relbot_msgs/local/lib/python3.10/dist-packages/relbot_msgs/_relbot_msgs_s.ep.rosidl_typesupport_c.c
[1.726s] -- Up-to-date: /home/sdfr-ppd-16/SfDR-code/assignment6/ros2_ws/install/relbot_msgs/local/lib/python3.10/dist-packages/relbot_msgs/relbot_msgs_s__rosidl_typesupport_introspection_c.cpython-310-aarch64-linux-gnu.so
[1.727s] -- Up-to-date: /home/sdfr-ppd-16/SfDR-code/assignment6/ros2_ws/install/relbot_msgs/local/lib/python3.10/dist-packages/relbot_msgs/msg
[1.728s] -- Up-to-date: /home/sdfr-ppd-16/SfDR-code/assignment6/ros2_ws/install/relbot_msgs/local/lib/python3.10/dist-packages/relbot_msgs/msg/_relbot_motors_s.c
[1.729s] -- Up-to-date: /home/sdfr-ppd-16/SfDR-code/assignment6/ros2_ws/install/relbot_msgs/local/lib/python3.10/dist-packages/relbot_msgs/msg/_relbot_motors_stamped_s.c
[1.730s] -- Up-to-date: /home/sdfr-ppd-16/SfDR-code/assignment6/ros2_ws/install/relbot_msgs/local/lib/python3.10/dist-packages/relbot_msgs/msg/__init__.py
[1.731s] -- Up-to-date: /home/sdfr-ppd-16/SfDR-code/assignment6/ros2_ws/install/relbot_msgs/local/lib/python3.10/dist-packages/relbot_msgs/msg/_relbot_motors_stamped.py
[1.732s] -- Up-to-date: /home/sdfr-ppd-16/SfDR-code/assignment6/ros2_ws/install/relbot_msgs/local/lib/python3.10/dist-packages/relbot_msgs/msg/_relbot_motors.py
[1.734s] -- Up-to-date: /home/sdfr-ppd-16/SfDR-code/assignment6/ros2_ws/install/relbot_msgs/local/lib/python3.10/dist-packages/relbot_msgs/librelbot_msgs__rosidl_generator_py.so
[1.735s] -- Up-to-date: /home/sdfr-ppd-16/SfDR-code/assignment6/ros2_ws/install/relbot_msgs/local/lib/python3.10/dist-packages/relbot_msgs/__init__.py
[1.736s] -- Up-to-date: /home/sdfr-ppd-16/SfDR-code/assignment6/ros2_ws/install/relbot_msgs/local/lib/python3.10/dist-packages/relbot_msgs/relbot_msgs_s__rosidl_typesupport_fastrtps_c.cpython-310-aarch64-linux-gnu.so
[1.737s] -- Up-to-date: /home/sdfr-ppd-16/SfDR-code/assignment6/ros2_ws/install/relbot_msgs/local/lib/python3.10/dist-packages/relbot_msgs/relbot_msgs_s__rosidl_typesupport_c.cpython-310-aarch64-linux-gnu.so
[1.738s] -- Up-to-date: /home/sdfr-ppd-16/SfDR-code/assignment6/ros2_ws/install/relbot_msgs/local/lib/python3.10/dist-packages/relbot_msgs/_relbot_msgs_s.ep.rosidl_typesupport_introspection_c.c
[1.773s] Listing '/home/sdfr-ppd-16/SfDR-code/assignment6/ros2_ws/install/relbot_msgs/local/lib/python3.10/dist-packages/relbot_msgs'...
[1.775s] Listing '/home/sdfr-ppd-16/SfDR-code/assignment6/ros2_ws/install/relbot_msgs/local/lib/python3.10/dist-packages/relbot_msgs/msg'...
[1.795s] -- Up-to-date: /home/sdfr-ppd-16/SfDR-code/assignment6/ros2_ws/install/relbot_msgs/local/lib/python3.10/dist-packages/relbot_msgs/relbot_msgs_s__rosidl_typesupport_fastrtps_c.cpython-310-aarch64-linux-gnu.so
[1.797s] -- Up-to-date: /home/sdfr-ppd-16/SfDR-code/assignment6/ros2_ws/install/relbot_msgs/local/lib/python3.10/dist-packages/relbot_msgs/relbot_msgs_s__rosidl_typesupport_introspection_c.cpython-310-aarch64-linux-gnu.so
[1.799s] -- Up-to-date: /home/sdfr-ppd-16/SfDR-code/assignment6/ros2_ws/install/relbot_msgs/local/lib/python3.10/dist-packages/relbot_msgs/relbot_msgs_s__rosidl_typesupport_c.cpython-310-aarch64-linux-gnu.so
[1.801s] -- Up-to-date: /home/sdfr-ppd-16/SfDR-code/assignment6/ros2_ws/install/relbot_msgs/lib/librelbot_msgs__rosidl_generator_py.so
[1.802s] -- Up-to-date: /home/sdfr-ppd-16/SfDR-code/assignment6/ros2_ws/install/relbot_msgs/share/relbot_msgs/msg/RelbotMotors.idl
[1.804s] -- Up-to-date: /home/sdfr-ppd-16/SfDR-code/assignment6/ros2_ws/install/relbot_msgs/share/relbot_msgs/msg/RelbotMotorsStamped.idl
[1.805s] -- Up-to-date: /home/sdfr-ppd-16/SfDR-code/assignment6/ros2_ws/install/relbot_msgs/share/relbot_msgs/msg/RelbotMotors.msg
[1.807s] -- Up-to-date: /home/sdfr-ppd-16/SfDR-code/assignment6/ros2_ws/install/relbot_msgs/share/relbot_msgs/msg/RelbotMotorsStamped.msg
[1.808s] -- Up-to-date: /home/sdfr-ppd-16/SfDR-code/assignment6/ros2_ws/install/relbot_msgs/share/ament_index/resource_index/package_run_dependencies/relbot_msgs
[1.810s] -- Up-to-date: /home/sdfr-ppd-16/SfDR-code/assignment6/ros2_ws/install/relbot_msgs/share/ament_index/resource_index/parent_prefix_path/relbot_msgs
[1.811s] -- Up-to-date: /home/sdfr-ppd-16/SfDR-code/assignment6/ros2_ws/install/relbot_msgs/share/relbot_msgs/environment/ament_prefix_path.sh
[1.812s] -- Up-to-date: /home/sdfr-ppd-16/SfDR-code/assignment6/ros2_ws/install/relbot_msgs/share/relbot_msgs/environment/ament_prefix_path.dsv
[1.814s] -- Up-to-date: /home/sdfr-ppd-16/SfDR-code/assignment6/ros2_ws/install/relbot_msgs/share/relbot_msgs/environment/path.sh
[1.815s] -- Up-to-date: /home/sdfr-ppd-16/SfDR-code/assignment6/ros2_ws/install/relbot_msgs/share/relbot_msgs/environment/path.dsv
[1.817s] -- Up-to-date: /home/sdfr-ppd-16/SfDR-code/assignment6/ros2_ws/install/relbot_msgs/share/relbot_msgs/local_setup.bash
[1.819s] -- Up-to-date: /home/sdfr-ppd-16/SfDR-code/assignment6/ros2_ws/install/relbot_msgs/share/relbot_msgs/local_setup.sh
[1.821s] -- Up-to-date: /home/sdfr-ppd-16/SfDR-code/assignment6/ros2_ws/install/relbot_msgs/share/relbot_msgs/local_setup.zsh
[1.824s] -- Up-to-date: /home/sdfr-ppd-16/SfDR-code/assignment6/ros2_ws/install/relbot_msgs/share/relbot_msgs/local_setup.dsv
[1.826s] -- Installing: /home/sdfr-ppd-16/SfDR-code/assignment6/ros2_ws/install/relbot_msgs/share/relbot_msgs/package.dsv
[1.829s] -- Up-to-date: /home/sdfr-ppd-16/SfDR-code/assignment6/ros2_ws/install/relbot_msgs/share/ament_index/resource_index/packages/relbot_msgs
[1.831s] -- Up-to-date: /home/sdfr-ppd-16/SfDR-code/assignment6/ros2_ws/install/relbot_msgs/share/relbot_msgs/cmake/export_relbot_msgs__rosidl_generator_cExport.cmake
[1.836s] -- Up-to-date: /home/sdfr-ppd-16/SfDR-code/assignment6/ros2_ws/install/relbot_msgs/share/relbot_msgs/cmake/export_relbot_msgs__rosidl_generator_cExport-noconfig.cmake
[1.837s] -- Up-to-date: /home/sdfr-ppd-16/SfDR-code/assignment6/ros2_ws/install/relbot_msgs/share/relbot_msgs/cmake/export_relbot_msgs__rosidl_typesupport_fastrtps_cExport.cmake
[1.839s] -- Up-to-date: /home/sdfr-ppd-16/SfDR-code/assignment6/ros2_ws/install/relbot_msgs/share/relbot_msgs/cmake/export_relbot_msgs__rosidl_typesupport_fastrtps_cExport-noconfig.cmake
[1.841s] -- Up-to-date: /home/sdfr-ppd-16/SfDR-code/assignment6/ros2_ws/install/relbot_msgs/share/relbot_msgs/cmake/relbot_msgs__rosidl_typesupport_introspection_cExport.cmake
[1.842s] -- Up-to-date: /home/sdfr-ppd-16/SfDR-code/assignment6/ros2_ws/install/relbot_msgs/share/relbot_msgs/cmake/relbot_msgs__rosidl_typesupport_introspection_cExport-noconfig.cmake
[1.844s] -- Up-to-date: /home/sdfr-ppd-16/SfDR-code/assignment6/ros2_ws/install/relbot_msgs/share/relbot_msgs/cmake/relbot_msgs__rosidl_typesupport_cExport.cmake
[1.845s] -- Up-to-date: /home/sdfr-ppd-16/SfDR-code/assignment6/ros2_ws/install/relbot_msgs/share/relbot_msgs/cmake/relbot_msgs__rosidl_typesupport_cExport-noconfig.cmake
[1.849s] -- Up-to-date: /home/sdfr-ppd-16/SfDR-code/assignment6/ros2_ws/install/relbot_msgs/share/relbot_msgs/cmake/export_relbot_msgs__rosidl_generator_cppExport.cmake
[1.852s] -- Up-to-date: /home/sdfr-ppd-16/SfDR-code/assignment6/ros2_ws/install/relbot_msgs/share/relbot_msgs/cmake/export_relbot_msgs__rosidl_typesupport_fastrtps_cppExport.cmake
[1.855s] -- Up-to-date: /home/sdfr-ppd-16/SfDR-code/assignment6/ros2_ws/install/relbot_msgs/share/relbot_msgs/cmake/export_relbot_msgs__rosidl_typesupport_fastrtps_cppExport-noconfig.cmake
[1.859s] -- Up-to-date: /home/sdfr-ppd-16/SfDR-code/assignment6/ros2_ws/install/relbot_msgs/share/relbot_msgs/cmake/relbot_msgs__rosidl_typesupport_introspection_cppExport.cmake
[1.862s] -- Up-to-date: /home/sdfr-ppd-16/SfDR-code/assignment6/ros2_ws/install/relbot_msgs/share/relbot_msgs/cmake/relbot_msgs__rosidl_typesupport_introspection_cppExport-noconfig.cmake
[1.865s] -- Up-to-date: /home/sdfr-ppd-16/SfDR-code/assignment6/ros2_ws/install/relbot_msgs/share/relbot_msgs/cmake/relbot_msgs__rosidl_typesupport_cppExport.cmake
[1.868s] -- Up-to-date: /home/sdfr-ppd-16/SfDR-code/assignment6/ros2_ws/install/relbot_msgs/share/relbot_msgs/cmake/relbot_msgs__rosidl_typesupport_cppExport-noconfig.cmake
[1.870s] -- Up-to-date: /home/sdfr-ppd-16/SfDR-code/assignment6/ros2_ws/install/relbot_msgs/share/relbot_msgs/cmake/export_relbot_msgs__rosidl_generator_pyExport.cmake
[1.873s] -- Up-to-date: /home/sdfr-ppd-16/SfDR-code/assignment6/ros2_ws/install/relbot_msgs/share/relbot_msgs/cmake/export_relbot_msgs__rosidl_generator_pyExport-noconfig.cmake
[1.875s] -- Up-to-date: /home/sdfr-ppd-16/SfDR-code/assignment6/ros2_ws/install/relbot_msgs/share/relbot_msgs/cmake/rosidl_cmake-extras.cmake
[1.881s] -- Up-to-date: /home/sdfr-ppd-16/SfDR-code/assignment6/ros2_ws/install/relbot_msgs/share/relbot_msgs/cmake/ament_cmake_export_dependencies-extras.cmake
[1.887s] -- Up-to-date: /home/sdfr-ppd-16/SfDR-code/assignment6/ros2_ws/install/relbot_msgs/share/relbot_msgs/cmake/ament_cmake_export_include_directories-extras.cmake
[1.891s] -- Up-to-date: /home/sdfr-ppd-16/SfDR-code/assignment6/ros2_ws/install/relbot_msgs/share/relbot_msgs/cmake/ament_cmake_export_libraries-extras.cmake
[1.896s] -- Up-to-date: /home/sdfr-ppd-16/SfDR-code/assignment6/ros2_ws/install/relbot_msgs/share/relbot_msgs/cmake/ament_cmake_export_targets-extras.cmake
[1.898s] -- Up-to-date: /home/sdfr-ppd-16/SfDR-code/assignment6/ros2_ws/install/relbot_msgs/share/relbot_msgs/cmake/rosidl_cmake_export_typesupport_targets-extras.cmake
[1.907s] -- Up-to-date: /home/sdfr-ppd-16/SfDR-code/assignment6/ros2_ws/install/relbot_msgs/share/relbot_msgs/cmake/rosidl_cmake_export_typesupport_libraries-extras.cmake
[1.909s] -- Up-to-date: /home/sdfr-ppd-16/SfDR-code/assignment6/ros2_ws/install/relbot_msgs/share/relbot_msgs/cmake/relbot_msgsConfig.cmake
[1.910s] -- Up-to-date: /home/sdfr-ppd-16/SfDR-code/assignment6/ros2_ws/install/relbot_msgs/share/relbot_msgs/cmake/relbot_msgsConfig-version.cmake
[1.915s] -- Up-to-date: /home/sdfr-ppd-16/SfDR-code/assignment6/ros2_ws/install/relbot_msgs/share/relbot_msgs/package.xml
[1.917s] Invoked command in '/home/sdfr-ppd-16/SfDR-code/assignment6/ros2_ws/build/relbot_msgs' returned '0': CMAKE_PREFIX_PATH=${CMAKE_PREFIX_PATH}:/opt/ros/humble /usr/bin/cmake --install /home/sdfr-ppd-16/SfDR-code/assignment6/ros2_ws/build/relbot_msgs
