[0.039s] Invoking command in '/home/sdfr-ppd-16/ros2_ws/build/relbot2turtlesim': CMAKE_PREFIX_PATH=${CMAKE_PREFIX_PATH}:/opt/ros/humble /usr/bin/cmake /home/sdfr-ppd-16/ros2_ws/src/relbot2turtlesim/relbot2turtlesim -DCMAKE_INSTALL_PREFIX=/home/sdfr-ppd-16/ros2_ws/install/relbot2turtlesim
[0.300s] -- The C compiler identification is GNU 11.4.0
[0.556s] -- The CXX compiler identification is GNU 11.4.0
[0.577s] -- Detecting C compiler ABI info
[0.900s] -- Detecting C compiler ABI info - done
[0.929s] -- Check for working C compiler: /usr/bin/cc - skipped
[0.932s] -- Detecting C compile features
[0.936s] -- Detecting C compile features - done
[0.952s] -- Detecting CXX compiler ABI info
[1.393s] -- Detecting CXX compiler ABI info - done
[1.434s] -- Check for working CXX compiler: /usr/bin/c++ - skipped
[1.438s] -- Detecting CXX compile features
[1.442s] -- Detecting CXX compile features - done
[1.459s] -- Found ament_cmake: 1.3.11 (/opt/ros/humble/share/ament_cmake/cmake)
[2.315s] -- Found Python3: /usr/bin/python3 (found version "3.10.12") found components: Interpreter 
[2.894s] -- Found rclcpp: 16.0.11 (/opt/ros/humble/share/rclcpp/cmake)
[3.107s] -- Found rosidl_generator_c: 3.1.6 (/opt/ros/humble/share/rosidl_generator_c/cmake)
[3.129s] -- Found rosidl_adapter: 3.1.6 (/opt/ros/humble/share/rosidl_adapter/cmake)
[3.163s] -- Found rosidl_generator_cpp: 3.1.6 (/opt/ros/humble/share/rosidl_generator_cpp/cmake)
[3.227s] -- Using all available rosidl_typesupport_c: rosidl_typesupport_fastrtps_c;rosidl_typesupport_introspection_c
[3.332s] -- Using all available rosidl_typesupport_cpp: rosidl_typesupport_fastrtps_cpp;rosidl_typesupport_introspection_cpp
[3.589s] -- Found rmw_implementation_cmake: 6.1.2 (/opt/ros/humble/share/rmw_implementation_cmake/cmake)
[3.610s] -- Found rmw_fastrtps_cpp: 6.2.7 (/opt/ros/humble/share/rmw_fastrtps_cpp/cmake)
[4.094s] -- Found OpenSSL: /usr/lib/aarch64-linux-gnu/libcrypto.so (found version "3.0.2")  
[4.207s] -- Found FastRTPS: /opt/ros/humble/include  
[4.634s] -- Using RMW implementation 'rmw_fastrtps_cpp' as default
[4.635s] -- Looking for pthread.h
[4.856s] -- Looking for pthread.h - found
[4.858s] -- Performing Test CMAKE_HAVE_LIBC_PTHREAD
[5.344s] -- Performing Test CMAKE_HAVE_LIBC_PTHREAD - Success
[5.352s] -- Found Threads: TRUE  
[5.677s] -- Found turtlesim: 1.4.2 (/opt/ros/humble/share/turtlesim/cmake)
[6.003s] -- Found geometry_msgs: 4.2.4 (/opt/ros/humble/share/geometry_msgs/cmake)
[6.006s] -- Found ament_lint_auto: 0.12.11 (/opt/ros/humble/share/ament_lint_auto/cmake)
[6.375s] -- Added test 'cppcheck' to perform static code analysis on C / C++ code
[6.376s] -- Configured cppcheck include dirs: /home/sdfr-ppd-16/ros2_ws/src/relbot2turtlesim/relbot2turtlesim/include
[6.377s] -- Configured cppcheck exclude dirs and/or files: 
[6.378s] -- Added test 'lint_cmake' to check CMake code style
[6.382s] -- Added test 'uncrustify' to check C / C++ code style
[6.384s] -- Configured uncrustify additional arguments: 
[6.386s] -- Added test 'xmllint' to check XML markup files
[6.391s] -- Configuring done
[6.444s] -- Generating done
[6.481s] -- Build files have been written to: /home/sdfr-ppd-16/ros2_ws/build/relbot2turtlesim
[6.543s] Invoked command in '/home/sdfr-ppd-16/ros2_ws/build/relbot2turtlesim' returned '0': CMAKE_PREFIX_PATH=${CMAKE_PREFIX_PATH}:/opt/ros/humble /usr/bin/cmake /home/sdfr-ppd-16/ros2_ws/src/relbot2turtlesim/relbot2turtlesim -DCMAKE_INSTALL_PREFIX=/home/sdfr-ppd-16/ros2_ws/install/relbot2turtlesim
[6.546s] Invoking command in '/home/sdfr-ppd-16/ros2_ws/build/relbot2turtlesim': CMAKE_PREFIX_PATH=${CMAKE_PREFIX_PATH}:/opt/ros/humble /usr/bin/cmake --build /home/sdfr-ppd-16/ros2_ws/build/relbot2turtlesim -- -j3 -l3
[6.702s] [35m[1mConsolidate compiler generated dependencies of target relbot2turtlesim[0m
[7.116s] [100%] Built target relbot2turtlesim
[7.159s] Invoked command in '/home/sdfr-ppd-16/ros2_ws/build/relbot2turtlesim' returned '0': CMAKE_PREFIX_PATH=${CMAKE_PREFIX_PATH}:/opt/ros/humble /usr/bin/cmake --build /home/sdfr-ppd-16/ros2_ws/build/relbot2turtlesim -- -j3 -l3
[7.180s] Invoking command in '/home/sdfr-ppd-16/ros2_ws/build/relbot2turtlesim': CMAKE_PREFIX_PATH=${CMAKE_PREFIX_PATH}:/opt/ros/humble /usr/bin/cmake --install /home/sdfr-ppd-16/ros2_ws/build/relbot2turtlesim
[7.198s] -- Install configuration: ""
[7.200s] -- Up-to-date: /home/sdfr-ppd-16/ros2_ws/install/relbot2turtlesim/lib/relbot2turtlesim/relbot2turtlesim
[7.201s] -- Up-to-date: /home/sdfr-ppd-16/ros2_ws/install/relbot2turtlesim/share/ament_index/resource_index/package_run_dependencies/relbot2turtlesim
[7.202s] -- Up-to-date: /home/sdfr-ppd-16/ros2_ws/install/relbot2turtlesim/share/ament_index/resource_index/parent_prefix_path/relbot2turtlesim
[7.204s] -- Up-to-date: /home/sdfr-ppd-16/ros2_ws/install/relbot2turtlesim/share/relbot2turtlesim/environment/ament_prefix_path.sh
[7.219s] -- Installing: /home/sdfr-ppd-16/ros2_ws/install/relbot2turtlesim/share/relbot2turtlesim/environment/ament_prefix_path.dsv
[7.221s] -- Up-to-date: /home/sdfr-ppd-16/ros2_ws/install/relbot2turtlesim/share/relbot2turtlesim/environment/path.sh
[7.222s] -- Installing: /home/sdfr-ppd-16/ros2_ws/install/relbot2turtlesim/share/relbot2turtlesim/environment/path.dsv
[7.223s] -- Up-to-date: /home/sdfr-ppd-16/ros2_ws/install/relbot2turtlesim/share/relbot2turtlesim/local_setup.bash
[7.225s] -- Up-to-date: /home/sdfr-ppd-16/ros2_ws/install/relbot2turtlesim/share/relbot2turtlesim/local_setup.sh
[7.226s] -- Up-to-date: /home/sdfr-ppd-16/ros2_ws/install/relbot2turtlesim/share/relbot2turtlesim/local_setup.zsh
[7.227s] -- Installing: /home/sdfr-ppd-16/ros2_ws/install/relbot2turtlesim/share/relbot2turtlesim/local_setup.dsv
[7.229s] -- Installing: /home/sdfr-ppd-16/ros2_ws/install/relbot2turtlesim/share/relbot2turtlesim/package.dsv
[7.231s] -- Up-to-date: /home/sdfr-ppd-16/ros2_ws/install/relbot2turtlesim/share/ament_index/resource_index/packages/relbot2turtlesim
[7.248s] -- Up-to-date: /home/sdfr-ppd-16/ros2_ws/install/relbot2turtlesim/share/relbot2turtlesim/cmake/relbot2turtlesimConfig.cmake
[7.250s] -- Up-to-date: /home/sdfr-ppd-16/ros2_ws/install/relbot2turtlesim/share/relbot2turtlesim/cmake/relbot2turtlesimConfig-version.cmake
[7.251s] -- Up-to-date: /home/sdfr-ppd-16/ros2_ws/install/relbot2turtlesim/share/relbot2turtlesim/package.xml
[7.253s] Invoked command in '/home/sdfr-ppd-16/ros2_ws/build/relbot2turtlesim' returned '0': CMAKE_PREFIX_PATH=${CMAKE_PREFIX_PATH}:/opt/ros/humble /usr/bin/cmake --install /home/sdfr-ppd-16/ros2_ws/build/relbot2turtlesim
