[0.011s] Invoking command in '/home/raghav742/SDfR/Assignments/assignment6/ros2_ws/build/relbot2turtlesim': CMAKE_PREFIX_PATH=${CMAKE_PREFIX_PATH}:/opt/ros/humble /usr/bin/cmake /home/raghav742/SDfR/Assignments/assignment6/ros2_ws/src/relbot2turtlesim/relbot2turtlesim -DCMAKE_INSTALL_PREFIX=/home/raghav742/SDfR/Assignments/assignment6/ros2_ws/install/relbot2turtlesim
[0.057s] -- The C compiler identification is GNU 11.4.0
[0.136s] -- The CXX compiler identification is GNU 11.4.0
[0.144s] -- Detecting C compiler ABI info
[0.234s] -- Detecting C compiler ABI info - done
[0.241s] -- Check for working C compiler: /usr/bin/cc - skipped
[0.241s] -- Detecting C compile features
[0.241s] -- Detecting C compile features - done
[0.244s] -- Detecting CXX compiler ABI info
[0.328s] -- Detecting CXX compiler ABI info - done
[0.336s] -- Check for working CXX compiler: /usr/bin/c++ - skipped
[0.337s] -- Detecting CXX compile features
[0.337s] -- Detecting CXX compile features - done
[0.341s] -- Found ament_cmake: 1.3.14 (/opt/ros/humble/share/ament_cmake/cmake)
[0.535s] -- Found Python3: /usr/bin/python3 (found version "3.10.12") found components: Interpreter 
[0.646s] -- Found rclcpp: 16.0.18 (/opt/ros/humble/share/rclcpp/cmake)
[0.695s] -- Found rosidl_generator_c: 3.1.8 (/opt/ros/humble/share/rosidl_generator_c/cmake)
[0.700s] -- Found rosidl_adapter: 3.1.8 (/opt/ros/humble/share/rosidl_adapter/cmake)
[0.708s] -- Found rosidl_generator_cpp: 3.1.8 (/opt/ros/humble/share/rosidl_generator_cpp/cmake)
[0.721s] -- Using all available rosidl_typesupport_c: rosidl_typesupport_fastrtps_c;rosidl_typesupport_introspection_c
[0.739s] -- Using all available rosidl_typesupport_cpp: rosidl_typesupport_fastrtps_cpp;rosidl_typesupport_introspection_cpp
[0.786s] -- Found rmw_implementation_cmake: 6.1.2 (/opt/ros/humble/share/rmw_implementation_cmake/cmake)
[0.789s] -- Found rmw_fastrtps_cpp: 6.2.10 (/opt/ros/humble/share/rmw_fastrtps_cpp/cmake)
[0.877s] -- Found OpenSSL: /usr/lib/x86_64-linux-gnu/libcrypto.so (found version "3.0.2")  
[0.902s] -- Found FastRTPS: /opt/ros/humble/include  
[0.939s] -- Using RMW implementation 'rmw_fastrtps_cpp' as default
[0.947s] -- Looking for pthread.h
[1.004s] -- Looking for pthread.h - found
[1.004s] -- Performing Test CMAKE_HAVE_LIBC_PTHREAD
[1.065s] -- Performing Test CMAKE_HAVE_LIBC_PTHREAD - Success
[1.066s] -- Found Threads: TRUE  
[1.132s] -- Found turtlesim: 1.4.3 (/opt/ros/humble/share/turtlesim/cmake)
[1.169s] -- Found geometry_msgs: 4.9.1 (/opt/ros/humble/share/geometry_msgs/cmake)
[1.183s] -- Found ament_lint_auto: 0.12.15 (/opt/ros/humble/share/ament_lint_auto/cmake)
[1.252s] -- Added test 'cppcheck' to perform static code analysis on C / C++ code
[1.252s] -- Configured cppcheck include dirs: /home/raghav742/SDfR/Assignments/assignment6/ros2_ws/src/relbot2turtlesim/relbot2turtlesim/include
[1.252s] -- Configured cppcheck exclude dirs and/or files: 
[1.253s] -- Added test 'lint_cmake' to check CMake code style
[1.254s] -- Added test 'uncrustify' to check C / C++ code style
[1.254s] -- Configured uncrustify additional arguments: 
[1.255s] -- Added test 'xmllint' to check XML markup files
[1.257s] -- Configuring done
[1.272s] -- Generating done
[1.279s] -- Build files have been written to: /home/raghav742/SDfR/Assignments/assignment6/ros2_ws/build/relbot2turtlesim
[1.291s] Invoked command in '/home/raghav742/SDfR/Assignments/assignment6/ros2_ws/build/relbot2turtlesim' returned '0': CMAKE_PREFIX_PATH=${CMAKE_PREFIX_PATH}:/opt/ros/humble /usr/bin/cmake /home/raghav742/SDfR/Assignments/assignment6/ros2_ws/src/relbot2turtlesim/relbot2turtlesim -DCMAKE_INSTALL_PREFIX=/home/raghav742/SDfR/Assignments/assignment6/ros2_ws/install/relbot2turtlesim
[1.293s] Invoking command in '/home/raghav742/SDfR/Assignments/assignment6/ros2_ws/build/relbot2turtlesim': CMAKE_PREFIX_PATH=${CMAKE_PREFIX_PATH}:/opt/ros/humble /usr/bin/cmake --build /home/raghav742/SDfR/Assignments/assignment6/ros2_ws/build/relbot2turtlesim -- -j8 -l8
[1.335s] [ 50%] [32mBuilding CXX object CMakeFiles/relbot2turtlesim.dir/src/convert.cpp.o[0m
[9.117s] [100%] [32m[1mLinking CXX executable relbot2turtlesim[0m
[9.528s] [100%] Built target relbot2turtlesim
[9.536s] Invoked command in '/home/raghav742/SDfR/Assignments/assignment6/ros2_ws/build/relbot2turtlesim' returned '0': CMAKE_PREFIX_PATH=${CMAKE_PREFIX_PATH}:/opt/ros/humble /usr/bin/cmake --build /home/raghav742/SDfR/Assignments/assignment6/ros2_ws/build/relbot2turtlesim -- -j8 -l8
[9.538s] Invoking command in '/home/raghav742/SDfR/Assignments/assignment6/ros2_ws/build/relbot2turtlesim': CMAKE_PREFIX_PATH=${CMAKE_PREFIX_PATH}:/opt/ros/humble /usr/bin/cmake --install /home/raghav742/SDfR/Assignments/assignment6/ros2_ws/build/relbot2turtlesim
[9.544s] -- Install configuration: ""
[9.544s] -- Installing: /home/raghav742/SDfR/Assignments/assignment6/ros2_ws/install/relbot2turtlesim/lib/relbot2turtlesim/relbot2turtlesim
[9.547s] -- Set runtime path of "/home/raghav742/SDfR/Assignments/assignment6/ros2_ws/install/relbot2turtlesim/lib/relbot2turtlesim/relbot2turtlesim" to ""
[9.547s] -- Installing: /home/raghav742/SDfR/Assignments/assignment6/ros2_ws/install/relbot2turtlesim/share/ament_index/resource_index/package_run_dependencies/relbot2turtlesim
[9.547s] -- Installing: /home/raghav742/SDfR/Assignments/assignment6/ros2_ws/install/relbot2turtlesim/share/ament_index/resource_index/parent_prefix_path/relbot2turtlesim
[9.547s] -- Installing: /home/raghav742/SDfR/Assignments/assignment6/ros2_ws/install/relbot2turtlesim/share/relbot2turtlesim/environment/ament_prefix_path.sh
[9.547s] -- Installing: /home/raghav742/SDfR/Assignments/assignment6/ros2_ws/install/relbot2turtlesim/share/relbot2turtlesim/environment/ament_prefix_path.dsv
[9.547s] -- Installing: /home/raghav742/SDfR/Assignments/assignment6/ros2_ws/install/relbot2turtlesim/share/relbot2turtlesim/environment/path.sh
[9.547s] -- Installing: /home/raghav742/SDfR/Assignments/assignment6/ros2_ws/install/relbot2turtlesim/share/relbot2turtlesim/environment/path.dsv
[9.547s] -- Installing: /home/raghav742/SDfR/Assignments/assignment6/ros2_ws/install/relbot2turtlesim/share/relbot2turtlesim/local_setup.bash
[9.548s] -- Installing: /home/raghav742/SDfR/Assignments/assignment6/ros2_ws/install/relbot2turtlesim/share/relbot2turtlesim/local_setup.sh
[9.548s] -- Installing: /home/raghav742/SDfR/Assignments/assignment6/ros2_ws/install/relbot2turtlesim/share/relbot2turtlesim/local_setup.zsh
[9.548s] -- Installing: /home/raghav742/SDfR/Assignments/assignment6/ros2_ws/install/relbot2turtlesim/share/relbot2turtlesim/local_setup.dsv
[9.548s] -- Installing: /home/raghav742/SDfR/Assignments/assignment6/ros2_ws/install/relbot2turtlesim/share/relbot2turtlesim/package.dsv
[9.548s] -- Installing: /home/raghav742/SDfR/Assignments/assignment6/ros2_ws/install/relbot2turtlesim/share/ament_index/resource_index/packages/relbot2turtlesim
[9.548s] -- Installing: /home/raghav742/SDfR/Assignments/assignment6/ros2_ws/install/relbot2turtlesim/share/relbot2turtlesim/cmake/relbot2turtlesimConfig.cmake
[9.548s] -- Installing: /home/raghav742/SDfR/Assignments/assignment6/ros2_ws/install/relbot2turtlesim/share/relbot2turtlesim/cmake/relbot2turtlesimConfig-version.cmake
[9.548s] -- Installing: /home/raghav742/SDfR/Assignments/assignment6/ros2_ws/install/relbot2turtlesim/share/relbot2turtlesim/package.xml
[9.551s] Invoked command in '/home/raghav742/SDfR/Assignments/assignment6/ros2_ws/build/relbot2turtlesim' returned '0': CMAKE_PREFIX_PATH=${CMAKE_PREFIX_PATH}:/opt/ros/humble /usr/bin/cmake --install /home/raghav742/SDfR/Assignments/assignment6/ros2_ws/build/relbot2turtlesim
