[0.061s] Invoking command in '/home/sdfr-ppd-16/ros2_ws/build/image_functions_sdfr': CMAKE_PREFIX_PATH=${CMAKE_PREFIX_PATH}:/opt/ros/humble /usr/bin/cmake --build /home/sdfr-ppd-16/ros2_ws/build/image_functions_sdfr -- -j3 -l3
[0.251s] [100%] Built target image_functions
[0.307s] Invoked command in '/home/sdfr-ppd-16/ros2_ws/build/image_functions_sdfr' returned '0': CMAKE_PREFIX_PATH=${CMAKE_PREFIX_PATH}:/opt/ros/humble /usr/bin/cmake --build /home/sdfr-ppd-16/ros2_ws/build/image_functions_sdfr -- -j3 -l3
[0.360s] Invoking command in '/home/sdfr-ppd-16/ros2_ws/build/image_functions_sdfr': CMAKE_PREFIX_PATH=${CMAKE_PREFIX_PATH}:/opt/ros/humble /usr/bin/cmake --install /home/sdfr-ppd-16/ros2_ws/build/image_functions_sdfr
[0.401s] -- Install configuration: ""
[0.402s] -- Up-to-date: /home/sdfr-ppd-16/ros2_ws/install/image_functions_sdfr/include
[0.404s] -- Up-to-date: /home/sdfr-ppd-16/ros2_ws/install/image_functions_sdfr/include/image_functions_sdfr
[0.408s] -- Up-to-date: /home/sdfr-ppd-16/ros2_ws/install/image_functions_sdfr/include/image_functions_sdfr/visibility_control.h
[0.410s] -- Up-to-date: /home/sdfr-ppd-16/ros2_ws/install/image_functions_sdfr/include/image_functions_sdfr/image_functions.hpp
[0.412s] -- Up-to-date: /home/sdfr-ppd-16/ros2_ws/install/image_functions_sdfr/lib/libimage_functions.so
[0.414s] -- Up-to-date: /home/sdfr-ppd-16/ros2_ws/install/image_functions_sdfr/share/image_functions_sdfr/environment/library_path.sh
[0.444s] -- Up-to-date: /home/sdfr-ppd-16/ros2_ws/install/image_functions_sdfr/share/image_functions_sdfr/environment/library_path.dsv
[0.446s] -- Up-to-date: /home/sdfr-ppd-16/ros2_ws/install/image_functions_sdfr/share/ament_index/resource_index/package_run_dependencies/image_functions_sdfr
[0.447s] -- Up-to-date: /home/sdfr-ppd-16/ros2_ws/install/image_functions_sdfr/share/ament_index/resource_index/parent_prefix_path/image_functions_sdfr
[0.448s] -- Up-to-date: /home/sdfr-ppd-16/ros2_ws/install/image_functions_sdfr/share/image_functions_sdfr/environment/ament_prefix_path.sh
[0.449s] -- Up-to-date: /home/sdfr-ppd-16/ros2_ws/install/image_functions_sdfr/share/image_functions_sdfr/environment/ament_prefix_path.dsv
[0.459s] -- Up-to-date: /home/sdfr-ppd-16/ros2_ws/install/image_functions_sdfr/share/image_functions_sdfr/environment/path.sh
[0.460s] -- Up-to-date: /home/sdfr-ppd-16/ros2_ws/install/image_functions_sdfr/share/image_functions_sdfr/environment/path.dsv
[0.461s] -- Up-to-date: /home/sdfr-ppd-16/ros2_ws/install/image_functions_sdfr/share/image_functions_sdfr/local_setup.bash
[0.463s] -- Up-to-date: /home/sdfr-ppd-16/ros2_ws/install/image_functions_sdfr/share/image_functions_sdfr/local_setup.sh
[0.464s] -- Up-to-date: /home/sdfr-ppd-16/ros2_ws/install/image_functions_sdfr/share/image_functions_sdfr/local_setup.zsh
[0.465s] -- Up-to-date: /home/sdfr-ppd-16/ros2_ws/install/image_functions_sdfr/share/image_functions_sdfr/local_setup.dsv
[0.483s] -- Installing: /home/sdfr-ppd-16/ros2_ws/install/image_functions_sdfr/share/image_functions_sdfr/package.dsv
[0.485s] -- Up-to-date: /home/sdfr-ppd-16/ros2_ws/install/image_functions_sdfr/share/ament_index/resource_index/packages/image_functions_sdfr
[0.487s] -- Up-to-date: /home/sdfr-ppd-16/ros2_ws/install/image_functions_sdfr/share/image_functions_sdfr/cmake/export_image_functions_sdfrExport.cmake
[0.488s] -- Up-to-date: /home/sdfr-ppd-16/ros2_ws/install/image_functions_sdfr/share/image_functions_sdfr/cmake/export_image_functions_sdfrExport-noconfig.cmake
[0.489s] -- Up-to-date: /home/sdfr-ppd-16/ros2_ws/install/image_functions_sdfr/share/image_functions_sdfr/cmake/ament_cmake_export_include_directories-extras.cmake
[0.499s] -- Up-to-date: /home/sdfr-ppd-16/ros2_ws/install/image_functions_sdfr/share/image_functions_sdfr/cmake/ament_cmake_export_libraries-extras.cmake
[0.511s] -- Up-to-date: /home/sdfr-ppd-16/ros2_ws/install/image_functions_sdfr/share/image_functions_sdfr/cmake/ament_cmake_export_targets-extras.cmake
[0.513s] -- Up-to-date: /home/sdfr-ppd-16/ros2_ws/install/image_functions_sdfr/share/image_functions_sdfr/cmake/ament_cmake_export_dependencies-extras.cmake
[0.514s] -- Up-to-date: /home/sdfr-ppd-16/ros2_ws/install/image_functions_sdfr/share/image_functions_sdfr/cmake/image_functions_sdfrConfig.cmake
[0.516s] -- Up-to-date: /home/sdfr-ppd-16/ros2_ws/install/image_functions_sdfr/share/image_functions_sdfr/cmake/image_functions_sdfrConfig-version.cmake
[0.517s] -- Up-to-date: /home/sdfr-ppd-16/ros2_ws/install/image_functions_sdfr/share/image_functions_sdfr/package.xml
[0.526s] Invoked command in '/home/sdfr-ppd-16/ros2_ws/build/image_functions_sdfr' returned '0': CMAKE_PREFIX_PATH=${CMAKE_PREFIX_PATH}:/opt/ros/humble /usr/bin/cmake --install /home/sdfr-ppd-16/ros2_ws/build/image_functions_sdfr
