[0.052s] Invoking command in '/home/sdfr-ppd-16/SfDR-code/assignment6/ros2_ws/build/relbot_simulator': CMAKE_PREFIX_PATH=${CMAKE_PREFIX_PATH}:/opt/ros/humble /usr/bin/cmake /home/sdfr-ppd-16/SfDR-code/assignment6/ros2_ws/src/relbot_simulator -DCMAKE_INSTALL_PREFIX=/home/sdfr-ppd-16/SfDR-code/assignment6/ros2_ws/install/relbot_simulator
[0.585s] -- The C compiler identification is GNU 11.4.0
[0.867s] -- The CXX compiler identification is GNU 11.4.0
[0.893s] -- Detecting C compiler ABI info
[1.180s] -- Detecting C compiler ABI info - done
[1.210s] -- Check for working C compiler: /usr/bin/cc - skipped
[1.212s] -- Detecting C compile features
[1.215s] -- Detecting C compile features - done
[1.228s] -- Detecting CXX compiler ABI info
[1.580s] -- Detecting CXX compiler ABI info - done
[1.609s] -- Check for working CXX compiler: /usr/bin/c++ - skipped
[1.610s] -- Detecting CXX compile features
[1.611s] -- Detecting CXX compile features - done
[1.622s] -- Found ament_cmake: 1.3.11 (/opt/ros/humble/share/ament_cmake/cmake)
[2.345s] -- Found Python3: /usr/bin/python3 (found version "3.10.12") found components: Interpreter 
[2.836s] -- Found rclcpp: 16.0.11 (/opt/ros/humble/share/rclcpp/cmake)
[2.979s] -- Found rosidl_generator_c: 3.1.6 (/opt/ros/humble/share/rosidl_generator_c/cmake)
[2.999s] -- Found rosidl_adapter: 3.1.6 (/opt/ros/humble/share/rosidl_adapter/cmake)
[3.031s] -- Found rosidl_generator_cpp: 3.1.6 (/opt/ros/humble/share/rosidl_generator_cpp/cmake)
[3.077s] -- Using all available rosidl_typesupport_c: rosidl_typesupport_fastrtps_c;rosidl_typesupport_introspection_c
[3.145s] -- Using all available rosidl_typesupport_cpp: rosidl_typesupport_fastrtps_cpp;rosidl_typesupport_introspection_cpp
[3.330s] -- Found rmw_implementation_cmake: 6.1.2 (/opt/ros/humble/share/rmw_implementation_cmake/cmake)
[3.349s] -- Found rmw_fastrtps_cpp: 6.2.7 (/opt/ros/humble/share/rmw_fastrtps_cpp/cmake)
[3.956s] -- Found OpenSSL: /usr/lib/aarch64-linux-gnu/libcrypto.so (found version "3.0.2")  
[4.043s] -- Found FastRTPS: /opt/ros/humble/include  
[4.177s] -- Using RMW implementation 'rmw_fastrtps_cpp' as default
[4.217s] -- Looking for pthread.h
[4.525s] -- Looking for pthread.h - found
[4.530s] -- Performing Test CMAKE_HAVE_LIBC_PTHREAD
[5.208s] -- Performing Test CMAKE_HAVE_LIBC_PTHREAD - Success
[5.212s] -- Found Threads: TRUE  
[5.578s] -- Found geometry_msgs: 4.2.4 (/opt/ros/humble/share/geometry_msgs/cmake)
[5.714s] -- Found sensor_msgs: 4.2.4 (/opt/ros/humble/share/sensor_msgs/cmake)
[5.879s] -- Found relbot_msgs: 2025.2.0 (/home/sdfr-ppd-16/SfDR-code/assignment6/ros2_ws/install/relbot_msgs/share/relbot_msgs/cmake)
[6.003s] -- Found OpenCV: /usr (found version "4.5.4") found components: core highgui imgcodecs imgproc videoio 
[6.023s] -- Found cv_bridge: 3.2.1 (/opt/ros/humble/share/cv_bridge/cmake)
[6.070s] -- Found ament_lint_auto: 0.12.11 (/opt/ros/humble/share/ament_lint_auto/cmake)
[6.709s] -- Added test 'copyright' to check source files copyright and LICENSE
[6.716s] -- Added test 'cppcheck' to perform static code analysis on C / C++ code
[6.726s] -- Configured cppcheck include dirs: /home/sdfr-ppd-16/SfDR-code/assignment6/ros2_ws/src/relbot_simulator/include;/home/sdfr-ppd-16/SfDR-code/assignment6/ros2_ws/src/relbot_simulator/common;$<BUILD_INTERFACE:/home/sdfr-ppd-16/SfDR-code/assignment6/ros2_ws/src/relbot_simulator/include>;$<BUILD_INTERFACE:/home/sdfr-ppd-16/SfDR-code/assignment6/ros2_ws/src/relbot_simulator/common>
[6.727s] -- Configured cppcheck exclude dirs and/or files: 
[6.733s] -- Added test 'cpplint' to check C / C++ code against the Google style
[6.734s] -- Configured cpplint exclude dirs and/or files: 
[6.750s] -- Added test 'lint_cmake' to check CMake code style
[6.759s] -- Added test 'uncrustify' to check C / C++ code style
[6.761s] -- Configured uncrustify additional arguments: 
[6.770s] -- Added test 'xmllint' to check XML markup files
[6.794s] -- Configuring done
[6.926s] -- Generating done
[6.960s] -- Build files have been written to: /home/sdfr-ppd-16/SfDR-code/assignment6/ros2_ws/build/relbot_simulator
[7.018s] Invoked command in '/home/sdfr-ppd-16/SfDR-code/assignment6/ros2_ws/build/relbot_simulator' returned '0': CMAKE_PREFIX_PATH=${CMAKE_PREFIX_PATH}:/opt/ros/humble /usr/bin/cmake /home/sdfr-ppd-16/SfDR-code/assignment6/ros2_ws/src/relbot_simulator -DCMAKE_INSTALL_PREFIX=/home/sdfr-ppd-16/SfDR-code/assignment6/ros2_ws/install/relbot_simulator
[7.024s] Invoking command in '/home/sdfr-ppd-16/SfDR-code/assignment6/ros2_ws/build/relbot_simulator': CMAKE_PREFIX_PATH=${CMAKE_PREFIX_PATH}:/opt/ros/humble /usr/bin/cmake --build /home/sdfr-ppd-16/SfDR-code/assignment6/ros2_ws/build/relbot_simulator -- -j3 -l3
[7.411s] [ 11%] [32mBuilding CXX object CMakeFiles/relbot_simulator.dir/src/relbot_simulator.cpp.o[0m
[7.442s] [ 22%] [32mBuilding CXX object CMakeFiles/relbot_simulator.dir/src/Plant.cpp.o[0m
[7.448s] [ 33%] [32mBuilding CXX object CMakeFiles/relbot_simulator.dir/common/EulerAngles.cpp.o[0m
[7.674s] [ 44%] [32mBuilding CXX object CMakeFiles/relbot_simulator.dir/common/MotionProfiles.cpp.o[0m
[7.749s] [ 55%] [32mBuilding CXX object CMakeFiles/relbot_simulator.dir/common/xxfuncs.cpp.o[0m
[9.710s] [ 66%] [32mBuilding CXX object CMakeFiles/relbot_simulator.dir/common/xxinteg.cpp.o[0m
[10.323s] [ 77%] [32mBuilding CXX object CMakeFiles/relbot_simulator.dir/common/xxinverse.cpp.o[0m
[11.745s] [ 88%] [32mBuilding CXX object CMakeFiles/relbot_simulator.dir/common/xxmatrix.cpp.o[0m
[77.887s] [100%] [32m[1mLinking CXX executable relbot_simulator[0m
[83.520s] [100%] Built target relbot_simulator
