[0.010s] Invoking command in '/home/srik/ros_ubuntu/ros2_ws/build/relbot_launch': CMAKE_PREFIX_PATH=${CMAKE_PREFIX_PATH}:/opt/ros/humble DEBUGINFOD_URLS=https://debuginfod.archlinux.org https://debuginfod.cachyos.org /usr/bin/cmake --build /home/srik/ros_ubuntu/ros2_ws/build/relbot_launch -- -j32 -l32
[0.024s] Invoked command in '/home/srik/ros_ubuntu/ros2_ws/build/relbot_launch' returned '0': CMAKE_PREFIX_PATH=${CMAKE_PREFIX_PATH}:/opt/ros/humble DEBUGINFOD_URLS=https://debuginfod.archlinux.org https://debuginfod.cachyos.org /usr/bin/cmake --build /home/srik/ros_ubuntu/ros2_ws/build/relbot_launch -- -j32 -l32
[0.029s] Invoking command in '/home/srik/ros_ubuntu/ros2_ws/build/relbot_launch': CMAKE_PREFIX_PATH=${CMAKE_PREFIX_PATH}:/opt/ros/humble DEBUGINFOD_URLS=https://debuginfod.archlinux.org https://debuginfod.cachyos.org /usr/bin/cmake --install /home/srik/ros_ubuntu/ros2_ws/build/relbot_launch
[0.032s] -- Install configuration: ""
[0.032s] -- Up-to-date: /home/srik/ros_ubuntu/ros2_ws/install/relbot_launch/share/relbot_launch//launch
[0.033s] -- Up-to-date: /home/srik/ros_ubuntu/ros2_ws/install/relbot_launch/share/relbot_launch//launch/relbot_to_turtle.launch.py
[0.033s] -- Up-to-date: /home/srik/ros_ubuntu/ros2_ws/install/relbot_launch/share/relbot_launch//launch/relbot_sequence_controller.launch.py
[0.033s] -- Up-to-date: /home/srik/ros_ubuntu/ros2_ws/install/relbot_launch/share/relbot_launch//launch/relbot_system.launch.py
[0.033s] -- Up-to-date: /home/srik/ros_ubuntu/ros2_ws/install/relbot_launch/share/relbot_launch//launch/relbot_system_joystick.launch.py
[0.033s] -- Up-to-date: /home/srik/ros_ubuntu/ros2_ws/install/relbot_launch/share/ament_index/resource_index/package_run_dependencies/relbot_launch
[0.033s] -- Up-to-date: /home/srik/ros_ubuntu/ros2_ws/install/relbot_launch/share/ament_index/resource_index/parent_prefix_path/relbot_launch
[0.033s] -- Up-to-date: /home/srik/ros_ubuntu/ros2_ws/install/relbot_launch/share/relbot_launch/environment/ament_prefix_path.sh
[0.033s] -- Up-to-date: /home/srik/ros_ubuntu/ros2_ws/install/relbot_launch/share/relbot_launch/environment/ament_prefix_path.dsv
[0.033s] -- Up-to-date: /home/srik/ros_ubuntu/ros2_ws/install/relbot_launch/share/relbot_launch/environment/path.sh
[0.033s] -- Up-to-date: /home/srik/ros_ubuntu/ros2_ws/install/relbot_launch/share/relbot_launch/environment/path.dsv
[0.033s] -- Up-to-date: /home/srik/ros_ubuntu/ros2_ws/install/relbot_launch/share/relbot_launch/local_setup.bash
[0.033s] -- Up-to-date: /home/srik/ros_ubuntu/ros2_ws/install/relbot_launch/share/relbot_launch/local_setup.sh
[0.033s] -- Up-to-date: /home/srik/ros_ubuntu/ros2_ws/install/relbot_launch/share/relbot_launch/local_setup.zsh
[0.033s] -- Up-to-date: /home/srik/ros_ubuntu/ros2_ws/install/relbot_launch/share/relbot_launch/local_setup.dsv
[0.033s] -- Installing: /home/srik/ros_ubuntu/ros2_ws/install/relbot_launch/share/relbot_launch/package.dsv
[0.033s] -- Up-to-date: /home/srik/ros_ubuntu/ros2_ws/install/relbot_launch/share/ament_index/resource_index/packages/relbot_launch
[0.033s] -- Up-to-date: /home/srik/ros_ubuntu/ros2_ws/install/relbot_launch/share/relbot_launch/cmake/relbot_launchConfig.cmake
[0.033s] -- Up-to-date: /home/srik/ros_ubuntu/ros2_ws/install/relbot_launch/share/relbot_launch/cmake/relbot_launchConfig-version.cmake
[0.033s] -- Up-to-date: /home/srik/ros_ubuntu/ros2_ws/install/relbot_launch/share/relbot_launch/package.xml
[0.034s] Invoked command in '/home/srik/ros_ubuntu/ros2_ws/build/relbot_launch' returned '0': CMAKE_PREFIX_PATH=${CMAKE_PREFIX_PATH}:/opt/ros/humble DEBUGINFOD_URLS=https://debuginfod.archlinux.org https://debuginfod.cachyos.org /usr/bin/cmake --install /home/srik/ros_ubuntu/ros2_ws/build/relbot_launch
