[0.018s] Invoking command in '/home/srik/ros_ubuntu/ros2_ws/build/relbot_msgs': CMAKE_PREFIX_PATH=${CMAKE_PREFIX_PATH}:/opt/ros/humble DEBUGINFOD_URLS=https://debuginfod.archlinux.org https://debuginfod.cachyos.org /usr/bin/cmake --build /home/srik/ros_ubuntu/ros2_ws/build/relbot_msgs -- -j32 -l32
[0.046s] [  2%] Built target relbot_msgs__cpp
[0.047s] [ 12%] Built target relbot_msgs__rosidl_generator_c
[0.051s] [ 12%] Built target ament_cmake_python_copy_relbot_msgs
[0.062s] [ 23%] Built target relbot_msgs__rosidl_typesupport_fastrtps_cpp
[0.062s] [ 33%] Built target relbot_msgs__rosidl_typesupport_c
[0.063s] [ 43%] Built target relbot_msgs__rosidl_typesupport_introspection_c
[0.063s] [ 53%] Built target relbot_msgs__rosidl_typesupport_cpp
[0.063s] [ 64%] Built target relbot_msgs__rosidl_typesupport_introspection_cpp
[0.063s] [ 74%] Built target relbot_msgs__rosidl_typesupport_fastrtps_c
[0.073s] [ 74%] Built target relbot_msgs
[0.086s] [ 76%] Built target relbot_msgs__py
[0.097s] [ 84%] Built target relbot_msgs__rosidl_generator_py
[0.108s] [ 89%] Built target relbot_msgs__rosidl_typesupport_fastrtps_c__pyext
[0.111s] [ 94%] Built target relbot_msgs__rosidl_typesupport_c__pyext
[0.111s] [100%] Built target relbot_msgs__rosidl_typesupport_introspection_c__pyext
[0.222s] running egg_info
[0.223s] writing relbot_msgs.egg-info/PKG-INFO
[0.223s] writing dependency_links to relbot_msgs.egg-info/dependency_links.txt
[0.223s] writing top-level names to relbot_msgs.egg-info/top_level.txt
[0.224s] reading manifest file 'relbot_msgs.egg-info/SOURCES.txt'
[0.225s] writing manifest file 'relbot_msgs.egg-info/SOURCES.txt'
[0.242s] [100%] Built target ament_cmake_python_build_relbot_msgs_egg
