[0.059s] Invoking command in '/home/sdfr-ppd-16/ros2_ws/build/image_functions_sdfr': CMAKE_PREFIX_PATH=${CMAKE_PREFIX_PATH}:/opt/ros/humble /usr/bin/cmake --build /home/sdfr-ppd-16/ros2_ws/build/image_functions_sdfr -- -j3 -l3
[0.362s] [100%] Built target image_functions
[0.475s] Invoked command in '/home/sdfr-ppd-16/ros2_ws/build/image_functions_sdfr' returned '0': CMAKE_PREFIX_PATH=${CMAKE_PREFIX_PATH}:/opt/ros/humble /usr/bin/cmake --build /home/sdfr-ppd-16/ros2_ws/build/image_functions_sdfr -- -j3 -l3
[0.525s] Invoking command in '/home/sdfr-ppd-16/ros2_ws/build/image_functions_sdfr': CMAKE_PREFIX_PATH=${CMAKE_PREFIX_PATH}:/opt/ros/humble /usr/bin/cmake --install /home/sdfr-ppd-16/ros2_ws/build/image_functions_sdfr
[0.571s] -- Install configuration: ""
[0.573s] -- Up-to-date: /home/sdfr-ppd-16/ros2_ws/install/image_functions_sdfr/include
[0.576s] -- Up-to-date: /home/sdfr-ppd-16/ros2_ws/install/image_functions_sdfr/include/image_functions_sdfr
[0.580s] -- Up-to-date: /home/sdfr-ppd-16/ros2_ws/install/image_functions_sdfr/include/image_functions_sdfr/visibility_control.h
[0.582s] -- Up-to-date: /home/sdfr-ppd-16/ros2_ws/install/image_functions_sdfr/include/image_functions_sdfr/image_functions.hpp
[0.586s] -- Up-to-date: /home/sdfr-ppd-16/ros2_ws/install/image_functions_sdfr/lib/libimage_functions.so
[0.588s] -- Up-to-date: /home/sdfr-ppd-16/ros2_ws/install/image_functions_sdfr/share/image_functions_sdfr/environment/library_path.sh
[0.599s] -- Up-to-date: /home/sdfr-ppd-16/ros2_ws/install/image_functions_sdfr/share/image_functions_sdfr/environment/library_path.dsv
[0.600s] -- Up-to-date: /home/sdfr-ppd-16/ros2_ws/install/image_functions_sdfr/share/ament_index/resource_index/package_run_dependencies/image_functions_sdfr
[0.621s] -- Up-to-date: /home/sdfr-ppd-16/ros2_ws/install/image_functions_sdfr/share/ament_index/resource_index/parent_prefix_path/image_functions_sdfr
[0.623s] -- Up-to-date: /home/sdfr-ppd-16/ros2_ws/install/image_functions_sdfr/share/image_functions_sdfr/environment/ament_prefix_path.sh
[0.624s] -- Up-to-date: /home/sdfr-ppd-16/ros2_ws/install/image_functions_sdfr/share/image_functions_sdfr/environment/ament_prefix_path.dsv
[0.648s] -- Up-to-date: /home/sdfr-ppd-16/ros2_ws/install/image_functions_sdfr/share/image_functions_sdfr/environment/path.sh
[0.649s] -- Up-to-date: /home/sdfr-ppd-16/ros2_ws/install/image_functions_sdfr/share/image_functions_sdfr/environment/path.dsv
[0.651s] -- Up-to-date: /home/sdfr-ppd-16/ros2_ws/install/image_functions_sdfr/share/image_functions_sdfr/local_setup.bash
[0.652s] -- Up-to-date: /home/sdfr-ppd-16/ros2_ws/install/image_functions_sdfr/share/image_functions_sdfr/local_setup.sh
[0.654s] -- Up-to-date: /home/sdfr-ppd-16/ros2_ws/install/image_functions_sdfr/share/image_functions_sdfr/local_setup.zsh
[0.656s] -- Up-to-date: /home/sdfr-ppd-16/ros2_ws/install/image_functions_sdfr/share/image_functions_sdfr/local_setup.dsv
[0.672s] -- Installing: /home/sdfr-ppd-16/ros2_ws/install/image_functions_sdfr/share/image_functions_sdfr/package.dsv
[0.674s] -- Up-to-date: /home/sdfr-ppd-16/ros2_ws/install/image_functions_sdfr/share/ament_index/resource_index/packages/image_functions_sdfr
[0.700s] -- Up-to-date: /home/sdfr-ppd-16/ros2_ws/install/image_functions_sdfr/share/image_functions_sdfr/cmake/export_image_functions_sdfrExport.cmake
[0.701s] -- Up-to-date: /home/sdfr-ppd-16/ros2_ws/install/image_functions_sdfr/share/image_functions_sdfr/cmake/export_image_functions_sdfrExport-noconfig.cmake
[0.703s] -- Up-to-date: /home/sdfr-ppd-16/ros2_ws/install/image_functions_sdfr/share/image_functions_sdfr/cmake/ament_cmake_export_include_directories-extras.cmake
[0.704s] -- Up-to-date: /home/sdfr-ppd-16/ros2_ws/install/image_functions_sdfr/share/image_functions_sdfr/cmake/ament_cmake_export_libraries-extras.cmake
[0.706s] -- Up-to-date: /home/sdfr-ppd-16/ros2_ws/install/image_functions_sdfr/share/image_functions_sdfr/cmake/ament_cmake_export_targets-extras.cmake
[0.707s] -- Up-to-date: /home/sdfr-ppd-16/ros2_ws/install/image_functions_sdfr/share/image_functions_sdfr/cmake/ament_cmake_export_dependencies-extras.cmake
[0.709s] -- Up-to-date: /home/sdfr-ppd-16/ros2_ws/install/image_functions_sdfr/share/image_functions_sdfr/cmake/image_functions_sdfrConfig.cmake
[0.716s] -- Up-to-date: /home/sdfr-ppd-16/ros2_ws/install/image_functions_sdfr/share/image_functions_sdfr/cmake/image_functions_sdfrConfig-version.cmake
[0.718s] -- Up-to-date: /home/sdfr-ppd-16/ros2_ws/install/image_functions_sdfr/share/image_functions_sdfr/package.xml
[0.719s] Invoked command in '/home/sdfr-ppd-16/ros2_ws/build/image_functions_sdfr' returned '0': CMAKE_PREFIX_PATH=${CMAKE_PREFIX_PATH}:/opt/ros/humble /usr/bin/cmake --install /home/sdfr-ppd-16/ros2_ws/build/image_functions_sdfr
