[0.067s] Invoking command in '/home/sdfr-ppd-16/ros2_ws/build/xrf2_msgs': CMAKE_PREFIX_PATH=${CMAKE_PREFIX_PATH}:/opt/ros/humble /usr/bin/cmake /home/sdfr-ppd-16/ros2_ws/src/XRF2/XenoRosFramework/Common/XRF2_msgs -DCMAKE_INSTALL_PREFIX=/home/sdfr-ppd-16/ros2_ws/install/xrf2_msgs
[0.997s] -- The C compiler identification is GNU 11.4.0
[1.816s] -- The CXX compiler identification is GNU 11.4.0
[1.859s] -- Detecting C compiler ABI info
[2.186s] -- Detecting C compiler ABI info - done
[2.247s] -- Check for working C compiler: /usr/bin/cc - skipped
[2.250s] -- Detecting C compile features
[2.255s] -- Detecting C compile features - done
[2.280s] -- Detecting CXX compiler ABI info
[2.656s] -- Detecting CXX compiler ABI info - done
[2.729s] -- Check for working CXX compiler: /usr/bin/c++ - skipped
[2.731s] -- Detecting CXX compile features
[2.732s] -- Detecting CXX compile features - done
[2.736s] -- Found ament_cmake: 1.3.11 (/opt/ros/humble/share/ament_cmake/cmake)
[3.613s] -- Found Python3: /usr/bin/python3 (found version "3.10.12") found components: Interpreter 
[4.373s] -- Found rosidl_default_generators: 1.2.0 (/opt/ros/humble/share/rosidl_default_generators/cmake)
[4.403s] -- Using all available rosidl_typesupport_c: rosidl_typesupport_fastrtps_c;rosidl_typesupport_introspection_c
[4.438s] -- Found rosidl_adapter: 3.1.6 (/opt/ros/humble/share/rosidl_adapter/cmake)
[4.640s] -- Using all available rosidl_typesupport_cpp: rosidl_typesupport_fastrtps_cpp;rosidl_typesupport_introspection_cpp
[6.093s] -- Found ament_cmake_ros: 0.10.0 (/opt/ros/humble/share/ament_cmake_ros/cmake)
[7.055s] -- Using all available rosidl_typesupport_c: rosidl_typesupport_fastrtps_c;rosidl_typesupport_introspection_c
[8.238s] -- Using all available rosidl_typesupport_cpp: rosidl_typesupport_fastrtps_cpp;rosidl_typesupport_introspection_cpp
[8.349s] -- Found PythonInterp: /usr/bin/python3 (found suitable version "3.10.12", minimum required is "3.6") 
[8.363s] -- Found python_cmake_module: 0.10.0 (/opt/ros/humble/share/python_cmake_module/cmake)
[8.547s] -- Found PythonLibs: /usr/lib/aarch64-linux-gnu/libpython3.10.so (found suitable version "3.10.12", minimum required is "3.5") 
[8.548s] -- Using PYTHON_EXECUTABLE: /usr/bin/python3
[8.550s] -- Using PYTHON_INCLUDE_DIRS: /usr/include/python3.10
[8.551s] -- Using PYTHON_LIBRARIES: /usr/lib/aarch64-linux-gnu/libpython3.10.so
[8.608s] -- Found PythonExtra: .so  
[8.781s] -- Found ament_lint_auto: 0.12.11 (/opt/ros/humble/share/ament_lint_auto/cmake)
[8.929s] -- Added test 'lint_cmake' to check CMake code style
[8.938s] -- Added test 'xmllint' to check XML markup files
[8.977s] -- Configuring done
[9.475s] -- Generating done
[9.615s] -- Build files have been written to: /home/sdfr-ppd-16/ros2_ws/build/xrf2_msgs
[9.640s] Invoked command in '/home/sdfr-ppd-16/ros2_ws/build/xrf2_msgs' returned '0': CMAKE_PREFIX_PATH=${CMAKE_PREFIX_PATH}:/opt/ros/humble /usr/bin/cmake /home/sdfr-ppd-16/ros2_ws/src/XRF2/XenoRosFramework/Common/XRF2_msgs -DCMAKE_INSTALL_PREFIX=/home/sdfr-ppd-16/ros2_ws/install/xrf2_msgs
[9.643s] Invoking command in '/home/sdfr-ppd-16/ros2_ws/build/xrf2_msgs': CMAKE_PREFIX_PATH=${CMAKE_PREFIX_PATH}:/opt/ros/humble /usr/bin/cmake --build /home/sdfr-ppd-16/ros2_ws/build/xrf2_msgs -- -j3 -l3
[9.768s] [35m[1mConsolidate compiler generated dependencies of target xrf2_msgs__rosidl_generator_c[0m
[9.850s] [  2%] Built target xrf2_msgs__cpp
[9.886s] [ 12%] Built target xrf2_msgs__rosidl_generator_c
[9.906s] [ 12%] Built target ament_cmake_python_copy_xrf2_msgs
[9.927s] [35m[1mConsolidate compiler generated dependencies of target xrf2_msgs__rosidl_typesupport_cpp[0m
[9.948s] [35m[1mConsolidate compiler generated dependencies of target xrf2_msgs__rosidl_typesupport_fastrtps_cpp[0m
[10.010s] [35m[1mConsolidate compiler generated dependencies of target xrf2_msgs__rosidl_typesupport_introspection_cpp[0m
[10.220s] [ 23%] Built target xrf2_msgs__rosidl_typesupport_fastrtps_cpp
[10.273s] [ 35%] Built target xrf2_msgs__rosidl_typesupport_cpp
[10.277s] [ 43%] Built target xrf2_msgs__rosidl_typesupport_introspection_cpp
[10.331s] [35m[1mConsolidate compiler generated dependencies of target xrf2_msgs__rosidl_typesupport_introspection_c[0m
[10.350s] [35m[1mConsolidate compiler generated dependencies of target xrf2_msgs__rosidl_typesupport_fastrtps_c[0m
[10.487s] [ 53%] Built target xrf2_msgs__rosidl_typesupport_introspection_c
[10.598s] [35m[1mConsolidate compiler generated dependencies of target xrf2_msgs__rosidl_typesupport_c[0m
[10.705s] [ 64%] Built target xrf2_msgs__rosidl_typesupport_fastrtps_c
[10.727s] [ 74%] Built target xrf2_msgs__rosidl_typesupport_c
[10.901s] [ 74%] Built target xrf2_msgs
[11.098s] [ 76%] Built target xrf2_msgs__py
[11.205s] [35m[1mConsolidate compiler generated dependencies of target xrf2_msgs__rosidl_generator_py[0m
[11.612s] [ 84%] Built target xrf2_msgs__rosidl_generator_py
[11.739s] [35m[1mConsolidate compiler generated dependencies of target xrf2_msgs__rosidl_typesupport_fastrtps_c__pyext[0m
[11.744s] [35m[1mConsolidate compiler generated dependencies of target xrf2_msgs__rosidl_typesupport_introspection_c__pyext[0m
[12.073s] [ 89%] Built target xrf2_msgs__rosidl_typesupport_introspection_c__pyext
[12.146s] [ 94%] Built target xrf2_msgs__rosidl_typesupport_fastrtps_c__pyext
[12.175s] [35m[1mConsolidate compiler generated dependencies of target xrf2_msgs__rosidl_typesupport_c__pyext[0m
[12.394s] running egg_info
[12.397s] writing xrf2_msgs.egg-info/PKG-INFO
[12.399s] writing dependency_links to xrf2_msgs.egg-info/dependency_links.txt
[12.412s] writing top-level names to xrf2_msgs.egg-info/top_level.txt
[12.427s] reading manifest file 'xrf2_msgs.egg-info/SOURCES.txt'
[12.430s] writing manifest file 'xrf2_msgs.egg-info/SOURCES.txt'
[12.528s] [100%] Built target xrf2_msgs__rosidl_typesupport_c__pyext
[12.635s] [100%] Built target ament_cmake_python_build_xrf2_msgs_egg
[12.669s] Invoked command in '/home/sdfr-ppd-16/ros2_ws/build/xrf2_msgs' returned '0': CMAKE_PREFIX_PATH=${CMAKE_PREFIX_PATH}:/opt/ros/humble /usr/bin/cmake --build /home/sdfr-ppd-16/ros2_ws/build/xrf2_msgs -- -j3 -l3
[12.686s] Invoking command in '/home/sdfr-ppd-16/ros2_ws/build/xrf2_msgs': CMAKE_PREFIX_PATH=${CMAKE_PREFIX_PATH}:/opt/ros/humble /usr/bin/cmake --install /home/sdfr-ppd-16/ros2_ws/build/xrf2_msgs
[12.731s] -- Install configuration: ""
[12.732s] -- Up-to-date: /home/sdfr-ppd-16/ros2_ws/install/xrf2_msgs/share/ament_index/resource_index/rosidl_interfaces/xrf2_msgs
[12.743s] -- Up-to-date: /home/sdfr-ppd-16/ros2_ws/install/xrf2_msgs/include/xrf2_msgs/xrf2_msgs
[12.744s] -- Up-to-date: /home/sdfr-ppd-16/ros2_ws/install/xrf2_msgs/include/xrf2_msgs/xrf2_msgs/msg
[12.745s] -- Up-to-date: /home/sdfr-ppd-16/ros2_ws/install/xrf2_msgs/include/xrf2_msgs/xrf2_msgs/msg/rosidl_generator_c__visibility_control.h
[12.747s] -- Up-to-date: /home/sdfr-ppd-16/ros2_ws/install/xrf2_msgs/include/xrf2_msgs/xrf2_msgs/msg/xeno2_ros.h
[12.748s] -- Up-to-date: /home/sdfr-ppd-16/ros2_ws/install/xrf2_msgs/include/xrf2_msgs/xrf2_msgs/msg/detail
[12.749s] -- Up-to-date: /home/sdfr-ppd-16/ros2_ws/install/xrf2_msgs/include/xrf2_msgs/xrf2_msgs/msg/detail/ros2_xeno__functions.h
[12.751s] -- Up-to-date: /home/sdfr-ppd-16/ros2_ws/install/xrf2_msgs/include/xrf2_msgs/xrf2_msgs/msg/detail/xeno2_ros__type_support.h
[12.753s] -- Up-to-date: /home/sdfr-ppd-16/ros2_ws/install/xrf2_msgs/include/xrf2_msgs/xrf2_msgs/msg/detail/ros2_xeno__functions.c
[12.755s] -- Up-to-date: /home/sdfr-ppd-16/ros2_ws/install/xrf2_msgs/include/xrf2_msgs/xrf2_msgs/msg/detail/ros2_xeno__type_support.h
[12.756s] -- Up-to-date: /home/sdfr-ppd-16/ros2_ws/install/xrf2_msgs/include/xrf2_msgs/xrf2_msgs/msg/detail/xeno2_ros__functions.h
[12.757s] -- Up-to-date: /home/sdfr-ppd-16/ros2_ws/install/xrf2_msgs/include/xrf2_msgs/xrf2_msgs/msg/detail/xeno2_ros__struct.h
[12.772s] -- Up-to-date: /home/sdfr-ppd-16/ros2_ws/install/xrf2_msgs/include/xrf2_msgs/xrf2_msgs/msg/detail/xeno2_ros__functions.c
[12.773s] -- Up-to-date: /home/sdfr-ppd-16/ros2_ws/install/xrf2_msgs/include/xrf2_msgs/xrf2_msgs/msg/detail/ros2_xeno__struct.h
[12.774s] -- Up-to-date: /home/sdfr-ppd-16/ros2_ws/install/xrf2_msgs/include/xrf2_msgs/xrf2_msgs/msg/ros2_xeno.h
[12.776s] -- Up-to-date: /home/sdfr-ppd-16/ros2_ws/install/xrf2_msgs/share/xrf2_msgs/environment/library_path.sh
[12.778s] -- Installing: /home/sdfr-ppd-16/ros2_ws/install/xrf2_msgs/share/xrf2_msgs/environment/library_path.dsv
[12.779s] -- Up-to-date: /home/sdfr-ppd-16/ros2_ws/install/xrf2_msgs/lib/libxrf2_msgs__rosidl_generator_c.so
[12.780s] -- Up-to-date: /home/sdfr-ppd-16/ros2_ws/install/xrf2_msgs/include/xrf2_msgs/xrf2_msgs
[12.782s] -- Up-to-date: /home/sdfr-ppd-16/ros2_ws/install/xrf2_msgs/include/xrf2_msgs/xrf2_msgs/msg
[12.789s] -- Up-to-date: /home/sdfr-ppd-16/ros2_ws/install/xrf2_msgs/include/xrf2_msgs/xrf2_msgs/msg/detail
[12.790s] -- Up-to-date: /home/sdfr-ppd-16/ros2_ws/install/xrf2_msgs/include/xrf2_msgs/xrf2_msgs/msg/detail/xeno2_ros__rosidl_typesupport_fastrtps_c.h
[12.791s] -- Up-to-date: /home/sdfr-ppd-16/ros2_ws/install/xrf2_msgs/include/xrf2_msgs/xrf2_msgs/msg/detail/ros2_xeno__rosidl_typesupport_fastrtps_c.h
[12.792s] -- Up-to-date: /home/sdfr-ppd-16/ros2_ws/install/xrf2_msgs/include/xrf2_msgs/xrf2_msgs/msg/rosidl_typesupport_fastrtps_c__visibility_control.h
[12.793s] -- Up-to-date: /home/sdfr-ppd-16/ros2_ws/install/xrf2_msgs/lib/libxrf2_msgs__rosidl_typesupport_fastrtps_c.so
[12.794s] -- Up-to-date: /home/sdfr-ppd-16/ros2_ws/install/xrf2_msgs/include/xrf2_msgs/xrf2_msgs
[12.795s] -- Up-to-date: /home/sdfr-ppd-16/ros2_ws/install/xrf2_msgs/include/xrf2_msgs/xrf2_msgs/msg
[12.796s] -- Up-to-date: /home/sdfr-ppd-16/ros2_ws/install/xrf2_msgs/include/xrf2_msgs/xrf2_msgs/msg/rosidl_typesupport_introspection_c__visibility_control.h
[12.797s] -- Up-to-date: /home/sdfr-ppd-16/ros2_ws/install/xrf2_msgs/include/xrf2_msgs/xrf2_msgs/msg/detail
[12.808s] -- Up-to-date: /home/sdfr-ppd-16/ros2_ws/install/xrf2_msgs/include/xrf2_msgs/xrf2_msgs/msg/detail/xeno2_ros__type_support.c
[12.810s] -- Up-to-date: /home/sdfr-ppd-16/ros2_ws/install/xrf2_msgs/include/xrf2_msgs/xrf2_msgs/msg/detail/ros2_xeno__type_support.c
[12.811s] -- Up-to-date: /home/sdfr-ppd-16/ros2_ws/install/xrf2_msgs/include/xrf2_msgs/xrf2_msgs/msg/detail/xeno2_ros__rosidl_typesupport_introspection_c.h
[12.813s] -- Up-to-date: /home/sdfr-ppd-16/ros2_ws/install/xrf2_msgs/include/xrf2_msgs/xrf2_msgs/msg/detail/ros2_xeno__rosidl_typesupport_introspection_c.h
[12.814s] -- Up-to-date: /home/sdfr-ppd-16/ros2_ws/install/xrf2_msgs/lib/libxrf2_msgs__rosidl_typesupport_introspection_c.so
[12.815s] -- Up-to-date: /home/sdfr-ppd-16/ros2_ws/install/xrf2_msgs/lib/libxrf2_msgs__rosidl_typesupport_c.so
[12.816s] -- Up-to-date: /home/sdfr-ppd-16/ros2_ws/install/xrf2_msgs/include/xrf2_msgs/xrf2_msgs
[12.817s] -- Up-to-date: /home/sdfr-ppd-16/ros2_ws/install/xrf2_msgs/include/xrf2_msgs/xrf2_msgs/msg
[12.832s] -- Up-to-date: /home/sdfr-ppd-16/ros2_ws/install/xrf2_msgs/include/xrf2_msgs/xrf2_msgs/msg/xeno2_ros.hpp
[12.833s] -- Up-to-date: /home/sdfr-ppd-16/ros2_ws/install/xrf2_msgs/include/xrf2_msgs/xrf2_msgs/msg/detail
[12.835s] -- Up-to-date: /home/sdfr-ppd-16/ros2_ws/install/xrf2_msgs/include/xrf2_msgs/xrf2_msgs/msg/detail/xeno2_ros__traits.hpp
[12.836s] -- Up-to-date: /home/sdfr-ppd-16/ros2_ws/install/xrf2_msgs/include/xrf2_msgs/xrf2_msgs/msg/detail/xeno2_ros__struct.hpp
[12.836s] -- Up-to-date: /home/sdfr-ppd-16/ros2_ws/install/xrf2_msgs/include/xrf2_msgs/xrf2_msgs/msg/detail/xeno2_ros__type_support.hpp
[12.838s] -- Up-to-date: /home/sdfr-ppd-16/ros2_ws/install/xrf2_msgs/include/xrf2_msgs/xrf2_msgs/msg/detail/ros2_xeno__struct.hpp
[12.839s] -- Up-to-date: /home/sdfr-ppd-16/ros2_ws/install/xrf2_msgs/include/xrf2_msgs/xrf2_msgs/msg/detail/xeno2_ros__builder.hpp
[12.840s] -- Up-to-date: /home/sdfr-ppd-16/ros2_ws/install/xrf2_msgs/include/xrf2_msgs/xrf2_msgs/msg/detail/ros2_xeno__type_support.hpp
[12.841s] -- Up-to-date: /home/sdfr-ppd-16/ros2_ws/install/xrf2_msgs/include/xrf2_msgs/xrf2_msgs/msg/detail/ros2_xeno__builder.hpp
[12.850s] -- Up-to-date: /home/sdfr-ppd-16/ros2_ws/install/xrf2_msgs/include/xrf2_msgs/xrf2_msgs/msg/detail/ros2_xeno__traits.hpp
[12.852s] -- Up-to-date: /home/sdfr-ppd-16/ros2_ws/install/xrf2_msgs/include/xrf2_msgs/xrf2_msgs/msg/rosidl_generator_cpp__visibility_control.hpp
[12.853s] -- Up-to-date: /home/sdfr-ppd-16/ros2_ws/install/xrf2_msgs/include/xrf2_msgs/xrf2_msgs/msg/ros2_xeno.hpp
[12.855s] -- Up-to-date: /home/sdfr-ppd-16/ros2_ws/install/xrf2_msgs/include/xrf2_msgs/xrf2_msgs
[12.856s] -- Up-to-date: /home/sdfr-ppd-16/ros2_ws/install/xrf2_msgs/include/xrf2_msgs/xrf2_msgs/msg
[12.857s] -- Up-to-date: /home/sdfr-ppd-16/ros2_ws/install/xrf2_msgs/include/xrf2_msgs/xrf2_msgs/msg/detail
[12.859s] -- Up-to-date: /home/sdfr-ppd-16/ros2_ws/install/xrf2_msgs/include/xrf2_msgs/xrf2_msgs/msg/detail/dds_fastrtps
[12.860s] -- Up-to-date: /home/sdfr-ppd-16/ros2_ws/install/xrf2_msgs/include/xrf2_msgs/xrf2_msgs/msg/detail/ros2_xeno__rosidl_typesupport_fastrtps_cpp.hpp
[12.872s] -- Up-to-date: /home/sdfr-ppd-16/ros2_ws/install/xrf2_msgs/include/xrf2_msgs/xrf2_msgs/msg/detail/xeno2_ros__rosidl_typesupport_fastrtps_cpp.hpp
[12.873s] -- Up-to-date: /home/sdfr-ppd-16/ros2_ws/install/xrf2_msgs/include/xrf2_msgs/xrf2_msgs/msg/rosidl_typesupport_fastrtps_cpp__visibility_control.h
[12.875s] -- Up-to-date: /home/sdfr-ppd-16/ros2_ws/install/xrf2_msgs/lib/libxrf2_msgs__rosidl_typesupport_fastrtps_cpp.so
[12.876s] -- Up-to-date: /home/sdfr-ppd-16/ros2_ws/install/xrf2_msgs/include/xrf2_msgs/xrf2_msgs
[12.877s] -- Up-to-date: /home/sdfr-ppd-16/ros2_ws/install/xrf2_msgs/include/xrf2_msgs/xrf2_msgs/msg
[12.878s] -- Up-to-date: /home/sdfr-ppd-16/ros2_ws/install/xrf2_msgs/include/xrf2_msgs/xrf2_msgs/msg/detail
[12.880s] -- Up-to-date: /home/sdfr-ppd-16/ros2_ws/install/xrf2_msgs/include/xrf2_msgs/xrf2_msgs/msg/detail/ros2_xeno__rosidl_typesupport_introspection_cpp.hpp
[12.881s] -- Up-to-date: /home/sdfr-ppd-16/ros2_ws/install/xrf2_msgs/include/xrf2_msgs/xrf2_msgs/msg/detail/xeno2_ros__rosidl_typesupport_introspection_cpp.hpp
[12.892s] -- Up-to-date: /home/sdfr-ppd-16/ros2_ws/install/xrf2_msgs/include/xrf2_msgs/xrf2_msgs/msg/detail/ros2_xeno__type_support.cpp
[12.894s] -- Up-to-date: /home/sdfr-ppd-16/ros2_ws/install/xrf2_msgs/include/xrf2_msgs/xrf2_msgs/msg/detail/xeno2_ros__type_support.cpp
[12.895s] -- Up-to-date: /home/sdfr-ppd-16/ros2_ws/install/xrf2_msgs/lib/libxrf2_msgs__rosidl_typesupport_introspection_cpp.so
[12.896s] -- Up-to-date: /home/sdfr-ppd-16/ros2_ws/install/xrf2_msgs/lib/libxrf2_msgs__rosidl_typesupport_cpp.so
[12.897s] -- Up-to-date: /home/sdfr-ppd-16/ros2_ws/install/xrf2_msgs/share/xrf2_msgs/environment/pythonpath.sh
[12.899s] -- Installing: /home/sdfr-ppd-16/ros2_ws/install/xrf2_msgs/share/xrf2_msgs/environment/pythonpath.dsv
[12.900s] -- Up-to-date: /home/sdfr-ppd-16/ros2_ws/install/xrf2_msgs/local/lib/python3.10/dist-packages/xrf2_msgs-0.0.0-py3.10.egg-info
[12.901s] -- Installing: /home/sdfr-ppd-16/ros2_ws/install/xrf2_msgs/local/lib/python3.10/dist-packages/xrf2_msgs-0.0.0-py3.10.egg-info/dependency_links.txt
[12.913s] -- Installing: /home/sdfr-ppd-16/ros2_ws/install/xrf2_msgs/local/lib/python3.10/dist-packages/xrf2_msgs-0.0.0-py3.10.egg-info/PKG-INFO
[12.915s] -- Installing: /home/sdfr-ppd-16/ros2_ws/install/xrf2_msgs/local/lib/python3.10/dist-packages/xrf2_msgs-0.0.0-py3.10.egg-info/SOURCES.txt
[12.916s] -- Installing: /home/sdfr-ppd-16/ros2_ws/install/xrf2_msgs/local/lib/python3.10/dist-packages/xrf2_msgs-0.0.0-py3.10.egg-info/top_level.txt
[12.917s] -- Up-to-date: /home/sdfr-ppd-16/ros2_ws/install/xrf2_msgs/local/lib/python3.10/dist-packages/xrf2_msgs
[12.918s] -- Up-to-date: /home/sdfr-ppd-16/ros2_ws/install/xrf2_msgs/local/lib/python3.10/dist-packages/xrf2_msgs/xrf2_msgs_s__rosidl_typesupport_fastrtps_c.cpython-310-x86_64-linux-gnu.so
[12.929s] -- Up-to-date: /home/sdfr-ppd-16/ros2_ws/install/xrf2_msgs/local/lib/python3.10/dist-packages/xrf2_msgs/_xrf2_msgs_s.ep.rosidl_typesupport_introspection_c.c
[12.931s] -- Up-to-date: /home/sdfr-ppd-16/ros2_ws/install/xrf2_msgs/local/lib/python3.10/dist-packages/xrf2_msgs/xrf2_msgs_s__rosidl_typesupport_fastrtps_c.cpython-310-aarch64-linux-gnu.so
[12.932s] -- Up-to-date: /home/sdfr-ppd-16/ros2_ws/install/xrf2_msgs/local/lib/python3.10/dist-packages/xrf2_msgs/_xrf2_msgs_s.ep.rosidl_typesupport_c.c
[12.934s] -- Up-to-date: /home/sdfr-ppd-16/ros2_ws/install/xrf2_msgs/local/lib/python3.10/dist-packages/xrf2_msgs/xrf2_msgs_s__rosidl_typesupport_c.cpython-310-x86_64-linux-gnu.so
[12.936s] -- Up-to-date: /home/sdfr-ppd-16/ros2_ws/install/xrf2_msgs/local/lib/python3.10/dist-packages/xrf2_msgs/xrf2_msgs_s__rosidl_typesupport_introspection_c.cpython-310-x86_64-linux-gnu.so
[12.937s] -- Up-to-date: /home/sdfr-ppd-16/ros2_ws/install/xrf2_msgs/local/lib/python3.10/dist-packages/xrf2_msgs/xrf2_msgs_s__rosidl_typesupport_introspection_c.cpython-310-aarch64-linux-gnu.so
[12.938s] -- Up-to-date: /home/sdfr-ppd-16/ros2_ws/install/xrf2_msgs/local/lib/python3.10/dist-packages/xrf2_msgs/msg
[12.939s] -- Up-to-date: /home/sdfr-ppd-16/ros2_ws/install/xrf2_msgs/local/lib/python3.10/dist-packages/xrf2_msgs/msg/_ros2_xeno_s.c
[12.941s] -- Up-to-date: /home/sdfr-ppd-16/ros2_ws/install/xrf2_msgs/local/lib/python3.10/dist-packages/xrf2_msgs/msg/_xeno2_ros.py
[12.962s] -- Up-to-date: /home/sdfr-ppd-16/ros2_ws/install/xrf2_msgs/local/lib/python3.10/dist-packages/xrf2_msgs/msg/_xeno2_ros_s.c
[12.963s] -- Up-to-date: /home/sdfr-ppd-16/ros2_ws/install/xrf2_msgs/local/lib/python3.10/dist-packages/xrf2_msgs/msg/__init__.py
[12.965s] -- Up-to-date: /home/sdfr-ppd-16/ros2_ws/install/xrf2_msgs/local/lib/python3.10/dist-packages/xrf2_msgs/msg/_ros2_xeno.py
[12.966s] -- Up-to-date: /home/sdfr-ppd-16/ros2_ws/install/xrf2_msgs/local/lib/python3.10/dist-packages/xrf2_msgs/xrf2_msgs_s__rosidl_typesupport_c.cpython-310-aarch64-linux-gnu.so
[12.967s] -- Installing: /home/sdfr-ppd-16/ros2_ws/install/xrf2_msgs/local/lib/python3.10/dist-packages/xrf2_msgs/__init__.py
[12.968s] -- Up-to-date: /home/sdfr-ppd-16/ros2_ws/install/xrf2_msgs/local/lib/python3.10/dist-packages/xrf2_msgs/libxrf2_msgs__rosidl_generator_py.so
[12.969s] -- Up-to-date: /home/sdfr-ppd-16/ros2_ws/install/xrf2_msgs/local/lib/python3.10/dist-packages/xrf2_msgs/_xrf2_msgs_s.ep.rosidl_typesupport_fastrtps_c.c
[12.981s] Listing '/home/sdfr-ppd-16/ros2_ws/install/xrf2_msgs/local/lib/python3.10/dist-packages/xrf2_msgs'...
[12.983s] Compiling '/home/sdfr-ppd-16/ros2_ws/install/xrf2_msgs/local/lib/python3.10/dist-packages/xrf2_msgs/__init__.py'...
[12.985s] Listing '/home/sdfr-ppd-16/ros2_ws/install/xrf2_msgs/local/lib/python3.10/dist-packages/xrf2_msgs/msg'...
[13.038s] -- Up-to-date: /home/sdfr-ppd-16/ros2_ws/install/xrf2_msgs/local/lib/python3.10/dist-packages/xrf2_msgs/xrf2_msgs_s__rosidl_typesupport_fastrtps_c.cpython-310-aarch64-linux-gnu.so
[13.040s] -- Up-to-date: /home/sdfr-ppd-16/ros2_ws/install/xrf2_msgs/local/lib/python3.10/dist-packages/xrf2_msgs/xrf2_msgs_s__rosidl_typesupport_introspection_c.cpython-310-aarch64-linux-gnu.so
[13.043s] -- Up-to-date: /home/sdfr-ppd-16/ros2_ws/install/xrf2_msgs/local/lib/python3.10/dist-packages/xrf2_msgs/xrf2_msgs_s__rosidl_typesupport_c.cpython-310-aarch64-linux-gnu.so
[13.044s] -- Up-to-date: /home/sdfr-ppd-16/ros2_ws/install/xrf2_msgs/lib/libxrf2_msgs__rosidl_generator_py.so
[13.046s] -- Up-to-date: /home/sdfr-ppd-16/ros2_ws/install/xrf2_msgs/share/xrf2_msgs/msg/Ros2Xeno.idl
[13.047s] -- Up-to-date: /home/sdfr-ppd-16/ros2_ws/install/xrf2_msgs/share/xrf2_msgs/msg/Xeno2Ros.idl
[13.049s] -- Up-to-date: /home/sdfr-ppd-16/ros2_ws/install/xrf2_msgs/share/xrf2_msgs/msg/Ros2Xeno.msg
[13.052s] -- Up-to-date: /home/sdfr-ppd-16/ros2_ws/install/xrf2_msgs/share/xrf2_msgs/msg/Xeno2Ros.msg
[13.055s] -- Up-to-date: /home/sdfr-ppd-16/ros2_ws/install/xrf2_msgs/share/ament_index/resource_index/package_run_dependencies/xrf2_msgs
[13.057s] -- Up-to-date: /home/sdfr-ppd-16/ros2_ws/install/xrf2_msgs/share/ament_index/resource_index/parent_prefix_path/xrf2_msgs
[13.058s] -- Up-to-date: /home/sdfr-ppd-16/ros2_ws/install/xrf2_msgs/share/xrf2_msgs/environment/ament_prefix_path.sh
[13.065s] -- Installing: /home/sdfr-ppd-16/ros2_ws/install/xrf2_msgs/share/xrf2_msgs/environment/ament_prefix_path.dsv
[13.066s] -- Up-to-date: /home/sdfr-ppd-16/ros2_ws/install/xrf2_msgs/share/xrf2_msgs/environment/path.sh
[13.068s] -- Installing: /home/sdfr-ppd-16/ros2_ws/install/xrf2_msgs/share/xrf2_msgs/environment/path.dsv
[13.069s] -- Up-to-date: /home/sdfr-ppd-16/ros2_ws/install/xrf2_msgs/share/xrf2_msgs/local_setup.bash
[13.071s] -- Up-to-date: /home/sdfr-ppd-16/ros2_ws/install/xrf2_msgs/share/xrf2_msgs/local_setup.sh
[13.082s] -- Up-to-date: /home/sdfr-ppd-16/ros2_ws/install/xrf2_msgs/share/xrf2_msgs/local_setup.zsh
[13.083s] -- Installing: /home/sdfr-ppd-16/ros2_ws/install/xrf2_msgs/share/xrf2_msgs/local_setup.dsv
[13.084s] -- Installing: /home/sdfr-ppd-16/ros2_ws/install/xrf2_msgs/share/xrf2_msgs/package.dsv
[13.085s] -- Up-to-date: /home/sdfr-ppd-16/ros2_ws/install/xrf2_msgs/share/ament_index/resource_index/packages/xrf2_msgs
[13.093s] -- Up-to-date: /home/sdfr-ppd-16/ros2_ws/install/xrf2_msgs/share/xrf2_msgs/cmake/export_xrf2_msgs__rosidl_generator_cExport.cmake
[13.096s] -- Up-to-date: /home/sdfr-ppd-16/ros2_ws/install/xrf2_msgs/share/xrf2_msgs/cmake/export_xrf2_msgs__rosidl_generator_cExport-noconfig.cmake
[13.097s] -- Up-to-date: /home/sdfr-ppd-16/ros2_ws/install/xrf2_msgs/share/xrf2_msgs/cmake/export_xrf2_msgs__rosidl_typesupport_fastrtps_cExport.cmake
[13.106s] -- Up-to-date: /home/sdfr-ppd-16/ros2_ws/install/xrf2_msgs/share/xrf2_msgs/cmake/export_xrf2_msgs__rosidl_typesupport_fastrtps_cExport-noconfig.cmake
[13.107s] -- Up-to-date: /home/sdfr-ppd-16/ros2_ws/install/xrf2_msgs/share/xrf2_msgs/cmake/xrf2_msgs__rosidl_typesupport_introspection_cExport.cmake
[13.108s] -- Up-to-date: /home/sdfr-ppd-16/ros2_ws/install/xrf2_msgs/share/xrf2_msgs/cmake/xrf2_msgs__rosidl_typesupport_introspection_cExport-noconfig.cmake
[13.110s] -- Up-to-date: /home/sdfr-ppd-16/ros2_ws/install/xrf2_msgs/share/xrf2_msgs/cmake/xrf2_msgs__rosidl_typesupport_cExport.cmake
[13.111s] -- Up-to-date: /home/sdfr-ppd-16/ros2_ws/install/xrf2_msgs/share/xrf2_msgs/cmake/xrf2_msgs__rosidl_typesupport_cExport-noconfig.cmake
[13.112s] -- Up-to-date: /home/sdfr-ppd-16/ros2_ws/install/xrf2_msgs/share/xrf2_msgs/cmake/export_xrf2_msgs__rosidl_generator_cppExport.cmake
[13.113s] -- Up-to-date: /home/sdfr-ppd-16/ros2_ws/install/xrf2_msgs/share/xrf2_msgs/cmake/export_xrf2_msgs__rosidl_typesupport_fastrtps_cppExport.cmake
[13.115s] -- Up-to-date: /home/sdfr-ppd-16/ros2_ws/install/xrf2_msgs/share/xrf2_msgs/cmake/export_xrf2_msgs__rosidl_typesupport_fastrtps_cppExport-noconfig.cmake
[13.116s] -- Up-to-date: /home/sdfr-ppd-16/ros2_ws/install/xrf2_msgs/share/xrf2_msgs/cmake/xrf2_msgs__rosidl_typesupport_introspection_cppExport.cmake
[13.117s] -- Up-to-date: /home/sdfr-ppd-16/ros2_ws/install/xrf2_msgs/share/xrf2_msgs/cmake/xrf2_msgs__rosidl_typesupport_introspection_cppExport-noconfig.cmake
[13.118s] -- Up-to-date: /home/sdfr-ppd-16/ros2_ws/install/xrf2_msgs/share/xrf2_msgs/cmake/xrf2_msgs__rosidl_typesupport_cppExport.cmake
[13.119s] -- Up-to-date: /home/sdfr-ppd-16/ros2_ws/install/xrf2_msgs/share/xrf2_msgs/cmake/xrf2_msgs__rosidl_typesupport_cppExport-noconfig.cmake
[13.121s] -- Up-to-date: /home/sdfr-ppd-16/ros2_ws/install/xrf2_msgs/share/xrf2_msgs/cmake/export_xrf2_msgs__rosidl_generator_pyExport.cmake
[13.142s] -- Up-to-date: /home/sdfr-ppd-16/ros2_ws/install/xrf2_msgs/share/xrf2_msgs/cmake/export_xrf2_msgs__rosidl_generator_pyExport-noconfig.cmake
[13.143s] -- Up-to-date: /home/sdfr-ppd-16/ros2_ws/install/xrf2_msgs/share/xrf2_msgs/cmake/rosidl_cmake-extras.cmake
[13.144s] -- Up-to-date: /home/sdfr-ppd-16/ros2_ws/install/xrf2_msgs/share/xrf2_msgs/cmake/ament_cmake_export_include_directories-extras.cmake
[13.145s] -- Up-to-date: /home/sdfr-ppd-16/ros2_ws/install/xrf2_msgs/share/xrf2_msgs/cmake/ament_cmake_export_libraries-extras.cmake
[13.146s] -- Up-to-date: /home/sdfr-ppd-16/ros2_ws/install/xrf2_msgs/share/xrf2_msgs/cmake/ament_cmake_export_targets-extras.cmake
[13.147s] -- Up-to-date: /home/sdfr-ppd-16/ros2_ws/install/xrf2_msgs/share/xrf2_msgs/cmake/rosidl_cmake_export_typesupport_targets-extras.cmake
[13.148s] -- Up-to-date: /home/sdfr-ppd-16/ros2_ws/install/xrf2_msgs/share/xrf2_msgs/cmake/ament_cmake_export_dependencies-extras.cmake
[13.149s] -- Up-to-date: /home/sdfr-ppd-16/ros2_ws/install/xrf2_msgs/share/xrf2_msgs/cmake/rosidl_cmake_export_typesupport_libraries-extras.cmake
[13.167s] -- Up-to-date: /home/sdfr-ppd-16/ros2_ws/install/xrf2_msgs/share/xrf2_msgs/cmake/xrf2_msgsConfig.cmake
[13.168s] -- Up-to-date: /home/sdfr-ppd-16/ros2_ws/install/xrf2_msgs/share/xrf2_msgs/cmake/xrf2_msgsConfig-version.cmake
[13.170s] -- Up-to-date: /home/sdfr-ppd-16/ros2_ws/install/xrf2_msgs/share/xrf2_msgs/package.xml
[13.171s] Invoked command in '/home/sdfr-ppd-16/ros2_ws/build/xrf2_msgs' returned '0': CMAKE_PREFIX_PATH=${CMAKE_PREFIX_PATH}:/opt/ros/humble /usr/bin/cmake --install /home/sdfr-ppd-16/ros2_ws/build/xrf2_msgs
