[35m[1mConsolidate compiler generated dependencies of target relbot_sequence_controller[0m
[35m[1mConsolidate compiler generated dependencies of target colour_detector[0m
[ 50%] Built target relbot_sequence_controller
[100%] Built target colour_detector
-- Install configuration: ""
-- Up-to-date: /home/raghav742/SDfR/Assignments/assignment6/ros2_ws/install/relbot_sequence_controller/lib/relbot_sequence_controller/relbot_sequence_controller
-- Up-to-date: /home/raghav742/SDfR/Assignments/assignment6/ros2_ws/install/relbot_sequence_controller/lib/relbot_sequence_controller/colour_detector
-- Up-to-date: /home/raghav742/SDfR/Assignments/assignment6/ros2_ws/install/relbot_sequence_controller/share/ament_index/resource_index/package_run_dependencies/relbot_sequence_controller
-- Up-to-date: /home/raghav742/SDfR/Assignments/assignment6/ros2_ws/install/relbot_sequence_controller/share/ament_index/resource_index/parent_prefix_path/relbot_sequence_controller
-- Up-to-date: /home/raghav742/SDfR/Assignments/assignment6/ros2_ws/install/relbot_sequence_controller/share/relbot_sequence_controller/environment/ament_prefix_path.sh
-- Up-to-date: /home/raghav742/SDfR/Assignments/assignment6/ros2_ws/install/relbot_sequence_controller/share/relbot_sequence_controller/environment/ament_prefix_path.dsv
-- Up-to-date: /home/raghav742/SDfR/Assignments/assignment6/ros2_ws/install/relbot_sequence_controller/share/relbot_sequence_controller/environment/path.sh
-- Up-to-date: /home/raghav742/SDfR/Assignments/assignment6/ros2_ws/install/relbot_sequence_controller/share/relbot_sequence_controller/environment/path.dsv
-- Up-to-date: /home/raghav742/SDfR/Assignments/assignment6/ros2_ws/install/relbot_sequence_controller/share/relbot_sequence_controller/local_setup.bash
-- Up-to-date: /home/raghav742/SDfR/Assignments/assignment6/ros2_ws/install/relbot_sequence_controller/share/relbot_sequence_controller/local_setup.sh
-- Up-to-date: /home/raghav742/SDfR/Assignments/assignment6/ros2_ws/install/relbot_sequence_controller/share/relbot_sequence_controller/local_setup.zsh
-- Up-to-date: /home/raghav742/SDfR/Assignments/assignment6/ros2_ws/install/relbot_sequence_controller/share/relbot_sequence_controller/local_setup.dsv
-- Installing: /home/raghav742/SDfR/Assignments/assignment6/ros2_ws/install/relbot_sequence_controller/share/relbot_sequence_controller/package.dsv
-- Up-to-date: /home/raghav742/SDfR/Assignments/assignment6/ros2_ws/install/relbot_sequence_controller/share/ament_index/resource_index/packages/relbot_sequence_controller
-- Up-to-date: /home/raghav742/SDfR/Assignments/assignment6/ros2_ws/install/relbot_sequence_controller/share/relbot_sequence_controller/cmake/relbot_sequence_controllerConfig.cmake
-- Up-to-date: /home/raghav742/SDfR/Assignments/assignment6/ros2_ws/install/relbot_sequence_controller/share/relbot_sequence_controller/cmake/relbot_sequence_controllerConfig-version.cmake
-- Up-to-date: /home/raghav742/SDfR/Assignments/assignment6/ros2_ws/install/relbot_sequence_controller/share/relbot_sequence_controller/package.xml
