[0.068s] Invoking command in '/home/sdfr-ppd-16/ros2_ws/build/xrf2_msgs': CMAKE_PREFIX_PATH=${CMAKE_PREFIX_PATH}:/opt/ros/humble /usr/bin/cmake --build /home/sdfr-ppd-16/ros2_ws/build/xrf2_msgs -- -j3 -l3
[0.268s] [  7%] Built target xrf2_msgs__cpp
[0.270s] [ 12%] Built target xrf2_msgs__rosidl_generator_c
[0.458s] [ 23%] Built target xrf2_msgs__rosidl_typesupport_cpp
[0.460s] [ 33%] Built target xrf2_msgs__rosidl_typesupport_fastrtps_cpp
[0.703s] [ 43%] Built target xrf2_msgs__rosidl_typesupport_introspection_cpp
[0.710s] [ 53%] Built target xrf2_msgs__rosidl_typesupport_fastrtps_c
[0.711s] [ 64%] Built target xrf2_msgs__rosidl_typesupport_introspection_c
[0.837s] [ 74%] Built target xrf2_msgs__rosidl_typesupport_c
[0.950s] [ 74%] Built target xrf2_msgs
[1.040s] [ 76%] Built target xrf2_msgs__py
[1.145s] [ 84%] Built target xrf2_msgs__rosidl_generator_py
[1.187s] [ 84%] Built target ament_cmake_python_copy_xrf2_msgs
[1.282s] [ 89%] Built target xrf2_msgs__rosidl_typesupport_fastrtps_c__pyext
[1.402s] [ 94%] Built target xrf2_msgs__rosidl_typesupport_introspection_c__pyext
[1.433s] [100%] Built target xrf2_msgs__rosidl_typesupport_c__pyext
[3.060s] running egg_info
[3.062s] writing xrf2_msgs.egg-info/PKG-INFO
[3.064s] writing dependency_links to xrf2_msgs.egg-info/dependency_links.txt
[3.065s] writing top-level names to xrf2_msgs.egg-info/top_level.txt
[3.070s] reading manifest file 'xrf2_msgs.egg-info/SOURCES.txt'
[3.072s] writing manifest file 'xrf2_msgs.egg-info/SOURCES.txt'
[3.083s] [100%] Built target ament_cmake_python_build_xrf2_msgs_egg
[3.118s] Invoked command in '/home/sdfr-ppd-16/ros2_ws/build/xrf2_msgs' returned '0': CMAKE_PREFIX_PATH=${CMAKE_PREFIX_PATH}:/opt/ros/humble /usr/bin/cmake --build /home/sdfr-ppd-16/ros2_ws/build/xrf2_msgs -- -j3 -l3
[3.124s] Invoking command in '/home/sdfr-ppd-16/ros2_ws/build/xrf2_msgs': CMAKE_PREFIX_PATH=${CMAKE_PREFIX_PATH}:/opt/ros/humble /usr/bin/cmake --install /home/sdfr-ppd-16/ros2_ws/build/xrf2_msgs
[3.147s] -- Install configuration: ""
[3.148s] -- Up-to-date: /home/sdfr-ppd-16/ros2_ws/install/xrf2_msgs/share/ament_index/resource_index/rosidl_interfaces/xrf2_msgs
[3.150s] -- Up-to-date: /home/sdfr-ppd-16/ros2_ws/install/xrf2_msgs/include/xrf2_msgs/xrf2_msgs
[3.151s] -- Up-to-date: /home/sdfr-ppd-16/ros2_ws/install/xrf2_msgs/include/xrf2_msgs/xrf2_msgs/msg
[3.152s] -- Up-to-date: /home/sdfr-ppd-16/ros2_ws/install/xrf2_msgs/include/xrf2_msgs/xrf2_msgs/msg/rosidl_generator_c__visibility_control.h
[3.154s] -- Up-to-date: /home/sdfr-ppd-16/ros2_ws/install/xrf2_msgs/include/xrf2_msgs/xrf2_msgs/msg/xeno2_ros.h
[3.155s] -- Up-to-date: /home/sdfr-ppd-16/ros2_ws/install/xrf2_msgs/include/xrf2_msgs/xrf2_msgs/msg/detail
[3.156s] -- Up-to-date: /home/sdfr-ppd-16/ros2_ws/install/xrf2_msgs/include/xrf2_msgs/xrf2_msgs/msg/detail/ros2_xeno__functions.h
[3.158s] -- Up-to-date: /home/sdfr-ppd-16/ros2_ws/install/xrf2_msgs/include/xrf2_msgs/xrf2_msgs/msg/detail/xeno2_ros__type_support.h
[3.160s] -- Up-to-date: /home/sdfr-ppd-16/ros2_ws/install/xrf2_msgs/include/xrf2_msgs/xrf2_msgs/msg/detail/ros2_xeno__functions.c
[3.161s] -- Up-to-date: /home/sdfr-ppd-16/ros2_ws/install/xrf2_msgs/include/xrf2_msgs/xrf2_msgs/msg/detail/ros2_xeno__type_support.h
[3.164s] -- Up-to-date: /home/sdfr-ppd-16/ros2_ws/install/xrf2_msgs/include/xrf2_msgs/xrf2_msgs/msg/detail/xeno2_ros__functions.h
[3.165s] -- Up-to-date: /home/sdfr-ppd-16/ros2_ws/install/xrf2_msgs/include/xrf2_msgs/xrf2_msgs/msg/detail/xeno2_ros__struct.h
[3.166s] -- Up-to-date: /home/sdfr-ppd-16/ros2_ws/install/xrf2_msgs/include/xrf2_msgs/xrf2_msgs/msg/detail/xeno2_ros__functions.c
[3.167s] -- Up-to-date: /home/sdfr-ppd-16/ros2_ws/install/xrf2_msgs/include/xrf2_msgs/xrf2_msgs/msg/detail/ros2_xeno__struct.h
[3.169s] -- Up-to-date: /home/sdfr-ppd-16/ros2_ws/install/xrf2_msgs/include/xrf2_msgs/xrf2_msgs/msg/ros2_xeno.h
[3.170s] -- Up-to-date: /home/sdfr-ppd-16/ros2_ws/install/xrf2_msgs/share/xrf2_msgs/environment/library_path.sh
[3.171s] -- Up-to-date: /home/sdfr-ppd-16/ros2_ws/install/xrf2_msgs/share/xrf2_msgs/environment/library_path.dsv
[3.172s] -- Up-to-date: /home/sdfr-ppd-16/ros2_ws/install/xrf2_msgs/lib/libxrf2_msgs__rosidl_generator_c.so
[3.174s] -- Up-to-date: /home/sdfr-ppd-16/ros2_ws/install/xrf2_msgs/include/xrf2_msgs/xrf2_msgs
[3.175s] -- Up-to-date: /home/sdfr-ppd-16/ros2_ws/install/xrf2_msgs/include/xrf2_msgs/xrf2_msgs/msg
[3.177s] -- Up-to-date: /home/sdfr-ppd-16/ros2_ws/install/xrf2_msgs/include/xrf2_msgs/xrf2_msgs/msg/detail
[3.178s] -- Up-to-date: /home/sdfr-ppd-16/ros2_ws/install/xrf2_msgs/include/xrf2_msgs/xrf2_msgs/msg/detail/xeno2_ros__rosidl_typesupport_fastrtps_c.h
[3.180s] -- Up-to-date: /home/sdfr-ppd-16/ros2_ws/install/xrf2_msgs/include/xrf2_msgs/xrf2_msgs/msg/detail/ros2_xeno__rosidl_typesupport_fastrtps_c.h
[3.181s] -- Up-to-date: /home/sdfr-ppd-16/ros2_ws/install/xrf2_msgs/include/xrf2_msgs/xrf2_msgs/msg/rosidl_typesupport_fastrtps_c__visibility_control.h
[3.183s] -- Up-to-date: /home/sdfr-ppd-16/ros2_ws/install/xrf2_msgs/lib/libxrf2_msgs__rosidl_typesupport_fastrtps_c.so
[3.185s] -- Up-to-date: /home/sdfr-ppd-16/ros2_ws/install/xrf2_msgs/include/xrf2_msgs/xrf2_msgs
[3.186s] -- Up-to-date: /home/sdfr-ppd-16/ros2_ws/install/xrf2_msgs/include/xrf2_msgs/xrf2_msgs/msg
[3.188s] -- Up-to-date: /home/sdfr-ppd-16/ros2_ws/install/xrf2_msgs/include/xrf2_msgs/xrf2_msgs/msg/rosidl_typesupport_introspection_c__visibility_control.h
[3.190s] -- Up-to-date: /home/sdfr-ppd-16/ros2_ws/install/xrf2_msgs/include/xrf2_msgs/xrf2_msgs/msg/detail
[3.191s] -- Up-to-date: /home/sdfr-ppd-16/ros2_ws/install/xrf2_msgs/include/xrf2_msgs/xrf2_msgs/msg/detail/xeno2_ros__type_support.c
[3.192s] -- Up-to-date: /home/sdfr-ppd-16/ros2_ws/install/xrf2_msgs/include/xrf2_msgs/xrf2_msgs/msg/detail/ros2_xeno__type_support.c
[3.194s] -- Up-to-date: /home/sdfr-ppd-16/ros2_ws/install/xrf2_msgs/include/xrf2_msgs/xrf2_msgs/msg/detail/xeno2_ros__rosidl_typesupport_introspection_c.h
[3.196s] -- Up-to-date: /home/sdfr-ppd-16/ros2_ws/install/xrf2_msgs/include/xrf2_msgs/xrf2_msgs/msg/detail/ros2_xeno__rosidl_typesupport_introspection_c.h
[3.197s] -- Up-to-date: /home/sdfr-ppd-16/ros2_ws/install/xrf2_msgs/lib/libxrf2_msgs__rosidl_typesupport_introspection_c.so
[3.199s] -- Up-to-date: /home/sdfr-ppd-16/ros2_ws/install/xrf2_msgs/lib/libxrf2_msgs__rosidl_typesupport_c.so
[3.200s] -- Up-to-date: /home/sdfr-ppd-16/ros2_ws/install/xrf2_msgs/include/xrf2_msgs/xrf2_msgs
[3.201s] -- Up-to-date: /home/sdfr-ppd-16/ros2_ws/install/xrf2_msgs/include/xrf2_msgs/xrf2_msgs/msg
[3.203s] -- Up-to-date: /home/sdfr-ppd-16/ros2_ws/install/xrf2_msgs/include/xrf2_msgs/xrf2_msgs/msg/xeno2_ros.hpp
[3.204s] -- Up-to-date: /home/sdfr-ppd-16/ros2_ws/install/xrf2_msgs/include/xrf2_msgs/xrf2_msgs/msg/detail
[3.206s] -- Up-to-date: /home/sdfr-ppd-16/ros2_ws/install/xrf2_msgs/include/xrf2_msgs/xrf2_msgs/msg/detail/xeno2_ros__traits.hpp
[3.207s] -- Up-to-date: /home/sdfr-ppd-16/ros2_ws/install/xrf2_msgs/include/xrf2_msgs/xrf2_msgs/msg/detail/xeno2_ros__struct.hpp
[3.208s] -- Up-to-date: /home/sdfr-ppd-16/ros2_ws/install/xrf2_msgs/include/xrf2_msgs/xrf2_msgs/msg/detail/xeno2_ros__type_support.hpp
[3.210s] -- Up-to-date: /home/sdfr-ppd-16/ros2_ws/install/xrf2_msgs/include/xrf2_msgs/xrf2_msgs/msg/detail/ros2_xeno__struct.hpp
[3.211s] -- Up-to-date: /home/sdfr-ppd-16/ros2_ws/install/xrf2_msgs/include/xrf2_msgs/xrf2_msgs/msg/detail/xeno2_ros__builder.hpp
[3.212s] -- Up-to-date: /home/sdfr-ppd-16/ros2_ws/install/xrf2_msgs/include/xrf2_msgs/xrf2_msgs/msg/detail/ros2_xeno__type_support.hpp
[3.214s] -- Up-to-date: /home/sdfr-ppd-16/ros2_ws/install/xrf2_msgs/include/xrf2_msgs/xrf2_msgs/msg/detail/ros2_xeno__builder.hpp
[3.215s] -- Up-to-date: /home/sdfr-ppd-16/ros2_ws/install/xrf2_msgs/include/xrf2_msgs/xrf2_msgs/msg/detail/ros2_xeno__traits.hpp
[3.216s] -- Up-to-date: /home/sdfr-ppd-16/ros2_ws/install/xrf2_msgs/include/xrf2_msgs/xrf2_msgs/msg/rosidl_generator_cpp__visibility_control.hpp
[3.217s] -- Up-to-date: /home/sdfr-ppd-16/ros2_ws/install/xrf2_msgs/include/xrf2_msgs/xrf2_msgs/msg/ros2_xeno.hpp
[3.219s] -- Up-to-date: /home/sdfr-ppd-16/ros2_ws/install/xrf2_msgs/include/xrf2_msgs/xrf2_msgs
[3.220s] -- Up-to-date: /home/sdfr-ppd-16/ros2_ws/install/xrf2_msgs/include/xrf2_msgs/xrf2_msgs/msg
[3.221s] -- Up-to-date: /home/sdfr-ppd-16/ros2_ws/install/xrf2_msgs/include/xrf2_msgs/xrf2_msgs/msg/detail
[3.222s] -- Up-to-date: /home/sdfr-ppd-16/ros2_ws/install/xrf2_msgs/include/xrf2_msgs/xrf2_msgs/msg/detail/dds_fastrtps
[3.223s] -- Up-to-date: /home/sdfr-ppd-16/ros2_ws/install/xrf2_msgs/include/xrf2_msgs/xrf2_msgs/msg/detail/ros2_xeno__rosidl_typesupport_fastrtps_cpp.hpp
[3.225s] -- Up-to-date: /home/sdfr-ppd-16/ros2_ws/install/xrf2_msgs/include/xrf2_msgs/xrf2_msgs/msg/detail/xeno2_ros__rosidl_typesupport_fastrtps_cpp.hpp
[3.226s] -- Up-to-date: /home/sdfr-ppd-16/ros2_ws/install/xrf2_msgs/include/xrf2_msgs/xrf2_msgs/msg/rosidl_typesupport_fastrtps_cpp__visibility_control.h
[3.227s] -- Up-to-date: /home/sdfr-ppd-16/ros2_ws/install/xrf2_msgs/lib/libxrf2_msgs__rosidl_typesupport_fastrtps_cpp.so
[3.229s] -- Up-to-date: /home/sdfr-ppd-16/ros2_ws/install/xrf2_msgs/include/xrf2_msgs/xrf2_msgs
[3.230s] -- Up-to-date: /home/sdfr-ppd-16/ros2_ws/install/xrf2_msgs/include/xrf2_msgs/xrf2_msgs/msg
[3.232s] -- Up-to-date: /home/sdfr-ppd-16/ros2_ws/install/xrf2_msgs/include/xrf2_msgs/xrf2_msgs/msg/detail
[3.233s] -- Up-to-date: /home/sdfr-ppd-16/ros2_ws/install/xrf2_msgs/include/xrf2_msgs/xrf2_msgs/msg/detail/ros2_xeno__rosidl_typesupport_introspection_cpp.hpp
[3.235s] -- Up-to-date: /home/sdfr-ppd-16/ros2_ws/install/xrf2_msgs/include/xrf2_msgs/xrf2_msgs/msg/detail/xeno2_ros__rosidl_typesupport_introspection_cpp.hpp
[3.237s] -- Up-to-date: /home/sdfr-ppd-16/ros2_ws/install/xrf2_msgs/include/xrf2_msgs/xrf2_msgs/msg/detail/ros2_xeno__type_support.cpp
[3.239s] -- Up-to-date: /home/sdfr-ppd-16/ros2_ws/install/xrf2_msgs/include/xrf2_msgs/xrf2_msgs/msg/detail/xeno2_ros__type_support.cpp
[3.241s] -- Up-to-date: /home/sdfr-ppd-16/ros2_ws/install/xrf2_msgs/lib/libxrf2_msgs__rosidl_typesupport_introspection_cpp.so
[3.242s] -- Up-to-date: /home/sdfr-ppd-16/ros2_ws/install/xrf2_msgs/lib/libxrf2_msgs__rosidl_typesupport_cpp.so
[3.244s] -- Up-to-date: /home/sdfr-ppd-16/ros2_ws/install/xrf2_msgs/share/xrf2_msgs/environment/pythonpath.sh
[3.245s] -- Up-to-date: /home/sdfr-ppd-16/ros2_ws/install/xrf2_msgs/share/xrf2_msgs/environment/pythonpath.dsv
[3.247s] -- Up-to-date: /home/sdfr-ppd-16/ros2_ws/install/xrf2_msgs/local/lib/python3.10/dist-packages/xrf2_msgs-0.0.0-py3.10.egg-info
[3.248s] -- Installing: /home/sdfr-ppd-16/ros2_ws/install/xrf2_msgs/local/lib/python3.10/dist-packages/xrf2_msgs-0.0.0-py3.10.egg-info/dependency_links.txt
[3.249s] -- Installing: /home/sdfr-ppd-16/ros2_ws/install/xrf2_msgs/local/lib/python3.10/dist-packages/xrf2_msgs-0.0.0-py3.10.egg-info/PKG-INFO
[3.251s] -- Installing: /home/sdfr-ppd-16/ros2_ws/install/xrf2_msgs/local/lib/python3.10/dist-packages/xrf2_msgs-0.0.0-py3.10.egg-info/SOURCES.txt
[3.252s] -- Installing: /home/sdfr-ppd-16/ros2_ws/install/xrf2_msgs/local/lib/python3.10/dist-packages/xrf2_msgs-0.0.0-py3.10.egg-info/top_level.txt
[3.253s] -- Up-to-date: /home/sdfr-ppd-16/ros2_ws/install/xrf2_msgs/local/lib/python3.10/dist-packages/xrf2_msgs
[3.255s] -- Up-to-date: /home/sdfr-ppd-16/ros2_ws/install/xrf2_msgs/local/lib/python3.10/dist-packages/xrf2_msgs/xrf2_msgs_s__rosidl_typesupport_fastrtps_c.cpython-310-x86_64-linux-gnu.so
[3.256s] -- Up-to-date: /home/sdfr-ppd-16/ros2_ws/install/xrf2_msgs/local/lib/python3.10/dist-packages/xrf2_msgs/_xrf2_msgs_s.ep.rosidl_typesupport_introspection_c.c
[3.257s] -- Up-to-date: /home/sdfr-ppd-16/ros2_ws/install/xrf2_msgs/local/lib/python3.10/dist-packages/xrf2_msgs/xrf2_msgs_s__rosidl_typesupport_fastrtps_c.cpython-310-aarch64-linux-gnu.so
[3.259s] -- Up-to-date: /home/sdfr-ppd-16/ros2_ws/install/xrf2_msgs/local/lib/python3.10/dist-packages/xrf2_msgs/_xrf2_msgs_s.ep.rosidl_typesupport_c.c
[3.260s] -- Up-to-date: /home/sdfr-ppd-16/ros2_ws/install/xrf2_msgs/local/lib/python3.10/dist-packages/xrf2_msgs/xrf2_msgs_s__rosidl_typesupport_c.cpython-310-x86_64-linux-gnu.so
[3.261s] -- Up-to-date: /home/sdfr-ppd-16/ros2_ws/install/xrf2_msgs/local/lib/python3.10/dist-packages/xrf2_msgs/xrf2_msgs_s__rosidl_typesupport_introspection_c.cpython-310-x86_64-linux-gnu.so
[3.264s] -- Up-to-date: /home/sdfr-ppd-16/ros2_ws/install/xrf2_msgs/local/lib/python3.10/dist-packages/xrf2_msgs/xrf2_msgs_s__rosidl_typesupport_introspection_c.cpython-310-aarch64-linux-gnu.so
[3.265s] -- Up-to-date: /home/sdfr-ppd-16/ros2_ws/install/xrf2_msgs/local/lib/python3.10/dist-packages/xrf2_msgs/msg
[3.267s] -- Up-to-date: /home/sdfr-ppd-16/ros2_ws/install/xrf2_msgs/local/lib/python3.10/dist-packages/xrf2_msgs/msg/_ros2_xeno_s.c
[3.268s] -- Up-to-date: /home/sdfr-ppd-16/ros2_ws/install/xrf2_msgs/local/lib/python3.10/dist-packages/xrf2_msgs/msg/_xeno2_ros.py
[3.269s] -- Up-to-date: /home/sdfr-ppd-16/ros2_ws/install/xrf2_msgs/local/lib/python3.10/dist-packages/xrf2_msgs/msg/_xeno2_ros_s.c
[3.270s] -- Up-to-date: /home/sdfr-ppd-16/ros2_ws/install/xrf2_msgs/local/lib/python3.10/dist-packages/xrf2_msgs/msg/__init__.py
[3.271s] -- Up-to-date: /home/sdfr-ppd-16/ros2_ws/install/xrf2_msgs/local/lib/python3.10/dist-packages/xrf2_msgs/msg/_ros2_xeno.py
[3.272s] -- Up-to-date: /home/sdfr-ppd-16/ros2_ws/install/xrf2_msgs/local/lib/python3.10/dist-packages/xrf2_msgs/xrf2_msgs_s__rosidl_typesupport_c.cpython-310-aarch64-linux-gnu.so
[3.274s] -- Up-to-date: /home/sdfr-ppd-16/ros2_ws/install/xrf2_msgs/local/lib/python3.10/dist-packages/xrf2_msgs/__init__.py
[3.275s] -- Up-to-date: /home/sdfr-ppd-16/ros2_ws/install/xrf2_msgs/local/lib/python3.10/dist-packages/xrf2_msgs/libxrf2_msgs__rosidl_generator_py.so
[3.276s] -- Up-to-date: /home/sdfr-ppd-16/ros2_ws/install/xrf2_msgs/local/lib/python3.10/dist-packages/xrf2_msgs/_xrf2_msgs_s.ep.rosidl_typesupport_fastrtps_c.c
[3.327s] Listing '/home/sdfr-ppd-16/ros2_ws/install/xrf2_msgs/local/lib/python3.10/dist-packages/xrf2_msgs'...
[3.329s] Listing '/home/sdfr-ppd-16/ros2_ws/install/xrf2_msgs/local/lib/python3.10/dist-packages/xrf2_msgs/msg'...
[3.356s] -- Up-to-date: /home/sdfr-ppd-16/ros2_ws/install/xrf2_msgs/local/lib/python3.10/dist-packages/xrf2_msgs/xrf2_msgs_s__rosidl_typesupport_fastrtps_c.cpython-310-aarch64-linux-gnu.so
[3.357s] -- Up-to-date: /home/sdfr-ppd-16/ros2_ws/install/xrf2_msgs/local/lib/python3.10/dist-packages/xrf2_msgs/xrf2_msgs_s__rosidl_typesupport_introspection_c.cpython-310-aarch64-linux-gnu.so
[3.360s] -- Up-to-date: /home/sdfr-ppd-16/ros2_ws/install/xrf2_msgs/local/lib/python3.10/dist-packages/xrf2_msgs/xrf2_msgs_s__rosidl_typesupport_c.cpython-310-aarch64-linux-gnu.so
[3.362s] -- Up-to-date: /home/sdfr-ppd-16/ros2_ws/install/xrf2_msgs/lib/libxrf2_msgs__rosidl_generator_py.so
[3.368s] -- Up-to-date: /home/sdfr-ppd-16/ros2_ws/install/xrf2_msgs/share/xrf2_msgs/msg/Ros2Xeno.idl
[3.371s] -- Up-to-date: /home/sdfr-ppd-16/ros2_ws/install/xrf2_msgs/share/xrf2_msgs/msg/Xeno2Ros.idl
[3.373s] -- Up-to-date: /home/sdfr-ppd-16/ros2_ws/install/xrf2_msgs/share/xrf2_msgs/msg/Ros2Xeno.msg
[3.375s] -- Up-to-date: /home/sdfr-ppd-16/ros2_ws/install/xrf2_msgs/share/xrf2_msgs/msg/Xeno2Ros.msg
[3.377s] -- Up-to-date: /home/sdfr-ppd-16/ros2_ws/install/xrf2_msgs/share/ament_index/resource_index/package_run_dependencies/xrf2_msgs
[3.382s] -- Up-to-date: /home/sdfr-ppd-16/ros2_ws/install/xrf2_msgs/share/ament_index/resource_index/parent_prefix_path/xrf2_msgs
[3.385s] -- Up-to-date: /home/sdfr-ppd-16/ros2_ws/install/xrf2_msgs/share/xrf2_msgs/environment/ament_prefix_path.sh
[3.387s] -- Up-to-date: /home/sdfr-ppd-16/ros2_ws/install/xrf2_msgs/share/xrf2_msgs/environment/ament_prefix_path.dsv
[3.389s] -- Up-to-date: /home/sdfr-ppd-16/ros2_ws/install/xrf2_msgs/share/xrf2_msgs/environment/path.sh
[3.390s] -- Up-to-date: /home/sdfr-ppd-16/ros2_ws/install/xrf2_msgs/share/xrf2_msgs/environment/path.dsv
[3.392s] -- Up-to-date: /home/sdfr-ppd-16/ros2_ws/install/xrf2_msgs/share/xrf2_msgs/local_setup.bash
[3.393s] -- Up-to-date: /home/sdfr-ppd-16/ros2_ws/install/xrf2_msgs/share/xrf2_msgs/local_setup.sh
[3.394s] -- Up-to-date: /home/sdfr-ppd-16/ros2_ws/install/xrf2_msgs/share/xrf2_msgs/local_setup.zsh
[3.396s] -- Up-to-date: /home/sdfr-ppd-16/ros2_ws/install/xrf2_msgs/share/xrf2_msgs/local_setup.dsv
[3.398s] -- Installing: /home/sdfr-ppd-16/ros2_ws/install/xrf2_msgs/share/xrf2_msgs/package.dsv
[3.401s] -- Up-to-date: /home/sdfr-ppd-16/ros2_ws/install/xrf2_msgs/share/ament_index/resource_index/packages/xrf2_msgs
[3.403s] -- Up-to-date: /home/sdfr-ppd-16/ros2_ws/install/xrf2_msgs/share/xrf2_msgs/cmake/export_xrf2_msgs__rosidl_generator_cExport.cmake
[3.405s] -- Up-to-date: /home/sdfr-ppd-16/ros2_ws/install/xrf2_msgs/share/xrf2_msgs/cmake/export_xrf2_msgs__rosidl_generator_cExport-noconfig.cmake
[3.408s] -- Up-to-date: /home/sdfr-ppd-16/ros2_ws/install/xrf2_msgs/share/xrf2_msgs/cmake/export_xrf2_msgs__rosidl_typesupport_fastrtps_cExport.cmake
[3.410s] -- Up-to-date: /home/sdfr-ppd-16/ros2_ws/install/xrf2_msgs/share/xrf2_msgs/cmake/export_xrf2_msgs__rosidl_typesupport_fastrtps_cExport-noconfig.cmake
[3.412s] -- Up-to-date: /home/sdfr-ppd-16/ros2_ws/install/xrf2_msgs/share/xrf2_msgs/cmake/xrf2_msgs__rosidl_typesupport_introspection_cExport.cmake
[3.414s] -- Up-to-date: /home/sdfr-ppd-16/ros2_ws/install/xrf2_msgs/share/xrf2_msgs/cmake/xrf2_msgs__rosidl_typesupport_introspection_cExport-noconfig.cmake
[3.417s] -- Up-to-date: /home/sdfr-ppd-16/ros2_ws/install/xrf2_msgs/share/xrf2_msgs/cmake/xrf2_msgs__rosidl_typesupport_cExport.cmake
[3.422s] -- Up-to-date: /home/sdfr-ppd-16/ros2_ws/install/xrf2_msgs/share/xrf2_msgs/cmake/xrf2_msgs__rosidl_typesupport_cExport-noconfig.cmake
[3.425s] -- Up-to-date: /home/sdfr-ppd-16/ros2_ws/install/xrf2_msgs/share/xrf2_msgs/cmake/export_xrf2_msgs__rosidl_generator_cppExport.cmake
[3.428s] -- Up-to-date: /home/sdfr-ppd-16/ros2_ws/install/xrf2_msgs/share/xrf2_msgs/cmake/export_xrf2_msgs__rosidl_typesupport_fastrtps_cppExport.cmake
[3.431s] -- Up-to-date: /home/sdfr-ppd-16/ros2_ws/install/xrf2_msgs/share/xrf2_msgs/cmake/export_xrf2_msgs__rosidl_typesupport_fastrtps_cppExport-noconfig.cmake
[3.435s] -- Up-to-date: /home/sdfr-ppd-16/ros2_ws/install/xrf2_msgs/share/xrf2_msgs/cmake/xrf2_msgs__rosidl_typesupport_introspection_cppExport.cmake
[3.437s] -- Up-to-date: /home/sdfr-ppd-16/ros2_ws/install/xrf2_msgs/share/xrf2_msgs/cmake/xrf2_msgs__rosidl_typesupport_introspection_cppExport-noconfig.cmake
[3.439s] -- Up-to-date: /home/sdfr-ppd-16/ros2_ws/install/xrf2_msgs/share/xrf2_msgs/cmake/xrf2_msgs__rosidl_typesupport_cppExport.cmake
[3.441s] -- Up-to-date: /home/sdfr-ppd-16/ros2_ws/install/xrf2_msgs/share/xrf2_msgs/cmake/xrf2_msgs__rosidl_typesupport_cppExport-noconfig.cmake
[3.444s] -- Up-to-date: /home/sdfr-ppd-16/ros2_ws/install/xrf2_msgs/share/xrf2_msgs/cmake/export_xrf2_msgs__rosidl_generator_pyExport.cmake
[3.448s] -- Up-to-date: /home/sdfr-ppd-16/ros2_ws/install/xrf2_msgs/share/xrf2_msgs/cmake/export_xrf2_msgs__rosidl_generator_pyExport-noconfig.cmake
[3.449s] -- Up-to-date: /home/sdfr-ppd-16/ros2_ws/install/xrf2_msgs/share/xrf2_msgs/cmake/rosidl_cmake-extras.cmake
[3.451s] -- Up-to-date: /home/sdfr-ppd-16/ros2_ws/install/xrf2_msgs/share/xrf2_msgs/cmake/ament_cmake_export_include_directories-extras.cmake
[3.452s] -- Up-to-date: /home/sdfr-ppd-16/ros2_ws/install/xrf2_msgs/share/xrf2_msgs/cmake/ament_cmake_export_libraries-extras.cmake
[3.454s] -- Up-to-date: /home/sdfr-ppd-16/ros2_ws/install/xrf2_msgs/share/xrf2_msgs/cmake/ament_cmake_export_targets-extras.cmake
[3.455s] -- Up-to-date: /home/sdfr-ppd-16/ros2_ws/install/xrf2_msgs/share/xrf2_msgs/cmake/rosidl_cmake_export_typesupport_targets-extras.cmake
[3.456s] -- Up-to-date: /home/sdfr-ppd-16/ros2_ws/install/xrf2_msgs/share/xrf2_msgs/cmake/ament_cmake_export_dependencies-extras.cmake
[3.460s] -- Up-to-date: /home/sdfr-ppd-16/ros2_ws/install/xrf2_msgs/share/xrf2_msgs/cmake/rosidl_cmake_export_typesupport_libraries-extras.cmake
[3.462s] -- Up-to-date: /home/sdfr-ppd-16/ros2_ws/install/xrf2_msgs/share/xrf2_msgs/cmake/xrf2_msgsConfig.cmake
[3.465s] -- Up-to-date: /home/sdfr-ppd-16/ros2_ws/install/xrf2_msgs/share/xrf2_msgs/cmake/xrf2_msgsConfig-version.cmake
[3.468s] -- Up-to-date: /home/sdfr-ppd-16/ros2_ws/install/xrf2_msgs/share/xrf2_msgs/package.xml
[3.533s] Invoked command in '/home/sdfr-ppd-16/ros2_ws/build/xrf2_msgs' returned '0': CMAKE_PREFIX_PATH=${CMAKE_PREFIX_PATH}:/opt/ros/humble /usr/bin/cmake --install /home/sdfr-ppd-16/ros2_ws/build/xrf2_msgs
