[0.006s] Invoking command in '/home/srik/ros_ubuntu/ros2_ws/build/relbot_simulator': CMAKE_PREFIX_PATH=/home/srik/ros_ubuntu/ros2_ws/install/relbot_msgs:/home/srik/ros_ubuntu/ros2_ws/install/relbot_simulator:/home/srik/ros_ubuntu/ros2_ws/install/relbot_sequence_controller:/home/srik/ros_ubuntu/ros2_ws/install/relbot_launch:/home/srik/ros_ubuntu/ros2_ws/install/relbot_adapter:/home/srik/ros_ubuntu/ros2_ws/install/relbot2turtlesim:/home/srik/ros_ubuntu/ros2_ws/install/image_functions_sdfr:/opt/ros/humble DEBUGINFOD_URLS=https://debuginfod.archlinux.org https://debuginfod.cachyos.org XAUTHLOCALHOSTNAME= /usr/bin/cmake /home/srik/ros_ubuntu/ros2_ws/src/relbot_simulator -DCMAKE_INSTALL_PREFIX=/home/srik/ros_ubuntu/ros2_ws/install/relbot_simulator
[0.034s] -- The C compiler identification is GNU 11.4.0
[0.061s] -- The CXX compiler identification is GNU 11.4.0
[0.065s] -- Detecting C compiler ABI info
[0.099s] -- Detecting C compiler ABI info - done
[0.103s] -- Check for working C compiler: /usr/bin/cc - skipped
[0.103s] -- Detecting C compile features
[0.103s] -- Detecting C compile features - done
[0.105s] -- Detecting CXX compiler ABI info
[0.139s] -- Detecting CXX compiler ABI info - done
[0.143s] -- Check for working CXX compiler: /usr/bin/c++ - skipped
[0.143s] -- Detecting CXX compile features
[0.143s] -- Detecting CXX compile features - done
[0.145s] -- Found ament_cmake: 1.3.13 (/opt/ros/humble/share/ament_cmake/cmake)
[0.223s] -- Found Python3: /usr/bin/python3 (found version "3.10.12") found components: Interpreter 
[0.269s] -- Found rclcpp: 16.0.18 (/opt/ros/humble/share/rclcpp/cmake)
[0.288s] -- Found rosidl_generator_c: 3.1.8 (/opt/ros/humble/share/rosidl_generator_c/cmake)
[0.290s] -- Found rosidl_adapter: 3.1.8 (/opt/ros/humble/share/rosidl_adapter/cmake)
[0.293s] -- Found rosidl_generator_cpp: 3.1.8 (/opt/ros/humble/share/rosidl_generator_cpp/cmake)
[0.298s] -- Using all available rosidl_typesupport_c: rosidl_typesupport_fastrtps_c;rosidl_typesupport_introspection_c
[0.305s] -- Using all available rosidl_typesupport_cpp: rosidl_typesupport_fastrtps_cpp;rosidl_typesupport_introspection_cpp
[0.324s] -- Found rmw_implementation_cmake: 6.1.2 (/opt/ros/humble/share/rmw_implementation_cmake/cmake)
[0.325s] -- Found rmw_fastrtps_cpp: 6.2.10 (/opt/ros/humble/share/rmw_fastrtps_cpp/cmake)
[0.367s] -- Found OpenSSL: /usr/lib/x86_64-linux-gnu/libcrypto.so (found version "3.0.2")  
[0.381s] -- Found FastRTPS: /opt/ros/humble/include  
[0.402s] -- Using RMW implementation 'rmw_fastrtps_cpp' as default
[0.405s] -- Looking for pthread.h
[0.437s] -- Looking for pthread.h - found
[0.437s] -- Performing Test CMAKE_HAVE_LIBC_PTHREAD
[0.472s] -- Performing Test CMAKE_HAVE_LIBC_PTHREAD - Success
[0.473s] -- Found Threads: TRUE  
[0.497s] -- Found geometry_msgs: 4.9.1 (/opt/ros/humble/share/geometry_msgs/cmake)
[0.503s] -- Found sensor_msgs: 4.9.1 (/opt/ros/humble/share/sensor_msgs/cmake)
[0.511s] -- Found relbot_msgs: 2025.2.0 (/home/srik/ros_ubuntu/ros2_ws/install/relbot_msgs/share/relbot_msgs/cmake)
[0.522s] -- Found OpenCV: /usr (found version "4.5.4") found components: core highgui imgcodecs imgproc videoio 
[0.522s] -- Found cv_bridge: 3.2.1 (/opt/ros/humble/share/cv_bridge/cmake)
[0.525s] -- Found ament_lint_auto: 0.12.15 (/opt/ros/humble/share/ament_lint_auto/cmake)
[0.564s] -- Added test 'copyright' to check source files copyright and LICENSE
[0.565s] -- Added test 'cppcheck' to perform static code analysis on C / C++ code
[0.565s] -- Configured cppcheck include dirs: /home/srik/ros_ubuntu/ros2_ws/src/relbot_simulator/include;/home/srik/ros_ubuntu/ros2_ws/src/relbot_simulator/common;$<BUILD_INTERFACE:/home/srik/ros_ubuntu/ros2_ws/src/relbot_simulator/include>;$<BUILD_INTERFACE:/home/srik/ros_ubuntu/ros2_ws/src/relbot_simulator/common>
[0.565s] -- Configured cppcheck exclude dirs and/or files: 
[0.565s] -- Added test 'cpplint' to check C / C++ code against the Google style
[0.565s] -- Configured cpplint exclude dirs and/or files: 
[0.565s] -- Added test 'lint_cmake' to check CMake code style
[0.566s] -- Added test 'uncrustify' to check C / C++ code style
[0.566s] -- Configured uncrustify additional arguments: 
[0.566s] -- Added test 'xmllint' to check XML markup files
[0.567s] -- Configuring done
[0.573s] -- Generating done
[0.575s] -- Build files have been written to: /home/srik/ros_ubuntu/ros2_ws/build/relbot_simulator
[0.580s] Invoked command in '/home/srik/ros_ubuntu/ros2_ws/build/relbot_simulator' returned '0': CMAKE_PREFIX_PATH=/home/srik/ros_ubuntu/ros2_ws/install/relbot_msgs:/home/srik/ros_ubuntu/ros2_ws/install/relbot_simulator:/home/srik/ros_ubuntu/ros2_ws/install/relbot_sequence_controller:/home/srik/ros_ubuntu/ros2_ws/install/relbot_launch:/home/srik/ros_ubuntu/ros2_ws/install/relbot_adapter:/home/srik/ros_ubuntu/ros2_ws/install/relbot2turtlesim:/home/srik/ros_ubuntu/ros2_ws/install/image_functions_sdfr:/opt/ros/humble DEBUGINFOD_URLS=https://debuginfod.archlinux.org https://debuginfod.cachyos.org XAUTHLOCALHOSTNAME= /usr/bin/cmake /home/srik/ros_ubuntu/ros2_ws/src/relbot_simulator -DCMAKE_INSTALL_PREFIX=/home/srik/ros_ubuntu/ros2_ws/install/relbot_simulator
[0.580s] Invoking command in '/home/srik/ros_ubuntu/ros2_ws/build/relbot_simulator': CMAKE_PREFIX_PATH=/home/srik/ros_ubuntu/ros2_ws/install/relbot_msgs:/home/srik/ros_ubuntu/ros2_ws/install/relbot_simulator:/home/srik/ros_ubuntu/ros2_ws/install/relbot_sequence_controller:/home/srik/ros_ubuntu/ros2_ws/install/relbot_launch:/home/srik/ros_ubuntu/ros2_ws/install/relbot_adapter:/home/srik/ros_ubuntu/ros2_ws/install/relbot2turtlesim:/home/srik/ros_ubuntu/ros2_ws/install/image_functions_sdfr:/opt/ros/humble DEBUGINFOD_URLS=https://debuginfod.archlinux.org https://debuginfod.cachyos.org XAUTHLOCALHOSTNAME= /usr/bin/cmake --build /home/srik/ros_ubuntu/ros2_ws/build/relbot_simulator -- -j32 -l32
[0.601s] [ 11%] [32mBuilding CXX object CMakeFiles/relbot_simulator.dir/src/Plant.cpp.o[0m
[0.602s] [ 22%] [32mBuilding CXX object CMakeFiles/relbot_simulator.dir/common/xxfuncs.cpp.o[0m
[0.602s] [ 33%] [32mBuilding CXX object CMakeFiles/relbot_simulator.dir/src/relbot_simulator.cpp.o[0m
[0.602s] [ 55%] [32mBuilding CXX object CMakeFiles/relbot_simulator.dir/common/MotionProfiles.cpp.o[0m
[0.602s] [ 55%] [32mBuilding CXX object CMakeFiles/relbot_simulator.dir/common/EulerAngles.cpp.o[0m
[0.602s] [ 66%] [32mBuilding CXX object CMakeFiles/relbot_simulator.dir/common/xxinverse.cpp.o[0m
[0.602s] [ 77%] [32mBuilding CXX object CMakeFiles/relbot_simulator.dir/common/xxinteg.cpp.o[0m
[0.603s] [ 88%] [32mBuilding CXX object CMakeFiles/relbot_simulator.dir/common/xxmatrix.cpp.o[0m
[8.258s] [100%] [32m[1mLinking CXX executable relbot_simulator[0m
[8.660s] [100%] Built target relbot_simulator
