[0.012s] Invoking command in '/home/sdfr-ppd-16/SfDR-code/assignment6/ros2_ws/build/relbot_sequence_controller': CMAKE_PREFIX_PATH=/home/sdfr-ppd-16/SfDR-code/assignment6/ros2_ws/install/image_functions_sdfr:/home/sdfr-ppd-16/SfDR-code/assignment6/ros2_ws/install/relbot_msgs:/home/sdfr-ppd-16/SfDR-code/assignment6/ros2_ws/install/relbot_launch:/home/sdfr-ppd-16/SfDR-code/assignment6/ros2_ws/install/xrf2_msgs:/opt/ros/humble LD_LIBRARY_PATH=/home/sdfr-ppd-16/SfDR-code/assignment6/ros2_ws/install/image_functions_sdfr/lib:/home/sdfr-ppd-16/SfDR-code/assignment6/ros2_ws/install/relbot_msgs/lib:/home/sdfr-ppd-16/SfDR-code/assignment6/ros2_ws/install/xrf2_msgs/lib:/opt/ros/humble/opt/rviz_ogre_vendor/lib:/opt/ros/humble/lib/aarch64-linux-gnu:/opt/ros/humble/lib /usr/bin/cmake /home/sdfr-ppd-16/SfDR-code/assignment6/ros2_ws/src/relbot_sequence_controller/relbot_sequence_controller -DCMAKE_INSTALL_PREFIX=/home/sdfr-ppd-16/SfDR-code/assignment6/ros2_ws/install/relbot_sequence_controller
[0.014s] -- Found ament_cmake: 1.3.11 (/opt/ros/humble/share/ament_cmake/cmake)
[0.798s] -- Found rclcpp: 16.0.11 (/opt/ros/humble/share/rclcpp/cmake)
[0.890s] -- Found rosidl_generator_c: 3.1.6 (/opt/ros/humble/share/rosidl_generator_c/cmake)
[0.899s] -- Found rosidl_adapter: 3.1.6 (/opt/ros/humble/share/rosidl_adapter/cmake)
[0.922s] -- Found rosidl_generator_cpp: 3.1.6 (/opt/ros/humble/share/rosidl_generator_cpp/cmake)
[0.959s] -- Using all available rosidl_typesupport_c: rosidl_typesupport_fastrtps_c;rosidl_typesupport_introspection_c
[1.015s] -- Using all available rosidl_typesupport_cpp: rosidl_typesupport_fastrtps_cpp;rosidl_typesupport_introspection_cpp
[1.134s] -- Found rmw_implementation_cmake: 6.1.2 (/opt/ros/humble/share/rmw_implementation_cmake/cmake)
[1.139s] -- Found rmw_fastrtps_cpp: 6.2.7 (/opt/ros/humble/share/rmw_fastrtps_cpp/cmake)
[1.480s] -- Using RMW implementation 'rmw_fastrtps_cpp' as default
[1.690s] -- Found example_interfaces: 0.9.3 (/opt/ros/humble/share/example_interfaces/cmake)
[1.865s] -- Found relbot_msgs: 2025.2.0 (/home/sdfr-ppd-16/SfDR-code/assignment6/ros2_ws/install/relbot_msgs/share/relbot_msgs/cmake)
[1.926s] -- Found image_functions_sdfr: 2.1.0 (/home/sdfr-ppd-16/SfDR-code/assignment6/ros2_ws/install/image_functions_sdfr/share/image_functions_sdfr/cmake)
[2.101s] -- Found ament_lint_auto: 0.12.11 (/opt/ros/humble/share/ament_lint_auto/cmake)
[2.504s] -- Added test 'cppcheck' to perform static code analysis on C / C++ code
[2.505s] -- Configured cppcheck include dirs: /home/sdfr-ppd-16/SfDR-code/assignment6/ros2_ws/src/relbot_sequence_controller/relbot_sequence_controller/include
[2.507s] -- Configured cppcheck exclude dirs and/or files: 
[2.509s] -- Added test 'lint_cmake' to check CMake code style
[2.515s] -- Added test 'uncrustify' to check C / C++ code style
[2.516s] -- Configured uncrustify additional arguments: 
[2.517s] -- Added test 'xmllint' to check XML markup files
[2.532s] -- Configuring done
[2.622s] -- Generating done
[2.662s] -- Build files have been written to: /home/sdfr-ppd-16/SfDR-code/assignment6/ros2_ws/build/relbot_sequence_controller
[2.714s] Invoked command in '/home/sdfr-ppd-16/SfDR-code/assignment6/ros2_ws/build/relbot_sequence_controller' returned '0': CMAKE_PREFIX_PATH=/home/sdfr-ppd-16/SfDR-code/assignment6/ros2_ws/install/image_functions_sdfr:/home/sdfr-ppd-16/SfDR-code/assignment6/ros2_ws/install/relbot_msgs:/home/sdfr-ppd-16/SfDR-code/assignment6/ros2_ws/install/relbot_launch:/home/sdfr-ppd-16/SfDR-code/assignment6/ros2_ws/install/xrf2_msgs:/opt/ros/humble LD_LIBRARY_PATH=/home/sdfr-ppd-16/SfDR-code/assignment6/ros2_ws/install/image_functions_sdfr/lib:/home/sdfr-ppd-16/SfDR-code/assignment6/ros2_ws/install/relbot_msgs/lib:/home/sdfr-ppd-16/SfDR-code/assignment6/ros2_ws/install/xrf2_msgs/lib:/opt/ros/humble/opt/rviz_ogre_vendor/lib:/opt/ros/humble/lib/aarch64-linux-gnu:/opt/ros/humble/lib /usr/bin/cmake /home/sdfr-ppd-16/SfDR-code/assignment6/ros2_ws/src/relbot_sequence_controller/relbot_sequence_controller -DCMAKE_INSTALL_PREFIX=/home/sdfr-ppd-16/SfDR-code/assignment6/ros2_ws/install/relbot_sequence_controller
[2.718s] Invoking command in '/home/sdfr-ppd-16/SfDR-code/assignment6/ros2_ws/build/relbot_sequence_controller': CMAKE_PREFIX_PATH=/home/sdfr-ppd-16/SfDR-code/assignment6/ros2_ws/install/image_functions_sdfr:/home/sdfr-ppd-16/SfDR-code/assignment6/ros2_ws/install/relbot_msgs:/home/sdfr-ppd-16/SfDR-code/assignment6/ros2_ws/install/relbot_launch:/home/sdfr-ppd-16/SfDR-code/assignment6/ros2_ws/install/xrf2_msgs:/opt/ros/humble LD_LIBRARY_PATH=/home/sdfr-ppd-16/SfDR-code/assignment6/ros2_ws/install/image_functions_sdfr/lib:/home/sdfr-ppd-16/SfDR-code/assignment6/ros2_ws/install/relbot_msgs/lib:/home/sdfr-ppd-16/SfDR-code/assignment6/ros2_ws/install/xrf2_msgs/lib:/opt/ros/humble/opt/rviz_ogre_vendor/lib:/opt/ros/humble/lib/aarch64-linux-gnu:/opt/ros/humble/lib /usr/bin/cmake --build /home/sdfr-ppd-16/SfDR-code/assignment6/ros2_ws/build/relbot_sequence_controller -- -j3 -l3
[2.931s] [ 25%] [32mBuilding CXX object CMakeFiles/colour_detector.dir/src/colour_detector.cpp.o[0m
[2.933s] [ 50%] [32mBuilding CXX object CMakeFiles/relbot_sequence_controller.dir/src/relbot_sequence_controller.cpp.o[0m
[54.473s] [ 75%] [32m[1mLinking CXX executable colour_detector[0m
[54.685s] [100%] [32m[1mLinking CXX executable relbot_sequence_controller[0m
[57.542s] [100%] Built target colour_detector
[57.859s] [100%] Built target relbot_sequence_controller
