[0.005s] Invoking command in '/home/srik/ros_ubuntu/ros2_ws/build/xrf2_msgs': CMAKE_PREFIX_PATH=${CMAKE_PREFIX_PATH}:/opt/ros/humble DEBUGINFOD_URLS=https://debuginfod.archlinux.org https://debuginfod.cachyos.org /usr/bin/cmake --build /home/srik/ros_ubuntu/ros2_ws/build/xrf2_msgs -- -j32 -l32
[0.023s] [35m[1mConsolidate compiler generated dependencies of target xrf2_msgs__rosidl_generator_c[0m
[0.027s] [  2%] Built target xrf2_msgs__cpp
[0.028s] [ 12%] Built target xrf2_msgs__rosidl_generator_c
[0.030s] [ 12%] Built target ament_cmake_python_copy_xrf2_msgs
[0.032s] [35m[1mConsolidate compiler generated dependencies of target xrf2_msgs__rosidl_typesupport_c[0m
[0.032s] [35m[1mConsolidate compiler generated dependencies of target xrf2_msgs__rosidl_typesupport_fastrtps_cpp[0m
[0.032s] [35m[1mConsolidate compiler generated dependencies of target xrf2_msgs__rosidl_typesupport_fastrtps_c[0m
[0.032s] [35m[1mConsolidate compiler generated dependencies of target xrf2_msgs__rosidl_typesupport_introspection_cpp[0m
[0.033s] [35m[1mConsolidate compiler generated dependencies of target xrf2_msgs__rosidl_typesupport_cpp[0m
[0.033s] [35m[1mConsolidate compiler generated dependencies of target xrf2_msgs__rosidl_typesupport_introspection_c[0m
[0.036s] [ 23%] Built target xrf2_msgs__rosidl_typesupport_c
[0.038s] [ 33%] Built target xrf2_msgs__rosidl_typesupport_introspection_c
[0.039s] [ 43%] Built target xrf2_msgs__rosidl_typesupport_cpp
[0.039s] [ 58%] Built target xrf2_msgs__rosidl_typesupport_fastrtps_cpp
[0.039s] [ 64%] Built target xrf2_msgs__rosidl_typesupport_introspection_cpp
[0.040s] [ 74%] Built target xrf2_msgs__rosidl_typesupport_fastrtps_c
[0.049s] [ 74%] Built target xrf2_msgs
[0.057s] [ 76%] Built target xrf2_msgs__py
[0.062s] [35m[1mConsolidate compiler generated dependencies of target xrf2_msgs__rosidl_generator_py[0m
[0.068s] [ 84%] Built target xrf2_msgs__rosidl_generator_py
[0.073s] [35m[1mConsolidate compiler generated dependencies of target xrf2_msgs__rosidl_typesupport_fastrtps_c__pyext[0m
[0.073s] [35m[1mConsolidate compiler generated dependencies of target xrf2_msgs__rosidl_typesupport_introspection_c__pyext[0m
[0.073s] [35m[1mConsolidate compiler generated dependencies of target xrf2_msgs__rosidl_typesupport_c__pyext[0m
[0.079s] [ 89%] Built target xrf2_msgs__rosidl_typesupport_introspection_c__pyext
[0.079s] [ 94%] Built target xrf2_msgs__rosidl_typesupport_c__pyext
[0.079s] [100%] Built target xrf2_msgs__rosidl_typesupport_fastrtps_c__pyext
[0.134s] running egg_info
[0.135s] writing xrf2_msgs.egg-info/PKG-INFO
[0.135s] writing dependency_links to xrf2_msgs.egg-info/dependency_links.txt
[0.135s] writing top-level names to xrf2_msgs.egg-info/top_level.txt
[0.136s] reading manifest file 'xrf2_msgs.egg-info/SOURCES.txt'
[0.136s] writing manifest file 'xrf2_msgs.egg-info/SOURCES.txt'
[0.148s] [100%] Built target ament_cmake_python_build_xrf2_msgs_egg
[0.153s] Invoked command in '/home/srik/ros_ubuntu/ros2_ws/build/xrf2_msgs' returned '0': CMAKE_PREFIX_PATH=${CMAKE_PREFIX_PATH}:/opt/ros/humble DEBUGINFOD_URLS=https://debuginfod.archlinux.org https://debuginfod.cachyos.org /usr/bin/cmake --build /home/srik/ros_ubuntu/ros2_ws/build/xrf2_msgs -- -j32 -l32
[0.157s] Invoking command in '/home/srik/ros_ubuntu/ros2_ws/build/xrf2_msgs': CMAKE_PREFIX_PATH=${CMAKE_PREFIX_PATH}:/opt/ros/humble DEBUGINFOD_URLS=https://debuginfod.archlinux.org https://debuginfod.cachyos.org /usr/bin/cmake --install /home/srik/ros_ubuntu/ros2_ws/build/xrf2_msgs
[0.161s] -- Install configuration: ""
[0.161s] -- Up-to-date: /home/srik/ros_ubuntu/ros2_ws/install/xrf2_msgs/share/ament_index/resource_index/rosidl_interfaces/xrf2_msgs
[0.161s] -- Up-to-date: /home/srik/ros_ubuntu/ros2_ws/install/xrf2_msgs/include/xrf2_msgs/xrf2_msgs
[0.161s] -- Up-to-date: /home/srik/ros_ubuntu/ros2_ws/install/xrf2_msgs/include/xrf2_msgs/xrf2_msgs/msg
[0.161s] -- Up-to-date: /home/srik/ros_ubuntu/ros2_ws/install/xrf2_msgs/include/xrf2_msgs/xrf2_msgs/msg/rosidl_generator_c__visibility_control.h
[0.161s] -- Up-to-date: /home/srik/ros_ubuntu/ros2_ws/install/xrf2_msgs/include/xrf2_msgs/xrf2_msgs/msg/ros2_xeno.h
[0.161s] -- Up-to-date: /home/srik/ros_ubuntu/ros2_ws/install/xrf2_msgs/include/xrf2_msgs/xrf2_msgs/msg/detail
[0.161s] -- Up-to-date: /home/srik/ros_ubuntu/ros2_ws/install/xrf2_msgs/include/xrf2_msgs/xrf2_msgs/msg/detail/ros2_xeno__functions.c
[0.161s] -- Up-to-date: /home/srik/ros_ubuntu/ros2_ws/install/xrf2_msgs/include/xrf2_msgs/xrf2_msgs/msg/detail/ros2_xeno__functions.h
[0.162s] -- Up-to-date: /home/srik/ros_ubuntu/ros2_ws/install/xrf2_msgs/include/xrf2_msgs/xrf2_msgs/msg/detail/ros2_xeno__struct.h
[0.162s] -- Up-to-date: /home/srik/ros_ubuntu/ros2_ws/install/xrf2_msgs/include/xrf2_msgs/xrf2_msgs/msg/detail/ros2_xeno__type_support.h
[0.162s] -- Up-to-date: /home/srik/ros_ubuntu/ros2_ws/install/xrf2_msgs/include/xrf2_msgs/xrf2_msgs/msg/detail/xeno2_ros__functions.c
[0.162s] -- Up-to-date: /home/srik/ros_ubuntu/ros2_ws/install/xrf2_msgs/include/xrf2_msgs/xrf2_msgs/msg/detail/xeno2_ros__functions.h
[0.162s] -- Up-to-date: /home/srik/ros_ubuntu/ros2_ws/install/xrf2_msgs/include/xrf2_msgs/xrf2_msgs/msg/detail/xeno2_ros__struct.h
[0.162s] -- Up-to-date: /home/srik/ros_ubuntu/ros2_ws/install/xrf2_msgs/include/xrf2_msgs/xrf2_msgs/msg/detail/xeno2_ros__type_support.h
[0.162s] -- Up-to-date: /home/srik/ros_ubuntu/ros2_ws/install/xrf2_msgs/include/xrf2_msgs/xrf2_msgs/msg/xeno2_ros.h
[0.162s] -- Up-to-date: /home/srik/ros_ubuntu/ros2_ws/install/xrf2_msgs/share/xrf2_msgs/environment/library_path.sh
[0.162s] -- Up-to-date: /home/srik/ros_ubuntu/ros2_ws/install/xrf2_msgs/share/xrf2_msgs/environment/library_path.dsv
[0.162s] -- Up-to-date: /home/srik/ros_ubuntu/ros2_ws/install/xrf2_msgs/lib/libxrf2_msgs__rosidl_generator_c.so
[0.162s] -- Up-to-date: /home/srik/ros_ubuntu/ros2_ws/install/xrf2_msgs/include/xrf2_msgs/xrf2_msgs
[0.162s] -- Up-to-date: /home/srik/ros_ubuntu/ros2_ws/install/xrf2_msgs/include/xrf2_msgs/xrf2_msgs/msg
[0.162s] -- Up-to-date: /home/srik/ros_ubuntu/ros2_ws/install/xrf2_msgs/include/xrf2_msgs/xrf2_msgs/msg/rosidl_typesupport_fastrtps_c__visibility_control.h
[0.162s] -- Up-to-date: /home/srik/ros_ubuntu/ros2_ws/install/xrf2_msgs/include/xrf2_msgs/xrf2_msgs/msg/detail
[0.162s] -- Up-to-date: /home/srik/ros_ubuntu/ros2_ws/install/xrf2_msgs/include/xrf2_msgs/xrf2_msgs/msg/detail/ros2_xeno__rosidl_typesupport_fastrtps_c.h
[0.162s] -- Up-to-date: /home/srik/ros_ubuntu/ros2_ws/install/xrf2_msgs/include/xrf2_msgs/xrf2_msgs/msg/detail/xeno2_ros__rosidl_typesupport_fastrtps_c.h
[0.162s] -- Up-to-date: /home/srik/ros_ubuntu/ros2_ws/install/xrf2_msgs/lib/libxrf2_msgs__rosidl_typesupport_fastrtps_c.so
[0.162s] -- Up-to-date: /home/srik/ros_ubuntu/ros2_ws/install/xrf2_msgs/include/xrf2_msgs/xrf2_msgs
[0.162s] -- Up-to-date: /home/srik/ros_ubuntu/ros2_ws/install/xrf2_msgs/include/xrf2_msgs/xrf2_msgs/msg
[0.162s] -- Up-to-date: /home/srik/ros_ubuntu/ros2_ws/install/xrf2_msgs/include/xrf2_msgs/xrf2_msgs/msg/rosidl_typesupport_introspection_c__visibility_control.h
[0.162s] -- Up-to-date: /home/srik/ros_ubuntu/ros2_ws/install/xrf2_msgs/include/xrf2_msgs/xrf2_msgs/msg/detail
[0.162s] -- Up-to-date: /home/srik/ros_ubuntu/ros2_ws/install/xrf2_msgs/include/xrf2_msgs/xrf2_msgs/msg/detail/ros2_xeno__rosidl_typesupport_introspection_c.h
[0.162s] -- Up-to-date: /home/srik/ros_ubuntu/ros2_ws/install/xrf2_msgs/include/xrf2_msgs/xrf2_msgs/msg/detail/ros2_xeno__type_support.c
[0.162s] -- Up-to-date: /home/srik/ros_ubuntu/ros2_ws/install/xrf2_msgs/include/xrf2_msgs/xrf2_msgs/msg/detail/xeno2_ros__rosidl_typesupport_introspection_c.h
[0.162s] -- Up-to-date: /home/srik/ros_ubuntu/ros2_ws/install/xrf2_msgs/include/xrf2_msgs/xrf2_msgs/msg/detail/xeno2_ros__type_support.c
[0.162s] -- Up-to-date: /home/srik/ros_ubuntu/ros2_ws/install/xrf2_msgs/lib/libxrf2_msgs__rosidl_typesupport_introspection_c.so
[0.162s] -- Up-to-date: /home/srik/ros_ubuntu/ros2_ws/install/xrf2_msgs/lib/libxrf2_msgs__rosidl_typesupport_c.so
[0.162s] -- Up-to-date: /home/srik/ros_ubuntu/ros2_ws/install/xrf2_msgs/include/xrf2_msgs/xrf2_msgs
[0.162s] -- Up-to-date: /home/srik/ros_ubuntu/ros2_ws/install/xrf2_msgs/include/xrf2_msgs/xrf2_msgs/msg
[0.162s] -- Up-to-date: /home/srik/ros_ubuntu/ros2_ws/install/xrf2_msgs/include/xrf2_msgs/xrf2_msgs/msg/rosidl_generator_cpp__visibility_control.hpp
[0.162s] -- Up-to-date: /home/srik/ros_ubuntu/ros2_ws/install/xrf2_msgs/include/xrf2_msgs/xrf2_msgs/msg/ros2_xeno.hpp
[0.162s] -- Up-to-date: /home/srik/ros_ubuntu/ros2_ws/install/xrf2_msgs/include/xrf2_msgs/xrf2_msgs/msg/detail
[0.162s] -- Up-to-date: /home/srik/ros_ubuntu/ros2_ws/install/xrf2_msgs/include/xrf2_msgs/xrf2_msgs/msg/detail/ros2_xeno__builder.hpp
[0.162s] -- Up-to-date: /home/srik/ros_ubuntu/ros2_ws/install/xrf2_msgs/include/xrf2_msgs/xrf2_msgs/msg/detail/ros2_xeno__struct.hpp
[0.162s] -- Up-to-date: /home/srik/ros_ubuntu/ros2_ws/install/xrf2_msgs/include/xrf2_msgs/xrf2_msgs/msg/detail/ros2_xeno__traits.hpp
[0.162s] -- Up-to-date: /home/srik/ros_ubuntu/ros2_ws/install/xrf2_msgs/include/xrf2_msgs/xrf2_msgs/msg/detail/ros2_xeno__type_support.hpp
[0.163s] -- Up-to-date: /home/srik/ros_ubuntu/ros2_ws/install/xrf2_msgs/include/xrf2_msgs/xrf2_msgs/msg/detail/xeno2_ros__builder.hpp
[0.163s] -- Up-to-date: /home/srik/ros_ubuntu/ros2_ws/install/xrf2_msgs/include/xrf2_msgs/xrf2_msgs/msg/detail/xeno2_ros__struct.hpp
[0.163s] -- Up-to-date: /home/srik/ros_ubuntu/ros2_ws/install/xrf2_msgs/include/xrf2_msgs/xrf2_msgs/msg/detail/xeno2_ros__traits.hpp
[0.163s] -- Up-to-date: /home/srik/ros_ubuntu/ros2_ws/install/xrf2_msgs/include/xrf2_msgs/xrf2_msgs/msg/detail/xeno2_ros__type_support.hpp
[0.163s] -- Up-to-date: /home/srik/ros_ubuntu/ros2_ws/install/xrf2_msgs/include/xrf2_msgs/xrf2_msgs/msg/xeno2_ros.hpp
[0.163s] -- Up-to-date: /home/srik/ros_ubuntu/ros2_ws/install/xrf2_msgs/include/xrf2_msgs/xrf2_msgs
[0.163s] -- Up-to-date: /home/srik/ros_ubuntu/ros2_ws/install/xrf2_msgs/include/xrf2_msgs/xrf2_msgs/msg
[0.163s] -- Up-to-date: /home/srik/ros_ubuntu/ros2_ws/install/xrf2_msgs/include/xrf2_msgs/xrf2_msgs/msg/rosidl_typesupport_fastrtps_cpp__visibility_control.h
[0.163s] -- Up-to-date: /home/srik/ros_ubuntu/ros2_ws/install/xrf2_msgs/include/xrf2_msgs/xrf2_msgs/msg/detail
[0.163s] -- Up-to-date: /home/srik/ros_ubuntu/ros2_ws/install/xrf2_msgs/include/xrf2_msgs/xrf2_msgs/msg/detail/ros2_xeno__rosidl_typesupport_fastrtps_cpp.hpp
[0.163s] -- Up-to-date: /home/srik/ros_ubuntu/ros2_ws/install/xrf2_msgs/include/xrf2_msgs/xrf2_msgs/msg/detail/dds_fastrtps
[0.163s] -- Up-to-date: /home/srik/ros_ubuntu/ros2_ws/install/xrf2_msgs/include/xrf2_msgs/xrf2_msgs/msg/detail/xeno2_ros__rosidl_typesupport_fastrtps_cpp.hpp
[0.163s] -- Up-to-date: /home/srik/ros_ubuntu/ros2_ws/install/xrf2_msgs/lib/libxrf2_msgs__rosidl_typesupport_fastrtps_cpp.so
[0.163s] -- Up-to-date: /home/srik/ros_ubuntu/ros2_ws/install/xrf2_msgs/include/xrf2_msgs/xrf2_msgs
[0.163s] -- Up-to-date: /home/srik/ros_ubuntu/ros2_ws/install/xrf2_msgs/include/xrf2_msgs/xrf2_msgs/msg
[0.163s] -- Up-to-date: /home/srik/ros_ubuntu/ros2_ws/install/xrf2_msgs/include/xrf2_msgs/xrf2_msgs/msg/detail
[0.163s] -- Up-to-date: /home/srik/ros_ubuntu/ros2_ws/install/xrf2_msgs/include/xrf2_msgs/xrf2_msgs/msg/detail/ros2_xeno__rosidl_typesupport_introspection_cpp.hpp
[0.163s] -- Up-to-date: /home/srik/ros_ubuntu/ros2_ws/install/xrf2_msgs/include/xrf2_msgs/xrf2_msgs/msg/detail/ros2_xeno__type_support.cpp
[0.163s] -- Up-to-date: /home/srik/ros_ubuntu/ros2_ws/install/xrf2_msgs/include/xrf2_msgs/xrf2_msgs/msg/detail/xeno2_ros__rosidl_typesupport_introspection_cpp.hpp
[0.163s] -- Up-to-date: /home/srik/ros_ubuntu/ros2_ws/install/xrf2_msgs/include/xrf2_msgs/xrf2_msgs/msg/detail/xeno2_ros__type_support.cpp
[0.163s] -- Up-to-date: /home/srik/ros_ubuntu/ros2_ws/install/xrf2_msgs/lib/libxrf2_msgs__rosidl_typesupport_introspection_cpp.so
[0.163s] -- Up-to-date: /home/srik/ros_ubuntu/ros2_ws/install/xrf2_msgs/lib/libxrf2_msgs__rosidl_typesupport_cpp.so
[0.163s] -- Up-to-date: /home/srik/ros_ubuntu/ros2_ws/install/xrf2_msgs/share/xrf2_msgs/environment/pythonpath.sh
[0.163s] -- Up-to-date: /home/srik/ros_ubuntu/ros2_ws/install/xrf2_msgs/share/xrf2_msgs/environment/pythonpath.dsv
[0.163s] -- Up-to-date: /home/srik/ros_ubuntu/ros2_ws/install/xrf2_msgs/local/lib/python3.10/dist-packages/xrf2_msgs-0.0.0-py3.10.egg-info
[0.163s] -- Installing: /home/srik/ros_ubuntu/ros2_ws/install/xrf2_msgs/local/lib/python3.10/dist-packages/xrf2_msgs-0.0.0-py3.10.egg-info/PKG-INFO
[0.163s] -- Installing: /home/srik/ros_ubuntu/ros2_ws/install/xrf2_msgs/local/lib/python3.10/dist-packages/xrf2_msgs-0.0.0-py3.10.egg-info/dependency_links.txt
[0.163s] -- Installing: /home/srik/ros_ubuntu/ros2_ws/install/xrf2_msgs/local/lib/python3.10/dist-packages/xrf2_msgs-0.0.0-py3.10.egg-info/top_level.txt
[0.163s] -- Installing: /home/srik/ros_ubuntu/ros2_ws/install/xrf2_msgs/local/lib/python3.10/dist-packages/xrf2_msgs-0.0.0-py3.10.egg-info/SOURCES.txt
[0.163s] -- Up-to-date: /home/srik/ros_ubuntu/ros2_ws/install/xrf2_msgs/local/lib/python3.10/dist-packages/xrf2_msgs
[0.163s] -- Up-to-date: /home/srik/ros_ubuntu/ros2_ws/install/xrf2_msgs/local/lib/python3.10/dist-packages/xrf2_msgs/__init__.py
[0.163s] -- Up-to-date: /home/srik/ros_ubuntu/ros2_ws/install/xrf2_msgs/local/lib/python3.10/dist-packages/xrf2_msgs/msg
[0.163s] -- Up-to-date: /home/srik/ros_ubuntu/ros2_ws/install/xrf2_msgs/local/lib/python3.10/dist-packages/xrf2_msgs/msg/_ros2_xeno.py
[0.163s] -- Up-to-date: /home/srik/ros_ubuntu/ros2_ws/install/xrf2_msgs/local/lib/python3.10/dist-packages/xrf2_msgs/msg/_ros2_xeno_s.c
[0.163s] -- Up-to-date: /home/srik/ros_ubuntu/ros2_ws/install/xrf2_msgs/local/lib/python3.10/dist-packages/xrf2_msgs/msg/_xeno2_ros.py
[0.163s] -- Up-to-date: /home/srik/ros_ubuntu/ros2_ws/install/xrf2_msgs/local/lib/python3.10/dist-packages/xrf2_msgs/msg/_xeno2_ros_s.c
[0.163s] -- Up-to-date: /home/srik/ros_ubuntu/ros2_ws/install/xrf2_msgs/local/lib/python3.10/dist-packages/xrf2_msgs/msg/__init__.py
[0.163s] -- Up-to-date: /home/srik/ros_ubuntu/ros2_ws/install/xrf2_msgs/local/lib/python3.10/dist-packages/xrf2_msgs/_xrf2_msgs_s.ep.rosidl_typesupport_fastrtps_c.c
[0.163s] -- Up-to-date: /home/srik/ros_ubuntu/ros2_ws/install/xrf2_msgs/local/lib/python3.10/dist-packages/xrf2_msgs/_xrf2_msgs_s.ep.rosidl_typesupport_introspection_c.c
[0.163s] -- Up-to-date: /home/srik/ros_ubuntu/ros2_ws/install/xrf2_msgs/local/lib/python3.10/dist-packages/xrf2_msgs/_xrf2_msgs_s.ep.rosidl_typesupport_c.c
[0.163s] -- Up-to-date: /home/srik/ros_ubuntu/ros2_ws/install/xrf2_msgs/local/lib/python3.10/dist-packages/xrf2_msgs/libxrf2_msgs__rosidl_generator_py.so
[0.163s] -- Up-to-date: /home/srik/ros_ubuntu/ros2_ws/install/xrf2_msgs/local/lib/python3.10/dist-packages/xrf2_msgs/xrf2_msgs_s__rosidl_typesupport_c.cpython-310-x86_64-linux-gnu.so
[0.163s] -- Up-to-date: /home/srik/ros_ubuntu/ros2_ws/install/xrf2_msgs/local/lib/python3.10/dist-packages/xrf2_msgs/xrf2_msgs_s__rosidl_typesupport_introspection_c.cpython-310-x86_64-linux-gnu.so
[0.163s] -- Up-to-date: /home/srik/ros_ubuntu/ros2_ws/install/xrf2_msgs/local/lib/python3.10/dist-packages/xrf2_msgs/xrf2_msgs_s__rosidl_typesupport_fastrtps_c.cpython-310-x86_64-linux-gnu.so
[0.179s] Listing '/home/srik/ros_ubuntu/ros2_ws/install/xrf2_msgs/local/lib/python3.10/dist-packages/xrf2_msgs'...
[0.179s] Listing '/home/srik/ros_ubuntu/ros2_ws/install/xrf2_msgs/local/lib/python3.10/dist-packages/xrf2_msgs/msg'...
[0.181s] -- Up-to-date: /home/srik/ros_ubuntu/ros2_ws/install/xrf2_msgs/local/lib/python3.10/dist-packages/xrf2_msgs/xrf2_msgs_s__rosidl_typesupport_fastrtps_c.cpython-310-x86_64-linux-gnu.so
[0.181s] -- Up-to-date: /home/srik/ros_ubuntu/ros2_ws/install/xrf2_msgs/local/lib/python3.10/dist-packages/xrf2_msgs/xrf2_msgs_s__rosidl_typesupport_introspection_c.cpython-310-x86_64-linux-gnu.so
[0.181s] -- Up-to-date: /home/srik/ros_ubuntu/ros2_ws/install/xrf2_msgs/local/lib/python3.10/dist-packages/xrf2_msgs/xrf2_msgs_s__rosidl_typesupport_c.cpython-310-x86_64-linux-gnu.so
[0.182s] -- Up-to-date: /home/srik/ros_ubuntu/ros2_ws/install/xrf2_msgs/lib/libxrf2_msgs__rosidl_generator_py.so
[0.182s] -- Up-to-date: /home/srik/ros_ubuntu/ros2_ws/install/xrf2_msgs/share/xrf2_msgs/msg/Ros2Xeno.idl
[0.182s] -- Up-to-date: /home/srik/ros_ubuntu/ros2_ws/install/xrf2_msgs/share/xrf2_msgs/msg/Xeno2Ros.idl
[0.182s] -- Up-to-date: /home/srik/ros_ubuntu/ros2_ws/install/xrf2_msgs/share/xrf2_msgs/msg/Ros2Xeno.msg
[0.182s] -- Up-to-date: /home/srik/ros_ubuntu/ros2_ws/install/xrf2_msgs/share/xrf2_msgs/msg/Xeno2Ros.msg
[0.182s] -- Up-to-date: /home/srik/ros_ubuntu/ros2_ws/install/xrf2_msgs/share/ament_index/resource_index/package_run_dependencies/xrf2_msgs
[0.182s] -- Up-to-date: /home/srik/ros_ubuntu/ros2_ws/install/xrf2_msgs/share/ament_index/resource_index/parent_prefix_path/xrf2_msgs
[0.182s] -- Up-to-date: /home/srik/ros_ubuntu/ros2_ws/install/xrf2_msgs/share/xrf2_msgs/environment/ament_prefix_path.sh
[0.182s] -- Up-to-date: /home/srik/ros_ubuntu/ros2_ws/install/xrf2_msgs/share/xrf2_msgs/environment/ament_prefix_path.dsv
[0.182s] -- Up-to-date: /home/srik/ros_ubuntu/ros2_ws/install/xrf2_msgs/share/xrf2_msgs/environment/path.sh
[0.182s] -- Up-to-date: /home/srik/ros_ubuntu/ros2_ws/install/xrf2_msgs/share/xrf2_msgs/environment/path.dsv
[0.182s] -- Up-to-date: /home/srik/ros_ubuntu/ros2_ws/install/xrf2_msgs/share/xrf2_msgs/local_setup.bash
[0.182s] -- Up-to-date: /home/srik/ros_ubuntu/ros2_ws/install/xrf2_msgs/share/xrf2_msgs/local_setup.sh
[0.182s] -- Up-to-date: /home/srik/ros_ubuntu/ros2_ws/install/xrf2_msgs/share/xrf2_msgs/local_setup.zsh
[0.182s] -- Up-to-date: /home/srik/ros_ubuntu/ros2_ws/install/xrf2_msgs/share/xrf2_msgs/local_setup.dsv
[0.182s] -- Installing: /home/srik/ros_ubuntu/ros2_ws/install/xrf2_msgs/share/xrf2_msgs/package.dsv
[0.182s] -- Up-to-date: /home/srik/ros_ubuntu/ros2_ws/install/xrf2_msgs/share/ament_index/resource_index/packages/xrf2_msgs
[0.182s] -- Up-to-date: /home/srik/ros_ubuntu/ros2_ws/install/xrf2_msgs/share/xrf2_msgs/cmake/export_xrf2_msgs__rosidl_generator_cExport.cmake
[0.182s] -- Up-to-date: /home/srik/ros_ubuntu/ros2_ws/install/xrf2_msgs/share/xrf2_msgs/cmake/export_xrf2_msgs__rosidl_generator_cExport-noconfig.cmake
[0.182s] -- Up-to-date: /home/srik/ros_ubuntu/ros2_ws/install/xrf2_msgs/share/xrf2_msgs/cmake/export_xrf2_msgs__rosidl_typesupport_fastrtps_cExport.cmake
[0.182s] -- Up-to-date: /home/srik/ros_ubuntu/ros2_ws/install/xrf2_msgs/share/xrf2_msgs/cmake/export_xrf2_msgs__rosidl_typesupport_fastrtps_cExport-noconfig.cmake
[0.183s] -- Up-to-date: /home/srik/ros_ubuntu/ros2_ws/install/xrf2_msgs/share/xrf2_msgs/cmake/xrf2_msgs__rosidl_typesupport_introspection_cExport.cmake
[0.183s] -- Up-to-date: /home/srik/ros_ubuntu/ros2_ws/install/xrf2_msgs/share/xrf2_msgs/cmake/xrf2_msgs__rosidl_typesupport_introspection_cExport-noconfig.cmake
[0.183s] -- Up-to-date: /home/srik/ros_ubuntu/ros2_ws/install/xrf2_msgs/share/xrf2_msgs/cmake/xrf2_msgs__rosidl_typesupport_cExport.cmake
[0.183s] -- Up-to-date: /home/srik/ros_ubuntu/ros2_ws/install/xrf2_msgs/share/xrf2_msgs/cmake/xrf2_msgs__rosidl_typesupport_cExport-noconfig.cmake
[0.183s] -- Up-to-date: /home/srik/ros_ubuntu/ros2_ws/install/xrf2_msgs/share/xrf2_msgs/cmake/export_xrf2_msgs__rosidl_generator_cppExport.cmake
[0.183s] -- Up-to-date: /home/srik/ros_ubuntu/ros2_ws/install/xrf2_msgs/share/xrf2_msgs/cmake/export_xrf2_msgs__rosidl_typesupport_fastrtps_cppExport.cmake
[0.183s] -- Up-to-date: /home/srik/ros_ubuntu/ros2_ws/install/xrf2_msgs/share/xrf2_msgs/cmake/export_xrf2_msgs__rosidl_typesupport_fastrtps_cppExport-noconfig.cmake
[0.184s] -- Up-to-date: /home/srik/ros_ubuntu/ros2_ws/install/xrf2_msgs/share/xrf2_msgs/cmake/xrf2_msgs__rosidl_typesupport_introspection_cppExport.cmake
[0.184s] -- Up-to-date: /home/srik/ros_ubuntu/ros2_ws/install/xrf2_msgs/share/xrf2_msgs/cmake/xrf2_msgs__rosidl_typesupport_introspection_cppExport-noconfig.cmake
[0.184s] -- Up-to-date: /home/srik/ros_ubuntu/ros2_ws/install/xrf2_msgs/share/xrf2_msgs/cmake/xrf2_msgs__rosidl_typesupport_cppExport.cmake
[0.184s] -- Up-to-date: /home/srik/ros_ubuntu/ros2_ws/install/xrf2_msgs/share/xrf2_msgs/cmake/xrf2_msgs__rosidl_typesupport_cppExport-noconfig.cmake
[0.184s] -- Up-to-date: /home/srik/ros_ubuntu/ros2_ws/install/xrf2_msgs/share/xrf2_msgs/cmake/export_xrf2_msgs__rosidl_generator_pyExport.cmake
[0.184s] -- Up-to-date: /home/srik/ros_ubuntu/ros2_ws/install/xrf2_msgs/share/xrf2_msgs/cmake/export_xrf2_msgs__rosidl_generator_pyExport-noconfig.cmake
[0.184s] -- Up-to-date: /home/srik/ros_ubuntu/ros2_ws/install/xrf2_msgs/share/xrf2_msgs/cmake/rosidl_cmake-extras.cmake
[0.184s] -- Up-to-date: /home/srik/ros_ubuntu/ros2_ws/install/xrf2_msgs/share/xrf2_msgs/cmake/ament_cmake_export_include_directories-extras.cmake
[0.184s] -- Up-to-date: /home/srik/ros_ubuntu/ros2_ws/install/xrf2_msgs/share/xrf2_msgs/cmake/ament_cmake_export_libraries-extras.cmake
[0.184s] -- Up-to-date: /home/srik/ros_ubuntu/ros2_ws/install/xrf2_msgs/share/xrf2_msgs/cmake/ament_cmake_export_targets-extras.cmake
[0.184s] -- Up-to-date: /home/srik/ros_ubuntu/ros2_ws/install/xrf2_msgs/share/xrf2_msgs/cmake/rosidl_cmake_export_typesupport_targets-extras.cmake
[0.184s] -- Up-to-date: /home/srik/ros_ubuntu/ros2_ws/install/xrf2_msgs/share/xrf2_msgs/cmake/ament_cmake_export_dependencies-extras.cmake
[0.184s] -- Up-to-date: /home/srik/ros_ubuntu/ros2_ws/install/xrf2_msgs/share/xrf2_msgs/cmake/rosidl_cmake_export_typesupport_libraries-extras.cmake
[0.184s] -- Up-to-date: /home/srik/ros_ubuntu/ros2_ws/install/xrf2_msgs/share/xrf2_msgs/cmake/xrf2_msgsConfig.cmake
[0.184s] -- Up-to-date: /home/srik/ros_ubuntu/ros2_ws/install/xrf2_msgs/share/xrf2_msgs/cmake/xrf2_msgsConfig-version.cmake
[0.184s] -- Up-to-date: /home/srik/ros_ubuntu/ros2_ws/install/xrf2_msgs/share/xrf2_msgs/package.xml
[0.186s] Invoked command in '/home/srik/ros_ubuntu/ros2_ws/build/xrf2_msgs' returned '0': CMAKE_PREFIX_PATH=${CMAKE_PREFIX_PATH}:/opt/ros/humble DEBUGINFOD_URLS=https://debuginfod.archlinux.org https://debuginfod.cachyos.org /usr/bin/cmake --install /home/srik/ros_ubuntu/ros2_ws/build/xrf2_msgs
