[0.018s] Invoking command in '/home/srik/ros_ubuntu/ros2_ws/build/relbot_sequence_controller': CMAKE_PREFIX_PATH=${CMAKE_PREFIX_PATH}:/opt/ros/humble DEBUGINFOD_URLS=https://debuginfod.archlinux.org https://debuginfod.cachyos.org /usr/bin/cmake --build /home/srik/ros_ubuntu/ros2_ws/build/relbot_sequence_controller -- -j32 -l32
[0.042s] [35m[1mConsolidate compiler generated dependencies of target relbot_sequence_controller[0m
[0.054s] [ 50%] [32mBuilding CXX object CMakeFiles/relbot_sequence_controller.dir/src/relbot_sequence_controller.cpp.o[0m
[3.126s] [100%] [32m[1mLinking CXX executable relbot_sequence_controller[0m
[3.294s] [100%] Built target relbot_sequence_controller
[3.301s] Invoked command in '/home/srik/ros_ubuntu/ros2_ws/build/relbot_sequence_controller' returned '0': CMAKE_PREFIX_PATH=${CMAKE_PREFIX_PATH}:/opt/ros/humble DEBUGINFOD_URLS=https://debuginfod.archlinux.org https://debuginfod.cachyos.org /usr/bin/cmake --build /home/srik/ros_ubuntu/ros2_ws/build/relbot_sequence_controller -- -j32 -l32
[3.303s] Invoking command in '/home/srik/ros_ubuntu/ros2_ws/build/relbot_sequence_controller': CMAKE_PREFIX_PATH=${CMAKE_PREFIX_PATH}:/opt/ros/humble DEBUGINFOD_URLS=https://debuginfod.archlinux.org https://debuginfod.cachyos.org /usr/bin/cmake --install /home/srik/ros_ubuntu/ros2_ws/build/relbot_sequence_controller
[3.307s] -- Install configuration: ""
[3.309s] -- Installing: /home/srik/ros_ubuntu/ros2_ws/install/relbot_sequence_controller/lib/relbot_sequence_controller/relbot_sequence_controller
[3.313s] -- Set runtime path of "/home/srik/ros_ubuntu/ros2_ws/install/relbot_sequence_controller/lib/relbot_sequence_controller/relbot_sequence_controller" to ""
[3.313s] -- Up-to-date: /home/srik/ros_ubuntu/ros2_ws/install/relbot_sequence_controller/share/ament_index/resource_index/package_run_dependencies/relbot_sequence_controller
[3.313s] -- Up-to-date: /home/srik/ros_ubuntu/ros2_ws/install/relbot_sequence_controller/share/ament_index/resource_index/parent_prefix_path/relbot_sequence_controller
[3.313s] -- Up-to-date: /home/srik/ros_ubuntu/ros2_ws/install/relbot_sequence_controller/share/relbot_sequence_controller/environment/ament_prefix_path.sh
[3.313s] -- Up-to-date: /home/srik/ros_ubuntu/ros2_ws/install/relbot_sequence_controller/share/relbot_sequence_controller/environment/ament_prefix_path.dsv
[3.313s] -- Up-to-date: /home/srik/ros_ubuntu/ros2_ws/install/relbot_sequence_controller/share/relbot_sequence_controller/environment/path.sh
[3.313s] -- Up-to-date: /home/srik/ros_ubuntu/ros2_ws/install/relbot_sequence_controller/share/relbot_sequence_controller/environment/path.dsv
[3.314s] -- Up-to-date: /home/srik/ros_ubuntu/ros2_ws/install/relbot_sequence_controller/share/relbot_sequence_controller/local_setup.bash
[3.314s] -- Up-to-date: /home/srik/ros_ubuntu/ros2_ws/install/relbot_sequence_controller/share/relbot_sequence_controller/local_setup.sh
[3.314s] -- Up-to-date: /home/srik/ros_ubuntu/ros2_ws/install/relbot_sequence_controller/share/relbot_sequence_controller/local_setup.zsh
[3.314s] -- Up-to-date: /home/srik/ros_ubuntu/ros2_ws/install/relbot_sequence_controller/share/relbot_sequence_controller/local_setup.dsv
[3.314s] -- Installing: /home/srik/ros_ubuntu/ros2_ws/install/relbot_sequence_controller/share/relbot_sequence_controller/package.dsv
[3.314s] -- Up-to-date: /home/srik/ros_ubuntu/ros2_ws/install/relbot_sequence_controller/share/ament_index/resource_index/packages/relbot_sequence_controller
[3.314s] -- Up-to-date: /home/srik/ros_ubuntu/ros2_ws/install/relbot_sequence_controller/share/relbot_sequence_controller/cmake/relbot_sequence_controllerConfig.cmake
[3.314s] -- Up-to-date: /home/srik/ros_ubuntu/ros2_ws/install/relbot_sequence_controller/share/relbot_sequence_controller/cmake/relbot_sequence_controllerConfig-version.cmake
[3.314s] -- Up-to-date: /home/srik/ros_ubuntu/ros2_ws/install/relbot_sequence_controller/share/relbot_sequence_controller/package.xml
[3.315s] Invoked command in '/home/srik/ros_ubuntu/ros2_ws/build/relbot_sequence_controller' returned '0': CMAKE_PREFIX_PATH=${CMAKE_PREFIX_PATH}:/opt/ros/humble DEBUGINFOD_URLS=https://debuginfod.archlinux.org https://debuginfod.cachyos.org /usr/bin/cmake --install /home/srik/ros_ubuntu/ros2_ws/build/relbot_sequence_controller
