[35m[1mConsolidate compiler generated dependencies of target relbot_sequence_controller[0m
[ 50%] [32mBuilding CXX object CMakeFiles/relbot_sequence_controller.dir/src/relbot_sequence_controller.cpp.o[0m
[01m[K/home/raghav742/SDfR/Assignments/assignment5/ros2_ws/src/relbot_sequence_controller/relbot_sequence_controller/src/relbot_sequence_controller.cpp:[m[K In constructor ‘[01m[KSteerRelbot::SteerRelbot()[m[K’:
[01m[K/home/raghav742/SDfR/Assignments/assignment5/ros2_ws/src/relbot_sequence_controller/relbot_sequence_controller/src/relbot_sequence_controller.cpp:15:5:[m[K [01;31m[Kerror: [m[K‘[01m[Kstart_time_[m[K’ was not declared in this scope
   15 |     [01;31m[Kstart_time_[m[K = this->get_clock()->now();
      |     [01;31m[K^~~~~~~~~~~[m[K
[01m[K/home/raghav742/SDfR/Assignments/assignment5/ros2_ws/src/relbot_sequence_controller/relbot_sequence_controller/src/relbot_sequence_controller.cpp:[m[K In member function ‘[01m[Kvoid SteerRelbot::calculate_velocity()[m[K’:
[01m[K/home/raghav742/SDfR/Assignments/assignment5/ros2_ws/src/relbot_sequence_controller/relbot_sequence_controller/src/relbot_sequence_controller.cpp:28:44:[m[K [01;31m[Kerror: [m[K‘[01m[Kstart_time_[m[K’ was not declared in this scope
   28 |     double t = (this->get_clock()->now() - [01;31m[Kstart_time_[m[K).seconds();
      |                                            [01;31m[K^~~~~~~~~~~[m[K
[01m[K/home/raghav742/SDfR/Assignments/assignment5/ros2_ws/src/relbot_sequence_controller/relbot_sequence_controller/src/relbot_sequence_controller.cpp:29:12:[m[K [01;31m[Kerror: [m[K‘[01m[Kcurrent_path[m[K’ was not declared in this scope; did you mean ‘[01m[Krcpputils::fs::current_path[m[K’?
   29 |     switch([01;31m[Kcurrent_path[m[K) {
      |            [01;31m[K^~~~~~~~~~~~[m[K
      |            [32m[Krcpputils::fs::current_path[m[K
In file included from [01m[K/opt/ros/humble/include/rclcpp/rclcpp/logger.hpp:25[m[K,
                 from [01m[K/opt/ros/humble/include/rclcpp/rclcpp/logging.hpp:23[m[K,
                 from [01m[K/opt/ros/humble/include/rclcpp/rclcpp/client.hpp:40[m[K,
                 from [01m[K/opt/ros/humble/include/rclcpp/rclcpp/callback_group.hpp:24[m[K,
                 from [01m[K/opt/ros/humble/include/rclcpp/rclcpp/any_executable.hpp:20[m[K,
                 from [01m[K/opt/ros/humble/include/rclcpp/rclcpp/memory_strategy.hpp:25[m[K,
                 from [01m[K/opt/ros/humble/include/rclcpp/rclcpp/memory_strategies.hpp:18[m[K,
                 from [01m[K/opt/ros/humble/include/rclcpp/rclcpp/executor_options.hpp:20[m[K,
                 from [01m[K/opt/ros/humble/include/rclcpp/rclcpp/executor.hpp:37[m[K,
                 from [01m[K/opt/ros/humble/include/rclcpp/rclcpp/executors/multi_threaded_executor.hpp:25[m[K,
                 from [01m[K/opt/ros/humble/include/rclcpp/rclcpp/executors.hpp:21[m[K,
                 from [01m[K/opt/ros/humble/include/rclcpp/rclcpp/rclcpp.hpp:155[m[K,
                 from [01m[K/home/raghav742/SDfR/Assignments/assignment5/ros2_ws/src/relbot_sequence_controller/relbot_sequence_controller/include/steering.hpp:7[m[K,
                 from [01m[K/home/raghav742/SDfR/Assignments/assignment5/ros2_ws/src/relbot_sequence_controller/relbot_sequence_controller/src/relbot_sequence_controller.cpp:1[m[K:
[01m[K/opt/ros/humble/include/rcpputils/rcpputils/filesystem_helper.hpp:299:23:[m[K [01;36m[Knote: [m[K‘[01m[Krcpputils::fs::current_path[m[K’ declared here
  299 | RCPPUTILS_PUBLIC path [01;36m[Kcurrent_path[m[K();
      |                       [01;36m[K^~~~~~~~~~~~[m[K
[01m[K/home/raghav742/SDfR/Assignments/assignment5/ros2_ws/src/relbot_sequence_controller/relbot_sequence_controller/src/relbot_sequence_controller.cpp:30:18:[m[K [01;31m[Kerror: [m[K‘[01m[KSTRAIGHT[m[K’ was not declared in this scope
   30 |             case [01;31m[KSTRAIGHT[m[K:
      |                  [01;31m[K^~~~~~~~[m[K
[01m[K/home/raghav742/SDfR/Assignments/assignment5/ros2_ws/src/relbot_sequence_controller/relbot_sequence_controller/src/relbot_sequence_controller.cpp:35:18:[m[K [01;31m[Kerror: [m[K‘[01m[KCIRCLE[m[K’ was not declared in this scope
   35 |             case [01;31m[KCIRCLE[m[K:
      |                  [01;31m[K^~~~~~[m[K
[01m[K/home/raghav742/SDfR/Assignments/assignment5/ros2_ws/src/relbot_sequence_controller/relbot_sequence_controller/src/relbot_sequence_controller.cpp:40:18:[m[K [01;31m[Kerror: [m[K‘[01m[KSTRAIGHT_TURN[m[K’ was not declared in this scope
   40 |             case [01;31m[KSTRAIGHT_TURN[m[K:
      |                  [01;31m[K^~~~~~~~~~~~~[m[K
[01m[K/home/raghav742/SDfR/Assignments/assignment5/ros2_ws/src/relbot_sequence_controller/relbot_sequence_controller/src/relbot_sequence_controller.cpp:50:18:[m[K [01;31m[Kerror: [m[K‘[01m[KSQUARE[m[K’ was not declared in this scope
   50 |             case [01;31m[KSQUARE[m[K: {
      |                  [01;31m[K^~~~~~[m[K
gmake[2]: *** [CMakeFiles/relbot_sequence_controller.dir/build.make:76: CMakeFiles/relbot_sequence_controller.dir/src/relbot_sequence_controller.cpp.o] Error 1
gmake[1]: *** [CMakeFiles/Makefile2:137: CMakeFiles/relbot_sequence_controller.dir/all] Error 2
gmake: *** [Makefile:146: all] Error 2
