[0.028s] Invoking command in '/home/sdfr-ppd-16/SfDR-code/assignment6/ros2_ws/build/xrf2_msgs': CMAKE_PREFIX_PATH=/opt/ros/humble /usr/bin/cmake /home/sdfr-ppd-16/SfDR-code/assignment6/ros2_ws/src/XRF2/XenoRosFramework/Common/XRF2_msgs -DCMAKE_INSTALL_PREFIX=/home/sdfr-ppd-16/SfDR-code/assignment6/ros2_ws/install/xrf2_msgs
[3.698s] -- The C compiler identification is GNU 11.4.0
[4.790s] -- The CXX compiler identification is GNU 11.4.0
[4.847s] -- Detecting C compiler ABI info
[5.175s] -- Detecting C compiler ABI info - done
[5.239s] -- Check for working C compiler: /usr/bin/cc - skipped
[5.241s] -- Detecting C compile features
[5.244s] -- Detecting C compile features - done
[5.266s] -- Detecting CXX compiler ABI info
[5.604s] -- Detecting CXX compiler ABI info - done
[5.669s] -- Check for working CXX compiler: /usr/bin/c++ - skipped
[5.670s] -- Detecting CXX compile features
[5.672s] -- Detecting CXX compile features - done
[5.697s] -- Found ament_cmake: 1.3.11 (/opt/ros/humble/share/ament_cmake/cmake)
[6.311s] -- Found Python3: /usr/bin/python3 (found version "3.10.12") found components: Interpreter 
[6.731s] -- Found rosidl_default_generators: 1.2.0 (/opt/ros/humble/share/rosidl_default_generators/cmake)
[6.751s] -- Using all available rosidl_typesupport_c: rosidl_typesupport_fastrtps_c;rosidl_typesupport_introspection_c
[6.786s] -- Found rosidl_adapter: 3.1.6 (/opt/ros/humble/share/rosidl_adapter/cmake)
[6.960s] -- Using all available rosidl_typesupport_cpp: rosidl_typesupport_fastrtps_cpp;rosidl_typesupport_introspection_cpp
[8.059s] -- Found ament_cmake_ros: 0.10.0 (/opt/ros/humble/share/ament_cmake_ros/cmake)
[8.874s] -- Using all available rosidl_typesupport_c: rosidl_typesupport_fastrtps_c;rosidl_typesupport_introspection_c
[10.085s] -- Using all available rosidl_typesupport_cpp: rosidl_typesupport_fastrtps_cpp;rosidl_typesupport_introspection_cpp
[10.182s] -- Found PythonInterp: /usr/bin/python3 (found suitable version "3.10.12", minimum required is "3.6") 
[10.191s] -- Found python_cmake_module: 0.10.0 (/opt/ros/humble/share/python_cmake_module/cmake)
[10.316s] -- Found PythonLibs: /usr/lib/aarch64-linux-gnu/libpython3.10.so (found suitable version "3.10.12", minimum required is "3.5") 
[10.319s] -- Using PYTHON_EXECUTABLE: /usr/bin/python3
[10.320s] -- Using PYTHON_INCLUDE_DIRS: /usr/include/python3.10
[10.322s] -- Using PYTHON_LIBRARIES: /usr/lib/aarch64-linux-gnu/libpython3.10.so
[10.402s] -- Found PythonExtra: .so  
[10.586s] -- Found ament_lint_auto: 0.12.11 (/opt/ros/humble/share/ament_lint_auto/cmake)
[10.691s] -- Added test 'lint_cmake' to check CMake code style
[10.695s] -- Added test 'xmllint' to check XML markup files
[10.713s] -- Configuring done
[10.872s] -- Generating done
[10.927s] -- Build files have been written to: /home/sdfr-ppd-16/SfDR-code/assignment6/ros2_ws/build/xrf2_msgs
[10.953s] Invoked command in '/home/sdfr-ppd-16/SfDR-code/assignment6/ros2_ws/build/xrf2_msgs' returned '0': CMAKE_PREFIX_PATH=/opt/ros/humble /usr/bin/cmake /home/sdfr-ppd-16/SfDR-code/assignment6/ros2_ws/src/XRF2/XenoRosFramework/Common/XRF2_msgs -DCMAKE_INSTALL_PREFIX=/home/sdfr-ppd-16/SfDR-code/assignment6/ros2_ws/install/xrf2_msgs
[10.957s] Invoking command in '/home/sdfr-ppd-16/SfDR-code/assignment6/ros2_ws/build/xrf2_msgs': CMAKE_PREFIX_PATH=/opt/ros/humble /usr/bin/cmake --build /home/sdfr-ppd-16/SfDR-code/assignment6/ros2_ws/build/xrf2_msgs -- -j3 -l3
[11.067s] [  2%] [34m[1mGenerating C code for ROS interfaces[0m
[11.099s] [  5%] [34m[1mGenerating C++ code for ROS interfaces[0m
[11.124s] [  5%] Built target ament_cmake_python_copy_xrf2_msgs
[12.255s] running egg_info
[12.258s] creating xrf2_msgs.egg-info
[12.259s] writing xrf2_msgs.egg-info/PKG-INFO
[12.260s] writing dependency_links to xrf2_msgs.egg-info/dependency_links.txt
[12.262s] writing top-level names to xrf2_msgs.egg-info/top_level.txt
[12.263s] writing manifest file 'xrf2_msgs.egg-info/SOURCES.txt'
[12.273s] reading manifest file 'xrf2_msgs.egg-info/SOURCES.txt'
[12.276s] writing manifest file 'xrf2_msgs.egg-info/SOURCES.txt'
[12.481s] [  5%] Built target ament_cmake_python_build_xrf2_msgs_egg
[12.688s] [ 10%] [32mBuilding C object CMakeFiles/xrf2_msgs__rosidl_generator_c.dir/rosidl_generator_c/xrf2_msgs/msg/detail/xeno2_ros__functions.c.o[0m
[12.692s] [ 10%] [32mBuilding C object CMakeFiles/xrf2_msgs__rosidl_generator_c.dir/rosidl_generator_c/xrf2_msgs/msg/detail/ros2_xeno__functions.c.o[0m
[12.697s] [ 10%] Built target xrf2_msgs__cpp
[12.727s] [ 12%] [34m[1mGenerating C++ type support dispatch for ROS interfaces[0m
[12.965s] [ 15%] [32m[1mLinking C shared library libxrf2_msgs__rosidl_generator_c.so[0m
[12.968s] [ 17%] [34m[1mGenerating C++ type support for eProsima Fast-RTPS[0m
[13.121s] [ 17%] Built target xrf2_msgs__rosidl_generator_c
[13.150s] [ 20%] [34m[1mGenerating C++ introspection for ROS interfaces[0m
[13.857s] [ 23%] [32mBuilding CXX object CMakeFiles/xrf2_msgs__rosidl_typesupport_cpp.dir/rosidl_typesupport_cpp/xrf2_msgs/msg/ros2_xeno__type_support.cpp.o[0m
[14.323s] [ 25%] [32mBuilding CXX object CMakeFiles/xrf2_msgs__rosidl_typesupport_fastrtps_cpp.dir/rosidl_typesupport_fastrtps_cpp/xrf2_msgs/msg/detail/dds_fastrtps/ros2_xeno__type_support.cpp.o[0m
[14.425s] [ 28%] [32mBuilding CXX object CMakeFiles/xrf2_msgs__rosidl_typesupport_introspection_cpp.dir/rosidl_typesupport_introspection_cpp/xrf2_msgs/msg/detail/ros2_xeno__type_support.cpp.o[0m
[15.352s] [ 30%] [32mBuilding CXX object CMakeFiles/xrf2_msgs__rosidl_typesupport_cpp.dir/rosidl_typesupport_cpp/xrf2_msgs/msg/xeno2_ros__type_support.cpp.o[0m
[16.247s] [ 33%] [32mBuilding CXX object CMakeFiles/xrf2_msgs__rosidl_typesupport_introspection_cpp.dir/rosidl_typesupport_introspection_cpp/xrf2_msgs/msg/detail/xeno2_ros__type_support.cpp.o[0m
[16.301s] [ 35%] [32mBuilding CXX object CMakeFiles/xrf2_msgs__rosidl_typesupport_fastrtps_cpp.dir/rosidl_typesupport_fastrtps_cpp/xrf2_msgs/msg/detail/dds_fastrtps/xeno2_ros__type_support.cpp.o[0m
[16.630s] [ 38%] [32m[1mLinking CXX shared library libxrf2_msgs__rosidl_typesupport_cpp.so[0m
[16.775s] [ 38%] Built target xrf2_msgs__rosidl_typesupport_cpp
[16.808s] [ 41%] [34m[1mGenerating C type support for eProsima Fast-RTPS[0m
[18.100s] [ 43%] [32m[1mLinking CXX shared library libxrf2_msgs__rosidl_typesupport_introspection_cpp.so[0m
[18.270s] [ 43%] Built target xrf2_msgs__rosidl_typesupport_introspection_cpp
[18.272s] [ 46%] [32mBuilding CXX object CMakeFiles/xrf2_msgs__rosidl_typesupport_fastrtps_c.dir/rosidl_typesupport_fastrtps_c/xrf2_msgs/msg/detail/ros2_xeno__type_support_c.cpp.o[0m
[18.276s] [ 48%] [32m[1mLinking CXX shared library libxrf2_msgs__rosidl_typesupport_fastrtps_cpp.so[0m
[18.301s] [ 51%] [34m[1mGenerating C introspection for ROS interfaces[0m
[18.623s] [ 51%] Built target xrf2_msgs__rosidl_typesupport_fastrtps_cpp
[18.657s] [ 53%] [34m[1mGenerating C type support dispatch for ROS interfaces[0m
[19.683s] [ 56%] [32mBuilding C object CMakeFiles/xrf2_msgs__rosidl_typesupport_introspection_c.dir/rosidl_typesupport_introspection_c/xrf2_msgs/msg/detail/ros2_xeno__type_support.c.o[0m
[19.823s] [ 58%] [32mBuilding C object CMakeFiles/xrf2_msgs__rosidl_typesupport_introspection_c.dir/rosidl_typesupport_introspection_c/xrf2_msgs/msg/detail/xeno2_ros__type_support.c.o[0m
[19.839s] [ 61%] [32mBuilding CXX object CMakeFiles/xrf2_msgs__rosidl_typesupport_c.dir/rosidl_typesupport_c/xrf2_msgs/msg/ros2_xeno__type_support.cpp.o[0m
[19.947s] [ 64%] [32m[1mLinking C shared library libxrf2_msgs__rosidl_typesupport_introspection_c.so[0m
[19.958s] [ 66%] [32mBuilding CXX object CMakeFiles/xrf2_msgs__rosidl_typesupport_c.dir/rosidl_typesupport_c/xrf2_msgs/msg/xeno2_ros__type_support.cpp.o[0m
[20.000s] [ 69%] [32mBuilding CXX object CMakeFiles/xrf2_msgs__rosidl_typesupport_fastrtps_c.dir/rosidl_typesupport_fastrtps_c/xrf2_msgs/msg/detail/xeno2_ros__type_support_c.cpp.o[0m
[20.061s] [ 69%] Built target xrf2_msgs__rosidl_typesupport_introspection_c
[20.064s] [ 71%] [32m[1mLinking CXX shared library libxrf2_msgs__rosidl_typesupport_c.so[0m
[20.184s] [ 71%] Built target xrf2_msgs__rosidl_typesupport_c
[21.146s] [ 74%] [32m[1mLinking CXX shared library libxrf2_msgs__rosidl_typesupport_fastrtps_c.so[0m
[21.418s] [ 74%] Built target xrf2_msgs__rosidl_typesupport_fastrtps_c
[21.476s] [ 74%] Built target xrf2_msgs
[21.529s] [ 76%] [34m[1mGenerating Python code for ROS interfaces[0m
[22.992s] [ 76%] Built target xrf2_msgs__py
[23.050s] [ 82%] [32mBuilding C object CMakeFiles/xrf2_msgs__rosidl_generator_py.dir/rosidl_generator_py/xrf2_msgs/msg/_xeno2_ros_s.c.o[0m
[23.052s] [ 82%] [32mBuilding C object CMakeFiles/xrf2_msgs__rosidl_generator_py.dir/rosidl_generator_py/xrf2_msgs/msg/_ros2_xeno_s.c.o[0m
[23.500s] [ 84%] [32m[1mLinking C shared library rosidl_generator_py/xrf2_msgs/libxrf2_msgs__rosidl_generator_py.so[0m
[23.646s] [ 84%] Built target xrf2_msgs__rosidl_generator_py
[23.707s] [ 89%] [32mBuilding C object CMakeFiles/xrf2_msgs__rosidl_typesupport_c__pyext.dir/rosidl_generator_py/xrf2_msgs/_xrf2_msgs_s.ep.rosidl_typesupport_c.c.o[0m
[23.709s] [ 89%] [32mBuilding C object CMakeFiles/xrf2_msgs__rosidl_typesupport_fastrtps_c__pyext.dir/rosidl_generator_py/xrf2_msgs/_xrf2_msgs_s.ep.rosidl_typesupport_fastrtps_c.c.o[0m
[23.712s] [ 92%] [32mBuilding C object CMakeFiles/xrf2_msgs__rosidl_typesupport_introspection_c__pyext.dir/rosidl_generator_py/xrf2_msgs/_xrf2_msgs_s.ep.rosidl_typesupport_introspection_c.c.o[0m
[24.146s] [ 94%] [32m[1mLinking C shared library rosidl_generator_py/xrf2_msgs/xrf2_msgs_s__rosidl_typesupport_fastrtps_c.cpython-310-aarch64-linux-gnu.so[0m
[24.151s] [ 97%] [32m[1mLinking C shared library rosidl_generator_py/xrf2_msgs/xrf2_msgs_s__rosidl_typesupport_c.cpython-310-aarch64-linux-gnu.so[0m
[24.205s] [100%] [32m[1mLinking C shared library rosidl_generator_py/xrf2_msgs/xrf2_msgs_s__rosidl_typesupport_introspection_c.cpython-310-aarch64-linux-gnu.so[0m
[24.299s] [100%] Built target xrf2_msgs__rosidl_typesupport_c__pyext
[24.301s] [100%] Built target xrf2_msgs__rosidl_typesupport_fastrtps_c__pyext
[24.347s] [100%] Built target xrf2_msgs__rosidl_typesupport_introspection_c__pyext
[24.380s] Invoked command in '/home/sdfr-ppd-16/SfDR-code/assignment6/ros2_ws/build/xrf2_msgs' returned '0': CMAKE_PREFIX_PATH=/opt/ros/humble /usr/bin/cmake --build /home/sdfr-ppd-16/SfDR-code/assignment6/ros2_ws/build/xrf2_msgs -- -j3 -l3
[24.409s] Invoking command in '/home/sdfr-ppd-16/SfDR-code/assignment6/ros2_ws/build/xrf2_msgs': CMAKE_PREFIX_PATH=/opt/ros/humble /usr/bin/cmake --install /home/sdfr-ppd-16/SfDR-code/assignment6/ros2_ws/build/xrf2_msgs
[24.434s] -- Install configuration: ""
[24.436s] -- Installing: /home/sdfr-ppd-16/SfDR-code/assignment6/ros2_ws/install/xrf2_msgs/share/ament_index/resource_index/rosidl_interfaces/xrf2_msgs
[24.437s] -- Installing: /home/sdfr-ppd-16/SfDR-code/assignment6/ros2_ws/install/xrf2_msgs/include/xrf2_msgs/xrf2_msgs
[24.438s] -- Installing: /home/sdfr-ppd-16/SfDR-code/assignment6/ros2_ws/install/xrf2_msgs/include/xrf2_msgs/xrf2_msgs/msg
[24.440s] -- Installing: /home/sdfr-ppd-16/SfDR-code/assignment6/ros2_ws/install/xrf2_msgs/include/xrf2_msgs/xrf2_msgs/msg/rosidl_generator_c__visibility_control.h
[24.441s] -- Installing: /home/sdfr-ppd-16/SfDR-code/assignment6/ros2_ws/install/xrf2_msgs/include/xrf2_msgs/xrf2_msgs/msg/xeno2_ros.h
[24.442s] -- Installing: /home/sdfr-ppd-16/SfDR-code/assignment6/ros2_ws/install/xrf2_msgs/include/xrf2_msgs/xrf2_msgs/msg/detail
[24.443s] -- Installing: /home/sdfr-ppd-16/SfDR-code/assignment6/ros2_ws/install/xrf2_msgs/include/xrf2_msgs/xrf2_msgs/msg/detail/ros2_xeno__functions.h
[24.445s] -- Installing: /home/sdfr-ppd-16/SfDR-code/assignment6/ros2_ws/install/xrf2_msgs/include/xrf2_msgs/xrf2_msgs/msg/detail/xeno2_ros__type_support.h
[24.446s] -- Installing: /home/sdfr-ppd-16/SfDR-code/assignment6/ros2_ws/install/xrf2_msgs/include/xrf2_msgs/xrf2_msgs/msg/detail/ros2_xeno__functions.c
[24.447s] -- Installing: /home/sdfr-ppd-16/SfDR-code/assignment6/ros2_ws/install/xrf2_msgs/include/xrf2_msgs/xrf2_msgs/msg/detail/ros2_xeno__type_support.h
[24.448s] -- Installing: /home/sdfr-ppd-16/SfDR-code/assignment6/ros2_ws/install/xrf2_msgs/include/xrf2_msgs/xrf2_msgs/msg/detail/xeno2_ros__functions.h
[24.449s] -- Installing: /home/sdfr-ppd-16/SfDR-code/assignment6/ros2_ws/install/xrf2_msgs/include/xrf2_msgs/xrf2_msgs/msg/detail/xeno2_ros__struct.h
[24.451s] -- Installing: /home/sdfr-ppd-16/SfDR-code/assignment6/ros2_ws/install/xrf2_msgs/include/xrf2_msgs/xrf2_msgs/msg/detail/xeno2_ros__functions.c
[24.452s] -- Installing: /home/sdfr-ppd-16/SfDR-code/assignment6/ros2_ws/install/xrf2_msgs/include/xrf2_msgs/xrf2_msgs/msg/detail/ros2_xeno__struct.h
[24.453s] -- Installing: /home/sdfr-ppd-16/SfDR-code/assignment6/ros2_ws/install/xrf2_msgs/include/xrf2_msgs/xrf2_msgs/msg/ros2_xeno.h
[24.454s] -- Installing: /home/sdfr-ppd-16/SfDR-code/assignment6/ros2_ws/install/xrf2_msgs/share/xrf2_msgs/environment/library_path.sh
[24.455s] -- Installing: /home/sdfr-ppd-16/SfDR-code/assignment6/ros2_ws/install/xrf2_msgs/share/xrf2_msgs/environment/library_path.dsv
[24.456s] -- Installing: /home/sdfr-ppd-16/SfDR-code/assignment6/ros2_ws/install/xrf2_msgs/lib/libxrf2_msgs__rosidl_generator_c.so
[24.457s] -- Set runtime path of "/home/sdfr-ppd-16/SfDR-code/assignment6/ros2_ws/install/xrf2_msgs/lib/libxrf2_msgs__rosidl_generator_c.so" to ""
[24.458s] -- Up-to-date: /home/sdfr-ppd-16/SfDR-code/assignment6/ros2_ws/install/xrf2_msgs/include/xrf2_msgs/xrf2_msgs
[24.459s] -- Up-to-date: /home/sdfr-ppd-16/SfDR-code/assignment6/ros2_ws/install/xrf2_msgs/include/xrf2_msgs/xrf2_msgs/msg
[24.460s] -- Up-to-date: /home/sdfr-ppd-16/SfDR-code/assignment6/ros2_ws/install/xrf2_msgs/include/xrf2_msgs/xrf2_msgs/msg/detail
[24.461s] -- Installing: /home/sdfr-ppd-16/SfDR-code/assignment6/ros2_ws/install/xrf2_msgs/include/xrf2_msgs/xrf2_msgs/msg/detail/xeno2_ros__rosidl_typesupport_fastrtps_c.h
[24.463s] -- Installing: /home/sdfr-ppd-16/SfDR-code/assignment6/ros2_ws/install/xrf2_msgs/include/xrf2_msgs/xrf2_msgs/msg/detail/ros2_xeno__rosidl_typesupport_fastrtps_c.h
[24.464s] -- Installing: /home/sdfr-ppd-16/SfDR-code/assignment6/ros2_ws/install/xrf2_msgs/include/xrf2_msgs/xrf2_msgs/msg/rosidl_typesupport_fastrtps_c__visibility_control.h
[24.465s] -- Installing: /home/sdfr-ppd-16/SfDR-code/assignment6/ros2_ws/install/xrf2_msgs/lib/libxrf2_msgs__rosidl_typesupport_fastrtps_c.so
[24.466s] -- Set runtime path of "/home/sdfr-ppd-16/SfDR-code/assignment6/ros2_ws/install/xrf2_msgs/lib/libxrf2_msgs__rosidl_typesupport_fastrtps_c.so" to ""
[24.467s] -- Up-to-date: /home/sdfr-ppd-16/SfDR-code/assignment6/ros2_ws/install/xrf2_msgs/include/xrf2_msgs/xrf2_msgs
[24.468s] -- Up-to-date: /home/sdfr-ppd-16/SfDR-code/assignment6/ros2_ws/install/xrf2_msgs/include/xrf2_msgs/xrf2_msgs/msg
[24.469s] -- Installing: /home/sdfr-ppd-16/SfDR-code/assignment6/ros2_ws/install/xrf2_msgs/include/xrf2_msgs/xrf2_msgs/msg/rosidl_typesupport_introspection_c__visibility_control.h
[24.470s] -- Up-to-date: /home/sdfr-ppd-16/SfDR-code/assignment6/ros2_ws/install/xrf2_msgs/include/xrf2_msgs/xrf2_msgs/msg/detail
[24.471s] -- Installing: /home/sdfr-ppd-16/SfDR-code/assignment6/ros2_ws/install/xrf2_msgs/include/xrf2_msgs/xrf2_msgs/msg/detail/xeno2_ros__type_support.c
[24.472s] -- Installing: /home/sdfr-ppd-16/SfDR-code/assignment6/ros2_ws/install/xrf2_msgs/include/xrf2_msgs/xrf2_msgs/msg/detail/ros2_xeno__type_support.c
[24.473s] -- Installing: /home/sdfr-ppd-16/SfDR-code/assignment6/ros2_ws/install/xrf2_msgs/include/xrf2_msgs/xrf2_msgs/msg/detail/xeno2_ros__rosidl_typesupport_introspection_c.h
[24.474s] -- Installing: /home/sdfr-ppd-16/SfDR-code/assignment6/ros2_ws/install/xrf2_msgs/include/xrf2_msgs/xrf2_msgs/msg/detail/ros2_xeno__rosidl_typesupport_introspection_c.h
[24.475s] -- Installing: /home/sdfr-ppd-16/SfDR-code/assignment6/ros2_ws/install/xrf2_msgs/lib/libxrf2_msgs__rosidl_typesupport_introspection_c.so
[24.476s] -- Set runtime path of "/home/sdfr-ppd-16/SfDR-code/assignment6/ros2_ws/install/xrf2_msgs/lib/libxrf2_msgs__rosidl_typesupport_introspection_c.so" to ""
[24.477s] -- Installing: /home/sdfr-ppd-16/SfDR-code/assignment6/ros2_ws/install/xrf2_msgs/lib/libxrf2_msgs__rosidl_typesupport_c.so
[24.478s] -- Set runtime path of "/home/sdfr-ppd-16/SfDR-code/assignment6/ros2_ws/install/xrf2_msgs/lib/libxrf2_msgs__rosidl_typesupport_c.so" to ""
[24.480s] -- Up-to-date: /home/sdfr-ppd-16/SfDR-code/assignment6/ros2_ws/install/xrf2_msgs/include/xrf2_msgs/xrf2_msgs
[24.481s] -- Up-to-date: /home/sdfr-ppd-16/SfDR-code/assignment6/ros2_ws/install/xrf2_msgs/include/xrf2_msgs/xrf2_msgs/msg
[24.482s] -- Installing: /home/sdfr-ppd-16/SfDR-code/assignment6/ros2_ws/install/xrf2_msgs/include/xrf2_msgs/xrf2_msgs/msg/xeno2_ros.hpp
[24.483s] -- Up-to-date: /home/sdfr-ppd-16/SfDR-code/assignment6/ros2_ws/install/xrf2_msgs/include/xrf2_msgs/xrf2_msgs/msg/detail
[24.484s] -- Installing: /home/sdfr-ppd-16/SfDR-code/assignment6/ros2_ws/install/xrf2_msgs/include/xrf2_msgs/xrf2_msgs/msg/detail/xeno2_ros__traits.hpp
[24.485s] -- Installing: /home/sdfr-ppd-16/SfDR-code/assignment6/ros2_ws/install/xrf2_msgs/include/xrf2_msgs/xrf2_msgs/msg/detail/xeno2_ros__struct.hpp
[24.486s] -- Installing: /home/sdfr-ppd-16/SfDR-code/assignment6/ros2_ws/install/xrf2_msgs/include/xrf2_msgs/xrf2_msgs/msg/detail/xeno2_ros__type_support.hpp
[24.487s] -- Installing: /home/sdfr-ppd-16/SfDR-code/assignment6/ros2_ws/install/xrf2_msgs/include/xrf2_msgs/xrf2_msgs/msg/detail/ros2_xeno__struct.hpp
[24.488s] -- Installing: /home/sdfr-ppd-16/SfDR-code/assignment6/ros2_ws/install/xrf2_msgs/include/xrf2_msgs/xrf2_msgs/msg/detail/xeno2_ros__builder.hpp
[24.489s] -- Installing: /home/sdfr-ppd-16/SfDR-code/assignment6/ros2_ws/install/xrf2_msgs/include/xrf2_msgs/xrf2_msgs/msg/detail/ros2_xeno__type_support.hpp
[24.490s] -- Installing: /home/sdfr-ppd-16/SfDR-code/assignment6/ros2_ws/install/xrf2_msgs/include/xrf2_msgs/xrf2_msgs/msg/detail/ros2_xeno__builder.hpp
[24.491s] -- Installing: /home/sdfr-ppd-16/SfDR-code/assignment6/ros2_ws/install/xrf2_msgs/include/xrf2_msgs/xrf2_msgs/msg/detail/ros2_xeno__traits.hpp
[24.492s] -- Installing: /home/sdfr-ppd-16/SfDR-code/assignment6/ros2_ws/install/xrf2_msgs/include/xrf2_msgs/xrf2_msgs/msg/rosidl_generator_cpp__visibility_control.hpp
[24.493s] -- Installing: /home/sdfr-ppd-16/SfDR-code/assignment6/ros2_ws/install/xrf2_msgs/include/xrf2_msgs/xrf2_msgs/msg/ros2_xeno.hpp
[24.494s] -- Up-to-date: /home/sdfr-ppd-16/SfDR-code/assignment6/ros2_ws/install/xrf2_msgs/include/xrf2_msgs/xrf2_msgs
[24.495s] -- Up-to-date: /home/sdfr-ppd-16/SfDR-code/assignment6/ros2_ws/install/xrf2_msgs/include/xrf2_msgs/xrf2_msgs/msg
[24.496s] -- Up-to-date: /home/sdfr-ppd-16/SfDR-code/assignment6/ros2_ws/install/xrf2_msgs/include/xrf2_msgs/xrf2_msgs/msg/detail
[24.497s] -- Installing: /home/sdfr-ppd-16/SfDR-code/assignment6/ros2_ws/install/xrf2_msgs/include/xrf2_msgs/xrf2_msgs/msg/detail/dds_fastrtps
[24.498s] -- Installing: /home/sdfr-ppd-16/SfDR-code/assignment6/ros2_ws/install/xrf2_msgs/include/xrf2_msgs/xrf2_msgs/msg/detail/ros2_xeno__rosidl_typesupport_fastrtps_cpp.hpp
[24.499s] -- Installing: /home/sdfr-ppd-16/SfDR-code/assignment6/ros2_ws/install/xrf2_msgs/include/xrf2_msgs/xrf2_msgs/msg/detail/xeno2_ros__rosidl_typesupport_fastrtps_cpp.hpp
[24.500s] -- Installing: /home/sdfr-ppd-16/SfDR-code/assignment6/ros2_ws/install/xrf2_msgs/include/xrf2_msgs/xrf2_msgs/msg/rosidl_typesupport_fastrtps_cpp__visibility_control.h
[24.501s] -- Installing: /home/sdfr-ppd-16/SfDR-code/assignment6/ros2_ws/install/xrf2_msgs/lib/libxrf2_msgs__rosidl_typesupport_fastrtps_cpp.so
[24.503s] -- Set runtime path of "/home/sdfr-ppd-16/SfDR-code/assignment6/ros2_ws/install/xrf2_msgs/lib/libxrf2_msgs__rosidl_typesupport_fastrtps_cpp.so" to ""
[24.504s] -- Up-to-date: /home/sdfr-ppd-16/SfDR-code/assignment6/ros2_ws/install/xrf2_msgs/include/xrf2_msgs/xrf2_msgs
[24.505s] -- Up-to-date: /home/sdfr-ppd-16/SfDR-code/assignment6/ros2_ws/install/xrf2_msgs/include/xrf2_msgs/xrf2_msgs/msg
[24.506s] -- Up-to-date: /home/sdfr-ppd-16/SfDR-code/assignment6/ros2_ws/install/xrf2_msgs/include/xrf2_msgs/xrf2_msgs/msg/detail
[24.507s] -- Installing: /home/sdfr-ppd-16/SfDR-code/assignment6/ros2_ws/install/xrf2_msgs/include/xrf2_msgs/xrf2_msgs/msg/detail/ros2_xeno__rosidl_typesupport_introspection_cpp.hpp
[24.508s] -- Installing: /home/sdfr-ppd-16/SfDR-code/assignment6/ros2_ws/install/xrf2_msgs/include/xrf2_msgs/xrf2_msgs/msg/detail/xeno2_ros__rosidl_typesupport_introspection_cpp.hpp
[24.509s] -- Installing: /home/sdfr-ppd-16/SfDR-code/assignment6/ros2_ws/install/xrf2_msgs/include/xrf2_msgs/xrf2_msgs/msg/detail/ros2_xeno__type_support.cpp
[24.510s] -- Installing: /home/sdfr-ppd-16/SfDR-code/assignment6/ros2_ws/install/xrf2_msgs/include/xrf2_msgs/xrf2_msgs/msg/detail/xeno2_ros__type_support.cpp
[24.511s] -- Installing: /home/sdfr-ppd-16/SfDR-code/assignment6/ros2_ws/install/xrf2_msgs/lib/libxrf2_msgs__rosidl_typesupport_introspection_cpp.so
[24.512s] -- Set runtime path of "/home/sdfr-ppd-16/SfDR-code/assignment6/ros2_ws/install/xrf2_msgs/lib/libxrf2_msgs__rosidl_typesupport_introspection_cpp.so" to ""
[24.514s] -- Installing: /home/sdfr-ppd-16/SfDR-code/assignment6/ros2_ws/install/xrf2_msgs/lib/libxrf2_msgs__rosidl_typesupport_cpp.so
[24.515s] -- Set runtime path of "/home/sdfr-ppd-16/SfDR-code/assignment6/ros2_ws/install/xrf2_msgs/lib/libxrf2_msgs__rosidl_typesupport_cpp.so" to ""
[24.516s] -- Installing: /home/sdfr-ppd-16/SfDR-code/assignment6/ros2_ws/install/xrf2_msgs/share/xrf2_msgs/environment/pythonpath.sh
[24.517s] -- Installing: /home/sdfr-ppd-16/SfDR-code/assignment6/ros2_ws/install/xrf2_msgs/share/xrf2_msgs/environment/pythonpath.dsv
[24.518s] -- Installing: /home/sdfr-ppd-16/SfDR-code/assignment6/ros2_ws/install/xrf2_msgs/local/lib/python3.10/dist-packages/xrf2_msgs-0.0.0-py3.10.egg-info
[24.519s] -- Installing: /home/sdfr-ppd-16/SfDR-code/assignment6/ros2_ws/install/xrf2_msgs/local/lib/python3.10/dist-packages/xrf2_msgs-0.0.0-py3.10.egg-info/dependency_links.txt
[24.520s] -- Installing: /home/sdfr-ppd-16/SfDR-code/assignment6/ros2_ws/install/xrf2_msgs/local/lib/python3.10/dist-packages/xrf2_msgs-0.0.0-py3.10.egg-info/PKG-INFO
[24.521s] -- Installing: /home/sdfr-ppd-16/SfDR-code/assignment6/ros2_ws/install/xrf2_msgs/local/lib/python3.10/dist-packages/xrf2_msgs-0.0.0-py3.10.egg-info/SOURCES.txt
[24.522s] -- Installing: /home/sdfr-ppd-16/SfDR-code/assignment6/ros2_ws/install/xrf2_msgs/local/lib/python3.10/dist-packages/xrf2_msgs-0.0.0-py3.10.egg-info/top_level.txt
[24.524s] -- Installing: /home/sdfr-ppd-16/SfDR-code/assignment6/ros2_ws/install/xrf2_msgs/local/lib/python3.10/dist-packages/xrf2_msgs
[24.525s] -- Installing: /home/sdfr-ppd-16/SfDR-code/assignment6/ros2_ws/install/xrf2_msgs/local/lib/python3.10/dist-packages/xrf2_msgs/_xrf2_msgs_s.ep.rosidl_typesupport_introspection_c.c
[24.526s] -- Installing: /home/sdfr-ppd-16/SfDR-code/assignment6/ros2_ws/install/xrf2_msgs/local/lib/python3.10/dist-packages/xrf2_msgs/xrf2_msgs_s__rosidl_typesupport_fastrtps_c.cpython-310-aarch64-linux-gnu.so
[24.527s] -- Installing: /home/sdfr-ppd-16/SfDR-code/assignment6/ros2_ws/install/xrf2_msgs/local/lib/python3.10/dist-packages/xrf2_msgs/_xrf2_msgs_s.ep.rosidl_typesupport_c.c
[24.528s] -- Installing: /home/sdfr-ppd-16/SfDR-code/assignment6/ros2_ws/install/xrf2_msgs/local/lib/python3.10/dist-packages/xrf2_msgs/xrf2_msgs_s__rosidl_typesupport_introspection_c.cpython-310-aarch64-linux-gnu.so
[24.529s] -- Installing: /home/sdfr-ppd-16/SfDR-code/assignment6/ros2_ws/install/xrf2_msgs/local/lib/python3.10/dist-packages/xrf2_msgs/msg
[24.531s] -- Installing: /home/sdfr-ppd-16/SfDR-code/assignment6/ros2_ws/install/xrf2_msgs/local/lib/python3.10/dist-packages/xrf2_msgs/msg/_ros2_xeno_s.c
[24.532s] -- Installing: /home/sdfr-ppd-16/SfDR-code/assignment6/ros2_ws/install/xrf2_msgs/local/lib/python3.10/dist-packages/xrf2_msgs/msg/_xeno2_ros.py
[24.533s] -- Installing: /home/sdfr-ppd-16/SfDR-code/assignment6/ros2_ws/install/xrf2_msgs/local/lib/python3.10/dist-packages/xrf2_msgs/msg/_xeno2_ros_s.c
[24.534s] -- Installing: /home/sdfr-ppd-16/SfDR-code/assignment6/ros2_ws/install/xrf2_msgs/local/lib/python3.10/dist-packages/xrf2_msgs/msg/__init__.py
[24.535s] -- Installing: /home/sdfr-ppd-16/SfDR-code/assignment6/ros2_ws/install/xrf2_msgs/local/lib/python3.10/dist-packages/xrf2_msgs/msg/_ros2_xeno.py
[24.536s] -- Installing: /home/sdfr-ppd-16/SfDR-code/assignment6/ros2_ws/install/xrf2_msgs/local/lib/python3.10/dist-packages/xrf2_msgs/xrf2_msgs_s__rosidl_typesupport_c.cpython-310-aarch64-linux-gnu.so
[24.537s] -- Installing: /home/sdfr-ppd-16/SfDR-code/assignment6/ros2_ws/install/xrf2_msgs/local/lib/python3.10/dist-packages/xrf2_msgs/__init__.py
[24.539s] -- Installing: /home/sdfr-ppd-16/SfDR-code/assignment6/ros2_ws/install/xrf2_msgs/local/lib/python3.10/dist-packages/xrf2_msgs/libxrf2_msgs__rosidl_generator_py.so
[24.540s] -- Installing: /home/sdfr-ppd-16/SfDR-code/assignment6/ros2_ws/install/xrf2_msgs/local/lib/python3.10/dist-packages/xrf2_msgs/_xrf2_msgs_s.ep.rosidl_typesupport_fastrtps_c.c
[24.641s] Listing '/home/sdfr-ppd-16/SfDR-code/assignment6/ros2_ws/install/xrf2_msgs/local/lib/python3.10/dist-packages/xrf2_msgs'...
[24.644s] Compiling '/home/sdfr-ppd-16/SfDR-code/assignment6/ros2_ws/install/xrf2_msgs/local/lib/python3.10/dist-packages/xrf2_msgs/__init__.py'...
[24.646s] Listing '/home/sdfr-ppd-16/SfDR-code/assignment6/ros2_ws/install/xrf2_msgs/local/lib/python3.10/dist-packages/xrf2_msgs/msg'...
[24.648s] Compiling '/home/sdfr-ppd-16/SfDR-code/assignment6/ros2_ws/install/xrf2_msgs/local/lib/python3.10/dist-packages/xrf2_msgs/msg/__init__.py'...
[24.650s] Compiling '/home/sdfr-ppd-16/SfDR-code/assignment6/ros2_ws/install/xrf2_msgs/local/lib/python3.10/dist-packages/xrf2_msgs/msg/_ros2_xeno.py'...
[24.652s] Compiling '/home/sdfr-ppd-16/SfDR-code/assignment6/ros2_ws/install/xrf2_msgs/local/lib/python3.10/dist-packages/xrf2_msgs/msg/_xeno2_ros.py'...
[24.667s] -- Installing: /home/sdfr-ppd-16/SfDR-code/assignment6/ros2_ws/install/xrf2_msgs/local/lib/python3.10/dist-packages/xrf2_msgs/xrf2_msgs_s__rosidl_typesupport_fastrtps_c.cpython-310-aarch64-linux-gnu.so
[24.669s] -- Set runtime path of "/home/sdfr-ppd-16/SfDR-code/assignment6/ros2_ws/install/xrf2_msgs/local/lib/python3.10/dist-packages/xrf2_msgs/xrf2_msgs_s__rosidl_typesupport_fastrtps_c.cpython-310-aarch64-linux-gnu.so" to ""
[24.671s] -- Installing: /home/sdfr-ppd-16/SfDR-code/assignment6/ros2_ws/install/xrf2_msgs/local/lib/python3.10/dist-packages/xrf2_msgs/xrf2_msgs_s__rosidl_typesupport_introspection_c.cpython-310-aarch64-linux-gnu.so
[24.673s] -- Set runtime path of "/home/sdfr-ppd-16/SfDR-code/assignment6/ros2_ws/install/xrf2_msgs/local/lib/python3.10/dist-packages/xrf2_msgs/xrf2_msgs_s__rosidl_typesupport_introspection_c.cpython-310-aarch64-linux-gnu.so" to ""
[24.674s] -- Installing: /home/sdfr-ppd-16/SfDR-code/assignment6/ros2_ws/install/xrf2_msgs/local/lib/python3.10/dist-packages/xrf2_msgs/xrf2_msgs_s__rosidl_typesupport_c.cpython-310-aarch64-linux-gnu.so
[24.676s] -- Set runtime path of "/home/sdfr-ppd-16/SfDR-code/assignment6/ros2_ws/install/xrf2_msgs/local/lib/python3.10/dist-packages/xrf2_msgs/xrf2_msgs_s__rosidl_typesupport_c.cpython-310-aarch64-linux-gnu.so" to ""
[24.677s] -- Installing: /home/sdfr-ppd-16/SfDR-code/assignment6/ros2_ws/install/xrf2_msgs/lib/libxrf2_msgs__rosidl_generator_py.so
[24.680s] -- Set runtime path of "/home/sdfr-ppd-16/SfDR-code/assignment6/ros2_ws/install/xrf2_msgs/lib/libxrf2_msgs__rosidl_generator_py.so" to ""
[24.682s] -- Installing: /home/sdfr-ppd-16/SfDR-code/assignment6/ros2_ws/install/xrf2_msgs/share/xrf2_msgs/msg/Ros2Xeno.idl
[24.683s] -- Installing: /home/sdfr-ppd-16/SfDR-code/assignment6/ros2_ws/install/xrf2_msgs/share/xrf2_msgs/msg/Xeno2Ros.idl
[24.685s] -- Installing: /home/sdfr-ppd-16/SfDR-code/assignment6/ros2_ws/install/xrf2_msgs/share/xrf2_msgs/msg/Ros2Xeno.msg
[24.687s] -- Installing: /home/sdfr-ppd-16/SfDR-code/assignment6/ros2_ws/install/xrf2_msgs/share/xrf2_msgs/msg/Xeno2Ros.msg
[24.688s] -- Installing: /home/sdfr-ppd-16/SfDR-code/assignment6/ros2_ws/install/xrf2_msgs/share/ament_index/resource_index/package_run_dependencies/xrf2_msgs
[24.690s] -- Installing: /home/sdfr-ppd-16/SfDR-code/assignment6/ros2_ws/install/xrf2_msgs/share/ament_index/resource_index/parent_prefix_path/xrf2_msgs
[24.691s] -- Installing: /home/sdfr-ppd-16/SfDR-code/assignment6/ros2_ws/install/xrf2_msgs/share/xrf2_msgs/environment/ament_prefix_path.sh
[24.693s] -- Installing: /home/sdfr-ppd-16/SfDR-code/assignment6/ros2_ws/install/xrf2_msgs/share/xrf2_msgs/environment/ament_prefix_path.dsv
[24.694s] -- Installing: /home/sdfr-ppd-16/SfDR-code/assignment6/ros2_ws/install/xrf2_msgs/share/xrf2_msgs/environment/path.sh
[24.696s] -- Installing: /home/sdfr-ppd-16/SfDR-code/assignment6/ros2_ws/install/xrf2_msgs/share/xrf2_msgs/environment/path.dsv
[24.697s] -- Installing: /home/sdfr-ppd-16/SfDR-code/assignment6/ros2_ws/install/xrf2_msgs/share/xrf2_msgs/local_setup.bash
[24.699s] -- Installing: /home/sdfr-ppd-16/SfDR-code/assignment6/ros2_ws/install/xrf2_msgs/share/xrf2_msgs/local_setup.sh
[24.700s] -- Installing: /home/sdfr-ppd-16/SfDR-code/assignment6/ros2_ws/install/xrf2_msgs/share/xrf2_msgs/local_setup.zsh
[24.702s] -- Installing: /home/sdfr-ppd-16/SfDR-code/assignment6/ros2_ws/install/xrf2_msgs/share/xrf2_msgs/local_setup.dsv
[24.703s] -- Installing: /home/sdfr-ppd-16/SfDR-code/assignment6/ros2_ws/install/xrf2_msgs/share/xrf2_msgs/package.dsv
[24.705s] -- Installing: /home/sdfr-ppd-16/SfDR-code/assignment6/ros2_ws/install/xrf2_msgs/share/ament_index/resource_index/packages/xrf2_msgs
[24.706s] -- Installing: /home/sdfr-ppd-16/SfDR-code/assignment6/ros2_ws/install/xrf2_msgs/share/xrf2_msgs/cmake/export_xrf2_msgs__rosidl_generator_cExport.cmake
[24.708s] -- Installing: /home/sdfr-ppd-16/SfDR-code/assignment6/ros2_ws/install/xrf2_msgs/share/xrf2_msgs/cmake/export_xrf2_msgs__rosidl_generator_cExport-noconfig.cmake
[24.709s] -- Installing: /home/sdfr-ppd-16/SfDR-code/assignment6/ros2_ws/install/xrf2_msgs/share/xrf2_msgs/cmake/export_xrf2_msgs__rosidl_typesupport_fastrtps_cExport.cmake
[24.711s] -- Installing: /home/sdfr-ppd-16/SfDR-code/assignment6/ros2_ws/install/xrf2_msgs/share/xrf2_msgs/cmake/export_xrf2_msgs__rosidl_typesupport_fastrtps_cExport-noconfig.cmake
[24.712s] -- Installing: /home/sdfr-ppd-16/SfDR-code/assignment6/ros2_ws/install/xrf2_msgs/share/xrf2_msgs/cmake/xrf2_msgs__rosidl_typesupport_introspection_cExport.cmake
[24.713s] -- Installing: /home/sdfr-ppd-16/SfDR-code/assignment6/ros2_ws/install/xrf2_msgs/share/xrf2_msgs/cmake/xrf2_msgs__rosidl_typesupport_introspection_cExport-noconfig.cmake
[24.716s] -- Installing: /home/sdfr-ppd-16/SfDR-code/assignment6/ros2_ws/install/xrf2_msgs/share/xrf2_msgs/cmake/xrf2_msgs__rosidl_typesupport_cExport.cmake
[24.718s] -- Installing: /home/sdfr-ppd-16/SfDR-code/assignment6/ros2_ws/install/xrf2_msgs/share/xrf2_msgs/cmake/xrf2_msgs__rosidl_typesupport_cExport-noconfig.cmake
[24.719s] -- Installing: /home/sdfr-ppd-16/SfDR-code/assignment6/ros2_ws/install/xrf2_msgs/share/xrf2_msgs/cmake/export_xrf2_msgs__rosidl_generator_cppExport.cmake
[24.720s] -- Installing: /home/sdfr-ppd-16/SfDR-code/assignment6/ros2_ws/install/xrf2_msgs/share/xrf2_msgs/cmake/export_xrf2_msgs__rosidl_typesupport_fastrtps_cppExport.cmake
[24.722s] -- Installing: /home/sdfr-ppd-16/SfDR-code/assignment6/ros2_ws/install/xrf2_msgs/share/xrf2_msgs/cmake/export_xrf2_msgs__rosidl_typesupport_fastrtps_cppExport-noconfig.cmake
[24.723s] -- Installing: /home/sdfr-ppd-16/SfDR-code/assignment6/ros2_ws/install/xrf2_msgs/share/xrf2_msgs/cmake/xrf2_msgs__rosidl_typesupport_introspection_cppExport.cmake
[24.724s] -- Installing: /home/sdfr-ppd-16/SfDR-code/assignment6/ros2_ws/install/xrf2_msgs/share/xrf2_msgs/cmake/xrf2_msgs__rosidl_typesupport_introspection_cppExport-noconfig.cmake
[24.726s] -- Installing: /home/sdfr-ppd-16/SfDR-code/assignment6/ros2_ws/install/xrf2_msgs/share/xrf2_msgs/cmake/xrf2_msgs__rosidl_typesupport_cppExport.cmake
[24.727s] -- Installing: /home/sdfr-ppd-16/SfDR-code/assignment6/ros2_ws/install/xrf2_msgs/share/xrf2_msgs/cmake/xrf2_msgs__rosidl_typesupport_cppExport-noconfig.cmake
[24.729s] -- Installing: /home/sdfr-ppd-16/SfDR-code/assignment6/ros2_ws/install/xrf2_msgs/share/xrf2_msgs/cmake/export_xrf2_msgs__rosidl_generator_pyExport.cmake
[24.730s] -- Installing: /home/sdfr-ppd-16/SfDR-code/assignment6/ros2_ws/install/xrf2_msgs/share/xrf2_msgs/cmake/export_xrf2_msgs__rosidl_generator_pyExport-noconfig.cmake
[24.732s] -- Installing: /home/sdfr-ppd-16/SfDR-code/assignment6/ros2_ws/install/xrf2_msgs/share/xrf2_msgs/cmake/rosidl_cmake-extras.cmake
[24.733s] -- Installing: /home/sdfr-ppd-16/SfDR-code/assignment6/ros2_ws/install/xrf2_msgs/share/xrf2_msgs/cmake/ament_cmake_export_include_directories-extras.cmake
[24.735s] -- Installing: /home/sdfr-ppd-16/SfDR-code/assignment6/ros2_ws/install/xrf2_msgs/share/xrf2_msgs/cmake/ament_cmake_export_libraries-extras.cmake
[24.736s] -- Installing: /home/sdfr-ppd-16/SfDR-code/assignment6/ros2_ws/install/xrf2_msgs/share/xrf2_msgs/cmake/ament_cmake_export_targets-extras.cmake
[24.737s] -- Installing: /home/sdfr-ppd-16/SfDR-code/assignment6/ros2_ws/install/xrf2_msgs/share/xrf2_msgs/cmake/rosidl_cmake_export_typesupport_targets-extras.cmake
[24.738s] -- Installing: /home/sdfr-ppd-16/SfDR-code/assignment6/ros2_ws/install/xrf2_msgs/share/xrf2_msgs/cmake/ament_cmake_export_dependencies-extras.cmake
[24.740s] -- Installing: /home/sdfr-ppd-16/SfDR-code/assignment6/ros2_ws/install/xrf2_msgs/share/xrf2_msgs/cmake/rosidl_cmake_export_typesupport_libraries-extras.cmake
[24.741s] -- Installing: /home/sdfr-ppd-16/SfDR-code/assignment6/ros2_ws/install/xrf2_msgs/share/xrf2_msgs/cmake/xrf2_msgsConfig.cmake
[24.742s] -- Installing: /home/sdfr-ppd-16/SfDR-code/assignment6/ros2_ws/install/xrf2_msgs/share/xrf2_msgs/cmake/xrf2_msgsConfig-version.cmake
[24.744s] -- Installing: /home/sdfr-ppd-16/SfDR-code/assignment6/ros2_ws/install/xrf2_msgs/share/xrf2_msgs/package.xml
[24.748s] Invoked command in '/home/sdfr-ppd-16/SfDR-code/assignment6/ros2_ws/build/xrf2_msgs' returned '0': CMAKE_PREFIX_PATH=/opt/ros/humble /usr/bin/cmake --install /home/sdfr-ppd-16/SfDR-code/assignment6/ros2_ws/build/xrf2_msgs
