[0.004s] Invoking command in '/home/sdfr-ppd-16/ros2_ws/build/relbot_adapter': CMAKE_PREFIX_PATH=${CMAKE_PREFIX_PATH}:/opt/ros/humble /usr/bin/cmake --build /home/sdfr-ppd-16/ros2_ws/build/relbot_adapter -- -j3 -l3
[0.005s] -- Found ament_cmake: 1.3.11 (/opt/ros/humble/share/ament_cmake/cmake)
[0.618s] -- Found rclcpp: 16.0.11 (/opt/ros/humble/share/rclcpp/cmake)
[0.706s] -- Found rosidl_generator_c: 3.1.6 (/opt/ros/humble/share/rosidl_generator_c/cmake)
[0.717s] -- Found rosidl_adapter: 3.1.6 (/opt/ros/humble/share/rosidl_adapter/cmake)
[0.736s] -- Found rosidl_generator_cpp: 3.1.6 (/opt/ros/humble/share/rosidl_generator_cpp/cmake)
[0.770s] -- Using all available rosidl_typesupport_c: rosidl_typesupport_fastrtps_c;rosidl_typesupport_introspection_c
[0.813s] -- Using all available rosidl_typesupport_cpp: rosidl_typesupport_fastrtps_cpp;rosidl_typesupport_introspection_cpp
[0.927s] -- Found rmw_implementation_cmake: 6.1.2 (/opt/ros/humble/share/rmw_implementation_cmake/cmake)
[0.933s] -- Found rmw_fastrtps_cpp: 6.2.7 (/opt/ros/humble/share/rmw_fastrtps_cpp/cmake)
[1.223s] -- Using RMW implementation 'rmw_fastrtps_cpp' as default
[1.422s] -- Found example_interfaces: 0.9.3 (/opt/ros/humble/share/example_interfaces/cmake)
[1.608s] -- Found geometry_msgs: 4.2.4 (/opt/ros/humble/share/geometry_msgs/cmake)
[1.669s] -- Found relbot_msgs: 2025.2.0 (/home/sdfr-ppd-16/ros2_ws/install/relbot_msgs/share/relbot_msgs/cmake)
[1.779s] -- xrf2_msgs found, enabling related features
[1.791s] -- Found ament_lint_auto: 0.12.11 (/opt/ros/humble/share/ament_lint_auto/cmake)
[2.183s] -- Added test 'cppcheck' to perform static code analysis on C / C++ code
[2.186s] -- Configured cppcheck include dirs: /home/sdfr-ppd-16/ros2_ws/src/relbot_adapter/include;$<BUILD_INTERFACE:/home/sdfr-ppd-16/ros2_ws/src/relbot_adapter/include>
[2.189s] -- Configured cppcheck exclude dirs and/or files: 
[2.194s] -- Added test 'lint_cmake' to check CMake code style
[2.201s] -- Added test 'uncrustify' to check C / C++ code style
[2.203s] -- Configured uncrustify additional arguments: 
[2.207s] -- Added test 'xmllint' to check XML markup files
[2.213s] -- Configuring done
[2.275s] -- Generating done
[2.309s] -- Build files have been written to: /home/sdfr-ppd-16/ros2_ws/build/relbot_adapter
[2.403s] [35m[1mConsolidate compiler generated dependencies of target relbot_adapter[0m
[2.810s] [ 50%] [32mBuilding CXX object CMakeFiles/relbot_adapter.dir/src/relbot_adapter.cpp.o[0m
[76.275s] [100%] [32m[1mLinking CXX executable relbot_adapter[0m
[81.683s] [100%] Built target relbot_adapter
[81.743s] Invoked command in '/home/sdfr-ppd-16/ros2_ws/build/relbot_adapter' returned '0': CMAKE_PREFIX_PATH=${CMAKE_PREFIX_PATH}:/opt/ros/humble /usr/bin/cmake --build /home/sdfr-ppd-16/ros2_ws/build/relbot_adapter -- -j3 -l3
[81.745s] Invoking command in '/home/sdfr-ppd-16/ros2_ws/build/relbot_adapter': CMAKE_PREFIX_PATH=${CMAKE_PREFIX_PATH}:/opt/ros/humble /usr/bin/cmake --install /home/sdfr-ppd-16/ros2_ws/build/relbot_adapter
[81.771s] -- Install configuration: ""
[81.772s] -- Installing: /home/sdfr-ppd-16/ros2_ws/install/relbot_adapter/lib/relbot_adapter/relbot_adapter
[82.021s] -- Set runtime path of "/home/sdfr-ppd-16/ros2_ws/install/relbot_adapter/lib/relbot_adapter/relbot_adapter" to ""
[82.023s] -- Installing: /home/sdfr-ppd-16/ros2_ws/install/relbot_adapter/share/ament_index/resource_index/package_run_dependencies/relbot_adapter
[82.024s] -- Installing: /home/sdfr-ppd-16/ros2_ws/install/relbot_adapter/share/ament_index/resource_index/parent_prefix_path/relbot_adapter
[82.025s] -- Installing: /home/sdfr-ppd-16/ros2_ws/install/relbot_adapter/share/relbot_adapter/environment/ament_prefix_path.sh
[82.026s] -- Installing: /home/sdfr-ppd-16/ros2_ws/install/relbot_adapter/share/relbot_adapter/environment/ament_prefix_path.dsv
[82.034s] -- Installing: /home/sdfr-ppd-16/ros2_ws/install/relbot_adapter/share/relbot_adapter/environment/path.sh
[82.035s] -- Installing: /home/sdfr-ppd-16/ros2_ws/install/relbot_adapter/share/relbot_adapter/environment/path.dsv
[82.037s] -- Installing: /home/sdfr-ppd-16/ros2_ws/install/relbot_adapter/share/relbot_adapter/local_setup.bash
[82.038s] -- Installing: /home/sdfr-ppd-16/ros2_ws/install/relbot_adapter/share/relbot_adapter/local_setup.sh
[82.039s] -- Installing: /home/sdfr-ppd-16/ros2_ws/install/relbot_adapter/share/relbot_adapter/local_setup.zsh
[82.040s] -- Installing: /home/sdfr-ppd-16/ros2_ws/install/relbot_adapter/share/relbot_adapter/local_setup.dsv
[82.041s] -- Installing: /home/sdfr-ppd-16/ros2_ws/install/relbot_adapter/share/relbot_adapter/package.dsv
[82.042s] -- Installing: /home/sdfr-ppd-16/ros2_ws/install/relbot_adapter/share/ament_index/resource_index/packages/relbot_adapter
[82.044s] -- Installing: /home/sdfr-ppd-16/ros2_ws/install/relbot_adapter/share/relbot_adapter/cmake/relbot_adapterConfig.cmake
[82.058s] -- Installing: /home/sdfr-ppd-16/ros2_ws/install/relbot_adapter/share/relbot_adapter/cmake/relbot_adapterConfig-version.cmake
[82.060s] -- Installing: /home/sdfr-ppd-16/ros2_ws/install/relbot_adapter/share/relbot_adapter/package.xml
[82.061s] Invoked command in '/home/sdfr-ppd-16/ros2_ws/build/relbot_adapter' returned '0': CMAKE_PREFIX_PATH=${CMAKE_PREFIX_PATH}:/opt/ros/humble /usr/bin/cmake --install /home/sdfr-ppd-16/ros2_ws/build/relbot_adapter
