[0.022s] Invoking command in '/home/sdfr-ppd-16/ros2_ws/build/relbot2turtlesim': CMAKE_PREFIX_PATH=${CMAKE_PREFIX_PATH}:/opt/ros/humble /usr/bin/cmake /home/sdfr-ppd-16/ros2_ws/src/relbot2turtlesim/relbot2turtlesim -DCMAKE_INSTALL_PREFIX=/home/sdfr-ppd-16/ros2_ws/install/relbot2turtlesim
[0.263s] -- The C compiler identification is GNU 11.4.0
[0.501s] -- The CXX compiler identification is GNU 11.4.0
[0.524s] -- Detecting C compiler ABI info
[0.812s] -- Detecting C compiler ABI info - done
[0.845s] -- Check for working C compiler: /usr/bin/cc - skipped
[0.856s] -- Detecting C compile features
[0.858s] -- Detecting C compile features - done
[0.867s] -- Detecting CXX compiler ABI info
[1.166s] -- Detecting CXX compiler ABI info - done
[1.197s] -- Check for working CXX compiler: /usr/bin/c++ - skipped
[1.199s] -- Detecting CXX compile features
[1.200s] -- Detecting CXX compile features - done
[1.223s] -- Found ament_cmake: 1.3.11 (/opt/ros/humble/share/ament_cmake/cmake)
[2.020s] -- Found Python3: /usr/bin/python3 (found version "3.10.12") found components: Interpreter 
[2.431s] -- Found rclcpp: 16.0.11 (/opt/ros/humble/share/rclcpp/cmake)
[2.566s] -- Found rosidl_generator_c: 3.1.6 (/opt/ros/humble/share/rosidl_generator_c/cmake)
[2.584s] -- Found rosidl_adapter: 3.1.6 (/opt/ros/humble/share/rosidl_adapter/cmake)
[2.617s] -- Found rosidl_generator_cpp: 3.1.6 (/opt/ros/humble/share/rosidl_generator_cpp/cmake)
[2.664s] -- Using all available rosidl_typesupport_c: rosidl_typesupport_fastrtps_c;rosidl_typesupport_introspection_c
[2.741s] -- Using all available rosidl_typesupport_cpp: rosidl_typesupport_fastrtps_cpp;rosidl_typesupport_introspection_cpp
[2.904s] -- Found rmw_implementation_cmake: 6.1.2 (/opt/ros/humble/share/rmw_implementation_cmake/cmake)
[2.919s] -- Found rmw_fastrtps_cpp: 6.2.7 (/opt/ros/humble/share/rmw_fastrtps_cpp/cmake)
[3.178s] -- Found OpenSSL: /usr/lib/aarch64-linux-gnu/libcrypto.so (found version "3.0.2")  
[3.252s] -- Found FastRTPS: /opt/ros/humble/include  
[3.374s] -- Using RMW implementation 'rmw_fastrtps_cpp' as default
[3.403s] -- Looking for pthread.h
[3.703s] -- Looking for pthread.h - found
[3.705s] -- Performing Test CMAKE_HAVE_LIBC_PTHREAD
[4.004s] -- Performing Test CMAKE_HAVE_LIBC_PTHREAD - Success
[4.008s] -- Found Threads: TRUE  
[4.231s] -- Found turtlesim: 1.4.2 (/opt/ros/humble/share/turtlesim/cmake)
[4.444s] -- Found geometry_msgs: 4.2.4 (/opt/ros/humble/share/geometry_msgs/cmake)
[4.508s] -- Found ament_lint_auto: 0.12.11 (/opt/ros/humble/share/ament_lint_auto/cmake)
[4.915s] -- Added test 'cppcheck' to perform static code analysis on C / C++ code
[4.916s] -- Configured cppcheck include dirs: /home/sdfr-ppd-16/ros2_ws/src/relbot2turtlesim/relbot2turtlesim/include
[4.918s] -- Configured cppcheck exclude dirs and/or files: 
[4.919s] -- Added test 'lint_cmake' to check CMake code style
[4.924s] -- Added test 'uncrustify' to check C / C++ code style
[4.925s] -- Configured uncrustify additional arguments: 
[4.926s] -- Added test 'xmllint' to check XML markup files
[4.936s] -- Configuring done
[5.017s] -- Generating done
[5.047s] -- Build files have been written to: /home/sdfr-ppd-16/ros2_ws/build/relbot2turtlesim
[5.089s] Invoked command in '/home/sdfr-ppd-16/ros2_ws/build/relbot2turtlesim' returned '0': CMAKE_PREFIX_PATH=${CMAKE_PREFIX_PATH}:/opt/ros/humble /usr/bin/cmake /home/sdfr-ppd-16/ros2_ws/src/relbot2turtlesim/relbot2turtlesim -DCMAKE_INSTALL_PREFIX=/home/sdfr-ppd-16/ros2_ws/install/relbot2turtlesim
[5.100s] Invoking command in '/home/sdfr-ppd-16/ros2_ws/build/relbot2turtlesim': CMAKE_PREFIX_PATH=${CMAKE_PREFIX_PATH}:/opt/ros/humble /usr/bin/cmake --build /home/sdfr-ppd-16/ros2_ws/build/relbot2turtlesim -- -j3 -l3
[5.334s] [ 50%] [32mBuilding CXX object CMakeFiles/relbot2turtlesim.dir/src/convert.cpp.o[0m
[56.742s] [100%] [32m[1mLinking CXX executable relbot2turtlesim[0m
[60.588s] [100%] Built target relbot2turtlesim
[60.685s] Invoked command in '/home/sdfr-ppd-16/ros2_ws/build/relbot2turtlesim' returned '0': CMAKE_PREFIX_PATH=${CMAKE_PREFIX_PATH}:/opt/ros/humble /usr/bin/cmake --build /home/sdfr-ppd-16/ros2_ws/build/relbot2turtlesim -- -j3 -l3
[60.709s] Invoking command in '/home/sdfr-ppd-16/ros2_ws/build/relbot2turtlesim': CMAKE_PREFIX_PATH=${CMAKE_PREFIX_PATH}:/opt/ros/humble /usr/bin/cmake --install /home/sdfr-ppd-16/ros2_ws/build/relbot2turtlesim
[60.760s] -- Install configuration: ""
[60.762s] -- Installing: /home/sdfr-ppd-16/ros2_ws/install/relbot2turtlesim/lib/relbot2turtlesim/relbot2turtlesim
[61.001s] -- Set runtime path of "/home/sdfr-ppd-16/ros2_ws/install/relbot2turtlesim/lib/relbot2turtlesim/relbot2turtlesim" to ""
[61.004s] -- Installing: /home/sdfr-ppd-16/ros2_ws/install/relbot2turtlesim/share/ament_index/resource_index/package_run_dependencies/relbot2turtlesim
[61.007s] -- Installing: /home/sdfr-ppd-16/ros2_ws/install/relbot2turtlesim/share/ament_index/resource_index/parent_prefix_path/relbot2turtlesim
[61.012s] -- Installing: /home/sdfr-ppd-16/ros2_ws/install/relbot2turtlesim/share/relbot2turtlesim/environment/ament_prefix_path.sh
[61.017s] -- Installing: /home/sdfr-ppd-16/ros2_ws/install/relbot2turtlesim/share/relbot2turtlesim/environment/ament_prefix_path.dsv
[61.020s] -- Installing: /home/sdfr-ppd-16/ros2_ws/install/relbot2turtlesim/share/relbot2turtlesim/environment/path.sh
[61.023s] -- Installing: /home/sdfr-ppd-16/ros2_ws/install/relbot2turtlesim/share/relbot2turtlesim/environment/path.dsv
[61.028s] -- Installing: /home/sdfr-ppd-16/ros2_ws/install/relbot2turtlesim/share/relbot2turtlesim/local_setup.bash
[61.033s] -- Installing: /home/sdfr-ppd-16/ros2_ws/install/relbot2turtlesim/share/relbot2turtlesim/local_setup.sh
[61.038s] -- Installing: /home/sdfr-ppd-16/ros2_ws/install/relbot2turtlesim/share/relbot2turtlesim/local_setup.zsh
[61.042s] -- Installing: /home/sdfr-ppd-16/ros2_ws/install/relbot2turtlesim/share/relbot2turtlesim/local_setup.dsv
[61.045s] -- Installing: /home/sdfr-ppd-16/ros2_ws/install/relbot2turtlesim/share/relbot2turtlesim/package.dsv
[61.050s] -- Installing: /home/sdfr-ppd-16/ros2_ws/install/relbot2turtlesim/share/ament_index/resource_index/packages/relbot2turtlesim
[61.056s] -- Installing: /home/sdfr-ppd-16/ros2_ws/install/relbot2turtlesim/share/relbot2turtlesim/cmake/relbot2turtlesimConfig.cmake
[61.060s] -- Installing: /home/sdfr-ppd-16/ros2_ws/install/relbot2turtlesim/share/relbot2turtlesim/cmake/relbot2turtlesimConfig-version.cmake
[61.064s] -- Installing: /home/sdfr-ppd-16/ros2_ws/install/relbot2turtlesim/share/relbot2turtlesim/package.xml
[61.085s] Invoked command in '/home/sdfr-ppd-16/ros2_ws/build/relbot2turtlesim' returned '0': CMAKE_PREFIX_PATH=${CMAKE_PREFIX_PATH}:/opt/ros/humble /usr/bin/cmake --install /home/sdfr-ppd-16/ros2_ws/build/relbot2turtlesim
