-- The C compiler identification is GNU 11.4.0
-- The CXX compiler identification is GNU 11.4.0
-- Detecting C compiler ABI info
-- Detecting C compiler ABI info - done
-- Check for working C compiler: /usr/bin/cc - skipped
-- Detecting C compile features
-- Detecting C compile features - done
-- Detecting CXX compiler ABI info
-- Detecting CXX compiler ABI info - done
-- Check for working CXX compiler: /usr/bin/c++ - skipped
-- Detecting CXX compile features
-- Detecting CXX compile features - done
-- Found ament_cmake: 1.3.11 (/opt/ros/humble/share/ament_cmake/cmake)
-- Found Python3: /usr/bin/python3 (found version "3.10.12") found components: Interpreter 
-- Found rclcpp: 16.0.11 (/opt/ros/humble/share/rclcpp/cmake)
-- Found rosidl_generator_c: 3.1.6 (/opt/ros/humble/share/rosidl_generator_c/cmake)
-- Found rosidl_adapter: 3.1.6 (/opt/ros/humble/share/rosidl_adapter/cmake)
-- Found rosidl_generator_cpp: 3.1.6 (/opt/ros/humble/share/rosidl_generator_cpp/cmake)
-- Using all available rosidl_typesupport_c: rosidl_typesupport_fastrtps_c;rosidl_typesupport_introspection_c
-- Using all available rosidl_typesupport_cpp: rosidl_typesupport_fastrtps_cpp;rosidl_typesupport_introspection_cpp
-- Found rmw_implementation_cmake: 6.1.2 (/opt/ros/humble/share/rmw_implementation_cmake/cmake)
-- Found rmw_fastrtps_cpp: 6.2.7 (/opt/ros/humble/share/rmw_fastrtps_cpp/cmake)
-- Found OpenSSL: /usr/lib/aarch64-linux-gnu/libcrypto.so (found version "3.0.2")  
-- Found FastRTPS: /opt/ros/humble/include  
-- Using RMW implementation 'rmw_fastrtps_cpp' as default
-- Looking for pthread.h
-- Looking for pthread.h - found
-- Performing Test CMAKE_HAVE_LIBC_PTHREAD
-- Performing Test CMAKE_HAVE_LIBC_PTHREAD - Success
-- Found Threads: TRUE  
-- Found geometry_msgs: 4.2.4 (/opt/ros/humble/share/geometry_msgs/cmake)
-- Found sensor_msgs: 4.2.4 (/opt/ros/humble/share/sensor_msgs/cmake)
-- Found relbot_msgs: 2025.2.0 (/home/sdfr-ppd-16/ros2_ws/install/relbot_msgs/share/relbot_msgs/cmake)
-- Found OpenCV: /usr (found version "4.5.4") found components: core highgui imgcodecs imgproc videoio 
-- Found cv_bridge: 3.2.1 (/opt/ros/humble/share/cv_bridge/cmake)
-- Found ament_lint_auto: 0.12.11 (/opt/ros/humble/share/ament_lint_auto/cmake)
-- Added test 'copyright' to check source files copyright and LICENSE
-- Added test 'cppcheck' to perform static code analysis on C / C++ code
-- Configured cppcheck include dirs: /home/sdfr-ppd-16/ros2_ws/src/relbot_simulator/include;/home/sdfr-ppd-16/ros2_ws/src/relbot_simulator/common;$<BUILD_INTERFACE:/home/sdfr-ppd-16/ros2_ws/src/relbot_simulator/include>;$<BUILD_INTERFACE:/home/sdfr-ppd-16/ros2_ws/src/relbot_simulator/common>
-- Configured cppcheck exclude dirs and/or files: 
-- Added test 'cpplint' to check C / C++ code against the Google style
-- Configured cpplint exclude dirs and/or files: 
-- Added test 'lint_cmake' to check CMake code style
-- Added test 'uncrustify' to check C / C++ code style
-- Configured uncrustify additional arguments: 
-- Added test 'xmllint' to check XML markup files
-- Configuring done
-- Generating done
-- Build files have been written to: /home/sdfr-ppd-16/ros2_ws/build/relbot_simulator
[35m[1mConsolidate compiler generated dependencies of target relbot_simulator[0m
[100%] Built target relbot_simulator
-- Install configuration: ""
-- Up-to-date: /home/sdfr-ppd-16/ros2_ws/install/relbot_simulator/lib/relbot_simulator/relbot_simulator
-- Up-to-date: /home/sdfr-ppd-16/ros2_ws/install/relbot_simulator/include
-- Up-to-date: /home/sdfr-ppd-16/ros2_ws/install/relbot_simulator/include/xxmatrix.cpp
-- Up-to-date: /home/sdfr-ppd-16/ros2_ws/install/relbot_simulator/include/MotionProfiles.h
-- Up-to-date: /home/sdfr-ppd-16/ros2_ws/install/relbot_simulator/include/xxfuncs.h
-- Up-to-date: /home/sdfr-ppd-16/ros2_ws/install/relbot_simulator/include/EulerAngles.h
-- Up-to-date: /home/sdfr-ppd-16/ros2_ws/install/relbot_simulator/include/xxmatrix.h
-- Up-to-date: /home/sdfr-ppd-16/ros2_ws/install/relbot_simulator/include/xxinverse.cpp
-- Up-to-date: /home/sdfr-ppd-16/ros2_ws/install/relbot_simulator/include/xxinteg.cpp
-- Up-to-date: /home/sdfr-ppd-16/ros2_ws/install/relbot_simulator/include/xxinteg.h
-- Up-to-date: /home/sdfr-ppd-16/ros2_ws/install/relbot_simulator/include/xxmodel.h
-- Up-to-date: /home/sdfr-ppd-16/ros2_ws/install/relbot_simulator/include/EulerAngles.cpp
-- Up-to-date: /home/sdfr-ppd-16/ros2_ws/install/relbot_simulator/include/xxinverse.h
-- Up-to-date: /home/sdfr-ppd-16/ros2_ws/install/relbot_simulator/include/MotionProfiles.cpp
-- Up-to-date: /home/sdfr-ppd-16/ros2_ws/install/relbot_simulator/include/xxtypes.h
-- Up-to-date: /home/sdfr-ppd-16/ros2_ws/install/relbot_simulator/include/xxfuncs.cpp
-- Up-to-date: /home/sdfr-ppd-16/ros2_ws/install/relbot_simulator/share/ament_index/resource_index/package_run_dependencies/relbot_simulator
-- Up-to-date: /home/sdfr-ppd-16/ros2_ws/install/relbot_simulator/share/ament_index/resource_index/parent_prefix_path/relbot_simulator
-- Up-to-date: /home/sdfr-ppd-16/ros2_ws/install/relbot_simulator/share/relbot_simulator/environment/ament_prefix_path.sh
-- Installing: /home/sdfr-ppd-16/ros2_ws/install/relbot_simulator/share/relbot_simulator/environment/ament_prefix_path.dsv
-- Up-to-date: /home/sdfr-ppd-16/ros2_ws/install/relbot_simulator/share/relbot_simulator/environment/path.sh
-- Installing: /home/sdfr-ppd-16/ros2_ws/install/relbot_simulator/share/relbot_simulator/environment/path.dsv
-- Up-to-date: /home/sdfr-ppd-16/ros2_ws/install/relbot_simulator/share/relbot_simulator/local_setup.bash
-- Up-to-date: /home/sdfr-ppd-16/ros2_ws/install/relbot_simulator/share/relbot_simulator/local_setup.sh
-- Up-to-date: /home/sdfr-ppd-16/ros2_ws/install/relbot_simulator/share/relbot_simulator/local_setup.zsh
-- Installing: /home/sdfr-ppd-16/ros2_ws/install/relbot_simulator/share/relbot_simulator/local_setup.dsv
-- Installing: /home/sdfr-ppd-16/ros2_ws/install/relbot_simulator/share/relbot_simulator/package.dsv
-- Up-to-date: /home/sdfr-ppd-16/ros2_ws/install/relbot_simulator/share/ament_index/resource_index/packages/relbot_simulator
-- Up-to-date: /home/sdfr-ppd-16/ros2_ws/install/relbot_simulator/share/relbot_simulator/cmake/relbot_simulatorConfig.cmake
-- Up-to-date: /home/sdfr-ppd-16/ros2_ws/install/relbot_simulator/share/relbot_simulator/cmake/relbot_simulatorConfig-version.cmake
-- Up-to-date: /home/sdfr-ppd-16/ros2_ws/install/relbot_simulator/share/relbot_simulator/package.xml
