[0.019s] Invoking command in '/home/raghav742/SDfR/Assignments/assignment5/ros2_ws/src/build/relbot_sequence_controller': CMAKE_PREFIX_PATH=${CMAKE_PREFIX_PATH}:/opt/ros/humble /usr/bin/cmake --build /home/raghav742/SDfR/Assignments/assignment5/ros2_ws/src/build/relbot_sequence_controller -- -j8 -l8
[0.051s] [35m[1mConsolidate compiler generated dependencies of target relbot_sequence_controller[0m
[0.075s] [ 50%] [32mBuilding CXX object CMakeFiles/relbot_sequence_controller.dir/src/relbot_sequence_controller.cpp.o[0m
[2.795s] [100%] [32m[1mLinking CXX executable relbot_sequence_controller[0m
[2.918s] [100%] Built target relbot_sequence_controller
[2.925s] Invoked command in '/home/raghav742/SDfR/Assignments/assignment5/ros2_ws/src/build/relbot_sequence_controller' returned '0': CMAKE_PREFIX_PATH=${CMAKE_PREFIX_PATH}:/opt/ros/humble /usr/bin/cmake --build /home/raghav742/SDfR/Assignments/assignment5/ros2_ws/src/build/relbot_sequence_controller -- -j8 -l8
[2.926s] Invoking command in '/home/raghav742/SDfR/Assignments/assignment5/ros2_ws/src/build/relbot_sequence_controller': CMAKE_PREFIX_PATH=${CMAKE_PREFIX_PATH}:/opt/ros/humble /usr/bin/cmake --install /home/raghav742/SDfR/Assignments/assignment5/ros2_ws/src/build/relbot_sequence_controller
[2.930s] -- Install configuration: ""
[2.930s] -- Installing: /home/raghav742/SDfR/Assignments/assignment5/ros2_ws/src/install/relbot_sequence_controller/lib/relbot_sequence_controller/relbot_sequence_controller
[2.931s] -- Set runtime path of "/home/raghav742/SDfR/Assignments/assignment5/ros2_ws/src/install/relbot_sequence_controller/lib/relbot_sequence_controller/relbot_sequence_controller" to ""
[2.931s] -- Up-to-date: /home/raghav742/SDfR/Assignments/assignment5/ros2_ws/src/install/relbot_sequence_controller/share/ament_index/resource_index/package_run_dependencies/relbot_sequence_controller
[2.931s] -- Up-to-date: /home/raghav742/SDfR/Assignments/assignment5/ros2_ws/src/install/relbot_sequence_controller/share/ament_index/resource_index/parent_prefix_path/relbot_sequence_controller
[2.931s] -- Up-to-date: /home/raghav742/SDfR/Assignments/assignment5/ros2_ws/src/install/relbot_sequence_controller/share/relbot_sequence_controller/environment/ament_prefix_path.sh
[2.931s] -- Up-to-date: /home/raghav742/SDfR/Assignments/assignment5/ros2_ws/src/install/relbot_sequence_controller/share/relbot_sequence_controller/environment/ament_prefix_path.dsv
[2.931s] -- Up-to-date: /home/raghav742/SDfR/Assignments/assignment5/ros2_ws/src/install/relbot_sequence_controller/share/relbot_sequence_controller/environment/path.sh
[2.932s] -- Up-to-date: /home/raghav742/SDfR/Assignments/assignment5/ros2_ws/src/install/relbot_sequence_controller/share/relbot_sequence_controller/environment/path.dsv
[2.932s] -- Up-to-date: /home/raghav742/SDfR/Assignments/assignment5/ros2_ws/src/install/relbot_sequence_controller/share/relbot_sequence_controller/local_setup.bash
[2.932s] -- Up-to-date: /home/raghav742/SDfR/Assignments/assignment5/ros2_ws/src/install/relbot_sequence_controller/share/relbot_sequence_controller/local_setup.sh
[2.932s] -- Up-to-date: /home/raghav742/SDfR/Assignments/assignment5/ros2_ws/src/install/relbot_sequence_controller/share/relbot_sequence_controller/local_setup.zsh
[2.932s] -- Up-to-date: /home/raghav742/SDfR/Assignments/assignment5/ros2_ws/src/install/relbot_sequence_controller/share/relbot_sequence_controller/local_setup.dsv
[2.932s] -- Installing: /home/raghav742/SDfR/Assignments/assignment5/ros2_ws/src/install/relbot_sequence_controller/share/relbot_sequence_controller/package.dsv
[2.932s] -- Up-to-date: /home/raghav742/SDfR/Assignments/assignment5/ros2_ws/src/install/relbot_sequence_controller/share/ament_index/resource_index/packages/relbot_sequence_controller
[2.932s] -- Up-to-date: /home/raghav742/SDfR/Assignments/assignment5/ros2_ws/src/install/relbot_sequence_controller/share/relbot_sequence_controller/cmake/relbot_sequence_controllerConfig.cmake
[2.932s] -- Up-to-date: /home/raghav742/SDfR/Assignments/assignment5/ros2_ws/src/install/relbot_sequence_controller/share/relbot_sequence_controller/cmake/relbot_sequence_controllerConfig-version.cmake
[2.932s] -- Up-to-date: /home/raghav742/SDfR/Assignments/assignment5/ros2_ws/src/install/relbot_sequence_controller/share/relbot_sequence_controller/package.xml
[2.933s] Invoked command in '/home/raghav742/SDfR/Assignments/assignment5/ros2_ws/src/build/relbot_sequence_controller' returned '0': CMAKE_PREFIX_PATH=${CMAKE_PREFIX_PATH}:/opt/ros/humble /usr/bin/cmake --install /home/raghav742/SDfR/Assignments/assignment5/ros2_ws/src/build/relbot_sequence_controller
