[0.052s] Invoking command in '/home/sdfr-ppd-16/SfDR-code/assignment6/ros2_ws/build/relbot_sequence_controller': AMENT_PREFIX_PATH=/home/sdfr-ppd-16/SfDR-code/assignment6/ros2_ws/install/image_functions_sdfr:${AMENT_PREFIX_PATH} CMAKE_PREFIX_PATH=/home/sdfr-ppd-16/SfDR-code/assignment6/ros2_ws/install/image_functions_sdfr:/home/sdfr-ppd-16/SfDR-code/assignment6/ros2_ws/install/xrf2_msgs:/opt/ros/humble LD_LIBRARY_PATH=/home/sdfr-ppd-16/SfDR-code/assignment6/ros2_ws/install/image_functions_sdfr/lib:${LD_LIBRARY_PATH} /usr/bin/cmake /home/sdfr-ppd-16/SfDR-code/assignment6/ros2_ws/src/relbot_sequence_controller/relbot_sequence_controller -DCMAKE_INSTALL_PREFIX=/home/sdfr-ppd-16/SfDR-code/assignment6/ros2_ws/install/relbot_sequence_controller
[0.295s] -- The C compiler identification is GNU 11.4.0
[0.500s] -- The CXX compiler identification is GNU 11.4.0
[0.522s] -- Detecting C compiler ABI info
[0.762s] -- Detecting C compiler ABI info - done
[0.789s] -- Check for working C compiler: /usr/bin/cc - skipped
[0.792s] -- Detecting C compile features
[0.794s] -- Detecting C compile features - done
[0.808s] -- Detecting CXX compiler ABI info
[1.087s] -- Detecting CXX compiler ABI info - done
[1.115s] -- Check for working CXX compiler: /usr/bin/c++ - skipped
[1.116s] -- Detecting CXX compile features
[1.118s] -- Detecting CXX compile features - done
[1.127s] -- Found ament_cmake: 1.3.11 (/opt/ros/humble/share/ament_cmake/cmake)
[1.805s] -- Found Python3: /usr/bin/python3 (found version "3.10.12") found components: Interpreter 
[2.196s] -- Found rclcpp: 16.0.11 (/opt/ros/humble/share/rclcpp/cmake)
[2.326s] -- Found rosidl_generator_c: 3.1.6 (/opt/ros/humble/share/rosidl_generator_c/cmake)
[2.342s] -- Found rosidl_adapter: 3.1.6 (/opt/ros/humble/share/rosidl_adapter/cmake)
[2.371s] -- Found rosidl_generator_cpp: 3.1.6 (/opt/ros/humble/share/rosidl_generator_cpp/cmake)
[2.414s] -- Using all available rosidl_typesupport_c: rosidl_typesupport_fastrtps_c;rosidl_typesupport_introspection_c
[2.472s] -- Using all available rosidl_typesupport_cpp: rosidl_typesupport_fastrtps_cpp;rosidl_typesupport_introspection_cpp
[2.625s] -- Found rmw_implementation_cmake: 6.1.2 (/opt/ros/humble/share/rmw_implementation_cmake/cmake)
[2.633s] -- Found rmw_fastrtps_cpp: 6.2.7 (/opt/ros/humble/share/rmw_fastrtps_cpp/cmake)
[2.879s] -- Found OpenSSL: /usr/lib/aarch64-linux-gnu/libcrypto.so (found version "3.0.2")  
[2.948s] -- Found FastRTPS: /opt/ros/humble/include  
[3.054s] -- Using RMW implementation 'rmw_fastrtps_cpp' as default
[3.081s] -- Looking for pthread.h
[3.377s] -- Looking for pthread.h - found
[3.379s] -- Performing Test CMAKE_HAVE_LIBC_PTHREAD
[3.632s] -- Performing Test CMAKE_HAVE_LIBC_PTHREAD - Success
[3.636s] -- Found Threads: TRUE  
[3.829s] -- Found example_interfaces: 0.9.3 (/opt/ros/humble/share/example_interfaces/cmake)
[4.007s] [31mCMake Error at CMakeLists.txt:12 (find_package):
[4.009s]   By not providing "Findrelbot_msgs.cmake" in CMAKE_MODULE_PATH this project
[4.011s]   has asked CMake to find a package configuration file provided by
[4.014s]   "relbot_msgs", but CMake did not find one.
[4.016s] 
[4.019s]   Could not find a package configuration file provided by "relbot_msgs" with
[4.021s]   any of the following names:
[4.024s] 
[4.027s]     relbot_msgsConfig.cmake
[4.030s]     relbot_msgs-config.cmake
[4.033s] 
[4.035s]   Add the installation prefix of "relbot_msgs" to CMAKE_PREFIX_PATH or set
[4.039s]   "relbot_msgs_DIR" to a directory containing one of the above files.  If
[4.042s]   "relbot_msgs" provides a separate development package or SDK, be sure it
[4.045s]   has been installed.
[4.048s] 
[4.050s] [0m
[4.052s] -- Configuring incomplete, errors occurred!
[4.053s] See also "/home/sdfr-ppd-16/SfDR-code/assignment6/ros2_ws/build/relbot_sequence_controller/CMakeFiles/CMakeOutput.log".
