[0.015s] Invoking command in '/home/raghav742/SDfR/Assignments/assignment5/ros2_ws/src/build/relbot_adapter': CMAKE_PREFIX_PATH=${CMAKE_PREFIX_PATH}:/opt/ros/humble /usr/bin/cmake --build /home/raghav742/SDfR/Assignments/assignment5/ros2_ws/src/build/relbot_adapter -- -j8 -l8
[0.059s] [100%] Built target relbot_adapter
[0.092s] Invoked command in '/home/raghav742/SDfR/Assignments/assignment5/ros2_ws/src/build/relbot_adapter' returned '0': CMAKE_PREFIX_PATH=${CMAKE_PREFIX_PATH}:/opt/ros/humble /usr/bin/cmake --build /home/raghav742/SDfR/Assignments/assignment5/ros2_ws/src/build/relbot_adapter -- -j8 -l8
[0.094s] Invoking command in '/home/raghav742/SDfR/Assignments/assignment5/ros2_ws/src/build/relbot_adapter': CMAKE_PREFIX_PATH=${CMAKE_PREFIX_PATH}:/opt/ros/humble /usr/bin/cmake --install /home/raghav742/SDfR/Assignments/assignment5/ros2_ws/src/build/relbot_adapter
[0.099s] -- Install configuration: ""
[0.100s] -- Up-to-date: /home/raghav742/SDfR/Assignments/assignment5/ros2_ws/src/install/relbot_adapter/lib/relbot_adapter/relbot_adapter
[0.100s] -- Up-to-date: /home/raghav742/SDfR/Assignments/assignment5/ros2_ws/src/install/relbot_adapter/share/ament_index/resource_index/package_run_dependencies/relbot_adapter
[0.100s] -- Up-to-date: /home/raghav742/SDfR/Assignments/assignment5/ros2_ws/src/install/relbot_adapter/share/ament_index/resource_index/parent_prefix_path/relbot_adapter
[0.100s] -- Up-to-date: /home/raghav742/SDfR/Assignments/assignment5/ros2_ws/src/install/relbot_adapter/share/relbot_adapter/environment/ament_prefix_path.sh
[0.100s] -- Up-to-date: /home/raghav742/SDfR/Assignments/assignment5/ros2_ws/src/install/relbot_adapter/share/relbot_adapter/environment/ament_prefix_path.dsv
[0.100s] -- Up-to-date: /home/raghav742/SDfR/Assignments/assignment5/ros2_ws/src/install/relbot_adapter/share/relbot_adapter/environment/path.sh
[0.100s] -- Up-to-date: /home/raghav742/SDfR/Assignments/assignment5/ros2_ws/src/install/relbot_adapter/share/relbot_adapter/environment/path.dsv
[0.100s] -- Up-to-date: /home/raghav742/SDfR/Assignments/assignment5/ros2_ws/src/install/relbot_adapter/share/relbot_adapter/local_setup.bash
[0.100s] -- Up-to-date: /home/raghav742/SDfR/Assignments/assignment5/ros2_ws/src/install/relbot_adapter/share/relbot_adapter/local_setup.sh
[0.100s] -- Up-to-date: /home/raghav742/SDfR/Assignments/assignment5/ros2_ws/src/install/relbot_adapter/share/relbot_adapter/local_setup.zsh
[0.101s] -- Up-to-date: /home/raghav742/SDfR/Assignments/assignment5/ros2_ws/src/install/relbot_adapter/share/relbot_adapter/local_setup.dsv
[0.101s] -- Installing: /home/raghav742/SDfR/Assignments/assignment5/ros2_ws/src/install/relbot_adapter/share/relbot_adapter/package.dsv
[0.101s] -- Up-to-date: /home/raghav742/SDfR/Assignments/assignment5/ros2_ws/src/install/relbot_adapter/share/ament_index/resource_index/packages/relbot_adapter
[0.101s] -- Up-to-date: /home/raghav742/SDfR/Assignments/assignment5/ros2_ws/src/install/relbot_adapter/share/relbot_adapter/cmake/relbot_adapterConfig.cmake
[0.101s] -- Up-to-date: /home/raghav742/SDfR/Assignments/assignment5/ros2_ws/src/install/relbot_adapter/share/relbot_adapter/cmake/relbot_adapterConfig-version.cmake
[0.101s] -- Up-to-date: /home/raghav742/SDfR/Assignments/assignment5/ros2_ws/src/install/relbot_adapter/share/relbot_adapter/package.xml
[0.104s] Invoked command in '/home/raghav742/SDfR/Assignments/assignment5/ros2_ws/src/build/relbot_adapter' returned '0': CMAKE_PREFIX_PATH=${CMAKE_PREFIX_PATH}:/opt/ros/humble /usr/bin/cmake --install /home/raghav742/SDfR/Assignments/assignment5/ros2_ws/src/build/relbot_adapter
