[0.063s] DEBUG:colcon:Command line arguments: ['/usr/bin/colcon', 'build']
[0.063s] DEBUG:colcon:Parsed command line arguments: Namespace(log_base=None, log_level=None, verb_name='build', build_base='build', install_base='install', merge_install=False, symlink_install=False, test_result_base=None, continue_on_error=False, executor='parallel', parallel_workers=8, event_handlers=None, ignore_user_meta=False, metas=['./colcon.meta'], base_paths=['.'], packages_ignore=None, packages_ignore_regex=None, paths=None, packages_up_to=None, packages_up_to_regex=None, packages_above=None, packages_above_and_dependencies=None, packages_above_depth=None, packages_select_by_dep=None, packages_skip_by_dep=None, packages_skip_up_to=None, packages_select_build_failed=False, packages_skip_build_finished=False, packages_select_test_failures=False, packages_skip_test_passed=False, packages_select=None, packages_skip=None, packages_select_regex=None, packages_skip_regex=None, packages_start=None, packages_end=None, allow_overriding=[], cmake_args=None, cmake_target=None, cmake_target_skip_unavailable=False, cmake_clean_cache=False, cmake_clean_first=False, cmake_force_configure=False, ament_cmake_args=None, catkin_cmake_args=None, catkin_skip_building_tests=False, verb_parser=<colcon_defaults.argument_parser.defaults.DefaultArgumentsDecorator object at 0x7ff83a66c130>, verb_extension=<colcon_core.verb.build.BuildVerb object at 0x7ff83a6337f0>, main=<bound method BuildVerb.main of <colcon_core.verb.build.BuildVerb object at 0x7ff83a6337f0>>)
[0.163s] Level 1:colcon.colcon_core.package_discovery:discover_packages(colcon_meta) check parameters
[0.163s] Level 1:colcon.colcon_core.package_discovery:discover_packages(recursive) check parameters
[0.163s] Level 1:colcon.colcon_core.package_discovery:discover_packages(ignore) check parameters
[0.163s] Level 1:colcon.colcon_core.package_discovery:discover_packages(path) check parameters
[0.163s] Level 1:colcon.colcon_core.package_discovery:discover_packages(colcon_meta) discover
[0.163s] Level 1:colcon.colcon_core.package_discovery:discover_packages(recursive) discover
[0.163s] INFO:colcon.colcon_core.package_discovery:Crawling recursively for packages in '/home/raghav742/SDfR/Assignments/assignment5/ros2_ws/src'
[0.164s] Level 1:colcon.colcon_core.package_identification:_identify(.) by extensions ['ignore', 'ignore_ament_install']
[0.164s] Level 1:colcon.colcon_core.package_identification:_identify(.) by extension 'ignore'
[0.164s] Level 1:colcon.colcon_core.package_identification:_identify(.) by extension 'ignore_ament_install'
[0.164s] Level 1:colcon.colcon_core.package_identification:_identify(.) by extensions ['colcon_pkg']
[0.164s] Level 1:colcon.colcon_core.package_identification:_identify(.) by extension 'colcon_pkg'
[0.164s] Level 1:colcon.colcon_core.package_identification:_identify(.) by extensions ['colcon_meta']
[0.164s] Level 1:colcon.colcon_core.package_identification:_identify(.) by extension 'colcon_meta'
[0.164s] Level 1:colcon.colcon_core.package_identification:_identify(.) by extensions ['ros']
[0.164s] Level 1:colcon.colcon_core.package_identification:_identify(.) by extension 'ros'
[0.171s] Level 1:colcon.colcon_core.package_identification:_identify(.) by extensions ['cmake', 'python']
[0.171s] Level 1:colcon.colcon_core.package_identification:_identify(.) by extension 'cmake'
[0.171s] Level 1:colcon.colcon_core.package_identification:_identify(.) by extension 'python'
[0.171s] Level 1:colcon.colcon_core.package_identification:_identify(.) by extensions ['python_setup_py']
[0.171s] Level 1:colcon.colcon_core.package_identification:_identify(.) by extension 'python_setup_py'
[0.171s] Level 1:colcon.colcon_core.package_identification:_identify(build) by extensions ['ignore', 'ignore_ament_install']
[0.171s] Level 1:colcon.colcon_core.package_identification:_identify(build) by extension 'ignore'
[0.171s] Level 1:colcon.colcon_core.package_identification:_identify(build) ignored
[0.171s] Level 1:colcon.colcon_core.package_identification:_identify(install) by extensions ['ignore', 'ignore_ament_install']
[0.171s] Level 1:colcon.colcon_core.package_identification:_identify(install) by extension 'ignore'
[0.171s] Level 1:colcon.colcon_core.package_identification:_identify(install) ignored
[0.171s] Level 1:colcon.colcon_core.package_identification:_identify(log) by extensions ['ignore', 'ignore_ament_install']
[0.171s] Level 1:colcon.colcon_core.package_identification:_identify(log) by extension 'ignore'
[0.171s] Level 1:colcon.colcon_core.package_identification:_identify(log) ignored
[0.171s] Level 1:colcon.colcon_core.package_identification:_identify(relbot2turtlesim) by extensions ['ignore', 'ignore_ament_install']
[0.171s] Level 1:colcon.colcon_core.package_identification:_identify(relbot2turtlesim) by extension 'ignore'
[0.171s] Level 1:colcon.colcon_core.package_identification:_identify(relbot2turtlesim) by extension 'ignore_ament_install'
[0.171s] Level 1:colcon.colcon_core.package_identification:_identify(relbot2turtlesim) by extensions ['colcon_pkg']
[0.171s] Level 1:colcon.colcon_core.package_identification:_identify(relbot2turtlesim) by extension 'colcon_pkg'
[0.171s] Level 1:colcon.colcon_core.package_identification:_identify(relbot2turtlesim) by extensions ['colcon_meta']
[0.171s] Level 1:colcon.colcon_core.package_identification:_identify(relbot2turtlesim) by extension 'colcon_meta'
[0.171s] Level 1:colcon.colcon_core.package_identification:_identify(relbot2turtlesim) by extensions ['ros']
[0.171s] Level 1:colcon.colcon_core.package_identification:_identify(relbot2turtlesim) by extension 'ros'
[0.172s] Level 1:colcon.colcon_core.package_identification:_identify(relbot2turtlesim) by extensions ['cmake', 'python']
[0.172s] Level 1:colcon.colcon_core.package_identification:_identify(relbot2turtlesim) by extension 'cmake'
[0.172s] Level 1:colcon.colcon_core.package_identification:_identify(relbot2turtlesim) by extension 'python'
[0.172s] Level 1:colcon.colcon_core.package_identification:_identify(relbot2turtlesim) by extensions ['python_setup_py']
[0.172s] Level 1:colcon.colcon_core.package_identification:_identify(relbot2turtlesim) by extension 'python_setup_py'
[0.172s] Level 1:colcon.colcon_core.package_identification:_identify(relbot2turtlesim/__MACOSX) by extensions ['ignore', 'ignore_ament_install']
[0.172s] Level 1:colcon.colcon_core.package_identification:_identify(relbot2turtlesim/__MACOSX) by extension 'ignore'
[0.172s] Level 1:colcon.colcon_core.package_identification:_identify(relbot2turtlesim/__MACOSX) by extension 'ignore_ament_install'
[0.172s] Level 1:colcon.colcon_core.package_identification:_identify(relbot2turtlesim/__MACOSX) by extensions ['colcon_pkg']
[0.172s] Level 1:colcon.colcon_core.package_identification:_identify(relbot2turtlesim/__MACOSX) by extension 'colcon_pkg'
[0.172s] Level 1:colcon.colcon_core.package_identification:_identify(relbot2turtlesim/__MACOSX) by extensions ['colcon_meta']
[0.172s] Level 1:colcon.colcon_core.package_identification:_identify(relbot2turtlesim/__MACOSX) by extension 'colcon_meta'
[0.172s] Level 1:colcon.colcon_core.package_identification:_identify(relbot2turtlesim/__MACOSX) by extensions ['ros']
[0.172s] Level 1:colcon.colcon_core.package_identification:_identify(relbot2turtlesim/__MACOSX) by extension 'ros'
[0.172s] Level 1:colcon.colcon_core.package_identification:_identify(relbot2turtlesim/__MACOSX) by extensions ['cmake', 'python']
[0.172s] Level 1:colcon.colcon_core.package_identification:_identify(relbot2turtlesim/__MACOSX) by extension 'cmake'
[0.172s] Level 1:colcon.colcon_core.package_identification:_identify(relbot2turtlesim/__MACOSX) by extension 'python'
[0.172s] Level 1:colcon.colcon_core.package_identification:_identify(relbot2turtlesim/__MACOSX) by extensions ['python_setup_py']
[0.172s] Level 1:colcon.colcon_core.package_identification:_identify(relbot2turtlesim/__MACOSX) by extension 'python_setup_py'
[0.172s] Level 1:colcon.colcon_core.package_identification:_identify(relbot2turtlesim/__MACOSX/relbot2turtlesim) by extensions ['ignore', 'ignore_ament_install']
[0.172s] Level 1:colcon.colcon_core.package_identification:_identify(relbot2turtlesim/__MACOSX/relbot2turtlesim) by extension 'ignore'
[0.172s] Level 1:colcon.colcon_core.package_identification:_identify(relbot2turtlesim/__MACOSX/relbot2turtlesim) by extension 'ignore_ament_install'
[0.172s] Level 1:colcon.colcon_core.package_identification:_identify(relbot2turtlesim/__MACOSX/relbot2turtlesim) by extensions ['colcon_pkg']
[0.172s] Level 1:colcon.colcon_core.package_identification:_identify(relbot2turtlesim/__MACOSX/relbot2turtlesim) by extension 'colcon_pkg'
[0.172s] Level 1:colcon.colcon_core.package_identification:_identify(relbot2turtlesim/__MACOSX/relbot2turtlesim) by extensions ['colcon_meta']
[0.172s] Level 1:colcon.colcon_core.package_identification:_identify(relbot2turtlesim/__MACOSX/relbot2turtlesim) by extension 'colcon_meta'
[0.172s] Level 1:colcon.colcon_core.package_identification:_identify(relbot2turtlesim/__MACOSX/relbot2turtlesim) by extensions ['ros']
[0.172s] Level 1:colcon.colcon_core.package_identification:_identify(relbot2turtlesim/__MACOSX/relbot2turtlesim) by extension 'ros'
[0.172s] Level 1:colcon.colcon_core.package_identification:_identify(relbot2turtlesim/__MACOSX/relbot2turtlesim) by extensions ['cmake', 'python']
[0.172s] Level 1:colcon.colcon_core.package_identification:_identify(relbot2turtlesim/__MACOSX/relbot2turtlesim) by extension 'cmake'
[0.172s] Level 1:colcon.colcon_core.package_identification:_identify(relbot2turtlesim/__MACOSX/relbot2turtlesim) by extension 'python'
[0.172s] Level 1:colcon.colcon_core.package_identification:_identify(relbot2turtlesim/__MACOSX/relbot2turtlesim) by extensions ['python_setup_py']
[0.172s] Level 1:colcon.colcon_core.package_identification:_identify(relbot2turtlesim/__MACOSX/relbot2turtlesim) by extension 'python_setup_py'
[0.172s] Level 1:colcon.colcon_core.package_identification:_identify(relbot2turtlesim/__MACOSX/relbot2turtlesim/include) by extensions ['ignore', 'ignore_ament_install']
[0.172s] Level 1:colcon.colcon_core.package_identification:_identify(relbot2turtlesim/__MACOSX/relbot2turtlesim/include) by extension 'ignore'
[0.172s] Level 1:colcon.colcon_core.package_identification:_identify(relbot2turtlesim/__MACOSX/relbot2turtlesim/include) by extension 'ignore_ament_install'
[0.172s] Level 1:colcon.colcon_core.package_identification:_identify(relbot2turtlesim/__MACOSX/relbot2turtlesim/include) by extensions ['colcon_pkg']
[0.172s] Level 1:colcon.colcon_core.package_identification:_identify(relbot2turtlesim/__MACOSX/relbot2turtlesim/include) by extension 'colcon_pkg'
[0.173s] Level 1:colcon.colcon_core.package_identification:_identify(relbot2turtlesim/__MACOSX/relbot2turtlesim/include) by extensions ['colcon_meta']
[0.173s] Level 1:colcon.colcon_core.package_identification:_identify(relbot2turtlesim/__MACOSX/relbot2turtlesim/include) by extension 'colcon_meta'
[0.173s] Level 1:colcon.colcon_core.package_identification:_identify(relbot2turtlesim/__MACOSX/relbot2turtlesim/include) by extensions ['ros']
[0.173s] Level 1:colcon.colcon_core.package_identification:_identify(relbot2turtlesim/__MACOSX/relbot2turtlesim/include) by extension 'ros'
[0.173s] Level 1:colcon.colcon_core.package_identification:_identify(relbot2turtlesim/__MACOSX/relbot2turtlesim/include) by extensions ['cmake', 'python']
[0.173s] Level 1:colcon.colcon_core.package_identification:_identify(relbot2turtlesim/__MACOSX/relbot2turtlesim/include) by extension 'cmake'
[0.173s] Level 1:colcon.colcon_core.package_identification:_identify(relbot2turtlesim/__MACOSX/relbot2turtlesim/include) by extension 'python'
[0.173s] Level 1:colcon.colcon_core.package_identification:_identify(relbot2turtlesim/__MACOSX/relbot2turtlesim/include) by extensions ['python_setup_py']
[0.173s] Level 1:colcon.colcon_core.package_identification:_identify(relbot2turtlesim/__MACOSX/relbot2turtlesim/include) by extension 'python_setup_py'
[0.173s] Level 1:colcon.colcon_core.package_identification:_identify(relbot2turtlesim/relbot2turtlesim) by extensions ['ignore', 'ignore_ament_install']
[0.173s] Level 1:colcon.colcon_core.package_identification:_identify(relbot2turtlesim/relbot2turtlesim) by extension 'ignore'
[0.173s] Level 1:colcon.colcon_core.package_identification:_identify(relbot2turtlesim/relbot2turtlesim) by extension 'ignore_ament_install'
[0.173s] Level 1:colcon.colcon_core.package_identification:_identify(relbot2turtlesim/relbot2turtlesim) by extensions ['colcon_pkg']
[0.173s] Level 1:colcon.colcon_core.package_identification:_identify(relbot2turtlesim/relbot2turtlesim) by extension 'colcon_pkg'
[0.173s] Level 1:colcon.colcon_core.package_identification:_identify(relbot2turtlesim/relbot2turtlesim) by extensions ['colcon_meta']
[0.173s] Level 1:colcon.colcon_core.package_identification:_identify(relbot2turtlesim/relbot2turtlesim) by extension 'colcon_meta'
[0.173s] Level 1:colcon.colcon_core.package_identification:_identify(relbot2turtlesim/relbot2turtlesim) by extensions ['ros']
[0.173s] Level 1:colcon.colcon_core.package_identification:_identify(relbot2turtlesim/relbot2turtlesim) by extension 'ros'
[0.175s] DEBUG:colcon.colcon_core.package_identification:Package 'relbot2turtlesim/relbot2turtlesim' with type 'ros.ament_cmake' and name 'relbot2turtlesim'
[0.175s] Level 1:colcon.colcon_core.package_identification:_identify(relbot_adapter) by extensions ['ignore', 'ignore_ament_install']
[0.175s] Level 1:colcon.colcon_core.package_identification:_identify(relbot_adapter) by extension 'ignore'
[0.175s] Level 1:colcon.colcon_core.package_identification:_identify(relbot_adapter) by extension 'ignore_ament_install'
[0.175s] Level 1:colcon.colcon_core.package_identification:_identify(relbot_adapter) by extensions ['colcon_pkg']
[0.175s] Level 1:colcon.colcon_core.package_identification:_identify(relbot_adapter) by extension 'colcon_pkg'
[0.175s] Level 1:colcon.colcon_core.package_identification:_identify(relbot_adapter) by extensions ['colcon_meta']
[0.175s] Level 1:colcon.colcon_core.package_identification:_identify(relbot_adapter) by extension 'colcon_meta'
[0.175s] Level 1:colcon.colcon_core.package_identification:_identify(relbot_adapter) by extensions ['ros']
[0.175s] Level 1:colcon.colcon_core.package_identification:_identify(relbot_adapter) by extension 'ros'
[0.176s] DEBUG:colcon.colcon_core.package_identification:Package 'relbot_adapter' with type 'ros.ament_cmake' and name 'relbot_adapter'
[0.176s] Level 1:colcon.colcon_core.package_identification:_identify(relbot_launch) by extensions ['ignore', 'ignore_ament_install']
[0.176s] Level 1:colcon.colcon_core.package_identification:_identify(relbot_launch) by extension 'ignore'
[0.176s] Level 1:colcon.colcon_core.package_identification:_identify(relbot_launch) by extension 'ignore_ament_install'
[0.176s] Level 1:colcon.colcon_core.package_identification:_identify(relbot_launch) by extensions ['colcon_pkg']
[0.176s] Level 1:colcon.colcon_core.package_identification:_identify(relbot_launch) by extension 'colcon_pkg'
[0.176s] Level 1:colcon.colcon_core.package_identification:_identify(relbot_launch) by extensions ['colcon_meta']
[0.176s] Level 1:colcon.colcon_core.package_identification:_identify(relbot_launch) by extension 'colcon_meta'
[0.176s] Level 1:colcon.colcon_core.package_identification:_identify(relbot_launch) by extensions ['ros']
[0.176s] Level 1:colcon.colcon_core.package_identification:_identify(relbot_launch) by extension 'ros'
[0.176s] Level 1:colcon.colcon_core.package_identification:_identify(relbot_launch) by extensions ['cmake', 'python']
[0.176s] Level 1:colcon.colcon_core.package_identification:_identify(relbot_launch) by extension 'cmake'
[0.176s] Level 1:colcon.colcon_core.package_identification:_identify(relbot_launch) by extension 'python'
[0.176s] Level 1:colcon.colcon_core.package_identification:_identify(relbot_launch) by extensions ['python_setup_py']
[0.176s] Level 1:colcon.colcon_core.package_identification:_identify(relbot_launch) by extension 'python_setup_py'
[0.176s] Level 1:colcon.colcon_core.package_identification:_identify(relbot_launch/__MACOSX) by extensions ['ignore', 'ignore_ament_install']
[0.176s] Level 1:colcon.colcon_core.package_identification:_identify(relbot_launch/__MACOSX) by extension 'ignore'
[0.176s] Level 1:colcon.colcon_core.package_identification:_identify(relbot_launch/__MACOSX) by extension 'ignore_ament_install'
[0.176s] Level 1:colcon.colcon_core.package_identification:_identify(relbot_launch/__MACOSX) by extensions ['colcon_pkg']
[0.176s] Level 1:colcon.colcon_core.package_identification:_identify(relbot_launch/__MACOSX) by extension 'colcon_pkg'
[0.176s] Level 1:colcon.colcon_core.package_identification:_identify(relbot_launch/__MACOSX) by extensions ['colcon_meta']
[0.176s] Level 1:colcon.colcon_core.package_identification:_identify(relbot_launch/__MACOSX) by extension 'colcon_meta'
[0.176s] Level 1:colcon.colcon_core.package_identification:_identify(relbot_launch/__MACOSX) by extensions ['ros']
[0.176s] Level 1:colcon.colcon_core.package_identification:_identify(relbot_launch/__MACOSX) by extension 'ros'
[0.176s] Level 1:colcon.colcon_core.package_identification:_identify(relbot_launch/__MACOSX) by extensions ['cmake', 'python']
[0.176s] Level 1:colcon.colcon_core.package_identification:_identify(relbot_launch/__MACOSX) by extension 'cmake'
[0.176s] Level 1:colcon.colcon_core.package_identification:_identify(relbot_launch/__MACOSX) by extension 'python'
[0.176s] Level 1:colcon.colcon_core.package_identification:_identify(relbot_launch/__MACOSX) by extensions ['python_setup_py']
[0.176s] Level 1:colcon.colcon_core.package_identification:_identify(relbot_launch/__MACOSX) by extension 'python_setup_py'
[0.176s] Level 1:colcon.colcon_core.package_identification:_identify(relbot_launch/__MACOSX/relbot_launch) by extensions ['ignore', 'ignore_ament_install']
[0.177s] Level 1:colcon.colcon_core.package_identification:_identify(relbot_launch/__MACOSX/relbot_launch) by extension 'ignore'
[0.177s] Level 1:colcon.colcon_core.package_identification:_identify(relbot_launch/__MACOSX/relbot_launch) by extension 'ignore_ament_install'
[0.177s] Level 1:colcon.colcon_core.package_identification:_identify(relbot_launch/__MACOSX/relbot_launch) by extensions ['colcon_pkg']
[0.177s] Level 1:colcon.colcon_core.package_identification:_identify(relbot_launch/__MACOSX/relbot_launch) by extension 'colcon_pkg'
[0.177s] Level 1:colcon.colcon_core.package_identification:_identify(relbot_launch/__MACOSX/relbot_launch) by extensions ['colcon_meta']
[0.177s] Level 1:colcon.colcon_core.package_identification:_identify(relbot_launch/__MACOSX/relbot_launch) by extension 'colcon_meta'
[0.177s] Level 1:colcon.colcon_core.package_identification:_identify(relbot_launch/__MACOSX/relbot_launch) by extensions ['ros']
[0.177s] Level 1:colcon.colcon_core.package_identification:_identify(relbot_launch/__MACOSX/relbot_launch) by extension 'ros'
[0.177s] Level 1:colcon.colcon_core.package_identification:_identify(relbot_launch/__MACOSX/relbot_launch) by extensions ['cmake', 'python']
[0.177s] Level 1:colcon.colcon_core.package_identification:_identify(relbot_launch/__MACOSX/relbot_launch) by extension 'cmake'
[0.177s] Level 1:colcon.colcon_core.package_identification:_identify(relbot_launch/__MACOSX/relbot_launch) by extension 'python'
[0.177s] Level 1:colcon.colcon_core.package_identification:_identify(relbot_launch/__MACOSX/relbot_launch) by extensions ['python_setup_py']
[0.177s] Level 1:colcon.colcon_core.package_identification:_identify(relbot_launch/__MACOSX/relbot_launch) by extension 'python_setup_py'
[0.177s] Level 1:colcon.colcon_core.package_identification:_identify(relbot_launch/__MACOSX/relbot_launch/launch) by extensions ['ignore', 'ignore_ament_install']
[0.177s] Level 1:colcon.colcon_core.package_identification:_identify(relbot_launch/__MACOSX/relbot_launch/launch) by extension 'ignore'
[0.177s] Level 1:colcon.colcon_core.package_identification:_identify(relbot_launch/__MACOSX/relbot_launch/launch) by extension 'ignore_ament_install'
[0.177s] Level 1:colcon.colcon_core.package_identification:_identify(relbot_launch/__MACOSX/relbot_launch/launch) by extensions ['colcon_pkg']
[0.177s] Level 1:colcon.colcon_core.package_identification:_identify(relbot_launch/__MACOSX/relbot_launch/launch) by extension 'colcon_pkg'
[0.177s] Level 1:colcon.colcon_core.package_identification:_identify(relbot_launch/__MACOSX/relbot_launch/launch) by extensions ['colcon_meta']
[0.177s] Level 1:colcon.colcon_core.package_identification:_identify(relbot_launch/__MACOSX/relbot_launch/launch) by extension 'colcon_meta'
[0.177s] Level 1:colcon.colcon_core.package_identification:_identify(relbot_launch/__MACOSX/relbot_launch/launch) by extensions ['ros']
[0.177s] Level 1:colcon.colcon_core.package_identification:_identify(relbot_launch/__MACOSX/relbot_launch/launch) by extension 'ros'
[0.177s] Level 1:colcon.colcon_core.package_identification:_identify(relbot_launch/__MACOSX/relbot_launch/launch) by extensions ['cmake', 'python']
[0.177s] Level 1:colcon.colcon_core.package_identification:_identify(relbot_launch/__MACOSX/relbot_launch/launch) by extension 'cmake'
[0.177s] Level 1:colcon.colcon_core.package_identification:_identify(relbot_launch/__MACOSX/relbot_launch/launch) by extension 'python'
[0.177s] Level 1:colcon.colcon_core.package_identification:_identify(relbot_launch/__MACOSX/relbot_launch/launch) by extensions ['python_setup_py']
[0.177s] Level 1:colcon.colcon_core.package_identification:_identify(relbot_launch/__MACOSX/relbot_launch/launch) by extension 'python_setup_py'
[0.177s] Level 1:colcon.colcon_core.package_identification:_identify(relbot_launch/relbot_launch) by extensions ['ignore', 'ignore_ament_install']
[0.177s] Level 1:colcon.colcon_core.package_identification:_identify(relbot_launch/relbot_launch) by extension 'ignore'
[0.177s] Level 1:colcon.colcon_core.package_identification:_identify(relbot_launch/relbot_launch) by extension 'ignore_ament_install'
[0.177s] Level 1:colcon.colcon_core.package_identification:_identify(relbot_launch/relbot_launch) by extensions ['colcon_pkg']
[0.177s] Level 1:colcon.colcon_core.package_identification:_identify(relbot_launch/relbot_launch) by extension 'colcon_pkg'
[0.177s] Level 1:colcon.colcon_core.package_identification:_identify(relbot_launch/relbot_launch) by extensions ['colcon_meta']
[0.177s] Level 1:colcon.colcon_core.package_identification:_identify(relbot_launch/relbot_launch) by extension 'colcon_meta'
[0.177s] Level 1:colcon.colcon_core.package_identification:_identify(relbot_launch/relbot_launch) by extensions ['ros']
[0.177s] Level 1:colcon.colcon_core.package_identification:_identify(relbot_launch/relbot_launch) by extension 'ros'
[0.178s] DEBUG:colcon.colcon_core.package_identification:Package 'relbot_launch/relbot_launch' with type 'ros.ament_cmake' and name 'relbot_launch'
[0.178s] Level 1:colcon.colcon_core.package_identification:_identify(relbot_msgs) by extensions ['ignore', 'ignore_ament_install']
[0.178s] Level 1:colcon.colcon_core.package_identification:_identify(relbot_msgs) by extension 'ignore'
[0.178s] Level 1:colcon.colcon_core.package_identification:_identify(relbot_msgs) by extension 'ignore_ament_install'
[0.178s] Level 1:colcon.colcon_core.package_identification:_identify(relbot_msgs) by extensions ['colcon_pkg']
[0.178s] Level 1:colcon.colcon_core.package_identification:_identify(relbot_msgs) by extension 'colcon_pkg'
[0.178s] Level 1:colcon.colcon_core.package_identification:_identify(relbot_msgs) by extensions ['colcon_meta']
[0.178s] Level 1:colcon.colcon_core.package_identification:_identify(relbot_msgs) by extension 'colcon_meta'
[0.178s] Level 1:colcon.colcon_core.package_identification:_identify(relbot_msgs) by extensions ['ros']
[0.178s] Level 1:colcon.colcon_core.package_identification:_identify(relbot_msgs) by extension 'ros'
[0.178s] DEBUG:colcon.colcon_core.package_identification:Package 'relbot_msgs' with type 'ros.ament_cmake' and name 'relbot_msgs'
[0.178s] Level 1:colcon.colcon_core.package_identification:_identify(relbot_sequence_controller) by extensions ['ignore', 'ignore_ament_install']
[0.178s] Level 1:colcon.colcon_core.package_identification:_identify(relbot_sequence_controller) by extension 'ignore'
[0.178s] Level 1:colcon.colcon_core.package_identification:_identify(relbot_sequence_controller) by extension 'ignore_ament_install'
[0.179s] Level 1:colcon.colcon_core.package_identification:_identify(relbot_sequence_controller) by extensions ['colcon_pkg']
[0.179s] Level 1:colcon.colcon_core.package_identification:_identify(relbot_sequence_controller) by extension 'colcon_pkg'
[0.179s] Level 1:colcon.colcon_core.package_identification:_identify(relbot_sequence_controller) by extensions ['colcon_meta']
[0.179s] Level 1:colcon.colcon_core.package_identification:_identify(relbot_sequence_controller) by extension 'colcon_meta'
[0.179s] Level 1:colcon.colcon_core.package_identification:_identify(relbot_sequence_controller) by extensions ['ros']
[0.179s] Level 1:colcon.colcon_core.package_identification:_identify(relbot_sequence_controller) by extension 'ros'
[0.179s] Level 1:colcon.colcon_core.package_identification:_identify(relbot_sequence_controller) by extensions ['cmake', 'python']
[0.179s] Level 1:colcon.colcon_core.package_identification:_identify(relbot_sequence_controller) by extension 'cmake'
[0.179s] Level 1:colcon.colcon_core.package_identification:_identify(relbot_sequence_controller) by extension 'python'
[0.179s] Level 1:colcon.colcon_core.package_identification:_identify(relbot_sequence_controller) by extensions ['python_setup_py']
[0.179s] Level 1:colcon.colcon_core.package_identification:_identify(relbot_sequence_controller) by extension 'python_setup_py'
[0.179s] Level 1:colcon.colcon_core.package_identification:_identify(relbot_sequence_controller/__MACOSX) by extensions ['ignore', 'ignore_ament_install']
[0.179s] Level 1:colcon.colcon_core.package_identification:_identify(relbot_sequence_controller/__MACOSX) by extension 'ignore'
[0.179s] Level 1:colcon.colcon_core.package_identification:_identify(relbot_sequence_controller/__MACOSX) by extension 'ignore_ament_install'
[0.179s] Level 1:colcon.colcon_core.package_identification:_identify(relbot_sequence_controller/__MACOSX) by extensions ['colcon_pkg']
[0.179s] Level 1:colcon.colcon_core.package_identification:_identify(relbot_sequence_controller/__MACOSX) by extension 'colcon_pkg'
[0.179s] Level 1:colcon.colcon_core.package_identification:_identify(relbot_sequence_controller/__MACOSX) by extensions ['colcon_meta']
[0.179s] Level 1:colcon.colcon_core.package_identification:_identify(relbot_sequence_controller/__MACOSX) by extension 'colcon_meta'
[0.179s] Level 1:colcon.colcon_core.package_identification:_identify(relbot_sequence_controller/__MACOSX) by extensions ['ros']
[0.179s] Level 1:colcon.colcon_core.package_identification:_identify(relbot_sequence_controller/__MACOSX) by extension 'ros'
[0.179s] Level 1:colcon.colcon_core.package_identification:_identify(relbot_sequence_controller/__MACOSX) by extensions ['cmake', 'python']
[0.179s] Level 1:colcon.colcon_core.package_identification:_identify(relbot_sequence_controller/__MACOSX) by extension 'cmake'
[0.179s] Level 1:colcon.colcon_core.package_identification:_identify(relbot_sequence_controller/__MACOSX) by extension 'python'
[0.179s] Level 1:colcon.colcon_core.package_identification:_identify(relbot_sequence_controller/__MACOSX) by extensions ['python_setup_py']
[0.179s] Level 1:colcon.colcon_core.package_identification:_identify(relbot_sequence_controller/__MACOSX) by extension 'python_setup_py'
[0.179s] Level 1:colcon.colcon_core.package_identification:_identify(relbot_sequence_controller/__MACOSX/relbot_sequence_controller) by extensions ['ignore', 'ignore_ament_install']
[0.179s] Level 1:colcon.colcon_core.package_identification:_identify(relbot_sequence_controller/__MACOSX/relbot_sequence_controller) by extension 'ignore'
[0.179s] Level 1:colcon.colcon_core.package_identification:_identify(relbot_sequence_controller/__MACOSX/relbot_sequence_controller) by extension 'ignore_ament_install'
[0.179s] Level 1:colcon.colcon_core.package_identification:_identify(relbot_sequence_controller/__MACOSX/relbot_sequence_controller) by extensions ['colcon_pkg']
[0.179s] Level 1:colcon.colcon_core.package_identification:_identify(relbot_sequence_controller/__MACOSX/relbot_sequence_controller) by extension 'colcon_pkg'
[0.179s] Level 1:colcon.colcon_core.package_identification:_identify(relbot_sequence_controller/__MACOSX/relbot_sequence_controller) by extensions ['colcon_meta']
[0.179s] Level 1:colcon.colcon_core.package_identification:_identify(relbot_sequence_controller/__MACOSX/relbot_sequence_controller) by extension 'colcon_meta'
[0.179s] Level 1:colcon.colcon_core.package_identification:_identify(relbot_sequence_controller/__MACOSX/relbot_sequence_controller) by extensions ['ros']
[0.180s] Level 1:colcon.colcon_core.package_identification:_identify(relbot_sequence_controller/__MACOSX/relbot_sequence_controller) by extension 'ros'
[0.180s] Level 1:colcon.colcon_core.package_identification:_identify(relbot_sequence_controller/__MACOSX/relbot_sequence_controller) by extensions ['cmake', 'python']
[0.180s] Level 1:colcon.colcon_core.package_identification:_identify(relbot_sequence_controller/__MACOSX/relbot_sequence_controller) by extension 'cmake'
[0.180s] Level 1:colcon.colcon_core.package_identification:_identify(relbot_sequence_controller/__MACOSX/relbot_sequence_controller) by extension 'python'
[0.180s] Level 1:colcon.colcon_core.package_identification:_identify(relbot_sequence_controller/__MACOSX/relbot_sequence_controller) by extensions ['python_setup_py']
[0.180s] Level 1:colcon.colcon_core.package_identification:_identify(relbot_sequence_controller/__MACOSX/relbot_sequence_controller) by extension 'python_setup_py'
[0.180s] Level 1:colcon.colcon_core.package_identification:_identify(relbot_sequence_controller/__MACOSX/relbot_sequence_controller/include) by extensions ['ignore', 'ignore_ament_install']
[0.180s] Level 1:colcon.colcon_core.package_identification:_identify(relbot_sequence_controller/__MACOSX/relbot_sequence_controller/include) by extension 'ignore'
[0.180s] Level 1:colcon.colcon_core.package_identification:_identify(relbot_sequence_controller/__MACOSX/relbot_sequence_controller/include) by extension 'ignore_ament_install'
[0.180s] Level 1:colcon.colcon_core.package_identification:_identify(relbot_sequence_controller/__MACOSX/relbot_sequence_controller/include) by extensions ['colcon_pkg']
[0.180s] Level 1:colcon.colcon_core.package_identification:_identify(relbot_sequence_controller/__MACOSX/relbot_sequence_controller/include) by extension 'colcon_pkg'
[0.180s] Level 1:colcon.colcon_core.package_identification:_identify(relbot_sequence_controller/__MACOSX/relbot_sequence_controller/include) by extensions ['colcon_meta']
[0.180s] Level 1:colcon.colcon_core.package_identification:_identify(relbot_sequence_controller/__MACOSX/relbot_sequence_controller/include) by extension 'colcon_meta'
[0.180s] Level 1:colcon.colcon_core.package_identification:_identify(relbot_sequence_controller/__MACOSX/relbot_sequence_controller/include) by extensions ['ros']
[0.180s] Level 1:colcon.colcon_core.package_identification:_identify(relbot_sequence_controller/__MACOSX/relbot_sequence_controller/include) by extension 'ros'
[0.180s] Level 1:colcon.colcon_core.package_identification:_identify(relbot_sequence_controller/__MACOSX/relbot_sequence_controller/include) by extensions ['cmake', 'python']
[0.180s] Level 1:colcon.colcon_core.package_identification:_identify(relbot_sequence_controller/__MACOSX/relbot_sequence_controller/include) by extension 'cmake'
[0.180s] Level 1:colcon.colcon_core.package_identification:_identify(relbot_sequence_controller/__MACOSX/relbot_sequence_controller/include) by extension 'python'
[0.180s] Level 1:colcon.colcon_core.package_identification:_identify(relbot_sequence_controller/__MACOSX/relbot_sequence_controller/include) by extensions ['python_setup_py']
[0.180s] Level 1:colcon.colcon_core.package_identification:_identify(relbot_sequence_controller/__MACOSX/relbot_sequence_controller/include) by extension 'python_setup_py'
[0.180s] Level 1:colcon.colcon_core.package_identification:_identify(relbot_sequence_controller/relbot_sequence_controller) by extensions ['ignore', 'ignore_ament_install']
[0.180s] Level 1:colcon.colcon_core.package_identification:_identify(relbot_sequence_controller/relbot_sequence_controller) by extension 'ignore'
[0.180s] Level 1:colcon.colcon_core.package_identification:_identify(relbot_sequence_controller/relbot_sequence_controller) by extension 'ignore_ament_install'
[0.180s] Level 1:colcon.colcon_core.package_identification:_identify(relbot_sequence_controller/relbot_sequence_controller) by extensions ['colcon_pkg']
[0.180s] Level 1:colcon.colcon_core.package_identification:_identify(relbot_sequence_controller/relbot_sequence_controller) by extension 'colcon_pkg'
[0.180s] Level 1:colcon.colcon_core.package_identification:_identify(relbot_sequence_controller/relbot_sequence_controller) by extensions ['colcon_meta']
[0.180s] Level 1:colcon.colcon_core.package_identification:_identify(relbot_sequence_controller/relbot_sequence_controller) by extension 'colcon_meta'
[0.180s] Level 1:colcon.colcon_core.package_identification:_identify(relbot_sequence_controller/relbot_sequence_controller) by extensions ['ros']
[0.180s] Level 1:colcon.colcon_core.package_identification:_identify(relbot_sequence_controller/relbot_sequence_controller) by extension 'ros'
[0.181s] DEBUG:colcon.colcon_core.package_identification:Package 'relbot_sequence_controller/relbot_sequence_controller' with type 'ros.ament_cmake' and name 'relbot_sequence_controller'
[0.181s] Level 1:colcon.colcon_core.package_identification:_identify(relbot_simulator) by extensions ['ignore', 'ignore_ament_install']
[0.181s] Level 1:colcon.colcon_core.package_identification:_identify(relbot_simulator) by extension 'ignore'
[0.181s] Level 1:colcon.colcon_core.package_identification:_identify(relbot_simulator) by extension 'ignore_ament_install'
[0.181s] Level 1:colcon.colcon_core.package_identification:_identify(relbot_simulator) by extensions ['colcon_pkg']
[0.181s] Level 1:colcon.colcon_core.package_identification:_identify(relbot_simulator) by extension 'colcon_pkg'
[0.181s] Level 1:colcon.colcon_core.package_identification:_identify(relbot_simulator) by extensions ['colcon_meta']
[0.181s] Level 1:colcon.colcon_core.package_identification:_identify(relbot_simulator) by extension 'colcon_meta'
[0.181s] Level 1:colcon.colcon_core.package_identification:_identify(relbot_simulator) by extensions ['ros']
[0.181s] Level 1:colcon.colcon_core.package_identification:_identify(relbot_simulator) by extension 'ros'
[0.181s] DEBUG:colcon.colcon_core.package_identification:Package 'relbot_simulator' with type 'ros.ament_cmake' and name 'relbot_simulator'
[0.181s] Level 1:colcon.colcon_core.package_discovery:discover_packages(recursive) using defaults
[0.181s] Level 1:colcon.colcon_core.package_discovery:discover_packages(ignore) discover
[0.182s] Level 1:colcon.colcon_core.package_discovery:discover_packages(ignore) using defaults
[0.182s] Level 1:colcon.colcon_core.package_discovery:discover_packages(path) discover
[0.182s] Level 1:colcon.colcon_core.package_discovery:discover_packages(path) using defaults
[0.203s] Level 1:colcon.colcon_core.package_discovery:discover_packages(prefix_path) check parameters
[0.203s] Level 1:colcon.colcon_core.package_discovery:discover_packages(prefix_path) discover
[0.204s] DEBUG:colcon.colcon_installed_package_information.package_discovery:Found 6 installed packages in /home/raghav742/SDfR/Assignments/assignment5/ros2_ws/src/install
[0.204s] DEBUG:colcon.colcon_installed_package_information.package_discovery:Found 6 installed packages in /home/raghav742/SDfR/Relbot_ws/install
[0.205s] DEBUG:colcon.colcon_installed_package_information.package_discovery:Found 324 installed packages in /opt/ros/humble
[0.206s] Level 1:colcon.colcon_core.package_discovery:discover_packages(prefix_path) using defaults
[0.233s] Level 5:colcon.colcon_core.verb:set package 'relbot2turtlesim' build argument 'cmake_args' from command line to 'None'
[0.233s] Level 5:colcon.colcon_core.verb:set package 'relbot2turtlesim' build argument 'cmake_target' from command line to 'None'
[0.233s] Level 5:colcon.colcon_core.verb:set package 'relbot2turtlesim' build argument 'cmake_target_skip_unavailable' from command line to 'False'
[0.233s] Level 5:colcon.colcon_core.verb:set package 'relbot2turtlesim' build argument 'cmake_clean_cache' from command line to 'False'
[0.233s] Level 5:colcon.colcon_core.verb:set package 'relbot2turtlesim' build argument 'cmake_clean_first' from command line to 'False'
[0.233s] Level 5:colcon.colcon_core.verb:set package 'relbot2turtlesim' build argument 'cmake_force_configure' from command line to 'False'
[0.233s] Level 5:colcon.colcon_core.verb:set package 'relbot2turtlesim' build argument 'ament_cmake_args' from command line to 'None'
[0.233s] Level 5:colcon.colcon_core.verb:set package 'relbot2turtlesim' build argument 'catkin_cmake_args' from command line to 'None'
[0.233s] Level 5:colcon.colcon_core.verb:set package 'relbot2turtlesim' build argument 'catkin_skip_building_tests' from command line to 'False'
[0.233s] DEBUG:colcon.colcon_core.verb:Building package 'relbot2turtlesim' with the following arguments: {'ament_cmake_args': None, 'build_base': '/home/raghav742/SDfR/Assignments/assignment5/ros2_ws/src/build/relbot2turtlesim', 'catkin_cmake_args': None, 'catkin_skip_building_tests': False, 'cmake_args': None, 'cmake_clean_cache': False, 'cmake_clean_first': False, 'cmake_force_configure': False, 'cmake_target': None, 'cmake_target_skip_unavailable': False, 'install_base': '/home/raghav742/SDfR/Assignments/assignment5/ros2_ws/src/install/relbot2turtlesim', 'merge_install': False, 'path': '/home/raghav742/SDfR/Assignments/assignment5/ros2_ws/src/relbot2turtlesim/relbot2turtlesim', 'symlink_install': False, 'test_result_base': None}
[0.233s] Level 5:colcon.colcon_core.verb:set package 'relbot_adapter' build argument 'cmake_args' from command line to 'None'
[0.233s] Level 5:colcon.colcon_core.verb:set package 'relbot_adapter' build argument 'cmake_target' from command line to 'None'
[0.233s] Level 5:colcon.colcon_core.verb:set package 'relbot_adapter' build argument 'cmake_target_skip_unavailable' from command line to 'False'
[0.233s] Level 5:colcon.colcon_core.verb:set package 'relbot_adapter' build argument 'cmake_clean_cache' from command line to 'False'
[0.233s] Level 5:colcon.colcon_core.verb:set package 'relbot_adapter' build argument 'cmake_clean_first' from command line to 'False'
[0.233s] Level 5:colcon.colcon_core.verb:set package 'relbot_adapter' build argument 'cmake_force_configure' from command line to 'False'
[0.233s] Level 5:colcon.colcon_core.verb:set package 'relbot_adapter' build argument 'ament_cmake_args' from command line to 'None'
[0.233s] Level 5:colcon.colcon_core.verb:set package 'relbot_adapter' build argument 'catkin_cmake_args' from command line to 'None'
[0.233s] Level 5:colcon.colcon_core.verb:set package 'relbot_adapter' build argument 'catkin_skip_building_tests' from command line to 'False'
[0.233s] DEBUG:colcon.colcon_core.verb:Building package 'relbot_adapter' with the following arguments: {'ament_cmake_args': None, 'build_base': '/home/raghav742/SDfR/Assignments/assignment5/ros2_ws/src/build/relbot_adapter', 'catkin_cmake_args': None, 'catkin_skip_building_tests': False, 'cmake_args': None, 'cmake_clean_cache': False, 'cmake_clean_first': False, 'cmake_force_configure': False, 'cmake_target': None, 'cmake_target_skip_unavailable': False, 'install_base': '/home/raghav742/SDfR/Assignments/assignment5/ros2_ws/src/install/relbot_adapter', 'merge_install': False, 'path': '/home/raghav742/SDfR/Assignments/assignment5/ros2_ws/src/relbot_adapter', 'symlink_install': False, 'test_result_base': None}
[0.233s] Level 5:colcon.colcon_core.verb:set package 'relbot_launch' build argument 'cmake_args' from command line to 'None'
[0.233s] Level 5:colcon.colcon_core.verb:set package 'relbot_launch' build argument 'cmake_target' from command line to 'None'
[0.233s] Level 5:colcon.colcon_core.verb:set package 'relbot_launch' build argument 'cmake_target_skip_unavailable' from command line to 'False'
[0.233s] Level 5:colcon.colcon_core.verb:set package 'relbot_launch' build argument 'cmake_clean_cache' from command line to 'False'
[0.233s] Level 5:colcon.colcon_core.verb:set package 'relbot_launch' build argument 'cmake_clean_first' from command line to 'False'
[0.233s] Level 5:colcon.colcon_core.verb:set package 'relbot_launch' build argument 'cmake_force_configure' from command line to 'False'
[0.234s] Level 5:colcon.colcon_core.verb:set package 'relbot_launch' build argument 'ament_cmake_args' from command line to 'None'
[0.234s] Level 5:colcon.colcon_core.verb:set package 'relbot_launch' build argument 'catkin_cmake_args' from command line to 'None'
[0.234s] Level 5:colcon.colcon_core.verb:set package 'relbot_launch' build argument 'catkin_skip_building_tests' from command line to 'False'
[0.234s] DEBUG:colcon.colcon_core.verb:Building package 'relbot_launch' with the following arguments: {'ament_cmake_args': None, 'build_base': '/home/raghav742/SDfR/Assignments/assignment5/ros2_ws/src/build/relbot_launch', 'catkin_cmake_args': None, 'catkin_skip_building_tests': False, 'cmake_args': None, 'cmake_clean_cache': False, 'cmake_clean_first': False, 'cmake_force_configure': False, 'cmake_target': None, 'cmake_target_skip_unavailable': False, 'install_base': '/home/raghav742/SDfR/Assignments/assignment5/ros2_ws/src/install/relbot_launch', 'merge_install': False, 'path': '/home/raghav742/SDfR/Assignments/assignment5/ros2_ws/src/relbot_launch/relbot_launch', 'symlink_install': False, 'test_result_base': None}
[0.234s] Level 5:colcon.colcon_core.verb:set package 'relbot_msgs' build argument 'cmake_args' from command line to 'None'
[0.234s] Level 5:colcon.colcon_core.verb:set package 'relbot_msgs' build argument 'cmake_target' from command line to 'None'
[0.234s] Level 5:colcon.colcon_core.verb:set package 'relbot_msgs' build argument 'cmake_target_skip_unavailable' from command line to 'False'
[0.234s] Level 5:colcon.colcon_core.verb:set package 'relbot_msgs' build argument 'cmake_clean_cache' from command line to 'False'
[0.234s] Level 5:colcon.colcon_core.verb:set package 'relbot_msgs' build argument 'cmake_clean_first' from command line to 'False'
[0.234s] Level 5:colcon.colcon_core.verb:set package 'relbot_msgs' build argument 'cmake_force_configure' from command line to 'False'
[0.234s] Level 5:colcon.colcon_core.verb:set package 'relbot_msgs' build argument 'ament_cmake_args' from command line to 'None'
[0.234s] Level 5:colcon.colcon_core.verb:set package 'relbot_msgs' build argument 'catkin_cmake_args' from command line to 'None'
[0.234s] Level 5:colcon.colcon_core.verb:set package 'relbot_msgs' build argument 'catkin_skip_building_tests' from command line to 'False'
[0.234s] DEBUG:colcon.colcon_core.verb:Building package 'relbot_msgs' with the following arguments: {'ament_cmake_args': None, 'build_base': '/home/raghav742/SDfR/Assignments/assignment5/ros2_ws/src/build/relbot_msgs', 'catkin_cmake_args': None, 'catkin_skip_building_tests': False, 'cmake_args': None, 'cmake_clean_cache': False, 'cmake_clean_first': False, 'cmake_force_configure': False, 'cmake_target': None, 'cmake_target_skip_unavailable': False, 'install_base': '/home/raghav742/SDfR/Assignments/assignment5/ros2_ws/src/install/relbot_msgs', 'merge_install': False, 'path': '/home/raghav742/SDfR/Assignments/assignment5/ros2_ws/src/relbot_msgs', 'symlink_install': False, 'test_result_base': None}
[0.234s] Level 5:colcon.colcon_core.verb:set package 'relbot_sequence_controller' build argument 'cmake_args' from command line to 'None'
[0.234s] Level 5:colcon.colcon_core.verb:set package 'relbot_sequence_controller' build argument 'cmake_target' from command line to 'None'
[0.234s] Level 5:colcon.colcon_core.verb:set package 'relbot_sequence_controller' build argument 'cmake_target_skip_unavailable' from command line to 'False'
[0.234s] Level 5:colcon.colcon_core.verb:set package 'relbot_sequence_controller' build argument 'cmake_clean_cache' from command line to 'False'
[0.234s] Level 5:colcon.colcon_core.verb:set package 'relbot_sequence_controller' build argument 'cmake_clean_first' from command line to 'False'
[0.234s] Level 5:colcon.colcon_core.verb:set package 'relbot_sequence_controller' build argument 'cmake_force_configure' from command line to 'False'
[0.234s] Level 5:colcon.colcon_core.verb:set package 'relbot_sequence_controller' build argument 'ament_cmake_args' from command line to 'None'
[0.234s] Level 5:colcon.colcon_core.verb:set package 'relbot_sequence_controller' build argument 'catkin_cmake_args' from command line to 'None'
[0.234s] Level 5:colcon.colcon_core.verb:set package 'relbot_sequence_controller' build argument 'catkin_skip_building_tests' from command line to 'False'
[0.234s] DEBUG:colcon.colcon_core.verb:Building package 'relbot_sequence_controller' with the following arguments: {'ament_cmake_args': None, 'build_base': '/home/raghav742/SDfR/Assignments/assignment5/ros2_ws/src/build/relbot_sequence_controller', 'catkin_cmake_args': None, 'catkin_skip_building_tests': False, 'cmake_args': None, 'cmake_clean_cache': False, 'cmake_clean_first': False, 'cmake_force_configure': False, 'cmake_target': None, 'cmake_target_skip_unavailable': False, 'install_base': '/home/raghav742/SDfR/Assignments/assignment5/ros2_ws/src/install/relbot_sequence_controller', 'merge_install': False, 'path': '/home/raghav742/SDfR/Assignments/assignment5/ros2_ws/src/relbot_sequence_controller/relbot_sequence_controller', 'symlink_install': False, 'test_result_base': None}
[0.234s] Level 5:colcon.colcon_core.verb:set package 'relbot_simulator' build argument 'cmake_args' from command line to 'None'
[0.235s] Level 5:colcon.colcon_core.verb:set package 'relbot_simulator' build argument 'cmake_target' from command line to 'None'
[0.235s] Level 5:colcon.colcon_core.verb:set package 'relbot_simulator' build argument 'cmake_target_skip_unavailable' from command line to 'False'
[0.235s] Level 5:colcon.colcon_core.verb:set package 'relbot_simulator' build argument 'cmake_clean_cache' from command line to 'False'
[0.235s] Level 5:colcon.colcon_core.verb:set package 'relbot_simulator' build argument 'cmake_clean_first' from command line to 'False'
[0.235s] Level 5:colcon.colcon_core.verb:set package 'relbot_simulator' build argument 'cmake_force_configure' from command line to 'False'
[0.235s] Level 5:colcon.colcon_core.verb:set package 'relbot_simulator' build argument 'ament_cmake_args' from command line to 'None'
[0.235s] Level 5:colcon.colcon_core.verb:set package 'relbot_simulator' build argument 'catkin_cmake_args' from command line to 'None'
[0.235s] Level 5:colcon.colcon_core.verb:set package 'relbot_simulator' build argument 'catkin_skip_building_tests' from command line to 'False'
[0.235s] DEBUG:colcon.colcon_core.verb:Building package 'relbot_simulator' with the following arguments: {'ament_cmake_args': None, 'build_base': '/home/raghav742/SDfR/Assignments/assignment5/ros2_ws/src/build/relbot_simulator', 'catkin_cmake_args': None, 'catkin_skip_building_tests': False, 'cmake_args': None, 'cmake_clean_cache': False, 'cmake_clean_first': False, 'cmake_force_configure': False, 'cmake_target': None, 'cmake_target_skip_unavailable': False, 'install_base': '/home/raghav742/SDfR/Assignments/assignment5/ros2_ws/src/install/relbot_simulator', 'merge_install': False, 'path': '/home/raghav742/SDfR/Assignments/assignment5/ros2_ws/src/relbot_simulator', 'symlink_install': False, 'test_result_base': None}
[0.235s] INFO:colcon.colcon_core.executor:Executing jobs using 'parallel' executor
[0.235s] DEBUG:colcon.colcon_parallel_executor.executor.parallel:run_until_complete
[0.235s] INFO:colcon.colcon_ros.task.ament_cmake.build:Building ROS package in '/home/raghav742/SDfR/Assignments/assignment5/ros2_ws/src/relbot_msgs' with build type 'ament_cmake'
[0.236s] INFO:colcon.colcon_cmake.task.cmake.build:Building CMake package in '/home/raghav742/SDfR/Assignments/assignment5/ros2_ws/src/relbot_msgs'
[0.237s] INFO:colcon.colcon_core.plugin_system:Skipping extension 'colcon_core.shell.bat': Not used on non-Windows systems
[0.237s] INFO:colcon.colcon_core.shell:Skip shell extension 'powershell' for command environment: Not usable outside of PowerShell
[0.237s] DEBUG:colcon.colcon_core.shell:Skip shell extension 'dsv' for command environment
[0.240s] INFO:colcon.colcon_ros.task.ament_cmake.build:Building ROS package in '/home/raghav742/SDfR/Assignments/assignment5/ros2_ws/src/relbot2turtlesim/relbot2turtlesim' with build type 'ament_cmake'
[0.240s] INFO:colcon.colcon_cmake.task.cmake.build:Building CMake package in '/home/raghav742/SDfR/Assignments/assignment5/ros2_ws/src/relbot2turtlesim/relbot2turtlesim'
[0.240s] INFO:colcon.colcon_core.shell:Skip shell extension 'powershell' for command environment: Not usable outside of PowerShell
[0.240s] DEBUG:colcon.colcon_core.shell:Skip shell extension 'dsv' for command environment
[0.242s] INFO:colcon.colcon_ros.task.ament_cmake.build:Building ROS package in '/home/raghav742/SDfR/Assignments/assignment5/ros2_ws/src/relbot_adapter' with build type 'ament_cmake'
[0.242s] INFO:colcon.colcon_cmake.task.cmake.build:Building CMake package in '/home/raghav742/SDfR/Assignments/assignment5/ros2_ws/src/relbot_adapter'
[0.242s] INFO:colcon.colcon_core.shell:Skip shell extension 'powershell' for command environment: Not usable outside of PowerShell
[0.242s] DEBUG:colcon.colcon_core.shell:Skip shell extension 'dsv' for command environment
[0.246s] INFO:colcon.colcon_ros.task.ament_cmake.build:Building ROS package in '/home/raghav742/SDfR/Assignments/assignment5/ros2_ws/src/relbot_launch/relbot_launch' with build type 'ament_cmake'
[0.246s] INFO:colcon.colcon_cmake.task.cmake.build:Building CMake package in '/home/raghav742/SDfR/Assignments/assignment5/ros2_ws/src/relbot_launch/relbot_launch'
[0.246s] INFO:colcon.colcon_core.shell:Skip shell extension 'powershell' for command environment: Not usable outside of PowerShell
[0.246s] DEBUG:colcon.colcon_core.shell:Skip shell extension 'dsv' for command environment
[0.249s] INFO:colcon.colcon_ros.task.ament_cmake.build:Building ROS package in '/home/raghav742/SDfR/Assignments/assignment5/ros2_ws/src/relbot_sequence_controller/relbot_sequence_controller' with build type 'ament_cmake'
[0.250s] INFO:colcon.colcon_cmake.task.cmake.build:Building CMake package in '/home/raghav742/SDfR/Assignments/assignment5/ros2_ws/src/relbot_sequence_controller/relbot_sequence_controller'
[0.250s] INFO:colcon.colcon_core.shell:Skip shell extension 'powershell' for command environment: Not usable outside of PowerShell
[0.250s] DEBUG:colcon.colcon_core.shell:Skip shell extension 'dsv' for command environment
[0.257s] DEBUG:colcon.colcon_core.event_handler.log_command:Invoking command in '/home/raghav742/SDfR/Assignments/assignment5/ros2_ws/src/build/relbot_msgs': CMAKE_PREFIX_PATH=${CMAKE_PREFIX_PATH}:/opt/ros/humble /usr/bin/cmake --build /home/raghav742/SDfR/Assignments/assignment5/ros2_ws/src/build/relbot_msgs -- -j8 -l8
[0.259s] DEBUG:colcon.colcon_core.event_handler.log_command:Invoking command in '/home/raghav742/SDfR/Assignments/assignment5/ros2_ws/src/build/relbot2turtlesim': CMAKE_PREFIX_PATH=${CMAKE_PREFIX_PATH}:/opt/ros/humble /usr/bin/cmake --build /home/raghav742/SDfR/Assignments/assignment5/ros2_ws/src/build/relbot2turtlesim -- -j8 -l8
[0.260s] DEBUG:colcon.colcon_core.event_handler.log_command:Invoking command in '/home/raghav742/SDfR/Assignments/assignment5/ros2_ws/src/build/relbot_adapter': CMAKE_PREFIX_PATH=${CMAKE_PREFIX_PATH}:/opt/ros/humble /usr/bin/cmake --build /home/raghav742/SDfR/Assignments/assignment5/ros2_ws/src/build/relbot_adapter -- -j8 -l8
[0.265s] DEBUG:colcon.colcon_core.event_handler.log_command:Invoking command in '/home/raghav742/SDfR/Assignments/assignment5/ros2_ws/src/build/relbot_launch': CMAKE_PREFIX_PATH=${CMAKE_PREFIX_PATH}:/opt/ros/humble /usr/bin/cmake --build /home/raghav742/SDfR/Assignments/assignment5/ros2_ws/src/build/relbot_launch -- -j8 -l8
[0.268s] DEBUG:colcon.colcon_core.event_handler.log_command:Invoking command in '/home/raghav742/SDfR/Assignments/assignment5/ros2_ws/src/build/relbot_sequence_controller': CMAKE_PREFIX_PATH=${CMAKE_PREFIX_PATH}:/opt/ros/humble /usr/bin/cmake --build /home/raghav742/SDfR/Assignments/assignment5/ros2_ws/src/build/relbot_sequence_controller -- -j8 -l8
[0.289s] DEBUG:colcon.colcon_core.event_handler.log_command:Invoked command in '/home/raghav742/SDfR/Assignments/assignment5/ros2_ws/src/build/relbot_launch' returned '0': CMAKE_PREFIX_PATH=${CMAKE_PREFIX_PATH}:/opt/ros/humble /usr/bin/cmake --build /home/raghav742/SDfR/Assignments/assignment5/ros2_ws/src/build/relbot_launch -- -j8 -l8
[0.298s] DEBUG:colcon.colcon_core.event_handler.log_command:Invoking command in '/home/raghav742/SDfR/Assignments/assignment5/ros2_ws/src/build/relbot_launch': CMAKE_PREFIX_PATH=${CMAKE_PREFIX_PATH}:/opt/ros/humble /usr/bin/cmake --install /home/raghav742/SDfR/Assignments/assignment5/ros2_ws/src/build/relbot_launch
[0.308s] Level 1:colcon.colcon_core.environment:create_environment_scripts_only(relbot_launch)
[0.310s] DEBUG:colcon.colcon_core.event_handler.log_command:Invoked command in '/home/raghav742/SDfR/Assignments/assignment5/ros2_ws/src/build/relbot_launch' returned '0': CMAKE_PREFIX_PATH=${CMAKE_PREFIX_PATH}:/opt/ros/humble /usr/bin/cmake --install /home/raghav742/SDfR/Assignments/assignment5/ros2_ws/src/build/relbot_launch
[0.313s] Level 1:colcon.colcon_core.environment:checking '/home/raghav742/SDfR/Assignments/assignment5/ros2_ws/src/install/relbot_launch' for CMake module files
[0.313s] Level 1:colcon.colcon_core.environment:checking '/home/raghav742/SDfR/Assignments/assignment5/ros2_ws/src/install/relbot_launch' for CMake config files
[0.314s] Level 1:colcon.colcon_core.shell:create_environment_hook('relbot_launch', 'cmake_prefix_path')
[0.314s] INFO:colcon.colcon_core.shell:Creating environment hook '/home/raghav742/SDfR/Assignments/assignment5/ros2_ws/src/install/relbot_launch/share/relbot_launch/hook/cmake_prefix_path.ps1'
[0.315s] INFO:colcon.colcon_core.shell:Creating environment descriptor '/home/raghav742/SDfR/Assignments/assignment5/ros2_ws/src/install/relbot_launch/share/relbot_launch/hook/cmake_prefix_path.dsv'
[0.316s] INFO:colcon.colcon_core.shell:Creating environment hook '/home/raghav742/SDfR/Assignments/assignment5/ros2_ws/src/install/relbot_launch/share/relbot_launch/hook/cmake_prefix_path.sh'
[0.318s] Level 1:colcon.colcon_core.environment:checking '/home/raghav742/SDfR/Assignments/assignment5/ros2_ws/src/install/relbot_launch/bin'
[0.318s] Level 1:colcon.colcon_core.environment:checking '/home/raghav742/SDfR/Assignments/assignment5/ros2_ws/src/install/relbot_launch/lib/pkgconfig/relbot_launch.pc'
[0.319s] Level 1:colcon.colcon_core.environment:checking '/home/raghav742/SDfR/Assignments/assignment5/ros2_ws/src/install/relbot_launch/lib/python3.10/site-packages'
[0.319s] Level 1:colcon.colcon_core.environment:checking '/home/raghav742/SDfR/Assignments/assignment5/ros2_ws/src/install/relbot_launch/bin'
[0.320s] INFO:colcon.colcon_core.shell:Creating package script '/home/raghav742/SDfR/Assignments/assignment5/ros2_ws/src/install/relbot_launch/share/relbot_launch/package.ps1'
[0.322s] INFO:colcon.colcon_core.shell:Creating package descriptor '/home/raghav742/SDfR/Assignments/assignment5/ros2_ws/src/install/relbot_launch/share/relbot_launch/package.dsv'
[0.323s] INFO:colcon.colcon_core.shell:Creating package script '/home/raghav742/SDfR/Assignments/assignment5/ros2_ws/src/install/relbot_launch/share/relbot_launch/package.sh'
[0.325s] INFO:colcon.colcon_core.shell:Creating package script '/home/raghav742/SDfR/Assignments/assignment5/ros2_ws/src/install/relbot_launch/share/relbot_launch/package.bash'
[0.326s] INFO:colcon.colcon_core.shell:Creating package script '/home/raghav742/SDfR/Assignments/assignment5/ros2_ws/src/install/relbot_launch/share/relbot_launch/package.zsh'
[0.327s] Level 1:colcon.colcon_core.environment:create_file_with_runtime_dependencies(/home/raghav742/SDfR/Assignments/assignment5/ros2_ws/src/install/relbot_launch/share/colcon-core/packages/relbot_launch)
[0.327s] Level 1:colcon.colcon_core.environment:create_environment_scripts_only(relbot_launch)
[0.327s] Level 1:colcon.colcon_core.environment:checking '/home/raghav742/SDfR/Assignments/assignment5/ros2_ws/src/install/relbot_launch' for CMake module files
[0.328s] Level 1:colcon.colcon_core.environment:checking '/home/raghav742/SDfR/Assignments/assignment5/ros2_ws/src/install/relbot_launch' for CMake config files
[0.328s] Level 1:colcon.colcon_core.shell:create_environment_hook('relbot_launch', 'cmake_prefix_path')
[0.328s] INFO:colcon.colcon_core.shell:Creating environment hook '/home/raghav742/SDfR/Assignments/assignment5/ros2_ws/src/install/relbot_launch/share/relbot_launch/hook/cmake_prefix_path.ps1'
[0.328s] INFO:colcon.colcon_core.shell:Creating environment descriptor '/home/raghav742/SDfR/Assignments/assignment5/ros2_ws/src/install/relbot_launch/share/relbot_launch/hook/cmake_prefix_path.dsv'
[0.329s] INFO:colcon.colcon_core.shell:Creating environment hook '/home/raghav742/SDfR/Assignments/assignment5/ros2_ws/src/install/relbot_launch/share/relbot_launch/hook/cmake_prefix_path.sh'
[0.329s] Level 1:colcon.colcon_core.environment:checking '/home/raghav742/SDfR/Assignments/assignment5/ros2_ws/src/install/relbot_launch/bin'
[0.329s] Level 1:colcon.colcon_core.environment:checking '/home/raghav742/SDfR/Assignments/assignment5/ros2_ws/src/install/relbot_launch/lib/pkgconfig/relbot_launch.pc'
[0.329s] Level 1:colcon.colcon_core.environment:checking '/home/raghav742/SDfR/Assignments/assignment5/ros2_ws/src/install/relbot_launch/lib/python3.10/site-packages'
[0.330s] Level 1:colcon.colcon_core.environment:checking '/home/raghav742/SDfR/Assignments/assignment5/ros2_ws/src/install/relbot_launch/bin'
[0.330s] INFO:colcon.colcon_core.shell:Creating package script '/home/raghav742/SDfR/Assignments/assignment5/ros2_ws/src/install/relbot_launch/share/relbot_launch/package.ps1'
[0.331s] INFO:colcon.colcon_core.shell:Creating package descriptor '/home/raghav742/SDfR/Assignments/assignment5/ros2_ws/src/install/relbot_launch/share/relbot_launch/package.dsv'
[0.331s] INFO:colcon.colcon_core.shell:Creating package script '/home/raghav742/SDfR/Assignments/assignment5/ros2_ws/src/install/relbot_launch/share/relbot_launch/package.sh'
[0.332s] INFO:colcon.colcon_core.shell:Creating package script '/home/raghav742/SDfR/Assignments/assignment5/ros2_ws/src/install/relbot_launch/share/relbot_launch/package.bash'
[0.332s] INFO:colcon.colcon_core.shell:Creating package script '/home/raghav742/SDfR/Assignments/assignment5/ros2_ws/src/install/relbot_launch/share/relbot_launch/package.zsh'
[0.332s] Level 1:colcon.colcon_core.environment:create_file_with_runtime_dependencies(/home/raghav742/SDfR/Assignments/assignment5/ros2_ws/src/install/relbot_launch/share/colcon-core/packages/relbot_launch)
[0.334s] DEBUG:colcon.colcon_core.event_handler.log_command:Invoked command in '/home/raghav742/SDfR/Assignments/assignment5/ros2_ws/src/build/relbot_adapter' returned '0': CMAKE_PREFIX_PATH=${CMAKE_PREFIX_PATH}:/opt/ros/humble /usr/bin/cmake --build /home/raghav742/SDfR/Assignments/assignment5/ros2_ws/src/build/relbot_adapter -- -j8 -l8
[0.335s] DEBUG:colcon.colcon_core.event_handler.log_command:Invoking command in '/home/raghav742/SDfR/Assignments/assignment5/ros2_ws/src/build/relbot_adapter': CMAKE_PREFIX_PATH=${CMAKE_PREFIX_PATH}:/opt/ros/humble /usr/bin/cmake --install /home/raghav742/SDfR/Assignments/assignment5/ros2_ws/src/build/relbot_adapter
[0.336s] DEBUG:colcon.colcon_core.event_handler.log_command:Invoked command in '/home/raghav742/SDfR/Assignments/assignment5/ros2_ws/src/build/relbot2turtlesim' returned '0': CMAKE_PREFIX_PATH=${CMAKE_PREFIX_PATH}:/opt/ros/humble /usr/bin/cmake --build /home/raghav742/SDfR/Assignments/assignment5/ros2_ws/src/build/relbot2turtlesim -- -j8 -l8
[0.338s] DEBUG:colcon.colcon_core.event_handler.log_command:Invoking command in '/home/raghav742/SDfR/Assignments/assignment5/ros2_ws/src/build/relbot2turtlesim': CMAKE_PREFIX_PATH=${CMAKE_PREFIX_PATH}:/opt/ros/humble /usr/bin/cmake --install /home/raghav742/SDfR/Assignments/assignment5/ros2_ws/src/build/relbot2turtlesim
[0.343s] Level 1:colcon.colcon_core.environment:create_environment_scripts_only(relbot_adapter)
[0.344s] Level 1:colcon.colcon_core.environment:checking '/home/raghav742/SDfR/Assignments/assignment5/ros2_ws/src/install/relbot_adapter' for CMake module files
[0.345s] DEBUG:colcon.colcon_core.event_handler.log_command:Invoked command in '/home/raghav742/SDfR/Assignments/assignment5/ros2_ws/src/build/relbot_adapter' returned '0': CMAKE_PREFIX_PATH=${CMAKE_PREFIX_PATH}:/opt/ros/humble /usr/bin/cmake --install /home/raghav742/SDfR/Assignments/assignment5/ros2_ws/src/build/relbot_adapter
[0.347s] Level 1:colcon.colcon_core.environment:checking '/home/raghav742/SDfR/Assignments/assignment5/ros2_ws/src/install/relbot_adapter' for CMake config files
[0.347s] Level 1:colcon.colcon_core.shell:create_environment_hook('relbot_adapter', 'cmake_prefix_path')
[0.347s] INFO:colcon.colcon_core.shell:Creating environment hook '/home/raghav742/SDfR/Assignments/assignment5/ros2_ws/src/install/relbot_adapter/share/relbot_adapter/hook/cmake_prefix_path.ps1'
[0.348s] INFO:colcon.colcon_core.shell:Creating environment descriptor '/home/raghav742/SDfR/Assignments/assignment5/ros2_ws/src/install/relbot_adapter/share/relbot_adapter/hook/cmake_prefix_path.dsv'
[0.348s] INFO:colcon.colcon_core.shell:Creating environment hook '/home/raghav742/SDfR/Assignments/assignment5/ros2_ws/src/install/relbot_adapter/share/relbot_adapter/hook/cmake_prefix_path.sh'
[0.349s] Level 1:colcon.colcon_core.environment:checking '/home/raghav742/SDfR/Assignments/assignment5/ros2_ws/src/install/relbot_adapter/lib'
[0.349s] Level 1:colcon.colcon_core.environment:checking '/home/raghav742/SDfR/Assignments/assignment5/ros2_ws/src/install/relbot_adapter/bin'
[0.349s] Level 1:colcon.colcon_core.environment:checking '/home/raghav742/SDfR/Assignments/assignment5/ros2_ws/src/install/relbot_adapter/lib/pkgconfig/relbot_adapter.pc'
[0.349s] Level 1:colcon.colcon_core.environment:checking '/home/raghav742/SDfR/Assignments/assignment5/ros2_ws/src/install/relbot_adapter/lib/python3.10/site-packages'
[0.350s] Level 1:colcon.colcon_core.environment:checking '/home/raghav742/SDfR/Assignments/assignment5/ros2_ws/src/install/relbot_adapter/bin'
[0.350s] INFO:colcon.colcon_core.shell:Creating package script '/home/raghav742/SDfR/Assignments/assignment5/ros2_ws/src/install/relbot_adapter/share/relbot_adapter/package.ps1'
[0.351s] INFO:colcon.colcon_core.shell:Creating package descriptor '/home/raghav742/SDfR/Assignments/assignment5/ros2_ws/src/install/relbot_adapter/share/relbot_adapter/package.dsv'
[0.351s] INFO:colcon.colcon_core.shell:Creating package script '/home/raghav742/SDfR/Assignments/assignment5/ros2_ws/src/install/relbot_adapter/share/relbot_adapter/package.sh'
[0.351s] INFO:colcon.colcon_core.shell:Creating package script '/home/raghav742/SDfR/Assignments/assignment5/ros2_ws/src/install/relbot_adapter/share/relbot_adapter/package.bash'
[0.352s] INFO:colcon.colcon_core.shell:Creating package script '/home/raghav742/SDfR/Assignments/assignment5/ros2_ws/src/install/relbot_adapter/share/relbot_adapter/package.zsh'
[0.352s] Level 1:colcon.colcon_core.environment:create_file_with_runtime_dependencies(/home/raghav742/SDfR/Assignments/assignment5/ros2_ws/src/install/relbot_adapter/share/colcon-core/packages/relbot_adapter)
[0.353s] Level 1:colcon.colcon_core.environment:create_environment_scripts_only(relbot_adapter)
[0.353s] Level 1:colcon.colcon_core.environment:checking '/home/raghav742/SDfR/Assignments/assignment5/ros2_ws/src/install/relbot_adapter' for CMake module files
[0.353s] Level 1:colcon.colcon_core.environment:checking '/home/raghav742/SDfR/Assignments/assignment5/ros2_ws/src/install/relbot_adapter' for CMake config files
[0.354s] Level 1:colcon.colcon_core.shell:create_environment_hook('relbot_adapter', 'cmake_prefix_path')
[0.354s] INFO:colcon.colcon_core.shell:Creating environment hook '/home/raghav742/SDfR/Assignments/assignment5/ros2_ws/src/install/relbot_adapter/share/relbot_adapter/hook/cmake_prefix_path.ps1'
[0.354s] INFO:colcon.colcon_core.shell:Creating environment descriptor '/home/raghav742/SDfR/Assignments/assignment5/ros2_ws/src/install/relbot_adapter/share/relbot_adapter/hook/cmake_prefix_path.dsv'
[0.355s] INFO:colcon.colcon_core.shell:Creating environment hook '/home/raghav742/SDfR/Assignments/assignment5/ros2_ws/src/install/relbot_adapter/share/relbot_adapter/hook/cmake_prefix_path.sh'
[0.355s] Level 1:colcon.colcon_core.environment:checking '/home/raghav742/SDfR/Assignments/assignment5/ros2_ws/src/install/relbot_adapter/lib'
[0.355s] Level 1:colcon.colcon_core.environment:checking '/home/raghav742/SDfR/Assignments/assignment5/ros2_ws/src/install/relbot_adapter/bin'
[0.355s] Level 1:colcon.colcon_core.environment:checking '/home/raghav742/SDfR/Assignments/assignment5/ros2_ws/src/install/relbot_adapter/lib/pkgconfig/relbot_adapter.pc'
[0.356s] Level 1:colcon.colcon_core.environment:checking '/home/raghav742/SDfR/Assignments/assignment5/ros2_ws/src/install/relbot_adapter/lib/python3.10/site-packages'
[0.356s] Level 1:colcon.colcon_core.environment:checking '/home/raghav742/SDfR/Assignments/assignment5/ros2_ws/src/install/relbot_adapter/bin'
[0.356s] INFO:colcon.colcon_core.shell:Creating package script '/home/raghav742/SDfR/Assignments/assignment5/ros2_ws/src/install/relbot_adapter/share/relbot_adapter/package.ps1'
[0.357s] INFO:colcon.colcon_core.shell:Creating package descriptor '/home/raghav742/SDfR/Assignments/assignment5/ros2_ws/src/install/relbot_adapter/share/relbot_adapter/package.dsv'
[0.357s] INFO:colcon.colcon_core.shell:Creating package script '/home/raghav742/SDfR/Assignments/assignment5/ros2_ws/src/install/relbot_adapter/share/relbot_adapter/package.sh'
[0.358s] INFO:colcon.colcon_core.shell:Creating package script '/home/raghav742/SDfR/Assignments/assignment5/ros2_ws/src/install/relbot_adapter/share/relbot_adapter/package.bash'
[0.358s] INFO:colcon.colcon_core.shell:Creating package script '/home/raghav742/SDfR/Assignments/assignment5/ros2_ws/src/install/relbot_adapter/share/relbot_adapter/package.zsh'
[0.359s] Level 1:colcon.colcon_core.environment:create_file_with_runtime_dependencies(/home/raghav742/SDfR/Assignments/assignment5/ros2_ws/src/install/relbot_adapter/share/colcon-core/packages/relbot_adapter)
[0.360s] Level 1:colcon.colcon_core.environment:create_environment_scripts_only(relbot2turtlesim)
[0.360s] Level 1:colcon.colcon_core.environment:checking '/home/raghav742/SDfR/Assignments/assignment5/ros2_ws/src/install/relbot2turtlesim' for CMake module files
[0.361s] DEBUG:colcon.colcon_core.event_handler.log_command:Invoked command in '/home/raghav742/SDfR/Assignments/assignment5/ros2_ws/src/build/relbot2turtlesim' returned '0': CMAKE_PREFIX_PATH=${CMAKE_PREFIX_PATH}:/opt/ros/humble /usr/bin/cmake --install /home/raghav742/SDfR/Assignments/assignment5/ros2_ws/src/build/relbot2turtlesim
[0.361s] Level 1:colcon.colcon_core.environment:checking '/home/raghav742/SDfR/Assignments/assignment5/ros2_ws/src/install/relbot2turtlesim' for CMake config files
[0.361s] Level 1:colcon.colcon_core.shell:create_environment_hook('relbot2turtlesim', 'cmake_prefix_path')
[0.362s] INFO:colcon.colcon_core.shell:Creating environment hook '/home/raghav742/SDfR/Assignments/assignment5/ros2_ws/src/install/relbot2turtlesim/share/relbot2turtlesim/hook/cmake_prefix_path.ps1'
[0.362s] INFO:colcon.colcon_core.shell:Creating environment descriptor '/home/raghav742/SDfR/Assignments/assignment5/ros2_ws/src/install/relbot2turtlesim/share/relbot2turtlesim/hook/cmake_prefix_path.dsv'
[0.362s] INFO:colcon.colcon_core.shell:Creating environment hook '/home/raghav742/SDfR/Assignments/assignment5/ros2_ws/src/install/relbot2turtlesim/share/relbot2turtlesim/hook/cmake_prefix_path.sh'
[0.363s] Level 1:colcon.colcon_core.environment:checking '/home/raghav742/SDfR/Assignments/assignment5/ros2_ws/src/install/relbot2turtlesim/lib'
[0.363s] Level 1:colcon.colcon_core.environment:checking '/home/raghav742/SDfR/Assignments/assignment5/ros2_ws/src/install/relbot2turtlesim/bin'
[0.363s] Level 1:colcon.colcon_core.environment:checking '/home/raghav742/SDfR/Assignments/assignment5/ros2_ws/src/install/relbot2turtlesim/lib/pkgconfig/relbot2turtlesim.pc'
[0.363s] Level 1:colcon.colcon_core.environment:checking '/home/raghav742/SDfR/Assignments/assignment5/ros2_ws/src/install/relbot2turtlesim/lib/python3.10/site-packages'
[0.364s] Level 1:colcon.colcon_core.environment:checking '/home/raghav742/SDfR/Assignments/assignment5/ros2_ws/src/install/relbot2turtlesim/bin'
[0.364s] INFO:colcon.colcon_core.shell:Creating package script '/home/raghav742/SDfR/Assignments/assignment5/ros2_ws/src/install/relbot2turtlesim/share/relbot2turtlesim/package.ps1'
[0.365s] INFO:colcon.colcon_core.shell:Creating package descriptor '/home/raghav742/SDfR/Assignments/assignment5/ros2_ws/src/install/relbot2turtlesim/share/relbot2turtlesim/package.dsv'
[0.365s] INFO:colcon.colcon_core.shell:Creating package script '/home/raghav742/SDfR/Assignments/assignment5/ros2_ws/src/install/relbot2turtlesim/share/relbot2turtlesim/package.sh'
[0.365s] INFO:colcon.colcon_core.shell:Creating package script '/home/raghav742/SDfR/Assignments/assignment5/ros2_ws/src/install/relbot2turtlesim/share/relbot2turtlesim/package.bash'
[0.366s] INFO:colcon.colcon_core.shell:Creating package script '/home/raghav742/SDfR/Assignments/assignment5/ros2_ws/src/install/relbot2turtlesim/share/relbot2turtlesim/package.zsh'
[0.366s] Level 1:colcon.colcon_core.environment:create_file_with_runtime_dependencies(/home/raghav742/SDfR/Assignments/assignment5/ros2_ws/src/install/relbot2turtlesim/share/colcon-core/packages/relbot2turtlesim)
[0.367s] Level 1:colcon.colcon_core.environment:create_environment_scripts_only(relbot2turtlesim)
[0.367s] Level 1:colcon.colcon_core.environment:checking '/home/raghav742/SDfR/Assignments/assignment5/ros2_ws/src/install/relbot2turtlesim' for CMake module files
[0.367s] Level 1:colcon.colcon_core.environment:checking '/home/raghav742/SDfR/Assignments/assignment5/ros2_ws/src/install/relbot2turtlesim' for CMake config files
[0.367s] Level 1:colcon.colcon_core.shell:create_environment_hook('relbot2turtlesim', 'cmake_prefix_path')
[0.368s] INFO:colcon.colcon_core.shell:Creating environment hook '/home/raghav742/SDfR/Assignments/assignment5/ros2_ws/src/install/relbot2turtlesim/share/relbot2turtlesim/hook/cmake_prefix_path.ps1'
[0.368s] INFO:colcon.colcon_core.shell:Creating environment descriptor '/home/raghav742/SDfR/Assignments/assignment5/ros2_ws/src/install/relbot2turtlesim/share/relbot2turtlesim/hook/cmake_prefix_path.dsv'
[0.368s] INFO:colcon.colcon_core.shell:Creating environment hook '/home/raghav742/SDfR/Assignments/assignment5/ros2_ws/src/install/relbot2turtlesim/share/relbot2turtlesim/hook/cmake_prefix_path.sh'
[0.369s] Level 1:colcon.colcon_core.environment:checking '/home/raghav742/SDfR/Assignments/assignment5/ros2_ws/src/install/relbot2turtlesim/lib'
[0.369s] Level 1:colcon.colcon_core.environment:checking '/home/raghav742/SDfR/Assignments/assignment5/ros2_ws/src/install/relbot2turtlesim/bin'
[0.369s] Level 1:colcon.colcon_core.environment:checking '/home/raghav742/SDfR/Assignments/assignment5/ros2_ws/src/install/relbot2turtlesim/lib/pkgconfig/relbot2turtlesim.pc'
[0.369s] Level 1:colcon.colcon_core.environment:checking '/home/raghav742/SDfR/Assignments/assignment5/ros2_ws/src/install/relbot2turtlesim/lib/python3.10/site-packages'
[0.370s] Level 1:colcon.colcon_core.environment:checking '/home/raghav742/SDfR/Assignments/assignment5/ros2_ws/src/install/relbot2turtlesim/bin'
[0.370s] INFO:colcon.colcon_core.shell:Creating package script '/home/raghav742/SDfR/Assignments/assignment5/ros2_ws/src/install/relbot2turtlesim/share/relbot2turtlesim/package.ps1'
[0.370s] INFO:colcon.colcon_core.shell:Creating package descriptor '/home/raghav742/SDfR/Assignments/assignment5/ros2_ws/src/install/relbot2turtlesim/share/relbot2turtlesim/package.dsv'
[0.371s] INFO:colcon.colcon_core.shell:Creating package script '/home/raghav742/SDfR/Assignments/assignment5/ros2_ws/src/install/relbot2turtlesim/share/relbot2turtlesim/package.sh'
[0.371s] INFO:colcon.colcon_core.shell:Creating package script '/home/raghav742/SDfR/Assignments/assignment5/ros2_ws/src/install/relbot2turtlesim/share/relbot2turtlesim/package.bash'
[0.372s] INFO:colcon.colcon_core.shell:Creating package script '/home/raghav742/SDfR/Assignments/assignment5/ros2_ws/src/install/relbot2turtlesim/share/relbot2turtlesim/package.zsh'
[0.372s] Level 1:colcon.colcon_core.environment:create_file_with_runtime_dependencies(/home/raghav742/SDfR/Assignments/assignment5/ros2_ws/src/install/relbot2turtlesim/share/colcon-core/packages/relbot2turtlesim)
[0.533s] DEBUG:colcon.colcon_core.event_handler.log_command:Invoked command in '/home/raghav742/SDfR/Assignments/assignment5/ros2_ws/src/build/relbot_msgs' returned '0': CMAKE_PREFIX_PATH=${CMAKE_PREFIX_PATH}:/opt/ros/humble /usr/bin/cmake --build /home/raghav742/SDfR/Assignments/assignment5/ros2_ws/src/build/relbot_msgs -- -j8 -l8
[0.533s] DEBUG:colcon.colcon_core.event_handler.log_command:Invoking command in '/home/raghav742/SDfR/Assignments/assignment5/ros2_ws/src/build/relbot_msgs': CMAKE_PREFIX_PATH=${CMAKE_PREFIX_PATH}:/opt/ros/humble /usr/bin/cmake --install /home/raghav742/SDfR/Assignments/assignment5/ros2_ws/src/build/relbot_msgs
[0.569s] Level 1:colcon.colcon_core.environment:create_environment_scripts_only(relbot_msgs)
[0.570s] Level 1:colcon.colcon_core.environment:checking '/home/raghav742/SDfR/Assignments/assignment5/ros2_ws/src/install/relbot_msgs' for CMake module files
[0.570s] DEBUG:colcon.colcon_core.event_handler.log_command:Invoked command in '/home/raghav742/SDfR/Assignments/assignment5/ros2_ws/src/build/relbot_msgs' returned '0': CMAKE_PREFIX_PATH=${CMAKE_PREFIX_PATH}:/opt/ros/humble /usr/bin/cmake --install /home/raghav742/SDfR/Assignments/assignment5/ros2_ws/src/build/relbot_msgs
[0.571s] Level 1:colcon.colcon_core.environment:checking '/home/raghav742/SDfR/Assignments/assignment5/ros2_ws/src/install/relbot_msgs' for CMake config files
[0.571s] Level 1:colcon.colcon_core.shell:create_environment_hook('relbot_msgs', 'cmake_prefix_path')
[0.571s] INFO:colcon.colcon_core.shell:Creating environment hook '/home/raghav742/SDfR/Assignments/assignment5/ros2_ws/src/install/relbot_msgs/share/relbot_msgs/hook/cmake_prefix_path.ps1'
[0.571s] INFO:colcon.colcon_core.shell:Creating environment descriptor '/home/raghav742/SDfR/Assignments/assignment5/ros2_ws/src/install/relbot_msgs/share/relbot_msgs/hook/cmake_prefix_path.dsv'
[0.572s] INFO:colcon.colcon_core.shell:Creating environment hook '/home/raghav742/SDfR/Assignments/assignment5/ros2_ws/src/install/relbot_msgs/share/relbot_msgs/hook/cmake_prefix_path.sh'
[0.572s] Level 1:colcon.colcon_core.environment:checking '/home/raghav742/SDfR/Assignments/assignment5/ros2_ws/src/install/relbot_msgs/lib'
[0.572s] Level 1:colcon.colcon_core.shell:create_environment_hook('relbot_msgs', 'ld_library_path_lib')
[0.572s] INFO:colcon.colcon_core.shell:Creating environment hook '/home/raghav742/SDfR/Assignments/assignment5/ros2_ws/src/install/relbot_msgs/share/relbot_msgs/hook/ld_library_path_lib.ps1'
[0.572s] INFO:colcon.colcon_core.shell:Creating environment descriptor '/home/raghav742/SDfR/Assignments/assignment5/ros2_ws/src/install/relbot_msgs/share/relbot_msgs/hook/ld_library_path_lib.dsv'
[0.572s] INFO:colcon.colcon_core.shell:Creating environment hook '/home/raghav742/SDfR/Assignments/assignment5/ros2_ws/src/install/relbot_msgs/share/relbot_msgs/hook/ld_library_path_lib.sh'
[0.573s] Level 1:colcon.colcon_core.environment:checking '/home/raghav742/SDfR/Assignments/assignment5/ros2_ws/src/install/relbot_msgs/bin'
[0.573s] Level 1:colcon.colcon_core.environment:checking '/home/raghav742/SDfR/Assignments/assignment5/ros2_ws/src/install/relbot_msgs/lib/pkgconfig/relbot_msgs.pc'
[0.573s] Level 1:colcon.colcon_core.environment:checking '/home/raghav742/SDfR/Assignments/assignment5/ros2_ws/src/install/relbot_msgs/lib/python3.10/site-packages'
[0.573s] Level 1:colcon.colcon_core.environment:checking '/home/raghav742/SDfR/Assignments/assignment5/ros2_ws/src/install/relbot_msgs/bin'
[0.573s] INFO:colcon.colcon_core.shell:Creating package script '/home/raghav742/SDfR/Assignments/assignment5/ros2_ws/src/install/relbot_msgs/share/relbot_msgs/package.ps1'
[0.574s] INFO:colcon.colcon_core.shell:Creating package descriptor '/home/raghav742/SDfR/Assignments/assignment5/ros2_ws/src/install/relbot_msgs/share/relbot_msgs/package.dsv'
[0.574s] INFO:colcon.colcon_core.shell:Creating package script '/home/raghav742/SDfR/Assignments/assignment5/ros2_ws/src/install/relbot_msgs/share/relbot_msgs/package.sh'
[0.574s] INFO:colcon.colcon_core.shell:Creating package script '/home/raghav742/SDfR/Assignments/assignment5/ros2_ws/src/install/relbot_msgs/share/relbot_msgs/package.bash'
[0.574s] INFO:colcon.colcon_core.shell:Creating package script '/home/raghav742/SDfR/Assignments/assignment5/ros2_ws/src/install/relbot_msgs/share/relbot_msgs/package.zsh'
[0.574s] Level 1:colcon.colcon_core.environment:create_file_with_runtime_dependencies(/home/raghav742/SDfR/Assignments/assignment5/ros2_ws/src/install/relbot_msgs/share/colcon-core/packages/relbot_msgs)
[0.575s] Level 1:colcon.colcon_core.environment:create_environment_scripts_only(relbot_msgs)
[0.575s] Level 1:colcon.colcon_core.environment:checking '/home/raghav742/SDfR/Assignments/assignment5/ros2_ws/src/install/relbot_msgs' for CMake module files
[0.575s] Level 1:colcon.colcon_core.environment:checking '/home/raghav742/SDfR/Assignments/assignment5/ros2_ws/src/install/relbot_msgs' for CMake config files
[0.575s] Level 1:colcon.colcon_core.shell:create_environment_hook('relbot_msgs', 'cmake_prefix_path')
[0.576s] INFO:colcon.colcon_core.shell:Creating environment hook '/home/raghav742/SDfR/Assignments/assignment5/ros2_ws/src/install/relbot_msgs/share/relbot_msgs/hook/cmake_prefix_path.ps1'
[0.576s] INFO:colcon.colcon_core.shell:Creating environment descriptor '/home/raghav742/SDfR/Assignments/assignment5/ros2_ws/src/install/relbot_msgs/share/relbot_msgs/hook/cmake_prefix_path.dsv'
[0.576s] INFO:colcon.colcon_core.shell:Creating environment hook '/home/raghav742/SDfR/Assignments/assignment5/ros2_ws/src/install/relbot_msgs/share/relbot_msgs/hook/cmake_prefix_path.sh'
[0.576s] Level 1:colcon.colcon_core.environment:checking '/home/raghav742/SDfR/Assignments/assignment5/ros2_ws/src/install/relbot_msgs/lib'
[0.576s] Level 1:colcon.colcon_core.shell:create_environment_hook('relbot_msgs', 'ld_library_path_lib')
[0.576s] INFO:colcon.colcon_core.shell:Creating environment hook '/home/raghav742/SDfR/Assignments/assignment5/ros2_ws/src/install/relbot_msgs/share/relbot_msgs/hook/ld_library_path_lib.ps1'
[0.577s] INFO:colcon.colcon_core.shell:Creating environment descriptor '/home/raghav742/SDfR/Assignments/assignment5/ros2_ws/src/install/relbot_msgs/share/relbot_msgs/hook/ld_library_path_lib.dsv'
[0.577s] INFO:colcon.colcon_core.shell:Creating environment hook '/home/raghav742/SDfR/Assignments/assignment5/ros2_ws/src/install/relbot_msgs/share/relbot_msgs/hook/ld_library_path_lib.sh'
[0.577s] Level 1:colcon.colcon_core.environment:checking '/home/raghav742/SDfR/Assignments/assignment5/ros2_ws/src/install/relbot_msgs/bin'
[0.577s] Level 1:colcon.colcon_core.environment:checking '/home/raghav742/SDfR/Assignments/assignment5/ros2_ws/src/install/relbot_msgs/lib/pkgconfig/relbot_msgs.pc'
[0.577s] Level 1:colcon.colcon_core.environment:checking '/home/raghav742/SDfR/Assignments/assignment5/ros2_ws/src/install/relbot_msgs/lib/python3.10/site-packages'
[0.577s] Level 1:colcon.colcon_core.environment:checking '/home/raghav742/SDfR/Assignments/assignment5/ros2_ws/src/install/relbot_msgs/bin'
[0.578s] INFO:colcon.colcon_core.shell:Creating package script '/home/raghav742/SDfR/Assignments/assignment5/ros2_ws/src/install/relbot_msgs/share/relbot_msgs/package.ps1'
[0.578s] INFO:colcon.colcon_core.shell:Creating package descriptor '/home/raghav742/SDfR/Assignments/assignment5/ros2_ws/src/install/relbot_msgs/share/relbot_msgs/package.dsv'
[0.578s] INFO:colcon.colcon_core.shell:Creating package script '/home/raghav742/SDfR/Assignments/assignment5/ros2_ws/src/install/relbot_msgs/share/relbot_msgs/package.sh'
[0.578s] INFO:colcon.colcon_core.shell:Creating package script '/home/raghav742/SDfR/Assignments/assignment5/ros2_ws/src/install/relbot_msgs/share/relbot_msgs/package.bash'
[0.579s] INFO:colcon.colcon_core.shell:Creating package script '/home/raghav742/SDfR/Assignments/assignment5/ros2_ws/src/install/relbot_msgs/share/relbot_msgs/package.zsh'
[0.579s] Level 1:colcon.colcon_core.environment:create_file_with_runtime_dependencies(/home/raghav742/SDfR/Assignments/assignment5/ros2_ws/src/install/relbot_msgs/share/colcon-core/packages/relbot_msgs)
[0.579s] INFO:colcon.colcon_ros.task.ament_cmake.build:Building ROS package in '/home/raghav742/SDfR/Assignments/assignment5/ros2_ws/src/relbot_simulator' with build type 'ament_cmake'
[0.579s] INFO:colcon.colcon_cmake.task.cmake.build:Building CMake package in '/home/raghav742/SDfR/Assignments/assignment5/ros2_ws/src/relbot_simulator'
[0.579s] INFO:colcon.colcon_core.shell:Skip shell extension 'powershell' for command environment: Not usable outside of PowerShell
[0.579s] DEBUG:colcon.colcon_core.shell:Skip shell extension 'dsv' for command environment
[0.586s] DEBUG:colcon.colcon_core.event_handler.log_command:Invoking command in '/home/raghav742/SDfR/Assignments/assignment5/ros2_ws/src/build/relbot_simulator': CMAKE_PREFIX_PATH=${CMAKE_PREFIX_PATH}:/opt/ros/humble /usr/bin/cmake --build /home/raghav742/SDfR/Assignments/assignment5/ros2_ws/src/build/relbot_simulator -- -j8 -l8
[0.627s] DEBUG:colcon.colcon_core.event_handler.log_command:Invoked command in '/home/raghav742/SDfR/Assignments/assignment5/ros2_ws/src/build/relbot_simulator' returned '0': CMAKE_PREFIX_PATH=${CMAKE_PREFIX_PATH}:/opt/ros/humble /usr/bin/cmake --build /home/raghav742/SDfR/Assignments/assignment5/ros2_ws/src/build/relbot_simulator -- -j8 -l8
[0.628s] DEBUG:colcon.colcon_core.event_handler.log_command:Invoking command in '/home/raghav742/SDfR/Assignments/assignment5/ros2_ws/src/build/relbot_simulator': CMAKE_PREFIX_PATH=${CMAKE_PREFIX_PATH}:/opt/ros/humble /usr/bin/cmake --install /home/raghav742/SDfR/Assignments/assignment5/ros2_ws/src/build/relbot_simulator
[0.635s] Level 1:colcon.colcon_core.environment:create_environment_scripts_only(relbot_simulator)
[0.635s] DEBUG:colcon.colcon_core.event_handler.log_command:Invoked command in '/home/raghav742/SDfR/Assignments/assignment5/ros2_ws/src/build/relbot_simulator' returned '0': CMAKE_PREFIX_PATH=${CMAKE_PREFIX_PATH}:/opt/ros/humble /usr/bin/cmake --install /home/raghav742/SDfR/Assignments/assignment5/ros2_ws/src/build/relbot_simulator
[0.635s] Level 1:colcon.colcon_core.environment:checking '/home/raghav742/SDfR/Assignments/assignment5/ros2_ws/src/install/relbot_simulator' for CMake module files
[0.636s] Level 1:colcon.colcon_core.environment:checking '/home/raghav742/SDfR/Assignments/assignment5/ros2_ws/src/install/relbot_simulator' for CMake config files
[0.636s] Level 1:colcon.colcon_core.shell:create_environment_hook('relbot_simulator', 'cmake_prefix_path')
[0.637s] INFO:colcon.colcon_core.shell:Creating environment hook '/home/raghav742/SDfR/Assignments/assignment5/ros2_ws/src/install/relbot_simulator/share/relbot_simulator/hook/cmake_prefix_path.ps1'
[0.637s] INFO:colcon.colcon_core.shell:Creating environment descriptor '/home/raghav742/SDfR/Assignments/assignment5/ros2_ws/src/install/relbot_simulator/share/relbot_simulator/hook/cmake_prefix_path.dsv'
[0.637s] INFO:colcon.colcon_core.shell:Creating environment hook '/home/raghav742/SDfR/Assignments/assignment5/ros2_ws/src/install/relbot_simulator/share/relbot_simulator/hook/cmake_prefix_path.sh'
[0.638s] Level 1:colcon.colcon_core.environment:checking '/home/raghav742/SDfR/Assignments/assignment5/ros2_ws/src/install/relbot_simulator/lib'
[0.638s] Level 1:colcon.colcon_core.environment:checking '/home/raghav742/SDfR/Assignments/assignment5/ros2_ws/src/install/relbot_simulator/bin'
[0.638s] Level 1:colcon.colcon_core.environment:checking '/home/raghav742/SDfR/Assignments/assignment5/ros2_ws/src/install/relbot_simulator/lib/pkgconfig/relbot_simulator.pc'
[0.638s] Level 1:colcon.colcon_core.environment:checking '/home/raghav742/SDfR/Assignments/assignment5/ros2_ws/src/install/relbot_simulator/lib/python3.10/site-packages'
[0.639s] Level 1:colcon.colcon_core.environment:checking '/home/raghav742/SDfR/Assignments/assignment5/ros2_ws/src/install/relbot_simulator/bin'
[0.639s] INFO:colcon.colcon_core.shell:Creating package script '/home/raghav742/SDfR/Assignments/assignment5/ros2_ws/src/install/relbot_simulator/share/relbot_simulator/package.ps1'
[0.639s] INFO:colcon.colcon_core.shell:Creating package descriptor '/home/raghav742/SDfR/Assignments/assignment5/ros2_ws/src/install/relbot_simulator/share/relbot_simulator/package.dsv'
[0.640s] INFO:colcon.colcon_core.shell:Creating package script '/home/raghav742/SDfR/Assignments/assignment5/ros2_ws/src/install/relbot_simulator/share/relbot_simulator/package.sh'
[0.640s] INFO:colcon.colcon_core.shell:Creating package script '/home/raghav742/SDfR/Assignments/assignment5/ros2_ws/src/install/relbot_simulator/share/relbot_simulator/package.bash'
[0.640s] INFO:colcon.colcon_core.shell:Creating package script '/home/raghav742/SDfR/Assignments/assignment5/ros2_ws/src/install/relbot_simulator/share/relbot_simulator/package.zsh'
[0.641s] Level 1:colcon.colcon_core.environment:create_file_with_runtime_dependencies(/home/raghav742/SDfR/Assignments/assignment5/ros2_ws/src/install/relbot_simulator/share/colcon-core/packages/relbot_simulator)
[0.641s] Level 1:colcon.colcon_core.environment:create_environment_scripts_only(relbot_simulator)
[0.641s] Level 1:colcon.colcon_core.environment:checking '/home/raghav742/SDfR/Assignments/assignment5/ros2_ws/src/install/relbot_simulator' for CMake module files
[0.642s] Level 1:colcon.colcon_core.environment:checking '/home/raghav742/SDfR/Assignments/assignment5/ros2_ws/src/install/relbot_simulator' for CMake config files
[0.642s] Level 1:colcon.colcon_core.shell:create_environment_hook('relbot_simulator', 'cmake_prefix_path')
[0.642s] INFO:colcon.colcon_core.shell:Creating environment hook '/home/raghav742/SDfR/Assignments/assignment5/ros2_ws/src/install/relbot_simulator/share/relbot_simulator/hook/cmake_prefix_path.ps1'
[0.643s] INFO:colcon.colcon_core.shell:Creating environment descriptor '/home/raghav742/SDfR/Assignments/assignment5/ros2_ws/src/install/relbot_simulator/share/relbot_simulator/hook/cmake_prefix_path.dsv'
[0.643s] INFO:colcon.colcon_core.shell:Creating environment hook '/home/raghav742/SDfR/Assignments/assignment5/ros2_ws/src/install/relbot_simulator/share/relbot_simulator/hook/cmake_prefix_path.sh'
[0.644s] Level 1:colcon.colcon_core.environment:checking '/home/raghav742/SDfR/Assignments/assignment5/ros2_ws/src/install/relbot_simulator/lib'
[0.644s] Level 1:colcon.colcon_core.environment:checking '/home/raghav742/SDfR/Assignments/assignment5/ros2_ws/src/install/relbot_simulator/bin'
[0.644s] Level 1:colcon.colcon_core.environment:checking '/home/raghav742/SDfR/Assignments/assignment5/ros2_ws/src/install/relbot_simulator/lib/pkgconfig/relbot_simulator.pc'
[0.644s] Level 1:colcon.colcon_core.environment:checking '/home/raghav742/SDfR/Assignments/assignment5/ros2_ws/src/install/relbot_simulator/lib/python3.10/site-packages'
[0.644s] Level 1:colcon.colcon_core.environment:checking '/home/raghav742/SDfR/Assignments/assignment5/ros2_ws/src/install/relbot_simulator/bin'
[0.645s] INFO:colcon.colcon_core.shell:Creating package script '/home/raghav742/SDfR/Assignments/assignment5/ros2_ws/src/install/relbot_simulator/share/relbot_simulator/package.ps1'
[0.645s] INFO:colcon.colcon_core.shell:Creating package descriptor '/home/raghav742/SDfR/Assignments/assignment5/ros2_ws/src/install/relbot_simulator/share/relbot_simulator/package.dsv'
[0.646s] INFO:colcon.colcon_core.shell:Creating package script '/home/raghav742/SDfR/Assignments/assignment5/ros2_ws/src/install/relbot_simulator/share/relbot_simulator/package.sh'
[0.646s] INFO:colcon.colcon_core.shell:Creating package script '/home/raghav742/SDfR/Assignments/assignment5/ros2_ws/src/install/relbot_simulator/share/relbot_simulator/package.bash'
[0.646s] INFO:colcon.colcon_core.shell:Creating package script '/home/raghav742/SDfR/Assignments/assignment5/ros2_ws/src/install/relbot_simulator/share/relbot_simulator/package.zsh'
[0.647s] Level 1:colcon.colcon_core.environment:create_file_with_runtime_dependencies(/home/raghav742/SDfR/Assignments/assignment5/ros2_ws/src/install/relbot_simulator/share/colcon-core/packages/relbot_simulator)
[3.174s] DEBUG:colcon.colcon_core.event_handler.log_command:Invoked command in '/home/raghav742/SDfR/Assignments/assignment5/ros2_ws/src/build/relbot_sequence_controller' returned '0': CMAKE_PREFIX_PATH=${CMAKE_PREFIX_PATH}:/opt/ros/humble /usr/bin/cmake --build /home/raghav742/SDfR/Assignments/assignment5/ros2_ws/src/build/relbot_sequence_controller -- -j8 -l8
[3.175s] DEBUG:colcon.colcon_core.event_handler.log_command:Invoking command in '/home/raghav742/SDfR/Assignments/assignment5/ros2_ws/src/build/relbot_sequence_controller': CMAKE_PREFIX_PATH=${CMAKE_PREFIX_PATH}:/opt/ros/humble /usr/bin/cmake --install /home/raghav742/SDfR/Assignments/assignment5/ros2_ws/src/build/relbot_sequence_controller
[3.182s] Level 1:colcon.colcon_core.environment:create_environment_scripts_only(relbot_sequence_controller)
[3.182s] DEBUG:colcon.colcon_core.event_handler.log_command:Invoked command in '/home/raghav742/SDfR/Assignments/assignment5/ros2_ws/src/build/relbot_sequence_controller' returned '0': CMAKE_PREFIX_PATH=${CMAKE_PREFIX_PATH}:/opt/ros/humble /usr/bin/cmake --install /home/raghav742/SDfR/Assignments/assignment5/ros2_ws/src/build/relbot_sequence_controller
[3.182s] Level 1:colcon.colcon_core.environment:checking '/home/raghav742/SDfR/Assignments/assignment5/ros2_ws/src/install/relbot_sequence_controller' for CMake module files
[3.183s] Level 1:colcon.colcon_core.environment:checking '/home/raghav742/SDfR/Assignments/assignment5/ros2_ws/src/install/relbot_sequence_controller' for CMake config files
[3.183s] Level 1:colcon.colcon_core.shell:create_environment_hook('relbot_sequence_controller', 'cmake_prefix_path')
[3.183s] INFO:colcon.colcon_core.shell:Creating environment hook '/home/raghav742/SDfR/Assignments/assignment5/ros2_ws/src/install/relbot_sequence_controller/share/relbot_sequence_controller/hook/cmake_prefix_path.ps1'
[3.183s] INFO:colcon.colcon_core.shell:Creating environment descriptor '/home/raghav742/SDfR/Assignments/assignment5/ros2_ws/src/install/relbot_sequence_controller/share/relbot_sequence_controller/hook/cmake_prefix_path.dsv'
[3.184s] INFO:colcon.colcon_core.shell:Creating environment hook '/home/raghav742/SDfR/Assignments/assignment5/ros2_ws/src/install/relbot_sequence_controller/share/relbot_sequence_controller/hook/cmake_prefix_path.sh'
[3.184s] Level 1:colcon.colcon_core.environment:checking '/home/raghav742/SDfR/Assignments/assignment5/ros2_ws/src/install/relbot_sequence_controller/lib'
[3.184s] Level 1:colcon.colcon_core.environment:checking '/home/raghav742/SDfR/Assignments/assignment5/ros2_ws/src/install/relbot_sequence_controller/bin'
[3.184s] Level 1:colcon.colcon_core.environment:checking '/home/raghav742/SDfR/Assignments/assignment5/ros2_ws/src/install/relbot_sequence_controller/lib/pkgconfig/relbot_sequence_controller.pc'
[3.184s] Level 1:colcon.colcon_core.environment:checking '/home/raghav742/SDfR/Assignments/assignment5/ros2_ws/src/install/relbot_sequence_controller/lib/python3.10/site-packages'
[3.185s] Level 1:colcon.colcon_core.environment:checking '/home/raghav742/SDfR/Assignments/assignment5/ros2_ws/src/install/relbot_sequence_controller/bin'
[3.185s] INFO:colcon.colcon_core.shell:Creating package script '/home/raghav742/SDfR/Assignments/assignment5/ros2_ws/src/install/relbot_sequence_controller/share/relbot_sequence_controller/package.ps1'
[3.185s] INFO:colcon.colcon_core.shell:Creating package descriptor '/home/raghav742/SDfR/Assignments/assignment5/ros2_ws/src/install/relbot_sequence_controller/share/relbot_sequence_controller/package.dsv'
[3.185s] INFO:colcon.colcon_core.shell:Creating package script '/home/raghav742/SDfR/Assignments/assignment5/ros2_ws/src/install/relbot_sequence_controller/share/relbot_sequence_controller/package.sh'
[3.185s] INFO:colcon.colcon_core.shell:Creating package script '/home/raghav742/SDfR/Assignments/assignment5/ros2_ws/src/install/relbot_sequence_controller/share/relbot_sequence_controller/package.bash'
[3.186s] INFO:colcon.colcon_core.shell:Creating package script '/home/raghav742/SDfR/Assignments/assignment5/ros2_ws/src/install/relbot_sequence_controller/share/relbot_sequence_controller/package.zsh'
[3.186s] Level 1:colcon.colcon_core.environment:create_file_with_runtime_dependencies(/home/raghav742/SDfR/Assignments/assignment5/ros2_ws/src/install/relbot_sequence_controller/share/colcon-core/packages/relbot_sequence_controller)
[3.186s] Level 1:colcon.colcon_core.environment:create_environment_scripts_only(relbot_sequence_controller)
[3.186s] Level 1:colcon.colcon_core.environment:checking '/home/raghav742/SDfR/Assignments/assignment5/ros2_ws/src/install/relbot_sequence_controller' for CMake module files
[3.186s] Level 1:colcon.colcon_core.environment:checking '/home/raghav742/SDfR/Assignments/assignment5/ros2_ws/src/install/relbot_sequence_controller' for CMake config files
[3.187s] Level 1:colcon.colcon_core.shell:create_environment_hook('relbot_sequence_controller', 'cmake_prefix_path')
[3.187s] INFO:colcon.colcon_core.shell:Creating environment hook '/home/raghav742/SDfR/Assignments/assignment5/ros2_ws/src/install/relbot_sequence_controller/share/relbot_sequence_controller/hook/cmake_prefix_path.ps1'
[3.187s] INFO:colcon.colcon_core.shell:Creating environment descriptor '/home/raghav742/SDfR/Assignments/assignment5/ros2_ws/src/install/relbot_sequence_controller/share/relbot_sequence_controller/hook/cmake_prefix_path.dsv'
[3.187s] INFO:colcon.colcon_core.shell:Creating environment hook '/home/raghav742/SDfR/Assignments/assignment5/ros2_ws/src/install/relbot_sequence_controller/share/relbot_sequence_controller/hook/cmake_prefix_path.sh'
[3.188s] Level 1:colcon.colcon_core.environment:checking '/home/raghav742/SDfR/Assignments/assignment5/ros2_ws/src/install/relbot_sequence_controller/lib'
[3.188s] Level 1:colcon.colcon_core.environment:checking '/home/raghav742/SDfR/Assignments/assignment5/ros2_ws/src/install/relbot_sequence_controller/bin'
[3.188s] Level 1:colcon.colcon_core.environment:checking '/home/raghav742/SDfR/Assignments/assignment5/ros2_ws/src/install/relbot_sequence_controller/lib/pkgconfig/relbot_sequence_controller.pc'
[3.188s] Level 1:colcon.colcon_core.environment:checking '/home/raghav742/SDfR/Assignments/assignment5/ros2_ws/src/install/relbot_sequence_controller/lib/python3.10/site-packages'
[3.188s] Level 1:colcon.colcon_core.environment:checking '/home/raghav742/SDfR/Assignments/assignment5/ros2_ws/src/install/relbot_sequence_controller/bin'
[3.188s] INFO:colcon.colcon_core.shell:Creating package script '/home/raghav742/SDfR/Assignments/assignment5/ros2_ws/src/install/relbot_sequence_controller/share/relbot_sequence_controller/package.ps1'
[3.188s] INFO:colcon.colcon_core.shell:Creating package descriptor '/home/raghav742/SDfR/Assignments/assignment5/ros2_ws/src/install/relbot_sequence_controller/share/relbot_sequence_controller/package.dsv'
[3.189s] INFO:colcon.colcon_core.shell:Creating package script '/home/raghav742/SDfR/Assignments/assignment5/ros2_ws/src/install/relbot_sequence_controller/share/relbot_sequence_controller/package.sh'
[3.189s] INFO:colcon.colcon_core.shell:Creating package script '/home/raghav742/SDfR/Assignments/assignment5/ros2_ws/src/install/relbot_sequence_controller/share/relbot_sequence_controller/package.bash'
[3.189s] INFO:colcon.colcon_core.shell:Creating package script '/home/raghav742/SDfR/Assignments/assignment5/ros2_ws/src/install/relbot_sequence_controller/share/relbot_sequence_controller/package.zsh'
[3.189s] Level 1:colcon.colcon_core.environment:create_file_with_runtime_dependencies(/home/raghav742/SDfR/Assignments/assignment5/ros2_ws/src/install/relbot_sequence_controller/share/colcon-core/packages/relbot_sequence_controller)
[3.189s] DEBUG:colcon.colcon_parallel_executor.executor.parallel:closing loop
[3.190s] DEBUG:colcon.colcon_parallel_executor.executor.parallel:loop closed
[3.190s] DEBUG:colcon.colcon_parallel_executor.executor.parallel:run_until_complete finished with '0'
[3.190s] DEBUG:colcon.colcon_core.event_reactor:joining thread
[3.193s] INFO:colcon.colcon_core.plugin_system:Skipping extension 'colcon_notification.desktop_notification.terminal_notifier': Not used on non-Darwin systems
[3.193s] INFO:colcon.colcon_core.plugin_system:Skipping extension 'colcon_notification.desktop_notification.win32': Not used on non-Windows systems
[3.193s] INFO:colcon.colcon_notification.desktop_notification:Sending desktop notification using 'notify2'
[3.200s] DEBUG:colcon.colcon_core.event_reactor:joined thread
[3.201s] INFO:colcon.colcon_core.shell:Creating prefix script '/home/raghav742/SDfR/Assignments/assignment5/ros2_ws/src/install/local_setup.ps1'
[3.201s] INFO:colcon.colcon_core.shell:Creating prefix util module '/home/raghav742/SDfR/Assignments/assignment5/ros2_ws/src/install/_local_setup_util_ps1.py'
[3.202s] INFO:colcon.colcon_core.shell:Creating prefix chain script '/home/raghav742/SDfR/Assignments/assignment5/ros2_ws/src/install/setup.ps1'
[3.203s] INFO:colcon.colcon_core.shell:Creating prefix script '/home/raghav742/SDfR/Assignments/assignment5/ros2_ws/src/install/local_setup.sh'
[3.203s] INFO:colcon.colcon_core.shell:Creating prefix util module '/home/raghav742/SDfR/Assignments/assignment5/ros2_ws/src/install/_local_setup_util_sh.py'
[3.204s] INFO:colcon.colcon_core.shell:Creating prefix chain script '/home/raghav742/SDfR/Assignments/assignment5/ros2_ws/src/install/setup.sh'
[3.205s] INFO:colcon.colcon_core.shell:Creating prefix script '/home/raghav742/SDfR/Assignments/assignment5/ros2_ws/src/install/local_setup.bash'
[3.205s] INFO:colcon.colcon_core.shell:Creating prefix chain script '/home/raghav742/SDfR/Assignments/assignment5/ros2_ws/src/install/setup.bash'
[3.206s] INFO:colcon.colcon_core.shell:Creating prefix script '/home/raghav742/SDfR/Assignments/assignment5/ros2_ws/src/install/local_setup.zsh'
[3.206s] INFO:colcon.colcon_core.shell:Creating prefix chain script '/home/raghav742/SDfR/Assignments/assignment5/ros2_ws/src/install/setup.zsh'
