[0.021s] Invoking command in '/home/srik/ros_ubuntu/ros2_ws/build/relbot2turtlesim': CMAKE_PREFIX_PATH=${CMAKE_PREFIX_PATH}:/opt/ros/humble DEBUGINFOD_URLS=https://debuginfod.archlinux.org https://debuginfod.cachyos.org /usr/bin/cmake --build /home/srik/ros_ubuntu/ros2_ws/build/relbot2turtlesim -- -j32 -l32
[0.054s] [100%] Built target relbot2turtlesim
[0.081s] Invoked command in '/home/srik/ros_ubuntu/ros2_ws/build/relbot2turtlesim' returned '0': CMAKE_PREFIX_PATH=${CMAKE_PREFIX_PATH}:/opt/ros/humble DEBUGINFOD_URLS=https://debuginfod.archlinux.org https://debuginfod.cachyos.org /usr/bin/cmake --build /home/srik/ros_ubuntu/ros2_ws/build/relbot2turtlesim -- -j32 -l32
[0.083s] Invoking command in '/home/srik/ros_ubuntu/ros2_ws/build/relbot2turtlesim': CMAKE_PREFIX_PATH=${CMAKE_PREFIX_PATH}:/opt/ros/humble DEBUGINFOD_URLS=https://debuginfod.archlinux.org https://debuginfod.cachyos.org /usr/bin/cmake --install /home/srik/ros_ubuntu/ros2_ws/build/relbot2turtlesim
[0.090s] -- Install configuration: ""
[0.090s] -- Up-to-date: /home/srik/ros_ubuntu/ros2_ws/install/relbot2turtlesim/lib/relbot2turtlesim/relbot2turtlesim
[0.090s] -- Up-to-date: /home/srik/ros_ubuntu/ros2_ws/install/relbot2turtlesim/share/ament_index/resource_index/package_run_dependencies/relbot2turtlesim
[0.091s] -- Up-to-date: /home/srik/ros_ubuntu/ros2_ws/install/relbot2turtlesim/share/ament_index/resource_index/parent_prefix_path/relbot2turtlesim
[0.091s] -- Up-to-date: /home/srik/ros_ubuntu/ros2_ws/install/relbot2turtlesim/share/relbot2turtlesim/environment/ament_prefix_path.sh
[0.091s] -- Up-to-date: /home/srik/ros_ubuntu/ros2_ws/install/relbot2turtlesim/share/relbot2turtlesim/environment/ament_prefix_path.dsv
[0.091s] -- Up-to-date: /home/srik/ros_ubuntu/ros2_ws/install/relbot2turtlesim/share/relbot2turtlesim/environment/path.sh
[0.091s] -- Up-to-date: /home/srik/ros_ubuntu/ros2_ws/install/relbot2turtlesim/share/relbot2turtlesim/environment/path.dsv
[0.091s] -- Up-to-date: /home/srik/ros_ubuntu/ros2_ws/install/relbot2turtlesim/share/relbot2turtlesim/local_setup.bash
[0.091s] -- Up-to-date: /home/srik/ros_ubuntu/ros2_ws/install/relbot2turtlesim/share/relbot2turtlesim/local_setup.sh
[0.091s] -- Up-to-date: /home/srik/ros_ubuntu/ros2_ws/install/relbot2turtlesim/share/relbot2turtlesim/local_setup.zsh
[0.091s] -- Up-to-date: /home/srik/ros_ubuntu/ros2_ws/install/relbot2turtlesim/share/relbot2turtlesim/local_setup.dsv
[0.091s] -- Installing: /home/srik/ros_ubuntu/ros2_ws/install/relbot2turtlesim/share/relbot2turtlesim/package.dsv
[0.091s] -- Up-to-date: /home/srik/ros_ubuntu/ros2_ws/install/relbot2turtlesim/share/ament_index/resource_index/packages/relbot2turtlesim
[0.091s] -- Up-to-date: /home/srik/ros_ubuntu/ros2_ws/install/relbot2turtlesim/share/relbot2turtlesim/cmake/relbot2turtlesimConfig.cmake
[0.091s] -- Up-to-date: /home/srik/ros_ubuntu/ros2_ws/install/relbot2turtlesim/share/relbot2turtlesim/cmake/relbot2turtlesimConfig-version.cmake
[0.092s] -- Up-to-date: /home/srik/ros_ubuntu/ros2_ws/install/relbot2turtlesim/share/relbot2turtlesim/package.xml
[0.105s] Invoked command in '/home/srik/ros_ubuntu/ros2_ws/build/relbot2turtlesim' returned '0': CMAKE_PREFIX_PATH=${CMAKE_PREFIX_PATH}:/opt/ros/humble DEBUGINFOD_URLS=https://debuginfod.archlinux.org https://debuginfod.cachyos.org /usr/bin/cmake --install /home/srik/ros_ubuntu/ros2_ws/build/relbot2turtlesim
