[35m[1mConsolidate compiler generated dependencies of target relbot2turtlesim[0m
[100%] Built target relbot2turtlesim
-- Install configuration: ""
-- Installing: /home/srik/ros_ubuntu/ros2_ws/install/relbot2turtlesim/lib/relbot2turtlesim/relbot2turtlesim
-- Set runtime path of "/home/srik/ros_ubuntu/ros2_ws/install/relbot2turtlesim/lib/relbot2turtlesim/relbot2turtlesim" to ""
-- Installing: /home/srik/ros_ubuntu/ros2_ws/install/relbot2turtlesim/share/ament_index/resource_index/package_run_dependencies/relbot2turtlesim
-- Installing: /home/srik/ros_ubuntu/ros2_ws/install/relbot2turtlesim/share/ament_index/resource_index/parent_prefix_path/relbot2turtlesim
-- Installing: /home/srik/ros_ubuntu/ros2_ws/install/relbot2turtlesim/share/relbot2turtlesim/environment/ament_prefix_path.sh
-- Installing: /home/srik/ros_ubuntu/ros2_ws/install/relbot2turtlesim/share/relbot2turtlesim/environment/ament_prefix_path.dsv
-- Installing: /home/srik/ros_ubuntu/ros2_ws/install/relbot2turtlesim/share/relbot2turtlesim/environment/path.sh
-- Installing: /home/srik/ros_ubuntu/ros2_ws/install/relbot2turtlesim/share/relbot2turtlesim/environment/path.dsv
-- Installing: /home/srik/ros_ubuntu/ros2_ws/install/relbot2turtlesim/share/relbot2turtlesim/local_setup.bash
-- Installing: /home/srik/ros_ubuntu/ros2_ws/install/relbot2turtlesim/share/relbot2turtlesim/local_setup.sh
-- Installing: /home/srik/ros_ubuntu/ros2_ws/install/relbot2turtlesim/share/relbot2turtlesim/local_setup.zsh
-- Installing: /home/srik/ros_ubuntu/ros2_ws/install/relbot2turtlesim/share/relbot2turtlesim/local_setup.dsv
-- Installing: /home/srik/ros_ubuntu/ros2_ws/install/relbot2turtlesim/share/relbot2turtlesim/package.dsv
-- Installing: /home/srik/ros_ubuntu/ros2_ws/install/relbot2turtlesim/share/ament_index/resource_index/packages/relbot2turtlesim
-- Installing: /home/srik/ros_ubuntu/ros2_ws/install/relbot2turtlesim/share/relbot2turtlesim/cmake/relbot2turtlesimConfig.cmake
-- Installing: /home/srik/ros_ubuntu/ros2_ws/install/relbot2turtlesim/share/relbot2turtlesim/cmake/relbot2turtlesimConfig-version.cmake
-- Installing: /home/srik/ros_ubuntu/ros2_ws/install/relbot2turtlesim/share/relbot2turtlesim/package.xml
