[0.050s] Invoking command in '/home/sdfr-ppd-16/ros2_ws/build/sdfr_ppd': CMAKE_PREFIX_PATH=/home/sdfr-ppd-16/ros2_ws/install/xrf2_msgs:/home/sdfr-ppd-16/ros2_ws/install/ros_xeno_bridge:/home/sdfr-ppd-16/ros2_ws/install/relbot_simulator:/home/sdfr-ppd-16/ros2_ws/install/relbot_sequence_controller:/home/sdfr-ppd-16/ros2_ws/install/relbot_msgs:/home/sdfr-ppd-16/ros2_ws/install/relbot_launch:/home/sdfr-ppd-16/ros2_ws/install/relbot_adapter:/home/sdfr-ppd-16/ros2_ws/install/relbot2turtlesim:/home/sdfr-ppd-16/ros2_ws/install/image_functions_sdfr /usr/bin/cmake /home/sdfr-ppd-16/ros2_ws/src/sdfr_ppd -DCMAKE_INSTALL_PREFIX=/home/sdfr-ppd-16/ros2_ws/install/sdfr_ppd
[0.328s] -- The C compiler identification is GNU 11.4.0
[0.544s] -- The CXX compiler identification is GNU 11.4.0
[0.560s] -- Detecting C compiler ABI info
[0.798s] -- Detecting C compiler ABI info - done
[0.824s] -- Check for working C compiler: /usr/bin/cc - skipped
[0.825s] -- Detecting C compile features
[0.826s] -- Detecting C compile features - done
[0.836s] -- Detecting CXX compiler ABI info
[1.155s] -- Detecting CXX compiler ABI info - done
[1.182s] -- Check for working CXX compiler: /usr/bin/c++ - skipped
[1.184s] -- Detecting CXX compile features
[1.185s] -- Detecting CXX compile features - done
[1.344s] [0mTIME_STEP_SIZE_VALUE = 0.01[0m
[1.349s] -- Looking for pthread.h
[1.611s] -- Looking for pthread.h - found
[1.612s] -- Performing Test CMAKE_HAVE_LIBC_PTHREAD
[1.863s] -- Performing Test CMAKE_HAVE_LIBC_PTHREAD - Success
[1.868s] -- Found Threads: TRUE  
[1.870s] -- Found xrf2_msgs: 0.0.0 (/home/sdfr-ppd-16/ros2_ws/install/xrf2_msgs/share/xrf2_msgs/cmake)
[2.501s] -- Found Python3: /usr/bin/python3 (found version "3.10.12") found components: Interpreter 
[3.027s] -- Found rosidl_generator_c: 3.1.6 (/opt/ros/humble/share/rosidl_generator_c/cmake)
[3.047s] -- Found rosidl_adapter: 3.1.6 (/opt/ros/humble/share/rosidl_adapter/cmake)
[3.076s] -- Found rosidl_generator_cpp: 3.1.6 (/opt/ros/humble/share/rosidl_generator_cpp/cmake)
[3.119s] -- Using all available rosidl_typesupport_c: rosidl_typesupport_fastrtps_c;rosidl_typesupport_introspection_c
[3.176s] -- Using all available rosidl_typesupport_cpp: rosidl_typesupport_fastrtps_cpp;rosidl_typesupport_introspection_cpp
[3.217s] -- Found rclcpp: 16.0.11 (/opt/ros/humble/share/rclcpp/cmake)
[3.398s] -- Found rmw_implementation_cmake: 6.1.2 (/opt/ros/humble/share/rmw_implementation_cmake/cmake)
[3.408s] -- Found rmw_fastrtps_cpp: 6.2.7 (/opt/ros/humble/share/rmw_fastrtps_cpp/cmake)
[3.658s] -- Found OpenSSL: /usr/lib/aarch64-linux-gnu/libcrypto.so (found version "3.0.2")  
[3.741s] -- Found FastRTPS: /opt/ros/humble/include  
[3.844s] -- Using RMW implementation 'rmw_fastrtps_cpp' as default
[4.042s] -- Configuring done
[4.109s] -- Generating done
[4.141s] -- Build files have been written to: /home/sdfr-ppd-16/ros2_ws/build/sdfr_ppd
[4.180s] Invoked command in '/home/sdfr-ppd-16/ros2_ws/build/sdfr_ppd' returned '0': CMAKE_PREFIX_PATH=/home/sdfr-ppd-16/ros2_ws/install/xrf2_msgs:/home/sdfr-ppd-16/ros2_ws/install/ros_xeno_bridge:/home/sdfr-ppd-16/ros2_ws/install/relbot_simulator:/home/sdfr-ppd-16/ros2_ws/install/relbot_sequence_controller:/home/sdfr-ppd-16/ros2_ws/install/relbot_msgs:/home/sdfr-ppd-16/ros2_ws/install/relbot_launch:/home/sdfr-ppd-16/ros2_ws/install/relbot_adapter:/home/sdfr-ppd-16/ros2_ws/install/relbot2turtlesim:/home/sdfr-ppd-16/ros2_ws/install/image_functions_sdfr /usr/bin/cmake /home/sdfr-ppd-16/ros2_ws/src/sdfr_ppd -DCMAKE_INSTALL_PREFIX=/home/sdfr-ppd-16/ros2_ws/install/sdfr_ppd
[4.188s] Invoking command in '/home/sdfr-ppd-16/ros2_ws/build/sdfr_ppd': CMAKE_PREFIX_PATH=/home/sdfr-ppd-16/ros2_ws/install/xrf2_msgs:/home/sdfr-ppd-16/ros2_ws/install/ros_xeno_bridge:/home/sdfr-ppd-16/ros2_ws/install/relbot_simulator:/home/sdfr-ppd-16/ros2_ws/install/relbot_sequence_controller:/home/sdfr-ppd-16/ros2_ws/install/relbot_msgs:/home/sdfr-ppd-16/ros2_ws/install/relbot_launch:/home/sdfr-ppd-16/ros2_ws/install/relbot_adapter:/home/sdfr-ppd-16/ros2_ws/install/relbot2turtlesim:/home/sdfr-ppd-16/ros2_ws/install/image_functions_sdfr /usr/bin/cmake --build /home/sdfr-ppd-16/ros2_ws/build/sdfr_ppd -- -j3 -l3
[4.317s] [35m[1mConsolidate compiler generated dependencies of target sdfr_ppd[0m
[5.240s] [100%] Built target sdfr_ppd
[5.275s] Invoked command in '/home/sdfr-ppd-16/ros2_ws/build/sdfr_ppd' returned '0': CMAKE_PREFIX_PATH=/home/sdfr-ppd-16/ros2_ws/install/xrf2_msgs:/home/sdfr-ppd-16/ros2_ws/install/ros_xeno_bridge:/home/sdfr-ppd-16/ros2_ws/install/relbot_simulator:/home/sdfr-ppd-16/ros2_ws/install/relbot_sequence_controller:/home/sdfr-ppd-16/ros2_ws/install/relbot_msgs:/home/sdfr-ppd-16/ros2_ws/install/relbot_launch:/home/sdfr-ppd-16/ros2_ws/install/relbot_adapter:/home/sdfr-ppd-16/ros2_ws/install/relbot2turtlesim:/home/sdfr-ppd-16/ros2_ws/install/image_functions_sdfr /usr/bin/cmake --build /home/sdfr-ppd-16/ros2_ws/build/sdfr_ppd -- -j3 -l3
