[0.013s] Invoking command in '/home/raghav742/SDfR/Assignments/assignment6/ros2_ws/build/relbot_msgs': CMAKE_PREFIX_PATH=${CMAKE_PREFIX_PATH}:/opt/ros/humble /usr/bin/cmake --build /home/raghav742/SDfR/Assignments/assignment6/ros2_ws/build/relbot_msgs -- -j8 -l8
[0.043s] [35m[1mConsolidate compiler generated dependencies of target relbot_msgs__rosidl_generator_c[0m
[0.053s] [  2%] Built target relbot_msgs__cpp
[0.053s] [  5%] Built target relbot_msgs__rs
[0.053s] [ 15%] Built target relbot_msgs__rosidl_generator_c
[0.063s] [ 15%] Built target ament_cmake_python_copy_relbot_msgs
[0.064s] [35m[1mConsolidate compiler generated dependencies of target relbot_msgs__rosidl_typesupport_cpp[0m
[0.064s] [35m[1mConsolidate compiler generated dependencies of target relbot_msgs__rosidl_typesupport_fastrtps_cpp[0m
[0.065s] [35m[1mConsolidate compiler generated dependencies of target relbot_msgs__rosidl_typesupport_introspection_cpp[0m
[0.076s] [35m[1mConsolidate compiler generated dependencies of target relbot_msgs__rosidl_typesupport_fastrtps_c[0m
[0.076s] [35m[1mConsolidate compiler generated dependencies of target relbot_msgs__rosidl_typesupport_introspection_c[0m
[0.079s] [35m[1mConsolidate compiler generated dependencies of target relbot_msgs__rosidl_typesupport_c[0m
[0.084s] [ 25%] Built target relbot_msgs__rosidl_typesupport_introspection_cpp
[0.086s] [ 35%] Built target relbot_msgs__rosidl_typesupport_fastrtps_cpp
[0.091s] [ 45%] Built target relbot_msgs__rosidl_typesupport_cpp
[0.093s] [ 62%] Built target relbot_msgs__rosidl_typesupport_c
[0.093s] [ 65%] Built target relbot_msgs__rosidl_typesupport_introspection_c
[0.100s] [ 75%] Built target relbot_msgs__rosidl_typesupport_fastrtps_c
[0.120s] [ 75%] Built target relbot_msgs
[0.141s] [ 77%] Built target relbot_msgs__py
[0.152s] [35m[1mConsolidate compiler generated dependencies of target relbot_msgs__rosidl_generator_py[0m
[0.164s] [ 85%] Built target relbot_msgs__rosidl_generator_py
[0.173s] [35m[1mConsolidate compiler generated dependencies of target relbot_msgs__rosidl_typesupport_introspection_c__pyext[0m
[0.174s] [35m[1mConsolidate compiler generated dependencies of target relbot_msgs__rosidl_typesupport_c__pyext[0m
[0.175s] [35m[1mConsolidate compiler generated dependencies of target relbot_msgs__rosidl_typesupport_fastrtps_c__pyext[0m
[0.187s] [ 90%] Built target relbot_msgs__rosidl_typesupport_introspection_c__pyext
[0.189s] [ 95%] Built target relbot_msgs__rosidl_typesupport_c__pyext
[0.189s] [100%] Built target relbot_msgs__rosidl_typesupport_fastrtps_c__pyext
[0.342s] running egg_info
[0.343s] writing relbot_msgs.egg-info/PKG-INFO
[0.343s] writing dependency_links to relbot_msgs.egg-info/dependency_links.txt
[0.343s] writing top-level names to relbot_msgs.egg-info/top_level.txt
[0.345s] reading manifest file 'relbot_msgs.egg-info/SOURCES.txt'
[0.346s] writing manifest file 'relbot_msgs.egg-info/SOURCES.txt'
[0.369s] [100%] Built target ament_cmake_python_build_relbot_msgs_egg
[0.378s] Invoked command in '/home/raghav742/SDfR/Assignments/assignment6/ros2_ws/build/relbot_msgs' returned '0': CMAKE_PREFIX_PATH=${CMAKE_PREFIX_PATH}:/opt/ros/humble /usr/bin/cmake --build /home/raghav742/SDfR/Assignments/assignment6/ros2_ws/build/relbot_msgs -- -j8 -l8
[0.390s] Invoking command in '/home/raghav742/SDfR/Assignments/assignment6/ros2_ws/build/relbot_msgs': CMAKE_PREFIX_PATH=${CMAKE_PREFIX_PATH}:/opt/ros/humble /usr/bin/cmake --install /home/raghav742/SDfR/Assignments/assignment6/ros2_ws/build/relbot_msgs
[0.398s] -- Install configuration: ""
[0.399s] -- Up-to-date: /home/raghav742/SDfR/Assignments/assignment6/ros2_ws/install/relbot_msgs/share/ament_index/resource_index/rosidl_interfaces/relbot_msgs
[0.399s] -- Up-to-date: /home/raghav742/SDfR/Assignments/assignment6/ros2_ws/install/relbot_msgs/include/relbot_msgs/relbot_msgs
[0.399s] -- Up-to-date: /home/raghav742/SDfR/Assignments/assignment6/ros2_ws/install/relbot_msgs/include/relbot_msgs/relbot_msgs/msg
[0.399s] -- Up-to-date: /home/raghav742/SDfR/Assignments/assignment6/ros2_ws/install/relbot_msgs/include/relbot_msgs/relbot_msgs/msg/relbot_motors_stamped.h
[0.399s] -- Up-to-date: /home/raghav742/SDfR/Assignments/assignment6/ros2_ws/install/relbot_msgs/include/relbot_msgs/relbot_msgs/msg/rosidl_generator_c__visibility_control.h
[0.399s] -- Up-to-date: /home/raghav742/SDfR/Assignments/assignment6/ros2_ws/install/relbot_msgs/include/relbot_msgs/relbot_msgs/msg/detail
[0.399s] -- Up-to-date: /home/raghav742/SDfR/Assignments/assignment6/ros2_ws/install/relbot_msgs/include/relbot_msgs/relbot_msgs/msg/detail/relbot_motors__struct.h
[0.399s] -- Up-to-date: /home/raghav742/SDfR/Assignments/assignment6/ros2_ws/install/relbot_msgs/include/relbot_msgs/relbot_msgs/msg/detail/relbot_motors__functions.c
[0.400s] -- Up-to-date: /home/raghav742/SDfR/Assignments/assignment6/ros2_ws/install/relbot_msgs/include/relbot_msgs/relbot_msgs/msg/detail/relbot_motors_stamped__struct.h
[0.400s] -- Up-to-date: /home/raghav742/SDfR/Assignments/assignment6/ros2_ws/install/relbot_msgs/include/relbot_msgs/relbot_msgs/msg/detail/relbot_motors_stamped__functions.h
[0.400s] -- Up-to-date: /home/raghav742/SDfR/Assignments/assignment6/ros2_ws/install/relbot_msgs/include/relbot_msgs/relbot_msgs/msg/detail/relbot_motors_stamped__functions.c
[0.400s] -- Up-to-date: /home/raghav742/SDfR/Assignments/assignment6/ros2_ws/install/relbot_msgs/include/relbot_msgs/relbot_msgs/msg/detail/relbot_motors__type_support.h
[0.400s] -- Up-to-date: /home/raghav742/SDfR/Assignments/assignment6/ros2_ws/install/relbot_msgs/include/relbot_msgs/relbot_msgs/msg/detail/relbot_motors_stamped__type_support.h
[0.400s] -- Up-to-date: /home/raghav742/SDfR/Assignments/assignment6/ros2_ws/install/relbot_msgs/include/relbot_msgs/relbot_msgs/msg/detail/relbot_motors__functions.h
[0.400s] -- Up-to-date: /home/raghav742/SDfR/Assignments/assignment6/ros2_ws/install/relbot_msgs/include/relbot_msgs/relbot_msgs/msg/relbot_motors.h
[0.400s] -- Up-to-date: /home/raghav742/SDfR/Assignments/assignment6/ros2_ws/install/relbot_msgs/share/relbot_msgs/environment/library_path.sh
[0.400s] -- Up-to-date: /home/raghav742/SDfR/Assignments/assignment6/ros2_ws/install/relbot_msgs/share/relbot_msgs/environment/library_path.dsv
[0.400s] -- Up-to-date: /home/raghav742/SDfR/Assignments/assignment6/ros2_ws/install/relbot_msgs/lib/librelbot_msgs__rosidl_generator_c.so
[0.401s] -- Up-to-date: /home/raghav742/SDfR/Assignments/assignment6/ros2_ws/install/relbot_msgs/include/relbot_msgs/relbot_msgs
[0.401s] -- Up-to-date: /home/raghav742/SDfR/Assignments/assignment6/ros2_ws/install/relbot_msgs/include/relbot_msgs/relbot_msgs/msg
[0.401s] -- Up-to-date: /home/raghav742/SDfR/Assignments/assignment6/ros2_ws/install/relbot_msgs/include/relbot_msgs/relbot_msgs/msg/rosidl_typesupport_fastrtps_c__visibility_control.h
[0.401s] -- Up-to-date: /home/raghav742/SDfR/Assignments/assignment6/ros2_ws/install/relbot_msgs/include/relbot_msgs/relbot_msgs/msg/detail
[0.401s] -- Up-to-date: /home/raghav742/SDfR/Assignments/assignment6/ros2_ws/install/relbot_msgs/include/relbot_msgs/relbot_msgs/msg/detail/relbot_motors__rosidl_typesupport_fastrtps_c.h
[0.401s] -- Up-to-date: /home/raghav742/SDfR/Assignments/assignment6/ros2_ws/install/relbot_msgs/include/relbot_msgs/relbot_msgs/msg/detail/relbot_motors_stamped__rosidl_typesupport_fastrtps_c.h
[0.401s] -- Up-to-date: /home/raghav742/SDfR/Assignments/assignment6/ros2_ws/install/relbot_msgs/lib/librelbot_msgs__rosidl_typesupport_fastrtps_c.so
[0.401s] -- Up-to-date: /home/raghav742/SDfR/Assignments/assignment6/ros2_ws/install/relbot_msgs/include/relbot_msgs/relbot_msgs
[0.401s] -- Up-to-date: /home/raghav742/SDfR/Assignments/assignment6/ros2_ws/install/relbot_msgs/include/relbot_msgs/relbot_msgs/msg
[0.401s] -- Up-to-date: /home/raghav742/SDfR/Assignments/assignment6/ros2_ws/install/relbot_msgs/include/relbot_msgs/relbot_msgs/msg/rosidl_typesupport_introspection_c__visibility_control.h
[0.401s] -- Up-to-date: /home/raghav742/SDfR/Assignments/assignment6/ros2_ws/install/relbot_msgs/include/relbot_msgs/relbot_msgs/msg/detail
[0.402s] -- Up-to-date: /home/raghav742/SDfR/Assignments/assignment6/ros2_ws/install/relbot_msgs/include/relbot_msgs/relbot_msgs/msg/detail/relbot_motors_stamped__rosidl_typesupport_introspection_c.h
[0.402s] -- Up-to-date: /home/raghav742/SDfR/Assignments/assignment6/ros2_ws/install/relbot_msgs/include/relbot_msgs/relbot_msgs/msg/detail/relbot_motors__type_support.c
[0.402s] -- Up-to-date: /home/raghav742/SDfR/Assignments/assignment6/ros2_ws/install/relbot_msgs/include/relbot_msgs/relbot_msgs/msg/detail/relbot_motors__rosidl_typesupport_introspection_c.h
[0.402s] -- Up-to-date: /home/raghav742/SDfR/Assignments/assignment6/ros2_ws/install/relbot_msgs/include/relbot_msgs/relbot_msgs/msg/detail/relbot_motors_stamped__type_support.c
[0.402s] -- Up-to-date: /home/raghav742/SDfR/Assignments/assignment6/ros2_ws/install/relbot_msgs/lib/librelbot_msgs__rosidl_typesupport_introspection_c.so
[0.402s] -- Up-to-date: /home/raghav742/SDfR/Assignments/assignment6/ros2_ws/install/relbot_msgs/lib/librelbot_msgs__rosidl_typesupport_c.so
[0.402s] -- Up-to-date: /home/raghav742/SDfR/Assignments/assignment6/ros2_ws/install/relbot_msgs/include/relbot_msgs/relbot_msgs
[0.402s] -- Up-to-date: /home/raghav742/SDfR/Assignments/assignment6/ros2_ws/install/relbot_msgs/include/relbot_msgs/relbot_msgs/msg
[0.403s] -- Up-to-date: /home/raghav742/SDfR/Assignments/assignment6/ros2_ws/install/relbot_msgs/include/relbot_msgs/relbot_msgs/msg/relbot_motors.hpp
[0.403s] -- Up-to-date: /home/raghav742/SDfR/Assignments/assignment6/ros2_ws/install/relbot_msgs/include/relbot_msgs/relbot_msgs/msg/rosidl_generator_cpp__visibility_control.hpp
[0.403s] -- Up-to-date: /home/raghav742/SDfR/Assignments/assignment6/ros2_ws/install/relbot_msgs/include/relbot_msgs/relbot_msgs/msg/detail
[0.403s] -- Up-to-date: /home/raghav742/SDfR/Assignments/assignment6/ros2_ws/install/relbot_msgs/include/relbot_msgs/relbot_msgs/msg/detail/relbot_motors__builder.hpp
[0.403s] -- Up-to-date: /home/raghav742/SDfR/Assignments/assignment6/ros2_ws/install/relbot_msgs/include/relbot_msgs/relbot_msgs/msg/detail/relbot_motors_stamped__struct.hpp
[0.403s] -- Up-to-date: /home/raghav742/SDfR/Assignments/assignment6/ros2_ws/install/relbot_msgs/include/relbot_msgs/relbot_msgs/msg/detail/relbot_motors_stamped__builder.hpp
[0.403s] -- Up-to-date: /home/raghav742/SDfR/Assignments/assignment6/ros2_ws/install/relbot_msgs/include/relbot_msgs/relbot_msgs/msg/detail/relbot_motors__struct.hpp
[0.403s] -- Up-to-date: /home/raghav742/SDfR/Assignments/assignment6/ros2_ws/install/relbot_msgs/include/relbot_msgs/relbot_msgs/msg/detail/relbot_motors__type_support.hpp
[0.403s] -- Up-to-date: /home/raghav742/SDfR/Assignments/assignment6/ros2_ws/install/relbot_msgs/include/relbot_msgs/relbot_msgs/msg/detail/relbot_motors_stamped__traits.hpp
[0.403s] -- Up-to-date: /home/raghav742/SDfR/Assignments/assignment6/ros2_ws/install/relbot_msgs/include/relbot_msgs/relbot_msgs/msg/detail/relbot_motors_stamped__type_support.hpp
[0.403s] -- Up-to-date: /home/raghav742/SDfR/Assignments/assignment6/ros2_ws/install/relbot_msgs/include/relbot_msgs/relbot_msgs/msg/detail/relbot_motors__traits.hpp
[0.403s] -- Up-to-date: /home/raghav742/SDfR/Assignments/assignment6/ros2_ws/install/relbot_msgs/include/relbot_msgs/relbot_msgs/msg/relbot_motors_stamped.hpp
[0.403s] -- Up-to-date: /home/raghav742/SDfR/Assignments/assignment6/ros2_ws/install/relbot_msgs/include/relbot_msgs/relbot_msgs
[0.404s] -- Up-to-date: /home/raghav742/SDfR/Assignments/assignment6/ros2_ws/install/relbot_msgs/include/relbot_msgs/relbot_msgs/msg
[0.404s] -- Up-to-date: /home/raghav742/SDfR/Assignments/assignment6/ros2_ws/install/relbot_msgs/include/relbot_msgs/relbot_msgs/msg/rosidl_typesupport_fastrtps_cpp__visibility_control.h
[0.404s] -- Up-to-date: /home/raghav742/SDfR/Assignments/assignment6/ros2_ws/install/relbot_msgs/include/relbot_msgs/relbot_msgs/msg/detail
[0.404s] -- Up-to-date: /home/raghav742/SDfR/Assignments/assignment6/ros2_ws/install/relbot_msgs/include/relbot_msgs/relbot_msgs/msg/detail/relbot_motors_stamped__rosidl_typesupport_fastrtps_cpp.hpp
[0.404s] -- Up-to-date: /home/raghav742/SDfR/Assignments/assignment6/ros2_ws/install/relbot_msgs/include/relbot_msgs/relbot_msgs/msg/detail/dds_fastrtps
[0.404s] -- Up-to-date: /home/raghav742/SDfR/Assignments/assignment6/ros2_ws/install/relbot_msgs/include/relbot_msgs/relbot_msgs/msg/detail/relbot_motors__rosidl_typesupport_fastrtps_cpp.hpp
[0.404s] -- Up-to-date: /home/raghav742/SDfR/Assignments/assignment6/ros2_ws/install/relbot_msgs/lib/librelbot_msgs__rosidl_typesupport_fastrtps_cpp.so
[0.404s] -- Up-to-date: /home/raghav742/SDfR/Assignments/assignment6/ros2_ws/install/relbot_msgs/include/relbot_msgs/relbot_msgs
[0.404s] -- Up-to-date: /home/raghav742/SDfR/Assignments/assignment6/ros2_ws/install/relbot_msgs/include/relbot_msgs/relbot_msgs/msg
[0.404s] -- Up-to-date: /home/raghav742/SDfR/Assignments/assignment6/ros2_ws/install/relbot_msgs/include/relbot_msgs/relbot_msgs/msg/detail
[0.404s] -- Up-to-date: /home/raghav742/SDfR/Assignments/assignment6/ros2_ws/install/relbot_msgs/include/relbot_msgs/relbot_msgs/msg/detail/relbot_motors__type_support.cpp
[0.404s] -- Up-to-date: /home/raghav742/SDfR/Assignments/assignment6/ros2_ws/install/relbot_msgs/include/relbot_msgs/relbot_msgs/msg/detail/relbot_motors_stamped__rosidl_typesupport_introspection_cpp.hpp
[0.405s] -- Up-to-date: /home/raghav742/SDfR/Assignments/assignment6/ros2_ws/install/relbot_msgs/include/relbot_msgs/relbot_msgs/msg/detail/relbot_motors__rosidl_typesupport_introspection_cpp.hpp
[0.405s] -- Up-to-date: /home/raghav742/SDfR/Assignments/assignment6/ros2_ws/install/relbot_msgs/include/relbot_msgs/relbot_msgs/msg/detail/relbot_motors_stamped__type_support.cpp
[0.405s] -- Up-to-date: /home/raghav742/SDfR/Assignments/assignment6/ros2_ws/install/relbot_msgs/lib/librelbot_msgs__rosidl_typesupport_introspection_cpp.so
[0.405s] -- Up-to-date: /home/raghav742/SDfR/Assignments/assignment6/ros2_ws/install/relbot_msgs/lib/librelbot_msgs__rosidl_typesupport_cpp.so
[0.405s] -- Up-to-date: /home/raghav742/SDfR/Assignments/assignment6/ros2_ws/install/relbot_msgs/share/relbot_msgs/environment/pythonpath.sh
[0.405s] -- Up-to-date: /home/raghav742/SDfR/Assignments/assignment6/ros2_ws/install/relbot_msgs/share/relbot_msgs/environment/pythonpath.dsv
[0.405s] -- Up-to-date: /home/raghav742/SDfR/Assignments/assignment6/ros2_ws/install/relbot_msgs/local/lib/python3.10/dist-packages/relbot_msgs-2025.2.0-py3.10.egg-info
[0.405s] -- Installing: /home/raghav742/SDfR/Assignments/assignment6/ros2_ws/install/relbot_msgs/local/lib/python3.10/dist-packages/relbot_msgs-2025.2.0-py3.10.egg-info/SOURCES.txt
[0.405s] -- Installing: /home/raghav742/SDfR/Assignments/assignment6/ros2_ws/install/relbot_msgs/local/lib/python3.10/dist-packages/relbot_msgs-2025.2.0-py3.10.egg-info/top_level.txt
[0.405s] -- Installing: /home/raghav742/SDfR/Assignments/assignment6/ros2_ws/install/relbot_msgs/local/lib/python3.10/dist-packages/relbot_msgs-2025.2.0-py3.10.egg-info/dependency_links.txt
[0.406s] -- Installing: /home/raghav742/SDfR/Assignments/assignment6/ros2_ws/install/relbot_msgs/local/lib/python3.10/dist-packages/relbot_msgs-2025.2.0-py3.10.egg-info/PKG-INFO
[0.406s] -- Up-to-date: /home/raghav742/SDfR/Assignments/assignment6/ros2_ws/install/relbot_msgs/local/lib/python3.10/dist-packages/relbot_msgs
[0.406s] -- Up-to-date: /home/raghav742/SDfR/Assignments/assignment6/ros2_ws/install/relbot_msgs/local/lib/python3.10/dist-packages/relbot_msgs/relbot_msgs_s__rosidl_typesupport_fastrtps_c.cpython-310-x86_64-linux-gnu.so
[0.406s] -- Up-to-date: /home/raghav742/SDfR/Assignments/assignment6/ros2_ws/install/relbot_msgs/local/lib/python3.10/dist-packages/relbot_msgs/_relbot_msgs_s.ep.rosidl_typesupport_introspection_c.c
[0.406s] -- Up-to-date: /home/raghav742/SDfR/Assignments/assignment6/ros2_ws/install/relbot_msgs/local/lib/python3.10/dist-packages/relbot_msgs/librelbot_msgs__rosidl_generator_py.so
[0.406s] -- Up-to-date: /home/raghav742/SDfR/Assignments/assignment6/ros2_ws/install/relbot_msgs/local/lib/python3.10/dist-packages/relbot_msgs/relbot_msgs_s__rosidl_typesupport_introspection_c.cpython-310-x86_64-linux-gnu.so
[0.406s] -- Up-to-date: /home/raghav742/SDfR/Assignments/assignment6/ros2_ws/install/relbot_msgs/local/lib/python3.10/dist-packages/relbot_msgs/__init__.py
[0.406s] -- Up-to-date: /home/raghav742/SDfR/Assignments/assignment6/ros2_ws/install/relbot_msgs/local/lib/python3.10/dist-packages/relbot_msgs/_relbot_msgs_s.ep.rosidl_typesupport_fastrtps_c.c
[0.406s] -- Up-to-date: /home/raghav742/SDfR/Assignments/assignment6/ros2_ws/install/relbot_msgs/local/lib/python3.10/dist-packages/relbot_msgs/_relbot_msgs_s.ep.rosidl_typesupport_c.c
[0.406s] -- Up-to-date: /home/raghav742/SDfR/Assignments/assignment6/ros2_ws/install/relbot_msgs/local/lib/python3.10/dist-packages/relbot_msgs/relbot_msgs_s__rosidl_typesupport_c.cpython-310-x86_64-linux-gnu.so
[0.406s] -- Up-to-date: /home/raghav742/SDfR/Assignments/assignment6/ros2_ws/install/relbot_msgs/local/lib/python3.10/dist-packages/relbot_msgs/msg
[0.406s] -- Up-to-date: /home/raghav742/SDfR/Assignments/assignment6/ros2_ws/install/relbot_msgs/local/lib/python3.10/dist-packages/relbot_msgs/msg/_relbot_motors_s.c
[0.407s] -- Up-to-date: /home/raghav742/SDfR/Assignments/assignment6/ros2_ws/install/relbot_msgs/local/lib/python3.10/dist-packages/relbot_msgs/msg/_relbot_motors.py
[0.407s] -- Up-to-date: /home/raghav742/SDfR/Assignments/assignment6/ros2_ws/install/relbot_msgs/local/lib/python3.10/dist-packages/relbot_msgs/msg/_relbot_motors_stamped.py
[0.407s] -- Up-to-date: /home/raghav742/SDfR/Assignments/assignment6/ros2_ws/install/relbot_msgs/local/lib/python3.10/dist-packages/relbot_msgs/msg/_relbot_motors_stamped_s.c
[0.407s] -- Up-to-date: /home/raghav742/SDfR/Assignments/assignment6/ros2_ws/install/relbot_msgs/local/lib/python3.10/dist-packages/relbot_msgs/msg/__init__.py
[0.432s] Listing '/home/raghav742/SDfR/Assignments/assignment6/ros2_ws/install/relbot_msgs/local/lib/python3.10/dist-packages/relbot_msgs'...
[0.433s] Listing '/home/raghav742/SDfR/Assignments/assignment6/ros2_ws/install/relbot_msgs/local/lib/python3.10/dist-packages/relbot_msgs/msg'...
[0.437s] -- Up-to-date: /home/raghav742/SDfR/Assignments/assignment6/ros2_ws/install/relbot_msgs/local/lib/python3.10/dist-packages/relbot_msgs/relbot_msgs_s__rosidl_typesupport_fastrtps_c.cpython-310-x86_64-linux-gnu.so
[0.437s] -- Up-to-date: /home/raghav742/SDfR/Assignments/assignment6/ros2_ws/install/relbot_msgs/local/lib/python3.10/dist-packages/relbot_msgs/relbot_msgs_s__rosidl_typesupport_introspection_c.cpython-310-x86_64-linux-gnu.so
[0.437s] -- Up-to-date: /home/raghav742/SDfR/Assignments/assignment6/ros2_ws/install/relbot_msgs/local/lib/python3.10/dist-packages/relbot_msgs/relbot_msgs_s__rosidl_typesupport_c.cpython-310-x86_64-linux-gnu.so
[0.437s] -- Up-to-date: /home/raghav742/SDfR/Assignments/assignment6/ros2_ws/install/relbot_msgs/lib/librelbot_msgs__rosidl_generator_py.so
[0.438s] -- Up-to-date: /home/raghav742/SDfR/Assignments/assignment6/ros2_ws/install/relbot_msgs/share/ament_index/resource_index/rust_packages/relbot_msgs
[0.438s] -- Up-to-date: /home/raghav742/SDfR/Assignments/assignment6/ros2_ws/install/relbot_msgs/share/relbot_msgs/rust
[0.438s] -- Up-to-date: /home/raghav742/SDfR/Assignments/assignment6/ros2_ws/install/relbot_msgs/share/relbot_msgs/rust/build.rs
[0.438s] -- Up-to-date: /home/raghav742/SDfR/Assignments/assignment6/ros2_ws/install/relbot_msgs/share/relbot_msgs/rust/src
[0.438s] -- Up-to-date: /home/raghav742/SDfR/Assignments/assignment6/ros2_ws/install/relbot_msgs/share/relbot_msgs/rust/src/lib.rs
[0.438s] -- Up-to-date: /home/raghav742/SDfR/Assignments/assignment6/ros2_ws/install/relbot_msgs/share/relbot_msgs/rust/src/msg.rs
[0.438s] -- Up-to-date: /home/raghav742/SDfR/Assignments/assignment6/ros2_ws/install/relbot_msgs/share/relbot_msgs/rust/src/msg
[0.439s] -- Up-to-date: /home/raghav742/SDfR/Assignments/assignment6/ros2_ws/install/relbot_msgs/share/relbot_msgs/rust/src/msg/rmw.rs
[0.439s] -- Up-to-date: /home/raghav742/SDfR/Assignments/assignment6/ros2_ws/install/relbot_msgs/share/relbot_msgs/rust/Cargo.toml
[0.439s] -- Up-to-date: /home/raghav742/SDfR/Assignments/assignment6/ros2_ws/install/relbot_msgs/share/relbot_msgs/msg/RelbotMotors.idl
[0.439s] -- Up-to-date: /home/raghav742/SDfR/Assignments/assignment6/ros2_ws/install/relbot_msgs/share/relbot_msgs/msg/RelbotMotorsStamped.idl
[0.439s] -- Up-to-date: /home/raghav742/SDfR/Assignments/assignment6/ros2_ws/install/relbot_msgs/share/relbot_msgs/msg/RelbotMotors.msg
[0.439s] -- Up-to-date: /home/raghav742/SDfR/Assignments/assignment6/ros2_ws/install/relbot_msgs/share/relbot_msgs/msg/RelbotMotorsStamped.msg
[0.439s] -- Up-to-date: /home/raghav742/SDfR/Assignments/assignment6/ros2_ws/install/relbot_msgs/share/ament_index/resource_index/package_run_dependencies/relbot_msgs
[0.439s] -- Up-to-date: /home/raghav742/SDfR/Assignments/assignment6/ros2_ws/install/relbot_msgs/share/ament_index/resource_index/parent_prefix_path/relbot_msgs
[0.439s] -- Up-to-date: /home/raghav742/SDfR/Assignments/assignment6/ros2_ws/install/relbot_msgs/share/relbot_msgs/environment/ament_prefix_path.sh
[0.439s] -- Up-to-date: /home/raghav742/SDfR/Assignments/assignment6/ros2_ws/install/relbot_msgs/share/relbot_msgs/environment/ament_prefix_path.dsv
[0.440s] -- Up-to-date: /home/raghav742/SDfR/Assignments/assignment6/ros2_ws/install/relbot_msgs/share/relbot_msgs/environment/path.sh
[0.440s] -- Up-to-date: /home/raghav742/SDfR/Assignments/assignment6/ros2_ws/install/relbot_msgs/share/relbot_msgs/environment/path.dsv
[0.440s] -- Up-to-date: /home/raghav742/SDfR/Assignments/assignment6/ros2_ws/install/relbot_msgs/share/relbot_msgs/local_setup.bash
[0.440s] -- Up-to-date: /home/raghav742/SDfR/Assignments/assignment6/ros2_ws/install/relbot_msgs/share/relbot_msgs/local_setup.sh
[0.440s] -- Up-to-date: /home/raghav742/SDfR/Assignments/assignment6/ros2_ws/install/relbot_msgs/share/relbot_msgs/local_setup.zsh
[0.440s] -- Up-to-date: /home/raghav742/SDfR/Assignments/assignment6/ros2_ws/install/relbot_msgs/share/relbot_msgs/local_setup.dsv
[0.440s] -- Installing: /home/raghav742/SDfR/Assignments/assignment6/ros2_ws/install/relbot_msgs/share/relbot_msgs/package.dsv
[0.440s] -- Up-to-date: /home/raghav742/SDfR/Assignments/assignment6/ros2_ws/install/relbot_msgs/share/ament_index/resource_index/packages/relbot_msgs
[0.440s] -- Up-to-date: /home/raghav742/SDfR/Assignments/assignment6/ros2_ws/install/relbot_msgs/share/relbot_msgs/cmake/export_relbot_msgs__rosidl_generator_cExport.cmake
[0.440s] -- Up-to-date: /home/raghav742/SDfR/Assignments/assignment6/ros2_ws/install/relbot_msgs/share/relbot_msgs/cmake/export_relbot_msgs__rosidl_generator_cExport-noconfig.cmake
[0.441s] -- Up-to-date: /home/raghav742/SDfR/Assignments/assignment6/ros2_ws/install/relbot_msgs/share/relbot_msgs/cmake/export_relbot_msgs__rosidl_typesupport_fastrtps_cExport.cmake
[0.441s] -- Up-to-date: /home/raghav742/SDfR/Assignments/assignment6/ros2_ws/install/relbot_msgs/share/relbot_msgs/cmake/export_relbot_msgs__rosidl_typesupport_fastrtps_cExport-noconfig.cmake
[0.441s] -- Up-to-date: /home/raghav742/SDfR/Assignments/assignment6/ros2_ws/install/relbot_msgs/share/relbot_msgs/cmake/relbot_msgs__rosidl_typesupport_introspection_cExport.cmake
[0.441s] -- Up-to-date: /home/raghav742/SDfR/Assignments/assignment6/ros2_ws/install/relbot_msgs/share/relbot_msgs/cmake/relbot_msgs__rosidl_typesupport_introspection_cExport-noconfig.cmake
[0.441s] -- Up-to-date: /home/raghav742/SDfR/Assignments/assignment6/ros2_ws/install/relbot_msgs/share/relbot_msgs/cmake/relbot_msgs__rosidl_typesupport_cExport.cmake
[0.441s] -- Up-to-date: /home/raghav742/SDfR/Assignments/assignment6/ros2_ws/install/relbot_msgs/share/relbot_msgs/cmake/relbot_msgs__rosidl_typesupport_cExport-noconfig.cmake
[0.441s] -- Up-to-date: /home/raghav742/SDfR/Assignments/assignment6/ros2_ws/install/relbot_msgs/share/relbot_msgs/cmake/export_relbot_msgs__rosidl_generator_cppExport.cmake
[0.441s] -- Up-to-date: /home/raghav742/SDfR/Assignments/assignment6/ros2_ws/install/relbot_msgs/share/relbot_msgs/cmake/export_relbot_msgs__rosidl_typesupport_fastrtps_cppExport.cmake
[0.441s] -- Up-to-date: /home/raghav742/SDfR/Assignments/assignment6/ros2_ws/install/relbot_msgs/share/relbot_msgs/cmake/export_relbot_msgs__rosidl_typesupport_fastrtps_cppExport-noconfig.cmake
[0.441s] -- Up-to-date: /home/raghav742/SDfR/Assignments/assignment6/ros2_ws/install/relbot_msgs/share/relbot_msgs/cmake/relbot_msgs__rosidl_typesupport_introspection_cppExport.cmake
[0.441s] -- Up-to-date: /home/raghav742/SDfR/Assignments/assignment6/ros2_ws/install/relbot_msgs/share/relbot_msgs/cmake/relbot_msgs__rosidl_typesupport_introspection_cppExport-noconfig.cmake
[0.441s] -- Up-to-date: /home/raghav742/SDfR/Assignments/assignment6/ros2_ws/install/relbot_msgs/share/relbot_msgs/cmake/relbot_msgs__rosidl_typesupport_cppExport.cmake
[0.442s] -- Up-to-date: /home/raghav742/SDfR/Assignments/assignment6/ros2_ws/install/relbot_msgs/share/relbot_msgs/cmake/relbot_msgs__rosidl_typesupport_cppExport-noconfig.cmake
[0.442s] -- Up-to-date: /home/raghav742/SDfR/Assignments/assignment6/ros2_ws/install/relbot_msgs/share/relbot_msgs/cmake/export_relbot_msgs__rosidl_generator_pyExport.cmake
[0.442s] -- Up-to-date: /home/raghav742/SDfR/Assignments/assignment6/ros2_ws/install/relbot_msgs/share/relbot_msgs/cmake/export_relbot_msgs__rosidl_generator_pyExport-noconfig.cmake
[0.442s] -- Up-to-date: /home/raghav742/SDfR/Assignments/assignment6/ros2_ws/install/relbot_msgs/share/relbot_msgs/cmake/rosidl_cmake-extras.cmake
[0.442s] -- Up-to-date: /home/raghav742/SDfR/Assignments/assignment6/ros2_ws/install/relbot_msgs/share/relbot_msgs/cmake/ament_cmake_export_dependencies-extras.cmake
[0.442s] -- Up-to-date: /home/raghav742/SDfR/Assignments/assignment6/ros2_ws/install/relbot_msgs/share/relbot_msgs/cmake/ament_cmake_export_include_directories-extras.cmake
[0.442s] -- Up-to-date: /home/raghav742/SDfR/Assignments/assignment6/ros2_ws/install/relbot_msgs/share/relbot_msgs/cmake/ament_cmake_export_libraries-extras.cmake
[0.442s] -- Up-to-date: /home/raghav742/SDfR/Assignments/assignment6/ros2_ws/install/relbot_msgs/share/relbot_msgs/cmake/ament_cmake_export_targets-extras.cmake
[0.442s] -- Up-to-date: /home/raghav742/SDfR/Assignments/assignment6/ros2_ws/install/relbot_msgs/share/relbot_msgs/cmake/rosidl_cmake_export_typesupport_targets-extras.cmake
[0.442s] -- Up-to-date: /home/raghav742/SDfR/Assignments/assignment6/ros2_ws/install/relbot_msgs/share/relbot_msgs/cmake/rosidl_cmake_export_typesupport_libraries-extras.cmake
[0.442s] -- Up-to-date: /home/raghav742/SDfR/Assignments/assignment6/ros2_ws/install/relbot_msgs/share/relbot_msgs/cmake/relbot_msgsConfig.cmake
[0.442s] -- Up-to-date: /home/raghav742/SDfR/Assignments/assignment6/ros2_ws/install/relbot_msgs/share/relbot_msgs/cmake/relbot_msgsConfig-version.cmake
[0.442s] -- Up-to-date: /home/raghav742/SDfR/Assignments/assignment6/ros2_ws/install/relbot_msgs/share/relbot_msgs/package.xml
[0.443s] Invoked command in '/home/raghav742/SDfR/Assignments/assignment6/ros2_ws/build/relbot_msgs' returned '0': CMAKE_PREFIX_PATH=${CMAKE_PREFIX_PATH}:/opt/ros/humble /usr/bin/cmake --install /home/raghav742/SDfR/Assignments/assignment6/ros2_ws/build/relbot_msgs
