[0.140s] Invoking command in '/home/sdfr-ppd-16/ros2_ws/build/relbot_simulator': CMAKE_PREFIX_PATH=${CMAKE_PREFIX_PATH}:/opt/ros/humble /usr/bin/cmake /home/sdfr-ppd-16/ros2_ws/src/relbot_simulator -DCMAKE_INSTALL_PREFIX=/home/sdfr-ppd-16/ros2_ws/install/relbot_simulator
[0.480s] -- The C compiler identification is GNU 11.4.0
[0.759s] -- The CXX compiler identification is GNU 11.4.0
[0.792s] -- Detecting C compiler ABI info
[1.127s] -- Detecting C compiler ABI info - done
[1.165s] -- Check for working C compiler: /usr/bin/cc - skipped
[1.168s] -- Detecting C compile features
[1.172s] -- Detecting C compile features - done
[1.190s] -- Detecting CXX compiler ABI info
[1.954s] -- Detecting CXX compiler ABI info - done
[2.012s] -- Check for working CXX compiler: /usr/bin/c++ - skipped
[2.013s] -- Detecting CXX compile features
[2.015s] -- Detecting CXX compile features - done
[2.025s] -- Found ament_cmake: 1.3.11 (/opt/ros/humble/share/ament_cmake/cmake)
[2.807s] -- Found Python3: /usr/bin/python3 (found version "3.10.12") found components: Interpreter 
[3.456s] -- Found rclcpp: 16.0.11 (/opt/ros/humble/share/rclcpp/cmake)
[3.759s] -- Found rosidl_generator_c: 3.1.6 (/opt/ros/humble/share/rosidl_generator_c/cmake)
[3.802s] -- Found rosidl_adapter: 3.1.6 (/opt/ros/humble/share/rosidl_adapter/cmake)
[3.849s] -- Found rosidl_generator_cpp: 3.1.6 (/opt/ros/humble/share/rosidl_generator_cpp/cmake)
[3.901s] -- Using all available rosidl_typesupport_c: rosidl_typesupport_fastrtps_c;rosidl_typesupport_introspection_c
[3.970s] -- Using all available rosidl_typesupport_cpp: rosidl_typesupport_fastrtps_cpp;rosidl_typesupport_introspection_cpp
[4.203s] -- Found rmw_implementation_cmake: 6.1.2 (/opt/ros/humble/share/rmw_implementation_cmake/cmake)
[4.214s] -- Found rmw_fastrtps_cpp: 6.2.7 (/opt/ros/humble/share/rmw_fastrtps_cpp/cmake)
[4.814s] -- Found OpenSSL: /usr/lib/aarch64-linux-gnu/libcrypto.so (found version "3.0.2")  
[4.899s] -- Found FastRTPS: /opt/ros/humble/include  
[5.025s] -- Using RMW implementation 'rmw_fastrtps_cpp' as default
[5.075s] -- Looking for pthread.h
[5.737s] -- Looking for pthread.h - found
[5.739s] -- Performing Test CMAKE_HAVE_LIBC_PTHREAD
[6.417s] -- Performing Test CMAKE_HAVE_LIBC_PTHREAD - Success
[6.420s] -- Found Threads: TRUE  
[6.813s] -- Found geometry_msgs: 4.2.4 (/opt/ros/humble/share/geometry_msgs/cmake)
[6.876s] -- Found sensor_msgs: 4.2.4 (/opt/ros/humble/share/sensor_msgs/cmake)
[6.958s] -- Found relbot_msgs: 2025.2.0 (/home/sdfr-ppd-16/ros2_ws/install/relbot_msgs/share/relbot_msgs/cmake)
[8.810s] -- Found OpenCV: /usr (found version "4.5.4") found components: core highgui imgcodecs imgproc videoio 
[8.831s] -- Found cv_bridge: 3.2.1 (/opt/ros/humble/share/cv_bridge/cmake)
[8.876s] -- Found ament_lint_auto: 0.12.11 (/opt/ros/humble/share/ament_lint_auto/cmake)
[9.559s] -- Added test 'copyright' to check source files copyright and LICENSE
[9.595s] -- Added test 'cppcheck' to perform static code analysis on C / C++ code
[9.599s] -- Configured cppcheck include dirs: /home/sdfr-ppd-16/ros2_ws/src/relbot_simulator/include;/home/sdfr-ppd-16/ros2_ws/src/relbot_simulator/common;$<BUILD_INTERFACE:/home/sdfr-ppd-16/ros2_ws/src/relbot_simulator/include>;$<BUILD_INTERFACE:/home/sdfr-ppd-16/ros2_ws/src/relbot_simulator/common>
[9.600s] -- Configured cppcheck exclude dirs and/or files: 
[9.608s] -- Added test 'cpplint' to check C / C++ code against the Google style
[9.619s] -- Configured cpplint exclude dirs and/or files: 
[9.625s] -- Added test 'lint_cmake' to check CMake code style
[9.634s] -- Added test 'uncrustify' to check C / C++ code style
[9.648s] -- Configured uncrustify additional arguments: 
[9.652s] -- Added test 'xmllint' to check XML markup files
[9.664s] -- Configuring done
[9.760s] -- Generating done
[9.795s] -- Build files have been written to: /home/sdfr-ppd-16/ros2_ws/build/relbot_simulator
[9.846s] Invoked command in '/home/sdfr-ppd-16/ros2_ws/build/relbot_simulator' returned '0': CMAKE_PREFIX_PATH=${CMAKE_PREFIX_PATH}:/opt/ros/humble /usr/bin/cmake /home/sdfr-ppd-16/ros2_ws/src/relbot_simulator -DCMAKE_INSTALL_PREFIX=/home/sdfr-ppd-16/ros2_ws/install/relbot_simulator
[9.863s] Invoking command in '/home/sdfr-ppd-16/ros2_ws/build/relbot_simulator': CMAKE_PREFIX_PATH=${CMAKE_PREFIX_PATH}:/opt/ros/humble /usr/bin/cmake --build /home/sdfr-ppd-16/ros2_ws/build/relbot_simulator -- -j3 -l3
[10.233s] [ 11%] [32mBuilding CXX object CMakeFiles/relbot_simulator.dir/src/relbot_simulator.cpp.o[0m
[58.340s] [ 22%] [32mBuilding CXX object CMakeFiles/relbot_simulator.dir/common/EulerAngles.cpp.o[0m
[58.415s] [ 33%] [32mBuilding CXX object CMakeFiles/relbot_simulator.dir/src/Plant.cpp.o[0m
[60.703s] [ 44%] [32mBuilding CXX object CMakeFiles/relbot_simulator.dir/common/xxfuncs.cpp.o[0m
[61.562s] [ 55%] [32mBuilding CXX object CMakeFiles/relbot_simulator.dir/common/MotionProfiles.cpp.o[0m
[61.637s] [ 66%] [32mBuilding CXX object CMakeFiles/relbot_simulator.dir/common/xxinteg.cpp.o[0m
[73.950s] [ 77%] [32mBuilding CXX object CMakeFiles/relbot_simulator.dir/common/xxinverse.cpp.o[0m
[73.954s] [ 88%] [32mBuilding CXX object CMakeFiles/relbot_simulator.dir/common/xxmatrix.cpp.o[0m
[76.447s] [100%] [32m[1mLinking CXX executable relbot_simulator[0m
[82.899s] [100%] Built target relbot_simulator
