[0.010s] Invoking command in '/home/srik/ros_ubuntu/ros2_ws/build/image_functions_sdfr': CMAKE_PREFIX_PATH=${CMAKE_PREFIX_PATH}:/opt/ros/humble DEBUGINFOD_URLS=https://debuginfod.archlinux.org https://debuginfod.cachyos.org XAUTHLOCALHOSTNAME= /usr/bin/cmake --build /home/srik/ros_ubuntu/ros2_ws/build/image_functions_sdfr -- -j32 -l32
[0.034s] [100%] Built target image_functions
[0.043s] Invoked command in '/home/srik/ros_ubuntu/ros2_ws/build/image_functions_sdfr' returned '0': CMAKE_PREFIX_PATH=${CMAKE_PREFIX_PATH}:/opt/ros/humble DEBUGINFOD_URLS=https://debuginfod.archlinux.org https://debuginfod.cachyos.org XAUTHLOCALHOSTNAME= /usr/bin/cmake --build /home/srik/ros_ubuntu/ros2_ws/build/image_functions_sdfr -- -j32 -l32
[0.044s] Invoking command in '/home/srik/ros_ubuntu/ros2_ws/build/image_functions_sdfr': CMAKE_PREFIX_PATH=${CMAKE_PREFIX_PATH}:/opt/ros/humble DEBUGINFOD_URLS=https://debuginfod.archlinux.org https://debuginfod.cachyos.org XAUTHLOCALHOSTNAME= /usr/bin/cmake --install /home/srik/ros_ubuntu/ros2_ws/build/image_functions_sdfr
[0.049s] -- Install configuration: ""
[0.049s] -- Up-to-date: /home/srik/ros_ubuntu/ros2_ws/install/image_functions_sdfr/include
[0.049s] -- Up-to-date: /home/srik/ros_ubuntu/ros2_ws/install/image_functions_sdfr/include/image_functions_sdfr
[0.049s] -- Up-to-date: /home/srik/ros_ubuntu/ros2_ws/install/image_functions_sdfr/include/image_functions_sdfr/image_functions.hpp
[0.050s] -- Up-to-date: /home/srik/ros_ubuntu/ros2_ws/install/image_functions_sdfr/include/image_functions_sdfr/visibility_control.h
[0.050s] -- Up-to-date: /home/srik/ros_ubuntu/ros2_ws/install/image_functions_sdfr/lib/libimage_functions.so
[0.050s] -- Up-to-date: /home/srik/ros_ubuntu/ros2_ws/install/image_functions_sdfr/share/image_functions_sdfr/environment/library_path.sh
[0.050s] -- Up-to-date: /home/srik/ros_ubuntu/ros2_ws/install/image_functions_sdfr/share/image_functions_sdfr/environment/library_path.dsv
[0.050s] -- Up-to-date: /home/srik/ros_ubuntu/ros2_ws/install/image_functions_sdfr/share/ament_index/resource_index/package_run_dependencies/image_functions_sdfr
[0.050s] -- Up-to-date: /home/srik/ros_ubuntu/ros2_ws/install/image_functions_sdfr/share/ament_index/resource_index/parent_prefix_path/image_functions_sdfr
[0.050s] -- Up-to-date: /home/srik/ros_ubuntu/ros2_ws/install/image_functions_sdfr/share/image_functions_sdfr/environment/ament_prefix_path.sh
[0.050s] -- Up-to-date: /home/srik/ros_ubuntu/ros2_ws/install/image_functions_sdfr/share/image_functions_sdfr/environment/ament_prefix_path.dsv
[0.051s] -- Up-to-date: /home/srik/ros_ubuntu/ros2_ws/install/image_functions_sdfr/share/image_functions_sdfr/environment/path.sh
[0.051s] -- Up-to-date: /home/srik/ros_ubuntu/ros2_ws/install/image_functions_sdfr/share/image_functions_sdfr/environment/path.dsv
[0.051s] -- Up-to-date: /home/srik/ros_ubuntu/ros2_ws/install/image_functions_sdfr/share/image_functions_sdfr/local_setup.bash
[0.051s] -- Up-to-date: /home/srik/ros_ubuntu/ros2_ws/install/image_functions_sdfr/share/image_functions_sdfr/local_setup.sh
[0.051s] -- Up-to-date: /home/srik/ros_ubuntu/ros2_ws/install/image_functions_sdfr/share/image_functions_sdfr/local_setup.zsh
[0.051s] -- Up-to-date: /home/srik/ros_ubuntu/ros2_ws/install/image_functions_sdfr/share/image_functions_sdfr/local_setup.dsv
[0.051s] -- Installing: /home/srik/ros_ubuntu/ros2_ws/install/image_functions_sdfr/share/image_functions_sdfr/package.dsv
[0.051s] -- Up-to-date: /home/srik/ros_ubuntu/ros2_ws/install/image_functions_sdfr/share/ament_index/resource_index/packages/image_functions_sdfr
[0.051s] -- Up-to-date: /home/srik/ros_ubuntu/ros2_ws/install/image_functions_sdfr/share/image_functions_sdfr/cmake/export_image_functions_sdfrExport.cmake
[0.051s] -- Up-to-date: /home/srik/ros_ubuntu/ros2_ws/install/image_functions_sdfr/share/image_functions_sdfr/cmake/export_image_functions_sdfrExport-noconfig.cmake
[0.051s] -- Up-to-date: /home/srik/ros_ubuntu/ros2_ws/install/image_functions_sdfr/share/image_functions_sdfr/cmake/ament_cmake_export_include_directories-extras.cmake
[0.051s] -- Up-to-date: /home/srik/ros_ubuntu/ros2_ws/install/image_functions_sdfr/share/image_functions_sdfr/cmake/ament_cmake_export_libraries-extras.cmake
[0.052s] -- Up-to-date: /home/srik/ros_ubuntu/ros2_ws/install/image_functions_sdfr/share/image_functions_sdfr/cmake/ament_cmake_export_targets-extras.cmake
[0.052s] -- Up-to-date: /home/srik/ros_ubuntu/ros2_ws/install/image_functions_sdfr/share/image_functions_sdfr/cmake/ament_cmake_export_dependencies-extras.cmake
[0.052s] -- Up-to-date: /home/srik/ros_ubuntu/ros2_ws/install/image_functions_sdfr/share/image_functions_sdfr/cmake/image_functions_sdfrConfig.cmake
[0.052s] -- Up-to-date: /home/srik/ros_ubuntu/ros2_ws/install/image_functions_sdfr/share/image_functions_sdfr/cmake/image_functions_sdfrConfig-version.cmake
[0.052s] -- Up-to-date: /home/srik/ros_ubuntu/ros2_ws/install/image_functions_sdfr/share/image_functions_sdfr/package.xml
[0.060s] Invoked command in '/home/srik/ros_ubuntu/ros2_ws/build/image_functions_sdfr' returned '0': CMAKE_PREFIX_PATH=${CMAKE_PREFIX_PATH}:/opt/ros/humble DEBUGINFOD_URLS=https://debuginfod.archlinux.org https://debuginfod.cachyos.org XAUTHLOCALHOSTNAME= /usr/bin/cmake --install /home/srik/ros_ubuntu/ros2_ws/build/image_functions_sdfr
