[0.076s] Invoking command in '/home/sdfr-ppd-16/SfDR-code/assignment6/ros2_ws/build/relbot2turtlesim': CMAKE_PREFIX_PATH=${CMAKE_PREFIX_PATH}:/opt/ros/humble /usr/bin/cmake --build /home/sdfr-ppd-16/SfDR-code/assignment6/ros2_ws/build/relbot2turtlesim -- -j3 -l3
[0.346s] [35m[1mConsolidate compiler generated dependencies of target relbot2turtlesim[0m
[0.735s] [100%] Built target relbot2turtlesim
[0.778s] Invoked command in '/home/sdfr-ppd-16/SfDR-code/assignment6/ros2_ws/build/relbot2turtlesim' returned '0': CMAKE_PREFIX_PATH=${CMAKE_PREFIX_PATH}:/opt/ros/humble /usr/bin/cmake --build /home/sdfr-ppd-16/SfDR-code/assignment6/ros2_ws/build/relbot2turtlesim -- -j3 -l3
[0.781s] Invoking command in '/home/sdfr-ppd-16/SfDR-code/assignment6/ros2_ws/build/relbot2turtlesim': CMAKE_PREFIX_PATH=${CMAKE_PREFIX_PATH}:/opt/ros/humble /usr/bin/cmake --install /home/sdfr-ppd-16/SfDR-code/assignment6/ros2_ws/build/relbot2turtlesim
[0.831s] -- Install configuration: ""
[0.836s] -- Installing: /home/sdfr-ppd-16/SfDR-code/assignment6/ros2_ws/install/relbot2turtlesim/lib/relbot2turtlesim/relbot2turtlesim
[1.147s] -- Set runtime path of "/home/sdfr-ppd-16/SfDR-code/assignment6/ros2_ws/install/relbot2turtlesim/lib/relbot2turtlesim/relbot2turtlesim" to ""
[1.149s] -- Installing: /home/sdfr-ppd-16/SfDR-code/assignment6/ros2_ws/install/relbot2turtlesim/share/ament_index/resource_index/package_run_dependencies/relbot2turtlesim
[1.150s] -- Installing: /home/sdfr-ppd-16/SfDR-code/assignment6/ros2_ws/install/relbot2turtlesim/share/ament_index/resource_index/parent_prefix_path/relbot2turtlesim
[1.152s] -- Installing: /home/sdfr-ppd-16/SfDR-code/assignment6/ros2_ws/install/relbot2turtlesim/share/relbot2turtlesim/environment/ament_prefix_path.sh
[1.164s] -- Installing: /home/sdfr-ppd-16/SfDR-code/assignment6/ros2_ws/install/relbot2turtlesim/share/relbot2turtlesim/environment/ament_prefix_path.dsv
[1.168s] -- Installing: /home/sdfr-ppd-16/SfDR-code/assignment6/ros2_ws/install/relbot2turtlesim/share/relbot2turtlesim/environment/path.sh
[1.222s] -- Installing: /home/sdfr-ppd-16/SfDR-code/assignment6/ros2_ws/install/relbot2turtlesim/share/relbot2turtlesim/environment/path.dsv
[1.243s] -- Installing: /home/sdfr-ppd-16/SfDR-code/assignment6/ros2_ws/install/relbot2turtlesim/share/relbot2turtlesim/local_setup.bash
[1.247s] -- Installing: /home/sdfr-ppd-16/SfDR-code/assignment6/ros2_ws/install/relbot2turtlesim/share/relbot2turtlesim/local_setup.sh
[1.250s] -- Installing: /home/sdfr-ppd-16/SfDR-code/assignment6/ros2_ws/install/relbot2turtlesim/share/relbot2turtlesim/local_setup.zsh
[1.252s] -- Installing: /home/sdfr-ppd-16/SfDR-code/assignment6/ros2_ws/install/relbot2turtlesim/share/relbot2turtlesim/local_setup.dsv
[1.257s] -- Installing: /home/sdfr-ppd-16/SfDR-code/assignment6/ros2_ws/install/relbot2turtlesim/share/relbot2turtlesim/package.dsv
[1.263s] -- Installing: /home/sdfr-ppd-16/SfDR-code/assignment6/ros2_ws/install/relbot2turtlesim/share/ament_index/resource_index/packages/relbot2turtlesim
[1.265s] -- Installing: /home/sdfr-ppd-16/SfDR-code/assignment6/ros2_ws/install/relbot2turtlesim/share/relbot2turtlesim/cmake/relbot2turtlesimConfig.cmake
[1.301s] -- Installing: /home/sdfr-ppd-16/SfDR-code/assignment6/ros2_ws/install/relbot2turtlesim/share/relbot2turtlesim/cmake/relbot2turtlesimConfig-version.cmake
[1.302s] -- Installing: /home/sdfr-ppd-16/SfDR-code/assignment6/ros2_ws/install/relbot2turtlesim/share/relbot2turtlesim/package.xml
[1.360s] Invoked command in '/home/sdfr-ppd-16/SfDR-code/assignment6/ros2_ws/build/relbot2turtlesim' returned '0': CMAKE_PREFIX_PATH=${CMAKE_PREFIX_PATH}:/opt/ros/humble /usr/bin/cmake --install /home/sdfr-ppd-16/SfDR-code/assignment6/ros2_ws/build/relbot2turtlesim
