[0.009s] Invoking command in '/home/srik/ros_ubuntu/ros2_ws/build/relbot_adapter': CMAKE_PREFIX_PATH=${CMAKE_PREFIX_PATH}:/opt/ros/humble DEBUGINFOD_URLS=https://debuginfod.archlinux.org https://debuginfod.cachyos.org XAUTHLOCALHOSTNAME= /usr/bin/cmake /home/srik/ros_ubuntu/ros2_ws/src/relbot_adapter -DCMAKE_INSTALL_PREFIX=/home/srik/ros_ubuntu/ros2_ws/install/relbot_adapter
[0.036s] -- The C compiler identification is GNU 11.4.0
[0.064s] -- The CXX compiler identification is GNU 11.4.0
[0.068s] -- Detecting C compiler ABI info
[0.101s] -- Detecting C compiler ABI info - done
[0.106s] -- Check for working C compiler: /usr/bin/cc - skipped
[0.106s] -- Detecting C compile features
[0.106s] -- Detecting C compile features - done
[0.109s] -- Detecting CXX compiler ABI info
[0.148s] -- Detecting CXX compiler ABI info - done
[0.153s] -- Check for working CXX compiler: /usr/bin/c++ - skipped
[0.153s] -- Detecting CXX compile features
[0.153s] -- Detecting CXX compile features - done
[0.154s] -- Found ament_cmake: 1.3.13 (/opt/ros/humble/share/ament_cmake/cmake)
[0.235s] -- Found Python3: /usr/bin/python3 (found version "3.10.12") found components: Interpreter 
[0.279s] -- Found rclcpp: 16.0.18 (/opt/ros/humble/share/rclcpp/cmake)
[0.300s] -- Found rosidl_generator_c: 3.1.8 (/opt/ros/humble/share/rosidl_generator_c/cmake)
[0.302s] -- Found rosidl_adapter: 3.1.8 (/opt/ros/humble/share/rosidl_adapter/cmake)
[0.307s] -- Found rosidl_generator_cpp: 3.1.8 (/opt/ros/humble/share/rosidl_generator_cpp/cmake)
[0.313s] -- Using all available rosidl_typesupport_c: rosidl_typesupport_fastrtps_c;rosidl_typesupport_introspection_c
[0.320s] -- Using all available rosidl_typesupport_cpp: rosidl_typesupport_fastrtps_cpp;rosidl_typesupport_introspection_cpp
[0.342s] -- Found rmw_implementation_cmake: 6.1.2 (/opt/ros/humble/share/rmw_implementation_cmake/cmake)
[0.343s] -- Found rmw_fastrtps_cpp: 6.2.10 (/opt/ros/humble/share/rmw_fastrtps_cpp/cmake)
[0.406s] -- Found OpenSSL: /usr/lib/x86_64-linux-gnu/libcrypto.so (found version "3.0.2")  
[0.424s] -- Found FastRTPS: /opt/ros/humble/include  
[0.450s] -- Using RMW implementation 'rmw_fastrtps_cpp' as default
[0.456s] -- Looking for pthread.h
[0.494s] -- Looking for pthread.h - found
[0.494s] -- Performing Test CMAKE_HAVE_LIBC_PTHREAD
[0.525s] -- Performing Test CMAKE_HAVE_LIBC_PTHREAD - Success
[0.525s] -- Found Threads: TRUE  
[0.555s] -- Found example_interfaces: 0.9.3 (/opt/ros/humble/share/example_interfaces/cmake)
[0.582s] -- Found geometry_msgs: 4.9.1 (/opt/ros/humble/share/geometry_msgs/cmake)
[0.590s] -- Found relbot_msgs: 2025.2.0 (/home/srik/ros_ubuntu/ros2_ws/install/relbot_msgs/share/relbot_msgs/cmake)
[0.602s] -- xrf2_msgs not found, building without xrf2 support.
[0.604s] -- Found ament_lint_auto: 0.12.15 (/opt/ros/humble/share/ament_lint_auto/cmake)
[0.638s] -- Added test 'cppcheck' to perform static code analysis on C / C++ code
[0.638s] -- Configured cppcheck include dirs: /home/srik/ros_ubuntu/ros2_ws/src/relbot_adapter/include;$<BUILD_INTERFACE:/home/srik/ros_ubuntu/ros2_ws/src/relbot_adapter/include>
[0.638s] -- Configured cppcheck exclude dirs and/or files: 
[0.639s] -- Added test 'lint_cmake' to check CMake code style
[0.639s] -- Added test 'uncrustify' to check C / C++ code style
[0.639s] -- Configured uncrustify additional arguments: 
[0.639s] -- Added test 'xmllint' to check XML markup files
[0.640s] -- Configuring done
[0.645s] -- Generating done
[0.647s] -- Build files have been written to: /home/srik/ros_ubuntu/ros2_ws/build/relbot_adapter
[0.651s] Invoked command in '/home/srik/ros_ubuntu/ros2_ws/build/relbot_adapter' returned '0': CMAKE_PREFIX_PATH=${CMAKE_PREFIX_PATH}:/opt/ros/humble DEBUGINFOD_URLS=https://debuginfod.archlinux.org https://debuginfod.cachyos.org XAUTHLOCALHOSTNAME= /usr/bin/cmake /home/srik/ros_ubuntu/ros2_ws/src/relbot_adapter -DCMAKE_INSTALL_PREFIX=/home/srik/ros_ubuntu/ros2_ws/install/relbot_adapter
[0.652s] Invoking command in '/home/srik/ros_ubuntu/ros2_ws/build/relbot_adapter': CMAKE_PREFIX_PATH=${CMAKE_PREFIX_PATH}:/opt/ros/humble DEBUGINFOD_URLS=https://debuginfod.archlinux.org https://debuginfod.cachyos.org XAUTHLOCALHOSTNAME= /usr/bin/cmake --build /home/srik/ros_ubuntu/ros2_ws/build/relbot_adapter -- -j32 -l32
[0.674s] [ 50%] [32mBuilding CXX object CMakeFiles/relbot_adapter.dir/src/relbot_adapter.cpp.o[0m
[6.524s] [100%] [32m[1mLinking CXX executable relbot_adapter[0m
[6.814s] [100%] Built target relbot_adapter
[6.819s] Invoked command in '/home/srik/ros_ubuntu/ros2_ws/build/relbot_adapter' returned '0': CMAKE_PREFIX_PATH=${CMAKE_PREFIX_PATH}:/opt/ros/humble DEBUGINFOD_URLS=https://debuginfod.archlinux.org https://debuginfod.cachyos.org XAUTHLOCALHOSTNAME= /usr/bin/cmake --build /home/srik/ros_ubuntu/ros2_ws/build/relbot_adapter -- -j32 -l32
[6.820s] Invoking command in '/home/srik/ros_ubuntu/ros2_ws/build/relbot_adapter': CMAKE_PREFIX_PATH=${CMAKE_PREFIX_PATH}:/opt/ros/humble DEBUGINFOD_URLS=https://debuginfod.archlinux.org https://debuginfod.cachyos.org XAUTHLOCALHOSTNAME= /usr/bin/cmake --install /home/srik/ros_ubuntu/ros2_ws/build/relbot_adapter
[6.823s] -- Install configuration: ""
[6.823s] -- Installing: /home/srik/ros_ubuntu/ros2_ws/install/relbot_adapter/lib/relbot_adapter/relbot_adapter
[6.827s] -- Set runtime path of "/home/srik/ros_ubuntu/ros2_ws/install/relbot_adapter/lib/relbot_adapter/relbot_adapter" to ""
[6.827s] -- Installing: /home/srik/ros_ubuntu/ros2_ws/install/relbot_adapter/share/ament_index/resource_index/package_run_dependencies/relbot_adapter
[6.827s] -- Installing: /home/srik/ros_ubuntu/ros2_ws/install/relbot_adapter/share/ament_index/resource_index/parent_prefix_path/relbot_adapter
[6.827s] -- Installing: /home/srik/ros_ubuntu/ros2_ws/install/relbot_adapter/share/relbot_adapter/environment/ament_prefix_path.sh
[6.827s] -- Installing: /home/srik/ros_ubuntu/ros2_ws/install/relbot_adapter/share/relbot_adapter/environment/ament_prefix_path.dsv
[6.827s] -- Installing: /home/srik/ros_ubuntu/ros2_ws/install/relbot_adapter/share/relbot_adapter/environment/path.sh
[6.827s] -- Installing: /home/srik/ros_ubuntu/ros2_ws/install/relbot_adapter/share/relbot_adapter/environment/path.dsv
[6.827s] -- Installing: /home/srik/ros_ubuntu/ros2_ws/install/relbot_adapter/share/relbot_adapter/local_setup.bash
[6.827s] -- Installing: /home/srik/ros_ubuntu/ros2_ws/install/relbot_adapter/share/relbot_adapter/local_setup.sh
[6.827s] -- Installing: /home/srik/ros_ubuntu/ros2_ws/install/relbot_adapter/share/relbot_adapter/local_setup.zsh
[6.827s] -- Installing: /home/srik/ros_ubuntu/ros2_ws/install/relbot_adapter/share/relbot_adapter/local_setup.dsv
[6.827s] -- Installing: /home/srik/ros_ubuntu/ros2_ws/install/relbot_adapter/share/relbot_adapter/package.dsv
[6.827s] -- Installing: /home/srik/ros_ubuntu/ros2_ws/install/relbot_adapter/share/ament_index/resource_index/packages/relbot_adapter
[6.827s] -- Installing: /home/srik/ros_ubuntu/ros2_ws/install/relbot_adapter/share/relbot_adapter/cmake/relbot_adapterConfig.cmake
[6.827s] -- Installing: /home/srik/ros_ubuntu/ros2_ws/install/relbot_adapter/share/relbot_adapter/cmake/relbot_adapterConfig-version.cmake
[6.827s] -- Installing: /home/srik/ros_ubuntu/ros2_ws/install/relbot_adapter/share/relbot_adapter/package.xml
[6.829s] Invoked command in '/home/srik/ros_ubuntu/ros2_ws/build/relbot_adapter' returned '0': CMAKE_PREFIX_PATH=${CMAKE_PREFIX_PATH}:/opt/ros/humble DEBUGINFOD_URLS=https://debuginfod.archlinux.org https://debuginfod.cachyos.org XAUTHLOCALHOSTNAME= /usr/bin/cmake --install /home/srik/ros_ubuntu/ros2_ws/build/relbot_adapter
