[0.068s] Invoking command in '/home/sdfr-ppd-16/ros2_ws/build/xrf2_msgs': CMAKE_PREFIX_PATH=${CMAKE_PREFIX_PATH}:/opt/ros/humble /usr/bin/cmake --build /home/sdfr-ppd-16/ros2_ws/build/xrf2_msgs -- -j3 -l3
[0.282s] [  2%] Built target xrf2_msgs__cpp
[0.295s] [ 12%] Built target xrf2_msgs__rosidl_generator_c
[0.402s] [ 23%] Built target xrf2_msgs__rosidl_typesupport_cpp
[0.416s] [ 23%] Built target ament_cmake_python_copy_xrf2_msgs
[0.548s] [ 33%] Built target xrf2_msgs__rosidl_typesupport_fastrtps_cpp
[0.586s] [ 43%] Built target xrf2_msgs__rosidl_typesupport_introspection_cpp
[0.634s] [ 53%] Built target xrf2_msgs__rosidl_typesupport_fastrtps_c
[0.721s] [ 69%] Built target xrf2_msgs__rosidl_typesupport_introspection_c
[0.728s] [ 74%] Built target xrf2_msgs__rosidl_typesupport_c
[0.876s] [ 74%] Built target xrf2_msgs
[1.033s] [ 76%] Built target xrf2_msgs__py
[1.160s] [ 84%] Built target xrf2_msgs__rosidl_generator_py
[1.346s] [ 89%] Built target xrf2_msgs__rosidl_typesupport_fastrtps_c__pyext
[1.361s] [ 94%] Built target xrf2_msgs__rosidl_typesupport_introspection_c__pyext
[1.592s] [100%] Built target xrf2_msgs__rosidl_typesupport_c__pyext
[2.382s] running egg_info
[2.386s] writing xrf2_msgs.egg-info/PKG-INFO
[2.387s] writing dependency_links to xrf2_msgs.egg-info/dependency_links.txt
[2.389s] writing top-level names to xrf2_msgs.egg-info/top_level.txt
[2.400s] reading manifest file 'xrf2_msgs.egg-info/SOURCES.txt'
[2.403s] writing manifest file 'xrf2_msgs.egg-info/SOURCES.txt'
[2.601s] [100%] Built target ament_cmake_python_build_xrf2_msgs_egg
[2.642s] Invoked command in '/home/sdfr-ppd-16/ros2_ws/build/xrf2_msgs' returned '0': CMAKE_PREFIX_PATH=${CMAKE_PREFIX_PATH}:/opt/ros/humble /usr/bin/cmake --build /home/sdfr-ppd-16/ros2_ws/build/xrf2_msgs -- -j3 -l3
[2.646s] Invoking command in '/home/sdfr-ppd-16/ros2_ws/build/xrf2_msgs': CMAKE_PREFIX_PATH=${CMAKE_PREFIX_PATH}:/opt/ros/humble /usr/bin/cmake --install /home/sdfr-ppd-16/ros2_ws/build/xrf2_msgs
[2.669s] -- Install configuration: ""
[2.671s] -- Up-to-date: /home/sdfr-ppd-16/ros2_ws/install/xrf2_msgs/share/ament_index/resource_index/rosidl_interfaces/xrf2_msgs
[2.674s] -- Up-to-date: /home/sdfr-ppd-16/ros2_ws/install/xrf2_msgs/include/xrf2_msgs/xrf2_msgs
[2.675s] -- Up-to-date: /home/sdfr-ppd-16/ros2_ws/install/xrf2_msgs/include/xrf2_msgs/xrf2_msgs/msg
[2.678s] -- Up-to-date: /home/sdfr-ppd-16/ros2_ws/install/xrf2_msgs/include/xrf2_msgs/xrf2_msgs/msg/rosidl_generator_c__visibility_control.h
[2.681s] -- Up-to-date: /home/sdfr-ppd-16/ros2_ws/install/xrf2_msgs/include/xrf2_msgs/xrf2_msgs/msg/xeno2_ros.h
[2.684s] -- Up-to-date: /home/sdfr-ppd-16/ros2_ws/install/xrf2_msgs/include/xrf2_msgs/xrf2_msgs/msg/detail
[2.687s] -- Up-to-date: /home/sdfr-ppd-16/ros2_ws/install/xrf2_msgs/include/xrf2_msgs/xrf2_msgs/msg/detail/ros2_xeno__functions.h
[2.712s] -- Up-to-date: /home/sdfr-ppd-16/ros2_ws/install/xrf2_msgs/include/xrf2_msgs/xrf2_msgs/msg/detail/xeno2_ros__type_support.h
[2.713s] -- Up-to-date: /home/sdfr-ppd-16/ros2_ws/install/xrf2_msgs/include/xrf2_msgs/xrf2_msgs/msg/detail/ros2_xeno__functions.c
[2.714s] -- Up-to-date: /home/sdfr-ppd-16/ros2_ws/install/xrf2_msgs/include/xrf2_msgs/xrf2_msgs/msg/detail/ros2_xeno__type_support.h
[2.716s] -- Up-to-date: /home/sdfr-ppd-16/ros2_ws/install/xrf2_msgs/include/xrf2_msgs/xrf2_msgs/msg/detail/xeno2_ros__functions.h
[2.717s] -- Up-to-date: /home/sdfr-ppd-16/ros2_ws/install/xrf2_msgs/include/xrf2_msgs/xrf2_msgs/msg/detail/xeno2_ros__struct.h
[2.718s] -- Up-to-date: /home/sdfr-ppd-16/ros2_ws/install/xrf2_msgs/include/xrf2_msgs/xrf2_msgs/msg/detail/xeno2_ros__functions.c
[2.721s] -- Up-to-date: /home/sdfr-ppd-16/ros2_ws/install/xrf2_msgs/include/xrf2_msgs/xrf2_msgs/msg/detail/ros2_xeno__struct.h
[2.729s] -- Up-to-date: /home/sdfr-ppd-16/ros2_ws/install/xrf2_msgs/include/xrf2_msgs/xrf2_msgs/msg/ros2_xeno.h
[2.731s] -- Up-to-date: /home/sdfr-ppd-16/ros2_ws/install/xrf2_msgs/share/xrf2_msgs/environment/library_path.sh
[2.732s] -- Up-to-date: /home/sdfr-ppd-16/ros2_ws/install/xrf2_msgs/share/xrf2_msgs/environment/library_path.dsv
[2.734s] -- Up-to-date: /home/sdfr-ppd-16/ros2_ws/install/xrf2_msgs/lib/libxrf2_msgs__rosidl_generator_c.so
[2.736s] -- Up-to-date: /home/sdfr-ppd-16/ros2_ws/install/xrf2_msgs/include/xrf2_msgs/xrf2_msgs
[2.737s] -- Up-to-date: /home/sdfr-ppd-16/ros2_ws/install/xrf2_msgs/include/xrf2_msgs/xrf2_msgs/msg
[2.743s] -- Up-to-date: /home/sdfr-ppd-16/ros2_ws/install/xrf2_msgs/include/xrf2_msgs/xrf2_msgs/msg/detail
[2.745s] -- Up-to-date: /home/sdfr-ppd-16/ros2_ws/install/xrf2_msgs/include/xrf2_msgs/xrf2_msgs/msg/detail/xeno2_ros__rosidl_typesupport_fastrtps_c.h
[2.746s] -- Up-to-date: /home/sdfr-ppd-16/ros2_ws/install/xrf2_msgs/include/xrf2_msgs/xrf2_msgs/msg/detail/ros2_xeno__rosidl_typesupport_fastrtps_c.h
[2.748s] -- Up-to-date: /home/sdfr-ppd-16/ros2_ws/install/xrf2_msgs/include/xrf2_msgs/xrf2_msgs/msg/rosidl_typesupport_fastrtps_c__visibility_control.h
[2.750s] -- Up-to-date: /home/sdfr-ppd-16/ros2_ws/install/xrf2_msgs/lib/libxrf2_msgs__rosidl_typesupport_fastrtps_c.so
[2.754s] -- Up-to-date: /home/sdfr-ppd-16/ros2_ws/install/xrf2_msgs/include/xrf2_msgs/xrf2_msgs
[2.756s] -- Up-to-date: /home/sdfr-ppd-16/ros2_ws/install/xrf2_msgs/include/xrf2_msgs/xrf2_msgs/msg
[2.757s] -- Up-to-date: /home/sdfr-ppd-16/ros2_ws/install/xrf2_msgs/include/xrf2_msgs/xrf2_msgs/msg/rosidl_typesupport_introspection_c__visibility_control.h
[2.759s] -- Up-to-date: /home/sdfr-ppd-16/ros2_ws/install/xrf2_msgs/include/xrf2_msgs/xrf2_msgs/msg/detail
[2.760s] -- Up-to-date: /home/sdfr-ppd-16/ros2_ws/install/xrf2_msgs/include/xrf2_msgs/xrf2_msgs/msg/detail/xeno2_ros__type_support.c
[2.761s] -- Up-to-date: /home/sdfr-ppd-16/ros2_ws/install/xrf2_msgs/include/xrf2_msgs/xrf2_msgs/msg/detail/ros2_xeno__type_support.c
[2.762s] -- Up-to-date: /home/sdfr-ppd-16/ros2_ws/install/xrf2_msgs/include/xrf2_msgs/xrf2_msgs/msg/detail/xeno2_ros__rosidl_typesupport_introspection_c.h
[2.764s] -- Up-to-date: /home/sdfr-ppd-16/ros2_ws/install/xrf2_msgs/include/xrf2_msgs/xrf2_msgs/msg/detail/ros2_xeno__rosidl_typesupport_introspection_c.h
[2.766s] -- Up-to-date: /home/sdfr-ppd-16/ros2_ws/install/xrf2_msgs/lib/libxrf2_msgs__rosidl_typesupport_introspection_c.so
[2.768s] -- Up-to-date: /home/sdfr-ppd-16/ros2_ws/install/xrf2_msgs/lib/libxrf2_msgs__rosidl_typesupport_c.so
[2.770s] -- Up-to-date: /home/sdfr-ppd-16/ros2_ws/install/xrf2_msgs/include/xrf2_msgs/xrf2_msgs
[2.772s] -- Up-to-date: /home/sdfr-ppd-16/ros2_ws/install/xrf2_msgs/include/xrf2_msgs/xrf2_msgs/msg
[2.773s] -- Up-to-date: /home/sdfr-ppd-16/ros2_ws/install/xrf2_msgs/include/xrf2_msgs/xrf2_msgs/msg/xeno2_ros.hpp
[2.774s] -- Up-to-date: /home/sdfr-ppd-16/ros2_ws/install/xrf2_msgs/include/xrf2_msgs/xrf2_msgs/msg/detail
[2.775s] -- Up-to-date: /home/sdfr-ppd-16/ros2_ws/install/xrf2_msgs/include/xrf2_msgs/xrf2_msgs/msg/detail/xeno2_ros__traits.hpp
[2.776s] -- Up-to-date: /home/sdfr-ppd-16/ros2_ws/install/xrf2_msgs/include/xrf2_msgs/xrf2_msgs/msg/detail/xeno2_ros__struct.hpp
[2.778s] -- Up-to-date: /home/sdfr-ppd-16/ros2_ws/install/xrf2_msgs/include/xrf2_msgs/xrf2_msgs/msg/detail/xeno2_ros__type_support.hpp
[2.780s] -- Up-to-date: /home/sdfr-ppd-16/ros2_ws/install/xrf2_msgs/include/xrf2_msgs/xrf2_msgs/msg/detail/ros2_xeno__struct.hpp
[2.782s] -- Up-to-date: /home/sdfr-ppd-16/ros2_ws/install/xrf2_msgs/include/xrf2_msgs/xrf2_msgs/msg/detail/xeno2_ros__builder.hpp
[2.783s] -- Up-to-date: /home/sdfr-ppd-16/ros2_ws/install/xrf2_msgs/include/xrf2_msgs/xrf2_msgs/msg/detail/ros2_xeno__type_support.hpp
[2.785s] -- Up-to-date: /home/sdfr-ppd-16/ros2_ws/install/xrf2_msgs/include/xrf2_msgs/xrf2_msgs/msg/detail/ros2_xeno__builder.hpp
[2.786s] -- Up-to-date: /home/sdfr-ppd-16/ros2_ws/install/xrf2_msgs/include/xrf2_msgs/xrf2_msgs/msg/detail/ros2_xeno__traits.hpp
[2.788s] -- Up-to-date: /home/sdfr-ppd-16/ros2_ws/install/xrf2_msgs/include/xrf2_msgs/xrf2_msgs/msg/rosidl_generator_cpp__visibility_control.hpp
[2.790s] -- Up-to-date: /home/sdfr-ppd-16/ros2_ws/install/xrf2_msgs/include/xrf2_msgs/xrf2_msgs/msg/ros2_xeno.hpp
[2.791s] -- Up-to-date: /home/sdfr-ppd-16/ros2_ws/install/xrf2_msgs/include/xrf2_msgs/xrf2_msgs
[2.793s] -- Up-to-date: /home/sdfr-ppd-16/ros2_ws/install/xrf2_msgs/include/xrf2_msgs/xrf2_msgs/msg
[2.794s] -- Up-to-date: /home/sdfr-ppd-16/ros2_ws/install/xrf2_msgs/include/xrf2_msgs/xrf2_msgs/msg/detail
[2.795s] -- Up-to-date: /home/sdfr-ppd-16/ros2_ws/install/xrf2_msgs/include/xrf2_msgs/xrf2_msgs/msg/detail/dds_fastrtps
[2.796s] -- Up-to-date: /home/sdfr-ppd-16/ros2_ws/install/xrf2_msgs/include/xrf2_msgs/xrf2_msgs/msg/detail/ros2_xeno__rosidl_typesupport_fastrtps_cpp.hpp
[2.798s] -- Up-to-date: /home/sdfr-ppd-16/ros2_ws/install/xrf2_msgs/include/xrf2_msgs/xrf2_msgs/msg/detail/xeno2_ros__rosidl_typesupport_fastrtps_cpp.hpp
[2.799s] -- Up-to-date: /home/sdfr-ppd-16/ros2_ws/install/xrf2_msgs/include/xrf2_msgs/xrf2_msgs/msg/rosidl_typesupport_fastrtps_cpp__visibility_control.h
[2.800s] -- Up-to-date: /home/sdfr-ppd-16/ros2_ws/install/xrf2_msgs/lib/libxrf2_msgs__rosidl_typesupport_fastrtps_cpp.so
[2.802s] -- Up-to-date: /home/sdfr-ppd-16/ros2_ws/install/xrf2_msgs/include/xrf2_msgs/xrf2_msgs
[2.815s] -- Up-to-date: /home/sdfr-ppd-16/ros2_ws/install/xrf2_msgs/include/xrf2_msgs/xrf2_msgs/msg
[2.817s] -- Up-to-date: /home/sdfr-ppd-16/ros2_ws/install/xrf2_msgs/include/xrf2_msgs/xrf2_msgs/msg/detail
[2.818s] -- Up-to-date: /home/sdfr-ppd-16/ros2_ws/install/xrf2_msgs/include/xrf2_msgs/xrf2_msgs/msg/detail/ros2_xeno__rosidl_typesupport_introspection_cpp.hpp
[2.820s] -- Up-to-date: /home/sdfr-ppd-16/ros2_ws/install/xrf2_msgs/include/xrf2_msgs/xrf2_msgs/msg/detail/xeno2_ros__rosidl_typesupport_introspection_cpp.hpp
[2.822s] -- Up-to-date: /home/sdfr-ppd-16/ros2_ws/install/xrf2_msgs/include/xrf2_msgs/xrf2_msgs/msg/detail/ros2_xeno__type_support.cpp
[2.836s] -- Up-to-date: /home/sdfr-ppd-16/ros2_ws/install/xrf2_msgs/include/xrf2_msgs/xrf2_msgs/msg/detail/xeno2_ros__type_support.cpp
[2.838s] -- Up-to-date: /home/sdfr-ppd-16/ros2_ws/install/xrf2_msgs/lib/libxrf2_msgs__rosidl_typesupport_introspection_cpp.so
[2.839s] -- Up-to-date: /home/sdfr-ppd-16/ros2_ws/install/xrf2_msgs/lib/libxrf2_msgs__rosidl_typesupport_cpp.so
[2.841s] -- Up-to-date: /home/sdfr-ppd-16/ros2_ws/install/xrf2_msgs/share/xrf2_msgs/environment/pythonpath.sh
[2.842s] -- Up-to-date: /home/sdfr-ppd-16/ros2_ws/install/xrf2_msgs/share/xrf2_msgs/environment/pythonpath.dsv
[2.843s] -- Up-to-date: /home/sdfr-ppd-16/ros2_ws/install/xrf2_msgs/local/lib/python3.10/dist-packages/xrf2_msgs-0.0.0-py3.10.egg-info
[2.846s] -- Installing: /home/sdfr-ppd-16/ros2_ws/install/xrf2_msgs/local/lib/python3.10/dist-packages/xrf2_msgs-0.0.0-py3.10.egg-info/dependency_links.txt
[2.849s] -- Installing: /home/sdfr-ppd-16/ros2_ws/install/xrf2_msgs/local/lib/python3.10/dist-packages/xrf2_msgs-0.0.0-py3.10.egg-info/PKG-INFO
[2.851s] -- Installing: /home/sdfr-ppd-16/ros2_ws/install/xrf2_msgs/local/lib/python3.10/dist-packages/xrf2_msgs-0.0.0-py3.10.egg-info/SOURCES.txt
[2.852s] -- Installing: /home/sdfr-ppd-16/ros2_ws/install/xrf2_msgs/local/lib/python3.10/dist-packages/xrf2_msgs-0.0.0-py3.10.egg-info/top_level.txt
[2.865s] -- Up-to-date: /home/sdfr-ppd-16/ros2_ws/install/xrf2_msgs/local/lib/python3.10/dist-packages/xrf2_msgs
[2.867s] -- Up-to-date: /home/sdfr-ppd-16/ros2_ws/install/xrf2_msgs/local/lib/python3.10/dist-packages/xrf2_msgs/xrf2_msgs_s__rosidl_typesupport_fastrtps_c.cpython-310-x86_64-linux-gnu.so
[2.868s] -- Up-to-date: /home/sdfr-ppd-16/ros2_ws/install/xrf2_msgs/local/lib/python3.10/dist-packages/xrf2_msgs/_xrf2_msgs_s.ep.rosidl_typesupport_introspection_c.c
[2.870s] -- Up-to-date: /home/sdfr-ppd-16/ros2_ws/install/xrf2_msgs/local/lib/python3.10/dist-packages/xrf2_msgs/xrf2_msgs_s__rosidl_typesupport_fastrtps_c.cpython-310-aarch64-linux-gnu.so
[2.872s] -- Up-to-date: /home/sdfr-ppd-16/ros2_ws/install/xrf2_msgs/local/lib/python3.10/dist-packages/xrf2_msgs/_xrf2_msgs_s.ep.rosidl_typesupport_c.c
[2.880s] -- Up-to-date: /home/sdfr-ppd-16/ros2_ws/install/xrf2_msgs/local/lib/python3.10/dist-packages/xrf2_msgs/xrf2_msgs_s__rosidl_typesupport_c.cpython-310-x86_64-linux-gnu.so
[2.882s] -- Up-to-date: /home/sdfr-ppd-16/ros2_ws/install/xrf2_msgs/local/lib/python3.10/dist-packages/xrf2_msgs/xrf2_msgs_s__rosidl_typesupport_introspection_c.cpython-310-x86_64-linux-gnu.so
[2.888s] -- Up-to-date: /home/sdfr-ppd-16/ros2_ws/install/xrf2_msgs/local/lib/python3.10/dist-packages/xrf2_msgs/xrf2_msgs_s__rosidl_typesupport_introspection_c.cpython-310-aarch64-linux-gnu.so
[2.892s] -- Up-to-date: /home/sdfr-ppd-16/ros2_ws/install/xrf2_msgs/local/lib/python3.10/dist-packages/xrf2_msgs/msg
[2.905s] -- Up-to-date: /home/sdfr-ppd-16/ros2_ws/install/xrf2_msgs/local/lib/python3.10/dist-packages/xrf2_msgs/msg/_ros2_xeno_s.c
[2.906s] -- Up-to-date: /home/sdfr-ppd-16/ros2_ws/install/xrf2_msgs/local/lib/python3.10/dist-packages/xrf2_msgs/msg/_xeno2_ros.py
[2.909s] -- Up-to-date: /home/sdfr-ppd-16/ros2_ws/install/xrf2_msgs/local/lib/python3.10/dist-packages/xrf2_msgs/msg/_xeno2_ros_s.c
[2.921s] -- Up-to-date: /home/sdfr-ppd-16/ros2_ws/install/xrf2_msgs/local/lib/python3.10/dist-packages/xrf2_msgs/msg/__init__.py
[2.923s] -- Up-to-date: /home/sdfr-ppd-16/ros2_ws/install/xrf2_msgs/local/lib/python3.10/dist-packages/xrf2_msgs/msg/_ros2_xeno.py
[2.927s] -- Up-to-date: /home/sdfr-ppd-16/ros2_ws/install/xrf2_msgs/local/lib/python3.10/dist-packages/xrf2_msgs/xrf2_msgs_s__rosidl_typesupport_c.cpython-310-aarch64-linux-gnu.so
[2.928s] -- Up-to-date: /home/sdfr-ppd-16/ros2_ws/install/xrf2_msgs/local/lib/python3.10/dist-packages/xrf2_msgs/__init__.py
[2.930s] -- Up-to-date: /home/sdfr-ppd-16/ros2_ws/install/xrf2_msgs/local/lib/python3.10/dist-packages/xrf2_msgs/libxrf2_msgs__rosidl_generator_py.so
[2.935s] -- Up-to-date: /home/sdfr-ppd-16/ros2_ws/install/xrf2_msgs/local/lib/python3.10/dist-packages/xrf2_msgs/_xrf2_msgs_s.ep.rosidl_typesupport_fastrtps_c.c
[3.145s] Listing '/home/sdfr-ppd-16/ros2_ws/install/xrf2_msgs/local/lib/python3.10/dist-packages/xrf2_msgs'...
[3.148s] Listing '/home/sdfr-ppd-16/ros2_ws/install/xrf2_msgs/local/lib/python3.10/dist-packages/xrf2_msgs/msg'...
[3.157s] -- Up-to-date: /home/sdfr-ppd-16/ros2_ws/install/xrf2_msgs/local/lib/python3.10/dist-packages/xrf2_msgs/xrf2_msgs_s__rosidl_typesupport_fastrtps_c.cpython-310-aarch64-linux-gnu.so
[3.159s] -- Up-to-date: /home/sdfr-ppd-16/ros2_ws/install/xrf2_msgs/local/lib/python3.10/dist-packages/xrf2_msgs/xrf2_msgs_s__rosidl_typesupport_introspection_c.cpython-310-aarch64-linux-gnu.so
[3.161s] -- Up-to-date: /home/sdfr-ppd-16/ros2_ws/install/xrf2_msgs/local/lib/python3.10/dist-packages/xrf2_msgs/xrf2_msgs_s__rosidl_typesupport_c.cpython-310-aarch64-linux-gnu.so
[3.162s] -- Up-to-date: /home/sdfr-ppd-16/ros2_ws/install/xrf2_msgs/lib/libxrf2_msgs__rosidl_generator_py.so
[3.164s] -- Up-to-date: /home/sdfr-ppd-16/ros2_ws/install/xrf2_msgs/share/xrf2_msgs/msg/Ros2Xeno.idl
[3.166s] -- Up-to-date: /home/sdfr-ppd-16/ros2_ws/install/xrf2_msgs/share/xrf2_msgs/msg/Xeno2Ros.idl
[3.167s] -- Up-to-date: /home/sdfr-ppd-16/ros2_ws/install/xrf2_msgs/share/xrf2_msgs/msg/Ros2Xeno.msg
[3.168s] -- Up-to-date: /home/sdfr-ppd-16/ros2_ws/install/xrf2_msgs/share/xrf2_msgs/msg/Xeno2Ros.msg
[3.169s] -- Up-to-date: /home/sdfr-ppd-16/ros2_ws/install/xrf2_msgs/share/ament_index/resource_index/package_run_dependencies/xrf2_msgs
[3.170s] -- Up-to-date: /home/sdfr-ppd-16/ros2_ws/install/xrf2_msgs/share/ament_index/resource_index/parent_prefix_path/xrf2_msgs
[3.171s] -- Up-to-date: /home/sdfr-ppd-16/ros2_ws/install/xrf2_msgs/share/xrf2_msgs/environment/ament_prefix_path.sh
[3.172s] -- Up-to-date: /home/sdfr-ppd-16/ros2_ws/install/xrf2_msgs/share/xrf2_msgs/environment/ament_prefix_path.dsv
[3.174s] -- Up-to-date: /home/sdfr-ppd-16/ros2_ws/install/xrf2_msgs/share/xrf2_msgs/environment/path.sh
[3.176s] -- Up-to-date: /home/sdfr-ppd-16/ros2_ws/install/xrf2_msgs/share/xrf2_msgs/environment/path.dsv
[3.178s] -- Up-to-date: /home/sdfr-ppd-16/ros2_ws/install/xrf2_msgs/share/xrf2_msgs/local_setup.bash
[3.180s] -- Up-to-date: /home/sdfr-ppd-16/ros2_ws/install/xrf2_msgs/share/xrf2_msgs/local_setup.sh
[3.182s] -- Up-to-date: /home/sdfr-ppd-16/ros2_ws/install/xrf2_msgs/share/xrf2_msgs/local_setup.zsh
[3.183s] -- Up-to-date: /home/sdfr-ppd-16/ros2_ws/install/xrf2_msgs/share/xrf2_msgs/local_setup.dsv
[3.186s] -- Installing: /home/sdfr-ppd-16/ros2_ws/install/xrf2_msgs/share/xrf2_msgs/package.dsv
[3.188s] -- Up-to-date: /home/sdfr-ppd-16/ros2_ws/install/xrf2_msgs/share/ament_index/resource_index/packages/xrf2_msgs
[3.190s] -- Up-to-date: /home/sdfr-ppd-16/ros2_ws/install/xrf2_msgs/share/xrf2_msgs/cmake/export_xrf2_msgs__rosidl_generator_cExport.cmake
[3.191s] -- Up-to-date: /home/sdfr-ppd-16/ros2_ws/install/xrf2_msgs/share/xrf2_msgs/cmake/export_xrf2_msgs__rosidl_generator_cExport-noconfig.cmake
[3.195s] -- Up-to-date: /home/sdfr-ppd-16/ros2_ws/install/xrf2_msgs/share/xrf2_msgs/cmake/export_xrf2_msgs__rosidl_typesupport_fastrtps_cExport.cmake
[3.197s] -- Up-to-date: /home/sdfr-ppd-16/ros2_ws/install/xrf2_msgs/share/xrf2_msgs/cmake/export_xrf2_msgs__rosidl_typesupport_fastrtps_cExport-noconfig.cmake
[3.199s] -- Up-to-date: /home/sdfr-ppd-16/ros2_ws/install/xrf2_msgs/share/xrf2_msgs/cmake/xrf2_msgs__rosidl_typesupport_introspection_cExport.cmake
[3.201s] -- Up-to-date: /home/sdfr-ppd-16/ros2_ws/install/xrf2_msgs/share/xrf2_msgs/cmake/xrf2_msgs__rosidl_typesupport_introspection_cExport-noconfig.cmake
[3.203s] -- Up-to-date: /home/sdfr-ppd-16/ros2_ws/install/xrf2_msgs/share/xrf2_msgs/cmake/xrf2_msgs__rosidl_typesupport_cExport.cmake
[3.205s] -- Up-to-date: /home/sdfr-ppd-16/ros2_ws/install/xrf2_msgs/share/xrf2_msgs/cmake/xrf2_msgs__rosidl_typesupport_cExport-noconfig.cmake
[3.206s] -- Up-to-date: /home/sdfr-ppd-16/ros2_ws/install/xrf2_msgs/share/xrf2_msgs/cmake/export_xrf2_msgs__rosidl_generator_cppExport.cmake
[3.208s] -- Up-to-date: /home/sdfr-ppd-16/ros2_ws/install/xrf2_msgs/share/xrf2_msgs/cmake/export_xrf2_msgs__rosidl_typesupport_fastrtps_cppExport.cmake
[3.209s] -- Up-to-date: /home/sdfr-ppd-16/ros2_ws/install/xrf2_msgs/share/xrf2_msgs/cmake/export_xrf2_msgs__rosidl_typesupport_fastrtps_cppExport-noconfig.cmake
[3.212s] -- Up-to-date: /home/sdfr-ppd-16/ros2_ws/install/xrf2_msgs/share/xrf2_msgs/cmake/xrf2_msgs__rosidl_typesupport_introspection_cppExport.cmake
[3.214s] -- Up-to-date: /home/sdfr-ppd-16/ros2_ws/install/xrf2_msgs/share/xrf2_msgs/cmake/xrf2_msgs__rosidl_typesupport_introspection_cppExport-noconfig.cmake
[3.215s] -- Up-to-date: /home/sdfr-ppd-16/ros2_ws/install/xrf2_msgs/share/xrf2_msgs/cmake/xrf2_msgs__rosidl_typesupport_cppExport.cmake
[3.216s] -- Up-to-date: /home/sdfr-ppd-16/ros2_ws/install/xrf2_msgs/share/xrf2_msgs/cmake/xrf2_msgs__rosidl_typesupport_cppExport-noconfig.cmake
[3.217s] -- Up-to-date: /home/sdfr-ppd-16/ros2_ws/install/xrf2_msgs/share/xrf2_msgs/cmake/export_xrf2_msgs__rosidl_generator_pyExport.cmake
[3.218s] -- Up-to-date: /home/sdfr-ppd-16/ros2_ws/install/xrf2_msgs/share/xrf2_msgs/cmake/export_xrf2_msgs__rosidl_generator_pyExport-noconfig.cmake
[3.219s] -- Up-to-date: /home/sdfr-ppd-16/ros2_ws/install/xrf2_msgs/share/xrf2_msgs/cmake/rosidl_cmake-extras.cmake
[3.221s] -- Up-to-date: /home/sdfr-ppd-16/ros2_ws/install/xrf2_msgs/share/xrf2_msgs/cmake/ament_cmake_export_include_directories-extras.cmake
[3.223s] -- Up-to-date: /home/sdfr-ppd-16/ros2_ws/install/xrf2_msgs/share/xrf2_msgs/cmake/ament_cmake_export_libraries-extras.cmake
[3.225s] -- Up-to-date: /home/sdfr-ppd-16/ros2_ws/install/xrf2_msgs/share/xrf2_msgs/cmake/ament_cmake_export_targets-extras.cmake
[3.226s] -- Up-to-date: /home/sdfr-ppd-16/ros2_ws/install/xrf2_msgs/share/xrf2_msgs/cmake/rosidl_cmake_export_typesupport_targets-extras.cmake
[3.229s] -- Up-to-date: /home/sdfr-ppd-16/ros2_ws/install/xrf2_msgs/share/xrf2_msgs/cmake/ament_cmake_export_dependencies-extras.cmake
[3.231s] -- Up-to-date: /home/sdfr-ppd-16/ros2_ws/install/xrf2_msgs/share/xrf2_msgs/cmake/rosidl_cmake_export_typesupport_libraries-extras.cmake
[3.233s] -- Up-to-date: /home/sdfr-ppd-16/ros2_ws/install/xrf2_msgs/share/xrf2_msgs/cmake/xrf2_msgsConfig.cmake
[3.235s] -- Up-to-date: /home/sdfr-ppd-16/ros2_ws/install/xrf2_msgs/share/xrf2_msgs/cmake/xrf2_msgsConfig-version.cmake
[3.237s] -- Up-to-date: /home/sdfr-ppd-16/ros2_ws/install/xrf2_msgs/share/xrf2_msgs/package.xml
[3.239s] Invoked command in '/home/sdfr-ppd-16/ros2_ws/build/xrf2_msgs' returned '0': CMAKE_PREFIX_PATH=${CMAKE_PREFIX_PATH}:/opt/ros/humble /usr/bin/cmake --install /home/sdfr-ppd-16/ros2_ws/build/xrf2_msgs
