[0.056s] Invoking command in '/home/sdfr-ppd-16/ros2_ws/build/image_functions_sdfr': CMAKE_PREFIX_PATH=${CMAKE_PREFIX_PATH}:/opt/ros/humble /usr/bin/cmake --build /home/sdfr-ppd-16/ros2_ws/build/image_functions_sdfr -- -j3 -l3
[0.218s] [35m[1mConsolidate compiler generated dependencies of target image_functions[0m
[0.955s] [100%] Built target image_functions
[1.041s] Invoked command in '/home/sdfr-ppd-16/ros2_ws/build/image_functions_sdfr' returned '0': CMAKE_PREFIX_PATH=${CMAKE_PREFIX_PATH}:/opt/ros/humble /usr/bin/cmake --build /home/sdfr-ppd-16/ros2_ws/build/image_functions_sdfr -- -j3 -l3
[1.115s] Invoking command in '/home/sdfr-ppd-16/ros2_ws/build/image_functions_sdfr': CMAKE_PREFIX_PATH=${CMAKE_PREFIX_PATH}:/opt/ros/humble /usr/bin/cmake --install /home/sdfr-ppd-16/ros2_ws/build/image_functions_sdfr
[1.170s] -- Install configuration: ""
[1.173s] -- Up-to-date: /home/sdfr-ppd-16/ros2_ws/install/image_functions_sdfr/include
[1.174s] -- Up-to-date: /home/sdfr-ppd-16/ros2_ws/install/image_functions_sdfr/include/image_functions_sdfr
[1.177s] -- Up-to-date: /home/sdfr-ppd-16/ros2_ws/install/image_functions_sdfr/include/image_functions_sdfr/visibility_control.h
[1.178s] -- Up-to-date: /home/sdfr-ppd-16/ros2_ws/install/image_functions_sdfr/include/image_functions_sdfr/image_functions.hpp
[1.182s] -- Up-to-date: /home/sdfr-ppd-16/ros2_ws/install/image_functions_sdfr/lib/libimage_functions.so
[1.183s] -- Up-to-date: /home/sdfr-ppd-16/ros2_ws/install/image_functions_sdfr/share/image_functions_sdfr/environment/library_path.sh
[1.184s] -- Up-to-date: /home/sdfr-ppd-16/ros2_ws/install/image_functions_sdfr/share/image_functions_sdfr/environment/library_path.dsv
[1.193s] -- Up-to-date: /home/sdfr-ppd-16/ros2_ws/install/image_functions_sdfr/share/ament_index/resource_index/package_run_dependencies/image_functions_sdfr
[1.194s] -- Up-to-date: /home/sdfr-ppd-16/ros2_ws/install/image_functions_sdfr/share/ament_index/resource_index/parent_prefix_path/image_functions_sdfr
[1.195s] -- Up-to-date: /home/sdfr-ppd-16/ros2_ws/install/image_functions_sdfr/share/image_functions_sdfr/environment/ament_prefix_path.sh
[1.197s] -- Up-to-date: /home/sdfr-ppd-16/ros2_ws/install/image_functions_sdfr/share/image_functions_sdfr/environment/ament_prefix_path.dsv
[1.198s] -- Up-to-date: /home/sdfr-ppd-16/ros2_ws/install/image_functions_sdfr/share/image_functions_sdfr/environment/path.sh
[1.200s] -- Up-to-date: /home/sdfr-ppd-16/ros2_ws/install/image_functions_sdfr/share/image_functions_sdfr/environment/path.dsv
[1.221s] -- Up-to-date: /home/sdfr-ppd-16/ros2_ws/install/image_functions_sdfr/share/image_functions_sdfr/local_setup.bash
[1.223s] -- Up-to-date: /home/sdfr-ppd-16/ros2_ws/install/image_functions_sdfr/share/image_functions_sdfr/local_setup.sh
[1.224s] -- Up-to-date: /home/sdfr-ppd-16/ros2_ws/install/image_functions_sdfr/share/image_functions_sdfr/local_setup.zsh
[1.226s] -- Up-to-date: /home/sdfr-ppd-16/ros2_ws/install/image_functions_sdfr/share/image_functions_sdfr/local_setup.dsv
[1.227s] -- Installing: /home/sdfr-ppd-16/ros2_ws/install/image_functions_sdfr/share/image_functions_sdfr/package.dsv
[1.244s] -- Up-to-date: /home/sdfr-ppd-16/ros2_ws/install/image_functions_sdfr/share/ament_index/resource_index/packages/image_functions_sdfr
[1.245s] -- Up-to-date: /home/sdfr-ppd-16/ros2_ws/install/image_functions_sdfr/share/image_functions_sdfr/cmake/export_image_functions_sdfrExport.cmake
[1.247s] -- Up-to-date: /home/sdfr-ppd-16/ros2_ws/install/image_functions_sdfr/share/image_functions_sdfr/cmake/export_image_functions_sdfrExport-noconfig.cmake
[1.248s] -- Up-to-date: /home/sdfr-ppd-16/ros2_ws/install/image_functions_sdfr/share/image_functions_sdfr/cmake/ament_cmake_export_include_directories-extras.cmake
[1.249s] -- Up-to-date: /home/sdfr-ppd-16/ros2_ws/install/image_functions_sdfr/share/image_functions_sdfr/cmake/ament_cmake_export_libraries-extras.cmake
[1.250s] -- Up-to-date: /home/sdfr-ppd-16/ros2_ws/install/image_functions_sdfr/share/image_functions_sdfr/cmake/ament_cmake_export_targets-extras.cmake
[1.252s] -- Up-to-date: /home/sdfr-ppd-16/ros2_ws/install/image_functions_sdfr/share/image_functions_sdfr/cmake/ament_cmake_export_dependencies-extras.cmake
[1.253s] -- Up-to-date: /home/sdfr-ppd-16/ros2_ws/install/image_functions_sdfr/share/image_functions_sdfr/cmake/image_functions_sdfrConfig.cmake
[1.255s] -- Up-to-date: /home/sdfr-ppd-16/ros2_ws/install/image_functions_sdfr/share/image_functions_sdfr/cmake/image_functions_sdfrConfig-version.cmake
[1.256s] -- Up-to-date: /home/sdfr-ppd-16/ros2_ws/install/image_functions_sdfr/share/image_functions_sdfr/package.xml
[1.258s] Invoked command in '/home/sdfr-ppd-16/ros2_ws/build/image_functions_sdfr' returned '0': CMAKE_PREFIX_PATH=${CMAKE_PREFIX_PATH}:/opt/ros/humble /usr/bin/cmake --install /home/sdfr-ppd-16/ros2_ws/build/image_functions_sdfr
