[0.078s] DEBUG:colcon:Command line arguments: ['/usr/bin/colcon', 'build']
[0.078s] DEBUG:colcon:Parsed command line arguments: Namespace(log_base=None, log_level=None, verb_name='build', build_base='build', install_base='install', merge_install=False, symlink_install=False, test_result_base=None, continue_on_error=False, executor='parallel', parallel_workers=8, event_handlers=None, ignore_user_meta=False, metas=['./colcon.meta'], base_paths=['.'], packages_ignore=None, packages_ignore_regex=None, paths=None, packages_up_to=None, packages_up_to_regex=None, packages_above=None, packages_above_and_dependencies=None, packages_above_depth=None, packages_select_by_dep=None, packages_skip_by_dep=None, packages_skip_up_to=None, packages_select_build_failed=False, packages_skip_build_finished=False, packages_select_test_failures=False, packages_skip_test_passed=False, packages_select=None, packages_skip=None, packages_select_regex=None, packages_skip_regex=None, packages_start=None, packages_end=None, allow_overriding=[], cmake_args=None, cmake_target=None, cmake_target_skip_unavailable=False, cmake_clean_cache=False, cmake_clean_first=False, cmake_force_configure=False, ament_cmake_args=None, catkin_cmake_args=None, catkin_skip_building_tests=False, verb_parser=<colcon_defaults.argument_parser.defaults.DefaultArgumentsDecorator object at 0x7f7503f68130>, verb_extension=<colcon_core.verb.build.BuildVerb object at 0x7f7503f337f0>, main=<bound method BuildVerb.main of <colcon_core.verb.build.BuildVerb object at 0x7f7503f337f0>>)
[0.205s] Level 1:colcon.colcon_core.package_discovery:discover_packages(colcon_meta) check parameters
[0.205s] Level 1:colcon.colcon_core.package_discovery:discover_packages(recursive) check parameters
[0.205s] Level 1:colcon.colcon_core.package_discovery:discover_packages(ignore) check parameters
[0.205s] Level 1:colcon.colcon_core.package_discovery:discover_packages(path) check parameters
[0.205s] Level 1:colcon.colcon_core.package_discovery:discover_packages(colcon_meta) discover
[0.205s] Level 1:colcon.colcon_core.package_discovery:discover_packages(recursive) discover
[0.205s] INFO:colcon.colcon_core.package_discovery:Crawling recursively for packages in '/home/raghav742/SDfR/Assignments/assignment5/ros2_ws/src'
[0.205s] Level 1:colcon.colcon_core.package_identification:_identify(.) by extensions ['ignore', 'ignore_ament_install']
[0.206s] Level 1:colcon.colcon_core.package_identification:_identify(.) by extension 'ignore'
[0.206s] Level 1:colcon.colcon_core.package_identification:_identify(.) by extension 'ignore_ament_install'
[0.206s] Level 1:colcon.colcon_core.package_identification:_identify(.) by extensions ['colcon_pkg']
[0.206s] Level 1:colcon.colcon_core.package_identification:_identify(.) by extension 'colcon_pkg'
[0.206s] Level 1:colcon.colcon_core.package_identification:_identify(.) by extensions ['colcon_meta']
[0.206s] Level 1:colcon.colcon_core.package_identification:_identify(.) by extension 'colcon_meta'
[0.206s] Level 1:colcon.colcon_core.package_identification:_identify(.) by extensions ['ros']
[0.206s] Level 1:colcon.colcon_core.package_identification:_identify(.) by extension 'ros'
[0.214s] Level 1:colcon.colcon_core.package_identification:_identify(.) by extensions ['cmake', 'python']
[0.214s] Level 1:colcon.colcon_core.package_identification:_identify(.) by extension 'cmake'
[0.214s] Level 1:colcon.colcon_core.package_identification:_identify(.) by extension 'python'
[0.214s] Level 1:colcon.colcon_core.package_identification:_identify(.) by extensions ['python_setup_py']
[0.214s] Level 1:colcon.colcon_core.package_identification:_identify(.) by extension 'python_setup_py'
[0.215s] Level 1:colcon.colcon_core.package_identification:_identify(build) by extensions ['ignore', 'ignore_ament_install']
[0.215s] Level 1:colcon.colcon_core.package_identification:_identify(build) by extension 'ignore'
[0.215s] Level 1:colcon.colcon_core.package_identification:_identify(build) ignored
[0.215s] Level 1:colcon.colcon_core.package_identification:_identify(install) by extensions ['ignore', 'ignore_ament_install']
[0.215s] Level 1:colcon.colcon_core.package_identification:_identify(install) by extension 'ignore'
[0.215s] Level 1:colcon.colcon_core.package_identification:_identify(install) ignored
[0.215s] Level 1:colcon.colcon_core.package_identification:_identify(log) by extensions ['ignore', 'ignore_ament_install']
[0.215s] Level 1:colcon.colcon_core.package_identification:_identify(log) by extension 'ignore'
[0.215s] Level 1:colcon.colcon_core.package_identification:_identify(log) ignored
[0.215s] Level 1:colcon.colcon_core.package_identification:_identify(relbot2turtlesim) by extensions ['ignore', 'ignore_ament_install']
[0.215s] Level 1:colcon.colcon_core.package_identification:_identify(relbot2turtlesim) by extension 'ignore'
[0.215s] Level 1:colcon.colcon_core.package_identification:_identify(relbot2turtlesim) by extension 'ignore_ament_install'
[0.215s] Level 1:colcon.colcon_core.package_identification:_identify(relbot2turtlesim) by extensions ['colcon_pkg']
[0.215s] Level 1:colcon.colcon_core.package_identification:_identify(relbot2turtlesim) by extension 'colcon_pkg'
[0.215s] Level 1:colcon.colcon_core.package_identification:_identify(relbot2turtlesim) by extensions ['colcon_meta']
[0.215s] Level 1:colcon.colcon_core.package_identification:_identify(relbot2turtlesim) by extension 'colcon_meta'
[0.215s] Level 1:colcon.colcon_core.package_identification:_identify(relbot2turtlesim) by extensions ['ros']
[0.215s] Level 1:colcon.colcon_core.package_identification:_identify(relbot2turtlesim) by extension 'ros'
[0.215s] Level 1:colcon.colcon_core.package_identification:_identify(relbot2turtlesim) by extensions ['cmake', 'python']
[0.215s] Level 1:colcon.colcon_core.package_identification:_identify(relbot2turtlesim) by extension 'cmake'
[0.215s] Level 1:colcon.colcon_core.package_identification:_identify(relbot2turtlesim) by extension 'python'
[0.215s] Level 1:colcon.colcon_core.package_identification:_identify(relbot2turtlesim) by extensions ['python_setup_py']
[0.216s] Level 1:colcon.colcon_core.package_identification:_identify(relbot2turtlesim) by extension 'python_setup_py'
[0.216s] Level 1:colcon.colcon_core.package_identification:_identify(relbot2turtlesim/__MACOSX) by extensions ['ignore', 'ignore_ament_install']
[0.216s] Level 1:colcon.colcon_core.package_identification:_identify(relbot2turtlesim/__MACOSX) by extension 'ignore'
[0.216s] Level 1:colcon.colcon_core.package_identification:_identify(relbot2turtlesim/__MACOSX) by extension 'ignore_ament_install'
[0.216s] Level 1:colcon.colcon_core.package_identification:_identify(relbot2turtlesim/__MACOSX) by extensions ['colcon_pkg']
[0.216s] Level 1:colcon.colcon_core.package_identification:_identify(relbot2turtlesim/__MACOSX) by extension 'colcon_pkg'
[0.216s] Level 1:colcon.colcon_core.package_identification:_identify(relbot2turtlesim/__MACOSX) by extensions ['colcon_meta']
[0.216s] Level 1:colcon.colcon_core.package_identification:_identify(relbot2turtlesim/__MACOSX) by extension 'colcon_meta'
[0.216s] Level 1:colcon.colcon_core.package_identification:_identify(relbot2turtlesim/__MACOSX) by extensions ['ros']
[0.216s] Level 1:colcon.colcon_core.package_identification:_identify(relbot2turtlesim/__MACOSX) by extension 'ros'
[0.216s] Level 1:colcon.colcon_core.package_identification:_identify(relbot2turtlesim/__MACOSX) by extensions ['cmake', 'python']
[0.216s] Level 1:colcon.colcon_core.package_identification:_identify(relbot2turtlesim/__MACOSX) by extension 'cmake'
[0.216s] Level 1:colcon.colcon_core.package_identification:_identify(relbot2turtlesim/__MACOSX) by extension 'python'
[0.216s] Level 1:colcon.colcon_core.package_identification:_identify(relbot2turtlesim/__MACOSX) by extensions ['python_setup_py']
[0.216s] Level 1:colcon.colcon_core.package_identification:_identify(relbot2turtlesim/__MACOSX) by extension 'python_setup_py'
[0.216s] Level 1:colcon.colcon_core.package_identification:_identify(relbot2turtlesim/__MACOSX/relbot2turtlesim) by extensions ['ignore', 'ignore_ament_install']
[0.216s] Level 1:colcon.colcon_core.package_identification:_identify(relbot2turtlesim/__MACOSX/relbot2turtlesim) by extension 'ignore'
[0.216s] Level 1:colcon.colcon_core.package_identification:_identify(relbot2turtlesim/__MACOSX/relbot2turtlesim) by extension 'ignore_ament_install'
[0.216s] Level 1:colcon.colcon_core.package_identification:_identify(relbot2turtlesim/__MACOSX/relbot2turtlesim) by extensions ['colcon_pkg']
[0.216s] Level 1:colcon.colcon_core.package_identification:_identify(relbot2turtlesim/__MACOSX/relbot2turtlesim) by extension 'colcon_pkg'
[0.216s] Level 1:colcon.colcon_core.package_identification:_identify(relbot2turtlesim/__MACOSX/relbot2turtlesim) by extensions ['colcon_meta']
[0.216s] Level 1:colcon.colcon_core.package_identification:_identify(relbot2turtlesim/__MACOSX/relbot2turtlesim) by extension 'colcon_meta'
[0.216s] Level 1:colcon.colcon_core.package_identification:_identify(relbot2turtlesim/__MACOSX/relbot2turtlesim) by extensions ['ros']
[0.216s] Level 1:colcon.colcon_core.package_identification:_identify(relbot2turtlesim/__MACOSX/relbot2turtlesim) by extension 'ros'
[0.216s] Level 1:colcon.colcon_core.package_identification:_identify(relbot2turtlesim/__MACOSX/relbot2turtlesim) by extensions ['cmake', 'python']
[0.216s] Level 1:colcon.colcon_core.package_identification:_identify(relbot2turtlesim/__MACOSX/relbot2turtlesim) by extension 'cmake'
[0.216s] Level 1:colcon.colcon_core.package_identification:_identify(relbot2turtlesim/__MACOSX/relbot2turtlesim) by extension 'python'
[0.217s] Level 1:colcon.colcon_core.package_identification:_identify(relbot2turtlesim/__MACOSX/relbot2turtlesim) by extensions ['python_setup_py']
[0.217s] Level 1:colcon.colcon_core.package_identification:_identify(relbot2turtlesim/__MACOSX/relbot2turtlesim) by extension 'python_setup_py'
[0.217s] Level 1:colcon.colcon_core.package_identification:_identify(relbot2turtlesim/__MACOSX/relbot2turtlesim/include) by extensions ['ignore', 'ignore_ament_install']
[0.217s] Level 1:colcon.colcon_core.package_identification:_identify(relbot2turtlesim/__MACOSX/relbot2turtlesim/include) by extension 'ignore'
[0.217s] Level 1:colcon.colcon_core.package_identification:_identify(relbot2turtlesim/__MACOSX/relbot2turtlesim/include) by extension 'ignore_ament_install'
[0.217s] Level 1:colcon.colcon_core.package_identification:_identify(relbot2turtlesim/__MACOSX/relbot2turtlesim/include) by extensions ['colcon_pkg']
[0.217s] Level 1:colcon.colcon_core.package_identification:_identify(relbot2turtlesim/__MACOSX/relbot2turtlesim/include) by extension 'colcon_pkg'
[0.218s] Level 1:colcon.colcon_core.package_identification:_identify(relbot2turtlesim/__MACOSX/relbot2turtlesim/include) by extensions ['colcon_meta']
[0.218s] Level 1:colcon.colcon_core.package_identification:_identify(relbot2turtlesim/__MACOSX/relbot2turtlesim/include) by extension 'colcon_meta'
[0.218s] Level 1:colcon.colcon_core.package_identification:_identify(relbot2turtlesim/__MACOSX/relbot2turtlesim/include) by extensions ['ros']
[0.218s] Level 1:colcon.colcon_core.package_identification:_identify(relbot2turtlesim/__MACOSX/relbot2turtlesim/include) by extension 'ros'
[0.218s] Level 1:colcon.colcon_core.package_identification:_identify(relbot2turtlesim/__MACOSX/relbot2turtlesim/include) by extensions ['cmake', 'python']
[0.218s] Level 1:colcon.colcon_core.package_identification:_identify(relbot2turtlesim/__MACOSX/relbot2turtlesim/include) by extension 'cmake'
[0.218s] Level 1:colcon.colcon_core.package_identification:_identify(relbot2turtlesim/__MACOSX/relbot2turtlesim/include) by extension 'python'
[0.218s] Level 1:colcon.colcon_core.package_identification:_identify(relbot2turtlesim/__MACOSX/relbot2turtlesim/include) by extensions ['python_setup_py']
[0.218s] Level 1:colcon.colcon_core.package_identification:_identify(relbot2turtlesim/__MACOSX/relbot2turtlesim/include) by extension 'python_setup_py'
[0.218s] Level 1:colcon.colcon_core.package_identification:_identify(relbot2turtlesim/relbot2turtlesim) by extensions ['ignore', 'ignore_ament_install']
[0.218s] Level 1:colcon.colcon_core.package_identification:_identify(relbot2turtlesim/relbot2turtlesim) by extension 'ignore'
[0.218s] Level 1:colcon.colcon_core.package_identification:_identify(relbot2turtlesim/relbot2turtlesim) by extension 'ignore_ament_install'
[0.218s] Level 1:colcon.colcon_core.package_identification:_identify(relbot2turtlesim/relbot2turtlesim) by extensions ['colcon_pkg']
[0.218s] Level 1:colcon.colcon_core.package_identification:_identify(relbot2turtlesim/relbot2turtlesim) by extension 'colcon_pkg'
[0.218s] Level 1:colcon.colcon_core.package_identification:_identify(relbot2turtlesim/relbot2turtlesim) by extensions ['colcon_meta']
[0.218s] Level 1:colcon.colcon_core.package_identification:_identify(relbot2turtlesim/relbot2turtlesim) by extension 'colcon_meta'
[0.218s] Level 1:colcon.colcon_core.package_identification:_identify(relbot2turtlesim/relbot2turtlesim) by extensions ['ros']
[0.218s] Level 1:colcon.colcon_core.package_identification:_identify(relbot2turtlesim/relbot2turtlesim) by extension 'ros'
[0.220s] DEBUG:colcon.colcon_core.package_identification:Package 'relbot2turtlesim/relbot2turtlesim' with type 'ros.ament_cmake' and name 'relbot2turtlesim'
[0.220s] Level 1:colcon.colcon_core.package_identification:_identify(relbot_adapter) by extensions ['ignore', 'ignore_ament_install']
[0.220s] Level 1:colcon.colcon_core.package_identification:_identify(relbot_adapter) by extension 'ignore'
[0.220s] Level 1:colcon.colcon_core.package_identification:_identify(relbot_adapter) by extension 'ignore_ament_install'
[0.220s] Level 1:colcon.colcon_core.package_identification:_identify(relbot_adapter) by extensions ['colcon_pkg']
[0.220s] Level 1:colcon.colcon_core.package_identification:_identify(relbot_adapter) by extension 'colcon_pkg'
[0.220s] Level 1:colcon.colcon_core.package_identification:_identify(relbot_adapter) by extensions ['colcon_meta']
[0.221s] Level 1:colcon.colcon_core.package_identification:_identify(relbot_adapter) by extension 'colcon_meta'
[0.221s] Level 1:colcon.colcon_core.package_identification:_identify(relbot_adapter) by extensions ['ros']
[0.221s] Level 1:colcon.colcon_core.package_identification:_identify(relbot_adapter) by extension 'ros'
[0.221s] DEBUG:colcon.colcon_core.package_identification:Package 'relbot_adapter' with type 'ros.ament_cmake' and name 'relbot_adapter'
[0.221s] Level 1:colcon.colcon_core.package_identification:_identify(relbot_launch) by extensions ['ignore', 'ignore_ament_install']
[0.221s] Level 1:colcon.colcon_core.package_identification:_identify(relbot_launch) by extension 'ignore'
[0.221s] Level 1:colcon.colcon_core.package_identification:_identify(relbot_launch) by extension 'ignore_ament_install'
[0.221s] Level 1:colcon.colcon_core.package_identification:_identify(relbot_launch) by extensions ['colcon_pkg']
[0.221s] Level 1:colcon.colcon_core.package_identification:_identify(relbot_launch) by extension 'colcon_pkg'
[0.221s] Level 1:colcon.colcon_core.package_identification:_identify(relbot_launch) by extensions ['colcon_meta']
[0.221s] Level 1:colcon.colcon_core.package_identification:_identify(relbot_launch) by extension 'colcon_meta'
[0.221s] Level 1:colcon.colcon_core.package_identification:_identify(relbot_launch) by extensions ['ros']
[0.221s] Level 1:colcon.colcon_core.package_identification:_identify(relbot_launch) by extension 'ros'
[0.221s] Level 1:colcon.colcon_core.package_identification:_identify(relbot_launch) by extensions ['cmake', 'python']
[0.221s] Level 1:colcon.colcon_core.package_identification:_identify(relbot_launch) by extension 'cmake'
[0.221s] Level 1:colcon.colcon_core.package_identification:_identify(relbot_launch) by extension 'python'
[0.221s] Level 1:colcon.colcon_core.package_identification:_identify(relbot_launch) by extensions ['python_setup_py']
[0.221s] Level 1:colcon.colcon_core.package_identification:_identify(relbot_launch) by extension 'python_setup_py'
[0.222s] Level 1:colcon.colcon_core.package_identification:_identify(relbot_launch/__MACOSX) by extensions ['ignore', 'ignore_ament_install']
[0.222s] Level 1:colcon.colcon_core.package_identification:_identify(relbot_launch/__MACOSX) by extension 'ignore'
[0.222s] Level 1:colcon.colcon_core.package_identification:_identify(relbot_launch/__MACOSX) by extension 'ignore_ament_install'
[0.222s] Level 1:colcon.colcon_core.package_identification:_identify(relbot_launch/__MACOSX) by extensions ['colcon_pkg']
[0.222s] Level 1:colcon.colcon_core.package_identification:_identify(relbot_launch/__MACOSX) by extension 'colcon_pkg'
[0.222s] Level 1:colcon.colcon_core.package_identification:_identify(relbot_launch/__MACOSX) by extensions ['colcon_meta']
[0.222s] Level 1:colcon.colcon_core.package_identification:_identify(relbot_launch/__MACOSX) by extension 'colcon_meta'
[0.222s] Level 1:colcon.colcon_core.package_identification:_identify(relbot_launch/__MACOSX) by extensions ['ros']
[0.222s] Level 1:colcon.colcon_core.package_identification:_identify(relbot_launch/__MACOSX) by extension 'ros'
[0.222s] Level 1:colcon.colcon_core.package_identification:_identify(relbot_launch/__MACOSX) by extensions ['cmake', 'python']
[0.222s] Level 1:colcon.colcon_core.package_identification:_identify(relbot_launch/__MACOSX) by extension 'cmake'
[0.222s] Level 1:colcon.colcon_core.package_identification:_identify(relbot_launch/__MACOSX) by extension 'python'
[0.222s] Level 1:colcon.colcon_core.package_identification:_identify(relbot_launch/__MACOSX) by extensions ['python_setup_py']
[0.222s] Level 1:colcon.colcon_core.package_identification:_identify(relbot_launch/__MACOSX) by extension 'python_setup_py'
[0.222s] Level 1:colcon.colcon_core.package_identification:_identify(relbot_launch/__MACOSX/relbot_launch) by extensions ['ignore', 'ignore_ament_install']
[0.222s] Level 1:colcon.colcon_core.package_identification:_identify(relbot_launch/__MACOSX/relbot_launch) by extension 'ignore'
[0.222s] Level 1:colcon.colcon_core.package_identification:_identify(relbot_launch/__MACOSX/relbot_launch) by extension 'ignore_ament_install'
[0.222s] Level 1:colcon.colcon_core.package_identification:_identify(relbot_launch/__MACOSX/relbot_launch) by extensions ['colcon_pkg']
[0.222s] Level 1:colcon.colcon_core.package_identification:_identify(relbot_launch/__MACOSX/relbot_launch) by extension 'colcon_pkg'
[0.222s] Level 1:colcon.colcon_core.package_identification:_identify(relbot_launch/__MACOSX/relbot_launch) by extensions ['colcon_meta']
[0.222s] Level 1:colcon.colcon_core.package_identification:_identify(relbot_launch/__MACOSX/relbot_launch) by extension 'colcon_meta'
[0.222s] Level 1:colcon.colcon_core.package_identification:_identify(relbot_launch/__MACOSX/relbot_launch) by extensions ['ros']
[0.222s] Level 1:colcon.colcon_core.package_identification:_identify(relbot_launch/__MACOSX/relbot_launch) by extension 'ros'
[0.222s] Level 1:colcon.colcon_core.package_identification:_identify(relbot_launch/__MACOSX/relbot_launch) by extensions ['cmake', 'python']
[0.222s] Level 1:colcon.colcon_core.package_identification:_identify(relbot_launch/__MACOSX/relbot_launch) by extension 'cmake'
[0.222s] Level 1:colcon.colcon_core.package_identification:_identify(relbot_launch/__MACOSX/relbot_launch) by extension 'python'
[0.222s] Level 1:colcon.colcon_core.package_identification:_identify(relbot_launch/__MACOSX/relbot_launch) by extensions ['python_setup_py']
[0.222s] Level 1:colcon.colcon_core.package_identification:_identify(relbot_launch/__MACOSX/relbot_launch) by extension 'python_setup_py'
[0.222s] Level 1:colcon.colcon_core.package_identification:_identify(relbot_launch/__MACOSX/relbot_launch/launch) by extensions ['ignore', 'ignore_ament_install']
[0.223s] Level 1:colcon.colcon_core.package_identification:_identify(relbot_launch/__MACOSX/relbot_launch/launch) by extension 'ignore'
[0.223s] Level 1:colcon.colcon_core.package_identification:_identify(relbot_launch/__MACOSX/relbot_launch/launch) by extension 'ignore_ament_install'
[0.223s] Level 1:colcon.colcon_core.package_identification:_identify(relbot_launch/__MACOSX/relbot_launch/launch) by extensions ['colcon_pkg']
[0.223s] Level 1:colcon.colcon_core.package_identification:_identify(relbot_launch/__MACOSX/relbot_launch/launch) by extension 'colcon_pkg'
[0.223s] Level 1:colcon.colcon_core.package_identification:_identify(relbot_launch/__MACOSX/relbot_launch/launch) by extensions ['colcon_meta']
[0.223s] Level 1:colcon.colcon_core.package_identification:_identify(relbot_launch/__MACOSX/relbot_launch/launch) by extension 'colcon_meta'
[0.223s] Level 1:colcon.colcon_core.package_identification:_identify(relbot_launch/__MACOSX/relbot_launch/launch) by extensions ['ros']
[0.223s] Level 1:colcon.colcon_core.package_identification:_identify(relbot_launch/__MACOSX/relbot_launch/launch) by extension 'ros'
[0.223s] Level 1:colcon.colcon_core.package_identification:_identify(relbot_launch/__MACOSX/relbot_launch/launch) by extensions ['cmake', 'python']
[0.223s] Level 1:colcon.colcon_core.package_identification:_identify(relbot_launch/__MACOSX/relbot_launch/launch) by extension 'cmake'
[0.223s] Level 1:colcon.colcon_core.package_identification:_identify(relbot_launch/__MACOSX/relbot_launch/launch) by extension 'python'
[0.223s] Level 1:colcon.colcon_core.package_identification:_identify(relbot_launch/__MACOSX/relbot_launch/launch) by extensions ['python_setup_py']
[0.223s] Level 1:colcon.colcon_core.package_identification:_identify(relbot_launch/__MACOSX/relbot_launch/launch) by extension 'python_setup_py'
[0.223s] Level 1:colcon.colcon_core.package_identification:_identify(relbot_launch/relbot_launch) by extensions ['ignore', 'ignore_ament_install']
[0.223s] Level 1:colcon.colcon_core.package_identification:_identify(relbot_launch/relbot_launch) by extension 'ignore'
[0.223s] Level 1:colcon.colcon_core.package_identification:_identify(relbot_launch/relbot_launch) by extension 'ignore_ament_install'
[0.223s] Level 1:colcon.colcon_core.package_identification:_identify(relbot_launch/relbot_launch) by extensions ['colcon_pkg']
[0.223s] Level 1:colcon.colcon_core.package_identification:_identify(relbot_launch/relbot_launch) by extension 'colcon_pkg'
[0.223s] Level 1:colcon.colcon_core.package_identification:_identify(relbot_launch/relbot_launch) by extensions ['colcon_meta']
[0.223s] Level 1:colcon.colcon_core.package_identification:_identify(relbot_launch/relbot_launch) by extension 'colcon_meta'
[0.223s] Level 1:colcon.colcon_core.package_identification:_identify(relbot_launch/relbot_launch) by extensions ['ros']
[0.223s] Level 1:colcon.colcon_core.package_identification:_identify(relbot_launch/relbot_launch) by extension 'ros'
[0.224s] DEBUG:colcon.colcon_core.package_identification:Package 'relbot_launch/relbot_launch' with type 'ros.ament_cmake' and name 'relbot_launch'
[0.224s] Level 1:colcon.colcon_core.package_identification:_identify(relbot_msgs) by extensions ['ignore', 'ignore_ament_install']
[0.224s] Level 1:colcon.colcon_core.package_identification:_identify(relbot_msgs) by extension 'ignore'
[0.224s] Level 1:colcon.colcon_core.package_identification:_identify(relbot_msgs) by extension 'ignore_ament_install'
[0.224s] Level 1:colcon.colcon_core.package_identification:_identify(relbot_msgs) by extensions ['colcon_pkg']
[0.224s] Level 1:colcon.colcon_core.package_identification:_identify(relbot_msgs) by extension 'colcon_pkg'
[0.224s] Level 1:colcon.colcon_core.package_identification:_identify(relbot_msgs) by extensions ['colcon_meta']
[0.224s] Level 1:colcon.colcon_core.package_identification:_identify(relbot_msgs) by extension 'colcon_meta'
[0.224s] Level 1:colcon.colcon_core.package_identification:_identify(relbot_msgs) by extensions ['ros']
[0.224s] Level 1:colcon.colcon_core.package_identification:_identify(relbot_msgs) by extension 'ros'
[0.224s] DEBUG:colcon.colcon_core.package_identification:Package 'relbot_msgs' with type 'ros.ament_cmake' and name 'relbot_msgs'
[0.225s] Level 1:colcon.colcon_core.package_identification:_identify(relbot_sequence_controller) by extensions ['ignore', 'ignore_ament_install']
[0.225s] Level 1:colcon.colcon_core.package_identification:_identify(relbot_sequence_controller) by extension 'ignore'
[0.225s] Level 1:colcon.colcon_core.package_identification:_identify(relbot_sequence_controller) by extension 'ignore_ament_install'
[0.225s] Level 1:colcon.colcon_core.package_identification:_identify(relbot_sequence_controller) by extensions ['colcon_pkg']
[0.225s] Level 1:colcon.colcon_core.package_identification:_identify(relbot_sequence_controller) by extension 'colcon_pkg'
[0.225s] Level 1:colcon.colcon_core.package_identification:_identify(relbot_sequence_controller) by extensions ['colcon_meta']
[0.225s] Level 1:colcon.colcon_core.package_identification:_identify(relbot_sequence_controller) by extension 'colcon_meta'
[0.225s] Level 1:colcon.colcon_core.package_identification:_identify(relbot_sequence_controller) by extensions ['ros']
[0.225s] Level 1:colcon.colcon_core.package_identification:_identify(relbot_sequence_controller) by extension 'ros'
[0.225s] Level 1:colcon.colcon_core.package_identification:_identify(relbot_sequence_controller) by extensions ['cmake', 'python']
[0.225s] Level 1:colcon.colcon_core.package_identification:_identify(relbot_sequence_controller) by extension 'cmake'
[0.225s] Level 1:colcon.colcon_core.package_identification:_identify(relbot_sequence_controller) by extension 'python'
[0.225s] Level 1:colcon.colcon_core.package_identification:_identify(relbot_sequence_controller) by extensions ['python_setup_py']
[0.225s] Level 1:colcon.colcon_core.package_identification:_identify(relbot_sequence_controller) by extension 'python_setup_py'
[0.225s] Level 1:colcon.colcon_core.package_identification:_identify(relbot_sequence_controller/__MACOSX) by extensions ['ignore', 'ignore_ament_install']
[0.225s] Level 1:colcon.colcon_core.package_identification:_identify(relbot_sequence_controller/__MACOSX) by extension 'ignore'
[0.225s] Level 1:colcon.colcon_core.package_identification:_identify(relbot_sequence_controller/__MACOSX) by extension 'ignore_ament_install'
[0.225s] Level 1:colcon.colcon_core.package_identification:_identify(relbot_sequence_controller/__MACOSX) by extensions ['colcon_pkg']
[0.225s] Level 1:colcon.colcon_core.package_identification:_identify(relbot_sequence_controller/__MACOSX) by extension 'colcon_pkg'
[0.225s] Level 1:colcon.colcon_core.package_identification:_identify(relbot_sequence_controller/__MACOSX) by extensions ['colcon_meta']
[0.225s] Level 1:colcon.colcon_core.package_identification:_identify(relbot_sequence_controller/__MACOSX) by extension 'colcon_meta'
[0.225s] Level 1:colcon.colcon_core.package_identification:_identify(relbot_sequence_controller/__MACOSX) by extensions ['ros']
[0.225s] Level 1:colcon.colcon_core.package_identification:_identify(relbot_sequence_controller/__MACOSX) by extension 'ros'
[0.225s] Level 1:colcon.colcon_core.package_identification:_identify(relbot_sequence_controller/__MACOSX) by extensions ['cmake', 'python']
[0.225s] Level 1:colcon.colcon_core.package_identification:_identify(relbot_sequence_controller/__MACOSX) by extension 'cmake'
[0.225s] Level 1:colcon.colcon_core.package_identification:_identify(relbot_sequence_controller/__MACOSX) by extension 'python'
[0.225s] Level 1:colcon.colcon_core.package_identification:_identify(relbot_sequence_controller/__MACOSX) by extensions ['python_setup_py']
[0.225s] Level 1:colcon.colcon_core.package_identification:_identify(relbot_sequence_controller/__MACOSX) by extension 'python_setup_py'
[0.226s] Level 1:colcon.colcon_core.package_identification:_identify(relbot_sequence_controller/__MACOSX/relbot_sequence_controller) by extensions ['ignore', 'ignore_ament_install']
[0.226s] Level 1:colcon.colcon_core.package_identification:_identify(relbot_sequence_controller/__MACOSX/relbot_sequence_controller) by extension 'ignore'
[0.226s] Level 1:colcon.colcon_core.package_identification:_identify(relbot_sequence_controller/__MACOSX/relbot_sequence_controller) by extension 'ignore_ament_install'
[0.226s] Level 1:colcon.colcon_core.package_identification:_identify(relbot_sequence_controller/__MACOSX/relbot_sequence_controller) by extensions ['colcon_pkg']
[0.226s] Level 1:colcon.colcon_core.package_identification:_identify(relbot_sequence_controller/__MACOSX/relbot_sequence_controller) by extension 'colcon_pkg'
[0.226s] Level 1:colcon.colcon_core.package_identification:_identify(relbot_sequence_controller/__MACOSX/relbot_sequence_controller) by extensions ['colcon_meta']
[0.226s] Level 1:colcon.colcon_core.package_identification:_identify(relbot_sequence_controller/__MACOSX/relbot_sequence_controller) by extension 'colcon_meta'
[0.226s] Level 1:colcon.colcon_core.package_identification:_identify(relbot_sequence_controller/__MACOSX/relbot_sequence_controller) by extensions ['ros']
[0.226s] Level 1:colcon.colcon_core.package_identification:_identify(relbot_sequence_controller/__MACOSX/relbot_sequence_controller) by extension 'ros'
[0.226s] Level 1:colcon.colcon_core.package_identification:_identify(relbot_sequence_controller/__MACOSX/relbot_sequence_controller) by extensions ['cmake', 'python']
[0.226s] Level 1:colcon.colcon_core.package_identification:_identify(relbot_sequence_controller/__MACOSX/relbot_sequence_controller) by extension 'cmake'
[0.226s] Level 1:colcon.colcon_core.package_identification:_identify(relbot_sequence_controller/__MACOSX/relbot_sequence_controller) by extension 'python'
[0.226s] Level 1:colcon.colcon_core.package_identification:_identify(relbot_sequence_controller/__MACOSX/relbot_sequence_controller) by extensions ['python_setup_py']
[0.226s] Level 1:colcon.colcon_core.package_identification:_identify(relbot_sequence_controller/__MACOSX/relbot_sequence_controller) by extension 'python_setup_py'
[0.226s] Level 1:colcon.colcon_core.package_identification:_identify(relbot_sequence_controller/__MACOSX/relbot_sequence_controller/include) by extensions ['ignore', 'ignore_ament_install']
[0.226s] Level 1:colcon.colcon_core.package_identification:_identify(relbot_sequence_controller/__MACOSX/relbot_sequence_controller/include) by extension 'ignore'
[0.226s] Level 1:colcon.colcon_core.package_identification:_identify(relbot_sequence_controller/__MACOSX/relbot_sequence_controller/include) by extension 'ignore_ament_install'
[0.226s] Level 1:colcon.colcon_core.package_identification:_identify(relbot_sequence_controller/__MACOSX/relbot_sequence_controller/include) by extensions ['colcon_pkg']
[0.226s] Level 1:colcon.colcon_core.package_identification:_identify(relbot_sequence_controller/__MACOSX/relbot_sequence_controller/include) by extension 'colcon_pkg'
[0.226s] Level 1:colcon.colcon_core.package_identification:_identify(relbot_sequence_controller/__MACOSX/relbot_sequence_controller/include) by extensions ['colcon_meta']
[0.226s] Level 1:colcon.colcon_core.package_identification:_identify(relbot_sequence_controller/__MACOSX/relbot_sequence_controller/include) by extension 'colcon_meta'
[0.226s] Level 1:colcon.colcon_core.package_identification:_identify(relbot_sequence_controller/__MACOSX/relbot_sequence_controller/include) by extensions ['ros']
[0.226s] Level 1:colcon.colcon_core.package_identification:_identify(relbot_sequence_controller/__MACOSX/relbot_sequence_controller/include) by extension 'ros'
[0.226s] Level 1:colcon.colcon_core.package_identification:_identify(relbot_sequence_controller/__MACOSX/relbot_sequence_controller/include) by extensions ['cmake', 'python']
[0.226s] Level 1:colcon.colcon_core.package_identification:_identify(relbot_sequence_controller/__MACOSX/relbot_sequence_controller/include) by extension 'cmake'
[0.226s] Level 1:colcon.colcon_core.package_identification:_identify(relbot_sequence_controller/__MACOSX/relbot_sequence_controller/include) by extension 'python'
[0.226s] Level 1:colcon.colcon_core.package_identification:_identify(relbot_sequence_controller/__MACOSX/relbot_sequence_controller/include) by extensions ['python_setup_py']
[0.226s] Level 1:colcon.colcon_core.package_identification:_identify(relbot_sequence_controller/__MACOSX/relbot_sequence_controller/include) by extension 'python_setup_py'
[0.226s] Level 1:colcon.colcon_core.package_identification:_identify(relbot_sequence_controller/relbot_sequence_controller) by extensions ['ignore', 'ignore_ament_install']
[0.227s] Level 1:colcon.colcon_core.package_identification:_identify(relbot_sequence_controller/relbot_sequence_controller) by extension 'ignore'
[0.227s] Level 1:colcon.colcon_core.package_identification:_identify(relbot_sequence_controller/relbot_sequence_controller) by extension 'ignore_ament_install'
[0.227s] Level 1:colcon.colcon_core.package_identification:_identify(relbot_sequence_controller/relbot_sequence_controller) by extensions ['colcon_pkg']
[0.227s] Level 1:colcon.colcon_core.package_identification:_identify(relbot_sequence_controller/relbot_sequence_controller) by extension 'colcon_pkg'
[0.227s] Level 1:colcon.colcon_core.package_identification:_identify(relbot_sequence_controller/relbot_sequence_controller) by extensions ['colcon_meta']
[0.227s] Level 1:colcon.colcon_core.package_identification:_identify(relbot_sequence_controller/relbot_sequence_controller) by extension 'colcon_meta'
[0.227s] Level 1:colcon.colcon_core.package_identification:_identify(relbot_sequence_controller/relbot_sequence_controller) by extensions ['ros']
[0.227s] Level 1:colcon.colcon_core.package_identification:_identify(relbot_sequence_controller/relbot_sequence_controller) by extension 'ros'
[0.227s] DEBUG:colcon.colcon_core.package_identification:Package 'relbot_sequence_controller/relbot_sequence_controller' with type 'ros.ament_cmake' and name 'relbot_sequence_controller'
[0.227s] Level 1:colcon.colcon_core.package_identification:_identify(relbot_simulator) by extensions ['ignore', 'ignore_ament_install']
[0.227s] Level 1:colcon.colcon_core.package_identification:_identify(relbot_simulator) by extension 'ignore'
[0.227s] Level 1:colcon.colcon_core.package_identification:_identify(relbot_simulator) by extension 'ignore_ament_install'
[0.227s] Level 1:colcon.colcon_core.package_identification:_identify(relbot_simulator) by extensions ['colcon_pkg']
[0.227s] Level 1:colcon.colcon_core.package_identification:_identify(relbot_simulator) by extension 'colcon_pkg'
[0.227s] Level 1:colcon.colcon_core.package_identification:_identify(relbot_simulator) by extensions ['colcon_meta']
[0.227s] Level 1:colcon.colcon_core.package_identification:_identify(relbot_simulator) by extension 'colcon_meta'
[0.228s] Level 1:colcon.colcon_core.package_identification:_identify(relbot_simulator) by extensions ['ros']
[0.228s] Level 1:colcon.colcon_core.package_identification:_identify(relbot_simulator) by extension 'ros'
[0.228s] DEBUG:colcon.colcon_core.package_identification:Package 'relbot_simulator' with type 'ros.ament_cmake' and name 'relbot_simulator'
[0.228s] Level 1:colcon.colcon_core.package_discovery:discover_packages(recursive) using defaults
[0.228s] Level 1:colcon.colcon_core.package_discovery:discover_packages(ignore) discover
[0.228s] Level 1:colcon.colcon_core.package_discovery:discover_packages(ignore) using defaults
[0.228s] Level 1:colcon.colcon_core.package_discovery:discover_packages(path) discover
[0.228s] Level 1:colcon.colcon_core.package_discovery:discover_packages(path) using defaults
[0.252s] Level 1:colcon.colcon_core.package_discovery:discover_packages(prefix_path) check parameters
[0.252s] Level 1:colcon.colcon_core.package_discovery:discover_packages(prefix_path) discover
[0.253s] DEBUG:colcon.colcon_installed_package_information.package_discovery:Found 6 installed packages in /home/raghav742/SDfR/Assignments/assignment5/ros2_ws/src/install
[0.254s] DEBUG:colcon.colcon_installed_package_information.package_discovery:Found 6 installed packages in /home/raghav742/SDfR/Relbot_ws/install
[0.255s] DEBUG:colcon.colcon_installed_package_information.package_discovery:Found 324 installed packages in /opt/ros/humble
[0.256s] Level 1:colcon.colcon_core.package_discovery:discover_packages(prefix_path) using defaults
[0.290s] Level 5:colcon.colcon_core.verb:set package 'relbot2turtlesim' build argument 'cmake_args' from command line to 'None'
[0.290s] Level 5:colcon.colcon_core.verb:set package 'relbot2turtlesim' build argument 'cmake_target' from command line to 'None'
[0.290s] Level 5:colcon.colcon_core.verb:set package 'relbot2turtlesim' build argument 'cmake_target_skip_unavailable' from command line to 'False'
[0.290s] Level 5:colcon.colcon_core.verb:set package 'relbot2turtlesim' build argument 'cmake_clean_cache' from command line to 'False'
[0.290s] Level 5:colcon.colcon_core.verb:set package 'relbot2turtlesim' build argument 'cmake_clean_first' from command line to 'False'
[0.290s] Level 5:colcon.colcon_core.verb:set package 'relbot2turtlesim' build argument 'cmake_force_configure' from command line to 'False'
[0.290s] Level 5:colcon.colcon_core.verb:set package 'relbot2turtlesim' build argument 'ament_cmake_args' from command line to 'None'
[0.290s] Level 5:colcon.colcon_core.verb:set package 'relbot2turtlesim' build argument 'catkin_cmake_args' from command line to 'None'
[0.290s] Level 5:colcon.colcon_core.verb:set package 'relbot2turtlesim' build argument 'catkin_skip_building_tests' from command line to 'False'
[0.290s] DEBUG:colcon.colcon_core.verb:Building package 'relbot2turtlesim' with the following arguments: {'ament_cmake_args': None, 'build_base': '/home/raghav742/SDfR/Assignments/assignment5/ros2_ws/src/build/relbot2turtlesim', 'catkin_cmake_args': None, 'catkin_skip_building_tests': False, 'cmake_args': None, 'cmake_clean_cache': False, 'cmake_clean_first': False, 'cmake_force_configure': False, 'cmake_target': None, 'cmake_target_skip_unavailable': False, 'install_base': '/home/raghav742/SDfR/Assignments/assignment5/ros2_ws/src/install/relbot2turtlesim', 'merge_install': False, 'path': '/home/raghav742/SDfR/Assignments/assignment5/ros2_ws/src/relbot2turtlesim/relbot2turtlesim', 'symlink_install': False, 'test_result_base': None}
[0.290s] Level 5:colcon.colcon_core.verb:set package 'relbot_adapter' build argument 'cmake_args' from command line to 'None'
[0.290s] Level 5:colcon.colcon_core.verb:set package 'relbot_adapter' build argument 'cmake_target' from command line to 'None'
[0.290s] Level 5:colcon.colcon_core.verb:set package 'relbot_adapter' build argument 'cmake_target_skip_unavailable' from command line to 'False'
[0.290s] Level 5:colcon.colcon_core.verb:set package 'relbot_adapter' build argument 'cmake_clean_cache' from command line to 'False'
[0.290s] Level 5:colcon.colcon_core.verb:set package 'relbot_adapter' build argument 'cmake_clean_first' from command line to 'False'
[0.290s] Level 5:colcon.colcon_core.verb:set package 'relbot_adapter' build argument 'cmake_force_configure' from command line to 'False'
[0.290s] Level 5:colcon.colcon_core.verb:set package 'relbot_adapter' build argument 'ament_cmake_args' from command line to 'None'
[0.291s] Level 5:colcon.colcon_core.verb:set package 'relbot_adapter' build argument 'catkin_cmake_args' from command line to 'None'
[0.291s] Level 5:colcon.colcon_core.verb:set package 'relbot_adapter' build argument 'catkin_skip_building_tests' from command line to 'False'
[0.291s] DEBUG:colcon.colcon_core.verb:Building package 'relbot_adapter' with the following arguments: {'ament_cmake_args': None, 'build_base': '/home/raghav742/SDfR/Assignments/assignment5/ros2_ws/src/build/relbot_adapter', 'catkin_cmake_args': None, 'catkin_skip_building_tests': False, 'cmake_args': None, 'cmake_clean_cache': False, 'cmake_clean_first': False, 'cmake_force_configure': False, 'cmake_target': None, 'cmake_target_skip_unavailable': False, 'install_base': '/home/raghav742/SDfR/Assignments/assignment5/ros2_ws/src/install/relbot_adapter', 'merge_install': False, 'path': '/home/raghav742/SDfR/Assignments/assignment5/ros2_ws/src/relbot_adapter', 'symlink_install': False, 'test_result_base': None}
[0.291s] Level 5:colcon.colcon_core.verb:set package 'relbot_launch' build argument 'cmake_args' from command line to 'None'
[0.291s] Level 5:colcon.colcon_core.verb:set package 'relbot_launch' build argument 'cmake_target' from command line to 'None'
[0.291s] Level 5:colcon.colcon_core.verb:set package 'relbot_launch' build argument 'cmake_target_skip_unavailable' from command line to 'False'
[0.291s] Level 5:colcon.colcon_core.verb:set package 'relbot_launch' build argument 'cmake_clean_cache' from command line to 'False'
[0.291s] Level 5:colcon.colcon_core.verb:set package 'relbot_launch' build argument 'cmake_clean_first' from command line to 'False'
[0.291s] Level 5:colcon.colcon_core.verb:set package 'relbot_launch' build argument 'cmake_force_configure' from command line to 'False'
[0.291s] Level 5:colcon.colcon_core.verb:set package 'relbot_launch' build argument 'ament_cmake_args' from command line to 'None'
[0.291s] Level 5:colcon.colcon_core.verb:set package 'relbot_launch' build argument 'catkin_cmake_args' from command line to 'None'
[0.291s] Level 5:colcon.colcon_core.verb:set package 'relbot_launch' build argument 'catkin_skip_building_tests' from command line to 'False'
[0.291s] DEBUG:colcon.colcon_core.verb:Building package 'relbot_launch' with the following arguments: {'ament_cmake_args': None, 'build_base': '/home/raghav742/SDfR/Assignments/assignment5/ros2_ws/src/build/relbot_launch', 'catkin_cmake_args': None, 'catkin_skip_building_tests': False, 'cmake_args': None, 'cmake_clean_cache': False, 'cmake_clean_first': False, 'cmake_force_configure': False, 'cmake_target': None, 'cmake_target_skip_unavailable': False, 'install_base': '/home/raghav742/SDfR/Assignments/assignment5/ros2_ws/src/install/relbot_launch', 'merge_install': False, 'path': '/home/raghav742/SDfR/Assignments/assignment5/ros2_ws/src/relbot_launch/relbot_launch', 'symlink_install': False, 'test_result_base': None}
[0.291s] Level 5:colcon.colcon_core.verb:set package 'relbot_msgs' build argument 'cmake_args' from command line to 'None'
[0.291s] Level 5:colcon.colcon_core.verb:set package 'relbot_msgs' build argument 'cmake_target' from command line to 'None'
[0.291s] Level 5:colcon.colcon_core.verb:set package 'relbot_msgs' build argument 'cmake_target_skip_unavailable' from command line to 'False'
[0.291s] Level 5:colcon.colcon_core.verb:set package 'relbot_msgs' build argument 'cmake_clean_cache' from command line to 'False'
[0.291s] Level 5:colcon.colcon_core.verb:set package 'relbot_msgs' build argument 'cmake_clean_first' from command line to 'False'
[0.291s] Level 5:colcon.colcon_core.verb:set package 'relbot_msgs' build argument 'cmake_force_configure' from command line to 'False'
[0.291s] Level 5:colcon.colcon_core.verb:set package 'relbot_msgs' build argument 'ament_cmake_args' from command line to 'None'
[0.291s] Level 5:colcon.colcon_core.verb:set package 'relbot_msgs' build argument 'catkin_cmake_args' from command line to 'None'
[0.291s] Level 5:colcon.colcon_core.verb:set package 'relbot_msgs' build argument 'catkin_skip_building_tests' from command line to 'False'
[0.291s] DEBUG:colcon.colcon_core.verb:Building package 'relbot_msgs' with the following arguments: {'ament_cmake_args': None, 'build_base': '/home/raghav742/SDfR/Assignments/assignment5/ros2_ws/src/build/relbot_msgs', 'catkin_cmake_args': None, 'catkin_skip_building_tests': False, 'cmake_args': None, 'cmake_clean_cache': False, 'cmake_clean_first': False, 'cmake_force_configure': False, 'cmake_target': None, 'cmake_target_skip_unavailable': False, 'install_base': '/home/raghav742/SDfR/Assignments/assignment5/ros2_ws/src/install/relbot_msgs', 'merge_install': False, 'path': '/home/raghav742/SDfR/Assignments/assignment5/ros2_ws/src/relbot_msgs', 'symlink_install': False, 'test_result_base': None}
[0.292s] Level 5:colcon.colcon_core.verb:set package 'relbot_sequence_controller' build argument 'cmake_args' from command line to 'None'
[0.292s] Level 5:colcon.colcon_core.verb:set package 'relbot_sequence_controller' build argument 'cmake_target' from command line to 'None'
[0.292s] Level 5:colcon.colcon_core.verb:set package 'relbot_sequence_controller' build argument 'cmake_target_skip_unavailable' from command line to 'False'
[0.292s] Level 5:colcon.colcon_core.verb:set package 'relbot_sequence_controller' build argument 'cmake_clean_cache' from command line to 'False'
[0.292s] Level 5:colcon.colcon_core.verb:set package 'relbot_sequence_controller' build argument 'cmake_clean_first' from command line to 'False'
[0.292s] Level 5:colcon.colcon_core.verb:set package 'relbot_sequence_controller' build argument 'cmake_force_configure' from command line to 'False'
[0.292s] Level 5:colcon.colcon_core.verb:set package 'relbot_sequence_controller' build argument 'ament_cmake_args' from command line to 'None'
[0.292s] Level 5:colcon.colcon_core.verb:set package 'relbot_sequence_controller' build argument 'catkin_cmake_args' from command line to 'None'
[0.292s] Level 5:colcon.colcon_core.verb:set package 'relbot_sequence_controller' build argument 'catkin_skip_building_tests' from command line to 'False'
[0.292s] DEBUG:colcon.colcon_core.verb:Building package 'relbot_sequence_controller' with the following arguments: {'ament_cmake_args': None, 'build_base': '/home/raghav742/SDfR/Assignments/assignment5/ros2_ws/src/build/relbot_sequence_controller', 'catkin_cmake_args': None, 'catkin_skip_building_tests': False, 'cmake_args': None, 'cmake_clean_cache': False, 'cmake_clean_first': False, 'cmake_force_configure': False, 'cmake_target': None, 'cmake_target_skip_unavailable': False, 'install_base': '/home/raghav742/SDfR/Assignments/assignment5/ros2_ws/src/install/relbot_sequence_controller', 'merge_install': False, 'path': '/home/raghav742/SDfR/Assignments/assignment5/ros2_ws/src/relbot_sequence_controller/relbot_sequence_controller', 'symlink_install': False, 'test_result_base': None}
[0.292s] Level 5:colcon.colcon_core.verb:set package 'relbot_simulator' build argument 'cmake_args' from command line to 'None'
[0.292s] Level 5:colcon.colcon_core.verb:set package 'relbot_simulator' build argument 'cmake_target' from command line to 'None'
[0.292s] Level 5:colcon.colcon_core.verb:set package 'relbot_simulator' build argument 'cmake_target_skip_unavailable' from command line to 'False'
[0.292s] Level 5:colcon.colcon_core.verb:set package 'relbot_simulator' build argument 'cmake_clean_cache' from command line to 'False'
[0.292s] Level 5:colcon.colcon_core.verb:set package 'relbot_simulator' build argument 'cmake_clean_first' from command line to 'False'
[0.292s] Level 5:colcon.colcon_core.verb:set package 'relbot_simulator' build argument 'cmake_force_configure' from command line to 'False'
[0.292s] Level 5:colcon.colcon_core.verb:set package 'relbot_simulator' build argument 'ament_cmake_args' from command line to 'None'
[0.292s] Level 5:colcon.colcon_core.verb:set package 'relbot_simulator' build argument 'catkin_cmake_args' from command line to 'None'
[0.292s] Level 5:colcon.colcon_core.verb:set package 'relbot_simulator' build argument 'catkin_skip_building_tests' from command line to 'False'
[0.292s] DEBUG:colcon.colcon_core.verb:Building package 'relbot_simulator' with the following arguments: {'ament_cmake_args': None, 'build_base': '/home/raghav742/SDfR/Assignments/assignment5/ros2_ws/src/build/relbot_simulator', 'catkin_cmake_args': None, 'catkin_skip_building_tests': False, 'cmake_args': None, 'cmake_clean_cache': False, 'cmake_clean_first': False, 'cmake_force_configure': False, 'cmake_target': None, 'cmake_target_skip_unavailable': False, 'install_base': '/home/raghav742/SDfR/Assignments/assignment5/ros2_ws/src/install/relbot_simulator', 'merge_install': False, 'path': '/home/raghav742/SDfR/Assignments/assignment5/ros2_ws/src/relbot_simulator', 'symlink_install': False, 'test_result_base': None}
[0.292s] INFO:colcon.colcon_core.executor:Executing jobs using 'parallel' executor
[0.293s] DEBUG:colcon.colcon_parallel_executor.executor.parallel:run_until_complete
[0.293s] INFO:colcon.colcon_ros.task.ament_cmake.build:Building ROS package in '/home/raghav742/SDfR/Assignments/assignment5/ros2_ws/src/relbot_msgs' with build type 'ament_cmake'
[0.294s] INFO:colcon.colcon_cmake.task.cmake.build:Building CMake package in '/home/raghav742/SDfR/Assignments/assignment5/ros2_ws/src/relbot_msgs'
[0.295s] INFO:colcon.colcon_core.plugin_system:Skipping extension 'colcon_core.shell.bat': Not used on non-Windows systems
[0.295s] INFO:colcon.colcon_core.shell:Skip shell extension 'powershell' for command environment: Not usable outside of PowerShell
[0.296s] DEBUG:colcon.colcon_core.shell:Skip shell extension 'dsv' for command environment
[0.299s] INFO:colcon.colcon_ros.task.ament_cmake.build:Building ROS package in '/home/raghav742/SDfR/Assignments/assignment5/ros2_ws/src/relbot2turtlesim/relbot2turtlesim' with build type 'ament_cmake'
[0.299s] INFO:colcon.colcon_cmake.task.cmake.build:Building CMake package in '/home/raghav742/SDfR/Assignments/assignment5/ros2_ws/src/relbot2turtlesim/relbot2turtlesim'
[0.299s] INFO:colcon.colcon_core.shell:Skip shell extension 'powershell' for command environment: Not usable outside of PowerShell
[0.299s] DEBUG:colcon.colcon_core.shell:Skip shell extension 'dsv' for command environment
[0.302s] INFO:colcon.colcon_ros.task.ament_cmake.build:Building ROS package in '/home/raghav742/SDfR/Assignments/assignment5/ros2_ws/src/relbot_adapter' with build type 'ament_cmake'
[0.302s] INFO:colcon.colcon_cmake.task.cmake.build:Building CMake package in '/home/raghav742/SDfR/Assignments/assignment5/ros2_ws/src/relbot_adapter'
[0.302s] INFO:colcon.colcon_core.shell:Skip shell extension 'powershell' for command environment: Not usable outside of PowerShell
[0.302s] DEBUG:colcon.colcon_core.shell:Skip shell extension 'dsv' for command environment
[0.305s] INFO:colcon.colcon_ros.task.ament_cmake.build:Building ROS package in '/home/raghav742/SDfR/Assignments/assignment5/ros2_ws/src/relbot_launch/relbot_launch' with build type 'ament_cmake'
[0.305s] INFO:colcon.colcon_cmake.task.cmake.build:Building CMake package in '/home/raghav742/SDfR/Assignments/assignment5/ros2_ws/src/relbot_launch/relbot_launch'
[0.305s] INFO:colcon.colcon_core.shell:Skip shell extension 'powershell' for command environment: Not usable outside of PowerShell
[0.305s] DEBUG:colcon.colcon_core.shell:Skip shell extension 'dsv' for command environment
[0.308s] INFO:colcon.colcon_ros.task.ament_cmake.build:Building ROS package in '/home/raghav742/SDfR/Assignments/assignment5/ros2_ws/src/relbot_sequence_controller/relbot_sequence_controller' with build type 'ament_cmake'
[0.308s] INFO:colcon.colcon_cmake.task.cmake.build:Building CMake package in '/home/raghav742/SDfR/Assignments/assignment5/ros2_ws/src/relbot_sequence_controller/relbot_sequence_controller'
[0.308s] INFO:colcon.colcon_core.shell:Skip shell extension 'powershell' for command environment: Not usable outside of PowerShell
[0.308s] DEBUG:colcon.colcon_core.shell:Skip shell extension 'dsv' for command environment
[0.315s] DEBUG:colcon.colcon_core.event_handler.log_command:Invoking command in '/home/raghav742/SDfR/Assignments/assignment5/ros2_ws/src/build/relbot_msgs': CMAKE_PREFIX_PATH=${CMAKE_PREFIX_PATH}:/opt/ros/humble /usr/bin/cmake --build /home/raghav742/SDfR/Assignments/assignment5/ros2_ws/src/build/relbot_msgs -- -j8 -l8
[0.316s] DEBUG:colcon.colcon_core.event_handler.log_command:Invoking command in '/home/raghav742/SDfR/Assignments/assignment5/ros2_ws/src/build/relbot2turtlesim': CMAKE_PREFIX_PATH=${CMAKE_PREFIX_PATH}:/opt/ros/humble /usr/bin/cmake --build /home/raghav742/SDfR/Assignments/assignment5/ros2_ws/src/build/relbot2turtlesim -- -j8 -l8
[0.318s] DEBUG:colcon.colcon_core.event_handler.log_command:Invoking command in '/home/raghav742/SDfR/Assignments/assignment5/ros2_ws/src/build/relbot_adapter': CMAKE_PREFIX_PATH=${CMAKE_PREFIX_PATH}:/opt/ros/humble /usr/bin/cmake --build /home/raghav742/SDfR/Assignments/assignment5/ros2_ws/src/build/relbot_adapter -- -j8 -l8
[0.321s] DEBUG:colcon.colcon_core.event_handler.log_command:Invoking command in '/home/raghav742/SDfR/Assignments/assignment5/ros2_ws/src/build/relbot_launch': CMAKE_PREFIX_PATH=${CMAKE_PREFIX_PATH}:/opt/ros/humble /usr/bin/cmake --build /home/raghav742/SDfR/Assignments/assignment5/ros2_ws/src/build/relbot_launch -- -j8 -l8
[0.325s] DEBUG:colcon.colcon_core.event_handler.log_command:Invoking command in '/home/raghav742/SDfR/Assignments/assignment5/ros2_ws/src/build/relbot_sequence_controller': CMAKE_PREFIX_PATH=${CMAKE_PREFIX_PATH}:/opt/ros/humble /usr/bin/cmake --build /home/raghav742/SDfR/Assignments/assignment5/ros2_ws/src/build/relbot_sequence_controller -- -j8 -l8
[0.354s] DEBUG:colcon.colcon_core.event_handler.log_command:Invoked command in '/home/raghav742/SDfR/Assignments/assignment5/ros2_ws/src/build/relbot_launch' returned '0': CMAKE_PREFIX_PATH=${CMAKE_PREFIX_PATH}:/opt/ros/humble /usr/bin/cmake --build /home/raghav742/SDfR/Assignments/assignment5/ros2_ws/src/build/relbot_launch -- -j8 -l8
[0.364s] DEBUG:colcon.colcon_core.event_handler.log_command:Invoking command in '/home/raghav742/SDfR/Assignments/assignment5/ros2_ws/src/build/relbot_launch': CMAKE_PREFIX_PATH=${CMAKE_PREFIX_PATH}:/opt/ros/humble /usr/bin/cmake --install /home/raghav742/SDfR/Assignments/assignment5/ros2_ws/src/build/relbot_launch
[0.372s] DEBUG:colcon.colcon_core.event_handler.log_command:Invoked command in '/home/raghav742/SDfR/Assignments/assignment5/ros2_ws/src/build/relbot2turtlesim' returned '0': CMAKE_PREFIX_PATH=${CMAKE_PREFIX_PATH}:/opt/ros/humble /usr/bin/cmake --build /home/raghav742/SDfR/Assignments/assignment5/ros2_ws/src/build/relbot2turtlesim -- -j8 -l8
[0.376s] DEBUG:colcon.colcon_core.event_handler.log_command:Invoking command in '/home/raghav742/SDfR/Assignments/assignment5/ros2_ws/src/build/relbot2turtlesim': CMAKE_PREFIX_PATH=${CMAKE_PREFIX_PATH}:/opt/ros/humble /usr/bin/cmake --install /home/raghav742/SDfR/Assignments/assignment5/ros2_ws/src/build/relbot2turtlesim
[0.379s] Level 1:colcon.colcon_core.environment:create_environment_scripts_only(relbot_launch)
[0.383s] Level 1:colcon.colcon_core.environment:checking '/home/raghav742/SDfR/Assignments/assignment5/ros2_ws/src/install/relbot_launch' for CMake module files
[0.383s] Level 1:colcon.colcon_core.environment:checking '/home/raghav742/SDfR/Assignments/assignment5/ros2_ws/src/install/relbot_launch' for CMake config files
[0.384s] Level 1:colcon.colcon_core.shell:create_environment_hook('relbot_launch', 'cmake_prefix_path')
[0.384s] INFO:colcon.colcon_core.shell:Creating environment hook '/home/raghav742/SDfR/Assignments/assignment5/ros2_ws/src/install/relbot_launch/share/relbot_launch/hook/cmake_prefix_path.ps1'
[0.385s] INFO:colcon.colcon_core.shell:Creating environment descriptor '/home/raghav742/SDfR/Assignments/assignment5/ros2_ws/src/install/relbot_launch/share/relbot_launch/hook/cmake_prefix_path.dsv'
[0.386s] DEBUG:colcon.colcon_core.event_handler.log_command:Invoked command in '/home/raghav742/SDfR/Assignments/assignment5/ros2_ws/src/build/relbot_launch' returned '0': CMAKE_PREFIX_PATH=${CMAKE_PREFIX_PATH}:/opt/ros/humble /usr/bin/cmake --install /home/raghav742/SDfR/Assignments/assignment5/ros2_ws/src/build/relbot_launch
[0.387s] INFO:colcon.colcon_core.shell:Creating environment hook '/home/raghav742/SDfR/Assignments/assignment5/ros2_ws/src/install/relbot_launch/share/relbot_launch/hook/cmake_prefix_path.sh'
[0.390s] Level 1:colcon.colcon_core.environment:checking '/home/raghav742/SDfR/Assignments/assignment5/ros2_ws/src/install/relbot_launch/bin'
[0.390s] Level 1:colcon.colcon_core.environment:checking '/home/raghav742/SDfR/Assignments/assignment5/ros2_ws/src/install/relbot_launch/lib/pkgconfig/relbot_launch.pc'
[0.391s] Level 1:colcon.colcon_core.environment:checking '/home/raghav742/SDfR/Assignments/assignment5/ros2_ws/src/install/relbot_launch/lib/python3.10/site-packages'
[0.391s] Level 1:colcon.colcon_core.environment:checking '/home/raghav742/SDfR/Assignments/assignment5/ros2_ws/src/install/relbot_launch/bin'
[0.392s] INFO:colcon.colcon_core.shell:Creating package script '/home/raghav742/SDfR/Assignments/assignment5/ros2_ws/src/install/relbot_launch/share/relbot_launch/package.ps1'
[0.394s] INFO:colcon.colcon_core.shell:Creating package descriptor '/home/raghav742/SDfR/Assignments/assignment5/ros2_ws/src/install/relbot_launch/share/relbot_launch/package.dsv'
[0.394s] INFO:colcon.colcon_core.shell:Creating package script '/home/raghav742/SDfR/Assignments/assignment5/ros2_ws/src/install/relbot_launch/share/relbot_launch/package.sh'
[0.396s] INFO:colcon.colcon_core.shell:Creating package script '/home/raghav742/SDfR/Assignments/assignment5/ros2_ws/src/install/relbot_launch/share/relbot_launch/package.bash'
[0.397s] INFO:colcon.colcon_core.shell:Creating package script '/home/raghav742/SDfR/Assignments/assignment5/ros2_ws/src/install/relbot_launch/share/relbot_launch/package.zsh'
[0.398s] Level 1:colcon.colcon_core.environment:create_file_with_runtime_dependencies(/home/raghav742/SDfR/Assignments/assignment5/ros2_ws/src/install/relbot_launch/share/colcon-core/packages/relbot_launch)
[0.398s] Level 1:colcon.colcon_core.environment:create_environment_scripts_only(relbot_launch)
[0.398s] Level 1:colcon.colcon_core.environment:checking '/home/raghav742/SDfR/Assignments/assignment5/ros2_ws/src/install/relbot_launch' for CMake module files
[0.399s] Level 1:colcon.colcon_core.environment:checking '/home/raghav742/SDfR/Assignments/assignment5/ros2_ws/src/install/relbot_launch' for CMake config files
[0.399s] Level 1:colcon.colcon_core.shell:create_environment_hook('relbot_launch', 'cmake_prefix_path')
[0.399s] INFO:colcon.colcon_core.shell:Creating environment hook '/home/raghav742/SDfR/Assignments/assignment5/ros2_ws/src/install/relbot_launch/share/relbot_launch/hook/cmake_prefix_path.ps1'
[0.399s] INFO:colcon.colcon_core.shell:Creating environment descriptor '/home/raghav742/SDfR/Assignments/assignment5/ros2_ws/src/install/relbot_launch/share/relbot_launch/hook/cmake_prefix_path.dsv'
[0.400s] INFO:colcon.colcon_core.shell:Creating environment hook '/home/raghav742/SDfR/Assignments/assignment5/ros2_ws/src/install/relbot_launch/share/relbot_launch/hook/cmake_prefix_path.sh'
[0.400s] Level 1:colcon.colcon_core.environment:checking '/home/raghav742/SDfR/Assignments/assignment5/ros2_ws/src/install/relbot_launch/bin'
[0.400s] Level 1:colcon.colcon_core.environment:checking '/home/raghav742/SDfR/Assignments/assignment5/ros2_ws/src/install/relbot_launch/lib/pkgconfig/relbot_launch.pc'
[0.400s] Level 1:colcon.colcon_core.environment:checking '/home/raghav742/SDfR/Assignments/assignment5/ros2_ws/src/install/relbot_launch/lib/python3.10/site-packages'
[0.401s] Level 1:colcon.colcon_core.environment:checking '/home/raghav742/SDfR/Assignments/assignment5/ros2_ws/src/install/relbot_launch/bin'
[0.401s] INFO:colcon.colcon_core.shell:Creating package script '/home/raghav742/SDfR/Assignments/assignment5/ros2_ws/src/install/relbot_launch/share/relbot_launch/package.ps1'
[0.401s] INFO:colcon.colcon_core.shell:Creating package descriptor '/home/raghav742/SDfR/Assignments/assignment5/ros2_ws/src/install/relbot_launch/share/relbot_launch/package.dsv'
[0.402s] INFO:colcon.colcon_core.shell:Creating package script '/home/raghav742/SDfR/Assignments/assignment5/ros2_ws/src/install/relbot_launch/share/relbot_launch/package.sh'
[0.402s] INFO:colcon.colcon_core.shell:Creating package script '/home/raghav742/SDfR/Assignments/assignment5/ros2_ws/src/install/relbot_launch/share/relbot_launch/package.bash'
[0.403s] INFO:colcon.colcon_core.shell:Creating package script '/home/raghav742/SDfR/Assignments/assignment5/ros2_ws/src/install/relbot_launch/share/relbot_launch/package.zsh'
[0.403s] Level 1:colcon.colcon_core.environment:create_file_with_runtime_dependencies(/home/raghav742/SDfR/Assignments/assignment5/ros2_ws/src/install/relbot_launch/share/colcon-core/packages/relbot_launch)
[0.405s] DEBUG:colcon.colcon_core.event_handler.log_command:Invoked command in '/home/raghav742/SDfR/Assignments/assignment5/ros2_ws/src/build/relbot_adapter' returned '0': CMAKE_PREFIX_PATH=${CMAKE_PREFIX_PATH}:/opt/ros/humble /usr/bin/cmake --build /home/raghav742/SDfR/Assignments/assignment5/ros2_ws/src/build/relbot_adapter -- -j8 -l8
[0.406s] DEBUG:colcon.colcon_core.event_handler.log_command:Invoking command in '/home/raghav742/SDfR/Assignments/assignment5/ros2_ws/src/build/relbot_adapter': CMAKE_PREFIX_PATH=${CMAKE_PREFIX_PATH}:/opt/ros/humble /usr/bin/cmake --install /home/raghav742/SDfR/Assignments/assignment5/ros2_ws/src/build/relbot_adapter
[0.407s] Level 1:colcon.colcon_core.environment:create_environment_scripts_only(relbot2turtlesim)
[0.408s] Level 1:colcon.colcon_core.environment:checking '/home/raghav742/SDfR/Assignments/assignment5/ros2_ws/src/install/relbot2turtlesim' for CMake module files
[0.408s] DEBUG:colcon.colcon_core.event_handler.log_command:Invoked command in '/home/raghav742/SDfR/Assignments/assignment5/ros2_ws/src/build/relbot2turtlesim' returned '0': CMAKE_PREFIX_PATH=${CMAKE_PREFIX_PATH}:/opt/ros/humble /usr/bin/cmake --install /home/raghav742/SDfR/Assignments/assignment5/ros2_ws/src/build/relbot2turtlesim
[0.408s] Level 1:colcon.colcon_core.environment:checking '/home/raghav742/SDfR/Assignments/assignment5/ros2_ws/src/install/relbot2turtlesim' for CMake config files
[0.409s] Level 1:colcon.colcon_core.shell:create_environment_hook('relbot2turtlesim', 'cmake_prefix_path')
[0.409s] INFO:colcon.colcon_core.shell:Creating environment hook '/home/raghav742/SDfR/Assignments/assignment5/ros2_ws/src/install/relbot2turtlesim/share/relbot2turtlesim/hook/cmake_prefix_path.ps1'
[0.410s] INFO:colcon.colcon_core.shell:Creating environment descriptor '/home/raghav742/SDfR/Assignments/assignment5/ros2_ws/src/install/relbot2turtlesim/share/relbot2turtlesim/hook/cmake_prefix_path.dsv'
[0.410s] INFO:colcon.colcon_core.shell:Creating environment hook '/home/raghav742/SDfR/Assignments/assignment5/ros2_ws/src/install/relbot2turtlesim/share/relbot2turtlesim/hook/cmake_prefix_path.sh'
[0.411s] Level 1:colcon.colcon_core.environment:checking '/home/raghav742/SDfR/Assignments/assignment5/ros2_ws/src/install/relbot2turtlesim/lib'
[0.411s] Level 1:colcon.colcon_core.environment:checking '/home/raghav742/SDfR/Assignments/assignment5/ros2_ws/src/install/relbot2turtlesim/bin'
[0.411s] Level 1:colcon.colcon_core.environment:checking '/home/raghav742/SDfR/Assignments/assignment5/ros2_ws/src/install/relbot2turtlesim/lib/pkgconfig/relbot2turtlesim.pc'
[0.412s] Level 1:colcon.colcon_core.environment:checking '/home/raghav742/SDfR/Assignments/assignment5/ros2_ws/src/install/relbot2turtlesim/lib/python3.10/site-packages'
[0.412s] Level 1:colcon.colcon_core.environment:checking '/home/raghav742/SDfR/Assignments/assignment5/ros2_ws/src/install/relbot2turtlesim/bin'
[0.413s] INFO:colcon.colcon_core.shell:Creating package script '/home/raghav742/SDfR/Assignments/assignment5/ros2_ws/src/install/relbot2turtlesim/share/relbot2turtlesim/package.ps1'
[0.415s] INFO:colcon.colcon_core.shell:Creating package descriptor '/home/raghav742/SDfR/Assignments/assignment5/ros2_ws/src/install/relbot2turtlesim/share/relbot2turtlesim/package.dsv'
[0.416s] INFO:colcon.colcon_core.shell:Creating package script '/home/raghav742/SDfR/Assignments/assignment5/ros2_ws/src/install/relbot2turtlesim/share/relbot2turtlesim/package.sh'
[0.416s] INFO:colcon.colcon_core.shell:Creating package script '/home/raghav742/SDfR/Assignments/assignment5/ros2_ws/src/install/relbot2turtlesim/share/relbot2turtlesim/package.bash'
[0.417s] INFO:colcon.colcon_core.shell:Creating package script '/home/raghav742/SDfR/Assignments/assignment5/ros2_ws/src/install/relbot2turtlesim/share/relbot2turtlesim/package.zsh'
[0.417s] Level 1:colcon.colcon_core.environment:create_file_with_runtime_dependencies(/home/raghav742/SDfR/Assignments/assignment5/ros2_ws/src/install/relbot2turtlesim/share/colcon-core/packages/relbot2turtlesim)
[0.418s] Level 1:colcon.colcon_core.environment:create_environment_scripts_only(relbot2turtlesim)
[0.418s] Level 1:colcon.colcon_core.environment:checking '/home/raghav742/SDfR/Assignments/assignment5/ros2_ws/src/install/relbot2turtlesim' for CMake module files
[0.419s] Level 1:colcon.colcon_core.environment:checking '/home/raghav742/SDfR/Assignments/assignment5/ros2_ws/src/install/relbot2turtlesim' for CMake config files
[0.419s] Level 1:colcon.colcon_core.shell:create_environment_hook('relbot2turtlesim', 'cmake_prefix_path')
[0.419s] INFO:colcon.colcon_core.shell:Creating environment hook '/home/raghav742/SDfR/Assignments/assignment5/ros2_ws/src/install/relbot2turtlesim/share/relbot2turtlesim/hook/cmake_prefix_path.ps1'
[0.420s] INFO:colcon.colcon_core.shell:Creating environment descriptor '/home/raghav742/SDfR/Assignments/assignment5/ros2_ws/src/install/relbot2turtlesim/share/relbot2turtlesim/hook/cmake_prefix_path.dsv'
[0.420s] INFO:colcon.colcon_core.shell:Creating environment hook '/home/raghav742/SDfR/Assignments/assignment5/ros2_ws/src/install/relbot2turtlesim/share/relbot2turtlesim/hook/cmake_prefix_path.sh'
[0.421s] Level 1:colcon.colcon_core.environment:checking '/home/raghav742/SDfR/Assignments/assignment5/ros2_ws/src/install/relbot2turtlesim/lib'
[0.421s] Level 1:colcon.colcon_core.environment:checking '/home/raghav742/SDfR/Assignments/assignment5/ros2_ws/src/install/relbot2turtlesim/bin'
[0.421s] Level 1:colcon.colcon_core.environment:checking '/home/raghav742/SDfR/Assignments/assignment5/ros2_ws/src/install/relbot2turtlesim/lib/pkgconfig/relbot2turtlesim.pc'
[0.422s] Level 1:colcon.colcon_core.environment:checking '/home/raghav742/SDfR/Assignments/assignment5/ros2_ws/src/install/relbot2turtlesim/lib/python3.10/site-packages'
[0.422s] Level 1:colcon.colcon_core.environment:checking '/home/raghav742/SDfR/Assignments/assignment5/ros2_ws/src/install/relbot2turtlesim/bin'
[0.422s] INFO:colcon.colcon_core.shell:Creating package script '/home/raghav742/SDfR/Assignments/assignment5/ros2_ws/src/install/relbot2turtlesim/share/relbot2turtlesim/package.ps1'
[0.423s] INFO:colcon.colcon_core.shell:Creating package descriptor '/home/raghav742/SDfR/Assignments/assignment5/ros2_ws/src/install/relbot2turtlesim/share/relbot2turtlesim/package.dsv'
[0.424s] INFO:colcon.colcon_core.shell:Creating package script '/home/raghav742/SDfR/Assignments/assignment5/ros2_ws/src/install/relbot2turtlesim/share/relbot2turtlesim/package.sh'
[0.424s] INFO:colcon.colcon_core.shell:Creating package script '/home/raghav742/SDfR/Assignments/assignment5/ros2_ws/src/install/relbot2turtlesim/share/relbot2turtlesim/package.bash'
[0.425s] INFO:colcon.colcon_core.shell:Creating package script '/home/raghav742/SDfR/Assignments/assignment5/ros2_ws/src/install/relbot2turtlesim/share/relbot2turtlesim/package.zsh'
[0.425s] Level 1:colcon.colcon_core.environment:create_file_with_runtime_dependencies(/home/raghav742/SDfR/Assignments/assignment5/ros2_ws/src/install/relbot2turtlesim/share/colcon-core/packages/relbot2turtlesim)
[0.426s] Level 1:colcon.colcon_core.environment:create_environment_scripts_only(relbot_adapter)
[0.427s] Level 1:colcon.colcon_core.environment:checking '/home/raghav742/SDfR/Assignments/assignment5/ros2_ws/src/install/relbot_adapter' for CMake module files
[0.427s] DEBUG:colcon.colcon_core.event_handler.log_command:Invoked command in '/home/raghav742/SDfR/Assignments/assignment5/ros2_ws/src/build/relbot_adapter' returned '0': CMAKE_PREFIX_PATH=${CMAKE_PREFIX_PATH}:/opt/ros/humble /usr/bin/cmake --install /home/raghav742/SDfR/Assignments/assignment5/ros2_ws/src/build/relbot_adapter
[0.428s] Level 1:colcon.colcon_core.environment:checking '/home/raghav742/SDfR/Assignments/assignment5/ros2_ws/src/install/relbot_adapter' for CMake config files
[0.428s] Level 1:colcon.colcon_core.shell:create_environment_hook('relbot_adapter', 'cmake_prefix_path')
[0.428s] INFO:colcon.colcon_core.shell:Creating environment hook '/home/raghav742/SDfR/Assignments/assignment5/ros2_ws/src/install/relbot_adapter/share/relbot_adapter/hook/cmake_prefix_path.ps1'
[0.429s] INFO:colcon.colcon_core.shell:Creating environment descriptor '/home/raghav742/SDfR/Assignments/assignment5/ros2_ws/src/install/relbot_adapter/share/relbot_adapter/hook/cmake_prefix_path.dsv'
[0.430s] INFO:colcon.colcon_core.shell:Creating environment hook '/home/raghav742/SDfR/Assignments/assignment5/ros2_ws/src/install/relbot_adapter/share/relbot_adapter/hook/cmake_prefix_path.sh'
[0.430s] Level 1:colcon.colcon_core.environment:checking '/home/raghav742/SDfR/Assignments/assignment5/ros2_ws/src/install/relbot_adapter/lib'
[0.430s] Level 1:colcon.colcon_core.environment:checking '/home/raghav742/SDfR/Assignments/assignment5/ros2_ws/src/install/relbot_adapter/bin'
[0.430s] Level 1:colcon.colcon_core.environment:checking '/home/raghav742/SDfR/Assignments/assignment5/ros2_ws/src/install/relbot_adapter/lib/pkgconfig/relbot_adapter.pc'
[0.431s] Level 1:colcon.colcon_core.environment:checking '/home/raghav742/SDfR/Assignments/assignment5/ros2_ws/src/install/relbot_adapter/lib/python3.10/site-packages'
[0.431s] Level 1:colcon.colcon_core.environment:checking '/home/raghav742/SDfR/Assignments/assignment5/ros2_ws/src/install/relbot_adapter/bin'
[0.432s] INFO:colcon.colcon_core.shell:Creating package script '/home/raghav742/SDfR/Assignments/assignment5/ros2_ws/src/install/relbot_adapter/share/relbot_adapter/package.ps1'
[0.432s] INFO:colcon.colcon_core.shell:Creating package descriptor '/home/raghav742/SDfR/Assignments/assignment5/ros2_ws/src/install/relbot_adapter/share/relbot_adapter/package.dsv'
[0.432s] INFO:colcon.colcon_core.shell:Creating package script '/home/raghav742/SDfR/Assignments/assignment5/ros2_ws/src/install/relbot_adapter/share/relbot_adapter/package.sh'
[0.433s] INFO:colcon.colcon_core.shell:Creating package script '/home/raghav742/SDfR/Assignments/assignment5/ros2_ws/src/install/relbot_adapter/share/relbot_adapter/package.bash'
[0.433s] INFO:colcon.colcon_core.shell:Creating package script '/home/raghav742/SDfR/Assignments/assignment5/ros2_ws/src/install/relbot_adapter/share/relbot_adapter/package.zsh'
[0.434s] Level 1:colcon.colcon_core.environment:create_file_with_runtime_dependencies(/home/raghav742/SDfR/Assignments/assignment5/ros2_ws/src/install/relbot_adapter/share/colcon-core/packages/relbot_adapter)
[0.434s] Level 1:colcon.colcon_core.environment:create_environment_scripts_only(relbot_adapter)
[0.434s] Level 1:colcon.colcon_core.environment:checking '/home/raghav742/SDfR/Assignments/assignment5/ros2_ws/src/install/relbot_adapter' for CMake module files
[0.435s] Level 1:colcon.colcon_core.environment:checking '/home/raghav742/SDfR/Assignments/assignment5/ros2_ws/src/install/relbot_adapter' for CMake config files
[0.435s] Level 1:colcon.colcon_core.shell:create_environment_hook('relbot_adapter', 'cmake_prefix_path')
[0.435s] INFO:colcon.colcon_core.shell:Creating environment hook '/home/raghav742/SDfR/Assignments/assignment5/ros2_ws/src/install/relbot_adapter/share/relbot_adapter/hook/cmake_prefix_path.ps1'
[0.436s] INFO:colcon.colcon_core.shell:Creating environment descriptor '/home/raghav742/SDfR/Assignments/assignment5/ros2_ws/src/install/relbot_adapter/share/relbot_adapter/hook/cmake_prefix_path.dsv'
[0.436s] INFO:colcon.colcon_core.shell:Creating environment hook '/home/raghav742/SDfR/Assignments/assignment5/ros2_ws/src/install/relbot_adapter/share/relbot_adapter/hook/cmake_prefix_path.sh'
[0.437s] Level 1:colcon.colcon_core.environment:checking '/home/raghav742/SDfR/Assignments/assignment5/ros2_ws/src/install/relbot_adapter/lib'
[0.437s] Level 1:colcon.colcon_core.environment:checking '/home/raghav742/SDfR/Assignments/assignment5/ros2_ws/src/install/relbot_adapter/bin'
[0.437s] Level 1:colcon.colcon_core.environment:checking '/home/raghav742/SDfR/Assignments/assignment5/ros2_ws/src/install/relbot_adapter/lib/pkgconfig/relbot_adapter.pc'
[0.437s] Level 1:colcon.colcon_core.environment:checking '/home/raghav742/SDfR/Assignments/assignment5/ros2_ws/src/install/relbot_adapter/lib/python3.10/site-packages'
[0.438s] Level 1:colcon.colcon_core.environment:checking '/home/raghav742/SDfR/Assignments/assignment5/ros2_ws/src/install/relbot_adapter/bin'
[0.438s] INFO:colcon.colcon_core.shell:Creating package script '/home/raghav742/SDfR/Assignments/assignment5/ros2_ws/src/install/relbot_adapter/share/relbot_adapter/package.ps1'
[0.438s] INFO:colcon.colcon_core.shell:Creating package descriptor '/home/raghav742/SDfR/Assignments/assignment5/ros2_ws/src/install/relbot_adapter/share/relbot_adapter/package.dsv'
[0.439s] INFO:colcon.colcon_core.shell:Creating package script '/home/raghav742/SDfR/Assignments/assignment5/ros2_ws/src/install/relbot_adapter/share/relbot_adapter/package.sh'
[0.439s] INFO:colcon.colcon_core.shell:Creating package script '/home/raghav742/SDfR/Assignments/assignment5/ros2_ws/src/install/relbot_adapter/share/relbot_adapter/package.bash'
[0.440s] INFO:colcon.colcon_core.shell:Creating package script '/home/raghav742/SDfR/Assignments/assignment5/ros2_ws/src/install/relbot_adapter/share/relbot_adapter/package.zsh'
[0.440s] Level 1:colcon.colcon_core.environment:create_file_with_runtime_dependencies(/home/raghav742/SDfR/Assignments/assignment5/ros2_ws/src/install/relbot_adapter/share/colcon-core/packages/relbot_adapter)
[0.616s] DEBUG:colcon.colcon_core.event_handler.log_command:Invoked command in '/home/raghav742/SDfR/Assignments/assignment5/ros2_ws/src/build/relbot_msgs' returned '0': CMAKE_PREFIX_PATH=${CMAKE_PREFIX_PATH}:/opt/ros/humble /usr/bin/cmake --build /home/raghav742/SDfR/Assignments/assignment5/ros2_ws/src/build/relbot_msgs -- -j8 -l8
[0.616s] DEBUG:colcon.colcon_core.event_handler.log_command:Invoking command in '/home/raghav742/SDfR/Assignments/assignment5/ros2_ws/src/build/relbot_msgs': CMAKE_PREFIX_PATH=${CMAKE_PREFIX_PATH}:/opt/ros/humble /usr/bin/cmake --install /home/raghav742/SDfR/Assignments/assignment5/ros2_ws/src/build/relbot_msgs
[0.658s] Level 1:colcon.colcon_core.environment:create_environment_scripts_only(relbot_msgs)
[0.658s] Level 1:colcon.colcon_core.environment:checking '/home/raghav742/SDfR/Assignments/assignment5/ros2_ws/src/install/relbot_msgs' for CMake module files
[0.659s] DEBUG:colcon.colcon_core.event_handler.log_command:Invoked command in '/home/raghav742/SDfR/Assignments/assignment5/ros2_ws/src/build/relbot_msgs' returned '0': CMAKE_PREFIX_PATH=${CMAKE_PREFIX_PATH}:/opt/ros/humble /usr/bin/cmake --install /home/raghav742/SDfR/Assignments/assignment5/ros2_ws/src/build/relbot_msgs
[0.659s] Level 1:colcon.colcon_core.environment:checking '/home/raghav742/SDfR/Assignments/assignment5/ros2_ws/src/install/relbot_msgs' for CMake config files
[0.659s] Level 1:colcon.colcon_core.shell:create_environment_hook('relbot_msgs', 'cmake_prefix_path')
[0.660s] INFO:colcon.colcon_core.shell:Creating environment hook '/home/raghav742/SDfR/Assignments/assignment5/ros2_ws/src/install/relbot_msgs/share/relbot_msgs/hook/cmake_prefix_path.ps1'
[0.660s] INFO:colcon.colcon_core.shell:Creating environment descriptor '/home/raghav742/SDfR/Assignments/assignment5/ros2_ws/src/install/relbot_msgs/share/relbot_msgs/hook/cmake_prefix_path.dsv'
[0.660s] INFO:colcon.colcon_core.shell:Creating environment hook '/home/raghav742/SDfR/Assignments/assignment5/ros2_ws/src/install/relbot_msgs/share/relbot_msgs/hook/cmake_prefix_path.sh'
[0.661s] Level 1:colcon.colcon_core.environment:checking '/home/raghav742/SDfR/Assignments/assignment5/ros2_ws/src/install/relbot_msgs/lib'
[0.661s] Level 1:colcon.colcon_core.shell:create_environment_hook('relbot_msgs', 'ld_library_path_lib')
[0.661s] INFO:colcon.colcon_core.shell:Creating environment hook '/home/raghav742/SDfR/Assignments/assignment5/ros2_ws/src/install/relbot_msgs/share/relbot_msgs/hook/ld_library_path_lib.ps1'
[0.661s] INFO:colcon.colcon_core.shell:Creating environment descriptor '/home/raghav742/SDfR/Assignments/assignment5/ros2_ws/src/install/relbot_msgs/share/relbot_msgs/hook/ld_library_path_lib.dsv'
[0.661s] INFO:colcon.colcon_core.shell:Creating environment hook '/home/raghav742/SDfR/Assignments/assignment5/ros2_ws/src/install/relbot_msgs/share/relbot_msgs/hook/ld_library_path_lib.sh'
[0.661s] Level 1:colcon.colcon_core.environment:checking '/home/raghav742/SDfR/Assignments/assignment5/ros2_ws/src/install/relbot_msgs/bin'
[0.661s] Level 1:colcon.colcon_core.environment:checking '/home/raghav742/SDfR/Assignments/assignment5/ros2_ws/src/install/relbot_msgs/lib/pkgconfig/relbot_msgs.pc'
[0.662s] Level 1:colcon.colcon_core.environment:checking '/home/raghav742/SDfR/Assignments/assignment5/ros2_ws/src/install/relbot_msgs/lib/python3.10/site-packages'
[0.662s] Level 1:colcon.colcon_core.environment:checking '/home/raghav742/SDfR/Assignments/assignment5/ros2_ws/src/install/relbot_msgs/bin'
[0.662s] INFO:colcon.colcon_core.shell:Creating package script '/home/raghav742/SDfR/Assignments/assignment5/ros2_ws/src/install/relbot_msgs/share/relbot_msgs/package.ps1'
[0.662s] INFO:colcon.colcon_core.shell:Creating package descriptor '/home/raghav742/SDfR/Assignments/assignment5/ros2_ws/src/install/relbot_msgs/share/relbot_msgs/package.dsv'
[0.663s] INFO:colcon.colcon_core.shell:Creating package script '/home/raghav742/SDfR/Assignments/assignment5/ros2_ws/src/install/relbot_msgs/share/relbot_msgs/package.sh'
[0.663s] INFO:colcon.colcon_core.shell:Creating package script '/home/raghav742/SDfR/Assignments/assignment5/ros2_ws/src/install/relbot_msgs/share/relbot_msgs/package.bash'
[0.664s] INFO:colcon.colcon_core.shell:Creating package script '/home/raghav742/SDfR/Assignments/assignment5/ros2_ws/src/install/relbot_msgs/share/relbot_msgs/package.zsh'
[0.664s] Level 1:colcon.colcon_core.environment:create_file_with_runtime_dependencies(/home/raghav742/SDfR/Assignments/assignment5/ros2_ws/src/install/relbot_msgs/share/colcon-core/packages/relbot_msgs)
[0.664s] Level 1:colcon.colcon_core.environment:create_environment_scripts_only(relbot_msgs)
[0.664s] Level 1:colcon.colcon_core.environment:checking '/home/raghav742/SDfR/Assignments/assignment5/ros2_ws/src/install/relbot_msgs' for CMake module files
[0.665s] Level 1:colcon.colcon_core.environment:checking '/home/raghav742/SDfR/Assignments/assignment5/ros2_ws/src/install/relbot_msgs' for CMake config files
[0.665s] Level 1:colcon.colcon_core.shell:create_environment_hook('relbot_msgs', 'cmake_prefix_path')
[0.665s] INFO:colcon.colcon_core.shell:Creating environment hook '/home/raghav742/SDfR/Assignments/assignment5/ros2_ws/src/install/relbot_msgs/share/relbot_msgs/hook/cmake_prefix_path.ps1'
[0.666s] INFO:colcon.colcon_core.shell:Creating environment descriptor '/home/raghav742/SDfR/Assignments/assignment5/ros2_ws/src/install/relbot_msgs/share/relbot_msgs/hook/cmake_prefix_path.dsv'
[0.666s] INFO:colcon.colcon_core.shell:Creating environment hook '/home/raghav742/SDfR/Assignments/assignment5/ros2_ws/src/install/relbot_msgs/share/relbot_msgs/hook/cmake_prefix_path.sh'
[0.666s] Level 1:colcon.colcon_core.environment:checking '/home/raghav742/SDfR/Assignments/assignment5/ros2_ws/src/install/relbot_msgs/lib'
[0.666s] Level 1:colcon.colcon_core.shell:create_environment_hook('relbot_msgs', 'ld_library_path_lib')
[0.666s] INFO:colcon.colcon_core.shell:Creating environment hook '/home/raghav742/SDfR/Assignments/assignment5/ros2_ws/src/install/relbot_msgs/share/relbot_msgs/hook/ld_library_path_lib.ps1'
[0.667s] INFO:colcon.colcon_core.shell:Creating environment descriptor '/home/raghav742/SDfR/Assignments/assignment5/ros2_ws/src/install/relbot_msgs/share/relbot_msgs/hook/ld_library_path_lib.dsv'
[0.667s] INFO:colcon.colcon_core.shell:Creating environment hook '/home/raghav742/SDfR/Assignments/assignment5/ros2_ws/src/install/relbot_msgs/share/relbot_msgs/hook/ld_library_path_lib.sh'
[0.667s] Level 1:colcon.colcon_core.environment:checking '/home/raghav742/SDfR/Assignments/assignment5/ros2_ws/src/install/relbot_msgs/bin'
[0.667s] Level 1:colcon.colcon_core.environment:checking '/home/raghav742/SDfR/Assignments/assignment5/ros2_ws/src/install/relbot_msgs/lib/pkgconfig/relbot_msgs.pc'
[0.667s] Level 1:colcon.colcon_core.environment:checking '/home/raghav742/SDfR/Assignments/assignment5/ros2_ws/src/install/relbot_msgs/lib/python3.10/site-packages'
[0.668s] Level 1:colcon.colcon_core.environment:checking '/home/raghav742/SDfR/Assignments/assignment5/ros2_ws/src/install/relbot_msgs/bin'
[0.668s] INFO:colcon.colcon_core.shell:Creating package script '/home/raghav742/SDfR/Assignments/assignment5/ros2_ws/src/install/relbot_msgs/share/relbot_msgs/package.ps1'
[0.668s] INFO:colcon.colcon_core.shell:Creating package descriptor '/home/raghav742/SDfR/Assignments/assignment5/ros2_ws/src/install/relbot_msgs/share/relbot_msgs/package.dsv'
[0.668s] INFO:colcon.colcon_core.shell:Creating package script '/home/raghav742/SDfR/Assignments/assignment5/ros2_ws/src/install/relbot_msgs/share/relbot_msgs/package.sh'
[0.669s] INFO:colcon.colcon_core.shell:Creating package script '/home/raghav742/SDfR/Assignments/assignment5/ros2_ws/src/install/relbot_msgs/share/relbot_msgs/package.bash'
[0.669s] INFO:colcon.colcon_core.shell:Creating package script '/home/raghav742/SDfR/Assignments/assignment5/ros2_ws/src/install/relbot_msgs/share/relbot_msgs/package.zsh'
[0.669s] Level 1:colcon.colcon_core.environment:create_file_with_runtime_dependencies(/home/raghav742/SDfR/Assignments/assignment5/ros2_ws/src/install/relbot_msgs/share/colcon-core/packages/relbot_msgs)
[0.670s] INFO:colcon.colcon_ros.task.ament_cmake.build:Building ROS package in '/home/raghav742/SDfR/Assignments/assignment5/ros2_ws/src/relbot_simulator' with build type 'ament_cmake'
[0.670s] INFO:colcon.colcon_cmake.task.cmake.build:Building CMake package in '/home/raghav742/SDfR/Assignments/assignment5/ros2_ws/src/relbot_simulator'
[0.670s] INFO:colcon.colcon_core.shell:Skip shell extension 'powershell' for command environment: Not usable outside of PowerShell
[0.670s] DEBUG:colcon.colcon_core.shell:Skip shell extension 'dsv' for command environment
[0.678s] DEBUG:colcon.colcon_core.event_handler.log_command:Invoking command in '/home/raghav742/SDfR/Assignments/assignment5/ros2_ws/src/build/relbot_simulator': CMAKE_PREFIX_PATH=${CMAKE_PREFIX_PATH}:/opt/ros/humble /usr/bin/cmake --build /home/raghav742/SDfR/Assignments/assignment5/ros2_ws/src/build/relbot_simulator -- -j8 -l8
[0.725s] DEBUG:colcon.colcon_core.event_handler.log_command:Invoked command in '/home/raghav742/SDfR/Assignments/assignment5/ros2_ws/src/build/relbot_simulator' returned '0': CMAKE_PREFIX_PATH=${CMAKE_PREFIX_PATH}:/opt/ros/humble /usr/bin/cmake --build /home/raghav742/SDfR/Assignments/assignment5/ros2_ws/src/build/relbot_simulator -- -j8 -l8
[0.727s] DEBUG:colcon.colcon_core.event_handler.log_command:Invoking command in '/home/raghav742/SDfR/Assignments/assignment5/ros2_ws/src/build/relbot_simulator': CMAKE_PREFIX_PATH=${CMAKE_PREFIX_PATH}:/opt/ros/humble /usr/bin/cmake --install /home/raghav742/SDfR/Assignments/assignment5/ros2_ws/src/build/relbot_simulator
[0.733s] Level 1:colcon.colcon_core.environment:create_environment_scripts_only(relbot_simulator)
[0.734s] Level 1:colcon.colcon_core.environment:checking '/home/raghav742/SDfR/Assignments/assignment5/ros2_ws/src/install/relbot_simulator' for CMake module files
[0.735s] Level 1:colcon.colcon_core.environment:checking '/home/raghav742/SDfR/Assignments/assignment5/ros2_ws/src/install/relbot_simulator' for CMake config files
[0.736s] DEBUG:colcon.colcon_core.event_handler.log_command:Invoked command in '/home/raghav742/SDfR/Assignments/assignment5/ros2_ws/src/build/relbot_simulator' returned '0': CMAKE_PREFIX_PATH=${CMAKE_PREFIX_PATH}:/opt/ros/humble /usr/bin/cmake --install /home/raghav742/SDfR/Assignments/assignment5/ros2_ws/src/build/relbot_simulator
[0.736s] Level 1:colcon.colcon_core.shell:create_environment_hook('relbot_simulator', 'cmake_prefix_path')
[0.736s] INFO:colcon.colcon_core.shell:Creating environment hook '/home/raghav742/SDfR/Assignments/assignment5/ros2_ws/src/install/relbot_simulator/share/relbot_simulator/hook/cmake_prefix_path.ps1'
[0.737s] INFO:colcon.colcon_core.shell:Creating environment descriptor '/home/raghav742/SDfR/Assignments/assignment5/ros2_ws/src/install/relbot_simulator/share/relbot_simulator/hook/cmake_prefix_path.dsv'
[0.737s] INFO:colcon.colcon_core.shell:Creating environment hook '/home/raghav742/SDfR/Assignments/assignment5/ros2_ws/src/install/relbot_simulator/share/relbot_simulator/hook/cmake_prefix_path.sh'
[0.737s] Level 1:colcon.colcon_core.environment:checking '/home/raghav742/SDfR/Assignments/assignment5/ros2_ws/src/install/relbot_simulator/lib'
[0.737s] Level 1:colcon.colcon_core.environment:checking '/home/raghav742/SDfR/Assignments/assignment5/ros2_ws/src/install/relbot_simulator/bin'
[0.737s] Level 1:colcon.colcon_core.environment:checking '/home/raghav742/SDfR/Assignments/assignment5/ros2_ws/src/install/relbot_simulator/lib/pkgconfig/relbot_simulator.pc'
[0.738s] Level 1:colcon.colcon_core.environment:checking '/home/raghav742/SDfR/Assignments/assignment5/ros2_ws/src/install/relbot_simulator/lib/python3.10/site-packages'
[0.738s] Level 1:colcon.colcon_core.environment:checking '/home/raghav742/SDfR/Assignments/assignment5/ros2_ws/src/install/relbot_simulator/bin'
[0.738s] INFO:colcon.colcon_core.shell:Creating package script '/home/raghav742/SDfR/Assignments/assignment5/ros2_ws/src/install/relbot_simulator/share/relbot_simulator/package.ps1'
[0.738s] INFO:colcon.colcon_core.shell:Creating package descriptor '/home/raghav742/SDfR/Assignments/assignment5/ros2_ws/src/install/relbot_simulator/share/relbot_simulator/package.dsv'
[0.739s] INFO:colcon.colcon_core.shell:Creating package script '/home/raghav742/SDfR/Assignments/assignment5/ros2_ws/src/install/relbot_simulator/share/relbot_simulator/package.sh'
[0.739s] INFO:colcon.colcon_core.shell:Creating package script '/home/raghav742/SDfR/Assignments/assignment5/ros2_ws/src/install/relbot_simulator/share/relbot_simulator/package.bash'
[0.739s] INFO:colcon.colcon_core.shell:Creating package script '/home/raghav742/SDfR/Assignments/assignment5/ros2_ws/src/install/relbot_simulator/share/relbot_simulator/package.zsh'
[0.740s] Level 1:colcon.colcon_core.environment:create_file_with_runtime_dependencies(/home/raghav742/SDfR/Assignments/assignment5/ros2_ws/src/install/relbot_simulator/share/colcon-core/packages/relbot_simulator)
[0.740s] Level 1:colcon.colcon_core.environment:create_environment_scripts_only(relbot_simulator)
[0.740s] Level 1:colcon.colcon_core.environment:checking '/home/raghav742/SDfR/Assignments/assignment5/ros2_ws/src/install/relbot_simulator' for CMake module files
[0.741s] Level 1:colcon.colcon_core.environment:checking '/home/raghav742/SDfR/Assignments/assignment5/ros2_ws/src/install/relbot_simulator' for CMake config files
[0.741s] Level 1:colcon.colcon_core.shell:create_environment_hook('relbot_simulator', 'cmake_prefix_path')
[0.741s] INFO:colcon.colcon_core.shell:Creating environment hook '/home/raghav742/SDfR/Assignments/assignment5/ros2_ws/src/install/relbot_simulator/share/relbot_simulator/hook/cmake_prefix_path.ps1'
[0.741s] INFO:colcon.colcon_core.shell:Creating environment descriptor '/home/raghav742/SDfR/Assignments/assignment5/ros2_ws/src/install/relbot_simulator/share/relbot_simulator/hook/cmake_prefix_path.dsv'
[0.741s] INFO:colcon.colcon_core.shell:Creating environment hook '/home/raghav742/SDfR/Assignments/assignment5/ros2_ws/src/install/relbot_simulator/share/relbot_simulator/hook/cmake_prefix_path.sh'
[0.742s] Level 1:colcon.colcon_core.environment:checking '/home/raghav742/SDfR/Assignments/assignment5/ros2_ws/src/install/relbot_simulator/lib'
[0.742s] Level 1:colcon.colcon_core.environment:checking '/home/raghav742/SDfR/Assignments/assignment5/ros2_ws/src/install/relbot_simulator/bin'
[0.742s] Level 1:colcon.colcon_core.environment:checking '/home/raghav742/SDfR/Assignments/assignment5/ros2_ws/src/install/relbot_simulator/lib/pkgconfig/relbot_simulator.pc'
[0.742s] Level 1:colcon.colcon_core.environment:checking '/home/raghav742/SDfR/Assignments/assignment5/ros2_ws/src/install/relbot_simulator/lib/python3.10/site-packages'
[0.742s] Level 1:colcon.colcon_core.environment:checking '/home/raghav742/SDfR/Assignments/assignment5/ros2_ws/src/install/relbot_simulator/bin'
[0.743s] INFO:colcon.colcon_core.shell:Creating package script '/home/raghav742/SDfR/Assignments/assignment5/ros2_ws/src/install/relbot_simulator/share/relbot_simulator/package.ps1'
[0.743s] INFO:colcon.colcon_core.shell:Creating package descriptor '/home/raghav742/SDfR/Assignments/assignment5/ros2_ws/src/install/relbot_simulator/share/relbot_simulator/package.dsv'
[0.743s] INFO:colcon.colcon_core.shell:Creating package script '/home/raghav742/SDfR/Assignments/assignment5/ros2_ws/src/install/relbot_simulator/share/relbot_simulator/package.sh'
[0.744s] INFO:colcon.colcon_core.shell:Creating package script '/home/raghav742/SDfR/Assignments/assignment5/ros2_ws/src/install/relbot_simulator/share/relbot_simulator/package.bash'
[0.744s] INFO:colcon.colcon_core.shell:Creating package script '/home/raghav742/SDfR/Assignments/assignment5/ros2_ws/src/install/relbot_simulator/share/relbot_simulator/package.zsh'
[0.744s] Level 1:colcon.colcon_core.environment:create_file_with_runtime_dependencies(/home/raghav742/SDfR/Assignments/assignment5/ros2_ws/src/install/relbot_simulator/share/colcon-core/packages/relbot_simulator)
[2.721s] DEBUG:colcon.colcon_core.event_handler.log_command:Invoked command in '/home/raghav742/SDfR/Assignments/assignment5/ros2_ws/src/build/relbot_sequence_controller' returned '2': CMAKE_PREFIX_PATH=${CMAKE_PREFIX_PATH}:/opt/ros/humble /usr/bin/cmake --build /home/raghav742/SDfR/Assignments/assignment5/ros2_ws/src/build/relbot_sequence_controller -- -j8 -l8
[2.721s] Level 1:colcon.colcon_core.environment:create_environment_scripts_only(relbot_sequence_controller)
[2.721s] Level 1:colcon.colcon_core.environment:checking '/home/raghav742/SDfR/Assignments/assignment5/ros2_ws/src/install/relbot_sequence_controller' for CMake module files
[2.722s] Level 1:colcon.colcon_core.environment:checking '/home/raghav742/SDfR/Assignments/assignment5/ros2_ws/src/install/relbot_sequence_controller' for CMake config files
[2.722s] Level 1:colcon.colcon_core.shell:create_environment_hook('relbot_sequence_controller', 'cmake_prefix_path')
[2.722s] INFO:colcon.colcon_core.shell:Creating environment hook '/home/raghav742/SDfR/Assignments/assignment5/ros2_ws/src/install/relbot_sequence_controller/share/relbot_sequence_controller/hook/cmake_prefix_path.ps1'
[2.722s] INFO:colcon.colcon_core.shell:Creating environment descriptor '/home/raghav742/SDfR/Assignments/assignment5/ros2_ws/src/install/relbot_sequence_controller/share/relbot_sequence_controller/hook/cmake_prefix_path.dsv'
[2.723s] INFO:colcon.colcon_core.shell:Creating environment hook '/home/raghav742/SDfR/Assignments/assignment5/ros2_ws/src/install/relbot_sequence_controller/share/relbot_sequence_controller/hook/cmake_prefix_path.sh'
[2.723s] Level 1:colcon.colcon_core.environment:checking '/home/raghav742/SDfR/Assignments/assignment5/ros2_ws/src/install/relbot_sequence_controller/lib'
[2.723s] Level 1:colcon.colcon_core.environment:checking '/home/raghav742/SDfR/Assignments/assignment5/ros2_ws/src/install/relbot_sequence_controller/bin'
[2.723s] Level 1:colcon.colcon_core.environment:checking '/home/raghav742/SDfR/Assignments/assignment5/ros2_ws/src/install/relbot_sequence_controller/lib/pkgconfig/relbot_sequence_controller.pc'
[2.723s] Level 1:colcon.colcon_core.environment:checking '/home/raghav742/SDfR/Assignments/assignment5/ros2_ws/src/install/relbot_sequence_controller/lib/python3.10/site-packages'
[2.723s] Level 1:colcon.colcon_core.environment:checking '/home/raghav742/SDfR/Assignments/assignment5/ros2_ws/src/install/relbot_sequence_controller/bin'
[2.724s] INFO:colcon.colcon_core.shell:Creating package script '/home/raghav742/SDfR/Assignments/assignment5/ros2_ws/src/install/relbot_sequence_controller/share/relbot_sequence_controller/package.ps1'
[2.724s] INFO:colcon.colcon_core.shell:Creating package descriptor '/home/raghav742/SDfR/Assignments/assignment5/ros2_ws/src/install/relbot_sequence_controller/share/relbot_sequence_controller/package.dsv'
[2.724s] INFO:colcon.colcon_core.shell:Creating package script '/home/raghav742/SDfR/Assignments/assignment5/ros2_ws/src/install/relbot_sequence_controller/share/relbot_sequence_controller/package.sh'
[2.725s] INFO:colcon.colcon_core.shell:Creating package script '/home/raghav742/SDfR/Assignments/assignment5/ros2_ws/src/install/relbot_sequence_controller/share/relbot_sequence_controller/package.bash'
[2.725s] INFO:colcon.colcon_core.shell:Creating package script '/home/raghav742/SDfR/Assignments/assignment5/ros2_ws/src/install/relbot_sequence_controller/share/relbot_sequence_controller/package.zsh'
[2.725s] Level 1:colcon.colcon_core.environment:create_file_with_runtime_dependencies(/home/raghav742/SDfR/Assignments/assignment5/ros2_ws/src/install/relbot_sequence_controller/share/colcon-core/packages/relbot_sequence_controller)
[2.735s] DEBUG:colcon.colcon_parallel_executor.executor.parallel:closing loop
[2.735s] DEBUG:colcon.colcon_parallel_executor.executor.parallel:loop closed
[2.735s] DEBUG:colcon.colcon_parallel_executor.executor.parallel:run_until_complete finished with '2'
[2.735s] DEBUG:colcon.colcon_core.event_reactor:joining thread
[2.739s] INFO:colcon.colcon_core.plugin_system:Skipping extension 'colcon_notification.desktop_notification.terminal_notifier': Not used on non-Darwin systems
[2.739s] INFO:colcon.colcon_core.plugin_system:Skipping extension 'colcon_notification.desktop_notification.win32': Not used on non-Windows systems
[2.739s] INFO:colcon.colcon_notification.desktop_notification:Sending desktop notification using 'notify2'
[2.748s] DEBUG:colcon.colcon_core.event_reactor:joined thread
[2.748s] INFO:colcon.colcon_core.shell:Creating prefix script '/home/raghav742/SDfR/Assignments/assignment5/ros2_ws/src/install/local_setup.ps1'
[2.749s] INFO:colcon.colcon_core.shell:Creating prefix util module '/home/raghav742/SDfR/Assignments/assignment5/ros2_ws/src/install/_local_setup_util_ps1.py'
[2.750s] INFO:colcon.colcon_core.shell:Creating prefix chain script '/home/raghav742/SDfR/Assignments/assignment5/ros2_ws/src/install/setup.ps1'
[2.751s] INFO:colcon.colcon_core.shell:Creating prefix script '/home/raghav742/SDfR/Assignments/assignment5/ros2_ws/src/install/local_setup.sh'
[2.751s] INFO:colcon.colcon_core.shell:Creating prefix util module '/home/raghav742/SDfR/Assignments/assignment5/ros2_ws/src/install/_local_setup_util_sh.py'
[2.751s] INFO:colcon.colcon_core.shell:Creating prefix chain script '/home/raghav742/SDfR/Assignments/assignment5/ros2_ws/src/install/setup.sh'
[2.752s] INFO:colcon.colcon_core.shell:Creating prefix script '/home/raghav742/SDfR/Assignments/assignment5/ros2_ws/src/install/local_setup.bash'
[2.752s] INFO:colcon.colcon_core.shell:Creating prefix chain script '/home/raghav742/SDfR/Assignments/assignment5/ros2_ws/src/install/setup.bash'
[2.753s] INFO:colcon.colcon_core.shell:Creating prefix script '/home/raghav742/SDfR/Assignments/assignment5/ros2_ws/src/install/local_setup.zsh'
[2.753s] INFO:colcon.colcon_core.shell:Creating prefix chain script '/home/raghav742/SDfR/Assignments/assignment5/ros2_ws/src/install/setup.zsh'
