[0.004s] Invoking command in '/home/srik/ros_ubuntu/ros2_ws2/build/relbot_simulator': CMAKE_PREFIX_PATH=/home/srik/ros_ubuntu/ros2_ws2/install/relbot_msgs:/home/srik/ros_ubuntu/ros2_ws/install/relbot_simulator:/home/srik/ros_ubuntu/ros2_ws/install/relbot_sequence_controller:/home/srik/ros_ubuntu/ros2_ws/install/relbot_msgs:/home/srik/ros_ubuntu/ros2_ws/install/relbot_launch:/home/srik/ros_ubuntu/ros2_ws/install/relbot_adapter:/home/srik/ros_ubuntu/ros2_ws/install/relbot2turtlesim:/opt/ros/humble DEBUGINFOD_URLS=https://debuginfod.archlinux.org https://debuginfod.cachyos.org LD_LIBRARY_PATH=/home/srik/ros_ubuntu/ros2_ws2/install/relbot_msgs/lib:${LD_LIBRARY_PATH} /usr/bin/cmake --build /home/srik/ros_ubuntu/ros2_ws2/build/relbot_simulator -- -j32 -l32
[0.007s] [0mCMake Error: The current CMakeCache.txt directory /home/srik/ros_ubuntu/ros2_ws2/build/relbot_simulator/CMakeCache.txt is different than the directory /home/srik/ros_ubuntu/ros2_ws/build/relbot_simulator where CMakeCache.txt was created. This may result in binaries being created in the wrong place. If you are not sure, reedit the CMakeCache.txt[0m
[0.029s] [100%] Built target relbot_simulator
[0.033s] Invoked command in '/home/srik/ros_ubuntu/ros2_ws2/build/relbot_simulator' returned '0': CMAKE_PREFIX_PATH=/home/srik/ros_ubuntu/ros2_ws2/install/relbot_msgs:/home/srik/ros_ubuntu/ros2_ws/install/relbot_simulator:/home/srik/ros_ubuntu/ros2_ws/install/relbot_sequence_controller:/home/srik/ros_ubuntu/ros2_ws/install/relbot_msgs:/home/srik/ros_ubuntu/ros2_ws/install/relbot_launch:/home/srik/ros_ubuntu/ros2_ws/install/relbot_adapter:/home/srik/ros_ubuntu/ros2_ws/install/relbot2turtlesim:/opt/ros/humble DEBUGINFOD_URLS=https://debuginfod.archlinux.org https://debuginfod.cachyos.org LD_LIBRARY_PATH=/home/srik/ros_ubuntu/ros2_ws2/install/relbot_msgs/lib:${LD_LIBRARY_PATH} /usr/bin/cmake --build /home/srik/ros_ubuntu/ros2_ws2/build/relbot_simulator -- -j32 -l32
[0.035s] Invoking command in '/home/srik/ros_ubuntu/ros2_ws2/build/relbot_simulator': CMAKE_PREFIX_PATH=/home/srik/ros_ubuntu/ros2_ws2/install/relbot_msgs:/home/srik/ros_ubuntu/ros2_ws/install/relbot_simulator:/home/srik/ros_ubuntu/ros2_ws/install/relbot_sequence_controller:/home/srik/ros_ubuntu/ros2_ws/install/relbot_msgs:/home/srik/ros_ubuntu/ros2_ws/install/relbot_launch:/home/srik/ros_ubuntu/ros2_ws/install/relbot_adapter:/home/srik/ros_ubuntu/ros2_ws/install/relbot2turtlesim:/opt/ros/humble DEBUGINFOD_URLS=https://debuginfod.archlinux.org https://debuginfod.cachyos.org LD_LIBRARY_PATH=/home/srik/ros_ubuntu/ros2_ws2/install/relbot_msgs/lib:${LD_LIBRARY_PATH} /usr/bin/cmake --install /home/srik/ros_ubuntu/ros2_ws2/build/relbot_simulator
[0.037s] -- Install configuration: ""
[0.037s] -- Up-to-date: /home/srik/ros_ubuntu/ros2_ws/install/relbot_simulator/lib/relbot_simulator/relbot_simulator
[0.038s] -- Up-to-date: /home/srik/ros_ubuntu/ros2_ws/install/relbot_simulator/include
[0.038s] -- Up-to-date: /home/srik/ros_ubuntu/ros2_ws/install/relbot_simulator/include/EulerAngles.cpp
[0.038s] -- Up-to-date: /home/srik/ros_ubuntu/ros2_ws/install/relbot_simulator/include/EulerAngles.h
[0.038s] -- Up-to-date: /home/srik/ros_ubuntu/ros2_ws/install/relbot_simulator/include/MotionProfiles.cpp
[0.038s] -- Up-to-date: /home/srik/ros_ubuntu/ros2_ws/install/relbot_simulator/include/MotionProfiles.h
[0.038s] -- Up-to-date: /home/srik/ros_ubuntu/ros2_ws/install/relbot_simulator/include/xxfuncs.cpp
[0.042s] -- Up-to-date: /home/srik/ros_ubuntu/ros2_ws/install/relbot_simulator/include/xxfuncs.h
[0.043s] -- Up-to-date: /home/srik/ros_ubuntu/ros2_ws/install/relbot_simulator/include/xxinteg.cpp
[0.045s] -- Up-to-date: /home/srik/ros_ubuntu/ros2_ws/install/relbot_simulator/include/xxinteg.h
[0.045s] -- Up-to-date: /home/srik/ros_ubuntu/ros2_ws/install/relbot_simulator/include/xxinverse.cpp
[0.045s] -- Up-to-date: /home/srik/ros_ubuntu/ros2_ws/install/relbot_simulator/include/xxinverse.h
[0.046s] -- Up-to-date: /home/srik/ros_ubuntu/ros2_ws/install/relbot_simulator/include/xxmatrix.cpp
[0.046s] -- Up-to-date: /home/srik/ros_ubuntu/ros2_ws/install/relbot_simulator/include/xxmatrix.h
[0.046s] -- Up-to-date: /home/srik/ros_ubuntu/ros2_ws/install/relbot_simulator/include/xxmodel.h
[0.046s] -- Up-to-date: /home/srik/ros_ubuntu/ros2_ws/install/relbot_simulator/include/xxtypes.h
[0.046s] -- Up-to-date: /home/srik/ros_ubuntu/ros2_ws/install/relbot_simulator/share/ament_index/resource_index/package_run_dependencies/relbot_simulator
[0.046s] -- Up-to-date: /home/srik/ros_ubuntu/ros2_ws/install/relbot_simulator/share/ament_index/resource_index/parent_prefix_path/relbot_simulator
[0.046s] -- Up-to-date: /home/srik/ros_ubuntu/ros2_ws/install/relbot_simulator/share/relbot_simulator/environment/ament_prefix_path.sh
[0.046s] -- Up-to-date: /home/srik/ros_ubuntu/ros2_ws/install/relbot_simulator/share/relbot_simulator/environment/ament_prefix_path.dsv
[0.046s] -- Up-to-date: /home/srik/ros_ubuntu/ros2_ws/install/relbot_simulator/share/relbot_simulator/environment/path.sh
[0.047s] -- Up-to-date: /home/srik/ros_ubuntu/ros2_ws/install/relbot_simulator/share/relbot_simulator/environment/path.dsv
[0.047s] -- Up-to-date: /home/srik/ros_ubuntu/ros2_ws/install/relbot_simulator/share/relbot_simulator/local_setup.bash
[0.047s] -- Up-to-date: /home/srik/ros_ubuntu/ros2_ws/install/relbot_simulator/share/relbot_simulator/local_setup.sh
[0.047s] -- Up-to-date: /home/srik/ros_ubuntu/ros2_ws/install/relbot_simulator/share/relbot_simulator/local_setup.zsh
[0.047s] -- Up-to-date: /home/srik/ros_ubuntu/ros2_ws/install/relbot_simulator/share/relbot_simulator/local_setup.dsv
[0.047s] -- Installing: /home/srik/ros_ubuntu/ros2_ws/install/relbot_simulator/share/relbot_simulator/package.dsv
[0.047s] -- Up-to-date: /home/srik/ros_ubuntu/ros2_ws/install/relbot_simulator/share/ament_index/resource_index/packages/relbot_simulator
[0.047s] -- Up-to-date: /home/srik/ros_ubuntu/ros2_ws/install/relbot_simulator/share/relbot_simulator/cmake/relbot_simulatorConfig.cmake
[0.047s] -- Up-to-date: /home/srik/ros_ubuntu/ros2_ws/install/relbot_simulator/share/relbot_simulator/cmake/relbot_simulatorConfig-version.cmake
[0.047s] -- Up-to-date: /home/srik/ros_ubuntu/ros2_ws/install/relbot_simulator/share/relbot_simulator/package.xml
[0.047s] Invoked command in '/home/srik/ros_ubuntu/ros2_ws2/build/relbot_simulator' returned '0': CMAKE_PREFIX_PATH=/home/srik/ros_ubuntu/ros2_ws2/install/relbot_msgs:/home/srik/ros_ubuntu/ros2_ws/install/relbot_simulator:/home/srik/ros_ubuntu/ros2_ws/install/relbot_sequence_controller:/home/srik/ros_ubuntu/ros2_ws/install/relbot_msgs:/home/srik/ros_ubuntu/ros2_ws/install/relbot_launch:/home/srik/ros_ubuntu/ros2_ws/install/relbot_adapter:/home/srik/ros_ubuntu/ros2_ws/install/relbot2turtlesim:/opt/ros/humble DEBUGINFOD_URLS=https://debuginfod.archlinux.org https://debuginfod.cachyos.org LD_LIBRARY_PATH=/home/srik/ros_ubuntu/ros2_ws2/install/relbot_msgs/lib:${LD_LIBRARY_PATH} /usr/bin/cmake --install /home/srik/ros_ubuntu/ros2_ws2/build/relbot_simulator
