[0.061s] Invoking command in '/home/sdfr-ppd-16/ros2_ws/build/image_functions_sdfr': CMAKE_PREFIX_PATH=${CMAKE_PREFIX_PATH}:/opt/ros/humble /usr/bin/cmake --build /home/sdfr-ppd-16/ros2_ws/build/image_functions_sdfr -- -j3 -l3
[0.372s] [100%] Built target image_functions
[0.435s] Invoked command in '/home/sdfr-ppd-16/ros2_ws/build/image_functions_sdfr' returned '0': CMAKE_PREFIX_PATH=${CMAKE_PREFIX_PATH}:/opt/ros/humble /usr/bin/cmake --build /home/sdfr-ppd-16/ros2_ws/build/image_functions_sdfr -- -j3 -l3
[0.517s] Invoking command in '/home/sdfr-ppd-16/ros2_ws/build/image_functions_sdfr': CMAKE_PREFIX_PATH=${CMAKE_PREFIX_PATH}:/opt/ros/humble /usr/bin/cmake --install /home/sdfr-ppd-16/ros2_ws/build/image_functions_sdfr
[0.542s] -- Install configuration: ""
[0.544s] -- Up-to-date: /home/sdfr-ppd-16/ros2_ws/install/image_functions_sdfr/include
[0.546s] -- Up-to-date: /home/sdfr-ppd-16/ros2_ws/install/image_functions_sdfr/include/image_functions_sdfr
[0.548s] -- Up-to-date: /home/sdfr-ppd-16/ros2_ws/install/image_functions_sdfr/include/image_functions_sdfr/visibility_control.h
[0.550s] -- Up-to-date: /home/sdfr-ppd-16/ros2_ws/install/image_functions_sdfr/include/image_functions_sdfr/image_functions.hpp
[0.552s] -- Up-to-date: /home/sdfr-ppd-16/ros2_ws/install/image_functions_sdfr/lib/libimage_functions.so
[0.580s] -- Up-to-date: /home/sdfr-ppd-16/ros2_ws/install/image_functions_sdfr/share/image_functions_sdfr/environment/library_path.sh
[0.582s] -- Up-to-date: /home/sdfr-ppd-16/ros2_ws/install/image_functions_sdfr/share/image_functions_sdfr/environment/library_path.dsv
[0.584s] -- Up-to-date: /home/sdfr-ppd-16/ros2_ws/install/image_functions_sdfr/share/ament_index/resource_index/package_run_dependencies/image_functions_sdfr
[0.585s] -- Up-to-date: /home/sdfr-ppd-16/ros2_ws/install/image_functions_sdfr/share/ament_index/resource_index/parent_prefix_path/image_functions_sdfr
[0.591s] -- Up-to-date: /home/sdfr-ppd-16/ros2_ws/install/image_functions_sdfr/share/image_functions_sdfr/environment/ament_prefix_path.sh
[0.593s] -- Up-to-date: /home/sdfr-ppd-16/ros2_ws/install/image_functions_sdfr/share/image_functions_sdfr/environment/ament_prefix_path.dsv
[0.610s] -- Up-to-date: /home/sdfr-ppd-16/ros2_ws/install/image_functions_sdfr/share/image_functions_sdfr/environment/path.sh
[0.611s] -- Up-to-date: /home/sdfr-ppd-16/ros2_ws/install/image_functions_sdfr/share/image_functions_sdfr/environment/path.dsv
[0.613s] -- Up-to-date: /home/sdfr-ppd-16/ros2_ws/install/image_functions_sdfr/share/image_functions_sdfr/local_setup.bash
[0.614s] -- Up-to-date: /home/sdfr-ppd-16/ros2_ws/install/image_functions_sdfr/share/image_functions_sdfr/local_setup.sh
[0.616s] -- Up-to-date: /home/sdfr-ppd-16/ros2_ws/install/image_functions_sdfr/share/image_functions_sdfr/local_setup.zsh
[0.620s] -- Up-to-date: /home/sdfr-ppd-16/ros2_ws/install/image_functions_sdfr/share/image_functions_sdfr/local_setup.dsv
[0.631s] -- Installing: /home/sdfr-ppd-16/ros2_ws/install/image_functions_sdfr/share/image_functions_sdfr/package.dsv
[0.632s] -- Up-to-date: /home/sdfr-ppd-16/ros2_ws/install/image_functions_sdfr/share/ament_index/resource_index/packages/image_functions_sdfr
[0.634s] -- Up-to-date: /home/sdfr-ppd-16/ros2_ws/install/image_functions_sdfr/share/image_functions_sdfr/cmake/export_image_functions_sdfrExport.cmake
[0.635s] -- Up-to-date: /home/sdfr-ppd-16/ros2_ws/install/image_functions_sdfr/share/image_functions_sdfr/cmake/export_image_functions_sdfrExport-noconfig.cmake
[0.637s] -- Up-to-date: /home/sdfr-ppd-16/ros2_ws/install/image_functions_sdfr/share/image_functions_sdfr/cmake/ament_cmake_export_include_directories-extras.cmake
[0.651s] -- Up-to-date: /home/sdfr-ppd-16/ros2_ws/install/image_functions_sdfr/share/image_functions_sdfr/cmake/ament_cmake_export_libraries-extras.cmake
[0.652s] -- Up-to-date: /home/sdfr-ppd-16/ros2_ws/install/image_functions_sdfr/share/image_functions_sdfr/cmake/ament_cmake_export_targets-extras.cmake
[0.653s] -- Up-to-date: /home/sdfr-ppd-16/ros2_ws/install/image_functions_sdfr/share/image_functions_sdfr/cmake/ament_cmake_export_dependencies-extras.cmake
[0.655s] -- Up-to-date: /home/sdfr-ppd-16/ros2_ws/install/image_functions_sdfr/share/image_functions_sdfr/cmake/image_functions_sdfrConfig.cmake
[0.657s] -- Up-to-date: /home/sdfr-ppd-16/ros2_ws/install/image_functions_sdfr/share/image_functions_sdfr/cmake/image_functions_sdfrConfig-version.cmake
[0.677s] -- Up-to-date: /home/sdfr-ppd-16/ros2_ws/install/image_functions_sdfr/share/image_functions_sdfr/package.xml
[0.679s] Invoked command in '/home/sdfr-ppd-16/ros2_ws/build/image_functions_sdfr' returned '0': CMAKE_PREFIX_PATH=${CMAKE_PREFIX_PATH}:/opt/ros/humble /usr/bin/cmake --install /home/sdfr-ppd-16/ros2_ws/build/image_functions_sdfr
