[0.010s] Invoking command in '/home/raghav742/SDfR/Assignments/assignment6/ros2_ws/build/relbot_simulator': CMAKE_PREFIX_PATH=${CMAKE_PREFIX_PATH}:/opt/ros/humble /usr/bin/cmake /home/raghav742/SDfR/Assignments/assignment6/ros2_ws/src/relbot_simulator -DCMAKE_INSTALL_PREFIX=/home/raghav742/SDfR/Assignments/assignment6/ros2_ws/install/relbot_simulator
[0.076s] -- The C compiler identification is GNU 11.4.0
[0.149s] -- The CXX compiler identification is GNU 11.4.0
[0.159s] -- Detecting C compiler ABI info
[0.214s] -- Detecting C compiler ABI info - done
[0.222s] -- Check for working C compiler: /usr/bin/cc - skipped
[0.222s] -- Detecting C compile features
[0.223s] -- Detecting C compile features - done
[0.227s] -- Detecting CXX compiler ABI info
[0.303s] -- Detecting CXX compiler ABI info - done
[0.315s] -- Check for working CXX compiler: /usr/bin/c++ - skipped
[0.316s] -- Detecting CXX compile features
[0.316s] -- Detecting CXX compile features - done
[0.320s] -- Found ament_cmake: 1.3.14 (/opt/ros/humble/share/ament_cmake/cmake)
[0.456s] -- Found Python3: /usr/bin/python3 (found version "3.10.12") found components: Interpreter 
[0.534s] -- Found rclcpp: 16.0.18 (/opt/ros/humble/share/rclcpp/cmake)
[0.585s] -- Found rosidl_generator_c: 3.1.8 (/opt/ros/humble/share/rosidl_generator_c/cmake)
[0.590s] -- Found rosidl_adapter: 3.1.8 (/opt/ros/humble/share/rosidl_adapter/cmake)
[0.597s] -- Found rosidl_generator_cpp: 3.1.8 (/opt/ros/humble/share/rosidl_generator_cpp/cmake)
[0.607s] -- Using all available rosidl_typesupport_c: rosidl_typesupport_fastrtps_c;rosidl_typesupport_introspection_c
[0.621s] -- Using all available rosidl_typesupport_cpp: rosidl_typesupport_fastrtps_cpp;rosidl_typesupport_introspection_cpp
[0.664s] -- Found rmw_implementation_cmake: 6.1.2 (/opt/ros/humble/share/rmw_implementation_cmake/cmake)
[0.667s] -- Found rmw_fastrtps_cpp: 6.2.10 (/opt/ros/humble/share/rmw_fastrtps_cpp/cmake)
[0.739s] -- Found OpenSSL: /usr/lib/x86_64-linux-gnu/libcrypto.so (found version "3.0.2")  
[0.776s] -- Found FastRTPS: /opt/ros/humble/include  
[0.820s] -- Using RMW implementation 'rmw_fastrtps_cpp' as default
[0.826s] -- Looking for pthread.h
[0.883s] -- Looking for pthread.h - found
[0.883s] -- Performing Test CMAKE_HAVE_LIBC_PTHREAD
[0.941s] -- Performing Test CMAKE_HAVE_LIBC_PTHREAD - Success
[0.942s] -- Found Threads: TRUE  
[1.001s] -- Found geometry_msgs: 4.9.1 (/opt/ros/humble/share/geometry_msgs/cmake)
[1.013s] -- Found sensor_msgs: 4.9.1 (/opt/ros/humble/share/sensor_msgs/cmake)
[1.028s] -- Found relbot_msgs: 2025.2.0 (/home/raghav742/SDfR/Assignments/assignment6/ros2_ws/install/relbot_msgs/share/relbot_msgs/cmake)
[1.047s] -- Found OpenCV: /usr (found version "4.5.4") found components: core highgui imgcodecs imgproc videoio 
[1.049s] -- Found cv_bridge: 3.2.1 (/opt/ros/humble/share/cv_bridge/cmake)
[1.055s] -- Found ament_lint_auto: 0.12.15 (/opt/ros/humble/share/ament_lint_auto/cmake)
[1.175s] -- Added test 'copyright' to check source files copyright and LICENSE
[1.177s] -- Added test 'cppcheck' to perform static code analysis on C / C++ code
[1.178s] -- Configured cppcheck include dirs: /home/raghav742/SDfR/Assignments/assignment6/ros2_ws/src/relbot_simulator/include;/home/raghav742/SDfR/Assignments/assignment6/ros2_ws/src/relbot_simulator/common;$<BUILD_INTERFACE:/home/raghav742/SDfR/Assignments/assignment6/ros2_ws/src/relbot_simulator/include>;$<BUILD_INTERFACE:/home/raghav742/SDfR/Assignments/assignment6/ros2_ws/src/relbot_simulator/common>
[1.178s] -- Configured cppcheck exclude dirs and/or files: 
[1.180s] -- Added test 'cpplint' to check C / C++ code against the Google style
[1.180s] -- Configured cpplint exclude dirs and/or files: 
[1.182s] -- Added test 'lint_cmake' to check CMake code style
[1.184s] -- Added test 'uncrustify' to check C / C++ code style
[1.184s] -- Configured uncrustify additional arguments: 
[1.185s] -- Added test 'xmllint' to check XML markup files
[1.187s] -- Configuring done
[1.206s] -- Generating done
[1.213s] -- Build files have been written to: /home/raghav742/SDfR/Assignments/assignment6/ros2_ws/build/relbot_simulator
[1.227s] Invoked command in '/home/raghav742/SDfR/Assignments/assignment6/ros2_ws/build/relbot_simulator' returned '0': CMAKE_PREFIX_PATH=${CMAKE_PREFIX_PATH}:/opt/ros/humble /usr/bin/cmake /home/raghav742/SDfR/Assignments/assignment6/ros2_ws/src/relbot_simulator -DCMAKE_INSTALL_PREFIX=/home/raghav742/SDfR/Assignments/assignment6/ros2_ws/install/relbot_simulator
[1.229s] Invoking command in '/home/raghav742/SDfR/Assignments/assignment6/ros2_ws/build/relbot_simulator': CMAKE_PREFIX_PATH=${CMAKE_PREFIX_PATH}:/opt/ros/humble /usr/bin/cmake --build /home/raghav742/SDfR/Assignments/assignment6/ros2_ws/build/relbot_simulator -- -j8 -l8
[1.296s] [ 22%] [32mBuilding CXX object CMakeFiles/relbot_simulator.dir/common/EulerAngles.cpp.o[0m
[1.296s] [ 22%] [32mBuilding CXX object CMakeFiles/relbot_simulator.dir/src/Plant.cpp.o[0m
[1.305s] [ 33%] [32mBuilding CXX object CMakeFiles/relbot_simulator.dir/src/relbot_simulator.cpp.o[0m
[1.315s] [ 44%] [32mBuilding CXX object CMakeFiles/relbot_simulator.dir/common/MotionProfiles.cpp.o[0m
[1.324s] [ 55%] [32mBuilding CXX object CMakeFiles/relbot_simulator.dir/common/xxmatrix.cpp.o[0m
[1.343s] [ 66%] [32mBuilding CXX object CMakeFiles/relbot_simulator.dir/common/xxinteg.cpp.o[0m
[1.346s] [ 77%] [32mBuilding CXX object CMakeFiles/relbot_simulator.dir/common/xxfuncs.cpp.o[0m
[1.350s] [ 88%] [32mBuilding CXX object CMakeFiles/relbot_simulator.dir/common/xxinverse.cpp.o[0m
[13.327s] [100%] [32m[1mLinking CXX executable relbot_simulator[0m
[14.076s] [100%] Built target relbot_simulator
[14.083s] Invoked command in '/home/raghav742/SDfR/Assignments/assignment6/ros2_ws/build/relbot_simulator' returned '0': CMAKE_PREFIX_PATH=${CMAKE_PREFIX_PATH}:/opt/ros/humble /usr/bin/cmake --build /home/raghav742/SDfR/Assignments/assignment6/ros2_ws/build/relbot_simulator -- -j8 -l8
[14.084s] Invoking command in '/home/raghav742/SDfR/Assignments/assignment6/ros2_ws/build/relbot_simulator': CMAKE_PREFIX_PATH=${CMAKE_PREFIX_PATH}:/opt/ros/humble /usr/bin/cmake --install /home/raghav742/SDfR/Assignments/assignment6/ros2_ws/build/relbot_simulator
[14.089s] -- Install configuration: ""
[14.089s] -- Installing: /home/raghav742/SDfR/Assignments/assignment6/ros2_ws/install/relbot_simulator/lib/relbot_simulator/relbot_simulator
[14.093s] -- Set runtime path of "/home/raghav742/SDfR/Assignments/assignment6/ros2_ws/install/relbot_simulator/lib/relbot_simulator/relbot_simulator" to ""
[14.093s] -- Installing: /home/raghav742/SDfR/Assignments/assignment6/ros2_ws/install/relbot_simulator/include
[14.093s] -- Installing: /home/raghav742/SDfR/Assignments/assignment6/ros2_ws/install/relbot_simulator/include/MotionProfiles.cpp
[14.093s] -- Installing: /home/raghav742/SDfR/Assignments/assignment6/ros2_ws/install/relbot_simulator/include/xxinteg.h
[14.093s] -- Installing: /home/raghav742/SDfR/Assignments/assignment6/ros2_ws/install/relbot_simulator/include/xxinteg.cpp
[14.093s] -- Installing: /home/raghav742/SDfR/Assignments/assignment6/ros2_ws/install/relbot_simulator/include/xxinverse.cpp
[14.093s] -- Installing: /home/raghav742/SDfR/Assignments/assignment6/ros2_ws/install/relbot_simulator/include/xxmatrix.cpp
[14.093s] -- Installing: /home/raghav742/SDfR/Assignments/assignment6/ros2_ws/install/relbot_simulator/include/xxmodel.h
[14.093s] -- Installing: /home/raghav742/SDfR/Assignments/assignment6/ros2_ws/install/relbot_simulator/include/xxtypes.h
[14.093s] -- Installing: /home/raghav742/SDfR/Assignments/assignment6/ros2_ws/install/relbot_simulator/include/EulerAngles.cpp
[14.093s] -- Installing: /home/raghav742/SDfR/Assignments/assignment6/ros2_ws/install/relbot_simulator/include/xxmatrix.h
[14.093s] -- Installing: /home/raghav742/SDfR/Assignments/assignment6/ros2_ws/install/relbot_simulator/include/EulerAngles.h
[14.094s] -- Installing: /home/raghav742/SDfR/Assignments/assignment6/ros2_ws/install/relbot_simulator/include/MotionProfiles.h
[14.094s] -- Installing: /home/raghav742/SDfR/Assignments/assignment6/ros2_ws/install/relbot_simulator/include/xxfuncs.h
[14.094s] -- Installing: /home/raghav742/SDfR/Assignments/assignment6/ros2_ws/install/relbot_simulator/include/xxinverse.h
[14.094s] -- Installing: /home/raghav742/SDfR/Assignments/assignment6/ros2_ws/install/relbot_simulator/include/xxfuncs.cpp
[14.094s] -- Installing: /home/raghav742/SDfR/Assignments/assignment6/ros2_ws/install/relbot_simulator/share/ament_index/resource_index/package_run_dependencies/relbot_simulator
[14.094s] -- Installing: /home/raghav742/SDfR/Assignments/assignment6/ros2_ws/install/relbot_simulator/share/ament_index/resource_index/parent_prefix_path/relbot_simulator
[14.094s] -- Installing: /home/raghav742/SDfR/Assignments/assignment6/ros2_ws/install/relbot_simulator/share/relbot_simulator/environment/ament_prefix_path.sh
[14.094s] -- Installing: /home/raghav742/SDfR/Assignments/assignment6/ros2_ws/install/relbot_simulator/share/relbot_simulator/environment/ament_prefix_path.dsv
[14.094s] -- Installing: /home/raghav742/SDfR/Assignments/assignment6/ros2_ws/install/relbot_simulator/share/relbot_simulator/environment/path.sh
[14.094s] -- Installing: /home/raghav742/SDfR/Assignments/assignment6/ros2_ws/install/relbot_simulator/share/relbot_simulator/environment/path.dsv
[14.094s] -- Installing: /home/raghav742/SDfR/Assignments/assignment6/ros2_ws/install/relbot_simulator/share/relbot_simulator/local_setup.bash
[14.094s] -- Installing: /home/raghav742/SDfR/Assignments/assignment6/ros2_ws/install/relbot_simulator/share/relbot_simulator/local_setup.sh
[14.094s] -- Installing: /home/raghav742/SDfR/Assignments/assignment6/ros2_ws/install/relbot_simulator/share/relbot_simulator/local_setup.zsh
[14.094s] -- Installing: /home/raghav742/SDfR/Assignments/assignment6/ros2_ws/install/relbot_simulator/share/relbot_simulator/local_setup.dsv
[14.094s] -- Installing: /home/raghav742/SDfR/Assignments/assignment6/ros2_ws/install/relbot_simulator/share/relbot_simulator/package.dsv
[14.094s] -- Installing: /home/raghav742/SDfR/Assignments/assignment6/ros2_ws/install/relbot_simulator/share/ament_index/resource_index/packages/relbot_simulator
[14.094s] -- Installing: /home/raghav742/SDfR/Assignments/assignment6/ros2_ws/install/relbot_simulator/share/relbot_simulator/cmake/relbot_simulatorConfig.cmake
[14.095s] -- Installing: /home/raghav742/SDfR/Assignments/assignment6/ros2_ws/install/relbot_simulator/share/relbot_simulator/cmake/relbot_simulatorConfig-version.cmake
[14.095s] -- Installing: /home/raghav742/SDfR/Assignments/assignment6/ros2_ws/install/relbot_simulator/share/relbot_simulator/package.xml
[14.096s] Invoked command in '/home/raghav742/SDfR/Assignments/assignment6/ros2_ws/build/relbot_simulator' returned '0': CMAKE_PREFIX_PATH=${CMAKE_PREFIX_PATH}:/opt/ros/humble /usr/bin/cmake --install /home/raghav742/SDfR/Assignments/assignment6/ros2_ws/build/relbot_simulator
