[0.013s] Invoking command in '/home/raghav742/SDfR/Assignments/assignment5/ros2_ws/src/build/relbot_sequence_controller': CMAKE_PREFIX_PATH=${CMAKE_PREFIX_PATH}:/opt/ros/humble /usr/bin/cmake /home/raghav742/SDfR/Assignments/assignment5/ros2_ws/src/relbot_sequence_controller/relbot_sequence_controller -DCMAKE_INSTALL_PREFIX=/home/raghav742/SDfR/Assignments/assignment5/ros2_ws/src/install/relbot_sequence_controller
[0.026s] -- Found ament_cmake: 1.3.14 (/opt/ros/humble/share/ament_cmake/cmake)
[0.207s] -- Found Python3: /usr/bin/python3 (found version "3.10.12") found components: Interpreter 
[0.328s] -- Found rclcpp: 16.0.18 (/opt/ros/humble/share/rclcpp/cmake)
[0.372s] -- Found rosidl_generator_c: 3.1.8 (/opt/ros/humble/share/rosidl_generator_c/cmake)
[0.378s] -- Found rosidl_adapter: 3.1.8 (/opt/ros/humble/share/rosidl_adapter/cmake)
[0.387s] -- Found rosidl_generator_cpp: 3.1.8 (/opt/ros/humble/share/rosidl_generator_cpp/cmake)
[0.399s] -- Using all available rosidl_typesupport_c: rosidl_typesupport_fastrtps_c;rosidl_typesupport_introspection_c
[0.417s] -- Using all available rosidl_typesupport_cpp: rosidl_typesupport_fastrtps_cpp;rosidl_typesupport_introspection_cpp
[0.479s] -- Found rmw_implementation_cmake: 6.1.2 (/opt/ros/humble/share/rmw_implementation_cmake/cmake)
[0.483s] -- Found rmw_fastrtps_cpp: 6.2.10 (/opt/ros/humble/share/rmw_fastrtps_cpp/cmake)
[0.557s] -- Found OpenSSL: /usr/lib/x86_64-linux-gnu/libcrypto.so (found version "3.0.2")  
[0.592s] -- Found FastRTPS: /opt/ros/humble/include  
[0.635s] -- Using RMW implementation 'rmw_fastrtps_cpp' as default
[0.643s] -- Looking for pthread.h
[0.694s] -- Looking for pthread.h - found
[0.694s] -- Performing Test CMAKE_HAVE_LIBC_PTHREAD
[0.748s] -- Performing Test CMAKE_HAVE_LIBC_PTHREAD - Success
[0.749s] -- Found Threads: TRUE  
[0.791s] -- Found example_interfaces: 0.9.3 (/opt/ros/humble/share/example_interfaces/cmake)
[0.829s] -- Found relbot_msgs: 2025.2.0 (/home/raghav742/SDfR/Assignments/assignment5/ros2_ws/src/install/relbot_msgs/share/relbot_msgs/cmake)
[0.843s] -- Found ament_lint_auto: 0.12.15 (/opt/ros/humble/share/ament_lint_auto/cmake)
[0.927s] -- Added test 'cppcheck' to perform static code analysis on C / C++ code
[0.927s] -- Configured cppcheck include dirs: /home/raghav742/SDfR/Assignments/assignment5/ros2_ws/src/relbot_sequence_controller/relbot_sequence_controller/include
[0.927s] -- Configured cppcheck exclude dirs and/or files: 
[0.928s] -- Added test 'lint_cmake' to check CMake code style
[0.929s] -- Added test 'uncrustify' to check C / C++ code style
[0.929s] -- Configured uncrustify additional arguments: 
[0.930s] -- Added test 'xmllint' to check XML markup files
[0.932s] -- Configuring done
[0.945s] -- Generating done
[0.951s] -- Build files have been written to: /home/raghav742/SDfR/Assignments/assignment5/ros2_ws/src/build/relbot_sequence_controller
[0.961s] Invoked command in '/home/raghav742/SDfR/Assignments/assignment5/ros2_ws/src/build/relbot_sequence_controller' returned '0': CMAKE_PREFIX_PATH=${CMAKE_PREFIX_PATH}:/opt/ros/humble /usr/bin/cmake /home/raghav742/SDfR/Assignments/assignment5/ros2_ws/src/relbot_sequence_controller/relbot_sequence_controller -DCMAKE_INSTALL_PREFIX=/home/raghav742/SDfR/Assignments/assignment5/ros2_ws/src/install/relbot_sequence_controller
[0.962s] Invoking command in '/home/raghav742/SDfR/Assignments/assignment5/ros2_ws/src/build/relbot_sequence_controller': CMAKE_PREFIX_PATH=${CMAKE_PREFIX_PATH}:/opt/ros/humble /usr/bin/cmake --build /home/raghav742/SDfR/Assignments/assignment5/ros2_ws/src/build/relbot_sequence_controller -- -j8 -l8
[0.994s] [ 50%] [32mBuilding CXX object CMakeFiles/relbot_sequence_controller.dir/src/relbot_sequence_controller.cpp.o[0m
[4.813s] [100%] [32m[1mLinking CXX executable relbot_sequence_controller[0m
[5.050s] [100%] Built target relbot_sequence_controller
[5.057s] Invoked command in '/home/raghav742/SDfR/Assignments/assignment5/ros2_ws/src/build/relbot_sequence_controller' returned '0': CMAKE_PREFIX_PATH=${CMAKE_PREFIX_PATH}:/opt/ros/humble /usr/bin/cmake --build /home/raghav742/SDfR/Assignments/assignment5/ros2_ws/src/build/relbot_sequence_controller -- -j8 -l8
[5.058s] Invoking command in '/home/raghav742/SDfR/Assignments/assignment5/ros2_ws/src/build/relbot_sequence_controller': CMAKE_PREFIX_PATH=${CMAKE_PREFIX_PATH}:/opt/ros/humble /usr/bin/cmake --install /home/raghav742/SDfR/Assignments/assignment5/ros2_ws/src/build/relbot_sequence_controller
[5.063s] -- Install configuration: ""
[5.063s] -- Installing: /home/raghav742/SDfR/Assignments/assignment5/ros2_ws/src/install/relbot_sequence_controller/lib/relbot_sequence_controller/relbot_sequence_controller
[5.064s] -- Set runtime path of "/home/raghav742/SDfR/Assignments/assignment5/ros2_ws/src/install/relbot_sequence_controller/lib/relbot_sequence_controller/relbot_sequence_controller" to ""
[5.064s] -- Installing: /home/raghav742/SDfR/Assignments/assignment5/ros2_ws/src/install/relbot_sequence_controller/share/ament_index/resource_index/package_run_dependencies/relbot_sequence_controller
[5.064s] -- Installing: /home/raghav742/SDfR/Assignments/assignment5/ros2_ws/src/install/relbot_sequence_controller/share/ament_index/resource_index/parent_prefix_path/relbot_sequence_controller
[5.064s] -- Installing: /home/raghav742/SDfR/Assignments/assignment5/ros2_ws/src/install/relbot_sequence_controller/share/relbot_sequence_controller/environment/ament_prefix_path.sh
[5.064s] -- Installing: /home/raghav742/SDfR/Assignments/assignment5/ros2_ws/src/install/relbot_sequence_controller/share/relbot_sequence_controller/environment/ament_prefix_path.dsv
[5.064s] -- Installing: /home/raghav742/SDfR/Assignments/assignment5/ros2_ws/src/install/relbot_sequence_controller/share/relbot_sequence_controller/environment/path.sh
[5.065s] -- Installing: /home/raghav742/SDfR/Assignments/assignment5/ros2_ws/src/install/relbot_sequence_controller/share/relbot_sequence_controller/environment/path.dsv
[5.065s] -- Installing: /home/raghav742/SDfR/Assignments/assignment5/ros2_ws/src/install/relbot_sequence_controller/share/relbot_sequence_controller/local_setup.bash
[5.065s] -- Installing: /home/raghav742/SDfR/Assignments/assignment5/ros2_ws/src/install/relbot_sequence_controller/share/relbot_sequence_controller/local_setup.sh
[5.065s] -- Installing: /home/raghav742/SDfR/Assignments/assignment5/ros2_ws/src/install/relbot_sequence_controller/share/relbot_sequence_controller/local_setup.zsh
[5.065s] -- Installing: /home/raghav742/SDfR/Assignments/assignment5/ros2_ws/src/install/relbot_sequence_controller/share/relbot_sequence_controller/local_setup.dsv
[5.065s] -- Installing: /home/raghav742/SDfR/Assignments/assignment5/ros2_ws/src/install/relbot_sequence_controller/share/relbot_sequence_controller/package.dsv
[5.065s] -- Installing: /home/raghav742/SDfR/Assignments/assignment5/ros2_ws/src/install/relbot_sequence_controller/share/ament_index/resource_index/packages/relbot_sequence_controller
[5.065s] -- Installing: /home/raghav742/SDfR/Assignments/assignment5/ros2_ws/src/install/relbot_sequence_controller/share/relbot_sequence_controller/cmake/relbot_sequence_controllerConfig.cmake
[5.065s] -- Installing: /home/raghav742/SDfR/Assignments/assignment5/ros2_ws/src/install/relbot_sequence_controller/share/relbot_sequence_controller/cmake/relbot_sequence_controllerConfig-version.cmake
[5.065s] -- Installing: /home/raghav742/SDfR/Assignments/assignment5/ros2_ws/src/install/relbot_sequence_controller/share/relbot_sequence_controller/package.xml
[5.067s] Invoked command in '/home/raghav742/SDfR/Assignments/assignment5/ros2_ws/src/build/relbot_sequence_controller' returned '0': CMAKE_PREFIX_PATH=${CMAKE_PREFIX_PATH}:/opt/ros/humble /usr/bin/cmake --install /home/raghav742/SDfR/Assignments/assignment5/ros2_ws/src/build/relbot_sequence_controller
