[0.076s] Invoking command in '/home/sdfr-ppd-16/ros2_ws/build/relbot_msgs': CMAKE_PREFIX_PATH=${CMAKE_PREFIX_PATH}:/opt/ros/humble /usr/bin/cmake --build /home/sdfr-ppd-16/ros2_ws/build/relbot_msgs -- -j3 -l3
[0.323s] [  2%] Built target relbot_msgs__cpp
[0.346s] [ 12%] Built target relbot_msgs__rosidl_generator_c
[0.428s] [ 12%] Built target ament_cmake_python_copy_relbot_msgs
[0.488s] [ 23%] Built target relbot_msgs__rosidl_typesupport_fastrtps_cpp
[0.521s] [ 33%] Built target relbot_msgs__rosidl_typesupport_cpp
[0.609s] [ 43%] Built target relbot_msgs__rosidl_typesupport_introspection_cpp
[0.744s] [ 53%] Built target relbot_msgs__rosidl_typesupport_fastrtps_c
[0.829s] [ 64%] Built target relbot_msgs__rosidl_typesupport_introspection_c
[0.909s] [ 74%] Built target relbot_msgs__rosidl_typesupport_c
[1.040s] [ 74%] Built target relbot_msgs
[1.107s] [ 76%] Built target relbot_msgs__py
[1.260s] [ 84%] Built target relbot_msgs__rosidl_generator_py
[1.350s] [ 89%] Built target relbot_msgs__rosidl_typesupport_fastrtps_c__pyext
[1.386s] [ 94%] Built target relbot_msgs__rosidl_typesupport_introspection_c__pyext
[1.543s] [100%] Built target relbot_msgs__rosidl_typesupport_c__pyext
[2.124s] running egg_info
[2.136s] writing relbot_msgs.egg-info/PKG-INFO
[2.138s] writing dependency_links to relbot_msgs.egg-info/dependency_links.txt
[2.139s] writing top-level names to relbot_msgs.egg-info/top_level.txt
[2.143s] reading manifest file 'relbot_msgs.egg-info/SOURCES.txt'
[2.148s] writing manifest file 'relbot_msgs.egg-info/SOURCES.txt'
[2.361s] [100%] Built target ament_cmake_python_build_relbot_msgs_egg
[2.404s] Invoked command in '/home/sdfr-ppd-16/ros2_ws/build/relbot_msgs' returned '0': CMAKE_PREFIX_PATH=${CMAKE_PREFIX_PATH}:/opt/ros/humble /usr/bin/cmake --build /home/sdfr-ppd-16/ros2_ws/build/relbot_msgs -- -j3 -l3
[2.411s] Invoking command in '/home/sdfr-ppd-16/ros2_ws/build/relbot_msgs': CMAKE_PREFIX_PATH=${CMAKE_PREFIX_PATH}:/opt/ros/humble /usr/bin/cmake --install /home/sdfr-ppd-16/ros2_ws/build/relbot_msgs
[2.465s] -- Install configuration: ""
[2.471s] -- Up-to-date: /home/sdfr-ppd-16/ros2_ws/install/relbot_msgs/share/ament_index/resource_index/rosidl_interfaces/relbot_msgs
[2.475s] -- Up-to-date: /home/sdfr-ppd-16/ros2_ws/install/relbot_msgs/include/relbot_msgs/relbot_msgs
[2.479s] -- Up-to-date: /home/sdfr-ppd-16/ros2_ws/install/relbot_msgs/include/relbot_msgs/relbot_msgs/msg
[2.484s] -- Up-to-date: /home/sdfr-ppd-16/ros2_ws/install/relbot_msgs/include/relbot_msgs/relbot_msgs/msg/rosidl_generator_c__visibility_control.h
[2.486s] -- Up-to-date: /home/sdfr-ppd-16/ros2_ws/install/relbot_msgs/include/relbot_msgs/relbot_msgs/msg/detail
[2.488s] -- Up-to-date: /home/sdfr-ppd-16/ros2_ws/install/relbot_msgs/include/relbot_msgs/relbot_msgs/msg/detail/relbot_motors_stamped__struct.h
[2.490s] -- Up-to-date: /home/sdfr-ppd-16/ros2_ws/install/relbot_msgs/include/relbot_msgs/relbot_msgs/msg/detail/relbot_motors_stamped__functions.h
[2.491s] -- Up-to-date: /home/sdfr-ppd-16/ros2_ws/install/relbot_msgs/include/relbot_msgs/relbot_msgs/msg/detail/relbot_motors__struct.h
[2.492s] -- Up-to-date: /home/sdfr-ppd-16/ros2_ws/install/relbot_msgs/include/relbot_msgs/relbot_msgs/msg/detail/relbot_motors_stamped__functions.c
[2.495s] -- Up-to-date: /home/sdfr-ppd-16/ros2_ws/install/relbot_msgs/include/relbot_msgs/relbot_msgs/msg/detail/relbot_motors__functions.c
[2.497s] -- Up-to-date: /home/sdfr-ppd-16/ros2_ws/install/relbot_msgs/include/relbot_msgs/relbot_msgs/msg/detail/relbot_motors__functions.h
[2.499s] -- Up-to-date: /home/sdfr-ppd-16/ros2_ws/install/relbot_msgs/include/relbot_msgs/relbot_msgs/msg/detail/relbot_motors_stamped__type_support.h
[2.500s] -- Up-to-date: /home/sdfr-ppd-16/ros2_ws/install/relbot_msgs/include/relbot_msgs/relbot_msgs/msg/detail/relbot_motors__type_support.h
[2.503s] -- Up-to-date: /home/sdfr-ppd-16/ros2_ws/install/relbot_msgs/include/relbot_msgs/relbot_msgs/msg/relbot_motors_stamped.h
[2.505s] -- Up-to-date: /home/sdfr-ppd-16/ros2_ws/install/relbot_msgs/include/relbot_msgs/relbot_msgs/msg/relbot_motors.h
[2.506s] -- Up-to-date: /home/sdfr-ppd-16/ros2_ws/install/relbot_msgs/share/relbot_msgs/environment/library_path.sh
[2.508s] -- Up-to-date: /home/sdfr-ppd-16/ros2_ws/install/relbot_msgs/share/relbot_msgs/environment/library_path.dsv
[2.510s] -- Up-to-date: /home/sdfr-ppd-16/ros2_ws/install/relbot_msgs/lib/librelbot_msgs__rosidl_generator_c.so
[2.512s] -- Up-to-date: /home/sdfr-ppd-16/ros2_ws/install/relbot_msgs/include/relbot_msgs/relbot_msgs
[2.513s] -- Up-to-date: /home/sdfr-ppd-16/ros2_ws/install/relbot_msgs/include/relbot_msgs/relbot_msgs/msg
[2.515s] -- Up-to-date: /home/sdfr-ppd-16/ros2_ws/install/relbot_msgs/include/relbot_msgs/relbot_msgs/msg/detail
[2.516s] -- Up-to-date: /home/sdfr-ppd-16/ros2_ws/install/relbot_msgs/include/relbot_msgs/relbot_msgs/msg/detail/relbot_motors_stamped__rosidl_typesupport_fastrtps_c.h
[2.517s] -- Up-to-date: /home/sdfr-ppd-16/ros2_ws/install/relbot_msgs/include/relbot_msgs/relbot_msgs/msg/detail/relbot_motors__rosidl_typesupport_fastrtps_c.h
[2.519s] -- Up-to-date: /home/sdfr-ppd-16/ros2_ws/install/relbot_msgs/include/relbot_msgs/relbot_msgs/msg/rosidl_typesupport_fastrtps_c__visibility_control.h
[2.521s] -- Up-to-date: /home/sdfr-ppd-16/ros2_ws/install/relbot_msgs/lib/librelbot_msgs__rosidl_typesupport_fastrtps_c.so
[2.522s] -- Up-to-date: /home/sdfr-ppd-16/ros2_ws/install/relbot_msgs/include/relbot_msgs/relbot_msgs
[2.524s] -- Up-to-date: /home/sdfr-ppd-16/ros2_ws/install/relbot_msgs/include/relbot_msgs/relbot_msgs/msg
[2.525s] -- Up-to-date: /home/sdfr-ppd-16/ros2_ws/install/relbot_msgs/include/relbot_msgs/relbot_msgs/msg/rosidl_typesupport_introspection_c__visibility_control.h
[2.526s] -- Up-to-date: /home/sdfr-ppd-16/ros2_ws/install/relbot_msgs/include/relbot_msgs/relbot_msgs/msg/detail
[2.528s] -- Up-to-date: /home/sdfr-ppd-16/ros2_ws/install/relbot_msgs/include/relbot_msgs/relbot_msgs/msg/detail/relbot_motors_stamped__rosidl_typesupport_introspection_c.h
[2.529s] -- Up-to-date: /home/sdfr-ppd-16/ros2_ws/install/relbot_msgs/include/relbot_msgs/relbot_msgs/msg/detail/relbot_motors__rosidl_typesupport_introspection_c.h
[2.530s] -- Up-to-date: /home/sdfr-ppd-16/ros2_ws/install/relbot_msgs/include/relbot_msgs/relbot_msgs/msg/detail/relbot_motors__type_support.c
[2.531s] -- Up-to-date: /home/sdfr-ppd-16/ros2_ws/install/relbot_msgs/include/relbot_msgs/relbot_msgs/msg/detail/relbot_motors_stamped__type_support.c
[2.533s] -- Up-to-date: /home/sdfr-ppd-16/ros2_ws/install/relbot_msgs/lib/librelbot_msgs__rosidl_typesupport_introspection_c.so
[2.534s] -- Up-to-date: /home/sdfr-ppd-16/ros2_ws/install/relbot_msgs/lib/librelbot_msgs__rosidl_typesupport_c.so
[2.536s] -- Up-to-date: /home/sdfr-ppd-16/ros2_ws/install/relbot_msgs/include/relbot_msgs/relbot_msgs
[2.537s] -- Up-to-date: /home/sdfr-ppd-16/ros2_ws/install/relbot_msgs/include/relbot_msgs/relbot_msgs/msg
[2.538s] -- Up-to-date: /home/sdfr-ppd-16/ros2_ws/install/relbot_msgs/include/relbot_msgs/relbot_msgs/msg/relbot_motors_stamped.hpp
[2.540s] -- Up-to-date: /home/sdfr-ppd-16/ros2_ws/install/relbot_msgs/include/relbot_msgs/relbot_msgs/msg/detail
[2.541s] -- Up-to-date: /home/sdfr-ppd-16/ros2_ws/install/relbot_msgs/include/relbot_msgs/relbot_msgs/msg/detail/relbot_motors_stamped__type_support.hpp
[2.542s] -- Up-to-date: /home/sdfr-ppd-16/ros2_ws/install/relbot_msgs/include/relbot_msgs/relbot_msgs/msg/detail/relbot_motors_stamped__struct.hpp
[2.548s] -- Up-to-date: /home/sdfr-ppd-16/ros2_ws/install/relbot_msgs/include/relbot_msgs/relbot_msgs/msg/detail/relbot_motors_stamped__traits.hpp
[2.550s] -- Up-to-date: /home/sdfr-ppd-16/ros2_ws/install/relbot_msgs/include/relbot_msgs/relbot_msgs/msg/detail/relbot_motors__type_support.hpp
[2.551s] -- Up-to-date: /home/sdfr-ppd-16/ros2_ws/install/relbot_msgs/include/relbot_msgs/relbot_msgs/msg/detail/relbot_motors__traits.hpp
[2.552s] -- Up-to-date: /home/sdfr-ppd-16/ros2_ws/install/relbot_msgs/include/relbot_msgs/relbot_msgs/msg/detail/relbot_motors_stamped__builder.hpp
[2.554s] -- Up-to-date: /home/sdfr-ppd-16/ros2_ws/install/relbot_msgs/include/relbot_msgs/relbot_msgs/msg/detail/relbot_motors__builder.hpp
[2.555s] -- Up-to-date: /home/sdfr-ppd-16/ros2_ws/install/relbot_msgs/include/relbot_msgs/relbot_msgs/msg/detail/relbot_motors__struct.hpp
[2.556s] -- Up-to-date: /home/sdfr-ppd-16/ros2_ws/install/relbot_msgs/include/relbot_msgs/relbot_msgs/msg/rosidl_generator_cpp__visibility_control.hpp
[2.558s] -- Up-to-date: /home/sdfr-ppd-16/ros2_ws/install/relbot_msgs/include/relbot_msgs/relbot_msgs/msg/relbot_motors.hpp
[2.560s] -- Up-to-date: /home/sdfr-ppd-16/ros2_ws/install/relbot_msgs/include/relbot_msgs/relbot_msgs
[2.562s] -- Up-to-date: /home/sdfr-ppd-16/ros2_ws/install/relbot_msgs/include/relbot_msgs/relbot_msgs/msg
[2.564s] -- Up-to-date: /home/sdfr-ppd-16/ros2_ws/install/relbot_msgs/include/relbot_msgs/relbot_msgs/msg/detail
[2.565s] -- Up-to-date: /home/sdfr-ppd-16/ros2_ws/install/relbot_msgs/include/relbot_msgs/relbot_msgs/msg/detail/dds_fastrtps
[2.566s] -- Up-to-date: /home/sdfr-ppd-16/ros2_ws/install/relbot_msgs/include/relbot_msgs/relbot_msgs/msg/detail/relbot_motors_stamped__rosidl_typesupport_fastrtps_cpp.hpp
[2.568s] -- Up-to-date: /home/sdfr-ppd-16/ros2_ws/install/relbot_msgs/include/relbot_msgs/relbot_msgs/msg/detail/relbot_motors__rosidl_typesupport_fastrtps_cpp.hpp
[2.570s] -- Up-to-date: /home/sdfr-ppd-16/ros2_ws/install/relbot_msgs/include/relbot_msgs/relbot_msgs/msg/rosidl_typesupport_fastrtps_cpp__visibility_control.h
[2.571s] -- Up-to-date: /home/sdfr-ppd-16/ros2_ws/install/relbot_msgs/lib/librelbot_msgs__rosidl_typesupport_fastrtps_cpp.so
[2.573s] -- Up-to-date: /home/sdfr-ppd-16/ros2_ws/install/relbot_msgs/include/relbot_msgs/relbot_msgs
[2.575s] -- Up-to-date: /home/sdfr-ppd-16/ros2_ws/install/relbot_msgs/include/relbot_msgs/relbot_msgs/msg
[2.576s] -- Up-to-date: /home/sdfr-ppd-16/ros2_ws/install/relbot_msgs/include/relbot_msgs/relbot_msgs/msg/detail
[2.578s] -- Up-to-date: /home/sdfr-ppd-16/ros2_ws/install/relbot_msgs/include/relbot_msgs/relbot_msgs/msg/detail/relbot_motors_stamped__type_support.cpp
[2.579s] -- Up-to-date: /home/sdfr-ppd-16/ros2_ws/install/relbot_msgs/include/relbot_msgs/relbot_msgs/msg/detail/relbot_motors__type_support.cpp
[2.581s] -- Up-to-date: /home/sdfr-ppd-16/ros2_ws/install/relbot_msgs/include/relbot_msgs/relbot_msgs/msg/detail/relbot_motors__rosidl_typesupport_introspection_cpp.hpp
[2.582s] -- Up-to-date: /home/sdfr-ppd-16/ros2_ws/install/relbot_msgs/include/relbot_msgs/relbot_msgs/msg/detail/relbot_motors_stamped__rosidl_typesupport_introspection_cpp.hpp
[2.584s] -- Up-to-date: /home/sdfr-ppd-16/ros2_ws/install/relbot_msgs/lib/librelbot_msgs__rosidl_typesupport_introspection_cpp.so
[2.585s] -- Up-to-date: /home/sdfr-ppd-16/ros2_ws/install/relbot_msgs/lib/librelbot_msgs__rosidl_typesupport_cpp.so
[2.586s] -- Up-to-date: /home/sdfr-ppd-16/ros2_ws/install/relbot_msgs/share/relbot_msgs/environment/pythonpath.sh
[2.587s] -- Up-to-date: /home/sdfr-ppd-16/ros2_ws/install/relbot_msgs/share/relbot_msgs/environment/pythonpath.dsv
[2.588s] -- Up-to-date: /home/sdfr-ppd-16/ros2_ws/install/relbot_msgs/local/lib/python3.10/dist-packages/relbot_msgs-2025.2.0-py3.10.egg-info
[2.590s] -- Installing: /home/sdfr-ppd-16/ros2_ws/install/relbot_msgs/local/lib/python3.10/dist-packages/relbot_msgs-2025.2.0-py3.10.egg-info/dependency_links.txt
[2.591s] -- Installing: /home/sdfr-ppd-16/ros2_ws/install/relbot_msgs/local/lib/python3.10/dist-packages/relbot_msgs-2025.2.0-py3.10.egg-info/PKG-INFO
[2.592s] -- Installing: /home/sdfr-ppd-16/ros2_ws/install/relbot_msgs/local/lib/python3.10/dist-packages/relbot_msgs-2025.2.0-py3.10.egg-info/SOURCES.txt
[2.594s] -- Installing: /home/sdfr-ppd-16/ros2_ws/install/relbot_msgs/local/lib/python3.10/dist-packages/relbot_msgs-2025.2.0-py3.10.egg-info/top_level.txt
[2.629s] -- Up-to-date: /home/sdfr-ppd-16/ros2_ws/install/relbot_msgs/local/lib/python3.10/dist-packages/relbot_msgs
[2.653s] -- Up-to-date: /home/sdfr-ppd-16/ros2_ws/install/relbot_msgs/local/lib/python3.10/dist-packages/relbot_msgs/_relbot_msgs_s.ep.rosidl_typesupport_fastrtps_c.c
[2.654s] -- Up-to-date: /home/sdfr-ppd-16/ros2_ws/install/relbot_msgs/local/lib/python3.10/dist-packages/relbot_msgs/_relbot_msgs_s.ep.rosidl_typesupport_c.c
[2.663s] -- Up-to-date: /home/sdfr-ppd-16/ros2_ws/install/relbot_msgs/local/lib/python3.10/dist-packages/relbot_msgs/relbot_msgs_s__rosidl_typesupport_introspection_c.cpython-310-aarch64-linux-gnu.so
[2.664s] -- Up-to-date: /home/sdfr-ppd-16/ros2_ws/install/relbot_msgs/local/lib/python3.10/dist-packages/relbot_msgs/msg
[2.665s] -- Up-to-date: /home/sdfr-ppd-16/ros2_ws/install/relbot_msgs/local/lib/python3.10/dist-packages/relbot_msgs/msg/_relbot_motors_s.c
[2.668s] -- Up-to-date: /home/sdfr-ppd-16/ros2_ws/install/relbot_msgs/local/lib/python3.10/dist-packages/relbot_msgs/msg/_relbot_motors_stamped_s.c
[2.669s] -- Up-to-date: /home/sdfr-ppd-16/ros2_ws/install/relbot_msgs/local/lib/python3.10/dist-packages/relbot_msgs/msg/__init__.py
[2.669s] -- Up-to-date: /home/sdfr-ppd-16/ros2_ws/install/relbot_msgs/local/lib/python3.10/dist-packages/relbot_msgs/msg/_relbot_motors_stamped.py
[2.680s] -- Up-to-date: /home/sdfr-ppd-16/ros2_ws/install/relbot_msgs/local/lib/python3.10/dist-packages/relbot_msgs/msg/_relbot_motors.py
[2.692s] -- Up-to-date: /home/sdfr-ppd-16/ros2_ws/install/relbot_msgs/local/lib/python3.10/dist-packages/relbot_msgs/librelbot_msgs__rosidl_generator_py.so
[2.693s] -- Up-to-date: /home/sdfr-ppd-16/ros2_ws/install/relbot_msgs/local/lib/python3.10/dist-packages/relbot_msgs/__init__.py
[2.694s] -- Up-to-date: /home/sdfr-ppd-16/ros2_ws/install/relbot_msgs/local/lib/python3.10/dist-packages/relbot_msgs/relbot_msgs_s__rosidl_typesupport_fastrtps_c.cpython-310-aarch64-linux-gnu.so
[2.697s] -- Up-to-date: /home/sdfr-ppd-16/ros2_ws/install/relbot_msgs/local/lib/python3.10/dist-packages/relbot_msgs/relbot_msgs_s__rosidl_typesupport_c.cpython-310-aarch64-linux-gnu.so
[2.698s] -- Up-to-date: /home/sdfr-ppd-16/ros2_ws/install/relbot_msgs/local/lib/python3.10/dist-packages/relbot_msgs/_relbot_msgs_s.ep.rosidl_typesupport_introspection_c.c
[2.801s] Listing '/home/sdfr-ppd-16/ros2_ws/install/relbot_msgs/local/lib/python3.10/dist-packages/relbot_msgs'...
[2.803s] Listing '/home/sdfr-ppd-16/ros2_ws/install/relbot_msgs/local/lib/python3.10/dist-packages/relbot_msgs/msg'...
[2.849s] -- Up-to-date: /home/sdfr-ppd-16/ros2_ws/install/relbot_msgs/local/lib/python3.10/dist-packages/relbot_msgs/relbot_msgs_s__rosidl_typesupport_fastrtps_c.cpython-310-aarch64-linux-gnu.so
[2.857s] -- Up-to-date: /home/sdfr-ppd-16/ros2_ws/install/relbot_msgs/local/lib/python3.10/dist-packages/relbot_msgs/relbot_msgs_s__rosidl_typesupport_introspection_c.cpython-310-aarch64-linux-gnu.so
[2.867s] -- Up-to-date: /home/sdfr-ppd-16/ros2_ws/install/relbot_msgs/local/lib/python3.10/dist-packages/relbot_msgs/relbot_msgs_s__rosidl_typesupport_c.cpython-310-aarch64-linux-gnu.so
[2.876s] -- Up-to-date: /home/sdfr-ppd-16/ros2_ws/install/relbot_msgs/lib/librelbot_msgs__rosidl_generator_py.so
[2.881s] -- Up-to-date: /home/sdfr-ppd-16/ros2_ws/install/relbot_msgs/share/relbot_msgs/msg/RelbotMotors.idl
[2.882s] -- Up-to-date: /home/sdfr-ppd-16/ros2_ws/install/relbot_msgs/share/relbot_msgs/msg/RelbotMotorsStamped.idl
[2.883s] -- Up-to-date: /home/sdfr-ppd-16/ros2_ws/install/relbot_msgs/share/relbot_msgs/msg/RelbotMotors.msg
[2.884s] -- Up-to-date: /home/sdfr-ppd-16/ros2_ws/install/relbot_msgs/share/relbot_msgs/msg/RelbotMotorsStamped.msg
[2.885s] -- Up-to-date: /home/sdfr-ppd-16/ros2_ws/install/relbot_msgs/share/ament_index/resource_index/package_run_dependencies/relbot_msgs
[2.888s] -- Up-to-date: /home/sdfr-ppd-16/ros2_ws/install/relbot_msgs/share/ament_index/resource_index/parent_prefix_path/relbot_msgs
[2.889s] -- Up-to-date: /home/sdfr-ppd-16/ros2_ws/install/relbot_msgs/share/relbot_msgs/environment/ament_prefix_path.sh
[2.891s] -- Up-to-date: /home/sdfr-ppd-16/ros2_ws/install/relbot_msgs/share/relbot_msgs/environment/ament_prefix_path.dsv
[2.893s] -- Up-to-date: /home/sdfr-ppd-16/ros2_ws/install/relbot_msgs/share/relbot_msgs/environment/path.sh
[2.895s] -- Up-to-date: /home/sdfr-ppd-16/ros2_ws/install/relbot_msgs/share/relbot_msgs/environment/path.dsv
[2.897s] -- Up-to-date: /home/sdfr-ppd-16/ros2_ws/install/relbot_msgs/share/relbot_msgs/local_setup.bash
[2.899s] -- Up-to-date: /home/sdfr-ppd-16/ros2_ws/install/relbot_msgs/share/relbot_msgs/local_setup.sh
[2.901s] -- Up-to-date: /home/sdfr-ppd-16/ros2_ws/install/relbot_msgs/share/relbot_msgs/local_setup.zsh
[2.903s] -- Up-to-date: /home/sdfr-ppd-16/ros2_ws/install/relbot_msgs/share/relbot_msgs/local_setup.dsv
[2.905s] -- Installing: /home/sdfr-ppd-16/ros2_ws/install/relbot_msgs/share/relbot_msgs/package.dsv
[2.910s] -- Up-to-date: /home/sdfr-ppd-16/ros2_ws/install/relbot_msgs/share/ament_index/resource_index/packages/relbot_msgs
[2.912s] -- Up-to-date: /home/sdfr-ppd-16/ros2_ws/install/relbot_msgs/share/relbot_msgs/cmake/export_relbot_msgs__rosidl_generator_cExport.cmake
[2.913s] -- Up-to-date: /home/sdfr-ppd-16/ros2_ws/install/relbot_msgs/share/relbot_msgs/cmake/export_relbot_msgs__rosidl_generator_cExport-noconfig.cmake
[2.915s] -- Up-to-date: /home/sdfr-ppd-16/ros2_ws/install/relbot_msgs/share/relbot_msgs/cmake/export_relbot_msgs__rosidl_typesupport_fastrtps_cExport.cmake
[2.917s] -- Up-to-date: /home/sdfr-ppd-16/ros2_ws/install/relbot_msgs/share/relbot_msgs/cmake/export_relbot_msgs__rosidl_typesupport_fastrtps_cExport-noconfig.cmake
[2.919s] -- Up-to-date: /home/sdfr-ppd-16/ros2_ws/install/relbot_msgs/share/relbot_msgs/cmake/relbot_msgs__rosidl_typesupport_introspection_cExport.cmake
[2.920s] -- Up-to-date: /home/sdfr-ppd-16/ros2_ws/install/relbot_msgs/share/relbot_msgs/cmake/relbot_msgs__rosidl_typesupport_introspection_cExport-noconfig.cmake
[2.926s] -- Up-to-date: /home/sdfr-ppd-16/ros2_ws/install/relbot_msgs/share/relbot_msgs/cmake/relbot_msgs__rosidl_typesupport_cExport.cmake
[2.931s] -- Up-to-date: /home/sdfr-ppd-16/ros2_ws/install/relbot_msgs/share/relbot_msgs/cmake/relbot_msgs__rosidl_typesupport_cExport-noconfig.cmake
[2.936s] -- Up-to-date: /home/sdfr-ppd-16/ros2_ws/install/relbot_msgs/share/relbot_msgs/cmake/export_relbot_msgs__rosidl_generator_cppExport.cmake
[2.937s] -- Up-to-date: /home/sdfr-ppd-16/ros2_ws/install/relbot_msgs/share/relbot_msgs/cmake/export_relbot_msgs__rosidl_typesupport_fastrtps_cppExport.cmake
[2.939s] -- Up-to-date: /home/sdfr-ppd-16/ros2_ws/install/relbot_msgs/share/relbot_msgs/cmake/export_relbot_msgs__rosidl_typesupport_fastrtps_cppExport-noconfig.cmake
[2.941s] -- Up-to-date: /home/sdfr-ppd-16/ros2_ws/install/relbot_msgs/share/relbot_msgs/cmake/relbot_msgs__rosidl_typesupport_introspection_cppExport.cmake
[2.943s] -- Up-to-date: /home/sdfr-ppd-16/ros2_ws/install/relbot_msgs/share/relbot_msgs/cmake/relbot_msgs__rosidl_typesupport_introspection_cppExport-noconfig.cmake
[2.945s] -- Up-to-date: /home/sdfr-ppd-16/ros2_ws/install/relbot_msgs/share/relbot_msgs/cmake/relbot_msgs__rosidl_typesupport_cppExport.cmake
[2.947s] -- Up-to-date: /home/sdfr-ppd-16/ros2_ws/install/relbot_msgs/share/relbot_msgs/cmake/relbot_msgs__rosidl_typesupport_cppExport-noconfig.cmake
[2.949s] -- Up-to-date: /home/sdfr-ppd-16/ros2_ws/install/relbot_msgs/share/relbot_msgs/cmake/export_relbot_msgs__rosidl_generator_pyExport.cmake
[2.951s] -- Up-to-date: /home/sdfr-ppd-16/ros2_ws/install/relbot_msgs/share/relbot_msgs/cmake/export_relbot_msgs__rosidl_generator_pyExport-noconfig.cmake
[2.955s] -- Up-to-date: /home/sdfr-ppd-16/ros2_ws/install/relbot_msgs/share/relbot_msgs/cmake/rosidl_cmake-extras.cmake
[2.957s] -- Up-to-date: /home/sdfr-ppd-16/ros2_ws/install/relbot_msgs/share/relbot_msgs/cmake/ament_cmake_export_dependencies-extras.cmake
[2.959s] -- Up-to-date: /home/sdfr-ppd-16/ros2_ws/install/relbot_msgs/share/relbot_msgs/cmake/ament_cmake_export_include_directories-extras.cmake
[2.961s] -- Up-to-date: /home/sdfr-ppd-16/ros2_ws/install/relbot_msgs/share/relbot_msgs/cmake/ament_cmake_export_libraries-extras.cmake
[2.963s] -- Up-to-date: /home/sdfr-ppd-16/ros2_ws/install/relbot_msgs/share/relbot_msgs/cmake/ament_cmake_export_targets-extras.cmake
[2.965s] -- Up-to-date: /home/sdfr-ppd-16/ros2_ws/install/relbot_msgs/share/relbot_msgs/cmake/rosidl_cmake_export_typesupport_targets-extras.cmake
[2.966s] -- Up-to-date: /home/sdfr-ppd-16/ros2_ws/install/relbot_msgs/share/relbot_msgs/cmake/rosidl_cmake_export_typesupport_libraries-extras.cmake
[2.968s] -- Up-to-date: /home/sdfr-ppd-16/ros2_ws/install/relbot_msgs/share/relbot_msgs/cmake/relbot_msgsConfig.cmake
[2.969s] -- Up-to-date: /home/sdfr-ppd-16/ros2_ws/install/relbot_msgs/share/relbot_msgs/cmake/relbot_msgsConfig-version.cmake
[2.974s] -- Up-to-date: /home/sdfr-ppd-16/ros2_ws/install/relbot_msgs/share/relbot_msgs/package.xml
[2.979s] Invoked command in '/home/sdfr-ppd-16/ros2_ws/build/relbot_msgs' returned '0': CMAKE_PREFIX_PATH=${CMAKE_PREFIX_PATH}:/opt/ros/humble /usr/bin/cmake --install /home/sdfr-ppd-16/ros2_ws/build/relbot_msgs
