[0.001s] Invoking command in '/home/srik/ros_ubuntu/ros2_ws/build/relbot_simulator': AMENT_PREFIX_PATH=/home/srik/ros_ubuntu/ros2_ws/install/relbot_msgs:${AMENT_PREFIX_PATH} CMAKE_PREFIX_PATH=/home/srik/ros_ubuntu/ros2_ws/install/relbot_msgs:/opt/ros/humble DEBUGINFOD_URLS=https://debuginfod.archlinux.org https://debuginfod.cachyos.org LD_LIBRARY_PATH=/home/srik/ros_ubuntu/ros2_ws/install/relbot_msgs/lib:${LD_LIBRARY_PATH} PYTHONPATH=/home/srik/ros_ubuntu/ros2_ws/install/relbot_msgs/local/lib/python3.10/dist-packages:${PYTHONPATH} /usr/bin/cmake --build /home/srik/ros_ubuntu/ros2_ws/build/relbot_simulator -- -j32 -l32
[0.021s] [100%] Built target relbot_simulator
[0.025s] Invoked command in '/home/srik/ros_ubuntu/ros2_ws/build/relbot_simulator' returned '0': AMENT_PREFIX_PATH=/home/srik/ros_ubuntu/ros2_ws/install/relbot_msgs:${AMENT_PREFIX_PATH} CMAKE_PREFIX_PATH=/home/srik/ros_ubuntu/ros2_ws/install/relbot_msgs:/opt/ros/humble DEBUGINFOD_URLS=https://debuginfod.archlinux.org https://debuginfod.cachyos.org LD_LIBRARY_PATH=/home/srik/ros_ubuntu/ros2_ws/install/relbot_msgs/lib:${LD_LIBRARY_PATH} PYTHONPATH=/home/srik/ros_ubuntu/ros2_ws/install/relbot_msgs/local/lib/python3.10/dist-packages:${PYTHONPATH} /usr/bin/cmake --build /home/srik/ros_ubuntu/ros2_ws/build/relbot_simulator -- -j32 -l32
[0.026s] Invoking command in '/home/srik/ros_ubuntu/ros2_ws/build/relbot_simulator': AMENT_PREFIX_PATH=/home/srik/ros_ubuntu/ros2_ws/install/relbot_msgs:${AMENT_PREFIX_PATH} CMAKE_PREFIX_PATH=/home/srik/ros_ubuntu/ros2_ws/install/relbot_msgs:/opt/ros/humble DEBUGINFOD_URLS=https://debuginfod.archlinux.org https://debuginfod.cachyos.org LD_LIBRARY_PATH=/home/srik/ros_ubuntu/ros2_ws/install/relbot_msgs/lib:${LD_LIBRARY_PATH} PYTHONPATH=/home/srik/ros_ubuntu/ros2_ws/install/relbot_msgs/local/lib/python3.10/dist-packages:${PYTHONPATH} /usr/bin/cmake --install /home/srik/ros_ubuntu/ros2_ws/build/relbot_simulator
[0.028s] -- Install configuration: ""
[0.028s] -- Up-to-date: /home/srik/ros_ubuntu/ros2_ws/install/relbot_simulator/lib/relbot_simulator/relbot_simulator
[0.028s] -- Up-to-date: /home/srik/ros_ubuntu/ros2_ws/install/relbot_simulator/include
[0.029s] -- Up-to-date: /home/srik/ros_ubuntu/ros2_ws/install/relbot_simulator/include/EulerAngles.cpp
[0.031s] -- Up-to-date: /home/srik/ros_ubuntu/ros2_ws/install/relbot_simulator/include/EulerAngles.h
[0.033s] -- Up-to-date: /home/srik/ros_ubuntu/ros2_ws/install/relbot_simulator/include/MotionProfiles.cpp
[0.034s] -- Up-to-date: /home/srik/ros_ubuntu/ros2_ws/install/relbot_simulator/include/MotionProfiles.h
[0.035s] -- Up-to-date: /home/srik/ros_ubuntu/ros2_ws/install/relbot_simulator/include/xxfuncs.cpp
[0.035s] -- Up-to-date: /home/srik/ros_ubuntu/ros2_ws/install/relbot_simulator/include/xxfuncs.h
[0.035s] -- Up-to-date: /home/srik/ros_ubuntu/ros2_ws/install/relbot_simulator/include/xxinteg.cpp
[0.035s] -- Up-to-date: /home/srik/ros_ubuntu/ros2_ws/install/relbot_simulator/include/xxinteg.h
[0.035s] -- Up-to-date: /home/srik/ros_ubuntu/ros2_ws/install/relbot_simulator/include/xxinverse.cpp
[0.035s] -- Up-to-date: /home/srik/ros_ubuntu/ros2_ws/install/relbot_simulator/include/xxinverse.h
[0.035s] -- Up-to-date: /home/srik/ros_ubuntu/ros2_ws/install/relbot_simulator/include/xxmatrix.cpp
[0.035s] -- Up-to-date: /home/srik/ros_ubuntu/ros2_ws/install/relbot_simulator/include/xxmatrix.h
[0.035s] -- Up-to-date: /home/srik/ros_ubuntu/ros2_ws/install/relbot_simulator/include/xxmodel.h
[0.035s] -- Up-to-date: /home/srik/ros_ubuntu/ros2_ws/install/relbot_simulator/include/xxtypes.h
[0.035s] -- Up-to-date: /home/srik/ros_ubuntu/ros2_ws/install/relbot_simulator/share/ament_index/resource_index/package_run_dependencies/relbot_simulator
[0.036s] -- Up-to-date: /home/srik/ros_ubuntu/ros2_ws/install/relbot_simulator/share/ament_index/resource_index/parent_prefix_path/relbot_simulator
[0.036s] -- Up-to-date: /home/srik/ros_ubuntu/ros2_ws/install/relbot_simulator/share/relbot_simulator/environment/ament_prefix_path.sh
[0.036s] -- Up-to-date: /home/srik/ros_ubuntu/ros2_ws/install/relbot_simulator/share/relbot_simulator/environment/ament_prefix_path.dsv
[0.036s] -- Up-to-date: /home/srik/ros_ubuntu/ros2_ws/install/relbot_simulator/share/relbot_simulator/environment/path.sh
[0.036s] -- Up-to-date: /home/srik/ros_ubuntu/ros2_ws/install/relbot_simulator/share/relbot_simulator/environment/path.dsv
[0.036s] -- Up-to-date: /home/srik/ros_ubuntu/ros2_ws/install/relbot_simulator/share/relbot_simulator/local_setup.bash
[0.036s] -- Up-to-date: /home/srik/ros_ubuntu/ros2_ws/install/relbot_simulator/share/relbot_simulator/local_setup.sh
[0.036s] -- Up-to-date: /home/srik/ros_ubuntu/ros2_ws/install/relbot_simulator/share/relbot_simulator/local_setup.zsh
[0.036s] -- Up-to-date: /home/srik/ros_ubuntu/ros2_ws/install/relbot_simulator/share/relbot_simulator/local_setup.dsv
[0.036s] -- Installing: /home/srik/ros_ubuntu/ros2_ws/install/relbot_simulator/share/relbot_simulator/package.dsv
[0.036s] -- Up-to-date: /home/srik/ros_ubuntu/ros2_ws/install/relbot_simulator/share/ament_index/resource_index/packages/relbot_simulator
[0.036s] -- Up-to-date: /home/srik/ros_ubuntu/ros2_ws/install/relbot_simulator/share/relbot_simulator/cmake/relbot_simulatorConfig.cmake
[0.036s] -- Up-to-date: /home/srik/ros_ubuntu/ros2_ws/install/relbot_simulator/share/relbot_simulator/cmake/relbot_simulatorConfig-version.cmake
[0.036s] -- Up-to-date: /home/srik/ros_ubuntu/ros2_ws/install/relbot_simulator/share/relbot_simulator/package.xml
[0.036s] Invoked command in '/home/srik/ros_ubuntu/ros2_ws/build/relbot_simulator' returned '0': AMENT_PREFIX_PATH=/home/srik/ros_ubuntu/ros2_ws/install/relbot_msgs:${AMENT_PREFIX_PATH} CMAKE_PREFIX_PATH=/home/srik/ros_ubuntu/ros2_ws/install/relbot_msgs:/opt/ros/humble DEBUGINFOD_URLS=https://debuginfod.archlinux.org https://debuginfod.cachyos.org LD_LIBRARY_PATH=/home/srik/ros_ubuntu/ros2_ws/install/relbot_msgs/lib:${LD_LIBRARY_PATH} PYTHONPATH=/home/srik/ros_ubuntu/ros2_ws/install/relbot_msgs/local/lib/python3.10/dist-packages:${PYTHONPATH} /usr/bin/cmake --install /home/srik/ros_ubuntu/ros2_ws/build/relbot_simulator
