-- Found ament_cmake: 1.3.11 (/opt/ros/humble/share/ament_cmake/cmake)
-- Found rclcpp: 16.0.11 (/opt/ros/humble/share/rclcpp/cmake)
-- Found rosidl_generator_c: 3.1.6 (/opt/ros/humble/share/rosidl_generator_c/cmake)
-- Found rosidl_adapter: 3.1.6 (/opt/ros/humble/share/rosidl_adapter/cmake)
-- Found rosidl_generator_cpp: 3.1.6 (/opt/ros/humble/share/rosidl_generator_cpp/cmake)
-- Using all available rosidl_typesupport_c: rosidl_typesupport_fastrtps_c;rosidl_typesupport_introspection_c
-- Using all available rosidl_typesupport_cpp: rosidl_typesupport_fastrtps_cpp;rosidl_typesupport_introspection_cpp
-- Found rmw_implementation_cmake: 6.1.2 (/opt/ros/humble/share/rmw_implementation_cmake/cmake)
-- Found rmw_fastrtps_cpp: 6.2.7 (/opt/ros/humble/share/rmw_fastrtps_cpp/cmake)
-- Using RMW implementation 'rmw_fastrtps_cpp' as default
-- Found xrf2_msgs: 0.0.0 (/home/sdfr-ppd-16/ros2_ws/install/xrf2_msgs/share/xrf2_msgs/cmake)
-- Configuring done
-- Generating done
-- Build files have been written to: /home/sdfr-ppd-16/ros2_ws/build/ros_xeno_bridge
[35m[1mConsolidate compiler generated dependencies of target RosXenoBridge[0m
[ 50%] [32mBuilding CXX object CMakeFiles/RosXenoBridge.dir/src/RosXenoBridge.cpp.o[0m
[100%] [32m[1mLinking CXX executable RosXenoBridge[0m
[100%] Built target RosXenoBridge
-- Install configuration: ""
-- Installing: /home/sdfr-ppd-16/ros2_ws/install/ros_xeno_bridge/lib/ros_xeno_bridge/RosXenoBridge
-- Set runtime path of "/home/sdfr-ppd-16/ros2_ws/install/ros_xeno_bridge/lib/ros_xeno_bridge/RosXenoBridge" to ""
-- Installing: /home/sdfr-ppd-16/ros2_ws/install/ros_xeno_bridge/share/ament_index/resource_index/package_run_dependencies/ros_xeno_bridge
-- Installing: /home/sdfr-ppd-16/ros2_ws/install/ros_xeno_bridge/share/ament_index/resource_index/parent_prefix_path/ros_xeno_bridge
-- Installing: /home/sdfr-ppd-16/ros2_ws/install/ros_xeno_bridge/share/ros_xeno_bridge/environment/ament_prefix_path.sh
-- Installing: /home/sdfr-ppd-16/ros2_ws/install/ros_xeno_bridge/share/ros_xeno_bridge/environment/ament_prefix_path.dsv
-- Installing: /home/sdfr-ppd-16/ros2_ws/install/ros_xeno_bridge/share/ros_xeno_bridge/environment/path.sh
-- Installing: /home/sdfr-ppd-16/ros2_ws/install/ros_xeno_bridge/share/ros_xeno_bridge/environment/path.dsv
-- Installing: /home/sdfr-ppd-16/ros2_ws/install/ros_xeno_bridge/share/ros_xeno_bridge/local_setup.bash
-- Installing: /home/sdfr-ppd-16/ros2_ws/install/ros_xeno_bridge/share/ros_xeno_bridge/local_setup.sh
-- Installing: /home/sdfr-ppd-16/ros2_ws/install/ros_xeno_bridge/share/ros_xeno_bridge/local_setup.zsh
-- Installing: /home/sdfr-ppd-16/ros2_ws/install/ros_xeno_bridge/share/ros_xeno_bridge/local_setup.dsv
-- Installing: /home/sdfr-ppd-16/ros2_ws/install/ros_xeno_bridge/share/ros_xeno_bridge/package.dsv
-- Installing: /home/sdfr-ppd-16/ros2_ws/install/ros_xeno_bridge/share/ament_index/resource_index/packages/ros_xeno_bridge
-- Installing: /home/sdfr-ppd-16/ros2_ws/install/ros_xeno_bridge/share/ros_xeno_bridge/cmake/ros_xeno_bridgeConfig.cmake
-- Installing: /home/sdfr-ppd-16/ros2_ws/install/ros_xeno_bridge/share/ros_xeno_bridge/cmake/ros_xeno_bridgeConfig-version.cmake
-- Up-to-date: /home/sdfr-ppd-16/ros2_ws/install/ros_xeno_bridge/share/ros_xeno_bridge/package.xml
