[0.011s] Invoking command in '/home/srik/ros_ubuntu/ros2_ws/build/relbot_adapter': CMAKE_PREFIX_PATH=${CMAKE_PREFIX_PATH}:/opt/ros/humble DEBUGINFOD_URLS=https://debuginfod.archlinux.org https://debuginfod.cachyos.org /usr/bin/cmake /home/srik/ros_ubuntu/ros2_ws/src/relbot_adapter -DCMAKE_INSTALL_PREFIX=/home/srik/ros_ubuntu/ros2_ws/install/relbot_adapter
[0.016s] -- Found ament_cmake: 1.3.13 (/opt/ros/humble/share/ament_cmake/cmake)
[0.112s] -- Found rclcpp: 16.0.18 (/opt/ros/humble/share/rclcpp/cmake)
[0.136s] -- Found rosidl_generator_c: 3.1.8 (/opt/ros/humble/share/rosidl_generator_c/cmake)
[0.137s] -- Found rosidl_adapter: 3.1.8 (/opt/ros/humble/share/rosidl_adapter/cmake)
[0.141s] -- Found rosidl_generator_cpp: 3.1.8 (/opt/ros/humble/share/rosidl_generator_cpp/cmake)
[0.146s] -- Using all available rosidl_typesupport_c: rosidl_typesupport_fastrtps_c;rosidl_typesupport_introspection_c
[0.152s] -- Using all available rosidl_typesupport_cpp: rosidl_typesupport_fastrtps_cpp;rosidl_typesupport_introspection_cpp
[0.174s] -- Found rmw_implementation_cmake: 6.1.2 (/opt/ros/humble/share/rmw_implementation_cmake/cmake)
[0.176s] -- Found rmw_fastrtps_cpp: 6.2.10 (/opt/ros/humble/share/rmw_fastrtps_cpp/cmake)
[0.274s] -- Using RMW implementation 'rmw_fastrtps_cpp' as default
[0.311s] -- Found example_interfaces: 0.9.3 (/opt/ros/humble/share/example_interfaces/cmake)
[0.348s] -- Found geometry_msgs: 4.9.1 (/opt/ros/humble/share/geometry_msgs/cmake)
[0.358s] -- Found relbot_msgs: 2025.2.0 (/home/srik/ros_ubuntu/ros2_ws/install/relbot_msgs/share/relbot_msgs/cmake)
[0.373s] -- xrf2_msgs found, enabling related features
[0.375s] -- Found ament_lint_auto: 0.12.15 (/opt/ros/humble/share/ament_lint_auto/cmake)
[0.428s] -- Added test 'cppcheck' to perform static code analysis on C / C++ code
[0.428s] -- Configured cppcheck include dirs: /home/srik/ros_ubuntu/ros2_ws/src/relbot_adapter/include;$<BUILD_INTERFACE:/home/srik/ros_ubuntu/ros2_ws/src/relbot_adapter/include>
[0.428s] -- Configured cppcheck exclude dirs and/or files: 
[0.429s] -- Added test 'lint_cmake' to check CMake code style
[0.429s] -- Added test 'uncrustify' to check C / C++ code style
[0.429s] -- Configured uncrustify additional arguments: 
[0.429s] -- Added test 'xmllint' to check XML markup files
[0.431s] -- Configuring done
[0.439s] -- Generating done
[0.442s] -- Build files have been written to: /home/srik/ros_ubuntu/ros2_ws/build/relbot_adapter
[0.447s] Invoked command in '/home/srik/ros_ubuntu/ros2_ws/build/relbot_adapter' returned '0': CMAKE_PREFIX_PATH=${CMAKE_PREFIX_PATH}:/opt/ros/humble DEBUGINFOD_URLS=https://debuginfod.archlinux.org https://debuginfod.cachyos.org /usr/bin/cmake /home/srik/ros_ubuntu/ros2_ws/src/relbot_adapter -DCMAKE_INSTALL_PREFIX=/home/srik/ros_ubuntu/ros2_ws/install/relbot_adapter
[0.449s] Invoking command in '/home/srik/ros_ubuntu/ros2_ws/build/relbot_adapter': CMAKE_PREFIX_PATH=${CMAKE_PREFIX_PATH}:/opt/ros/humble DEBUGINFOD_URLS=https://debuginfod.archlinux.org https://debuginfod.cachyos.org /usr/bin/cmake --build /home/srik/ros_ubuntu/ros2_ws/build/relbot_adapter -- -j32 -l32
[0.480s] [ 50%] [32mBuilding CXX object CMakeFiles/relbot_adapter.dir/src/relbot_adapter.cpp.o[0m
[2.523s] [01m[K/home/srik/ros_ubuntu/ros2_ws/src/relbot_adapter/src/relbot_adapter.cpp:[m[K In member function ‘[01m[Kvoid RELbotAdapter::output_callback()[m[K’:
[2.523s] [01m[K/home/srik/ros_ubuntu/ros2_ws/src/relbot_adapter/src/relbot_adapter.cpp:158:20:[m[K [01;31m[Kerror: [m[K‘[01m[Kusing Ros2Xeno = struct xrf2_msgs::msg::Ros2Xeno_<std::allocator<void> >[m[K’ {aka ‘[01m[Kstruct xrf2_msgs::msg::Ros2Xeno_<std::allocator<void> >[m[K’} has no member named ‘[01m[Kset__left_wheel_vel[m[K’
[2.524s]   158 |       motor_output.[01;31m[Kset__left_wheel_vel[m[K(storage_buffer[0]);
[2.524s]       |                    [01;31m[K^~~~~~~~~~~~~~~~~~~[m[K
[2.524s] [01m[K/home/srik/ros_ubuntu/ros2_ws/src/relbot_adapter/src/relbot_adapter.cpp:159:20:[m[K [01;31m[Kerror: [m[K‘[01m[Kusing Ros2Xeno = struct xrf2_msgs::msg::Ros2Xeno_<std::allocator<void> >[m[K’ {aka ‘[01m[Kstruct xrf2_msgs::msg::Ros2Xeno_<std::allocator<void> >[m[K’} has no member named ‘[01m[Kset__right_wheel_vel[m[K’
[2.524s]   159 |       motor_output.[01;31m[Kset__right_wheel_vel[m[K(storage_buffer[1]);
[2.524s]       |                    [01;31m[K^~~~~~~~~~~~~~~~~~~~[m[K
[5.698s] gmake[2]: *** [CMakeFiles/relbot_adapter.dir/build.make:76: CMakeFiles/relbot_adapter.dir/src/relbot_adapter.cpp.o] Error 1
[5.698s] gmake[1]: *** [CMakeFiles/Makefile2:137: CMakeFiles/relbot_adapter.dir/all] Error 2
[5.698s] gmake: *** [Makefile:146: all] Error 2
