[0.049s] Invoking command in '/home/sdfr-ppd-16/SfDR-code/assignment6/ros2_ws/build/relbot_launch': CMAKE_PREFIX_PATH=${CMAKE_PREFIX_PATH}:/opt/ros/humble /usr/bin/cmake /home/sdfr-ppd-16/SfDR-code/assignment6/ros2_ws/src/relbot_launch/relbot_launch -DCMAKE_INSTALL_PREFIX=/home/sdfr-ppd-16/SfDR-code/assignment6/ros2_ws/install/relbot_launch
[0.295s] -- The C compiler identification is GNU 11.4.0
[0.547s] -- The CXX compiler identification is GNU 11.4.0
[0.582s] -- Detecting C compiler ABI info
[0.869s] -- Detecting C compiler ABI info - done
[0.897s] -- Check for working C compiler: /usr/bin/cc - skipped
[0.898s] -- Detecting C compile features
[0.900s] -- Detecting C compile features - done
[0.915s] -- Detecting CXX compiler ABI info
[1.252s] -- Detecting CXX compiler ABI info - done
[1.284s] -- Check for working CXX compiler: /usr/bin/c++ - skipped
[1.287s] -- Detecting CXX compile features
[1.290s] -- Detecting CXX compile features - done
[1.301s] -- Found ament_cmake: 1.3.11 (/opt/ros/humble/share/ament_cmake/cmake)
[2.075s] -- Found Python3: /usr/bin/python3 (found version "3.10.12") found components: Interpreter 
[2.485s] -- Found ament_lint_auto: 0.12.11 (/opt/ros/humble/share/ament_lint_auto/cmake)
[2.911s] -- Added test 'flake8' to check Python code syntax and style conventions
[2.913s] -- Added test 'lint_cmake' to check CMake code style
[2.916s] -- Added test 'pep257' to check Python code against some of the docstring style conventions in PEP 257
[2.920s] -- Added test 'xmllint' to check XML markup files
[2.929s] -- Configuring done
[2.952s] -- Generating done
[2.969s] -- Build files have been written to: /home/sdfr-ppd-16/SfDR-code/assignment6/ros2_ws/build/relbot_launch
[2.990s] Invoked command in '/home/sdfr-ppd-16/SfDR-code/assignment6/ros2_ws/build/relbot_launch' returned '0': CMAKE_PREFIX_PATH=${CMAKE_PREFIX_PATH}:/opt/ros/humble /usr/bin/cmake /home/sdfr-ppd-16/SfDR-code/assignment6/ros2_ws/src/relbot_launch/relbot_launch -DCMAKE_INSTALL_PREFIX=/home/sdfr-ppd-16/SfDR-code/assignment6/ros2_ws/install/relbot_launch
[2.994s] Invoking command in '/home/sdfr-ppd-16/SfDR-code/assignment6/ros2_ws/build/relbot_launch': CMAKE_PREFIX_PATH=${CMAKE_PREFIX_PATH}:/opt/ros/humble /usr/bin/cmake --build /home/sdfr-ppd-16/SfDR-code/assignment6/ros2_ws/build/relbot_launch -- -j3 -l3
[3.115s] Invoked command in '/home/sdfr-ppd-16/SfDR-code/assignment6/ros2_ws/build/relbot_launch' returned '0': CMAKE_PREFIX_PATH=${CMAKE_PREFIX_PATH}:/opt/ros/humble /usr/bin/cmake --build /home/sdfr-ppd-16/SfDR-code/assignment6/ros2_ws/build/relbot_launch -- -j3 -l3
[3.118s] Invoking command in '/home/sdfr-ppd-16/SfDR-code/assignment6/ros2_ws/build/relbot_launch': CMAKE_PREFIX_PATH=${CMAKE_PREFIX_PATH}:/opt/ros/humble /usr/bin/cmake --install /home/sdfr-ppd-16/SfDR-code/assignment6/ros2_ws/build/relbot_launch
[3.145s] -- Install configuration: ""
[3.147s] -- Installing: /home/sdfr-ppd-16/SfDR-code/assignment6/ros2_ws/install/relbot_launch/share/relbot_launch//launch
[3.148s] -- Installing: /home/sdfr-ppd-16/SfDR-code/assignment6/ros2_ws/install/relbot_launch/share/relbot_launch//launch/relbot_to_turtle.launch.py
[3.149s] -- Installing: /home/sdfr-ppd-16/SfDR-code/assignment6/ros2_ws/install/relbot_launch/share/relbot_launch//launch/relbot_system_joystick.launch.py
[3.150s] -- Installing: /home/sdfr-ppd-16/SfDR-code/assignment6/ros2_ws/install/relbot_launch/share/relbot_launch//launch/relbot_sequence_controller.launch.py
[3.152s] -- Installing: /home/sdfr-ppd-16/SfDR-code/assignment6/ros2_ws/install/relbot_launch/share/relbot_launch//launch/relbot_system.launch.py
[3.153s] -- Installing: /home/sdfr-ppd-16/SfDR-code/assignment6/ros2_ws/install/relbot_launch/share/ament_index/resource_index/package_run_dependencies/relbot_launch
[3.166s] -- Installing: /home/sdfr-ppd-16/SfDR-code/assignment6/ros2_ws/install/relbot_launch/share/ament_index/resource_index/parent_prefix_path/relbot_launch
[3.168s] -- Installing: /home/sdfr-ppd-16/SfDR-code/assignment6/ros2_ws/install/relbot_launch/share/relbot_launch/environment/ament_prefix_path.sh
[3.169s] -- Installing: /home/sdfr-ppd-16/SfDR-code/assignment6/ros2_ws/install/relbot_launch/share/relbot_launch/environment/ament_prefix_path.dsv
[3.170s] -- Installing: /home/sdfr-ppd-16/SfDR-code/assignment6/ros2_ws/install/relbot_launch/share/relbot_launch/environment/path.sh
[3.171s] -- Installing: /home/sdfr-ppd-16/SfDR-code/assignment6/ros2_ws/install/relbot_launch/share/relbot_launch/environment/path.dsv
[3.173s] -- Installing: /home/sdfr-ppd-16/SfDR-code/assignment6/ros2_ws/install/relbot_launch/share/relbot_launch/local_setup.bash
[3.174s] -- Installing: /home/sdfr-ppd-16/SfDR-code/assignment6/ros2_ws/install/relbot_launch/share/relbot_launch/local_setup.sh
[3.195s] -- Installing: /home/sdfr-ppd-16/SfDR-code/assignment6/ros2_ws/install/relbot_launch/share/relbot_launch/local_setup.zsh
[3.197s] -- Installing: /home/sdfr-ppd-16/SfDR-code/assignment6/ros2_ws/install/relbot_launch/share/relbot_launch/local_setup.dsv
[3.198s] -- Installing: /home/sdfr-ppd-16/SfDR-code/assignment6/ros2_ws/install/relbot_launch/share/relbot_launch/package.dsv
[3.200s] -- Installing: /home/sdfr-ppd-16/SfDR-code/assignment6/ros2_ws/install/relbot_launch/share/ament_index/resource_index/packages/relbot_launch
[3.201s] -- Installing: /home/sdfr-ppd-16/SfDR-code/assignment6/ros2_ws/install/relbot_launch/share/relbot_launch/cmake/relbot_launchConfig.cmake
[3.202s] -- Installing: /home/sdfr-ppd-16/SfDR-code/assignment6/ros2_ws/install/relbot_launch/share/relbot_launch/cmake/relbot_launchConfig-version.cmake
[3.204s] -- Installing: /home/sdfr-ppd-16/SfDR-code/assignment6/ros2_ws/install/relbot_launch/share/relbot_launch/package.xml
[3.205s] Invoked command in '/home/sdfr-ppd-16/SfDR-code/assignment6/ros2_ws/build/relbot_launch' returned '0': CMAKE_PREFIX_PATH=${CMAKE_PREFIX_PATH}:/opt/ros/humble /usr/bin/cmake --install /home/sdfr-ppd-16/SfDR-code/assignment6/ros2_ws/build/relbot_launch
