[0.011s] Invoking command in '/home/raghav742/SDfR/Assignments/assignment6/ros2_ws/build/relbot_adapter': CMAKE_PREFIX_PATH=${CMAKE_PREFIX_PATH}:/opt/ros/humble /usr/bin/cmake /home/raghav742/SDfR/Assignments/assignment6/ros2_ws/src/relbot_adapter -DCMAKE_INSTALL_PREFIX=/home/raghav742/SDfR/Assignments/assignment6/ros2_ws/install/relbot_adapter
[0.057s] -- The C compiler identification is GNU 11.4.0
[0.140s] -- The CXX compiler identification is GNU 11.4.0
[0.147s] -- Detecting C compiler ABI info
[0.231s] -- Detecting C compiler ABI info - done
[0.244s] -- Check for working C compiler: /usr/bin/cc - skipped
[0.245s] -- Detecting C compile features
[0.245s] -- Detecting C compile features - done
[0.249s] -- Detecting CXX compiler ABI info
[0.334s] -- Detecting CXX compiler ABI info - done
[0.341s] -- Check for working CXX compiler: /usr/bin/c++ - skipped
[0.341s] -- Detecting CXX compile features
[0.342s] -- Detecting CXX compile features - done
[0.344s] -- Found ament_cmake: 1.3.14 (/opt/ros/humble/share/ament_cmake/cmake)
[0.519s] -- Found Python3: /usr/bin/python3 (found version "3.10.12") found components: Interpreter 
[0.643s] -- Found rclcpp: 16.0.18 (/opt/ros/humble/share/rclcpp/cmake)
[0.688s] -- Found rosidl_generator_c: 3.1.8 (/opt/ros/humble/share/rosidl_generator_c/cmake)
[0.696s] -- Found rosidl_adapter: 3.1.8 (/opt/ros/humble/share/rosidl_adapter/cmake)
[0.708s] -- Found rosidl_generator_cpp: 3.1.8 (/opt/ros/humble/share/rosidl_generator_cpp/cmake)
[0.720s] -- Using all available rosidl_typesupport_c: rosidl_typesupport_fastrtps_c;rosidl_typesupport_introspection_c
[0.744s] -- Using all available rosidl_typesupport_cpp: rosidl_typesupport_fastrtps_cpp;rosidl_typesupport_introspection_cpp
[0.791s] -- Found rmw_implementation_cmake: 6.1.2 (/opt/ros/humble/share/rmw_implementation_cmake/cmake)
[0.797s] -- Found rmw_fastrtps_cpp: 6.2.10 (/opt/ros/humble/share/rmw_fastrtps_cpp/cmake)
[0.888s] -- Found OpenSSL: /usr/lib/x86_64-linux-gnu/libcrypto.so (found version "3.0.2")  
[0.922s] -- Found FastRTPS: /opt/ros/humble/include  
[0.965s] -- Using RMW implementation 'rmw_fastrtps_cpp' as default
[0.972s] -- Looking for pthread.h
[1.034s] -- Looking for pthread.h - found
[1.035s] -- Performing Test CMAKE_HAVE_LIBC_PTHREAD
[1.096s] -- Performing Test CMAKE_HAVE_LIBC_PTHREAD - Success
[1.098s] -- Found Threads: TRUE  
[1.147s] -- Found example_interfaces: 0.9.3 (/opt/ros/humble/share/example_interfaces/cmake)
[1.185s] -- Found geometry_msgs: 4.9.1 (/opt/ros/humble/share/geometry_msgs/cmake)
[1.196s] -- Found relbot_msgs: 2025.2.0 (/home/raghav742/SDfR/Assignments/assignment6/ros2_ws/install/relbot_msgs/share/relbot_msgs/cmake)
[1.211s] -- xrf2_msgs not found, building without xrf2 support.
[1.213s] -- Found ament_lint_auto: 0.12.15 (/opt/ros/humble/share/ament_lint_auto/cmake)
[1.292s] -- Added test 'cppcheck' to perform static code analysis on C / C++ code
[1.292s] -- Configured cppcheck include dirs: /home/raghav742/SDfR/Assignments/assignment6/ros2_ws/src/relbot_adapter/include;$<BUILD_INTERFACE:/home/raghav742/SDfR/Assignments/assignment6/ros2_ws/src/relbot_adapter/include>
[1.292s] -- Configured cppcheck exclude dirs and/or files: 
[1.292s] -- Added test 'lint_cmake' to check CMake code style
[1.292s] -- Added test 'uncrustify' to check C / C++ code style
[1.292s] -- Configured uncrustify additional arguments: 
[1.292s] -- Added test 'xmllint' to check XML markup files
[1.293s] -- Configuring done
[1.301s] -- Generating done
[1.305s] -- Build files have been written to: /home/raghav742/SDfR/Assignments/assignment6/ros2_ws/build/relbot_adapter
[1.314s] Invoked command in '/home/raghav742/SDfR/Assignments/assignment6/ros2_ws/build/relbot_adapter' returned '0': CMAKE_PREFIX_PATH=${CMAKE_PREFIX_PATH}:/opt/ros/humble /usr/bin/cmake /home/raghav742/SDfR/Assignments/assignment6/ros2_ws/src/relbot_adapter -DCMAKE_INSTALL_PREFIX=/home/raghav742/SDfR/Assignments/assignment6/ros2_ws/install/relbot_adapter
[1.316s] Invoking command in '/home/raghav742/SDfR/Assignments/assignment6/ros2_ws/build/relbot_adapter': CMAKE_PREFIX_PATH=${CMAKE_PREFIX_PATH}:/opt/ros/humble /usr/bin/cmake --build /home/raghav742/SDfR/Assignments/assignment6/ros2_ws/build/relbot_adapter -- -j8 -l8
[1.349s] [ 50%] [32mBuilding CXX object CMakeFiles/relbot_adapter.dir/src/relbot_adapter.cpp.o[0m
[11.306s] [100%] [32m[1mLinking CXX executable relbot_adapter[0m
[11.854s] [100%] Built target relbot_adapter
[11.864s] Invoked command in '/home/raghav742/SDfR/Assignments/assignment6/ros2_ws/build/relbot_adapter' returned '0': CMAKE_PREFIX_PATH=${CMAKE_PREFIX_PATH}:/opt/ros/humble /usr/bin/cmake --build /home/raghav742/SDfR/Assignments/assignment6/ros2_ws/build/relbot_adapter -- -j8 -l8
[11.865s] Invoking command in '/home/raghav742/SDfR/Assignments/assignment6/ros2_ws/build/relbot_adapter': CMAKE_PREFIX_PATH=${CMAKE_PREFIX_PATH}:/opt/ros/humble /usr/bin/cmake --install /home/raghav742/SDfR/Assignments/assignment6/ros2_ws/build/relbot_adapter
[11.871s] -- Install configuration: ""
[11.871s] -- Installing: /home/raghav742/SDfR/Assignments/assignment6/ros2_ws/install/relbot_adapter/lib/relbot_adapter/relbot_adapter
[11.875s] -- Set runtime path of "/home/raghav742/SDfR/Assignments/assignment6/ros2_ws/install/relbot_adapter/lib/relbot_adapter/relbot_adapter" to ""
[11.875s] -- Installing: /home/raghav742/SDfR/Assignments/assignment6/ros2_ws/install/relbot_adapter/share/ament_index/resource_index/package_run_dependencies/relbot_adapter
[11.875s] -- Installing: /home/raghav742/SDfR/Assignments/assignment6/ros2_ws/install/relbot_adapter/share/ament_index/resource_index/parent_prefix_path/relbot_adapter
[11.875s] -- Installing: /home/raghav742/SDfR/Assignments/assignment6/ros2_ws/install/relbot_adapter/share/relbot_adapter/environment/ament_prefix_path.sh
[11.875s] -- Installing: /home/raghav742/SDfR/Assignments/assignment6/ros2_ws/install/relbot_adapter/share/relbot_adapter/environment/ament_prefix_path.dsv
[11.876s] -- Installing: /home/raghav742/SDfR/Assignments/assignment6/ros2_ws/install/relbot_adapter/share/relbot_adapter/environment/path.sh
[11.876s] -- Installing: /home/raghav742/SDfR/Assignments/assignment6/ros2_ws/install/relbot_adapter/share/relbot_adapter/environment/path.dsv
[11.876s] -- Installing: /home/raghav742/SDfR/Assignments/assignment6/ros2_ws/install/relbot_adapter/share/relbot_adapter/local_setup.bash
[11.876s] -- Installing: /home/raghav742/SDfR/Assignments/assignment6/ros2_ws/install/relbot_adapter/share/relbot_adapter/local_setup.sh
[11.876s] -- Installing: /home/raghav742/SDfR/Assignments/assignment6/ros2_ws/install/relbot_adapter/share/relbot_adapter/local_setup.zsh
[11.876s] -- Installing: /home/raghav742/SDfR/Assignments/assignment6/ros2_ws/install/relbot_adapter/share/relbot_adapter/local_setup.dsv
[11.876s] -- Installing: /home/raghav742/SDfR/Assignments/assignment6/ros2_ws/install/relbot_adapter/share/relbot_adapter/package.dsv
[11.876s] -- Installing: /home/raghav742/SDfR/Assignments/assignment6/ros2_ws/install/relbot_adapter/share/ament_index/resource_index/packages/relbot_adapter
[11.876s] -- Installing: /home/raghav742/SDfR/Assignments/assignment6/ros2_ws/install/relbot_adapter/share/relbot_adapter/cmake/relbot_adapterConfig.cmake
[11.876s] -- Installing: /home/raghav742/SDfR/Assignments/assignment6/ros2_ws/install/relbot_adapter/share/relbot_adapter/cmake/relbot_adapterConfig-version.cmake
[11.876s] -- Installing: /home/raghav742/SDfR/Assignments/assignment6/ros2_ws/install/relbot_adapter/share/relbot_adapter/package.xml
[11.878s] Invoked command in '/home/raghav742/SDfR/Assignments/assignment6/ros2_ws/build/relbot_adapter' returned '0': CMAKE_PREFIX_PATH=${CMAKE_PREFIX_PATH}:/opt/ros/humble /usr/bin/cmake --install /home/raghav742/SDfR/Assignments/assignment6/ros2_ws/build/relbot_adapter
