[0.004s] Invoking command in '/home/srik/ros_ubuntu/ros2_ws/build/xrf2_msgs': CMAKE_PREFIX_PATH=${CMAKE_PREFIX_PATH}:/opt/ros/humble DEBUGINFOD_URLS=https://debuginfod.archlinux.org https://debuginfod.cachyos.org /usr/bin/cmake --build /home/srik/ros_ubuntu/ros2_ws/build/xrf2_msgs -- -j32 -l32
[0.022s] [  2%] [34m[1mGenerating C code for ROS interfaces[0m
[0.026s] [  5%] [34m[1mGenerating C++ code for ROS interfaces[0m
[0.029s] [  5%] Built target ament_cmake_python_copy_xrf2_msgs
[0.153s] running egg_info
[0.154s] creating xrf2_msgs.egg-info
[0.154s] writing xrf2_msgs.egg-info/PKG-INFO
[0.154s] writing dependency_links to xrf2_msgs.egg-info/dependency_links.txt
[0.154s] writing top-level names to xrf2_msgs.egg-info/top_level.txt
[0.154s] writing manifest file 'xrf2_msgs.egg-info/SOURCES.txt'
[0.155s] reading manifest file 'xrf2_msgs.egg-info/SOURCES.txt'
[0.155s] writing manifest file 'xrf2_msgs.egg-info/SOURCES.txt'
[0.171s] [  5%] Built target ament_cmake_python_build_xrf2_msgs_egg
[0.192s] [  5%] Built target xrf2_msgs__cpp
[0.196s] [  7%] [34m[1mGenerating C++ type support for eProsima Fast-RTPS[0m
[0.196s] [ 10%] [34m[1mGenerating C++ introspection for ROS interfaces[0m
[0.196s] [ 12%] [34m[1mGenerating C++ type support dispatch for ROS interfaces[0m
[0.201s] [ 15%] [32mBuilding C object CMakeFiles/xrf2_msgs__rosidl_generator_c.dir/rosidl_generator_c/xrf2_msgs/msg/detail/ros2_xeno__functions.c.o[0m
[0.201s] [ 17%] [32mBuilding C object CMakeFiles/xrf2_msgs__rosidl_generator_c.dir/rosidl_generator_c/xrf2_msgs/msg/detail/xeno2_ros__functions.c.o[0m
[0.229s] [ 20%] [32m[1mLinking C shared library libxrf2_msgs__rosidl_generator_c.so[0m
[0.254s] [ 20%] Built target xrf2_msgs__rosidl_generator_c
[0.260s] [ 23%] [34m[1mGenerating C type support for eProsima Fast-RTPS[0m
[0.260s] [ 25%] [34m[1mGenerating C introspection for ROS interfaces[0m
[0.261s] [ 28%] [34m[1mGenerating C type support dispatch for ROS interfaces[0m
[0.350s] [ 30%] [32mBuilding CXX object CMakeFiles/xrf2_msgs__rosidl_typesupport_cpp.dir/rosidl_typesupport_cpp/xrf2_msgs/msg/xeno2_ros__type_support.cpp.o[0m
[0.351s] [ 33%] [32mBuilding CXX object CMakeFiles/xrf2_msgs__rosidl_typesupport_cpp.dir/rosidl_typesupport_cpp/xrf2_msgs/msg/ros2_xeno__type_support.cpp.o[0m
[0.361s] [ 35%] [32mBuilding CXX object CMakeFiles/xrf2_msgs__rosidl_typesupport_introspection_cpp.dir/rosidl_typesupport_introspection_cpp/xrf2_msgs/msg/detail/ros2_xeno__type_support.cpp.o[0m
[0.362s] [ 38%] [32mBuilding CXX object CMakeFiles/xrf2_msgs__rosidl_typesupport_introspection_cpp.dir/rosidl_typesupport_introspection_cpp/xrf2_msgs/msg/detail/xeno2_ros__type_support.cpp.o[0m
[0.370s] [ 41%] [32mBuilding CXX object CMakeFiles/xrf2_msgs__rosidl_typesupport_fastrtps_cpp.dir/rosidl_typesupport_fastrtps_cpp/xrf2_msgs/msg/detail/dds_fastrtps/ros2_xeno__type_support.cpp.o[0m
[0.370s] [ 43%] [32mBuilding CXX object CMakeFiles/xrf2_msgs__rosidl_typesupport_fastrtps_cpp.dir/rosidl_typesupport_fastrtps_cpp/xrf2_msgs/msg/detail/dds_fastrtps/xeno2_ros__type_support.cpp.o[0m
[0.448s] [ 48%] [32mBuilding C object CMakeFiles/xrf2_msgs__rosidl_typesupport_introspection_c.dir/rosidl_typesupport_introspection_c/xrf2_msgs/msg/detail/ros2_xeno__type_support.c.o[0m
[0.448s] [ 51%] [32mBuilding CXX object CMakeFiles/xrf2_msgs__rosidl_typesupport_fastrtps_c.dir/rosidl_typesupport_fastrtps_c/xrf2_msgs/msg/detail/ros2_xeno__type_support_c.cpp.o[0m
[0.448s] [ 51%] [32mBuilding CXX object CMakeFiles/xrf2_msgs__rosidl_typesupport_fastrtps_c.dir/rosidl_typesupport_fastrtps_c/xrf2_msgs/msg/detail/xeno2_ros__type_support_c.cpp.o[0m
[0.448s] [ 53%] [32mBuilding C object CMakeFiles/xrf2_msgs__rosidl_typesupport_introspection_c.dir/rosidl_typesupport_introspection_c/xrf2_msgs/msg/detail/xeno2_ros__type_support.c.o[0m
[0.478s] [ 56%] [32mBuilding CXX object CMakeFiles/xrf2_msgs__rosidl_typesupport_c.dir/rosidl_typesupport_c/xrf2_msgs/msg/ros2_xeno__type_support.cpp.o[0m
[0.478s] [ 58%] [32mBuilding CXX object CMakeFiles/xrf2_msgs__rosidl_typesupport_c.dir/rosidl_typesupport_c/xrf2_msgs/msg/xeno2_ros__type_support.cpp.o[0m
[0.480s] [ 61%] [32m[1mLinking C shared library libxrf2_msgs__rosidl_typesupport_introspection_c.so[0m
[0.506s] [ 61%] Built target xrf2_msgs__rosidl_typesupport_introspection_c
[0.510s] [ 64%] [32m[1mLinking CXX shared library libxrf2_msgs__rosidl_typesupport_c.so[0m
[0.551s] [ 64%] Built target xrf2_msgs__rosidl_typesupport_c
[0.568s] [ 66%] [32m[1mLinking CXX shared library libxrf2_msgs__rosidl_typesupport_cpp.so[0m
[0.599s] [ 66%] Built target xrf2_msgs__rosidl_typesupport_cpp
[0.652s] [ 69%] [32m[1mLinking CXX shared library libxrf2_msgs__rosidl_typesupport_introspection_cpp.so[0m
[0.680s] [ 69%] Built target xrf2_msgs__rosidl_typesupport_introspection_cpp
[0.724s] [ 71%] [32m[1mLinking CXX shared library libxrf2_msgs__rosidl_typesupport_fastrtps_cpp.so[0m
[0.740s] [ 74%] [32m[1mLinking CXX shared library libxrf2_msgs__rosidl_typesupport_fastrtps_c.so[0m
[0.761s] [ 74%] Built target xrf2_msgs__rosidl_typesupport_fastrtps_cpp
[0.790s] [ 74%] Built target xrf2_msgs__rosidl_typesupport_fastrtps_c
[0.802s] [ 74%] Built target xrf2_msgs
[0.815s] [ 76%] [34m[1mGenerating Python code for ROS interfaces[0m
[1.089s] [ 76%] Built target xrf2_msgs__py
[1.102s] [ 79%] [32mBuilding C object CMakeFiles/xrf2_msgs__rosidl_generator_py.dir/rosidl_generator_py/xrf2_msgs/msg/_ros2_xeno_s.c.o[0m
[1.103s] [ 82%] [32mBuilding C object CMakeFiles/xrf2_msgs__rosidl_generator_py.dir/rosidl_generator_py/xrf2_msgs/msg/_xeno2_ros_s.c.o[0m
[1.200s] [ 84%] [32m[1mLinking C shared library rosidl_generator_py/xrf2_msgs/libxrf2_msgs__rosidl_generator_py.so[0m
[1.228s] [ 84%] Built target xrf2_msgs__rosidl_generator_py
[1.241s] [ 87%] [32mBuilding C object CMakeFiles/xrf2_msgs__rosidl_typesupport_fastrtps_c__pyext.dir/rosidl_generator_py/xrf2_msgs/_xrf2_msgs_s.ep.rosidl_typesupport_fastrtps_c.c.o[0m
[1.241s] [ 89%] [32mBuilding C object CMakeFiles/xrf2_msgs__rosidl_typesupport_c__pyext.dir/rosidl_generator_py/xrf2_msgs/_xrf2_msgs_s.ep.rosidl_typesupport_c.c.o[0m
[1.241s] [ 92%] [32mBuilding C object CMakeFiles/xrf2_msgs__rosidl_typesupport_introspection_c__pyext.dir/rosidl_generator_py/xrf2_msgs/_xrf2_msgs_s.ep.rosidl_typesupport_introspection_c.c.o[0m
[1.302s] [ 97%] [32m[1mLinking C shared library rosidl_generator_py/xrf2_msgs/xrf2_msgs_s__rosidl_typesupport_c.cpython-310-x86_64-linux-gnu.so[0m
[1.303s] [ 97%] [32m[1mLinking C shared library rosidl_generator_py/xrf2_msgs/xrf2_msgs_s__rosidl_typesupport_introspection_c.cpython-310-x86_64-linux-gnu.so[0m
[1.305s] [100%] [32m[1mLinking C shared library rosidl_generator_py/xrf2_msgs/xrf2_msgs_s__rosidl_typesupport_fastrtps_c.cpython-310-x86_64-linux-gnu.so[0m
[1.323s] [100%] Built target xrf2_msgs__rosidl_typesupport_fastrtps_c__pyext
[1.323s] [100%] Built target xrf2_msgs__rosidl_typesupport_introspection_c__pyext
[1.324s] [100%] Built target xrf2_msgs__rosidl_typesupport_c__pyext
[1.330s] Invoked command in '/home/srik/ros_ubuntu/ros2_ws/build/xrf2_msgs' returned '0': CMAKE_PREFIX_PATH=${CMAKE_PREFIX_PATH}:/opt/ros/humble DEBUGINFOD_URLS=https://debuginfod.archlinux.org https://debuginfod.cachyos.org /usr/bin/cmake --build /home/srik/ros_ubuntu/ros2_ws/build/xrf2_msgs -- -j32 -l32
[1.334s] Invoking command in '/home/srik/ros_ubuntu/ros2_ws/build/xrf2_msgs': CMAKE_PREFIX_PATH=${CMAKE_PREFIX_PATH}:/opt/ros/humble DEBUGINFOD_URLS=https://debuginfod.archlinux.org https://debuginfod.cachyos.org /usr/bin/cmake --install /home/srik/ros_ubuntu/ros2_ws/build/xrf2_msgs
[1.339s] -- Install configuration: ""
[1.339s] -- Installing: /home/srik/ros_ubuntu/ros2_ws/install/xrf2_msgs/share/ament_index/resource_index/rosidl_interfaces/xrf2_msgs
[1.339s] -- Installing: /home/srik/ros_ubuntu/ros2_ws/install/xrf2_msgs/include/xrf2_msgs/xrf2_msgs
[1.339s] -- Installing: /home/srik/ros_ubuntu/ros2_ws/install/xrf2_msgs/include/xrf2_msgs/xrf2_msgs/msg
[1.339s] -- Installing: /home/srik/ros_ubuntu/ros2_ws/install/xrf2_msgs/include/xrf2_msgs/xrf2_msgs/msg/rosidl_generator_c__visibility_control.h
[1.339s] -- Installing: /home/srik/ros_ubuntu/ros2_ws/install/xrf2_msgs/include/xrf2_msgs/xrf2_msgs/msg/ros2_xeno.h
[1.339s] -- Installing: /home/srik/ros_ubuntu/ros2_ws/install/xrf2_msgs/include/xrf2_msgs/xrf2_msgs/msg/detail
[1.339s] -- Installing: /home/srik/ros_ubuntu/ros2_ws/install/xrf2_msgs/include/xrf2_msgs/xrf2_msgs/msg/detail/ros2_xeno__functions.c
[1.340s] -- Installing: /home/srik/ros_ubuntu/ros2_ws/install/xrf2_msgs/include/xrf2_msgs/xrf2_msgs/msg/detail/ros2_xeno__functions.h
[1.340s] -- Installing: /home/srik/ros_ubuntu/ros2_ws/install/xrf2_msgs/include/xrf2_msgs/xrf2_msgs/msg/detail/ros2_xeno__struct.h
[1.340s] -- Installing: /home/srik/ros_ubuntu/ros2_ws/install/xrf2_msgs/include/xrf2_msgs/xrf2_msgs/msg/detail/ros2_xeno__type_support.h
[1.340s] -- Installing: /home/srik/ros_ubuntu/ros2_ws/install/xrf2_msgs/include/xrf2_msgs/xrf2_msgs/msg/detail/xeno2_ros__functions.c
[1.341s] -- Installing: /home/srik/ros_ubuntu/ros2_ws/install/xrf2_msgs/include/xrf2_msgs/xrf2_msgs/msg/detail/xeno2_ros__functions.h
[1.341s] -- Installing: /home/srik/ros_ubuntu/ros2_ws/install/xrf2_msgs/include/xrf2_msgs/xrf2_msgs/msg/detail/xeno2_ros__struct.h
[1.341s] -- Installing: /home/srik/ros_ubuntu/ros2_ws/install/xrf2_msgs/include/xrf2_msgs/xrf2_msgs/msg/detail/xeno2_ros__type_support.h
[1.341s] -- Installing: /home/srik/ros_ubuntu/ros2_ws/install/xrf2_msgs/include/xrf2_msgs/xrf2_msgs/msg/xeno2_ros.h
[1.341s] -- Installing: /home/srik/ros_ubuntu/ros2_ws/install/xrf2_msgs/share/xrf2_msgs/environment/library_path.sh
[1.341s] -- Installing: /home/srik/ros_ubuntu/ros2_ws/install/xrf2_msgs/share/xrf2_msgs/environment/library_path.dsv
[1.342s] -- Installing: /home/srik/ros_ubuntu/ros2_ws/install/xrf2_msgs/lib/libxrf2_msgs__rosidl_generator_c.so
[1.343s] -- Set runtime path of "/home/srik/ros_ubuntu/ros2_ws/install/xrf2_msgs/lib/libxrf2_msgs__rosidl_generator_c.so" to ""
[1.343s] -- Up-to-date: /home/srik/ros_ubuntu/ros2_ws/install/xrf2_msgs/include/xrf2_msgs/xrf2_msgs
[1.343s] -- Up-to-date: /home/srik/ros_ubuntu/ros2_ws/install/xrf2_msgs/include/xrf2_msgs/xrf2_msgs/msg
[1.343s] -- Installing: /home/srik/ros_ubuntu/ros2_ws/install/xrf2_msgs/include/xrf2_msgs/xrf2_msgs/msg/rosidl_typesupport_fastrtps_c__visibility_control.h
[1.343s] -- Up-to-date: /home/srik/ros_ubuntu/ros2_ws/install/xrf2_msgs/include/xrf2_msgs/xrf2_msgs/msg/detail
[1.343s] -- Installing: /home/srik/ros_ubuntu/ros2_ws/install/xrf2_msgs/include/xrf2_msgs/xrf2_msgs/msg/detail/ros2_xeno__rosidl_typesupport_fastrtps_c.h
[1.343s] -- Installing: /home/srik/ros_ubuntu/ros2_ws/install/xrf2_msgs/include/xrf2_msgs/xrf2_msgs/msg/detail/xeno2_ros__rosidl_typesupport_fastrtps_c.h
[1.343s] -- Installing: /home/srik/ros_ubuntu/ros2_ws/install/xrf2_msgs/lib/libxrf2_msgs__rosidl_typesupport_fastrtps_c.so
[1.344s] -- Set runtime path of "/home/srik/ros_ubuntu/ros2_ws/install/xrf2_msgs/lib/libxrf2_msgs__rosidl_typesupport_fastrtps_c.so" to ""
[1.344s] -- Up-to-date: /home/srik/ros_ubuntu/ros2_ws/install/xrf2_msgs/include/xrf2_msgs/xrf2_msgs
[1.344s] -- Up-to-date: /home/srik/ros_ubuntu/ros2_ws/install/xrf2_msgs/include/xrf2_msgs/xrf2_msgs/msg
[1.344s] -- Installing: /home/srik/ros_ubuntu/ros2_ws/install/xrf2_msgs/include/xrf2_msgs/xrf2_msgs/msg/rosidl_typesupport_introspection_c__visibility_control.h
[1.344s] -- Up-to-date: /home/srik/ros_ubuntu/ros2_ws/install/xrf2_msgs/include/xrf2_msgs/xrf2_msgs/msg/detail
[1.344s] -- Installing: /home/srik/ros_ubuntu/ros2_ws/install/xrf2_msgs/include/xrf2_msgs/xrf2_msgs/msg/detail/ros2_xeno__rosidl_typesupport_introspection_c.h
[1.344s] -- Installing: /home/srik/ros_ubuntu/ros2_ws/install/xrf2_msgs/include/xrf2_msgs/xrf2_msgs/msg/detail/ros2_xeno__type_support.c
[1.344s] -- Installing: /home/srik/ros_ubuntu/ros2_ws/install/xrf2_msgs/include/xrf2_msgs/xrf2_msgs/msg/detail/xeno2_ros__rosidl_typesupport_introspection_c.h
[1.344s] -- Installing: /home/srik/ros_ubuntu/ros2_ws/install/xrf2_msgs/include/xrf2_msgs/xrf2_msgs/msg/detail/xeno2_ros__type_support.c
[1.345s] -- Installing: /home/srik/ros_ubuntu/ros2_ws/install/xrf2_msgs/lib/libxrf2_msgs__rosidl_typesupport_introspection_c.so
[1.346s] -- Set runtime path of "/home/srik/ros_ubuntu/ros2_ws/install/xrf2_msgs/lib/libxrf2_msgs__rosidl_typesupport_introspection_c.so" to ""
[1.346s] -- Installing: /home/srik/ros_ubuntu/ros2_ws/install/xrf2_msgs/lib/libxrf2_msgs__rosidl_typesupport_c.so
[1.347s] -- Set runtime path of "/home/srik/ros_ubuntu/ros2_ws/install/xrf2_msgs/lib/libxrf2_msgs__rosidl_typesupport_c.so" to ""
[1.347s] -- Up-to-date: /home/srik/ros_ubuntu/ros2_ws/install/xrf2_msgs/include/xrf2_msgs/xrf2_msgs
[1.347s] -- Up-to-date: /home/srik/ros_ubuntu/ros2_ws/install/xrf2_msgs/include/xrf2_msgs/xrf2_msgs/msg
[1.347s] -- Installing: /home/srik/ros_ubuntu/ros2_ws/install/xrf2_msgs/include/xrf2_msgs/xrf2_msgs/msg/rosidl_generator_cpp__visibility_control.hpp
[1.347s] -- Installing: /home/srik/ros_ubuntu/ros2_ws/install/xrf2_msgs/include/xrf2_msgs/xrf2_msgs/msg/ros2_xeno.hpp
[1.347s] -- Up-to-date: /home/srik/ros_ubuntu/ros2_ws/install/xrf2_msgs/include/xrf2_msgs/xrf2_msgs/msg/detail
[1.347s] -- Installing: /home/srik/ros_ubuntu/ros2_ws/install/xrf2_msgs/include/xrf2_msgs/xrf2_msgs/msg/detail/ros2_xeno__builder.hpp
[1.347s] -- Installing: /home/srik/ros_ubuntu/ros2_ws/install/xrf2_msgs/include/xrf2_msgs/xrf2_msgs/msg/detail/ros2_xeno__struct.hpp
[1.347s] -- Installing: /home/srik/ros_ubuntu/ros2_ws/install/xrf2_msgs/include/xrf2_msgs/xrf2_msgs/msg/detail/ros2_xeno__traits.hpp
[1.347s] -- Installing: /home/srik/ros_ubuntu/ros2_ws/install/xrf2_msgs/include/xrf2_msgs/xrf2_msgs/msg/detail/ros2_xeno__type_support.hpp
[1.347s] -- Installing: /home/srik/ros_ubuntu/ros2_ws/install/xrf2_msgs/include/xrf2_msgs/xrf2_msgs/msg/detail/xeno2_ros__builder.hpp
[1.347s] -- Installing: /home/srik/ros_ubuntu/ros2_ws/install/xrf2_msgs/include/xrf2_msgs/xrf2_msgs/msg/detail/xeno2_ros__struct.hpp
[1.347s] -- Installing: /home/srik/ros_ubuntu/ros2_ws/install/xrf2_msgs/include/xrf2_msgs/xrf2_msgs/msg/detail/xeno2_ros__traits.hpp
[1.348s] -- Installing: /home/srik/ros_ubuntu/ros2_ws/install/xrf2_msgs/include/xrf2_msgs/xrf2_msgs/msg/detail/xeno2_ros__type_support.hpp
[1.348s] -- Installing: /home/srik/ros_ubuntu/ros2_ws/install/xrf2_msgs/include/xrf2_msgs/xrf2_msgs/msg/xeno2_ros.hpp
[1.348s] -- Up-to-date: /home/srik/ros_ubuntu/ros2_ws/install/xrf2_msgs/include/xrf2_msgs/xrf2_msgs
[1.348s] -- Up-to-date: /home/srik/ros_ubuntu/ros2_ws/install/xrf2_msgs/include/xrf2_msgs/xrf2_msgs/msg
[1.348s] -- Installing: /home/srik/ros_ubuntu/ros2_ws/install/xrf2_msgs/include/xrf2_msgs/xrf2_msgs/msg/rosidl_typesupport_fastrtps_cpp__visibility_control.h
[1.348s] -- Up-to-date: /home/srik/ros_ubuntu/ros2_ws/install/xrf2_msgs/include/xrf2_msgs/xrf2_msgs/msg/detail
[1.348s] -- Installing: /home/srik/ros_ubuntu/ros2_ws/install/xrf2_msgs/include/xrf2_msgs/xrf2_msgs/msg/detail/ros2_xeno__rosidl_typesupport_fastrtps_cpp.hpp
[1.348s] -- Installing: /home/srik/ros_ubuntu/ros2_ws/install/xrf2_msgs/include/xrf2_msgs/xrf2_msgs/msg/detail/dds_fastrtps
[1.348s] -- Installing: /home/srik/ros_ubuntu/ros2_ws/install/xrf2_msgs/include/xrf2_msgs/xrf2_msgs/msg/detail/xeno2_ros__rosidl_typesupport_fastrtps_cpp.hpp
[1.348s] -- Installing: /home/srik/ros_ubuntu/ros2_ws/install/xrf2_msgs/lib/libxrf2_msgs__rosidl_typesupport_fastrtps_cpp.so
[1.349s] -- Set runtime path of "/home/srik/ros_ubuntu/ros2_ws/install/xrf2_msgs/lib/libxrf2_msgs__rosidl_typesupport_fastrtps_cpp.so" to ""
[1.349s] -- Up-to-date: /home/srik/ros_ubuntu/ros2_ws/install/xrf2_msgs/include/xrf2_msgs/xrf2_msgs
[1.349s] -- Up-to-date: /home/srik/ros_ubuntu/ros2_ws/install/xrf2_msgs/include/xrf2_msgs/xrf2_msgs/msg
[1.349s] -- Up-to-date: /home/srik/ros_ubuntu/ros2_ws/install/xrf2_msgs/include/xrf2_msgs/xrf2_msgs/msg/detail
[1.349s] -- Installing: /home/srik/ros_ubuntu/ros2_ws/install/xrf2_msgs/include/xrf2_msgs/xrf2_msgs/msg/detail/ros2_xeno__rosidl_typesupport_introspection_cpp.hpp
[1.349s] -- Installing: /home/srik/ros_ubuntu/ros2_ws/install/xrf2_msgs/include/xrf2_msgs/xrf2_msgs/msg/detail/ros2_xeno__type_support.cpp
[1.349s] -- Installing: /home/srik/ros_ubuntu/ros2_ws/install/xrf2_msgs/include/xrf2_msgs/xrf2_msgs/msg/detail/xeno2_ros__rosidl_typesupport_introspection_cpp.hpp
[1.349s] -- Installing: /home/srik/ros_ubuntu/ros2_ws/install/xrf2_msgs/include/xrf2_msgs/xrf2_msgs/msg/detail/xeno2_ros__type_support.cpp
[1.350s] -- Installing: /home/srik/ros_ubuntu/ros2_ws/install/xrf2_msgs/lib/libxrf2_msgs__rosidl_typesupport_introspection_cpp.so
[1.350s] -- Set runtime path of "/home/srik/ros_ubuntu/ros2_ws/install/xrf2_msgs/lib/libxrf2_msgs__rosidl_typesupport_introspection_cpp.so" to ""
[1.350s] -- Installing: /home/srik/ros_ubuntu/ros2_ws/install/xrf2_msgs/lib/libxrf2_msgs__rosidl_typesupport_cpp.so
[1.351s] -- Set runtime path of "/home/srik/ros_ubuntu/ros2_ws/install/xrf2_msgs/lib/libxrf2_msgs__rosidl_typesupport_cpp.so" to ""
[1.351s] -- Installing: /home/srik/ros_ubuntu/ros2_ws/install/xrf2_msgs/share/xrf2_msgs/environment/pythonpath.sh
[1.351s] -- Installing: /home/srik/ros_ubuntu/ros2_ws/install/xrf2_msgs/share/xrf2_msgs/environment/pythonpath.dsv
[1.351s] -- Installing: /home/srik/ros_ubuntu/ros2_ws/install/xrf2_msgs/local/lib/python3.10/dist-packages/xrf2_msgs-0.0.0-py3.10.egg-info
[1.351s] -- Installing: /home/srik/ros_ubuntu/ros2_ws/install/xrf2_msgs/local/lib/python3.10/dist-packages/xrf2_msgs-0.0.0-py3.10.egg-info/PKG-INFO
[1.351s] -- Installing: /home/srik/ros_ubuntu/ros2_ws/install/xrf2_msgs/local/lib/python3.10/dist-packages/xrf2_msgs-0.0.0-py3.10.egg-info/dependency_links.txt
[1.351s] -- Installing: /home/srik/ros_ubuntu/ros2_ws/install/xrf2_msgs/local/lib/python3.10/dist-packages/xrf2_msgs-0.0.0-py3.10.egg-info/top_level.txt
[1.351s] -- Installing: /home/srik/ros_ubuntu/ros2_ws/install/xrf2_msgs/local/lib/python3.10/dist-packages/xrf2_msgs-0.0.0-py3.10.egg-info/SOURCES.txt
[1.351s] -- Installing: /home/srik/ros_ubuntu/ros2_ws/install/xrf2_msgs/local/lib/python3.10/dist-packages/xrf2_msgs
[1.351s] -- Installing: /home/srik/ros_ubuntu/ros2_ws/install/xrf2_msgs/local/lib/python3.10/dist-packages/xrf2_msgs/__init__.py
[1.351s] -- Installing: /home/srik/ros_ubuntu/ros2_ws/install/xrf2_msgs/local/lib/python3.10/dist-packages/xrf2_msgs/msg
[1.351s] -- Installing: /home/srik/ros_ubuntu/ros2_ws/install/xrf2_msgs/local/lib/python3.10/dist-packages/xrf2_msgs/msg/_ros2_xeno.py
[1.351s] -- Installing: /home/srik/ros_ubuntu/ros2_ws/install/xrf2_msgs/local/lib/python3.10/dist-packages/xrf2_msgs/msg/_ros2_xeno_s.c
[1.352s] -- Installing: /home/srik/ros_ubuntu/ros2_ws/install/xrf2_msgs/local/lib/python3.10/dist-packages/xrf2_msgs/msg/_xeno2_ros.py
[1.352s] -- Installing: /home/srik/ros_ubuntu/ros2_ws/install/xrf2_msgs/local/lib/python3.10/dist-packages/xrf2_msgs/msg/_xeno2_ros_s.c
[1.352s] -- Installing: /home/srik/ros_ubuntu/ros2_ws/install/xrf2_msgs/local/lib/python3.10/dist-packages/xrf2_msgs/msg/__init__.py
[1.352s] -- Installing: /home/srik/ros_ubuntu/ros2_ws/install/xrf2_msgs/local/lib/python3.10/dist-packages/xrf2_msgs/_xrf2_msgs_s.ep.rosidl_typesupport_fastrtps_c.c
[1.352s] -- Installing: /home/srik/ros_ubuntu/ros2_ws/install/xrf2_msgs/local/lib/python3.10/dist-packages/xrf2_msgs/_xrf2_msgs_s.ep.rosidl_typesupport_introspection_c.c
[1.352s] -- Installing: /home/srik/ros_ubuntu/ros2_ws/install/xrf2_msgs/local/lib/python3.10/dist-packages/xrf2_msgs/_xrf2_msgs_s.ep.rosidl_typesupport_c.c
[1.353s] -- Installing: /home/srik/ros_ubuntu/ros2_ws/install/xrf2_msgs/local/lib/python3.10/dist-packages/xrf2_msgs/libxrf2_msgs__rosidl_generator_py.so
[1.353s] -- Installing: /home/srik/ros_ubuntu/ros2_ws/install/xrf2_msgs/local/lib/python3.10/dist-packages/xrf2_msgs/xrf2_msgs_s__rosidl_typesupport_c.cpython-310-x86_64-linux-gnu.so
[1.353s] -- Installing: /home/srik/ros_ubuntu/ros2_ws/install/xrf2_msgs/local/lib/python3.10/dist-packages/xrf2_msgs/xrf2_msgs_s__rosidl_typesupport_introspection_c.cpython-310-x86_64-linux-gnu.so
[1.353s] -- Installing: /home/srik/ros_ubuntu/ros2_ws/install/xrf2_msgs/local/lib/python3.10/dist-packages/xrf2_msgs/xrf2_msgs_s__rosidl_typesupport_fastrtps_c.cpython-310-x86_64-linux-gnu.so
[1.374s] Listing '/home/srik/ros_ubuntu/ros2_ws/install/xrf2_msgs/local/lib/python3.10/dist-packages/xrf2_msgs'...
[1.374s] Compiling '/home/srik/ros_ubuntu/ros2_ws/install/xrf2_msgs/local/lib/python3.10/dist-packages/xrf2_msgs/__init__.py'...
[1.374s] Listing '/home/srik/ros_ubuntu/ros2_ws/install/xrf2_msgs/local/lib/python3.10/dist-packages/xrf2_msgs/msg'...
[1.374s] Compiling '/home/srik/ros_ubuntu/ros2_ws/install/xrf2_msgs/local/lib/python3.10/dist-packages/xrf2_msgs/msg/__init__.py'...
[1.374s] Compiling '/home/srik/ros_ubuntu/ros2_ws/install/xrf2_msgs/local/lib/python3.10/dist-packages/xrf2_msgs/msg/_ros2_xeno.py'...
[1.374s] Compiling '/home/srik/ros_ubuntu/ros2_ws/install/xrf2_msgs/local/lib/python3.10/dist-packages/xrf2_msgs/msg/_xeno2_ros.py'...
[1.377s] -- Installing: /home/srik/ros_ubuntu/ros2_ws/install/xrf2_msgs/local/lib/python3.10/dist-packages/xrf2_msgs/xrf2_msgs_s__rosidl_typesupport_fastrtps_c.cpython-310-x86_64-linux-gnu.so
[1.377s] -- Set runtime path of "/home/srik/ros_ubuntu/ros2_ws/install/xrf2_msgs/local/lib/python3.10/dist-packages/xrf2_msgs/xrf2_msgs_s__rosidl_typesupport_fastrtps_c.cpython-310-x86_64-linux-gnu.so" to ""
[1.377s] -- Installing: /home/srik/ros_ubuntu/ros2_ws/install/xrf2_msgs/local/lib/python3.10/dist-packages/xrf2_msgs/xrf2_msgs_s__rosidl_typesupport_introspection_c.cpython-310-x86_64-linux-gnu.so
[1.377s] -- Set runtime path of "/home/srik/ros_ubuntu/ros2_ws/install/xrf2_msgs/local/lib/python3.10/dist-packages/xrf2_msgs/xrf2_msgs_s__rosidl_typesupport_introspection_c.cpython-310-x86_64-linux-gnu.so" to ""
[1.378s] -- Installing: /home/srik/ros_ubuntu/ros2_ws/install/xrf2_msgs/local/lib/python3.10/dist-packages/xrf2_msgs/xrf2_msgs_s__rosidl_typesupport_c.cpython-310-x86_64-linux-gnu.so
[1.378s] -- Set runtime path of "/home/srik/ros_ubuntu/ros2_ws/install/xrf2_msgs/local/lib/python3.10/dist-packages/xrf2_msgs/xrf2_msgs_s__rosidl_typesupport_c.cpython-310-x86_64-linux-gnu.so" to ""
[1.378s] -- Installing: /home/srik/ros_ubuntu/ros2_ws/install/xrf2_msgs/lib/libxrf2_msgs__rosidl_generator_py.so
[1.378s] -- Set runtime path of "/home/srik/ros_ubuntu/ros2_ws/install/xrf2_msgs/lib/libxrf2_msgs__rosidl_generator_py.so" to ""
[1.378s] -- Installing: /home/srik/ros_ubuntu/ros2_ws/install/xrf2_msgs/share/xrf2_msgs/msg/Ros2Xeno.idl
[1.378s] -- Installing: /home/srik/ros_ubuntu/ros2_ws/install/xrf2_msgs/share/xrf2_msgs/msg/Xeno2Ros.idl
[1.378s] -- Installing: /home/srik/ros_ubuntu/ros2_ws/install/xrf2_msgs/share/xrf2_msgs/msg/Ros2Xeno.msg
[1.378s] -- Installing: /home/srik/ros_ubuntu/ros2_ws/install/xrf2_msgs/share/xrf2_msgs/msg/Xeno2Ros.msg
[1.378s] -- Installing: /home/srik/ros_ubuntu/ros2_ws/install/xrf2_msgs/share/ament_index/resource_index/package_run_dependencies/xrf2_msgs
[1.378s] -- Installing: /home/srik/ros_ubuntu/ros2_ws/install/xrf2_msgs/share/ament_index/resource_index/parent_prefix_path/xrf2_msgs
[1.379s] -- Installing: /home/srik/ros_ubuntu/ros2_ws/install/xrf2_msgs/share/xrf2_msgs/environment/ament_prefix_path.sh
[1.379s] -- Installing: /home/srik/ros_ubuntu/ros2_ws/install/xrf2_msgs/share/xrf2_msgs/environment/ament_prefix_path.dsv
[1.379s] -- Installing: /home/srik/ros_ubuntu/ros2_ws/install/xrf2_msgs/share/xrf2_msgs/environment/path.sh
[1.379s] -- Installing: /home/srik/ros_ubuntu/ros2_ws/install/xrf2_msgs/share/xrf2_msgs/environment/path.dsv
[1.379s] -- Installing: /home/srik/ros_ubuntu/ros2_ws/install/xrf2_msgs/share/xrf2_msgs/local_setup.bash
[1.379s] -- Installing: /home/srik/ros_ubuntu/ros2_ws/install/xrf2_msgs/share/xrf2_msgs/local_setup.sh
[1.379s] -- Installing: /home/srik/ros_ubuntu/ros2_ws/install/xrf2_msgs/share/xrf2_msgs/local_setup.zsh
[1.379s] -- Installing: /home/srik/ros_ubuntu/ros2_ws/install/xrf2_msgs/share/xrf2_msgs/local_setup.dsv
[1.379s] -- Installing: /home/srik/ros_ubuntu/ros2_ws/install/xrf2_msgs/share/xrf2_msgs/package.dsv
[1.379s] -- Installing: /home/srik/ros_ubuntu/ros2_ws/install/xrf2_msgs/share/ament_index/resource_index/packages/xrf2_msgs
[1.379s] -- Installing: /home/srik/ros_ubuntu/ros2_ws/install/xrf2_msgs/share/xrf2_msgs/cmake/export_xrf2_msgs__rosidl_generator_cExport.cmake
[1.379s] -- Installing: /home/srik/ros_ubuntu/ros2_ws/install/xrf2_msgs/share/xrf2_msgs/cmake/export_xrf2_msgs__rosidl_generator_cExport-noconfig.cmake
[1.380s] -- Installing: /home/srik/ros_ubuntu/ros2_ws/install/xrf2_msgs/share/xrf2_msgs/cmake/export_xrf2_msgs__rosidl_typesupport_fastrtps_cExport.cmake
[1.380s] -- Installing: /home/srik/ros_ubuntu/ros2_ws/install/xrf2_msgs/share/xrf2_msgs/cmake/export_xrf2_msgs__rosidl_typesupport_fastrtps_cExport-noconfig.cmake
[1.380s] -- Installing: /home/srik/ros_ubuntu/ros2_ws/install/xrf2_msgs/share/xrf2_msgs/cmake/xrf2_msgs__rosidl_typesupport_introspection_cExport.cmake
[1.380s] -- Installing: /home/srik/ros_ubuntu/ros2_ws/install/xrf2_msgs/share/xrf2_msgs/cmake/xrf2_msgs__rosidl_typesupport_introspection_cExport-noconfig.cmake
[1.381s] -- Installing: /home/srik/ros_ubuntu/ros2_ws/install/xrf2_msgs/share/xrf2_msgs/cmake/xrf2_msgs__rosidl_typesupport_cExport.cmake
[1.381s] -- Installing: /home/srik/ros_ubuntu/ros2_ws/install/xrf2_msgs/share/xrf2_msgs/cmake/xrf2_msgs__rosidl_typesupport_cExport-noconfig.cmake
[1.381s] -- Installing: /home/srik/ros_ubuntu/ros2_ws/install/xrf2_msgs/share/xrf2_msgs/cmake/export_xrf2_msgs__rosidl_generator_cppExport.cmake
[1.381s] -- Installing: /home/srik/ros_ubuntu/ros2_ws/install/xrf2_msgs/share/xrf2_msgs/cmake/export_xrf2_msgs__rosidl_typesupport_fastrtps_cppExport.cmake
[1.382s] -- Installing: /home/srik/ros_ubuntu/ros2_ws/install/xrf2_msgs/share/xrf2_msgs/cmake/export_xrf2_msgs__rosidl_typesupport_fastrtps_cppExport-noconfig.cmake
[1.382s] -- Installing: /home/srik/ros_ubuntu/ros2_ws/install/xrf2_msgs/share/xrf2_msgs/cmake/xrf2_msgs__rosidl_typesupport_introspection_cppExport.cmake
[1.382s] -- Installing: /home/srik/ros_ubuntu/ros2_ws/install/xrf2_msgs/share/xrf2_msgs/cmake/xrf2_msgs__rosidl_typesupport_introspection_cppExport-noconfig.cmake
[1.382s] -- Installing: /home/srik/ros_ubuntu/ros2_ws/install/xrf2_msgs/share/xrf2_msgs/cmake/xrf2_msgs__rosidl_typesupport_cppExport.cmake
[1.382s] -- Installing: /home/srik/ros_ubuntu/ros2_ws/install/xrf2_msgs/share/xrf2_msgs/cmake/xrf2_msgs__rosidl_typesupport_cppExport-noconfig.cmake
[1.383s] -- Installing: /home/srik/ros_ubuntu/ros2_ws/install/xrf2_msgs/share/xrf2_msgs/cmake/export_xrf2_msgs__rosidl_generator_pyExport.cmake
[1.383s] -- Installing: /home/srik/ros_ubuntu/ros2_ws/install/xrf2_msgs/share/xrf2_msgs/cmake/export_xrf2_msgs__rosidl_generator_pyExport-noconfig.cmake
[1.383s] -- Installing: /home/srik/ros_ubuntu/ros2_ws/install/xrf2_msgs/share/xrf2_msgs/cmake/rosidl_cmake-extras.cmake
[1.383s] -- Installing: /home/srik/ros_ubuntu/ros2_ws/install/xrf2_msgs/share/xrf2_msgs/cmake/ament_cmake_export_include_directories-extras.cmake
[1.383s] -- Installing: /home/srik/ros_ubuntu/ros2_ws/install/xrf2_msgs/share/xrf2_msgs/cmake/ament_cmake_export_libraries-extras.cmake
[1.384s] -- Installing: /home/srik/ros_ubuntu/ros2_ws/install/xrf2_msgs/share/xrf2_msgs/cmake/ament_cmake_export_targets-extras.cmake
[1.384s] -- Installing: /home/srik/ros_ubuntu/ros2_ws/install/xrf2_msgs/share/xrf2_msgs/cmake/rosidl_cmake_export_typesupport_targets-extras.cmake
[1.384s] -- Installing: /home/srik/ros_ubuntu/ros2_ws/install/xrf2_msgs/share/xrf2_msgs/cmake/ament_cmake_export_dependencies-extras.cmake
[1.384s] -- Installing: /home/srik/ros_ubuntu/ros2_ws/install/xrf2_msgs/share/xrf2_msgs/cmake/rosidl_cmake_export_typesupport_libraries-extras.cmake
[1.384s] -- Installing: /home/srik/ros_ubuntu/ros2_ws/install/xrf2_msgs/share/xrf2_msgs/cmake/xrf2_msgsConfig.cmake
[1.384s] -- Installing: /home/srik/ros_ubuntu/ros2_ws/install/xrf2_msgs/share/xrf2_msgs/cmake/xrf2_msgsConfig-version.cmake
[1.384s] -- Installing: /home/srik/ros_ubuntu/ros2_ws/install/xrf2_msgs/share/xrf2_msgs/package.xml
[1.385s] Invoked command in '/home/srik/ros_ubuntu/ros2_ws/build/xrf2_msgs' returned '0': CMAKE_PREFIX_PATH=${CMAKE_PREFIX_PATH}:/opt/ros/humble DEBUGINFOD_URLS=https://debuginfod.archlinux.org https://debuginfod.cachyos.org /usr/bin/cmake --install /home/srik/ros_ubuntu/ros2_ws/build/xrf2_msgs
