[01m[K/home/srik/ros_ubuntu/ros2_ws/src/relbot_sequence_controller/relbot_sequence_controller/src/relbot_sequence_controller.cpp:[m[K In member function ‘[01m[Kvoid SteerRelbot::create_topics()[m[K’:
[01m[K/home/srik/ros_ubuntu/ros2_ws/src/relbot_sequence_controller/relbot_sequence_controller/src/relbot_sequence_controller.cpp:17:5:[m[K [01;31m[Kerror: [m[K‘[01m[Kmotor_pub_[m[K’ was not declared in this scope
   17 |     [01;31m[Kmotor_pub_[m[K = this->create_publisher<relbot_msgs::msg::RelbotMotors>(
      |     [01;31m[K^~~~~~~~~~[m[K
[01m[K/home/srik/ros_ubuntu/ros2_ws/src/relbot_sequence_controller/relbot_sequence_controller/src/relbot_sequence_controller.cpp:17:41:[m[K [01;31m[Kerror: [m[K‘[01m[Krelbot_msgs[m[K’ was not declared in this scope
   17 |     motor_pub_ = this->create_publisher<[01;31m[Krelbot_msgs[m[K::msg::RelbotMotors>(
      |                                         [01;31m[K^~~~~~~~~~~[m[K
[01m[K/home/srik/ros_ubuntu/ros2_ws/src/relbot_sequence_controller/relbot_sequence_controller/src/relbot_sequence_controller.cpp:17:24:[m[K [01;31m[Kerror: [m[Kparse error in template argument list
   17 |     motor_pub_ = this->[01;31m[Kcreate_publisher<relbot_msgs::msg::RelbotMotors>[m[K(
      |                        [01;31m[K^~~~~~~~~~~~~~~~~~~~~~~~~~~~~~~~~~~~~~~~~~~~~~~~[m[K
[01m[K/home/srik/ros_ubuntu/ros2_ws/src/relbot_sequence_controller/relbot_sequence_controller/src/relbot_sequence_controller.cpp:17:72:[m[K [01;31m[Kerror: [m[Kno matching function for call to ‘[01m[KSteerRelbot::create_publisher<<expression error> >(const char [17], int)[m[K’
   17 |     motor_pub_ = [01;31m[Kthis->create_publisher<relbot_msgs::msg::RelbotMotors>([m[K
      |                  [01;31m[K~~~~~~~~~~~~~~~~~~~~~~~~~~~~~~~~~~~~~~~~~~~~~~~~~~~~~~^[m[K
   18 | [01;31m[K        "/input/motor_cmd", 1)[m[K;
      |         [01;31m[K~~~~~~~~~~~~~~~~~~~~~~[m[K                                          
In file included from [01m[K/opt/ros/humble/include/rclcpp/rclcpp/executors/single_threaded_executor.hpp:28[m[K,
                 from [01m[K/opt/ros/humble/include/rclcpp/rclcpp/executors.hpp:22[m[K,
                 from [01m[K/opt/ros/humble/include/rclcpp/rclcpp/rclcpp.hpp:155[m[K,
                 from [01m[K/home/srik/ros_ubuntu/ros2_ws/src/relbot_sequence_controller/relbot_sequence_controller/include/steering.hpp:7[m[K,
                 from [01m[K/home/srik/ros_ubuntu/ros2_ws/src/relbot_sequence_controller/relbot_sequence_controller/src/relbot_sequence_controller.cpp:1[m[K:
[01m[K/opt/ros/humble/include/rclcpp/rclcpp/node.hpp:195:3:[m[K [01;36m[Knote: [m[Kcandidate: ‘[01m[Ktemplate<class MessageT, class AllocatorT, class PublisherT> std::shared_ptr<PublisherT> rclcpp::Node::create_publisher(const string&, const rclcpp::QoS&, const rclcpp::PublisherOptionsWithAllocator<AllocatorT>&)[m[K’
  195 |   [01;36m[Kcreate_publisher[m[K(
      |   [01;36m[K^~~~~~~~~~~~~~~~[m[K
[01m[K/opt/ros/humble/include/rclcpp/rclcpp/node.hpp:195:3:[m[K [01;36m[Knote: [m[K  template argument deduction/substitution failed:
[01m[K/home/srik/ros_ubuntu/ros2_ws/src/relbot_sequence_controller/relbot_sequence_controller/src/relbot_sequence_controller.cpp:17:72:[m[K [01;31m[Kerror: [m[Ktemplate argument 1 is invalid
   17 |     motor_pub_ = [01;31m[Kthis->create_publisher<relbot_msgs::msg::RelbotMotors>([m[K
      |                  [01;31m[K~~~~~~~~~~~~~~~~~~~~~~~~~~~~~~~~~~~~~~~~~~~~~~~~~~~~~~^[m[K
   18 | [01;31m[K        "/input/motor_cmd", 1)[m[K;
      |         [01;31m[K~~~~~~~~~~~~~~~~~~~~~~[m[K                                          
[01m[K/home/srik/ros_ubuntu/ros2_ws/src/relbot_sequence_controller/relbot_sequence_controller/src/relbot_sequence_controller.cpp:[m[K In member function ‘[01m[Kvoid SteerRelbot::timer_callback()[m[K’:
[01m[K/home/srik/ros_ubuntu/ros2_ws/src/relbot_sequence_controller/relbot_sequence_controller/src/relbot_sequence_controller.cpp:33:5:[m[K [01;31m[Kerror: [m[K‘[01m[Krelbot_msgs[m[K’ has not been declared
   33 |     [01;31m[Krelbot_msgs[m[K::msg::RelbotMotors msg;
      |     [01;31m[K^~~~~~~~~~~[m[K
[01m[K/home/srik/ros_ubuntu/ros2_ws/src/relbot_sequence_controller/relbot_sequence_controller/src/relbot_sequence_controller.cpp:34:5:[m[K [01;31m[Kerror: [m[K‘[01m[Kmsg[m[K’ was not declared in this scope
   34 |     [01;31m[Kmsg[m[K.left_wheel_vel = left_velocity;
      |     [01;31m[K^~~[m[K
[01m[K/home/srik/ros_ubuntu/ros2_ws/src/relbot_sequence_controller/relbot_sequence_controller/src/relbot_sequence_controller.cpp:34:5:[m[K [01;36m[Knote: [m[Ksuggested alternatives:
In file included from [01m[K/opt/ros/humble/include/builtin_interfaces/builtin_interfaces/msg/duration.hpp:7[m[K,
                 from [01m[K/opt/ros/humble/include/rclcpp/rclcpp/duration.hpp:20[m[K,
                 from [01m[K/opt/ros/humble/include/rclcpp/rclcpp/qos.hpp:20[m[K,
                 from [01m[K/opt/ros/humble/include/rclcpp/rclcpp/node_interfaces/node_graph_interface.hpp:33[m[K,
                 from [01m[K/opt/ros/humble/include/rclcpp/rclcpp/client.hpp:42[m[K,
                 from [01m[K/opt/ros/humble/include/rclcpp/rclcpp/callback_group.hpp:24[m[K,
                 from [01m[K/opt/ros/humble/include/rclcpp/rclcpp/any_executable.hpp:20[m[K,
                 from [01m[K/opt/ros/humble/include/rclcpp/rclcpp/memory_strategy.hpp:25[m[K,
                 from [01m[K/opt/ros/humble/include/rclcpp/rclcpp/memory_strategies.hpp:18[m[K,
                 from [01m[K/opt/ros/humble/include/rclcpp/rclcpp/executor_options.hpp:20[m[K,
                 from [01m[K/opt/ros/humble/include/rclcpp/rclcpp/executor.hpp:37[m[K,
                 from [01m[K/opt/ros/humble/include/rclcpp/rclcpp/executors/multi_threaded_executor.hpp:25[m[K,
                 from [01m[K/opt/ros/humble/include/rclcpp/rclcpp/executors.hpp:21[m[K,
                 from [01m[K/opt/ros/humble/include/rclcpp/rclcpp/rclcpp.hpp:155[m[K,
                 from [01m[K/home/srik/ros_ubuntu/ros2_ws/src/relbot_sequence_controller/relbot_sequence_controller/include/steering.hpp:7[m[K,
                 from [01m[K/home/srik/ros_ubuntu/ros2_ws/src/relbot_sequence_controller/relbot_sequence_controller/src/relbot_sequence_controller.cpp:1[m[K:
[01m[K/opt/ros/humble/include/builtin_interfaces/builtin_interfaces/msg/detail/duration__struct.hpp:28:11:[m[K [01;36m[Knote: [m[K  ‘[01m[Kbuiltin_interfaces::msg[m[K’
   28 | namespace [01;36m[Kmsg[m[K
      |           [01;36m[K^~~[m[K
In file included from [01m[K/opt/ros/humble/include/rcl_interfaces/rcl_interfaces/msg/set_parameters_result.hpp:7[m[K,
                 from [01m[K/opt/ros/humble/include/rclcpp/rclcpp/qos_overriding_options.hpp:28[m[K,
                 from [01m[K/opt/ros/humble/include/rclcpp/rclcpp/subscription_options.hpp:30[m[K,
                 from [01m[K/opt/ros/humble/include/rclcpp/rclcpp/subscription.hpp:45[m[K,
                 from [01m[K/opt/ros/humble/include/rclcpp/rclcpp/any_executable.hpp:25[m[K,
                 from [01m[K/opt/ros/humble/include/rclcpp/rclcpp/memory_strategy.hpp:25[m[K,
                 from [01m[K/opt/ros/humble/include/rclcpp/rclcpp/memory_strategies.hpp:18[m[K,
                 from [01m[K/opt/ros/humble/include/rclcpp/rclcpp/executor_options.hpp:20[m[K,
                 from [01m[K/opt/ros/humble/include/rclcpp/rclcpp/executor.hpp:37[m[K,
                 from [01m[K/opt/ros/humble/include/rclcpp/rclcpp/executors/multi_threaded_executor.hpp:25[m[K,
                 from [01m[K/opt/ros/humble/include/rclcpp/rclcpp/executors.hpp:21[m[K,
                 from [01m[K/opt/ros/humble/include/rclcpp/rclcpp/rclcpp.hpp:155[m[K,
                 from [01m[K/home/srik/ros_ubuntu/ros2_ws/src/relbot_sequence_controller/relbot_sequence_controller/include/steering.hpp:7[m[K,
                 from [01m[K/home/srik/ros_ubuntu/ros2_ws/src/relbot_sequence_controller/relbot_sequence_controller/src/relbot_sequence_controller.cpp:1[m[K:
[01m[K/opt/ros/humble/include/rcl_interfaces/rcl_interfaces/msg/detail/set_parameters_result__struct.hpp:28:11:[m[K [01;36m[Knote: [m[K  ‘[01m[Krcl_interfaces::msg[m[K’
   28 | namespace [01;36m[Kmsg[m[K
      |           [01;36m[K^~~[m[K
In file included from [01m[K/opt/ros/humble/include/statistics_msgs/statistics_msgs/msg/detail/metrics_message__struct.hpp:24[m[K,
                 from [01m[K/opt/ros/humble/include/statistics_msgs/statistics_msgs/msg/metrics_message.hpp:7[m[K,
                 from [01m[K/opt/ros/humble/include/libstatistics_collector/libstatistics_collector/collector/generate_statistics_message.hpp:21[m[K,
                 from [01m[K/opt/ros/humble/include/rclcpp/rclcpp/topic_statistics/subscription_topic_statistics.hpp:23[m[K,
                 from [01m[K/opt/ros/humble/include/rclcpp/rclcpp/subscription.hpp:50[m[K,
                 from [01m[K/opt/ros/humble/include/rclcpp/rclcpp/any_executable.hpp:25[m[K,
                 from [01m[K/opt/ros/humble/include/rclcpp/rclcpp/memory_strategy.hpp:25[m[K,
                 from [01m[K/opt/ros/humble/include/rclcpp/rclcpp/memory_strategies.hpp:18[m[K,
                 from [01m[K/opt/ros/humble/include/rclcpp/rclcpp/executor_options.hpp:20[m[K,
                 from [01m[K/opt/ros/humble/include/rclcpp/rclcpp/executor.hpp:37[m[K,
                 from [01m[K/opt/ros/humble/include/rclcpp/rclcpp/executors/multi_threaded_executor.hpp:25[m[K,
                 from [01m[K/opt/ros/humble/include/rclcpp/rclcpp/executors.hpp:21[m[K,
                 from [01m[K/opt/ros/humble/include/rclcpp/rclcpp/rclcpp.hpp:155[m[K,
                 from [01m[K/home/srik/ros_ubuntu/ros2_ws/src/relbot_sequence_controller/relbot_sequence_controller/include/steering.hpp:7[m[K,
                 from [01m[K/home/srik/ros_ubuntu/ros2_ws/src/relbot_sequence_controller/relbot_sequence_controller/src/relbot_sequence_controller.cpp:1[m[K:
[01m[K/opt/ros/humble/include/statistics_msgs/statistics_msgs/msg/detail/statistic_data_point__struct.hpp:28:11:[m[K [01;36m[Knote: [m[K  ‘[01m[Kstatistics_msgs::msg[m[K’
   28 | namespace [01;36m[Kmsg[m[K
      |           [01;36m[K^~~[m[K
In file included from [01m[K/opt/ros/humble/include/example_interfaces/example_interfaces/msg/float64.hpp:7[m[K,
                 from [01m[K/home/srik/ros_ubuntu/ros2_ws/src/relbot_sequence_controller/relbot_sequence_controller/include/steering.hpp:10[m[K,
                 from [01m[K/home/srik/ros_ubuntu/ros2_ws/src/relbot_sequence_controller/relbot_sequence_controller/src/relbot_sequence_controller.cpp:1[m[K:
[01m[K/opt/ros/humble/include/example_interfaces/example_interfaces/msg/detail/float64__struct.hpp:28:11:[m[K [01;36m[Knote: [m[K  ‘[01m[Kexample_interfaces::msg[m[K’
   28 | namespace [01;36m[Kmsg[m[K
      |           [01;36m[K^~~[m[K
[01m[K/home/srik/ros_ubuntu/ros2_ws/src/relbot_sequence_controller/relbot_sequence_controller/src/relbot_sequence_controller.cpp:38:5:[m[K [01;31m[Kerror: [m[K‘[01m[Kmotor_pub_[m[K’ was not declared in this scope
   38 |     [01;31m[Kmotor_pub_[m[K->publish(msg);
      |     [01;31m[K^~~~~~~~~~[m[K
gmake[2]: *** [CMakeFiles/relbot_sequence_controller.dir/build.make:76: CMakeFiles/relbot_sequence_controller.dir/src/relbot_sequence_controller.cpp.o] Error 1
gmake[1]: *** [CMakeFiles/Makefile2:137: CMakeFiles/relbot_sequence_controller.dir/all] Error 2
gmake: *** [Makefile:146: all] Error 2
