[0.020s] Invoking command in '/home/srik/ros_ubuntu/ros2_ws2/build/relbot_adapter': CMAKE_PREFIX_PATH=${CMAKE_PREFIX_PATH}:/opt/ros/humble DEBUGINFOD_URLS=https://debuginfod.archlinux.org https://debuginfod.cachyos.org /usr/bin/cmake --build /home/srik/ros_ubuntu/ros2_ws2/build/relbot_adapter -- -j32 -l32
[0.025s] [0mCMake Error: The current CMakeCache.txt directory /home/srik/ros_ubuntu/ros2_ws2/build/relbot_adapter/CMakeCache.txt is different than the directory /home/srik/ros_ubuntu/ros2_ws/build/relbot_adapter where CMakeCache.txt was created. This may result in binaries being created in the wrong place. If you are not sure, reedit the CMakeCache.txt[0m
[0.054s] [100%] Built target relbot_adapter
[0.077s] Invoked command in '/home/srik/ros_ubuntu/ros2_ws2/build/relbot_adapter' returned '0': CMAKE_PREFIX_PATH=${CMAKE_PREFIX_PATH}:/opt/ros/humble DEBUGINFOD_URLS=https://debuginfod.archlinux.org https://debuginfod.cachyos.org /usr/bin/cmake --build /home/srik/ros_ubuntu/ros2_ws2/build/relbot_adapter -- -j32 -l32
[0.078s] Invoking command in '/home/srik/ros_ubuntu/ros2_ws2/build/relbot_adapter': CMAKE_PREFIX_PATH=${CMAKE_PREFIX_PATH}:/opt/ros/humble DEBUGINFOD_URLS=https://debuginfod.archlinux.org https://debuginfod.cachyos.org /usr/bin/cmake --install /home/srik/ros_ubuntu/ros2_ws2/build/relbot_adapter
[0.083s] -- Install configuration: ""
[0.083s] -- Up-to-date: /home/srik/ros_ubuntu/ros2_ws/install/relbot_adapter/lib/relbot_adapter/relbot_adapter
[0.083s] -- Up-to-date: /home/srik/ros_ubuntu/ros2_ws/install/relbot_adapter/share/ament_index/resource_index/package_run_dependencies/relbot_adapter
[0.083s] -- Up-to-date: /home/srik/ros_ubuntu/ros2_ws/install/relbot_adapter/share/ament_index/resource_index/parent_prefix_path/relbot_adapter
[0.083s] -- Up-to-date: /home/srik/ros_ubuntu/ros2_ws/install/relbot_adapter/share/relbot_adapter/environment/ament_prefix_path.sh
[0.084s] -- Up-to-date: /home/srik/ros_ubuntu/ros2_ws/install/relbot_adapter/share/relbot_adapter/environment/ament_prefix_path.dsv
[0.084s] -- Up-to-date: /home/srik/ros_ubuntu/ros2_ws/install/relbot_adapter/share/relbot_adapter/environment/path.sh
[0.084s] -- Up-to-date: /home/srik/ros_ubuntu/ros2_ws/install/relbot_adapter/share/relbot_adapter/environment/path.dsv
[0.084s] -- Up-to-date: /home/srik/ros_ubuntu/ros2_ws/install/relbot_adapter/share/relbot_adapter/local_setup.bash
[0.084s] -- Up-to-date: /home/srik/ros_ubuntu/ros2_ws/install/relbot_adapter/share/relbot_adapter/local_setup.sh
[0.084s] -- Up-to-date: /home/srik/ros_ubuntu/ros2_ws/install/relbot_adapter/share/relbot_adapter/local_setup.zsh
[0.084s] -- Up-to-date: /home/srik/ros_ubuntu/ros2_ws/install/relbot_adapter/share/relbot_adapter/local_setup.dsv
[0.084s] -- Installing: /home/srik/ros_ubuntu/ros2_ws/install/relbot_adapter/share/relbot_adapter/package.dsv
[0.084s] -- Up-to-date: /home/srik/ros_ubuntu/ros2_ws/install/relbot_adapter/share/ament_index/resource_index/packages/relbot_adapter
[0.084s] -- Up-to-date: /home/srik/ros_ubuntu/ros2_ws/install/relbot_adapter/share/relbot_adapter/cmake/relbot_adapterConfig.cmake
[0.084s] -- Up-to-date: /home/srik/ros_ubuntu/ros2_ws/install/relbot_adapter/share/relbot_adapter/cmake/relbot_adapterConfig-version.cmake
[0.084s] -- Up-to-date: /home/srik/ros_ubuntu/ros2_ws/install/relbot_adapter/share/relbot_adapter/package.xml
[0.104s] Invoked command in '/home/srik/ros_ubuntu/ros2_ws2/build/relbot_adapter' returned '0': CMAKE_PREFIX_PATH=${CMAKE_PREFIX_PATH}:/opt/ros/humble DEBUGINFOD_URLS=https://debuginfod.archlinux.org https://debuginfod.cachyos.org /usr/bin/cmake --install /home/srik/ros_ubuntu/ros2_ws2/build/relbot_adapter
