[0.068s] Invoking command in '/home/sdfr-ppd-16/SfDR-code/assignment6/ros2_ws/build/relbot_msgs': CMAKE_PREFIX_PATH=${CMAKE_PREFIX_PATH}:/opt/ros/humble /usr/bin/cmake /home/sdfr-ppd-16/SfDR-code/assignment6/ros2_ws/src/relbot_msgs -DCMAKE_INSTALL_PREFIX=/home/sdfr-ppd-16/SfDR-code/assignment6/ros2_ws/install/relbot_msgs
[0.379s] -- The C compiler identification is GNU 11.4.0
[0.782s] -- The CXX compiler identification is GNU 11.4.0
[0.819s] -- Detecting C compiler ABI info
[1.330s] -- Detecting C compiler ABI info - done
[1.366s] -- Check for working C compiler: /usr/bin/cc - skipped
[1.381s] -- Detecting C compile features
[1.385s] -- Detecting C compile features - done
[1.414s] -- Detecting CXX compiler ABI info
[1.979s] -- Detecting CXX compiler ABI info - done
[2.027s] -- Check for working CXX compiler: /usr/bin/c++ - skipped
[2.030s] -- Detecting CXX compile features
[2.033s] -- Detecting CXX compile features - done
[2.050s] -- Found ament_cmake: 1.3.11 (/opt/ros/humble/share/ament_cmake/cmake)
[2.980s] -- Found Python3: /usr/bin/python3 (found version "3.10.12") found components: Interpreter 
[3.408s] -- Found rosidl_default_generators: 1.2.0 (/opt/ros/humble/share/rosidl_default_generators/cmake)
[3.418s] -- Using all available rosidl_typesupport_c: rosidl_typesupport_fastrtps_c;rosidl_typesupport_introspection_c
[3.438s] -- Found rosidl_adapter: 3.1.6 (/opt/ros/humble/share/rosidl_adapter/cmake)
[3.563s] -- Using all available rosidl_typesupport_cpp: rosidl_typesupport_fastrtps_cpp;rosidl_typesupport_introspection_cpp
[3.686s] -- Found std_msgs: 4.2.4 (/opt/ros/humble/share/std_msgs/cmake)
[5.262s] -- Found ament_cmake_cppcheck: 0.12.11 (/opt/ros/humble/share/ament_cmake_cppcheck/cmake)
[5.273s] -- Found ament_cmake_cpplint: 0.12.11 (/opt/ros/humble/share/ament_cmake_cpplint/cmake)
[5.288s] -- Found ament_cmake_uncrustify: 0.12.11 (/opt/ros/humble/share/ament_cmake_uncrustify/cmake)
[5.300s] -- Found ament_cmake_ros: 0.10.0 (/opt/ros/humble/share/ament_cmake_ros/cmake)
[6.350s] -- Using all available rosidl_typesupport_c: rosidl_typesupport_fastrtps_c;rosidl_typesupport_introspection_c
[7.730s] -- Using all available rosidl_typesupport_cpp: rosidl_typesupport_fastrtps_cpp;rosidl_typesupport_introspection_cpp
[7.848s] -- Found PythonInterp: /usr/bin/python3 (found suitable version "3.10.12", minimum required is "3.6") 
[7.855s] -- Found python_cmake_module: 0.10.0 (/opt/ros/humble/share/python_cmake_module/cmake)
[7.997s] -- Found PythonLibs: /usr/lib/aarch64-linux-gnu/libpython3.10.so (found suitable version "3.10.12", minimum required is "3.5") 
[8.000s] -- Using PYTHON_EXECUTABLE: /usr/bin/python3
[8.002s] -- Using PYTHON_INCLUDE_DIRS: /usr/include/python3.10
[8.003s] -- Using PYTHON_LIBRARIES: /usr/lib/aarch64-linux-gnu/libpython3.10.so
[8.126s] -- Found PythonExtra: .so  
[8.396s] -- Found ament_cmake_flake8: 0.12.11 (/opt/ros/humble/share/ament_cmake_flake8/cmake)
[8.402s] -- Found ament_cmake_pep257: 0.12.11 (/opt/ros/humble/share/ament_cmake_pep257/cmake)
[8.412s] -- Found ament_lint_auto: 0.12.11 (/opt/ros/humble/share/ament_lint_auto/cmake)
[8.476s] -- Added test 'lint_cmake' to check CMake code style
[8.478s] -- Added test 'xmllint' to check XML markup files
[8.498s] -- Configuring done
[8.762s] -- Generating done
[8.847s] -- Build files have been written to: /home/sdfr-ppd-16/SfDR-code/assignment6/ros2_ws/build/relbot_msgs
[8.900s] Invoked command in '/home/sdfr-ppd-16/SfDR-code/assignment6/ros2_ws/build/relbot_msgs' returned '0': CMAKE_PREFIX_PATH=${CMAKE_PREFIX_PATH}:/opt/ros/humble /usr/bin/cmake /home/sdfr-ppd-16/SfDR-code/assignment6/ros2_ws/src/relbot_msgs -DCMAKE_INSTALL_PREFIX=/home/sdfr-ppd-16/SfDR-code/assignment6/ros2_ws/install/relbot_msgs
[8.903s] Invoking command in '/home/sdfr-ppd-16/SfDR-code/assignment6/ros2_ws/build/relbot_msgs': CMAKE_PREFIX_PATH=${CMAKE_PREFIX_PATH}:/opt/ros/humble /usr/bin/cmake --build /home/sdfr-ppd-16/SfDR-code/assignment6/ros2_ws/build/relbot_msgs -- -j3 -l3
[9.069s] [  2%] [34m[1mGenerating C code for ROS interfaces[0m
[9.132s] [  5%] [34m[1mGenerating C++ code for ROS interfaces[0m
[9.177s] [  5%] Built target ament_cmake_python_copy_relbot_msgs
[11.523s] running egg_info
[11.528s] creating relbot_msgs.egg-info
[11.540s] writing relbot_msgs.egg-info/PKG-INFO
[11.544s] writing dependency_links to relbot_msgs.egg-info/dependency_links.txt
[11.548s] writing top-level names to relbot_msgs.egg-info/top_level.txt
[11.552s] writing manifest file 'relbot_msgs.egg-info/SOURCES.txt'
[11.574s] reading manifest file 'relbot_msgs.egg-info/SOURCES.txt'
[11.586s] writing manifest file 'relbot_msgs.egg-info/SOURCES.txt'
[11.818s] [  5%] Built target ament_cmake_python_build_relbot_msgs_egg
[11.862s] [  7%] [32mBuilding C object CMakeFiles/relbot_msgs__rosidl_generator_c.dir/rosidl_generator_c/relbot_msgs/msg/detail/relbot_motors__functions.c.o[0m
[11.926s] [  7%] Built target relbot_msgs__cpp
[11.942s] [ 10%] [32mBuilding C object CMakeFiles/relbot_msgs__rosidl_generator_c.dir/rosidl_generator_c/relbot_msgs/msg/detail/relbot_motors_stamped__functions.c.o[0m
[11.959s] [ 12%] [34m[1mGenerating C++ type support dispatch for ROS interfaces[0m
[12.234s] [ 15%] [34m[1mGenerating C++ type support for eProsima Fast-RTPS[0m
[12.386s] [ 17%] [32m[1mLinking C shared library librelbot_msgs__rosidl_generator_c.so[0m
[12.728s] [ 17%] Built target relbot_msgs__rosidl_generator_c
[12.816s] [ 20%] [34m[1mGenerating C++ introspection for ROS interfaces[0m
[14.303s] [ 23%] [32mBuilding CXX object CMakeFiles/relbot_msgs__rosidl_typesupport_cpp.dir/rosidl_typesupport_cpp/relbot_msgs/msg/relbot_motors__type_support.cpp.o[0m
[14.946s] [ 25%] [32mBuilding CXX object CMakeFiles/relbot_msgs__rosidl_typesupport_fastrtps_cpp.dir/rosidl_typesupport_fastrtps_cpp/relbot_msgs/msg/detail/dds_fastrtps/relbot_motors__type_support.cpp.o[0m
[15.362s] [ 28%] [32mBuilding CXX object CMakeFiles/relbot_msgs__rosidl_typesupport_introspection_cpp.dir/rosidl_typesupport_introspection_cpp/relbot_msgs/msg/detail/relbot_motors__type_support.cpp.o[0m
[16.563s] [ 30%] [32mBuilding CXX object CMakeFiles/relbot_msgs__rosidl_typesupport_cpp.dir/rosidl_typesupport_cpp/relbot_msgs/msg/relbot_motors_stamped__type_support.cpp.o[0m
[17.565s] [ 33%] [32mBuilding CXX object CMakeFiles/relbot_msgs__rosidl_typesupport_fastrtps_cpp.dir/rosidl_typesupport_fastrtps_cpp/relbot_msgs/msg/detail/dds_fastrtps/relbot_motors_stamped__type_support.cpp.o[0m
[18.169s] [ 35%] [32mBuilding CXX object CMakeFiles/relbot_msgs__rosidl_typesupport_introspection_cpp.dir/rosidl_typesupport_introspection_cpp/relbot_msgs/msg/detail/relbot_motors_stamped__type_support.cpp.o[0m
[18.497s] [ 38%] [32m[1mLinking CXX shared library librelbot_msgs__rosidl_typesupport_cpp.so[0m
[18.831s] [ 38%] Built target relbot_msgs__rosidl_typesupport_cpp
[18.930s] [ 41%] [34m[1mGenerating C type support for eProsima Fast-RTPS[0m
[20.730s] [ 43%] [32m[1mLinking CXX shared library librelbot_msgs__rosidl_typesupport_introspection_cpp.so[0m
[20.865s] [ 46%] [32m[1mLinking CXX shared library librelbot_msgs__rosidl_typesupport_fastrtps_cpp.so[0m
[21.330s] [ 46%] Built target relbot_msgs__rosidl_typesupport_introspection_cpp
[21.426s] [ 48%] [34m[1mGenerating C introspection for ROS interfaces[0m
[21.597s] [ 48%] Built target relbot_msgs__rosidl_typesupport_fastrtps_cpp
[21.694s] [ 51%] [34m[1mGenerating C type support dispatch for ROS interfaces[0m
[21.825s] [ 53%] [32mBuilding CXX object CMakeFiles/relbot_msgs__rosidl_typesupport_fastrtps_c.dir/rosidl_typesupport_fastrtps_c/relbot_msgs/msg/detail/relbot_motors__type_support_c.cpp.o[0m
[23.259s] [ 56%] [32mBuilding C object CMakeFiles/relbot_msgs__rosidl_typesupport_introspection_c.dir/rosidl_typesupport_introspection_c/relbot_msgs/msg/detail/relbot_motors__type_support.c.o[0m
[23.387s] [ 58%] [32mBuilding C object CMakeFiles/relbot_msgs__rosidl_typesupport_introspection_c.dir/rosidl_typesupport_introspection_c/relbot_msgs/msg/detail/relbot_motors_stamped__type_support.c.o[0m
[23.630s] [ 61%] [32m[1mLinking C shared library librelbot_msgs__rosidl_typesupport_introspection_c.so[0m
[23.804s] [ 64%] [32mBuilding CXX object CMakeFiles/relbot_msgs__rosidl_typesupport_c.dir/rosidl_typesupport_c/relbot_msgs/msg/relbot_motors__type_support.cpp.o[0m
[23.859s] [ 64%] Built target relbot_msgs__rosidl_typesupport_introspection_c
[23.922s] [ 66%] [32mBuilding CXX object CMakeFiles/relbot_msgs__rosidl_typesupport_c.dir/rosidl_typesupport_c/relbot_msgs/msg/relbot_motors_stamped__type_support.cpp.o[0m
[23.971s] [ 69%] [32mBuilding CXX object CMakeFiles/relbot_msgs__rosidl_typesupport_fastrtps_c.dir/rosidl_typesupport_fastrtps_c/relbot_msgs/msg/detail/relbot_motors_stamped__type_support_c.cpp.o[0m
[24.086s] [ 71%] [32m[1mLinking CXX shared library librelbot_msgs__rosidl_typesupport_c.so[0m
[24.416s] [ 71%] Built target relbot_msgs__rosidl_typesupport_c
[25.697s] [ 74%] [32m[1mLinking CXX shared library librelbot_msgs__rosidl_typesupport_fastrtps_c.so[0m
[26.033s] [ 74%] Built target relbot_msgs__rosidl_typesupport_fastrtps_c
[26.095s] [ 74%] Built target relbot_msgs
[26.160s] [ 76%] [34m[1mGenerating Python code for ROS interfaces[0m
[28.343s] [ 76%] Built target relbot_msgs__py
[28.401s] [ 79%] [32mBuilding C object CMakeFiles/relbot_msgs__rosidl_generator_py.dir/rosidl_generator_py/relbot_msgs/msg/_relbot_motors_stamped_s.c.o[0m
[28.424s] [ 82%] [32mBuilding C object CMakeFiles/relbot_msgs__rosidl_generator_py.dir/rosidl_generator_py/relbot_msgs/msg/_relbot_motors_s.c.o[0m
[29.015s] [ 84%] [32m[1mLinking C shared library rosidl_generator_py/relbot_msgs/librelbot_msgs__rosidl_generator_py.so[0m
[29.206s] [ 84%] Built target relbot_msgs__rosidl_generator_py
[29.325s] [ 87%] [32mBuilding C object CMakeFiles/relbot_msgs__rosidl_typesupport_introspection_c__pyext.dir/rosidl_generator_py/relbot_msgs/_relbot_msgs_s.ep.rosidl_typesupport_introspection_c.c.o[0m
[29.363s] [ 89%] [32mBuilding C object CMakeFiles/relbot_msgs__rosidl_typesupport_fastrtps_c__pyext.dir/rosidl_generator_py/relbot_msgs/_relbot_msgs_s.ep.rosidl_typesupport_fastrtps_c.c.o[0m
[29.377s] [ 92%] [32mBuilding C object CMakeFiles/relbot_msgs__rosidl_typesupport_c__pyext.dir/rosidl_generator_py/relbot_msgs/_relbot_msgs_s.ep.rosidl_typesupport_c.c.o[0m
[29.905s] [ 94%] [32m[1mLinking C shared library rosidl_generator_py/relbot_msgs/relbot_msgs_s__rosidl_typesupport_c.cpython-310-aarch64-linux-gnu.so[0m
[30.082s] [ 97%] [32m[1mLinking C shared library rosidl_generator_py/relbot_msgs/relbot_msgs_s__rosidl_typesupport_fastrtps_c.cpython-310-aarch64-linux-gnu.so[0m
[30.096s] [100%] [32m[1mLinking C shared library rosidl_generator_py/relbot_msgs/relbot_msgs_s__rosidl_typesupport_introspection_c.cpython-310-aarch64-linux-gnu.so[0m
[30.194s] [100%] Built target relbot_msgs__rosidl_typesupport_c__pyext
[30.324s] [100%] Built target relbot_msgs__rosidl_typesupport_fastrtps_c__pyext
[30.383s] [100%] Built target relbot_msgs__rosidl_typesupport_introspection_c__pyext
[30.420s] Invoked command in '/home/sdfr-ppd-16/SfDR-code/assignment6/ros2_ws/build/relbot_msgs' returned '0': CMAKE_PREFIX_PATH=${CMAKE_PREFIX_PATH}:/opt/ros/humble /usr/bin/cmake --build /home/sdfr-ppd-16/SfDR-code/assignment6/ros2_ws/build/relbot_msgs -- -j3 -l3
[30.425s] Invoking command in '/home/sdfr-ppd-16/SfDR-code/assignment6/ros2_ws/build/relbot_msgs': CMAKE_PREFIX_PATH=${CMAKE_PREFIX_PATH}:/opt/ros/humble /usr/bin/cmake --install /home/sdfr-ppd-16/SfDR-code/assignment6/ros2_ws/build/relbot_msgs
[30.459s] -- Install configuration: ""
[30.461s] -- Installing: /home/sdfr-ppd-16/SfDR-code/assignment6/ros2_ws/install/relbot_msgs/share/ament_index/resource_index/rosidl_interfaces/relbot_msgs
[30.463s] -- Installing: /home/sdfr-ppd-16/SfDR-code/assignment6/ros2_ws/install/relbot_msgs/include/relbot_msgs/relbot_msgs
[30.464s] -- Installing: /home/sdfr-ppd-16/SfDR-code/assignment6/ros2_ws/install/relbot_msgs/include/relbot_msgs/relbot_msgs/msg
[30.466s] -- Installing: /home/sdfr-ppd-16/SfDR-code/assignment6/ros2_ws/install/relbot_msgs/include/relbot_msgs/relbot_msgs/msg/rosidl_generator_c__visibility_control.h
[30.468s] -- Installing: /home/sdfr-ppd-16/SfDR-code/assignment6/ros2_ws/install/relbot_msgs/include/relbot_msgs/relbot_msgs/msg/detail
[30.470s] -- Installing: /home/sdfr-ppd-16/SfDR-code/assignment6/ros2_ws/install/relbot_msgs/include/relbot_msgs/relbot_msgs/msg/detail/relbot_motors_stamped__struct.h
[30.471s] -- Installing: /home/sdfr-ppd-16/SfDR-code/assignment6/ros2_ws/install/relbot_msgs/include/relbot_msgs/relbot_msgs/msg/detail/relbot_motors_stamped__functions.h
[30.472s] -- Installing: /home/sdfr-ppd-16/SfDR-code/assignment6/ros2_ws/install/relbot_msgs/include/relbot_msgs/relbot_msgs/msg/detail/relbot_motors__struct.h
[30.473s] -- Installing: /home/sdfr-ppd-16/SfDR-code/assignment6/ros2_ws/install/relbot_msgs/include/relbot_msgs/relbot_msgs/msg/detail/relbot_motors_stamped__functions.c
[30.475s] -- Installing: /home/sdfr-ppd-16/SfDR-code/assignment6/ros2_ws/install/relbot_msgs/include/relbot_msgs/relbot_msgs/msg/detail/relbot_motors__functions.c
[30.478s] -- Installing: /home/sdfr-ppd-16/SfDR-code/assignment6/ros2_ws/install/relbot_msgs/include/relbot_msgs/relbot_msgs/msg/detail/relbot_motors__functions.h
[30.481s] -- Installing: /home/sdfr-ppd-16/SfDR-code/assignment6/ros2_ws/install/relbot_msgs/include/relbot_msgs/relbot_msgs/msg/detail/relbot_motors_stamped__type_support.h
[30.485s] -- Installing: /home/sdfr-ppd-16/SfDR-code/assignment6/ros2_ws/install/relbot_msgs/include/relbot_msgs/relbot_msgs/msg/detail/relbot_motors__type_support.h
[30.487s] -- Installing: /home/sdfr-ppd-16/SfDR-code/assignment6/ros2_ws/install/relbot_msgs/include/relbot_msgs/relbot_msgs/msg/relbot_motors_stamped.h
[30.489s] -- Installing: /home/sdfr-ppd-16/SfDR-code/assignment6/ros2_ws/install/relbot_msgs/include/relbot_msgs/relbot_msgs/msg/relbot_motors.h
[30.491s] -- Installing: /home/sdfr-ppd-16/SfDR-code/assignment6/ros2_ws/install/relbot_msgs/share/relbot_msgs/environment/library_path.sh
[30.492s] -- Installing: /home/sdfr-ppd-16/SfDR-code/assignment6/ros2_ws/install/relbot_msgs/share/relbot_msgs/environment/library_path.dsv
[30.494s] -- Installing: /home/sdfr-ppd-16/SfDR-code/assignment6/ros2_ws/install/relbot_msgs/lib/librelbot_msgs__rosidl_generator_c.so
[30.497s] -- Set runtime path of "/home/sdfr-ppd-16/SfDR-code/assignment6/ros2_ws/install/relbot_msgs/lib/librelbot_msgs__rosidl_generator_c.so" to ""
[30.498s] -- Up-to-date: /home/sdfr-ppd-16/SfDR-code/assignment6/ros2_ws/install/relbot_msgs/include/relbot_msgs/relbot_msgs
[30.500s] -- Up-to-date: /home/sdfr-ppd-16/SfDR-code/assignment6/ros2_ws/install/relbot_msgs/include/relbot_msgs/relbot_msgs/msg
[30.502s] -- Up-to-date: /home/sdfr-ppd-16/SfDR-code/assignment6/ros2_ws/install/relbot_msgs/include/relbot_msgs/relbot_msgs/msg/detail
[30.505s] -- Installing: /home/sdfr-ppd-16/SfDR-code/assignment6/ros2_ws/install/relbot_msgs/include/relbot_msgs/relbot_msgs/msg/detail/relbot_motors_stamped__rosidl_typesupport_fastrtps_c.h
[30.507s] -- Installing: /home/sdfr-ppd-16/SfDR-code/assignment6/ros2_ws/install/relbot_msgs/include/relbot_msgs/relbot_msgs/msg/detail/relbot_motors__rosidl_typesupport_fastrtps_c.h
[30.508s] -- Installing: /home/sdfr-ppd-16/SfDR-code/assignment6/ros2_ws/install/relbot_msgs/include/relbot_msgs/relbot_msgs/msg/rosidl_typesupport_fastrtps_c__visibility_control.h
[30.510s] -- Installing: /home/sdfr-ppd-16/SfDR-code/assignment6/ros2_ws/install/relbot_msgs/lib/librelbot_msgs__rosidl_typesupport_fastrtps_c.so
[30.511s] -- Set runtime path of "/home/sdfr-ppd-16/SfDR-code/assignment6/ros2_ws/install/relbot_msgs/lib/librelbot_msgs__rosidl_typesupport_fastrtps_c.so" to ""
[30.513s] -- Up-to-date: /home/sdfr-ppd-16/SfDR-code/assignment6/ros2_ws/install/relbot_msgs/include/relbot_msgs/relbot_msgs
[30.515s] -- Up-to-date: /home/sdfr-ppd-16/SfDR-code/assignment6/ros2_ws/install/relbot_msgs/include/relbot_msgs/relbot_msgs/msg
[30.516s] -- Installing: /home/sdfr-ppd-16/SfDR-code/assignment6/ros2_ws/install/relbot_msgs/include/relbot_msgs/relbot_msgs/msg/rosidl_typesupport_introspection_c__visibility_control.h
[30.518s] -- Up-to-date: /home/sdfr-ppd-16/SfDR-code/assignment6/ros2_ws/install/relbot_msgs/include/relbot_msgs/relbot_msgs/msg/detail
[30.519s] -- Installing: /home/sdfr-ppd-16/SfDR-code/assignment6/ros2_ws/install/relbot_msgs/include/relbot_msgs/relbot_msgs/msg/detail/relbot_motors_stamped__rosidl_typesupport_introspection_c.h
[30.521s] -- Installing: /home/sdfr-ppd-16/SfDR-code/assignment6/ros2_ws/install/relbot_msgs/include/relbot_msgs/relbot_msgs/msg/detail/relbot_motors__rosidl_typesupport_introspection_c.h
[30.524s] -- Installing: /home/sdfr-ppd-16/SfDR-code/assignment6/ros2_ws/install/relbot_msgs/include/relbot_msgs/relbot_msgs/msg/detail/relbot_motors__type_support.c
[30.528s] -- Installing: /home/sdfr-ppd-16/SfDR-code/assignment6/ros2_ws/install/relbot_msgs/include/relbot_msgs/relbot_msgs/msg/detail/relbot_motors_stamped__type_support.c
[30.536s] -- Installing: /home/sdfr-ppd-16/SfDR-code/assignment6/ros2_ws/install/relbot_msgs/lib/librelbot_msgs__rosidl_typesupport_introspection_c.so
[30.537s] -- Set runtime path of "/home/sdfr-ppd-16/SfDR-code/assignment6/ros2_ws/install/relbot_msgs/lib/librelbot_msgs__rosidl_typesupport_introspection_c.so" to ""
[30.539s] -- Installing: /home/sdfr-ppd-16/SfDR-code/assignment6/ros2_ws/install/relbot_msgs/lib/librelbot_msgs__rosidl_typesupport_c.so
[30.540s] -- Set runtime path of "/home/sdfr-ppd-16/SfDR-code/assignment6/ros2_ws/install/relbot_msgs/lib/librelbot_msgs__rosidl_typesupport_c.so" to ""
[30.544s] -- Up-to-date: /home/sdfr-ppd-16/SfDR-code/assignment6/ros2_ws/install/relbot_msgs/include/relbot_msgs/relbot_msgs
[30.550s] -- Up-to-date: /home/sdfr-ppd-16/SfDR-code/assignment6/ros2_ws/install/relbot_msgs/include/relbot_msgs/relbot_msgs/msg
[30.551s] -- Installing: /home/sdfr-ppd-16/SfDR-code/assignment6/ros2_ws/install/relbot_msgs/include/relbot_msgs/relbot_msgs/msg/relbot_motors_stamped.hpp
[30.553s] -- Up-to-date: /home/sdfr-ppd-16/SfDR-code/assignment6/ros2_ws/install/relbot_msgs/include/relbot_msgs/relbot_msgs/msg/detail
[30.554s] -- Installing: /home/sdfr-ppd-16/SfDR-code/assignment6/ros2_ws/install/relbot_msgs/include/relbot_msgs/relbot_msgs/msg/detail/relbot_motors_stamped__type_support.hpp
[30.559s] -- Installing: /home/sdfr-ppd-16/SfDR-code/assignment6/ros2_ws/install/relbot_msgs/include/relbot_msgs/relbot_msgs/msg/detail/relbot_motors_stamped__struct.hpp
[30.562s] -- Installing: /home/sdfr-ppd-16/SfDR-code/assignment6/ros2_ws/install/relbot_msgs/include/relbot_msgs/relbot_msgs/msg/detail/relbot_motors_stamped__traits.hpp
[30.569s] -- Installing: /home/sdfr-ppd-16/SfDR-code/assignment6/ros2_ws/install/relbot_msgs/include/relbot_msgs/relbot_msgs/msg/detail/relbot_motors__type_support.hpp
[30.570s] -- Installing: /home/sdfr-ppd-16/SfDR-code/assignment6/ros2_ws/install/relbot_msgs/include/relbot_msgs/relbot_msgs/msg/detail/relbot_motors__traits.hpp
[30.572s] -- Installing: /home/sdfr-ppd-16/SfDR-code/assignment6/ros2_ws/install/relbot_msgs/include/relbot_msgs/relbot_msgs/msg/detail/relbot_motors_stamped__builder.hpp
[30.574s] -- Installing: /home/sdfr-ppd-16/SfDR-code/assignment6/ros2_ws/install/relbot_msgs/include/relbot_msgs/relbot_msgs/msg/detail/relbot_motors__builder.hpp
[30.576s] -- Installing: /home/sdfr-ppd-16/SfDR-code/assignment6/ros2_ws/install/relbot_msgs/include/relbot_msgs/relbot_msgs/msg/detail/relbot_motors__struct.hpp
[30.578s] -- Installing: /home/sdfr-ppd-16/SfDR-code/assignment6/ros2_ws/install/relbot_msgs/include/relbot_msgs/relbot_msgs/msg/rosidl_generator_cpp__visibility_control.hpp
[30.580s] -- Installing: /home/sdfr-ppd-16/SfDR-code/assignment6/ros2_ws/install/relbot_msgs/include/relbot_msgs/relbot_msgs/msg/relbot_motors.hpp
[30.581s] -- Up-to-date: /home/sdfr-ppd-16/SfDR-code/assignment6/ros2_ws/install/relbot_msgs/include/relbot_msgs/relbot_msgs
[30.583s] -- Up-to-date: /home/sdfr-ppd-16/SfDR-code/assignment6/ros2_ws/install/relbot_msgs/include/relbot_msgs/relbot_msgs/msg
[30.584s] -- Up-to-date: /home/sdfr-ppd-16/SfDR-code/assignment6/ros2_ws/install/relbot_msgs/include/relbot_msgs/relbot_msgs/msg/detail
[30.585s] -- Installing: /home/sdfr-ppd-16/SfDR-code/assignment6/ros2_ws/install/relbot_msgs/include/relbot_msgs/relbot_msgs/msg/detail/dds_fastrtps
[30.590s] -- Installing: /home/sdfr-ppd-16/SfDR-code/assignment6/ros2_ws/install/relbot_msgs/include/relbot_msgs/relbot_msgs/msg/detail/relbot_motors_stamped__rosidl_typesupport_fastrtps_cpp.hpp
[30.591s] -- Installing: /home/sdfr-ppd-16/SfDR-code/assignment6/ros2_ws/install/relbot_msgs/include/relbot_msgs/relbot_msgs/msg/detail/relbot_motors__rosidl_typesupport_fastrtps_cpp.hpp
[30.593s] -- Installing: /home/sdfr-ppd-16/SfDR-code/assignment6/ros2_ws/install/relbot_msgs/include/relbot_msgs/relbot_msgs/msg/rosidl_typesupport_fastrtps_cpp__visibility_control.h
[30.595s] -- Installing: /home/sdfr-ppd-16/SfDR-code/assignment6/ros2_ws/install/relbot_msgs/lib/librelbot_msgs__rosidl_typesupport_fastrtps_cpp.so
[30.596s] -- Set runtime path of "/home/sdfr-ppd-16/SfDR-code/assignment6/ros2_ws/install/relbot_msgs/lib/librelbot_msgs__rosidl_typesupport_fastrtps_cpp.so" to ""
[30.597s] -- Up-to-date: /home/sdfr-ppd-16/SfDR-code/assignment6/ros2_ws/install/relbot_msgs/include/relbot_msgs/relbot_msgs
[30.599s] -- Up-to-date: /home/sdfr-ppd-16/SfDR-code/assignment6/ros2_ws/install/relbot_msgs/include/relbot_msgs/relbot_msgs/msg
[30.600s] -- Up-to-date: /home/sdfr-ppd-16/SfDR-code/assignment6/ros2_ws/install/relbot_msgs/include/relbot_msgs/relbot_msgs/msg/detail
[30.602s] -- Installing: /home/sdfr-ppd-16/SfDR-code/assignment6/ros2_ws/install/relbot_msgs/include/relbot_msgs/relbot_msgs/msg/detail/relbot_motors_stamped__type_support.cpp
[30.604s] -- Installing: /home/sdfr-ppd-16/SfDR-code/assignment6/ros2_ws/install/relbot_msgs/include/relbot_msgs/relbot_msgs/msg/detail/relbot_motors__type_support.cpp
[30.605s] -- Installing: /home/sdfr-ppd-16/SfDR-code/assignment6/ros2_ws/install/relbot_msgs/include/relbot_msgs/relbot_msgs/msg/detail/relbot_motors__rosidl_typesupport_introspection_cpp.hpp
[30.607s] -- Installing: /home/sdfr-ppd-16/SfDR-code/assignment6/ros2_ws/install/relbot_msgs/include/relbot_msgs/relbot_msgs/msg/detail/relbot_motors_stamped__rosidl_typesupport_introspection_cpp.hpp
[30.608s] -- Installing: /home/sdfr-ppd-16/SfDR-code/assignment6/ros2_ws/install/relbot_msgs/lib/librelbot_msgs__rosidl_typesupport_introspection_cpp.so
[30.610s] -- Set runtime path of "/home/sdfr-ppd-16/SfDR-code/assignment6/ros2_ws/install/relbot_msgs/lib/librelbot_msgs__rosidl_typesupport_introspection_cpp.so" to ""
[30.611s] -- Installing: /home/sdfr-ppd-16/SfDR-code/assignment6/ros2_ws/install/relbot_msgs/lib/librelbot_msgs__rosidl_typesupport_cpp.so
[30.613s] -- Set runtime path of "/home/sdfr-ppd-16/SfDR-code/assignment6/ros2_ws/install/relbot_msgs/lib/librelbot_msgs__rosidl_typesupport_cpp.so" to ""
[30.614s] -- Installing: /home/sdfr-ppd-16/SfDR-code/assignment6/ros2_ws/install/relbot_msgs/share/relbot_msgs/environment/pythonpath.sh
[30.616s] -- Installing: /home/sdfr-ppd-16/SfDR-code/assignment6/ros2_ws/install/relbot_msgs/share/relbot_msgs/environment/pythonpath.dsv
[30.617s] -- Installing: /home/sdfr-ppd-16/SfDR-code/assignment6/ros2_ws/install/relbot_msgs/local/lib/python3.10/dist-packages/relbot_msgs-2025.2.0-py3.10.egg-info
[30.619s] -- Installing: /home/sdfr-ppd-16/SfDR-code/assignment6/ros2_ws/install/relbot_msgs/local/lib/python3.10/dist-packages/relbot_msgs-2025.2.0-py3.10.egg-info/dependency_links.txt
[30.620s] -- Installing: /home/sdfr-ppd-16/SfDR-code/assignment6/ros2_ws/install/relbot_msgs/local/lib/python3.10/dist-packages/relbot_msgs-2025.2.0-py3.10.egg-info/PKG-INFO
[30.622s] -- Installing: /home/sdfr-ppd-16/SfDR-code/assignment6/ros2_ws/install/relbot_msgs/local/lib/python3.10/dist-packages/relbot_msgs-2025.2.0-py3.10.egg-info/SOURCES.txt
[30.623s] -- Installing: /home/sdfr-ppd-16/SfDR-code/assignment6/ros2_ws/install/relbot_msgs/local/lib/python3.10/dist-packages/relbot_msgs-2025.2.0-py3.10.egg-info/top_level.txt
[30.624s] -- Installing: /home/sdfr-ppd-16/SfDR-code/assignment6/ros2_ws/install/relbot_msgs/local/lib/python3.10/dist-packages/relbot_msgs
[30.626s] -- Installing: /home/sdfr-ppd-16/SfDR-code/assignment6/ros2_ws/install/relbot_msgs/local/lib/python3.10/dist-packages/relbot_msgs/_relbot_msgs_s.ep.rosidl_typesupport_fastrtps_c.c
[30.627s] -- Installing: /home/sdfr-ppd-16/SfDR-code/assignment6/ros2_ws/install/relbot_msgs/local/lib/python3.10/dist-packages/relbot_msgs/_relbot_msgs_s.ep.rosidl_typesupport_c.c
[30.629s] -- Installing: /home/sdfr-ppd-16/SfDR-code/assignment6/ros2_ws/install/relbot_msgs/local/lib/python3.10/dist-packages/relbot_msgs/relbot_msgs_s__rosidl_typesupport_introspection_c.cpython-310-aarch64-linux-gnu.so
[30.631s] -- Installing: /home/sdfr-ppd-16/SfDR-code/assignment6/ros2_ws/install/relbot_msgs/local/lib/python3.10/dist-packages/relbot_msgs/msg
[30.633s] -- Installing: /home/sdfr-ppd-16/SfDR-code/assignment6/ros2_ws/install/relbot_msgs/local/lib/python3.10/dist-packages/relbot_msgs/msg/_relbot_motors_s.c
[30.634s] -- Installing: /home/sdfr-ppd-16/SfDR-code/assignment6/ros2_ws/install/relbot_msgs/local/lib/python3.10/dist-packages/relbot_msgs/msg/_relbot_motors_stamped_s.c
[30.636s] -- Installing: /home/sdfr-ppd-16/SfDR-code/assignment6/ros2_ws/install/relbot_msgs/local/lib/python3.10/dist-packages/relbot_msgs/msg/__init__.py
[30.638s] -- Installing: /home/sdfr-ppd-16/SfDR-code/assignment6/ros2_ws/install/relbot_msgs/local/lib/python3.10/dist-packages/relbot_msgs/msg/_relbot_motors_stamped.py
[30.639s] -- Installing: /home/sdfr-ppd-16/SfDR-code/assignment6/ros2_ws/install/relbot_msgs/local/lib/python3.10/dist-packages/relbot_msgs/msg/_relbot_motors.py
[30.640s] -- Installing: /home/sdfr-ppd-16/SfDR-code/assignment6/ros2_ws/install/relbot_msgs/local/lib/python3.10/dist-packages/relbot_msgs/librelbot_msgs__rosidl_generator_py.so
[30.642s] -- Installing: /home/sdfr-ppd-16/SfDR-code/assignment6/ros2_ws/install/relbot_msgs/local/lib/python3.10/dist-packages/relbot_msgs/__init__.py
[30.643s] -- Installing: /home/sdfr-ppd-16/SfDR-code/assignment6/ros2_ws/install/relbot_msgs/local/lib/python3.10/dist-packages/relbot_msgs/relbot_msgs_s__rosidl_typesupport_fastrtps_c.cpython-310-aarch64-linux-gnu.so
[30.644s] -- Installing: /home/sdfr-ppd-16/SfDR-code/assignment6/ros2_ws/install/relbot_msgs/local/lib/python3.10/dist-packages/relbot_msgs/relbot_msgs_s__rosidl_typesupport_c.cpython-310-aarch64-linux-gnu.so
[30.646s] -- Installing: /home/sdfr-ppd-16/SfDR-code/assignment6/ros2_ws/install/relbot_msgs/local/lib/python3.10/dist-packages/relbot_msgs/_relbot_msgs_s.ep.rosidl_typesupport_introspection_c.c
[30.797s] Listing '/home/sdfr-ppd-16/SfDR-code/assignment6/ros2_ws/install/relbot_msgs/local/lib/python3.10/dist-packages/relbot_msgs'...
[30.799s] Compiling '/home/sdfr-ppd-16/SfDR-code/assignment6/ros2_ws/install/relbot_msgs/local/lib/python3.10/dist-packages/relbot_msgs/__init__.py'...
[30.802s] Listing '/home/sdfr-ppd-16/SfDR-code/assignment6/ros2_ws/install/relbot_msgs/local/lib/python3.10/dist-packages/relbot_msgs/msg'...
[30.804s] Compiling '/home/sdfr-ppd-16/SfDR-code/assignment6/ros2_ws/install/relbot_msgs/local/lib/python3.10/dist-packages/relbot_msgs/msg/__init__.py'...
[30.818s] Compiling '/home/sdfr-ppd-16/SfDR-code/assignment6/ros2_ws/install/relbot_msgs/local/lib/python3.10/dist-packages/relbot_msgs/msg/_relbot_motors.py'...
[30.820s] Compiling '/home/sdfr-ppd-16/SfDR-code/assignment6/ros2_ws/install/relbot_msgs/local/lib/python3.10/dist-packages/relbot_msgs/msg/_relbot_motors_stamped.py'...
[30.834s] -- Installing: /home/sdfr-ppd-16/SfDR-code/assignment6/ros2_ws/install/relbot_msgs/local/lib/python3.10/dist-packages/relbot_msgs/relbot_msgs_s__rosidl_typesupport_fastrtps_c.cpython-310-aarch64-linux-gnu.so
[30.837s] -- Set runtime path of "/home/sdfr-ppd-16/SfDR-code/assignment6/ros2_ws/install/relbot_msgs/local/lib/python3.10/dist-packages/relbot_msgs/relbot_msgs_s__rosidl_typesupport_fastrtps_c.cpython-310-aarch64-linux-gnu.so" to ""
[30.839s] -- Installing: /home/sdfr-ppd-16/SfDR-code/assignment6/ros2_ws/install/relbot_msgs/local/lib/python3.10/dist-packages/relbot_msgs/relbot_msgs_s__rosidl_typesupport_introspection_c.cpython-310-aarch64-linux-gnu.so
[30.841s] -- Set runtime path of "/home/sdfr-ppd-16/SfDR-code/assignment6/ros2_ws/install/relbot_msgs/local/lib/python3.10/dist-packages/relbot_msgs/relbot_msgs_s__rosidl_typesupport_introspection_c.cpython-310-aarch64-linux-gnu.so" to ""
[30.843s] -- Installing: /home/sdfr-ppd-16/SfDR-code/assignment6/ros2_ws/install/relbot_msgs/local/lib/python3.10/dist-packages/relbot_msgs/relbot_msgs_s__rosidl_typesupport_c.cpython-310-aarch64-linux-gnu.so
[30.845s] -- Set runtime path of "/home/sdfr-ppd-16/SfDR-code/assignment6/ros2_ws/install/relbot_msgs/local/lib/python3.10/dist-packages/relbot_msgs/relbot_msgs_s__rosidl_typesupport_c.cpython-310-aarch64-linux-gnu.so" to ""
[30.846s] -- Installing: /home/sdfr-ppd-16/SfDR-code/assignment6/ros2_ws/install/relbot_msgs/lib/librelbot_msgs__rosidl_generator_py.so
[30.849s] -- Set runtime path of "/home/sdfr-ppd-16/SfDR-code/assignment6/ros2_ws/install/relbot_msgs/lib/librelbot_msgs__rosidl_generator_py.so" to ""
[30.852s] -- Installing: /home/sdfr-ppd-16/SfDR-code/assignment6/ros2_ws/install/relbot_msgs/share/relbot_msgs/msg/RelbotMotors.idl
[30.856s] -- Installing: /home/sdfr-ppd-16/SfDR-code/assignment6/ros2_ws/install/relbot_msgs/share/relbot_msgs/msg/RelbotMotorsStamped.idl
[30.858s] -- Installing: /home/sdfr-ppd-16/SfDR-code/assignment6/ros2_ws/install/relbot_msgs/share/relbot_msgs/msg/RelbotMotors.msg
[30.861s] -- Installing: /home/sdfr-ppd-16/SfDR-code/assignment6/ros2_ws/install/relbot_msgs/share/relbot_msgs/msg/RelbotMotorsStamped.msg
[30.866s] -- Installing: /home/sdfr-ppd-16/SfDR-code/assignment6/ros2_ws/install/relbot_msgs/share/ament_index/resource_index/package_run_dependencies/relbot_msgs
[30.868s] -- Installing: /home/sdfr-ppd-16/SfDR-code/assignment6/ros2_ws/install/relbot_msgs/share/ament_index/resource_index/parent_prefix_path/relbot_msgs
[30.872s] -- Installing: /home/sdfr-ppd-16/SfDR-code/assignment6/ros2_ws/install/relbot_msgs/share/relbot_msgs/environment/ament_prefix_path.sh
[30.875s] -- Installing: /home/sdfr-ppd-16/SfDR-code/assignment6/ros2_ws/install/relbot_msgs/share/relbot_msgs/environment/ament_prefix_path.dsv
[30.879s] -- Installing: /home/sdfr-ppd-16/SfDR-code/assignment6/ros2_ws/install/relbot_msgs/share/relbot_msgs/environment/path.sh
[30.882s] -- Installing: /home/sdfr-ppd-16/SfDR-code/assignment6/ros2_ws/install/relbot_msgs/share/relbot_msgs/environment/path.dsv
[30.885s] -- Installing: /home/sdfr-ppd-16/SfDR-code/assignment6/ros2_ws/install/relbot_msgs/share/relbot_msgs/local_setup.bash
[30.888s] -- Installing: /home/sdfr-ppd-16/SfDR-code/assignment6/ros2_ws/install/relbot_msgs/share/relbot_msgs/local_setup.sh
[30.891s] -- Installing: /home/sdfr-ppd-16/SfDR-code/assignment6/ros2_ws/install/relbot_msgs/share/relbot_msgs/local_setup.zsh
[30.895s] -- Installing: /home/sdfr-ppd-16/SfDR-code/assignment6/ros2_ws/install/relbot_msgs/share/relbot_msgs/local_setup.dsv
[30.896s] -- Installing: /home/sdfr-ppd-16/SfDR-code/assignment6/ros2_ws/install/relbot_msgs/share/relbot_msgs/package.dsv
[30.902s] -- Installing: /home/sdfr-ppd-16/SfDR-code/assignment6/ros2_ws/install/relbot_msgs/share/ament_index/resource_index/packages/relbot_msgs
[30.906s] -- Installing: /home/sdfr-ppd-16/SfDR-code/assignment6/ros2_ws/install/relbot_msgs/share/relbot_msgs/cmake/export_relbot_msgs__rosidl_generator_cExport.cmake
[30.908s] -- Installing: /home/sdfr-ppd-16/SfDR-code/assignment6/ros2_ws/install/relbot_msgs/share/relbot_msgs/cmake/export_relbot_msgs__rosidl_generator_cExport-noconfig.cmake
[30.926s] -- Installing: /home/sdfr-ppd-16/SfDR-code/assignment6/ros2_ws/install/relbot_msgs/share/relbot_msgs/cmake/export_relbot_msgs__rosidl_typesupport_fastrtps_cExport.cmake
[30.929s] -- Installing: /home/sdfr-ppd-16/SfDR-code/assignment6/ros2_ws/install/relbot_msgs/share/relbot_msgs/cmake/export_relbot_msgs__rosidl_typesupport_fastrtps_cExport-noconfig.cmake
[30.931s] -- Installing: /home/sdfr-ppd-16/SfDR-code/assignment6/ros2_ws/install/relbot_msgs/share/relbot_msgs/cmake/relbot_msgs__rosidl_typesupport_introspection_cExport.cmake
[30.932s] -- Installing: /home/sdfr-ppd-16/SfDR-code/assignment6/ros2_ws/install/relbot_msgs/share/relbot_msgs/cmake/relbot_msgs__rosidl_typesupport_introspection_cExport-noconfig.cmake
[30.933s] -- Installing: /home/sdfr-ppd-16/SfDR-code/assignment6/ros2_ws/install/relbot_msgs/share/relbot_msgs/cmake/relbot_msgs__rosidl_typesupport_cExport.cmake
[30.935s] -- Installing: /home/sdfr-ppd-16/SfDR-code/assignment6/ros2_ws/install/relbot_msgs/share/relbot_msgs/cmake/relbot_msgs__rosidl_typesupport_cExport-noconfig.cmake
[30.936s] -- Installing: /home/sdfr-ppd-16/SfDR-code/assignment6/ros2_ws/install/relbot_msgs/share/relbot_msgs/cmake/export_relbot_msgs__rosidl_generator_cppExport.cmake
[30.938s] -- Installing: /home/sdfr-ppd-16/SfDR-code/assignment6/ros2_ws/install/relbot_msgs/share/relbot_msgs/cmake/export_relbot_msgs__rosidl_typesupport_fastrtps_cppExport.cmake
[30.939s] -- Installing: /home/sdfr-ppd-16/SfDR-code/assignment6/ros2_ws/install/relbot_msgs/share/relbot_msgs/cmake/export_relbot_msgs__rosidl_typesupport_fastrtps_cppExport-noconfig.cmake
[30.941s] -- Installing: /home/sdfr-ppd-16/SfDR-code/assignment6/ros2_ws/install/relbot_msgs/share/relbot_msgs/cmake/relbot_msgs__rosidl_typesupport_introspection_cppExport.cmake
[30.942s] -- Installing: /home/sdfr-ppd-16/SfDR-code/assignment6/ros2_ws/install/relbot_msgs/share/relbot_msgs/cmake/relbot_msgs__rosidl_typesupport_introspection_cppExport-noconfig.cmake
[30.944s] -- Installing: /home/sdfr-ppd-16/SfDR-code/assignment6/ros2_ws/install/relbot_msgs/share/relbot_msgs/cmake/relbot_msgs__rosidl_typesupport_cppExport.cmake
[30.946s] -- Installing: /home/sdfr-ppd-16/SfDR-code/assignment6/ros2_ws/install/relbot_msgs/share/relbot_msgs/cmake/relbot_msgs__rosidl_typesupport_cppExport-noconfig.cmake
[30.947s] -- Installing: /home/sdfr-ppd-16/SfDR-code/assignment6/ros2_ws/install/relbot_msgs/share/relbot_msgs/cmake/export_relbot_msgs__rosidl_generator_pyExport.cmake
[30.950s] -- Installing: /home/sdfr-ppd-16/SfDR-code/assignment6/ros2_ws/install/relbot_msgs/share/relbot_msgs/cmake/export_relbot_msgs__rosidl_generator_pyExport-noconfig.cmake
[30.952s] -- Installing: /home/sdfr-ppd-16/SfDR-code/assignment6/ros2_ws/install/relbot_msgs/share/relbot_msgs/cmake/rosidl_cmake-extras.cmake
[30.953s] -- Installing: /home/sdfr-ppd-16/SfDR-code/assignment6/ros2_ws/install/relbot_msgs/share/relbot_msgs/cmake/ament_cmake_export_dependencies-extras.cmake
[30.955s] -- Installing: /home/sdfr-ppd-16/SfDR-code/assignment6/ros2_ws/install/relbot_msgs/share/relbot_msgs/cmake/ament_cmake_export_include_directories-extras.cmake
[30.956s] -- Installing: /home/sdfr-ppd-16/SfDR-code/assignment6/ros2_ws/install/relbot_msgs/share/relbot_msgs/cmake/ament_cmake_export_libraries-extras.cmake
[30.958s] -- Installing: /home/sdfr-ppd-16/SfDR-code/assignment6/ros2_ws/install/relbot_msgs/share/relbot_msgs/cmake/ament_cmake_export_targets-extras.cmake
[30.959s] -- Installing: /home/sdfr-ppd-16/SfDR-code/assignment6/ros2_ws/install/relbot_msgs/share/relbot_msgs/cmake/rosidl_cmake_export_typesupport_targets-extras.cmake
[30.960s] -- Installing: /home/sdfr-ppd-16/SfDR-code/assignment6/ros2_ws/install/relbot_msgs/share/relbot_msgs/cmake/rosidl_cmake_export_typesupport_libraries-extras.cmake
[30.962s] -- Installing: /home/sdfr-ppd-16/SfDR-code/assignment6/ros2_ws/install/relbot_msgs/share/relbot_msgs/cmake/relbot_msgsConfig.cmake
[30.965s] -- Installing: /home/sdfr-ppd-16/SfDR-code/assignment6/ros2_ws/install/relbot_msgs/share/relbot_msgs/cmake/relbot_msgsConfig-version.cmake
[30.967s] -- Installing: /home/sdfr-ppd-16/SfDR-code/assignment6/ros2_ws/install/relbot_msgs/share/relbot_msgs/package.xml
[30.970s] Invoked command in '/home/sdfr-ppd-16/SfDR-code/assignment6/ros2_ws/build/relbot_msgs' returned '0': CMAKE_PREFIX_PATH=${CMAKE_PREFIX_PATH}:/opt/ros/humble /usr/bin/cmake --install /home/sdfr-ppd-16/SfDR-code/assignment6/ros2_ws/build/relbot_msgs
