[0.012s] Invoking command in '/home/raghav742/SDfR/Assignments/assignment6/ros2_ws/build/relbot2turtlesim': CMAKE_PREFIX_PATH=${CMAKE_PREFIX_PATH}:/opt/ros/humble /usr/bin/cmake /home/raghav742/SDfR/Assignments/assignment6/ros2_ws/src/relbot2turtlesim/relbot2turtlesim -DCMAKE_INSTALL_PREFIX=/home/raghav742/SDfR/Assignments/assignment6/ros2_ws/install/relbot2turtlesim
[0.066s] -- The C compiler identification is GNU 11.4.0
[0.137s] -- The CXX compiler identification is GNU 11.4.0
[0.144s] -- Detecting C compiler ABI info
[0.213s] -- Detecting C compiler ABI info - done
[0.224s] -- Check for working C compiler: /usr/bin/cc - skipped
[0.225s] -- Detecting C compile features
[0.225s] -- Detecting C compile features - done
[0.230s] -- Detecting CXX compiler ABI info
[0.294s] -- Detecting CXX compiler ABI info - done
[0.301s] -- Check for working CXX compiler: /usr/bin/c++ - skipped
[0.301s] -- Detecting CXX compile features
[0.301s] -- Detecting CXX compile features - done
[0.303s] -- Found ament_cmake: 1.3.14 (/opt/ros/humble/share/ament_cmake/cmake)
[0.448s] -- Found Python3: /usr/bin/python3 (found version "3.10.12") found components: Interpreter 
[0.544s] -- Found rclcpp: 16.0.18 (/opt/ros/humble/share/rclcpp/cmake)
[0.590s] -- Found rosidl_generator_c: 3.1.8 (/opt/ros/humble/share/rosidl_generator_c/cmake)
[0.597s] -- Found rosidl_adapter: 3.1.8 (/opt/ros/humble/share/rosidl_adapter/cmake)
[0.611s] -- Found rosidl_generator_cpp: 3.1.8 (/opt/ros/humble/share/rosidl_generator_cpp/cmake)
[0.624s] -- Using all available rosidl_typesupport_c: rosidl_typesupport_fastrtps_c;rosidl_typesupport_introspection_c
[0.639s] -- Using all available rosidl_typesupport_cpp: rosidl_typesupport_fastrtps_cpp;rosidl_typesupport_introspection_cpp
[0.682s] -- Found rmw_implementation_cmake: 6.1.2 (/opt/ros/humble/share/rmw_implementation_cmake/cmake)
[0.686s] -- Found rmw_fastrtps_cpp: 6.2.10 (/opt/ros/humble/share/rmw_fastrtps_cpp/cmake)
[0.762s] -- Found OpenSSL: /usr/lib/x86_64-linux-gnu/libcrypto.so (found version "3.0.2")  
[0.787s] -- Found FastRTPS: /opt/ros/humble/include  
[0.831s] -- Using RMW implementation 'rmw_fastrtps_cpp' as default
[0.839s] -- Looking for pthread.h
[0.889s] -- Looking for pthread.h - found
[0.890s] -- Performing Test CMAKE_HAVE_LIBC_PTHREAD
[0.946s] -- Performing Test CMAKE_HAVE_LIBC_PTHREAD - Success
[0.947s] -- Found Threads: TRUE  
[0.991s] -- Found turtlesim: 1.4.3 (/opt/ros/humble/share/turtlesim/cmake)
[1.028s] -- Found geometry_msgs: 4.9.1 (/opt/ros/humble/share/geometry_msgs/cmake)
[1.042s] -- Found ament_lint_auto: 0.12.15 (/opt/ros/humble/share/ament_lint_auto/cmake)
[1.106s] -- Added test 'cppcheck' to perform static code analysis on C / C++ code
[1.106s] -- Configured cppcheck include dirs: /home/raghav742/SDfR/Assignments/assignment6/ros2_ws/src/relbot2turtlesim/relbot2turtlesim/include
[1.107s] -- Configured cppcheck exclude dirs and/or files: 
[1.107s] -- Added test 'lint_cmake' to check CMake code style
[1.108s] -- Added test 'uncrustify' to check C / C++ code style
[1.108s] -- Configured uncrustify additional arguments: 
[1.108s] -- Added test 'xmllint' to check XML markup files
[1.110s] -- Configuring done
[1.118s] -- Generating done
[1.121s] -- Build files have been written to: /home/raghav742/SDfR/Assignments/assignment6/ros2_ws/build/relbot2turtlesim
[1.131s] Invoked command in '/home/raghav742/SDfR/Assignments/assignment6/ros2_ws/build/relbot2turtlesim' returned '0': CMAKE_PREFIX_PATH=${CMAKE_PREFIX_PATH}:/opt/ros/humble /usr/bin/cmake /home/raghav742/SDfR/Assignments/assignment6/ros2_ws/src/relbot2turtlesim/relbot2turtlesim -DCMAKE_INSTALL_PREFIX=/home/raghav742/SDfR/Assignments/assignment6/ros2_ws/install/relbot2turtlesim
[1.132s] Invoking command in '/home/raghav742/SDfR/Assignments/assignment6/ros2_ws/build/relbot2turtlesim': CMAKE_PREFIX_PATH=${CMAKE_PREFIX_PATH}:/opt/ros/humble /usr/bin/cmake --build /home/raghav742/SDfR/Assignments/assignment6/ros2_ws/build/relbot2turtlesim -- -j8 -l8
[1.167s] [ 50%] [32mBuilding CXX object CMakeFiles/relbot2turtlesim.dir/src/convert.cpp.o[0m
[9.813s] [100%] [32m[1mLinking CXX executable relbot2turtlesim[0m
[10.217s] [100%] Built target relbot2turtlesim
[10.226s] Invoked command in '/home/raghav742/SDfR/Assignments/assignment6/ros2_ws/build/relbot2turtlesim' returned '0': CMAKE_PREFIX_PATH=${CMAKE_PREFIX_PATH}:/opt/ros/humble /usr/bin/cmake --build /home/raghav742/SDfR/Assignments/assignment6/ros2_ws/build/relbot2turtlesim -- -j8 -l8
[10.227s] Invoking command in '/home/raghav742/SDfR/Assignments/assignment6/ros2_ws/build/relbot2turtlesim': CMAKE_PREFIX_PATH=${CMAKE_PREFIX_PATH}:/opt/ros/humble /usr/bin/cmake --install /home/raghav742/SDfR/Assignments/assignment6/ros2_ws/build/relbot2turtlesim
[10.234s] -- Install configuration: ""
[10.234s] -- Installing: /home/raghav742/SDfR/Assignments/assignment6/ros2_ws/install/relbot2turtlesim/lib/relbot2turtlesim/relbot2turtlesim
[10.237s] -- Set runtime path of "/home/raghav742/SDfR/Assignments/assignment6/ros2_ws/install/relbot2turtlesim/lib/relbot2turtlesim/relbot2turtlesim" to ""
[10.237s] -- Installing: /home/raghav742/SDfR/Assignments/assignment6/ros2_ws/install/relbot2turtlesim/share/ament_index/resource_index/package_run_dependencies/relbot2turtlesim
[10.237s] -- Installing: /home/raghav742/SDfR/Assignments/assignment6/ros2_ws/install/relbot2turtlesim/share/ament_index/resource_index/parent_prefix_path/relbot2turtlesim
[10.237s] -- Installing: /home/raghav742/SDfR/Assignments/assignment6/ros2_ws/install/relbot2turtlesim/share/relbot2turtlesim/environment/ament_prefix_path.sh
[10.237s] -- Installing: /home/raghav742/SDfR/Assignments/assignment6/ros2_ws/install/relbot2turtlesim/share/relbot2turtlesim/environment/ament_prefix_path.dsv
[10.237s] -- Installing: /home/raghav742/SDfR/Assignments/assignment6/ros2_ws/install/relbot2turtlesim/share/relbot2turtlesim/environment/path.sh
[10.237s] -- Installing: /home/raghav742/SDfR/Assignments/assignment6/ros2_ws/install/relbot2turtlesim/share/relbot2turtlesim/environment/path.dsv
[10.237s] -- Installing: /home/raghav742/SDfR/Assignments/assignment6/ros2_ws/install/relbot2turtlesim/share/relbot2turtlesim/local_setup.bash
[10.238s] -- Installing: /home/raghav742/SDfR/Assignments/assignment6/ros2_ws/install/relbot2turtlesim/share/relbot2turtlesim/local_setup.sh
[10.238s] -- Installing: /home/raghav742/SDfR/Assignments/assignment6/ros2_ws/install/relbot2turtlesim/share/relbot2turtlesim/local_setup.zsh
[10.238s] -- Installing: /home/raghav742/SDfR/Assignments/assignment6/ros2_ws/install/relbot2turtlesim/share/relbot2turtlesim/local_setup.dsv
[10.238s] -- Installing: /home/raghav742/SDfR/Assignments/assignment6/ros2_ws/install/relbot2turtlesim/share/relbot2turtlesim/package.dsv
[10.238s] -- Installing: /home/raghav742/SDfR/Assignments/assignment6/ros2_ws/install/relbot2turtlesim/share/ament_index/resource_index/packages/relbot2turtlesim
[10.238s] -- Installing: /home/raghav742/SDfR/Assignments/assignment6/ros2_ws/install/relbot2turtlesim/share/relbot2turtlesim/cmake/relbot2turtlesimConfig.cmake
[10.238s] -- Installing: /home/raghav742/SDfR/Assignments/assignment6/ros2_ws/install/relbot2turtlesim/share/relbot2turtlesim/cmake/relbot2turtlesimConfig-version.cmake
[10.239s] -- Installing: /home/raghav742/SDfR/Assignments/assignment6/ros2_ws/install/relbot2turtlesim/share/relbot2turtlesim/package.xml
[10.241s] Invoked command in '/home/raghav742/SDfR/Assignments/assignment6/ros2_ws/build/relbot2turtlesim' returned '0': CMAKE_PREFIX_PATH=${CMAKE_PREFIX_PATH}:/opt/ros/humble /usr/bin/cmake --install /home/raghav742/SDfR/Assignments/assignment6/ros2_ws/build/relbot2turtlesim
