-- Found ament_cmake: 1.3.11 (/opt/ros/humble/share/ament_cmake/cmake)
-- Found rclcpp: 16.0.11 (/opt/ros/humble/share/rclcpp/cmake)
-- Found rosidl_generator_c: 3.1.6 (/opt/ros/humble/share/rosidl_generator_c/cmake)
-- Found rosidl_adapter: 3.1.6 (/opt/ros/humble/share/rosidl_adapter/cmake)
-- Found rosidl_generator_cpp: 3.1.6 (/opt/ros/humble/share/rosidl_generator_cpp/cmake)
-- Using all available rosidl_typesupport_c: rosidl_typesupport_fastrtps_c;rosidl_typesupport_introspection_c
-- Using all available rosidl_typesupport_cpp: rosidl_typesupport_fastrtps_cpp;rosidl_typesupport_introspection_cpp
-- Found rmw_implementation_cmake: 6.1.2 (/opt/ros/humble/share/rmw_implementation_cmake/cmake)
-- Found rmw_fastrtps_cpp: 6.2.7 (/opt/ros/humble/share/rmw_fastrtps_cpp/cmake)
-- Using RMW implementation 'rmw_fastrtps_cpp' as default
-- Found example_interfaces: 0.9.3 (/opt/ros/humble/share/example_interfaces/cmake)
-- Found geometry_msgs: 4.2.4 (/opt/ros/humble/share/geometry_msgs/cmake)
-- Found relbot_msgs: 2025.2.0 (/home/sdfr-ppd-16/ros2_ws/install/relbot_msgs/share/relbot_msgs/cmake)
-- xrf2_msgs found, enabling related features
-- Found ament_lint_auto: 0.12.11 (/opt/ros/humble/share/ament_lint_auto/cmake)
-- Added test 'cppcheck' to perform static code analysis on C / C++ code
-- Configured cppcheck include dirs: /home/sdfr-ppd-16/ros2_ws/src/relbot_adapter/include;$<BUILD_INTERFACE:/home/sdfr-ppd-16/ros2_ws/src/relbot_adapter/include>
-- Configured cppcheck exclude dirs and/or files: 
-- Added test 'lint_cmake' to check CMake code style
-- Added test 'uncrustify' to check C / C++ code style
-- Configured uncrustify additional arguments: 
-- Added test 'xmllint' to check XML markup files
-- Configuring done
-- Generating done
-- Build files have been written to: /home/sdfr-ppd-16/ros2_ws/build/relbot_adapter
[35m[1mConsolidate compiler generated dependencies of target relbot_adapter[0m
[ 50%] [32mBuilding CXX object CMakeFiles/relbot_adapter.dir/src/relbot_adapter.cpp.o[0m
[100%] [32m[1mLinking CXX executable relbot_adapter[0m
[100%] Built target relbot_adapter
-- Install configuration: ""
-- Installing: /home/sdfr-ppd-16/ros2_ws/install/relbot_adapter/lib/relbot_adapter/relbot_adapter
-- Set runtime path of "/home/sdfr-ppd-16/ros2_ws/install/relbot_adapter/lib/relbot_adapter/relbot_adapter" to ""
-- Installing: /home/sdfr-ppd-16/ros2_ws/install/relbot_adapter/share/ament_index/resource_index/package_run_dependencies/relbot_adapter
-- Installing: /home/sdfr-ppd-16/ros2_ws/install/relbot_adapter/share/ament_index/resource_index/parent_prefix_path/relbot_adapter
-- Installing: /home/sdfr-ppd-16/ros2_ws/install/relbot_adapter/share/relbot_adapter/environment/ament_prefix_path.sh
-- Installing: /home/sdfr-ppd-16/ros2_ws/install/relbot_adapter/share/relbot_adapter/environment/ament_prefix_path.dsv
-- Installing: /home/sdfr-ppd-16/ros2_ws/install/relbot_adapter/share/relbot_adapter/environment/path.sh
-- Installing: /home/sdfr-ppd-16/ros2_ws/install/relbot_adapter/share/relbot_adapter/environment/path.dsv
-- Installing: /home/sdfr-ppd-16/ros2_ws/install/relbot_adapter/share/relbot_adapter/local_setup.bash
-- Installing: /home/sdfr-ppd-16/ros2_ws/install/relbot_adapter/share/relbot_adapter/local_setup.sh
-- Installing: /home/sdfr-ppd-16/ros2_ws/install/relbot_adapter/share/relbot_adapter/local_setup.zsh
-- Installing: /home/sdfr-ppd-16/ros2_ws/install/relbot_adapter/share/relbot_adapter/local_setup.dsv
-- Installing: /home/sdfr-ppd-16/ros2_ws/install/relbot_adapter/share/relbot_adapter/package.dsv
-- Installing: /home/sdfr-ppd-16/ros2_ws/install/relbot_adapter/share/ament_index/resource_index/packages/relbot_adapter
-- Installing: /home/sdfr-ppd-16/ros2_ws/install/relbot_adapter/share/relbot_adapter/cmake/relbot_adapterConfig.cmake
-- Installing: /home/sdfr-ppd-16/ros2_ws/install/relbot_adapter/share/relbot_adapter/cmake/relbot_adapterConfig-version.cmake
-- Installing: /home/sdfr-ppd-16/ros2_ws/install/relbot_adapter/share/relbot_adapter/package.xml
