[0.010s] Invoking command in '/home/srik/ros_ubuntu/ros2_ws/build/xrf2_msgs': CMAKE_PREFIX_PATH=${CMAKE_PREFIX_PATH}:/opt/ros/humble DEBUGINFOD_URLS=https://debuginfod.archlinux.org https://debuginfod.cachyos.org /usr/bin/cmake --build /home/srik/ros_ubuntu/ros2_ws/build/xrf2_msgs -- -j32 -l32
[0.028s] [35m[1mConsolidate compiler generated dependencies of target xrf2_msgs__rosidl_generator_c[0m
[0.032s] [  2%] Built target xrf2_msgs__cpp
[0.036s] [ 12%] Built target xrf2_msgs__rosidl_generator_c
[0.039s] [35m[1mConsolidate compiler generated dependencies of target xrf2_msgs__rosidl_typesupport_cpp[0m
[0.039s] [ 12%] Built target ament_cmake_python_copy_xrf2_msgs
[0.039s] [35m[1mConsolidate compiler generated dependencies of target xrf2_msgs__rosidl_typesupport_fastrtps_cpp[0m
[0.039s] [35m[1mConsolidate compiler generated dependencies of target xrf2_msgs__rosidl_typesupport_introspection_cpp[0m
[0.043s] [35m[1mConsolidate compiler generated dependencies of target xrf2_msgs__rosidl_typesupport_fastrtps_c[0m
[0.044s] [35m[1mConsolidate compiler generated dependencies of target xrf2_msgs__rosidl_typesupport_introspection_c[0m
[0.044s] [35m[1mConsolidate compiler generated dependencies of target xrf2_msgs__rosidl_typesupport_c[0m
[0.050s] [ 33%] Built target xrf2_msgs__rosidl_typesupport_introspection_cpp
[0.050s] [ 33%] Built target xrf2_msgs__rosidl_typesupport_cpp
[0.050s] [ 43%] Built target xrf2_msgs__rosidl_typesupport_fastrtps_cpp
[0.052s] [ 53%] Built target xrf2_msgs__rosidl_typesupport_c
[0.053s] [ 64%] Built target xrf2_msgs__rosidl_typesupport_introspection_c
[0.053s] [ 74%] Built target xrf2_msgs__rosidl_typesupport_fastrtps_c
[0.069s] [ 74%] Built target xrf2_msgs
[0.084s] [ 76%] Built target xrf2_msgs__py
[0.091s] [35m[1mConsolidate compiler generated dependencies of target xrf2_msgs__rosidl_generator_py[0m
[0.101s] [ 84%] Built target xrf2_msgs__rosidl_generator_py
[0.108s] [35m[1mConsolidate compiler generated dependencies of target xrf2_msgs__rosidl_typesupport_fastrtps_c__pyext[0m
[0.108s] [35m[1mConsolidate compiler generated dependencies of target xrf2_msgs__rosidl_typesupport_introspection_c__pyext[0m
[0.108s] [35m[1mConsolidate compiler generated dependencies of target xrf2_msgs__rosidl_typesupport_c__pyext[0m
[0.120s] [ 94%] Built target xrf2_msgs__rosidl_typesupport_introspection_c__pyext
[0.120s] [ 97%] Built target xrf2_msgs__rosidl_typesupport_c__pyext
[0.120s] [100%] Built target xrf2_msgs__rosidl_typesupport_fastrtps_c__pyext
[0.246s] running egg_info
[0.246s] writing xrf2_msgs.egg-info/PKG-INFO
[0.247s] writing dependency_links to xrf2_msgs.egg-info/dependency_links.txt
[0.247s] writing top-level names to xrf2_msgs.egg-info/top_level.txt
[0.248s] reading manifest file 'xrf2_msgs.egg-info/SOURCES.txt'
[0.248s] writing manifest file 'xrf2_msgs.egg-info/SOURCES.txt'
[0.271s] [100%] Built target ament_cmake_python_build_xrf2_msgs_egg
[0.285s] Invoked command in '/home/srik/ros_ubuntu/ros2_ws/build/xrf2_msgs' returned '0': CMAKE_PREFIX_PATH=${CMAKE_PREFIX_PATH}:/opt/ros/humble DEBUGINFOD_URLS=https://debuginfod.archlinux.org https://debuginfod.cachyos.org /usr/bin/cmake --build /home/srik/ros_ubuntu/ros2_ws/build/xrf2_msgs -- -j32 -l32
[0.285s] Invoking command in '/home/srik/ros_ubuntu/ros2_ws/build/xrf2_msgs': CMAKE_PREFIX_PATH=${CMAKE_PREFIX_PATH}:/opt/ros/humble DEBUGINFOD_URLS=https://debuginfod.archlinux.org https://debuginfod.cachyos.org /usr/bin/cmake --install /home/srik/ros_ubuntu/ros2_ws/build/xrf2_msgs
[0.290s] -- Install configuration: ""
[0.291s] -- Up-to-date: /home/srik/ros_ubuntu/ros2_ws/install/xrf2_msgs/share/ament_index/resource_index/rosidl_interfaces/xrf2_msgs
[0.291s] -- Up-to-date: /home/srik/ros_ubuntu/ros2_ws/install/xrf2_msgs/include/xrf2_msgs/xrf2_msgs
[0.291s] -- Up-to-date: /home/srik/ros_ubuntu/ros2_ws/install/xrf2_msgs/include/xrf2_msgs/xrf2_msgs/msg
[0.291s] -- Up-to-date: /home/srik/ros_ubuntu/ros2_ws/install/xrf2_msgs/include/xrf2_msgs/xrf2_msgs/msg/rosidl_generator_c__visibility_control.h
[0.291s] -- Up-to-date: /home/srik/ros_ubuntu/ros2_ws/install/xrf2_msgs/include/xrf2_msgs/xrf2_msgs/msg/ros2_xeno.h
[0.291s] -- Up-to-date: /home/srik/ros_ubuntu/ros2_ws/install/xrf2_msgs/include/xrf2_msgs/xrf2_msgs/msg/detail
[0.291s] -- Up-to-date: /home/srik/ros_ubuntu/ros2_ws/install/xrf2_msgs/include/xrf2_msgs/xrf2_msgs/msg/detail/ros2_xeno__functions.c
[0.291s] -- Up-to-date: /home/srik/ros_ubuntu/ros2_ws/install/xrf2_msgs/include/xrf2_msgs/xrf2_msgs/msg/detail/ros2_xeno__functions.h
[0.292s] -- Up-to-date: /home/srik/ros_ubuntu/ros2_ws/install/xrf2_msgs/include/xrf2_msgs/xrf2_msgs/msg/detail/ros2_xeno__struct.h
[0.292s] -- Up-to-date: /home/srik/ros_ubuntu/ros2_ws/install/xrf2_msgs/include/xrf2_msgs/xrf2_msgs/msg/detail/ros2_xeno__type_support.h
[0.292s] -- Up-to-date: /home/srik/ros_ubuntu/ros2_ws/install/xrf2_msgs/include/xrf2_msgs/xrf2_msgs/msg/detail/xeno2_ros__functions.c
[0.292s] -- Up-to-date: /home/srik/ros_ubuntu/ros2_ws/install/xrf2_msgs/include/xrf2_msgs/xrf2_msgs/msg/detail/xeno2_ros__functions.h
[0.292s] -- Up-to-date: /home/srik/ros_ubuntu/ros2_ws/install/xrf2_msgs/include/xrf2_msgs/xrf2_msgs/msg/detail/xeno2_ros__struct.h
[0.292s] -- Up-to-date: /home/srik/ros_ubuntu/ros2_ws/install/xrf2_msgs/include/xrf2_msgs/xrf2_msgs/msg/detail/xeno2_ros__type_support.h
[0.292s] -- Up-to-date: /home/srik/ros_ubuntu/ros2_ws/install/xrf2_msgs/include/xrf2_msgs/xrf2_msgs/msg/xeno2_ros.h
[0.292s] -- Up-to-date: /home/srik/ros_ubuntu/ros2_ws/install/xrf2_msgs/share/xrf2_msgs/environment/library_path.sh
[0.292s] -- Up-to-date: /home/srik/ros_ubuntu/ros2_ws/install/xrf2_msgs/share/xrf2_msgs/environment/library_path.dsv
[0.292s] -- Up-to-date: /home/srik/ros_ubuntu/ros2_ws/install/xrf2_msgs/lib/libxrf2_msgs__rosidl_generator_c.so
[0.293s] -- Up-to-date: /home/srik/ros_ubuntu/ros2_ws/install/xrf2_msgs/include/xrf2_msgs/xrf2_msgs
[0.293s] -- Up-to-date: /home/srik/ros_ubuntu/ros2_ws/install/xrf2_msgs/include/xrf2_msgs/xrf2_msgs/msg
[0.293s] -- Up-to-date: /home/srik/ros_ubuntu/ros2_ws/install/xrf2_msgs/include/xrf2_msgs/xrf2_msgs/msg/rosidl_typesupport_fastrtps_c__visibility_control.h
[0.293s] -- Up-to-date: /home/srik/ros_ubuntu/ros2_ws/install/xrf2_msgs/include/xrf2_msgs/xrf2_msgs/msg/detail
[0.293s] -- Up-to-date: /home/srik/ros_ubuntu/ros2_ws/install/xrf2_msgs/include/xrf2_msgs/xrf2_msgs/msg/detail/ros2_xeno__rosidl_typesupport_fastrtps_c.h
[0.293s] -- Up-to-date: /home/srik/ros_ubuntu/ros2_ws/install/xrf2_msgs/include/xrf2_msgs/xrf2_msgs/msg/detail/xeno2_ros__rosidl_typesupport_fastrtps_c.h
[0.294s] -- Up-to-date: /home/srik/ros_ubuntu/ros2_ws/install/xrf2_msgs/lib/libxrf2_msgs__rosidl_typesupport_fastrtps_c.so
[0.294s] -- Up-to-date: /home/srik/ros_ubuntu/ros2_ws/install/xrf2_msgs/include/xrf2_msgs/xrf2_msgs
[0.294s] -- Up-to-date: /home/srik/ros_ubuntu/ros2_ws/install/xrf2_msgs/include/xrf2_msgs/xrf2_msgs/msg
[0.294s] -- Up-to-date: /home/srik/ros_ubuntu/ros2_ws/install/xrf2_msgs/include/xrf2_msgs/xrf2_msgs/msg/rosidl_typesupport_introspection_c__visibility_control.h
[0.294s] -- Up-to-date: /home/srik/ros_ubuntu/ros2_ws/install/xrf2_msgs/include/xrf2_msgs/xrf2_msgs/msg/detail
[0.294s] -- Up-to-date: /home/srik/ros_ubuntu/ros2_ws/install/xrf2_msgs/include/xrf2_msgs/xrf2_msgs/msg/detail/ros2_xeno__rosidl_typesupport_introspection_c.h
[0.294s] -- Up-to-date: /home/srik/ros_ubuntu/ros2_ws/install/xrf2_msgs/include/xrf2_msgs/xrf2_msgs/msg/detail/ros2_xeno__type_support.c
[0.294s] -- Up-to-date: /home/srik/ros_ubuntu/ros2_ws/install/xrf2_msgs/include/xrf2_msgs/xrf2_msgs/msg/detail/xeno2_ros__rosidl_typesupport_introspection_c.h
[0.294s] -- Up-to-date: /home/srik/ros_ubuntu/ros2_ws/install/xrf2_msgs/include/xrf2_msgs/xrf2_msgs/msg/detail/xeno2_ros__type_support.c
[0.295s] -- Up-to-date: /home/srik/ros_ubuntu/ros2_ws/install/xrf2_msgs/lib/libxrf2_msgs__rosidl_typesupport_introspection_c.so
[0.295s] -- Up-to-date: /home/srik/ros_ubuntu/ros2_ws/install/xrf2_msgs/lib/libxrf2_msgs__rosidl_typesupport_c.so
[0.295s] -- Up-to-date: /home/srik/ros_ubuntu/ros2_ws/install/xrf2_msgs/include/xrf2_msgs/xrf2_msgs
[0.295s] -- Up-to-date: /home/srik/ros_ubuntu/ros2_ws/install/xrf2_msgs/include/xrf2_msgs/xrf2_msgs/msg
[0.295s] -- Up-to-date: /home/srik/ros_ubuntu/ros2_ws/install/xrf2_msgs/include/xrf2_msgs/xrf2_msgs/msg/rosidl_generator_cpp__visibility_control.hpp
[0.295s] -- Up-to-date: /home/srik/ros_ubuntu/ros2_ws/install/xrf2_msgs/include/xrf2_msgs/xrf2_msgs/msg/ros2_xeno.hpp
[0.295s] -- Up-to-date: /home/srik/ros_ubuntu/ros2_ws/install/xrf2_msgs/include/xrf2_msgs/xrf2_msgs/msg/detail
[0.295s] -- Up-to-date: /home/srik/ros_ubuntu/ros2_ws/install/xrf2_msgs/include/xrf2_msgs/xrf2_msgs/msg/detail/ros2_xeno__builder.hpp
[0.295s] -- Up-to-date: /home/srik/ros_ubuntu/ros2_ws/install/xrf2_msgs/include/xrf2_msgs/xrf2_msgs/msg/detail/ros2_xeno__struct.hpp
[0.296s] -- Up-to-date: /home/srik/ros_ubuntu/ros2_ws/install/xrf2_msgs/include/xrf2_msgs/xrf2_msgs/msg/detail/ros2_xeno__traits.hpp
[0.296s] -- Up-to-date: /home/srik/ros_ubuntu/ros2_ws/install/xrf2_msgs/include/xrf2_msgs/xrf2_msgs/msg/detail/ros2_xeno__type_support.hpp
[0.296s] -- Up-to-date: /home/srik/ros_ubuntu/ros2_ws/install/xrf2_msgs/include/xrf2_msgs/xrf2_msgs/msg/detail/xeno2_ros__builder.hpp
[0.296s] -- Up-to-date: /home/srik/ros_ubuntu/ros2_ws/install/xrf2_msgs/include/xrf2_msgs/xrf2_msgs/msg/detail/xeno2_ros__struct.hpp
[0.296s] -- Up-to-date: /home/srik/ros_ubuntu/ros2_ws/install/xrf2_msgs/include/xrf2_msgs/xrf2_msgs/msg/detail/xeno2_ros__traits.hpp
[0.296s] -- Up-to-date: /home/srik/ros_ubuntu/ros2_ws/install/xrf2_msgs/include/xrf2_msgs/xrf2_msgs/msg/detail/xeno2_ros__type_support.hpp
[0.296s] -- Up-to-date: /home/srik/ros_ubuntu/ros2_ws/install/xrf2_msgs/include/xrf2_msgs/xrf2_msgs/msg/xeno2_ros.hpp
[0.296s] -- Up-to-date: /home/srik/ros_ubuntu/ros2_ws/install/xrf2_msgs/include/xrf2_msgs/xrf2_msgs
[0.296s] -- Up-to-date: /home/srik/ros_ubuntu/ros2_ws/install/xrf2_msgs/include/xrf2_msgs/xrf2_msgs/msg
[0.296s] -- Up-to-date: /home/srik/ros_ubuntu/ros2_ws/install/xrf2_msgs/include/xrf2_msgs/xrf2_msgs/msg/rosidl_typesupport_fastrtps_cpp__visibility_control.h
[0.296s] -- Up-to-date: /home/srik/ros_ubuntu/ros2_ws/install/xrf2_msgs/include/xrf2_msgs/xrf2_msgs/msg/detail
[0.296s] -- Up-to-date: /home/srik/ros_ubuntu/ros2_ws/install/xrf2_msgs/include/xrf2_msgs/xrf2_msgs/msg/detail/ros2_xeno__rosidl_typesupport_fastrtps_cpp.hpp
[0.297s] -- Up-to-date: /home/srik/ros_ubuntu/ros2_ws/install/xrf2_msgs/include/xrf2_msgs/xrf2_msgs/msg/detail/dds_fastrtps
[0.297s] -- Up-to-date: /home/srik/ros_ubuntu/ros2_ws/install/xrf2_msgs/include/xrf2_msgs/xrf2_msgs/msg/detail/xeno2_ros__rosidl_typesupport_fastrtps_cpp.hpp
[0.297s] -- Up-to-date: /home/srik/ros_ubuntu/ros2_ws/install/xrf2_msgs/lib/libxrf2_msgs__rosidl_typesupport_fastrtps_cpp.so
[0.297s] -- Up-to-date: /home/srik/ros_ubuntu/ros2_ws/install/xrf2_msgs/include/xrf2_msgs/xrf2_msgs
[0.297s] -- Up-to-date: /home/srik/ros_ubuntu/ros2_ws/install/xrf2_msgs/include/xrf2_msgs/xrf2_msgs/msg
[0.297s] -- Up-to-date: /home/srik/ros_ubuntu/ros2_ws/install/xrf2_msgs/include/xrf2_msgs/xrf2_msgs/msg/detail
[0.297s] -- Up-to-date: /home/srik/ros_ubuntu/ros2_ws/install/xrf2_msgs/include/xrf2_msgs/xrf2_msgs/msg/detail/ros2_xeno__rosidl_typesupport_introspection_cpp.hpp
[0.297s] -- Up-to-date: /home/srik/ros_ubuntu/ros2_ws/install/xrf2_msgs/include/xrf2_msgs/xrf2_msgs/msg/detail/ros2_xeno__type_support.cpp
[0.298s] -- Up-to-date: /home/srik/ros_ubuntu/ros2_ws/install/xrf2_msgs/include/xrf2_msgs/xrf2_msgs/msg/detail/xeno2_ros__rosidl_typesupport_introspection_cpp.hpp
[0.298s] -- Up-to-date: /home/srik/ros_ubuntu/ros2_ws/install/xrf2_msgs/include/xrf2_msgs/xrf2_msgs/msg/detail/xeno2_ros__type_support.cpp
[0.298s] -- Up-to-date: /home/srik/ros_ubuntu/ros2_ws/install/xrf2_msgs/lib/libxrf2_msgs__rosidl_typesupport_introspection_cpp.so
[0.298s] -- Up-to-date: /home/srik/ros_ubuntu/ros2_ws/install/xrf2_msgs/lib/libxrf2_msgs__rosidl_typesupport_cpp.so
[0.298s] -- Up-to-date: /home/srik/ros_ubuntu/ros2_ws/install/xrf2_msgs/share/xrf2_msgs/environment/pythonpath.sh
[0.298s] -- Up-to-date: /home/srik/ros_ubuntu/ros2_ws/install/xrf2_msgs/share/xrf2_msgs/environment/pythonpath.dsv
[0.298s] -- Up-to-date: /home/srik/ros_ubuntu/ros2_ws/install/xrf2_msgs/local/lib/python3.10/dist-packages/xrf2_msgs-0.0.0-py3.10.egg-info
[0.298s] -- Installing: /home/srik/ros_ubuntu/ros2_ws/install/xrf2_msgs/local/lib/python3.10/dist-packages/xrf2_msgs-0.0.0-py3.10.egg-info/PKG-INFO
[0.298s] -- Installing: /home/srik/ros_ubuntu/ros2_ws/install/xrf2_msgs/local/lib/python3.10/dist-packages/xrf2_msgs-0.0.0-py3.10.egg-info/dependency_links.txt
[0.298s] -- Installing: /home/srik/ros_ubuntu/ros2_ws/install/xrf2_msgs/local/lib/python3.10/dist-packages/xrf2_msgs-0.0.0-py3.10.egg-info/top_level.txt
[0.298s] -- Installing: /home/srik/ros_ubuntu/ros2_ws/install/xrf2_msgs/local/lib/python3.10/dist-packages/xrf2_msgs-0.0.0-py3.10.egg-info/SOURCES.txt
[0.298s] -- Up-to-date: /home/srik/ros_ubuntu/ros2_ws/install/xrf2_msgs/local/lib/python3.10/dist-packages/xrf2_msgs
[0.298s] -- Up-to-date: /home/srik/ros_ubuntu/ros2_ws/install/xrf2_msgs/local/lib/python3.10/dist-packages/xrf2_msgs/__init__.py
[0.298s] -- Up-to-date: /home/srik/ros_ubuntu/ros2_ws/install/xrf2_msgs/local/lib/python3.10/dist-packages/xrf2_msgs/msg
[0.298s] -- Up-to-date: /home/srik/ros_ubuntu/ros2_ws/install/xrf2_msgs/local/lib/python3.10/dist-packages/xrf2_msgs/msg/_ros2_xeno.py
[0.298s] -- Up-to-date: /home/srik/ros_ubuntu/ros2_ws/install/xrf2_msgs/local/lib/python3.10/dist-packages/xrf2_msgs/msg/_ros2_xeno_s.c
[0.298s] -- Up-to-date: /home/srik/ros_ubuntu/ros2_ws/install/xrf2_msgs/local/lib/python3.10/dist-packages/xrf2_msgs/msg/_xeno2_ros.py
[0.299s] -- Up-to-date: /home/srik/ros_ubuntu/ros2_ws/install/xrf2_msgs/local/lib/python3.10/dist-packages/xrf2_msgs/msg/_xeno2_ros_s.c
[0.299s] -- Up-to-date: /home/srik/ros_ubuntu/ros2_ws/install/xrf2_msgs/local/lib/python3.10/dist-packages/xrf2_msgs/msg/__init__.py
[0.299s] -- Up-to-date: /home/srik/ros_ubuntu/ros2_ws/install/xrf2_msgs/local/lib/python3.10/dist-packages/xrf2_msgs/_xrf2_msgs_s.ep.rosidl_typesupport_fastrtps_c.c
[0.299s] -- Up-to-date: /home/srik/ros_ubuntu/ros2_ws/install/xrf2_msgs/local/lib/python3.10/dist-packages/xrf2_msgs/_xrf2_msgs_s.ep.rosidl_typesupport_introspection_c.c
[0.299s] -- Up-to-date: /home/srik/ros_ubuntu/ros2_ws/install/xrf2_msgs/local/lib/python3.10/dist-packages/xrf2_msgs/_xrf2_msgs_s.ep.rosidl_typesupport_c.c
[0.299s] -- Up-to-date: /home/srik/ros_ubuntu/ros2_ws/install/xrf2_msgs/local/lib/python3.10/dist-packages/xrf2_msgs/libxrf2_msgs__rosidl_generator_py.so
[0.299s] -- Up-to-date: /home/srik/ros_ubuntu/ros2_ws/install/xrf2_msgs/local/lib/python3.10/dist-packages/xrf2_msgs/xrf2_msgs_s__rosidl_typesupport_c.cpython-310-x86_64-linux-gnu.so
[0.299s] -- Up-to-date: /home/srik/ros_ubuntu/ros2_ws/install/xrf2_msgs/local/lib/python3.10/dist-packages/xrf2_msgs/xrf2_msgs_s__rosidl_typesupport_introspection_c.cpython-310-x86_64-linux-gnu.so
[0.299s] -- Up-to-date: /home/srik/ros_ubuntu/ros2_ws/install/xrf2_msgs/local/lib/python3.10/dist-packages/xrf2_msgs/xrf2_msgs_s__rosidl_typesupport_fastrtps_c.cpython-310-x86_64-linux-gnu.so
[0.308s] Listing '/home/srik/ros_ubuntu/ros2_ws/install/xrf2_msgs/local/lib/python3.10/dist-packages/xrf2_msgs'...
[0.308s] Listing '/home/srik/ros_ubuntu/ros2_ws/install/xrf2_msgs/local/lib/python3.10/dist-packages/xrf2_msgs/msg'...
[0.311s] -- Up-to-date: /home/srik/ros_ubuntu/ros2_ws/install/xrf2_msgs/local/lib/python3.10/dist-packages/xrf2_msgs/xrf2_msgs_s__rosidl_typesupport_fastrtps_c.cpython-310-x86_64-linux-gnu.so
[0.312s] -- Up-to-date: /home/srik/ros_ubuntu/ros2_ws/install/xrf2_msgs/local/lib/python3.10/dist-packages/xrf2_msgs/xrf2_msgs_s__rosidl_typesupport_introspection_c.cpython-310-x86_64-linux-gnu.so
[0.313s] -- Up-to-date: /home/srik/ros_ubuntu/ros2_ws/install/xrf2_msgs/local/lib/python3.10/dist-packages/xrf2_msgs/xrf2_msgs_s__rosidl_typesupport_c.cpython-310-x86_64-linux-gnu.so
[0.313s] -- Up-to-date: /home/srik/ros_ubuntu/ros2_ws/install/xrf2_msgs/lib/libxrf2_msgs__rosidl_generator_py.so
[0.315s] -- Up-to-date: /home/srik/ros_ubuntu/ros2_ws/install/xrf2_msgs/share/xrf2_msgs/msg/Ros2Xeno.idl
[0.319s] -- Up-to-date: /home/srik/ros_ubuntu/ros2_ws/install/xrf2_msgs/share/xrf2_msgs/msg/Xeno2Ros.idl
[0.320s] -- Up-to-date: /home/srik/ros_ubuntu/ros2_ws/install/xrf2_msgs/share/xrf2_msgs/msg/Ros2Xeno.msg
[0.321s] -- Up-to-date: /home/srik/ros_ubuntu/ros2_ws/install/xrf2_msgs/share/xrf2_msgs/msg/Xeno2Ros.msg
[0.321s] -- Up-to-date: /home/srik/ros_ubuntu/ros2_ws/install/xrf2_msgs/share/ament_index/resource_index/package_run_dependencies/xrf2_msgs
[0.321s] -- Up-to-date: /home/srik/ros_ubuntu/ros2_ws/install/xrf2_msgs/share/ament_index/resource_index/parent_prefix_path/xrf2_msgs
[0.322s] -- Up-to-date: /home/srik/ros_ubuntu/ros2_ws/install/xrf2_msgs/share/xrf2_msgs/environment/ament_prefix_path.sh
[0.324s] -- Up-to-date: /home/srik/ros_ubuntu/ros2_ws/install/xrf2_msgs/share/xrf2_msgs/environment/ament_prefix_path.dsv
[0.325s] -- Up-to-date: /home/srik/ros_ubuntu/ros2_ws/install/xrf2_msgs/share/xrf2_msgs/environment/path.sh
[0.325s] -- Up-to-date: /home/srik/ros_ubuntu/ros2_ws/install/xrf2_msgs/share/xrf2_msgs/environment/path.dsv
[0.326s] -- Up-to-date: /home/srik/ros_ubuntu/ros2_ws/install/xrf2_msgs/share/xrf2_msgs/local_setup.bash
[0.327s] -- Up-to-date: /home/srik/ros_ubuntu/ros2_ws/install/xrf2_msgs/share/xrf2_msgs/local_setup.sh
[0.329s] -- Up-to-date: /home/srik/ros_ubuntu/ros2_ws/install/xrf2_msgs/share/xrf2_msgs/local_setup.zsh
[0.330s] -- Up-to-date: /home/srik/ros_ubuntu/ros2_ws/install/xrf2_msgs/share/xrf2_msgs/local_setup.dsv
[0.330s] -- Installing: /home/srik/ros_ubuntu/ros2_ws/install/xrf2_msgs/share/xrf2_msgs/package.dsv
[0.332s] -- Up-to-date: /home/srik/ros_ubuntu/ros2_ws/install/xrf2_msgs/share/ament_index/resource_index/packages/xrf2_msgs
[0.337s] -- Up-to-date: /home/srik/ros_ubuntu/ros2_ws/install/xrf2_msgs/share/xrf2_msgs/cmake/export_xrf2_msgs__rosidl_generator_cExport.cmake
[0.338s] -- Up-to-date: /home/srik/ros_ubuntu/ros2_ws/install/xrf2_msgs/share/xrf2_msgs/cmake/export_xrf2_msgs__rosidl_generator_cExport-noconfig.cmake
[0.340s] -- Up-to-date: /home/srik/ros_ubuntu/ros2_ws/install/xrf2_msgs/share/xrf2_msgs/cmake/export_xrf2_msgs__rosidl_typesupport_fastrtps_cExport.cmake
[0.341s] -- Up-to-date: /home/srik/ros_ubuntu/ros2_ws/install/xrf2_msgs/share/xrf2_msgs/cmake/export_xrf2_msgs__rosidl_typesupport_fastrtps_cExport-noconfig.cmake
[0.345s] -- Up-to-date: /home/srik/ros_ubuntu/ros2_ws/install/xrf2_msgs/share/xrf2_msgs/cmake/xrf2_msgs__rosidl_typesupport_introspection_cExport.cmake
[0.346s] -- Up-to-date: /home/srik/ros_ubuntu/ros2_ws/install/xrf2_msgs/share/xrf2_msgs/cmake/xrf2_msgs__rosidl_typesupport_introspection_cExport-noconfig.cmake
[0.347s] -- Up-to-date: /home/srik/ros_ubuntu/ros2_ws/install/xrf2_msgs/share/xrf2_msgs/cmake/xrf2_msgs__rosidl_typesupport_cExport.cmake
[0.347s] -- Up-to-date: /home/srik/ros_ubuntu/ros2_ws/install/xrf2_msgs/share/xrf2_msgs/cmake/xrf2_msgs__rosidl_typesupport_cExport-noconfig.cmake
[0.347s] -- Up-to-date: /home/srik/ros_ubuntu/ros2_ws/install/xrf2_msgs/share/xrf2_msgs/cmake/export_xrf2_msgs__rosidl_generator_cppExport.cmake
[0.347s] -- Up-to-date: /home/srik/ros_ubuntu/ros2_ws/install/xrf2_msgs/share/xrf2_msgs/cmake/export_xrf2_msgs__rosidl_typesupport_fastrtps_cppExport.cmake
[0.347s] -- Up-to-date: /home/srik/ros_ubuntu/ros2_ws/install/xrf2_msgs/share/xrf2_msgs/cmake/export_xrf2_msgs__rosidl_typesupport_fastrtps_cppExport-noconfig.cmake
[0.347s] -- Up-to-date: /home/srik/ros_ubuntu/ros2_ws/install/xrf2_msgs/share/xrf2_msgs/cmake/xrf2_msgs__rosidl_typesupport_introspection_cppExport.cmake
[0.347s] -- Up-to-date: /home/srik/ros_ubuntu/ros2_ws/install/xrf2_msgs/share/xrf2_msgs/cmake/xrf2_msgs__rosidl_typesupport_introspection_cppExport-noconfig.cmake
[0.348s] -- Up-to-date: /home/srik/ros_ubuntu/ros2_ws/install/xrf2_msgs/share/xrf2_msgs/cmake/xrf2_msgs__rosidl_typesupport_cppExport.cmake
[0.348s] -- Up-to-date: /home/srik/ros_ubuntu/ros2_ws/install/xrf2_msgs/share/xrf2_msgs/cmake/xrf2_msgs__rosidl_typesupport_cppExport-noconfig.cmake
[0.348s] -- Up-to-date: /home/srik/ros_ubuntu/ros2_ws/install/xrf2_msgs/share/xrf2_msgs/cmake/export_xrf2_msgs__rosidl_generator_pyExport.cmake
[0.348s] -- Up-to-date: /home/srik/ros_ubuntu/ros2_ws/install/xrf2_msgs/share/xrf2_msgs/cmake/export_xrf2_msgs__rosidl_generator_pyExport-noconfig.cmake
[0.348s] -- Up-to-date: /home/srik/ros_ubuntu/ros2_ws/install/xrf2_msgs/share/xrf2_msgs/cmake/rosidl_cmake-extras.cmake
[0.349s] -- Up-to-date: /home/srik/ros_ubuntu/ros2_ws/install/xrf2_msgs/share/xrf2_msgs/cmake/ament_cmake_export_include_directories-extras.cmake
[0.349s] -- Up-to-date: /home/srik/ros_ubuntu/ros2_ws/install/xrf2_msgs/share/xrf2_msgs/cmake/ament_cmake_export_libraries-extras.cmake
[0.349s] -- Up-to-date: /home/srik/ros_ubuntu/ros2_ws/install/xrf2_msgs/share/xrf2_msgs/cmake/ament_cmake_export_targets-extras.cmake
[0.349s] -- Up-to-date: /home/srik/ros_ubuntu/ros2_ws/install/xrf2_msgs/share/xrf2_msgs/cmake/rosidl_cmake_export_typesupport_targets-extras.cmake
[0.349s] -- Up-to-date: /home/srik/ros_ubuntu/ros2_ws/install/xrf2_msgs/share/xrf2_msgs/cmake/ament_cmake_export_dependencies-extras.cmake
[0.349s] -- Up-to-date: /home/srik/ros_ubuntu/ros2_ws/install/xrf2_msgs/share/xrf2_msgs/cmake/rosidl_cmake_export_typesupport_libraries-extras.cmake
[0.349s] -- Up-to-date: /home/srik/ros_ubuntu/ros2_ws/install/xrf2_msgs/share/xrf2_msgs/cmake/xrf2_msgsConfig.cmake
[0.349s] -- Up-to-date: /home/srik/ros_ubuntu/ros2_ws/install/xrf2_msgs/share/xrf2_msgs/cmake/xrf2_msgsConfig-version.cmake
[0.349s] -- Up-to-date: /home/srik/ros_ubuntu/ros2_ws/install/xrf2_msgs/share/xrf2_msgs/package.xml
[0.350s] Invoked command in '/home/srik/ros_ubuntu/ros2_ws/build/xrf2_msgs' returned '0': CMAKE_PREFIX_PATH=${CMAKE_PREFIX_PATH}:/opt/ros/humble DEBUGINFOD_URLS=https://debuginfod.archlinux.org https://debuginfod.cachyos.org /usr/bin/cmake --install /home/srik/ros_ubuntu/ros2_ws/build/xrf2_msgs
