[0.081s] Invoking command in '/home/sdfr-ppd-16/ros2_ws/build/relbot2turtlesim': CMAKE_PREFIX_PATH=${CMAKE_PREFIX_PATH}:/opt/ros/humble /usr/bin/cmake --build /home/sdfr-ppd-16/ros2_ws/build/relbot2turtlesim -- -j3 -l3
[0.219s] [35m[1mConsolidate compiler generated dependencies of target relbot2turtlesim[0m
[0.607s] [100%] Built target relbot2turtlesim
[0.644s] Invoked command in '/home/sdfr-ppd-16/ros2_ws/build/relbot2turtlesim' returned '0': CMAKE_PREFIX_PATH=${CMAKE_PREFIX_PATH}:/opt/ros/humble /usr/bin/cmake --build /home/sdfr-ppd-16/ros2_ws/build/relbot2turtlesim -- -j3 -l3
[0.647s] Invoking command in '/home/sdfr-ppd-16/ros2_ws/build/relbot2turtlesim': CMAKE_PREFIX_PATH=${CMAKE_PREFIX_PATH}:/opt/ros/humble /usr/bin/cmake --install /home/sdfr-ppd-16/ros2_ws/build/relbot2turtlesim
[0.684s] -- Install configuration: ""
[0.685s] -- Up-to-date: /home/sdfr-ppd-16/ros2_ws/install/relbot2turtlesim/lib/relbot2turtlesim/relbot2turtlesim
[0.687s] -- Up-to-date: /home/sdfr-ppd-16/ros2_ws/install/relbot2turtlesim/share/ament_index/resource_index/package_run_dependencies/relbot2turtlesim
[0.688s] -- Up-to-date: /home/sdfr-ppd-16/ros2_ws/install/relbot2turtlesim/share/ament_index/resource_index/parent_prefix_path/relbot2turtlesim
[0.690s] -- Up-to-date: /home/sdfr-ppd-16/ros2_ws/install/relbot2turtlesim/share/relbot2turtlesim/environment/ament_prefix_path.sh
[0.709s] -- Up-to-date: /home/sdfr-ppd-16/ros2_ws/install/relbot2turtlesim/share/relbot2turtlesim/environment/ament_prefix_path.dsv
[0.716s] -- Up-to-date: /home/sdfr-ppd-16/ros2_ws/install/relbot2turtlesim/share/relbot2turtlesim/environment/path.sh
[0.719s] -- Up-to-date: /home/sdfr-ppd-16/ros2_ws/install/relbot2turtlesim/share/relbot2turtlesim/environment/path.dsv
[0.722s] -- Up-to-date: /home/sdfr-ppd-16/ros2_ws/install/relbot2turtlesim/share/relbot2turtlesim/local_setup.bash
[0.737s] -- Up-to-date: /home/sdfr-ppd-16/ros2_ws/install/relbot2turtlesim/share/relbot2turtlesim/local_setup.sh
[0.740s] -- Up-to-date: /home/sdfr-ppd-16/ros2_ws/install/relbot2turtlesim/share/relbot2turtlesim/local_setup.zsh
[0.743s] -- Up-to-date: /home/sdfr-ppd-16/ros2_ws/install/relbot2turtlesim/share/relbot2turtlesim/local_setup.dsv
[0.746s] -- Installing: /home/sdfr-ppd-16/ros2_ws/install/relbot2turtlesim/share/relbot2turtlesim/package.dsv
[0.761s] -- Up-to-date: /home/sdfr-ppd-16/ros2_ws/install/relbot2turtlesim/share/ament_index/resource_index/packages/relbot2turtlesim
[0.763s] -- Up-to-date: /home/sdfr-ppd-16/ros2_ws/install/relbot2turtlesim/share/relbot2turtlesim/cmake/relbot2turtlesimConfig.cmake
[0.766s] -- Up-to-date: /home/sdfr-ppd-16/ros2_ws/install/relbot2turtlesim/share/relbot2turtlesim/cmake/relbot2turtlesimConfig-version.cmake
[0.769s] -- Up-to-date: /home/sdfr-ppd-16/ros2_ws/install/relbot2turtlesim/share/relbot2turtlesim/package.xml
[0.786s] Invoked command in '/home/sdfr-ppd-16/ros2_ws/build/relbot2turtlesim' returned '0': CMAKE_PREFIX_PATH=${CMAKE_PREFIX_PATH}:/opt/ros/humble /usr/bin/cmake --install /home/sdfr-ppd-16/ros2_ws/build/relbot2turtlesim
