[0.074s] Invoking command in '/home/sdfr-ppd-16/ros2_ws/build/relbot_sequence_controller': CMAKE_PREFIX_PATH=/home/sdfr-ppd-16/ros2_ws/install/image_functions_sdfr:/home/sdfr-ppd-16/ros2_ws/install/ros_xeno_bridge:/home/sdfr-ppd-16/ros2_ws/install/relbot_simulator:/home/sdfr-ppd-16/ros2_ws/install/relbot_sequence_controller:/home/sdfr-ppd-16/ros2_ws/install/relbot_launch:/home/sdfr-ppd-16/ros2_ws/install/relbot_adapter:/home/sdfr-ppd-16/ros2_ws/install/relbot2turtlesim:/home/sdfr-ppd-16/ros2_ws/install/relbot_msgs:/home/sdfr-ppd-16/ros2_ws/install/xrf2_msgs:/opt/ros/humble /usr/bin/cmake --build /home/sdfr-ppd-16/ros2_ws/build/relbot_sequence_controller -- -j3 -l3
[0.489s] [ 50%] Built target colour_detector
[0.496s] [100%] Built target relbot_sequence_controller
[0.527s] Invoked command in '/home/sdfr-ppd-16/ros2_ws/build/relbot_sequence_controller' returned '0': CMAKE_PREFIX_PATH=/home/sdfr-ppd-16/ros2_ws/install/image_functions_sdfr:/home/sdfr-ppd-16/ros2_ws/install/ros_xeno_bridge:/home/sdfr-ppd-16/ros2_ws/install/relbot_simulator:/home/sdfr-ppd-16/ros2_ws/install/relbot_sequence_controller:/home/sdfr-ppd-16/ros2_ws/install/relbot_launch:/home/sdfr-ppd-16/ros2_ws/install/relbot_adapter:/home/sdfr-ppd-16/ros2_ws/install/relbot2turtlesim:/home/sdfr-ppd-16/ros2_ws/install/relbot_msgs:/home/sdfr-ppd-16/ros2_ws/install/xrf2_msgs:/opt/ros/humble /usr/bin/cmake --build /home/sdfr-ppd-16/ros2_ws/build/relbot_sequence_controller -- -j3 -l3
[0.540s] Invoking command in '/home/sdfr-ppd-16/ros2_ws/build/relbot_sequence_controller': CMAKE_PREFIX_PATH=/home/sdfr-ppd-16/ros2_ws/install/image_functions_sdfr:/home/sdfr-ppd-16/ros2_ws/install/ros_xeno_bridge:/home/sdfr-ppd-16/ros2_ws/install/relbot_simulator:/home/sdfr-ppd-16/ros2_ws/install/relbot_sequence_controller:/home/sdfr-ppd-16/ros2_ws/install/relbot_launch:/home/sdfr-ppd-16/ros2_ws/install/relbot_adapter:/home/sdfr-ppd-16/ros2_ws/install/relbot2turtlesim:/home/sdfr-ppd-16/ros2_ws/install/relbot_msgs:/home/sdfr-ppd-16/ros2_ws/install/xrf2_msgs:/opt/ros/humble /usr/bin/cmake --install /home/sdfr-ppd-16/ros2_ws/build/relbot_sequence_controller
[0.543s] -- Install configuration: ""
[0.545s] -- Up-to-date: /home/sdfr-ppd-16/ros2_ws/install/relbot_sequence_controller/lib/relbot_sequence_controller/relbot_sequence_controller
[0.557s] -- Up-to-date: /home/sdfr-ppd-16/ros2_ws/install/relbot_sequence_controller/lib/relbot_sequence_controller/colour_detector
[0.560s] -- Up-to-date: /home/sdfr-ppd-16/ros2_ws/install/relbot_sequence_controller/share/ament_index/resource_index/package_run_dependencies/relbot_sequence_controller
[0.563s] -- Up-to-date: /home/sdfr-ppd-16/ros2_ws/install/relbot_sequence_controller/share/ament_index/resource_index/parent_prefix_path/relbot_sequence_controller
[0.571s] -- Up-to-date: /home/sdfr-ppd-16/ros2_ws/install/relbot_sequence_controller/share/relbot_sequence_controller/environment/ament_prefix_path.sh
[0.575s] -- Up-to-date: /home/sdfr-ppd-16/ros2_ws/install/relbot_sequence_controller/share/relbot_sequence_controller/environment/ament_prefix_path.dsv
[0.577s] -- Up-to-date: /home/sdfr-ppd-16/ros2_ws/install/relbot_sequence_controller/share/relbot_sequence_controller/environment/path.sh
[0.579s] -- Up-to-date: /home/sdfr-ppd-16/ros2_ws/install/relbot_sequence_controller/share/relbot_sequence_controller/environment/path.dsv
[0.581s] -- Up-to-date: /home/sdfr-ppd-16/ros2_ws/install/relbot_sequence_controller/share/relbot_sequence_controller/local_setup.bash
[0.585s] -- Up-to-date: /home/sdfr-ppd-16/ros2_ws/install/relbot_sequence_controller/share/relbot_sequence_controller/local_setup.sh
[0.592s] -- Up-to-date: /home/sdfr-ppd-16/ros2_ws/install/relbot_sequence_controller/share/relbot_sequence_controller/local_setup.zsh
[0.593s] -- Up-to-date: /home/sdfr-ppd-16/ros2_ws/install/relbot_sequence_controller/share/relbot_sequence_controller/local_setup.dsv
[0.596s] -- Installing: /home/sdfr-ppd-16/ros2_ws/install/relbot_sequence_controller/share/relbot_sequence_controller/package.dsv
[0.614s] -- Up-to-date: /home/sdfr-ppd-16/ros2_ws/install/relbot_sequence_controller/share/ament_index/resource_index/packages/relbot_sequence_controller
[0.617s] -- Up-to-date: /home/sdfr-ppd-16/ros2_ws/install/relbot_sequence_controller/share/relbot_sequence_controller/cmake/relbot_sequence_controllerConfig.cmake
[0.619s] -- Up-to-date: /home/sdfr-ppd-16/ros2_ws/install/relbot_sequence_controller/share/relbot_sequence_controller/cmake/relbot_sequence_controllerConfig-version.cmake
[0.621s] -- Up-to-date: /home/sdfr-ppd-16/ros2_ws/install/relbot_sequence_controller/share/relbot_sequence_controller/package.xml
[0.630s] Invoked command in '/home/sdfr-ppd-16/ros2_ws/build/relbot_sequence_controller' returned '0': CMAKE_PREFIX_PATH=/home/sdfr-ppd-16/ros2_ws/install/image_functions_sdfr:/home/sdfr-ppd-16/ros2_ws/install/ros_xeno_bridge:/home/sdfr-ppd-16/ros2_ws/install/relbot_simulator:/home/sdfr-ppd-16/ros2_ws/install/relbot_sequence_controller:/home/sdfr-ppd-16/ros2_ws/install/relbot_launch:/home/sdfr-ppd-16/ros2_ws/install/relbot_adapter:/home/sdfr-ppd-16/ros2_ws/install/relbot2turtlesim:/home/sdfr-ppd-16/ros2_ws/install/relbot_msgs:/home/sdfr-ppd-16/ros2_ws/install/xrf2_msgs:/opt/ros/humble /usr/bin/cmake --install /home/sdfr-ppd-16/ros2_ws/build/relbot_sequence_controller
