[0.005s] Invoking command in '/home/srik/ros_ubuntu/ros2_ws/build/relbot_simulator': CMAKE_PREFIX_PATH=/home/srik/ros_ubuntu/ros2_ws/install/relbot_msgs:/home/srik/ros_ubuntu/ros2_ws/install/xrf2_msgs:/home/srik/ros_ubuntu/ros2_ws/install/relbot_launch:/opt/ros/humble DEBUGINFOD_URLS=https://debuginfod.archlinux.org https://debuginfod.cachyos.org LD_LIBRARY_PATH=/home/srik/ros_ubuntu/ros2_ws/install/relbot_msgs/lib:/home/srik/ros_ubuntu/ros2_ws/install/xrf2_msgs/lib:/opt/ros/humble/opt/rviz_ogre_vendor/lib:/opt/ros/humble/lib/x86_64-linux-gnu:/opt/ros/humble/lib /usr/bin/cmake /home/srik/ros_ubuntu/ros2_ws/src/relbot_simulator -DCMAKE_INSTALL_PREFIX=/home/srik/ros_ubuntu/ros2_ws/install/relbot_simulator
[0.042s] -- The C compiler identification is GNU 11.4.0
[0.077s] -- The CXX compiler identification is GNU 11.4.0
[0.077s] -- Detecting C compiler ABI info
[0.120s] -- Detecting C compiler ABI info - done
[0.126s] -- Check for working C compiler: /usr/bin/cc - skipped
[0.126s] -- Detecting C compile features
[0.127s] -- Detecting C compile features - done
[0.129s] -- Detecting CXX compiler ABI info
[0.179s] -- Detecting CXX compiler ABI info - done
[0.185s] -- Check for working CXX compiler: /usr/bin/c++ - skipped
[0.185s] -- Detecting CXX compile features
[0.185s] -- Detecting CXX compile features - done
[0.187s] -- Found ament_cmake: 1.3.13 (/opt/ros/humble/share/ament_cmake/cmake)
[0.299s] -- Found Python3: /usr/bin/python3 (found version "3.10.12") found components: Interpreter 
[0.385s] -- Found rclcpp: 16.0.18 (/opt/ros/humble/share/rclcpp/cmake)
[0.421s] -- Found rosidl_generator_c: 3.1.8 (/opt/ros/humble/share/rosidl_generator_c/cmake)
[0.424s] -- Found rosidl_adapter: 3.1.8 (/opt/ros/humble/share/rosidl_adapter/cmake)
[0.433s] -- Found rosidl_generator_cpp: 3.1.8 (/opt/ros/humble/share/rosidl_generator_cpp/cmake)
[0.444s] -- Using all available rosidl_typesupport_c: rosidl_typesupport_fastrtps_c;rosidl_typesupport_introspection_c
[0.460s] -- Using all available rosidl_typesupport_cpp: rosidl_typesupport_fastrtps_cpp;rosidl_typesupport_introspection_cpp
[0.498s] -- Found rmw_implementation_cmake: 6.1.2 (/opt/ros/humble/share/rmw_implementation_cmake/cmake)
[0.499s] -- Found rmw_fastrtps_cpp: 6.2.10 (/opt/ros/humble/share/rmw_fastrtps_cpp/cmake)
[0.568s] -- Found OpenSSL: /usr/lib/x86_64-linux-gnu/libcrypto.so (found version "3.0.2")  
[0.591s] -- Found FastRTPS: /opt/ros/humble/include  
[0.626s] -- Using RMW implementation 'rmw_fastrtps_cpp' as default
[0.632s] -- Looking for pthread.h
[0.680s] -- Looking for pthread.h - found
[0.680s] -- Performing Test CMAKE_HAVE_LIBC_PTHREAD
[0.728s] -- Performing Test CMAKE_HAVE_LIBC_PTHREAD - Success
[0.729s] -- Found Threads: TRUE  
[0.784s] -- Found geometry_msgs: 4.9.1 (/opt/ros/humble/share/geometry_msgs/cmake)
[0.796s] -- Found sensor_msgs: 4.9.1 (/opt/ros/humble/share/sensor_msgs/cmake)
[0.811s] -- Found relbot_msgs: 2025.2.0 (/home/srik/ros_ubuntu/ros2_ws/install/relbot_msgs/share/relbot_msgs/cmake)
[0.828s] -- Found OpenCV: /usr (found version "4.5.4") found components: core highgui imgcodecs imgproc videoio 
[0.829s] -- Found cv_bridge: 3.2.1 (/opt/ros/humble/share/cv_bridge/cmake)
[0.833s] -- Found ament_lint_auto: 0.12.15 (/opt/ros/humble/share/ament_lint_auto/cmake)
[0.888s] -- Added test 'copyright' to check source files copyright and LICENSE
[0.889s] -- Added test 'cppcheck' to perform static code analysis on C / C++ code
[0.890s] -- Configured cppcheck include dirs: /home/srik/ros_ubuntu/ros2_ws/src/relbot_simulator/include;/home/srik/ros_ubuntu/ros2_ws/src/relbot_simulator/common;$<BUILD_INTERFACE:/home/srik/ros_ubuntu/ros2_ws/src/relbot_simulator/include>;$<BUILD_INTERFACE:/home/srik/ros_ubuntu/ros2_ws/src/relbot_simulator/common>
[0.890s] -- Configured cppcheck exclude dirs and/or files: 
[0.891s] -- Added test 'cpplint' to check C / C++ code against the Google style
[0.891s] -- Configured cpplint exclude dirs and/or files: 
[0.891s] -- Added test 'lint_cmake' to check CMake code style
[0.892s] -- Added test 'uncrustify' to check C / C++ code style
[0.892s] -- Configured uncrustify additional arguments: 
[0.892s] -- Added test 'xmllint' to check XML markup files
[0.893s] -- Configuring done
[0.901s] -- Generating done
[0.904s] -- Build files have been written to: /home/srik/ros_ubuntu/ros2_ws/build/relbot_simulator
[0.911s] Invoked command in '/home/srik/ros_ubuntu/ros2_ws/build/relbot_simulator' returned '0': CMAKE_PREFIX_PATH=/home/srik/ros_ubuntu/ros2_ws/install/relbot_msgs:/home/srik/ros_ubuntu/ros2_ws/install/xrf2_msgs:/home/srik/ros_ubuntu/ros2_ws/install/relbot_launch:/opt/ros/humble DEBUGINFOD_URLS=https://debuginfod.archlinux.org https://debuginfod.cachyos.org LD_LIBRARY_PATH=/home/srik/ros_ubuntu/ros2_ws/install/relbot_msgs/lib:/home/srik/ros_ubuntu/ros2_ws/install/xrf2_msgs/lib:/opt/ros/humble/opt/rviz_ogre_vendor/lib:/opt/ros/humble/lib/x86_64-linux-gnu:/opt/ros/humble/lib /usr/bin/cmake /home/srik/ros_ubuntu/ros2_ws/src/relbot_simulator -DCMAKE_INSTALL_PREFIX=/home/srik/ros_ubuntu/ros2_ws/install/relbot_simulator
[0.912s] Invoking command in '/home/srik/ros_ubuntu/ros2_ws/build/relbot_simulator': CMAKE_PREFIX_PATH=/home/srik/ros_ubuntu/ros2_ws/install/relbot_msgs:/home/srik/ros_ubuntu/ros2_ws/install/xrf2_msgs:/home/srik/ros_ubuntu/ros2_ws/install/relbot_launch:/opt/ros/humble DEBUGINFOD_URLS=https://debuginfod.archlinux.org https://debuginfod.cachyos.org LD_LIBRARY_PATH=/home/srik/ros_ubuntu/ros2_ws/install/relbot_msgs/lib:/home/srik/ros_ubuntu/ros2_ws/install/xrf2_msgs/lib:/opt/ros/humble/opt/rviz_ogre_vendor/lib:/opt/ros/humble/lib/x86_64-linux-gnu:/opt/ros/humble/lib /usr/bin/cmake --build /home/srik/ros_ubuntu/ros2_ws/build/relbot_simulator -- -j32 -l32
[0.942s] [ 11%] [32mBuilding CXX object CMakeFiles/relbot_simulator.dir/common/xxinteg.cpp.o[0m
[0.943s] [ 22%] [32mBuilding CXX object CMakeFiles/relbot_simulator.dir/src/Plant.cpp.o[0m
[0.943s] [ 44%] [32mBuilding CXX object CMakeFiles/relbot_simulator.dir/common/EulerAngles.cpp.o[0m
[0.943s] [ 44%] [32mBuilding CXX object CMakeFiles/relbot_simulator.dir/src/relbot_simulator.cpp.o[0m
[0.943s] [ 66%] [32mBuilding CXX object CMakeFiles/relbot_simulator.dir/common/MotionProfiles.cpp.o[0m
[0.943s] [ 66%] [32mBuilding CXX object CMakeFiles/relbot_simulator.dir/common/xxfuncs.cpp.o[0m
[0.943s] [ 77%] [32mBuilding CXX object CMakeFiles/relbot_simulator.dir/common/xxinverse.cpp.o[0m
[0.944s] [ 88%] [32mBuilding CXX object CMakeFiles/relbot_simulator.dir/common/xxmatrix.cpp.o[0m
[9.079s] [100%] [32m[1mLinking CXX executable relbot_simulator[0m
[9.686s] [100%] Built target relbot_simulator
