[0.077s] Invoking command in '/home/sdfr-ppd-16/ros2_ws/build/relbot_sequence_controller': CMAKE_PREFIX_PATH=/home/sdfr-ppd-16/ros2_ws/install/image_functions_sdfr:/home/sdfr-ppd-16/ros2_ws/install/ros_xeno_bridge:/home/sdfr-ppd-16/ros2_ws/install/xrf2_msgs:/home/sdfr-ppd-16/ros2_ws/install/relbot_simulator:/home/sdfr-ppd-16/ros2_ws/install/relbot_sequence_controller:/home/sdfr-ppd-16/ros2_ws/install/relbot_msgs:/home/sdfr-ppd-16/ros2_ws/install/relbot_launch:/home/sdfr-ppd-16/ros2_ws/install/relbot_adapter:/home/sdfr-ppd-16/ros2_ws/install/relbot2turtlesim:/opt/ros/humble LD_LIBRARY_PATH=/home/sdfr-ppd-16/ros2_ws/install/image_functions_sdfr/lib:/home/sdfr-ppd-16/ros2_ws/install/xrf2_msgs/lib:/home/sdfr-ppd-16/ros2_ws/install/relbot_msgs/lib:/opt/ros/humble/opt/rviz_ogre_vendor/lib:/opt/ros/humble/lib/aarch64-linux-gnu:/opt/ros/humble/lib /usr/bin/cmake --build /home/sdfr-ppd-16/ros2_ws/build/relbot_sequence_controller -- -j3 -l3
[0.580s] [ 50%] Built target colour_detector
[0.778s] [100%] Built target relbot_sequence_controller
[0.785s] Invoked command in '/home/sdfr-ppd-16/ros2_ws/build/relbot_sequence_controller' returned '0': CMAKE_PREFIX_PATH=/home/sdfr-ppd-16/ros2_ws/install/image_functions_sdfr:/home/sdfr-ppd-16/ros2_ws/install/ros_xeno_bridge:/home/sdfr-ppd-16/ros2_ws/install/xrf2_msgs:/home/sdfr-ppd-16/ros2_ws/install/relbot_simulator:/home/sdfr-ppd-16/ros2_ws/install/relbot_sequence_controller:/home/sdfr-ppd-16/ros2_ws/install/relbot_msgs:/home/sdfr-ppd-16/ros2_ws/install/relbot_launch:/home/sdfr-ppd-16/ros2_ws/install/relbot_adapter:/home/sdfr-ppd-16/ros2_ws/install/relbot2turtlesim:/opt/ros/humble LD_LIBRARY_PATH=/home/sdfr-ppd-16/ros2_ws/install/image_functions_sdfr/lib:/home/sdfr-ppd-16/ros2_ws/install/xrf2_msgs/lib:/home/sdfr-ppd-16/ros2_ws/install/relbot_msgs/lib:/opt/ros/humble/opt/rviz_ogre_vendor/lib:/opt/ros/humble/lib/aarch64-linux-gnu:/opt/ros/humble/lib /usr/bin/cmake --build /home/sdfr-ppd-16/ros2_ws/build/relbot_sequence_controller -- -j3 -l3
[0.789s] Invoking command in '/home/sdfr-ppd-16/ros2_ws/build/relbot_sequence_controller': CMAKE_PREFIX_PATH=/home/sdfr-ppd-16/ros2_ws/install/image_functions_sdfr:/home/sdfr-ppd-16/ros2_ws/install/ros_xeno_bridge:/home/sdfr-ppd-16/ros2_ws/install/xrf2_msgs:/home/sdfr-ppd-16/ros2_ws/install/relbot_simulator:/home/sdfr-ppd-16/ros2_ws/install/relbot_sequence_controller:/home/sdfr-ppd-16/ros2_ws/install/relbot_msgs:/home/sdfr-ppd-16/ros2_ws/install/relbot_launch:/home/sdfr-ppd-16/ros2_ws/install/relbot_adapter:/home/sdfr-ppd-16/ros2_ws/install/relbot2turtlesim:/opt/ros/humble LD_LIBRARY_PATH=/home/sdfr-ppd-16/ros2_ws/install/image_functions_sdfr/lib:/home/sdfr-ppd-16/ros2_ws/install/xrf2_msgs/lib:/home/sdfr-ppd-16/ros2_ws/install/relbot_msgs/lib:/opt/ros/humble/opt/rviz_ogre_vendor/lib:/opt/ros/humble/lib/aarch64-linux-gnu:/opt/ros/humble/lib /usr/bin/cmake --install /home/sdfr-ppd-16/ros2_ws/build/relbot_sequence_controller
[0.879s] -- Install configuration: ""
[0.881s] -- Up-to-date: /home/sdfr-ppd-16/ros2_ws/install/relbot_sequence_controller/lib/relbot_sequence_controller/relbot_sequence_controller
[0.883s] -- Up-to-date: /home/sdfr-ppd-16/ros2_ws/install/relbot_sequence_controller/lib/relbot_sequence_controller/colour_detector
[0.885s] -- Up-to-date: /home/sdfr-ppd-16/ros2_ws/install/relbot_sequence_controller/share/ament_index/resource_index/package_run_dependencies/relbot_sequence_controller
[0.887s] -- Up-to-date: /home/sdfr-ppd-16/ros2_ws/install/relbot_sequence_controller/share/ament_index/resource_index/parent_prefix_path/relbot_sequence_controller
[0.888s] -- Up-to-date: /home/sdfr-ppd-16/ros2_ws/install/relbot_sequence_controller/share/relbot_sequence_controller/environment/ament_prefix_path.sh
[0.890s] -- Up-to-date: /home/sdfr-ppd-16/ros2_ws/install/relbot_sequence_controller/share/relbot_sequence_controller/environment/ament_prefix_path.dsv
[0.892s] -- Up-to-date: /home/sdfr-ppd-16/ros2_ws/install/relbot_sequence_controller/share/relbot_sequence_controller/environment/path.sh
[0.894s] -- Up-to-date: /home/sdfr-ppd-16/ros2_ws/install/relbot_sequence_controller/share/relbot_sequence_controller/environment/path.dsv
[0.895s] -- Up-to-date: /home/sdfr-ppd-16/ros2_ws/install/relbot_sequence_controller/share/relbot_sequence_controller/local_setup.bash
[0.896s] -- Up-to-date: /home/sdfr-ppd-16/ros2_ws/install/relbot_sequence_controller/share/relbot_sequence_controller/local_setup.sh
[0.897s] -- Up-to-date: /home/sdfr-ppd-16/ros2_ws/install/relbot_sequence_controller/share/relbot_sequence_controller/local_setup.zsh
[0.899s] -- Up-to-date: /home/sdfr-ppd-16/ros2_ws/install/relbot_sequence_controller/share/relbot_sequence_controller/local_setup.dsv
[0.900s] -- Installing: /home/sdfr-ppd-16/ros2_ws/install/relbot_sequence_controller/share/relbot_sequence_controller/package.dsv
[0.902s] -- Up-to-date: /home/sdfr-ppd-16/ros2_ws/install/relbot_sequence_controller/share/ament_index/resource_index/packages/relbot_sequence_controller
[0.904s] -- Up-to-date: /home/sdfr-ppd-16/ros2_ws/install/relbot_sequence_controller/share/relbot_sequence_controller/cmake/relbot_sequence_controllerConfig.cmake
[0.908s] -- Up-to-date: /home/sdfr-ppd-16/ros2_ws/install/relbot_sequence_controller/share/relbot_sequence_controller/cmake/relbot_sequence_controllerConfig-version.cmake
[0.910s] -- Up-to-date: /home/sdfr-ppd-16/ros2_ws/install/relbot_sequence_controller/share/relbot_sequence_controller/package.xml
[1.019s] Invoked command in '/home/sdfr-ppd-16/ros2_ws/build/relbot_sequence_controller' returned '0': CMAKE_PREFIX_PATH=/home/sdfr-ppd-16/ros2_ws/install/image_functions_sdfr:/home/sdfr-ppd-16/ros2_ws/install/ros_xeno_bridge:/home/sdfr-ppd-16/ros2_ws/install/xrf2_msgs:/home/sdfr-ppd-16/ros2_ws/install/relbot_simulator:/home/sdfr-ppd-16/ros2_ws/install/relbot_sequence_controller:/home/sdfr-ppd-16/ros2_ws/install/relbot_msgs:/home/sdfr-ppd-16/ros2_ws/install/relbot_launch:/home/sdfr-ppd-16/ros2_ws/install/relbot_adapter:/home/sdfr-ppd-16/ros2_ws/install/relbot2turtlesim:/opt/ros/humble LD_LIBRARY_PATH=/home/sdfr-ppd-16/ros2_ws/install/image_functions_sdfr/lib:/home/sdfr-ppd-16/ros2_ws/install/xrf2_msgs/lib:/home/sdfr-ppd-16/ros2_ws/install/relbot_msgs/lib:/opt/ros/humble/opt/rviz_ogre_vendor/lib:/opt/ros/humble/lib/aarch64-linux-gnu:/opt/ros/humble/lib /usr/bin/cmake --install /home/sdfr-ppd-16/ros2_ws/build/relbot_sequence_controller
