[0.157s] Invoking command in '/home/sdfr-ppd-16/ros2_ws/build/relbot_launch': CMAKE_PREFIX_PATH=/opt/ros/humble /usr/bin/cmake --build /home/sdfr-ppd-16/ros2_ws/build/relbot_launch -- -j3 -l3
[0.319s] Invoked command in '/home/sdfr-ppd-16/ros2_ws/build/relbot_launch' returned '0': CMAKE_PREFIX_PATH=/opt/ros/humble /usr/bin/cmake --build /home/sdfr-ppd-16/ros2_ws/build/relbot_launch -- -j3 -l3
[0.329s] Invoking command in '/home/sdfr-ppd-16/ros2_ws/build/relbot_launch': CMAKE_PREFIX_PATH=/opt/ros/humble /usr/bin/cmake --install /home/sdfr-ppd-16/ros2_ws/build/relbot_launch
[0.362s] -- Install configuration: ""
[0.364s] -- Up-to-date: /home/sdfr-ppd-16/ros2_ws/install/relbot_launch/share/relbot_launch//launch
[0.369s] -- Up-to-date: /home/sdfr-ppd-16/ros2_ws/install/relbot_launch/share/relbot_launch//launch/relbot_turtlesim_launch.py
[0.372s] -- Up-to-date: /home/sdfr-ppd-16/ros2_ws/install/relbot_launch/share/relbot_launch//launch/webcam_test_launch.py
[0.377s] -- Up-to-date: /home/sdfr-ppd-16/ros2_ws/install/relbot_launch/share/relbot_launch//launch/relbot_launch.py
[0.379s] -- Up-to-date: /home/sdfr-ppd-16/ros2_ws/install/relbot_launch/share/relbot_launch//launch/relbot_test_launch.py
[0.381s] -- Up-to-date: /home/sdfr-ppd-16/ros2_ws/install/relbot_launch/share/relbot_launch//launch/colour_detector_launch.py
[0.386s] -- Up-to-date: /home/sdfr-ppd-16/ros2_ws/install/relbot_launch/share/ament_index/resource_index/package_run_dependencies/relbot_launch
[0.390s] -- Up-to-date: /home/sdfr-ppd-16/ros2_ws/install/relbot_launch/share/ament_index/resource_index/parent_prefix_path/relbot_launch
[0.393s] -- Up-to-date: /home/sdfr-ppd-16/ros2_ws/install/relbot_launch/share/relbot_launch/environment/ament_prefix_path.sh
[0.397s] -- Up-to-date: /home/sdfr-ppd-16/ros2_ws/install/relbot_launch/share/relbot_launch/environment/ament_prefix_path.dsv
[0.399s] -- Up-to-date: /home/sdfr-ppd-16/ros2_ws/install/relbot_launch/share/relbot_launch/environment/path.sh
[0.402s] -- Up-to-date: /home/sdfr-ppd-16/ros2_ws/install/relbot_launch/share/relbot_launch/environment/path.dsv
[0.404s] -- Up-to-date: /home/sdfr-ppd-16/ros2_ws/install/relbot_launch/share/relbot_launch/local_setup.bash
[0.406s] -- Up-to-date: /home/sdfr-ppd-16/ros2_ws/install/relbot_launch/share/relbot_launch/local_setup.sh
[0.408s] -- Up-to-date: /home/sdfr-ppd-16/ros2_ws/install/relbot_launch/share/relbot_launch/local_setup.zsh
[0.412s] -- Up-to-date: /home/sdfr-ppd-16/ros2_ws/install/relbot_launch/share/relbot_launch/local_setup.dsv
[0.417s] -- Installing: /home/sdfr-ppd-16/ros2_ws/install/relbot_launch/share/relbot_launch/package.dsv
[0.423s] -- Up-to-date: /home/sdfr-ppd-16/ros2_ws/install/relbot_launch/share/ament_index/resource_index/packages/relbot_launch
[0.425s] -- Up-to-date: /home/sdfr-ppd-16/ros2_ws/install/relbot_launch/share/relbot_launch/cmake/relbot_launchConfig.cmake
[0.428s] -- Up-to-date: /home/sdfr-ppd-16/ros2_ws/install/relbot_launch/share/relbot_launch/cmake/relbot_launchConfig-version.cmake
[0.430s] -- Up-to-date: /home/sdfr-ppd-16/ros2_ws/install/relbot_launch/share/relbot_launch/package.xml
[0.439s] Invoked command in '/home/sdfr-ppd-16/ros2_ws/build/relbot_launch' returned '0': CMAKE_PREFIX_PATH=/opt/ros/humble /usr/bin/cmake --install /home/sdfr-ppd-16/ros2_ws/build/relbot_launch
