[0.014s] Invoking command in '/home/raghav742/SDfR/Assignments/assignment6/ros2_ws/build/relbot_launch': CMAKE_PREFIX_PATH=${CMAKE_PREFIX_PATH}:/opt/ros/humble /usr/bin/cmake --build /home/raghav742/SDfR/Assignments/assignment6/ros2_ws/build/relbot_launch -- -j8 -l8
[0.039s] Invoked command in '/home/raghav742/SDfR/Assignments/assignment6/ros2_ws/build/relbot_launch' returned '0': CMAKE_PREFIX_PATH=${CMAKE_PREFIX_PATH}:/opt/ros/humble /usr/bin/cmake --build /home/raghav742/SDfR/Assignments/assignment6/ros2_ws/build/relbot_launch -- -j8 -l8
[0.049s] Invoking command in '/home/raghav742/SDfR/Assignments/assignment6/ros2_ws/build/relbot_launch': CMAKE_PREFIX_PATH=${CMAKE_PREFIX_PATH}:/opt/ros/humble /usr/bin/cmake --install /home/raghav742/SDfR/Assignments/assignment6/ros2_ws/build/relbot_launch
[0.055s] -- Install configuration: ""
[0.055s] -- Up-to-date: /home/raghav742/SDfR/Assignments/assignment6/ros2_ws/install/relbot_launch/share/relbot_launch//launch
[0.055s] -- Up-to-date: /home/raghav742/SDfR/Assignments/assignment6/ros2_ws/install/relbot_launch/share/relbot_launch//launch/relbot_system_joystick.launch.py
[0.056s] -- Up-to-date: /home/raghav742/SDfR/Assignments/assignment6/ros2_ws/install/relbot_launch/share/relbot_launch//launch/relbot_sequence_controller.launch.py
[0.056s] -- Up-to-date: /home/raghav742/SDfR/Assignments/assignment6/ros2_ws/install/relbot_launch/share/relbot_launch//launch/relbot_to_turtle.launch.py
[0.056s] -- Up-to-date: /home/raghav742/SDfR/Assignments/assignment6/ros2_ws/install/relbot_launch/share/relbot_launch//launch/relbot_system.launch.py
[0.056s] -- Up-to-date: /home/raghav742/SDfR/Assignments/assignment6/ros2_ws/install/relbot_launch/share/ament_index/resource_index/package_run_dependencies/relbot_launch
[0.056s] -- Up-to-date: /home/raghav742/SDfR/Assignments/assignment6/ros2_ws/install/relbot_launch/share/ament_index/resource_index/parent_prefix_path/relbot_launch
[0.057s] -- Up-to-date: /home/raghav742/SDfR/Assignments/assignment6/ros2_ws/install/relbot_launch/share/relbot_launch/environment/ament_prefix_path.sh
[0.057s] -- Up-to-date: /home/raghav742/SDfR/Assignments/assignment6/ros2_ws/install/relbot_launch/share/relbot_launch/environment/ament_prefix_path.dsv
[0.057s] -- Up-to-date: /home/raghav742/SDfR/Assignments/assignment6/ros2_ws/install/relbot_launch/share/relbot_launch/environment/path.sh
[0.057s] -- Up-to-date: /home/raghav742/SDfR/Assignments/assignment6/ros2_ws/install/relbot_launch/share/relbot_launch/environment/path.dsv
[0.057s] -- Up-to-date: /home/raghav742/SDfR/Assignments/assignment6/ros2_ws/install/relbot_launch/share/relbot_launch/local_setup.bash
[0.058s] -- Up-to-date: /home/raghav742/SDfR/Assignments/assignment6/ros2_ws/install/relbot_launch/share/relbot_launch/local_setup.sh
[0.058s] -- Up-to-date: /home/raghav742/SDfR/Assignments/assignment6/ros2_ws/install/relbot_launch/share/relbot_launch/local_setup.zsh
[0.058s] -- Up-to-date: /home/raghav742/SDfR/Assignments/assignment6/ros2_ws/install/relbot_launch/share/relbot_launch/local_setup.dsv
[0.059s] -- Up-to-date: /home/raghav742/SDfR/Assignments/assignment6/ros2_ws/install/relbot_launch/share/relbot_launch/package.dsv
[0.059s] -- Up-to-date: /home/raghav742/SDfR/Assignments/assignment6/ros2_ws/install/relbot_launch/share/ament_index/resource_index/packages/relbot_launch
[0.059s] -- Up-to-date: /home/raghav742/SDfR/Assignments/assignment6/ros2_ws/install/relbot_launch/share/relbot_launch/cmake/relbot_launchConfig.cmake
[0.059s] -- Up-to-date: /home/raghav742/SDfR/Assignments/assignment6/ros2_ws/install/relbot_launch/share/relbot_launch/cmake/relbot_launchConfig-version.cmake
[0.059s] -- Up-to-date: /home/raghav742/SDfR/Assignments/assignment6/ros2_ws/install/relbot_launch/share/relbot_launch/package.xml
[0.063s] Invoked command in '/home/raghav742/SDfR/Assignments/assignment6/ros2_ws/build/relbot_launch' returned '0': CMAKE_PREFIX_PATH=${CMAKE_PREFIX_PATH}:/opt/ros/humble /usr/bin/cmake --install /home/raghav742/SDfR/Assignments/assignment6/ros2_ws/build/relbot_launch
