[0.073s] Invoking command in '/home/sdfr-ppd-16/ros2_ws/build/relbot_msgs': CMAKE_PREFIX_PATH=${CMAKE_PREFIX_PATH}:/opt/ros/humble /usr/bin/cmake --build /home/sdfr-ppd-16/ros2_ws/build/relbot_msgs -- -j3 -l3
[0.327s] [  2%] Built target relbot_msgs__cpp
[0.424s] [ 12%] Built target relbot_msgs__rosidl_generator_c
[0.467s] [ 12%] Built target ament_cmake_python_copy_relbot_msgs
[0.629s] [ 23%] Built target relbot_msgs__rosidl_typesupport_cpp
[0.635s] [ 33%] Built target relbot_msgs__rosidl_typesupport_fastrtps_cpp
[0.696s] [ 43%] Built target relbot_msgs__rosidl_typesupport_introspection_cpp
[0.794s] [ 53%] Built target relbot_msgs__rosidl_typesupport_fastrtps_c
[0.876s] [ 64%] Built target relbot_msgs__rosidl_typesupport_introspection_c
[0.931s] [ 74%] Built target relbot_msgs__rosidl_typesupport_c
[1.091s] [ 74%] Built target relbot_msgs
[1.277s] [ 76%] Built target relbot_msgs__py
[1.416s] [ 84%] Built target relbot_msgs__rosidl_generator_py
[1.565s] [ 89%] Built target relbot_msgs__rosidl_typesupport_fastrtps_c__pyext
[1.644s] [ 94%] Built target relbot_msgs__rosidl_typesupport_introspection_c__pyext
[1.730s] [100%] Built target relbot_msgs__rosidl_typesupport_c__pyext
[2.475s] running egg_info
[2.479s] writing relbot_msgs.egg-info/PKG-INFO
[2.481s] writing dependency_links to relbot_msgs.egg-info/dependency_links.txt
[2.482s] writing top-level names to relbot_msgs.egg-info/top_level.txt
[2.496s] reading manifest file 'relbot_msgs.egg-info/SOURCES.txt'
[2.499s] writing manifest file 'relbot_msgs.egg-info/SOURCES.txt'
[2.749s] [100%] Built target ament_cmake_python_build_relbot_msgs_egg
[2.755s] Invoked command in '/home/sdfr-ppd-16/ros2_ws/build/relbot_msgs' returned '0': CMAKE_PREFIX_PATH=${CMAKE_PREFIX_PATH}:/opt/ros/humble /usr/bin/cmake --build /home/sdfr-ppd-16/ros2_ws/build/relbot_msgs -- -j3 -l3
[2.758s] Invoking command in '/home/sdfr-ppd-16/ros2_ws/build/relbot_msgs': CMAKE_PREFIX_PATH=${CMAKE_PREFIX_PATH}:/opt/ros/humble /usr/bin/cmake --install /home/sdfr-ppd-16/ros2_ws/build/relbot_msgs
[2.786s] -- Install configuration: ""
[2.787s] -- Up-to-date: /home/sdfr-ppd-16/ros2_ws/install/relbot_msgs/share/ament_index/resource_index/rosidl_interfaces/relbot_msgs
[2.789s] -- Up-to-date: /home/sdfr-ppd-16/ros2_ws/install/relbot_msgs/include/relbot_msgs/relbot_msgs
[2.790s] -- Up-to-date: /home/sdfr-ppd-16/ros2_ws/install/relbot_msgs/include/relbot_msgs/relbot_msgs/msg
[2.800s] -- Up-to-date: /home/sdfr-ppd-16/ros2_ws/install/relbot_msgs/include/relbot_msgs/relbot_msgs/msg/rosidl_generator_c__visibility_control.h
[2.801s] -- Up-to-date: /home/sdfr-ppd-16/ros2_ws/install/relbot_msgs/include/relbot_msgs/relbot_msgs/msg/detail
[2.802s] -- Up-to-date: /home/sdfr-ppd-16/ros2_ws/install/relbot_msgs/include/relbot_msgs/relbot_msgs/msg/detail/relbot_motors_stamped__struct.h
[2.804s] -- Up-to-date: /home/sdfr-ppd-16/ros2_ws/install/relbot_msgs/include/relbot_msgs/relbot_msgs/msg/detail/relbot_motors_stamped__functions.h
[2.805s] -- Up-to-date: /home/sdfr-ppd-16/ros2_ws/install/relbot_msgs/include/relbot_msgs/relbot_msgs/msg/detail/relbot_motors__struct.h
[2.806s] -- Up-to-date: /home/sdfr-ppd-16/ros2_ws/install/relbot_msgs/include/relbot_msgs/relbot_msgs/msg/detail/relbot_motors_stamped__functions.c
[2.808s] -- Up-to-date: /home/sdfr-ppd-16/ros2_ws/install/relbot_msgs/include/relbot_msgs/relbot_msgs/msg/detail/relbot_motors__functions.c
[2.810s] -- Up-to-date: /home/sdfr-ppd-16/ros2_ws/install/relbot_msgs/include/relbot_msgs/relbot_msgs/msg/detail/relbot_motors__functions.h
[2.821s] -- Up-to-date: /home/sdfr-ppd-16/ros2_ws/install/relbot_msgs/include/relbot_msgs/relbot_msgs/msg/detail/relbot_motors_stamped__type_support.h
[2.824s] -- Up-to-date: /home/sdfr-ppd-16/ros2_ws/install/relbot_msgs/include/relbot_msgs/relbot_msgs/msg/detail/relbot_motors__type_support.h
[2.826s] -- Up-to-date: /home/sdfr-ppd-16/ros2_ws/install/relbot_msgs/include/relbot_msgs/relbot_msgs/msg/relbot_motors_stamped.h
[2.828s] -- Up-to-date: /home/sdfr-ppd-16/ros2_ws/install/relbot_msgs/include/relbot_msgs/relbot_msgs/msg/relbot_motors.h
[2.830s] -- Up-to-date: /home/sdfr-ppd-16/ros2_ws/install/relbot_msgs/share/relbot_msgs/environment/library_path.sh
[2.844s] -- Up-to-date: /home/sdfr-ppd-16/ros2_ws/install/relbot_msgs/share/relbot_msgs/environment/library_path.dsv
[2.846s] -- Up-to-date: /home/sdfr-ppd-16/ros2_ws/install/relbot_msgs/lib/librelbot_msgs__rosidl_generator_c.so
[2.847s] -- Up-to-date: /home/sdfr-ppd-16/ros2_ws/install/relbot_msgs/include/relbot_msgs/relbot_msgs
[2.852s] -- Up-to-date: /home/sdfr-ppd-16/ros2_ws/install/relbot_msgs/include/relbot_msgs/relbot_msgs/msg
[2.854s] -- Up-to-date: /home/sdfr-ppd-16/ros2_ws/install/relbot_msgs/include/relbot_msgs/relbot_msgs/msg/detail
[2.857s] -- Up-to-date: /home/sdfr-ppd-16/ros2_ws/install/relbot_msgs/include/relbot_msgs/relbot_msgs/msg/detail/relbot_motors_stamped__rosidl_typesupport_fastrtps_c.h
[2.859s] -- Up-to-date: /home/sdfr-ppd-16/ros2_ws/install/relbot_msgs/include/relbot_msgs/relbot_msgs/msg/detail/relbot_motors__rosidl_typesupport_fastrtps_c.h
[2.861s] -- Up-to-date: /home/sdfr-ppd-16/ros2_ws/install/relbot_msgs/include/relbot_msgs/relbot_msgs/msg/rosidl_typesupport_fastrtps_c__visibility_control.h
[2.862s] -- Up-to-date: /home/sdfr-ppd-16/ros2_ws/install/relbot_msgs/lib/librelbot_msgs__rosidl_typesupport_fastrtps_c.so
[2.863s] -- Up-to-date: /home/sdfr-ppd-16/ros2_ws/install/relbot_msgs/include/relbot_msgs/relbot_msgs
[2.866s] -- Up-to-date: /home/sdfr-ppd-16/ros2_ws/install/relbot_msgs/include/relbot_msgs/relbot_msgs/msg
[2.869s] -- Up-to-date: /home/sdfr-ppd-16/ros2_ws/install/relbot_msgs/include/relbot_msgs/relbot_msgs/msg/rosidl_typesupport_introspection_c__visibility_control.h
[2.870s] -- Up-to-date: /home/sdfr-ppd-16/ros2_ws/install/relbot_msgs/include/relbot_msgs/relbot_msgs/msg/detail
[2.872s] -- Up-to-date: /home/sdfr-ppd-16/ros2_ws/install/relbot_msgs/include/relbot_msgs/relbot_msgs/msg/detail/relbot_motors_stamped__rosidl_typesupport_introspection_c.h
[2.874s] -- Up-to-date: /home/sdfr-ppd-16/ros2_ws/install/relbot_msgs/include/relbot_msgs/relbot_msgs/msg/detail/relbot_motors__rosidl_typesupport_introspection_c.h
[2.876s] -- Up-to-date: /home/sdfr-ppd-16/ros2_ws/install/relbot_msgs/include/relbot_msgs/relbot_msgs/msg/detail/relbot_motors__type_support.c
[2.877s] -- Up-to-date: /home/sdfr-ppd-16/ros2_ws/install/relbot_msgs/include/relbot_msgs/relbot_msgs/msg/detail/relbot_motors_stamped__type_support.c
[2.880s] -- Up-to-date: /home/sdfr-ppd-16/ros2_ws/install/relbot_msgs/lib/librelbot_msgs__rosidl_typesupport_introspection_c.so
[2.882s] -- Up-to-date: /home/sdfr-ppd-16/ros2_ws/install/relbot_msgs/lib/librelbot_msgs__rosidl_typesupport_c.so
[2.885s] -- Up-to-date: /home/sdfr-ppd-16/ros2_ws/install/relbot_msgs/include/relbot_msgs/relbot_msgs
[2.886s] -- Up-to-date: /home/sdfr-ppd-16/ros2_ws/install/relbot_msgs/include/relbot_msgs/relbot_msgs/msg
[2.887s] -- Up-to-date: /home/sdfr-ppd-16/ros2_ws/install/relbot_msgs/include/relbot_msgs/relbot_msgs/msg/relbot_motors_stamped.hpp
[2.890s] -- Up-to-date: /home/sdfr-ppd-16/ros2_ws/install/relbot_msgs/include/relbot_msgs/relbot_msgs/msg/detail
[2.891s] -- Up-to-date: /home/sdfr-ppd-16/ros2_ws/install/relbot_msgs/include/relbot_msgs/relbot_msgs/msg/detail/relbot_motors_stamped__type_support.hpp
[2.895s] -- Up-to-date: /home/sdfr-ppd-16/ros2_ws/install/relbot_msgs/include/relbot_msgs/relbot_msgs/msg/detail/relbot_motors_stamped__struct.hpp
[2.902s] -- Up-to-date: /home/sdfr-ppd-16/ros2_ws/install/relbot_msgs/include/relbot_msgs/relbot_msgs/msg/detail/relbot_motors_stamped__traits.hpp
[2.904s] -- Up-to-date: /home/sdfr-ppd-16/ros2_ws/install/relbot_msgs/include/relbot_msgs/relbot_msgs/msg/detail/relbot_motors__type_support.hpp
[2.905s] -- Up-to-date: /home/sdfr-ppd-16/ros2_ws/install/relbot_msgs/include/relbot_msgs/relbot_msgs/msg/detail/relbot_motors__traits.hpp
[2.908s] -- Up-to-date: /home/sdfr-ppd-16/ros2_ws/install/relbot_msgs/include/relbot_msgs/relbot_msgs/msg/detail/relbot_motors_stamped__builder.hpp
[2.910s] -- Up-to-date: /home/sdfr-ppd-16/ros2_ws/install/relbot_msgs/include/relbot_msgs/relbot_msgs/msg/detail/relbot_motors__builder.hpp
[2.912s] -- Up-to-date: /home/sdfr-ppd-16/ros2_ws/install/relbot_msgs/include/relbot_msgs/relbot_msgs/msg/detail/relbot_motors__struct.hpp
[2.914s] -- Up-to-date: /home/sdfr-ppd-16/ros2_ws/install/relbot_msgs/include/relbot_msgs/relbot_msgs/msg/rosidl_generator_cpp__visibility_control.hpp
[2.915s] -- Up-to-date: /home/sdfr-ppd-16/ros2_ws/install/relbot_msgs/include/relbot_msgs/relbot_msgs/msg/relbot_motors.hpp
[2.919s] -- Up-to-date: /home/sdfr-ppd-16/ros2_ws/install/relbot_msgs/include/relbot_msgs/relbot_msgs
[2.921s] -- Up-to-date: /home/sdfr-ppd-16/ros2_ws/install/relbot_msgs/include/relbot_msgs/relbot_msgs/msg
[2.923s] -- Up-to-date: /home/sdfr-ppd-16/ros2_ws/install/relbot_msgs/include/relbot_msgs/relbot_msgs/msg/detail
[2.924s] -- Up-to-date: /home/sdfr-ppd-16/ros2_ws/install/relbot_msgs/include/relbot_msgs/relbot_msgs/msg/detail/dds_fastrtps
[2.926s] -- Up-to-date: /home/sdfr-ppd-16/ros2_ws/install/relbot_msgs/include/relbot_msgs/relbot_msgs/msg/detail/relbot_motors_stamped__rosidl_typesupport_fastrtps_cpp.hpp
[2.929s] -- Up-to-date: /home/sdfr-ppd-16/ros2_ws/install/relbot_msgs/include/relbot_msgs/relbot_msgs/msg/detail/relbot_motors__rosidl_typesupport_fastrtps_cpp.hpp
[2.931s] -- Up-to-date: /home/sdfr-ppd-16/ros2_ws/install/relbot_msgs/include/relbot_msgs/relbot_msgs/msg/rosidl_typesupport_fastrtps_cpp__visibility_control.h
[2.932s] -- Up-to-date: /home/sdfr-ppd-16/ros2_ws/install/relbot_msgs/lib/librelbot_msgs__rosidl_typesupport_fastrtps_cpp.so
[2.935s] -- Up-to-date: /home/sdfr-ppd-16/ros2_ws/install/relbot_msgs/include/relbot_msgs/relbot_msgs
[2.937s] -- Up-to-date: /home/sdfr-ppd-16/ros2_ws/install/relbot_msgs/include/relbot_msgs/relbot_msgs/msg
[2.940s] -- Up-to-date: /home/sdfr-ppd-16/ros2_ws/install/relbot_msgs/include/relbot_msgs/relbot_msgs/msg/detail
[2.944s] -- Up-to-date: /home/sdfr-ppd-16/ros2_ws/install/relbot_msgs/include/relbot_msgs/relbot_msgs/msg/detail/relbot_motors_stamped__type_support.cpp
[2.948s] -- Up-to-date: /home/sdfr-ppd-16/ros2_ws/install/relbot_msgs/include/relbot_msgs/relbot_msgs/msg/detail/relbot_motors__type_support.cpp
[2.950s] -- Up-to-date: /home/sdfr-ppd-16/ros2_ws/install/relbot_msgs/include/relbot_msgs/relbot_msgs/msg/detail/relbot_motors__rosidl_typesupport_introspection_cpp.hpp
[2.953s] -- Up-to-date: /home/sdfr-ppd-16/ros2_ws/install/relbot_msgs/include/relbot_msgs/relbot_msgs/msg/detail/relbot_motors_stamped__rosidl_typesupport_introspection_cpp.hpp
[2.955s] -- Up-to-date: /home/sdfr-ppd-16/ros2_ws/install/relbot_msgs/lib/librelbot_msgs__rosidl_typesupport_introspection_cpp.so
[2.957s] -- Up-to-date: /home/sdfr-ppd-16/ros2_ws/install/relbot_msgs/lib/librelbot_msgs__rosidl_typesupport_cpp.so
[2.958s] -- Up-to-date: /home/sdfr-ppd-16/ros2_ws/install/relbot_msgs/share/relbot_msgs/environment/pythonpath.sh
[2.960s] -- Up-to-date: /home/sdfr-ppd-16/ros2_ws/install/relbot_msgs/share/relbot_msgs/environment/pythonpath.dsv
[2.964s] -- Up-to-date: /home/sdfr-ppd-16/ros2_ws/install/relbot_msgs/local/lib/python3.10/dist-packages/relbot_msgs-2025.2.0-py3.10.egg-info
[2.967s] -- Installing: /home/sdfr-ppd-16/ros2_ws/install/relbot_msgs/local/lib/python3.10/dist-packages/relbot_msgs-2025.2.0-py3.10.egg-info/dependency_links.txt
[2.970s] -- Installing: /home/sdfr-ppd-16/ros2_ws/install/relbot_msgs/local/lib/python3.10/dist-packages/relbot_msgs-2025.2.0-py3.10.egg-info/PKG-INFO
[2.977s] -- Installing: /home/sdfr-ppd-16/ros2_ws/install/relbot_msgs/local/lib/python3.10/dist-packages/relbot_msgs-2025.2.0-py3.10.egg-info/SOURCES.txt
[2.978s] -- Installing: /home/sdfr-ppd-16/ros2_ws/install/relbot_msgs/local/lib/python3.10/dist-packages/relbot_msgs-2025.2.0-py3.10.egg-info/top_level.txt
[2.980s] -- Up-to-date: /home/sdfr-ppd-16/ros2_ws/install/relbot_msgs/local/lib/python3.10/dist-packages/relbot_msgs
[2.982s] -- Up-to-date: /home/sdfr-ppd-16/ros2_ws/install/relbot_msgs/local/lib/python3.10/dist-packages/relbot_msgs/_relbot_msgs_s.ep.rosidl_typesupport_fastrtps_c.c
[2.984s] -- Up-to-date: /home/sdfr-ppd-16/ros2_ws/install/relbot_msgs/local/lib/python3.10/dist-packages/relbot_msgs/_relbot_msgs_s.ep.rosidl_typesupport_c.c
[2.986s] -- Up-to-date: /home/sdfr-ppd-16/ros2_ws/install/relbot_msgs/local/lib/python3.10/dist-packages/relbot_msgs/relbot_msgs_s__rosidl_typesupport_introspection_c.cpython-310-aarch64-linux-gnu.so
[2.989s] -- Up-to-date: /home/sdfr-ppd-16/ros2_ws/install/relbot_msgs/local/lib/python3.10/dist-packages/relbot_msgs/msg
[2.991s] -- Up-to-date: /home/sdfr-ppd-16/ros2_ws/install/relbot_msgs/local/lib/python3.10/dist-packages/relbot_msgs/msg/_relbot_motors_s.c
[2.994s] -- Up-to-date: /home/sdfr-ppd-16/ros2_ws/install/relbot_msgs/local/lib/python3.10/dist-packages/relbot_msgs/msg/_relbot_motors_stamped_s.c
[2.997s] -- Up-to-date: /home/sdfr-ppd-16/ros2_ws/install/relbot_msgs/local/lib/python3.10/dist-packages/relbot_msgs/msg/__init__.py
[2.999s] -- Up-to-date: /home/sdfr-ppd-16/ros2_ws/install/relbot_msgs/local/lib/python3.10/dist-packages/relbot_msgs/msg/_relbot_motors_stamped.py
[3.001s] -- Up-to-date: /home/sdfr-ppd-16/ros2_ws/install/relbot_msgs/local/lib/python3.10/dist-packages/relbot_msgs/msg/_relbot_motors.py
[3.004s] -- Up-to-date: /home/sdfr-ppd-16/ros2_ws/install/relbot_msgs/local/lib/python3.10/dist-packages/relbot_msgs/librelbot_msgs__rosidl_generator_py.so
[3.006s] -- Up-to-date: /home/sdfr-ppd-16/ros2_ws/install/relbot_msgs/local/lib/python3.10/dist-packages/relbot_msgs/__init__.py
[3.008s] -- Up-to-date: /home/sdfr-ppd-16/ros2_ws/install/relbot_msgs/local/lib/python3.10/dist-packages/relbot_msgs/relbot_msgs_s__rosidl_typesupport_fastrtps_c.cpython-310-aarch64-linux-gnu.so
[3.011s] -- Up-to-date: /home/sdfr-ppd-16/ros2_ws/install/relbot_msgs/local/lib/python3.10/dist-packages/relbot_msgs/relbot_msgs_s__rosidl_typesupport_c.cpython-310-aarch64-linux-gnu.so
[3.014s] -- Up-to-date: /home/sdfr-ppd-16/ros2_ws/install/relbot_msgs/local/lib/python3.10/dist-packages/relbot_msgs/_relbot_msgs_s.ep.rosidl_typesupport_introspection_c.c
[3.144s] Listing '/home/sdfr-ppd-16/ros2_ws/install/relbot_msgs/local/lib/python3.10/dist-packages/relbot_msgs'...
[3.145s] Listing '/home/sdfr-ppd-16/ros2_ws/install/relbot_msgs/local/lib/python3.10/dist-packages/relbot_msgs/msg'...
[3.148s] -- Up-to-date: /home/sdfr-ppd-16/ros2_ws/install/relbot_msgs/local/lib/python3.10/dist-packages/relbot_msgs/relbot_msgs_s__rosidl_typesupport_fastrtps_c.cpython-310-aarch64-linux-gnu.so
[3.150s] -- Up-to-date: /home/sdfr-ppd-16/ros2_ws/install/relbot_msgs/local/lib/python3.10/dist-packages/relbot_msgs/relbot_msgs_s__rosidl_typesupport_introspection_c.cpython-310-aarch64-linux-gnu.so
[3.152s] -- Up-to-date: /home/sdfr-ppd-16/ros2_ws/install/relbot_msgs/local/lib/python3.10/dist-packages/relbot_msgs/relbot_msgs_s__rosidl_typesupport_c.cpython-310-aarch64-linux-gnu.so
[3.153s] -- Up-to-date: /home/sdfr-ppd-16/ros2_ws/install/relbot_msgs/lib/librelbot_msgs__rosidl_generator_py.so
[3.155s] -- Up-to-date: /home/sdfr-ppd-16/ros2_ws/install/relbot_msgs/share/relbot_msgs/msg/RelbotMotors.idl
[3.157s] -- Up-to-date: /home/sdfr-ppd-16/ros2_ws/install/relbot_msgs/share/relbot_msgs/msg/RelbotMotorsStamped.idl
[3.158s] -- Up-to-date: /home/sdfr-ppd-16/ros2_ws/install/relbot_msgs/share/relbot_msgs/msg/RelbotMotors.msg
[3.162s] -- Up-to-date: /home/sdfr-ppd-16/ros2_ws/install/relbot_msgs/share/relbot_msgs/msg/RelbotMotorsStamped.msg
[3.164s] -- Up-to-date: /home/sdfr-ppd-16/ros2_ws/install/relbot_msgs/share/ament_index/resource_index/package_run_dependencies/relbot_msgs
[3.166s] -- Up-to-date: /home/sdfr-ppd-16/ros2_ws/install/relbot_msgs/share/ament_index/resource_index/parent_prefix_path/relbot_msgs
[3.168s] -- Up-to-date: /home/sdfr-ppd-16/ros2_ws/install/relbot_msgs/share/relbot_msgs/environment/ament_prefix_path.sh
[3.170s] -- Up-to-date: /home/sdfr-ppd-16/ros2_ws/install/relbot_msgs/share/relbot_msgs/environment/ament_prefix_path.dsv
[3.171s] -- Up-to-date: /home/sdfr-ppd-16/ros2_ws/install/relbot_msgs/share/relbot_msgs/environment/path.sh
[3.173s] -- Up-to-date: /home/sdfr-ppd-16/ros2_ws/install/relbot_msgs/share/relbot_msgs/environment/path.dsv
[3.175s] -- Up-to-date: /home/sdfr-ppd-16/ros2_ws/install/relbot_msgs/share/relbot_msgs/local_setup.bash
[3.176s] -- Up-to-date: /home/sdfr-ppd-16/ros2_ws/install/relbot_msgs/share/relbot_msgs/local_setup.sh
[3.179s] -- Up-to-date: /home/sdfr-ppd-16/ros2_ws/install/relbot_msgs/share/relbot_msgs/local_setup.zsh
[3.181s] -- Up-to-date: /home/sdfr-ppd-16/ros2_ws/install/relbot_msgs/share/relbot_msgs/local_setup.dsv
[3.182s] -- Installing: /home/sdfr-ppd-16/ros2_ws/install/relbot_msgs/share/relbot_msgs/package.dsv
[3.183s] -- Up-to-date: /home/sdfr-ppd-16/ros2_ws/install/relbot_msgs/share/ament_index/resource_index/packages/relbot_msgs
[3.184s] -- Up-to-date: /home/sdfr-ppd-16/ros2_ws/install/relbot_msgs/share/relbot_msgs/cmake/export_relbot_msgs__rosidl_generator_cExport.cmake
[3.185s] -- Up-to-date: /home/sdfr-ppd-16/ros2_ws/install/relbot_msgs/share/relbot_msgs/cmake/export_relbot_msgs__rosidl_generator_cExport-noconfig.cmake
[3.186s] -- Up-to-date: /home/sdfr-ppd-16/ros2_ws/install/relbot_msgs/share/relbot_msgs/cmake/export_relbot_msgs__rosidl_typesupport_fastrtps_cExport.cmake
[3.187s] -- Up-to-date: /home/sdfr-ppd-16/ros2_ws/install/relbot_msgs/share/relbot_msgs/cmake/export_relbot_msgs__rosidl_typesupport_fastrtps_cExport-noconfig.cmake
[3.189s] -- Up-to-date: /home/sdfr-ppd-16/ros2_ws/install/relbot_msgs/share/relbot_msgs/cmake/relbot_msgs__rosidl_typesupport_introspection_cExport.cmake
[3.191s] -- Up-to-date: /home/sdfr-ppd-16/ros2_ws/install/relbot_msgs/share/relbot_msgs/cmake/relbot_msgs__rosidl_typesupport_introspection_cExport-noconfig.cmake
[3.192s] -- Up-to-date: /home/sdfr-ppd-16/ros2_ws/install/relbot_msgs/share/relbot_msgs/cmake/relbot_msgs__rosidl_typesupport_cExport.cmake
[3.194s] -- Up-to-date: /home/sdfr-ppd-16/ros2_ws/install/relbot_msgs/share/relbot_msgs/cmake/relbot_msgs__rosidl_typesupport_cExport-noconfig.cmake
[3.196s] -- Up-to-date: /home/sdfr-ppd-16/ros2_ws/install/relbot_msgs/share/relbot_msgs/cmake/export_relbot_msgs__rosidl_generator_cppExport.cmake
[3.199s] -- Up-to-date: /home/sdfr-ppd-16/ros2_ws/install/relbot_msgs/share/relbot_msgs/cmake/export_relbot_msgs__rosidl_typesupport_fastrtps_cppExport.cmake
[3.200s] -- Up-to-date: /home/sdfr-ppd-16/ros2_ws/install/relbot_msgs/share/relbot_msgs/cmake/export_relbot_msgs__rosidl_typesupport_fastrtps_cppExport-noconfig.cmake
[3.202s] -- Up-to-date: /home/sdfr-ppd-16/ros2_ws/install/relbot_msgs/share/relbot_msgs/cmake/relbot_msgs__rosidl_typesupport_introspection_cppExport.cmake
[3.204s] -- Up-to-date: /home/sdfr-ppd-16/ros2_ws/install/relbot_msgs/share/relbot_msgs/cmake/relbot_msgs__rosidl_typesupport_introspection_cppExport-noconfig.cmake
[3.206s] -- Up-to-date: /home/sdfr-ppd-16/ros2_ws/install/relbot_msgs/share/relbot_msgs/cmake/relbot_msgs__rosidl_typesupport_cppExport.cmake
[3.210s] -- Up-to-date: /home/sdfr-ppd-16/ros2_ws/install/relbot_msgs/share/relbot_msgs/cmake/relbot_msgs__rosidl_typesupport_cppExport-noconfig.cmake
[3.212s] -- Up-to-date: /home/sdfr-ppd-16/ros2_ws/install/relbot_msgs/share/relbot_msgs/cmake/export_relbot_msgs__rosidl_generator_pyExport.cmake
[3.214s] -- Up-to-date: /home/sdfr-ppd-16/ros2_ws/install/relbot_msgs/share/relbot_msgs/cmake/export_relbot_msgs__rosidl_generator_pyExport-noconfig.cmake
[3.216s] -- Up-to-date: /home/sdfr-ppd-16/ros2_ws/install/relbot_msgs/share/relbot_msgs/cmake/rosidl_cmake-extras.cmake
[3.218s] -- Up-to-date: /home/sdfr-ppd-16/ros2_ws/install/relbot_msgs/share/relbot_msgs/cmake/ament_cmake_export_dependencies-extras.cmake
[3.220s] -- Up-to-date: /home/sdfr-ppd-16/ros2_ws/install/relbot_msgs/share/relbot_msgs/cmake/ament_cmake_export_include_directories-extras.cmake
[3.222s] -- Up-to-date: /home/sdfr-ppd-16/ros2_ws/install/relbot_msgs/share/relbot_msgs/cmake/ament_cmake_export_libraries-extras.cmake
[3.223s] -- Up-to-date: /home/sdfr-ppd-16/ros2_ws/install/relbot_msgs/share/relbot_msgs/cmake/ament_cmake_export_targets-extras.cmake
[3.225s] -- Up-to-date: /home/sdfr-ppd-16/ros2_ws/install/relbot_msgs/share/relbot_msgs/cmake/rosidl_cmake_export_typesupport_targets-extras.cmake
[3.227s] -- Up-to-date: /home/sdfr-ppd-16/ros2_ws/install/relbot_msgs/share/relbot_msgs/cmake/rosidl_cmake_export_typesupport_libraries-extras.cmake
[3.229s] -- Up-to-date: /home/sdfr-ppd-16/ros2_ws/install/relbot_msgs/share/relbot_msgs/cmake/relbot_msgsConfig.cmake
[3.230s] -- Up-to-date: /home/sdfr-ppd-16/ros2_ws/install/relbot_msgs/share/relbot_msgs/cmake/relbot_msgsConfig-version.cmake
[3.231s] -- Up-to-date: /home/sdfr-ppd-16/ros2_ws/install/relbot_msgs/share/relbot_msgs/package.xml
[3.235s] Invoked command in '/home/sdfr-ppd-16/ros2_ws/build/relbot_msgs' returned '0': CMAKE_PREFIX_PATH=${CMAKE_PREFIX_PATH}:/opt/ros/humble /usr/bin/cmake --install /home/sdfr-ppd-16/ros2_ws/build/relbot_msgs
