[0.045s] Invoking command in '/home/sdfr-ppd-16/ros2_ws/build/relbot_sequence_controller': CMAKE_PREFIX_PATH=/home/sdfr-ppd-16/ros2_ws/install/image_functions_sdfr:/home/sdfr-ppd-16/ros2_ws/install/ros_xeno_bridge:/home/sdfr-ppd-16/ros2_ws/install/xrf2_msgs:/home/sdfr-ppd-16/ros2_ws/install/relbot_simulator:/home/sdfr-ppd-16/ros2_ws/install/relbot_sequence_controller:/home/sdfr-ppd-16/ros2_ws/install/relbot_msgs:/home/sdfr-ppd-16/ros2_ws/install/relbot_launch:/home/sdfr-ppd-16/ros2_ws/install/relbot_adapter:/home/sdfr-ppd-16/ros2_ws/install/relbot2turtlesim:/opt/ros/humble LD_LIBRARY_PATH=/home/sdfr-ppd-16/ros2_ws/install/image_functions_sdfr/lib:/home/sdfr-ppd-16/ros2_ws/install/xrf2_msgs/lib:/home/sdfr-ppd-16/ros2_ws/install/relbot_msgs/lib:/opt/ros/humble/opt/rviz_ogre_vendor/lib:/opt/ros/humble/lib/aarch64-linux-gnu:/opt/ros/humble/lib /usr/bin/cmake /home/sdfr-ppd-16/ros2_ws/src/relbot_sequence_controller/relbot_sequence_controller -DCMAKE_INSTALL_PREFIX=/home/sdfr-ppd-16/ros2_ws/install/relbot_sequence_controller
[0.298s] -- The C compiler identification is GNU 11.4.0
[0.544s] -- The CXX compiler identification is GNU 11.4.0
[0.567s] -- Detecting C compiler ABI info
[0.895s] -- Detecting C compiler ABI info - done
[0.923s] -- Check for working C compiler: /usr/bin/cc - skipped
[0.925s] -- Detecting C compile features
[0.927s] -- Detecting C compile features - done
[0.937s] -- Detecting CXX compiler ABI info
[1.266s] -- Detecting CXX compiler ABI info - done
[1.296s] -- Check for working CXX compiler: /usr/bin/c++ - skipped
[1.297s] -- Detecting CXX compile features
[1.298s] -- Detecting CXX compile features - done
[1.310s] -- Found ament_cmake: 1.3.11 (/opt/ros/humble/share/ament_cmake/cmake)
[2.094s] -- Found Python3: /usr/bin/python3 (found version "3.10.12") found components: Interpreter 
[2.576s] -- Found rclcpp: 16.0.11 (/opt/ros/humble/share/rclcpp/cmake)
[2.772s] -- Found rosidl_generator_c: 3.1.6 (/opt/ros/humble/share/rosidl_generator_c/cmake)
[2.803s] -- Found rosidl_adapter: 3.1.6 (/opt/ros/humble/share/rosidl_adapter/cmake)
[2.843s] -- Found rosidl_generator_cpp: 3.1.6 (/opt/ros/humble/share/rosidl_generator_cpp/cmake)
[2.900s] -- Using all available rosidl_typesupport_c: rosidl_typesupport_fastrtps_c;rosidl_typesupport_introspection_c
[2.974s] -- Using all available rosidl_typesupport_cpp: rosidl_typesupport_fastrtps_cpp;rosidl_typesupport_introspection_cpp
[3.168s] -- Found rmw_implementation_cmake: 6.1.2 (/opt/ros/humble/share/rmw_implementation_cmake/cmake)
[3.182s] -- Found rmw_fastrtps_cpp: 6.2.7 (/opt/ros/humble/share/rmw_fastrtps_cpp/cmake)
[3.497s] -- Found OpenSSL: /usr/lib/aarch64-linux-gnu/libcrypto.so (found version "3.0.2")  
[3.571s] -- Found FastRTPS: /opt/ros/humble/include  
[3.706s] -- Using RMW implementation 'rmw_fastrtps_cpp' as default
[3.744s] -- Looking for pthread.h
[4.037s] -- Looking for pthread.h - found
[4.040s] -- Performing Test CMAKE_HAVE_LIBC_PTHREAD
[4.336s] -- Performing Test CMAKE_HAVE_LIBC_PTHREAD - Success
[4.339s] -- Found Threads: TRUE  
[4.570s] -- Found example_interfaces: 0.9.3 (/opt/ros/humble/share/example_interfaces/cmake)
[4.752s] -- Found relbot_msgs: 2025.2.0 (/home/sdfr-ppd-16/ros2_ws/install/relbot_msgs/share/relbot_msgs/cmake)
[4.804s] -- Found image_functions_sdfr: 2.1.0 (/home/sdfr-ppd-16/ros2_ws/install/image_functions_sdfr/share/image_functions_sdfr/cmake)
[4.999s] -- Found ament_lint_auto: 0.12.11 (/opt/ros/humble/share/ament_lint_auto/cmake)
[5.452s] -- Added test 'cppcheck' to perform static code analysis on C / C++ code
[5.454s] -- Configured cppcheck include dirs: /home/sdfr-ppd-16/ros2_ws/src/relbot_sequence_controller/relbot_sequence_controller/include
[5.456s] -- Configured cppcheck exclude dirs and/or files: 
[5.466s] -- Added test 'lint_cmake' to check CMake code style
[5.467s] -- Added test 'uncrustify' to check C / C++ code style
[5.468s] -- Configured uncrustify additional arguments: 
[5.470s] -- Added test 'xmllint' to check XML markup files
[5.475s] -- Configuring done
[5.591s] -- Generating done
[5.648s] -- Build files have been written to: /home/sdfr-ppd-16/ros2_ws/build/relbot_sequence_controller
[5.703s] Invoked command in '/home/sdfr-ppd-16/ros2_ws/build/relbot_sequence_controller' returned '0': CMAKE_PREFIX_PATH=/home/sdfr-ppd-16/ros2_ws/install/image_functions_sdfr:/home/sdfr-ppd-16/ros2_ws/install/ros_xeno_bridge:/home/sdfr-ppd-16/ros2_ws/install/xrf2_msgs:/home/sdfr-ppd-16/ros2_ws/install/relbot_simulator:/home/sdfr-ppd-16/ros2_ws/install/relbot_sequence_controller:/home/sdfr-ppd-16/ros2_ws/install/relbot_msgs:/home/sdfr-ppd-16/ros2_ws/install/relbot_launch:/home/sdfr-ppd-16/ros2_ws/install/relbot_adapter:/home/sdfr-ppd-16/ros2_ws/install/relbot2turtlesim:/opt/ros/humble LD_LIBRARY_PATH=/home/sdfr-ppd-16/ros2_ws/install/image_functions_sdfr/lib:/home/sdfr-ppd-16/ros2_ws/install/xrf2_msgs/lib:/home/sdfr-ppd-16/ros2_ws/install/relbot_msgs/lib:/opt/ros/humble/opt/rviz_ogre_vendor/lib:/opt/ros/humble/lib/aarch64-linux-gnu:/opt/ros/humble/lib /usr/bin/cmake /home/sdfr-ppd-16/ros2_ws/src/relbot_sequence_controller/relbot_sequence_controller -DCMAKE_INSTALL_PREFIX=/home/sdfr-ppd-16/ros2_ws/install/relbot_sequence_controller
[5.705s] Invoking command in '/home/sdfr-ppd-16/ros2_ws/build/relbot_sequence_controller': CMAKE_PREFIX_PATH=/home/sdfr-ppd-16/ros2_ws/install/image_functions_sdfr:/home/sdfr-ppd-16/ros2_ws/install/ros_xeno_bridge:/home/sdfr-ppd-16/ros2_ws/install/xrf2_msgs:/home/sdfr-ppd-16/ros2_ws/install/relbot_simulator:/home/sdfr-ppd-16/ros2_ws/install/relbot_sequence_controller:/home/sdfr-ppd-16/ros2_ws/install/relbot_msgs:/home/sdfr-ppd-16/ros2_ws/install/relbot_launch:/home/sdfr-ppd-16/ros2_ws/install/relbot_adapter:/home/sdfr-ppd-16/ros2_ws/install/relbot2turtlesim:/opt/ros/humble LD_LIBRARY_PATH=/home/sdfr-ppd-16/ros2_ws/install/image_functions_sdfr/lib:/home/sdfr-ppd-16/ros2_ws/install/xrf2_msgs/lib:/home/sdfr-ppd-16/ros2_ws/install/relbot_msgs/lib:/opt/ros/humble/opt/rviz_ogre_vendor/lib:/opt/ros/humble/lib/aarch64-linux-gnu:/opt/ros/humble/lib /usr/bin/cmake --build /home/sdfr-ppd-16/ros2_ws/build/relbot_sequence_controller -- -j3 -l3
[5.839s] [35m[1mConsolidate compiler generated dependencies of target relbot_sequence_controller[0m
[5.877s] [35m[1mConsolidate compiler generated dependencies of target colour_detector[0m
[6.220s] [ 50%] Built target relbot_sequence_controller
[6.299s] [100%] Built target colour_detector
[6.343s] Invoked command in '/home/sdfr-ppd-16/ros2_ws/build/relbot_sequence_controller' returned '0': CMAKE_PREFIX_PATH=/home/sdfr-ppd-16/ros2_ws/install/image_functions_sdfr:/home/sdfr-ppd-16/ros2_ws/install/ros_xeno_bridge:/home/sdfr-ppd-16/ros2_ws/install/xrf2_msgs:/home/sdfr-ppd-16/ros2_ws/install/relbot_simulator:/home/sdfr-ppd-16/ros2_ws/install/relbot_sequence_controller:/home/sdfr-ppd-16/ros2_ws/install/relbot_msgs:/home/sdfr-ppd-16/ros2_ws/install/relbot_launch:/home/sdfr-ppd-16/ros2_ws/install/relbot_adapter:/home/sdfr-ppd-16/ros2_ws/install/relbot2turtlesim:/opt/ros/humble LD_LIBRARY_PATH=/home/sdfr-ppd-16/ros2_ws/install/image_functions_sdfr/lib:/home/sdfr-ppd-16/ros2_ws/install/xrf2_msgs/lib:/home/sdfr-ppd-16/ros2_ws/install/relbot_msgs/lib:/opt/ros/humble/opt/rviz_ogre_vendor/lib:/opt/ros/humble/lib/aarch64-linux-gnu:/opt/ros/humble/lib /usr/bin/cmake --build /home/sdfr-ppd-16/ros2_ws/build/relbot_sequence_controller -- -j3 -l3
[6.348s] Invoking command in '/home/sdfr-ppd-16/ros2_ws/build/relbot_sequence_controller': CMAKE_PREFIX_PATH=/home/sdfr-ppd-16/ros2_ws/install/image_functions_sdfr:/home/sdfr-ppd-16/ros2_ws/install/ros_xeno_bridge:/home/sdfr-ppd-16/ros2_ws/install/xrf2_msgs:/home/sdfr-ppd-16/ros2_ws/install/relbot_simulator:/home/sdfr-ppd-16/ros2_ws/install/relbot_sequence_controller:/home/sdfr-ppd-16/ros2_ws/install/relbot_msgs:/home/sdfr-ppd-16/ros2_ws/install/relbot_launch:/home/sdfr-ppd-16/ros2_ws/install/relbot_adapter:/home/sdfr-ppd-16/ros2_ws/install/relbot2turtlesim:/opt/ros/humble LD_LIBRARY_PATH=/home/sdfr-ppd-16/ros2_ws/install/image_functions_sdfr/lib:/home/sdfr-ppd-16/ros2_ws/install/xrf2_msgs/lib:/home/sdfr-ppd-16/ros2_ws/install/relbot_msgs/lib:/opt/ros/humble/opt/rviz_ogre_vendor/lib:/opt/ros/humble/lib/aarch64-linux-gnu:/opt/ros/humble/lib /usr/bin/cmake --install /home/sdfr-ppd-16/ros2_ws/build/relbot_sequence_controller
[6.385s] -- Install configuration: ""
[6.388s] -- Up-to-date: /home/sdfr-ppd-16/ros2_ws/install/relbot_sequence_controller/lib/relbot_sequence_controller/relbot_sequence_controller
[6.391s] -- Up-to-date: /home/sdfr-ppd-16/ros2_ws/install/relbot_sequence_controller/lib/relbot_sequence_controller/colour_detector
[6.394s] -- Up-to-date: /home/sdfr-ppd-16/ros2_ws/install/relbot_sequence_controller/share/ament_index/resource_index/package_run_dependencies/relbot_sequence_controller
[6.396s] -- Up-to-date: /home/sdfr-ppd-16/ros2_ws/install/relbot_sequence_controller/share/ament_index/resource_index/parent_prefix_path/relbot_sequence_controller
[6.397s] -- Up-to-date: /home/sdfr-ppd-16/ros2_ws/install/relbot_sequence_controller/share/relbot_sequence_controller/environment/ament_prefix_path.sh
[6.399s] -- Installing: /home/sdfr-ppd-16/ros2_ws/install/relbot_sequence_controller/share/relbot_sequence_controller/environment/ament_prefix_path.dsv
[6.402s] -- Up-to-date: /home/sdfr-ppd-16/ros2_ws/install/relbot_sequence_controller/share/relbot_sequence_controller/environment/path.sh
[6.404s] -- Installing: /home/sdfr-ppd-16/ros2_ws/install/relbot_sequence_controller/share/relbot_sequence_controller/environment/path.dsv
[6.406s] -- Up-to-date: /home/sdfr-ppd-16/ros2_ws/install/relbot_sequence_controller/share/relbot_sequence_controller/local_setup.bash
[6.407s] -- Up-to-date: /home/sdfr-ppd-16/ros2_ws/install/relbot_sequence_controller/share/relbot_sequence_controller/local_setup.sh
[6.408s] -- Up-to-date: /home/sdfr-ppd-16/ros2_ws/install/relbot_sequence_controller/share/relbot_sequence_controller/local_setup.zsh
[6.410s] -- Installing: /home/sdfr-ppd-16/ros2_ws/install/relbot_sequence_controller/share/relbot_sequence_controller/local_setup.dsv
[6.411s] -- Installing: /home/sdfr-ppd-16/ros2_ws/install/relbot_sequence_controller/share/relbot_sequence_controller/package.dsv
[6.418s] -- Up-to-date: /home/sdfr-ppd-16/ros2_ws/install/relbot_sequence_controller/share/ament_index/resource_index/packages/relbot_sequence_controller
[6.424s] -- Up-to-date: /home/sdfr-ppd-16/ros2_ws/install/relbot_sequence_controller/share/relbot_sequence_controller/cmake/relbot_sequence_controllerConfig.cmake
[6.425s] -- Up-to-date: /home/sdfr-ppd-16/ros2_ws/install/relbot_sequence_controller/share/relbot_sequence_controller/cmake/relbot_sequence_controllerConfig-version.cmake
[6.426s] -- Up-to-date: /home/sdfr-ppd-16/ros2_ws/install/relbot_sequence_controller/share/relbot_sequence_controller/package.xml
[6.441s] Invoked command in '/home/sdfr-ppd-16/ros2_ws/build/relbot_sequence_controller' returned '0': CMAKE_PREFIX_PATH=/home/sdfr-ppd-16/ros2_ws/install/image_functions_sdfr:/home/sdfr-ppd-16/ros2_ws/install/ros_xeno_bridge:/home/sdfr-ppd-16/ros2_ws/install/xrf2_msgs:/home/sdfr-ppd-16/ros2_ws/install/relbot_simulator:/home/sdfr-ppd-16/ros2_ws/install/relbot_sequence_controller:/home/sdfr-ppd-16/ros2_ws/install/relbot_msgs:/home/sdfr-ppd-16/ros2_ws/install/relbot_launch:/home/sdfr-ppd-16/ros2_ws/install/relbot_adapter:/home/sdfr-ppd-16/ros2_ws/install/relbot2turtlesim:/opt/ros/humble LD_LIBRARY_PATH=/home/sdfr-ppd-16/ros2_ws/install/image_functions_sdfr/lib:/home/sdfr-ppd-16/ros2_ws/install/xrf2_msgs/lib:/home/sdfr-ppd-16/ros2_ws/install/relbot_msgs/lib:/opt/ros/humble/opt/rviz_ogre_vendor/lib:/opt/ros/humble/lib/aarch64-linux-gnu:/opt/ros/humble/lib /usr/bin/cmake --install /home/sdfr-ppd-16/ros2_ws/build/relbot_sequence_controller
