[0.019s] Invoking command in '/home/raghav742/SDfR/Assignments/assignment6/ros2_ws/build/relbot_sequence_controller': AMENT_PREFIX_PATH=/home/raghav742/SDfR/Assignments/assignment6/ros2_ws/install/image_functions_sdfr:${AMENT_PREFIX_PATH} CMAKE_PREFIX_PATH=/home/raghav742/SDfR/Assignments/assignment6/ros2_ws/install/image_functions_sdfr:/home/raghav742/SDfR/Assignments/assignment6/ros2_ws/install/relbot_msgs:/opt/ros/humble LD_LIBRARY_PATH=/home/raghav742/SDfR/Assignments/assignment6/ros2_ws/install/image_functions_sdfr/lib:${LD_LIBRARY_PATH} /usr/bin/cmake --build /home/raghav742/SDfR/Assignments/assignment6/ros2_ws/build/relbot_sequence_controller -- -j8 -l8
[0.057s] [35m[1mConsolidate compiler generated dependencies of target relbot_sequence_controller[0m
[0.058s] [35m[1mConsolidate compiler generated dependencies of target colour_detector[0m
[0.073s] [ 25%] [32mBuilding CXX object CMakeFiles/relbot_sequence_controller.dir/src/relbot_sequence_controller.cpp.o[0m
[0.074s] [ 75%] Built target colour_detector
[1.742s] [01m[K/home/raghav742/SDfR/Assignments/assignment6/ros2_ws/src/relbot_sequence_controller/relbot_sequence_controller/src/relbot_sequence_controller.cpp:[m[K In constructor ‘[01m[KSteerRelbot::SteerRelbot()[m[K’:
[1.742s] [01m[K/home/raghav742/SDfR/Assignments/assignment6/ros2_ws/src/relbot_sequence_controller/relbot_sequence_controller/src/relbot_sequence_controller.cpp:17:81:[m[K [01;31m[Kerror: [m[Kno matching function for call to ‘[01m[KSteerRelbot::create_subscription<example_interfaces::msg::Float64>(const char [19], int)[m[K’
[1.742s]    17 |     x_subscription = [01;31m[Kthis->create_subscription<example_interfaces::msg::Float64>("/colour_detector/x", 10)[m[K;
[1.743s]       |                      [01;31m[K~~~~~~~~~~~~~~~~~~~~~~~~~~~~~~~~~~~~~~~~~~~~~~~~~~~~~~~~~~~^~~~~~~~~~~~~~~~~~~~~~~~~~[m[K
[1.743s] In file included from [01m[K/opt/ros/humble/include/rclcpp/rclcpp/executors/single_threaded_executor.hpp:28[m[K,
[1.743s]                  from [01m[K/opt/ros/humble/include/rclcpp/rclcpp/executors.hpp:22[m[K,
[1.743s]                  from [01m[K/opt/ros/humble/include/rclcpp/rclcpp/rclcpp.hpp:155[m[K,
[1.743s]                  from [01m[K/home/raghav742/SDfR/Assignments/assignment6/ros2_ws/src/relbot_sequence_controller/relbot_sequence_controller/include/steering.hpp:7[m[K,
[1.743s]                  from [01m[K/home/raghav742/SDfR/Assignments/assignment6/ros2_ws/src/relbot_sequence_controller/relbot_sequence_controller/src/relbot_sequence_controller.cpp:1[m[K:
[1.743s] [01m[K/opt/ros/humble/include/rclcpp/rclcpp/node.hpp:219:3:[m[K [01;36m[Knote: [m[Kcandidate: ‘[01m[Ktemplate<class MessageT, class CallbackT, class AllocatorT, class SubscriptionT, class MessageMemoryStrategyT> std::shared_ptr<ROSMessageT> rclcpp::Node::create_subscription(const string&, const rclcpp::QoS&, CallbackT&&, const rclcpp::SubscriptionOptionsWithAllocator<AllocatorT>&, typename MessageMemoryStrategyT::SharedPtr)[m[K’
[1.743s]   219 |   [01;36m[Kcreate_subscription[m[K(
[1.743s]       |   [01;36m[K^~~~~~~~~~~~~~~~~~~[m[K
[1.743s] [01m[K/opt/ros/humble/include/rclcpp/rclcpp/node.hpp:219:3:[m[K [01;36m[Knote: [m[K  template argument deduction/substitution failed:
[1.743s] [01m[K/home/raghav742/SDfR/Assignments/assignment6/ros2_ws/src/relbot_sequence_controller/relbot_sequence_controller/src/relbot_sequence_controller.cpp:17:81:[m[K [01;36m[Knote: [m[K  candidate expects 5 arguments, 2 provided
[1.743s]    17 |     x_subscription = [01;36m[Kthis->create_subscription<example_interfaces::msg::Float64>("/colour_detector/x", 10)[m[K;
[1.743s]       |                      [01;36m[K~~~~~~~~~~~~~~~~~~~~~~~~~~~~~~~~~~~~~~~~~~~~~~~~~~~~~~~~~~~^~~~~~~~~~~~~~~~~~~~~~~~~~[m[K
[1.743s] [01m[K/home/raghav742/SDfR/Assignments/assignment6/ros2_ws/src/relbot_sequence_controller/relbot_sequence_controller/src/relbot_sequence_controller.cpp:18:81:[m[K [01;31m[Kerror: [m[Kno matching function for call to ‘[01m[KSteerRelbot::create_subscription<example_interfaces::msg::Float64>(const char [19], int)[m[K’
[1.743s]    18 |     y_subscription = [01;31m[Kthis->create_subscription<example_interfaces::msg::Float64>("/colour_detector/y", 10)[m[K;
[1.743s]       |                      [01;31m[K~~~~~~~~~~~~~~~~~~~~~~~~~~~~~~~~~~~~~~~~~~~~~~~~~~~~~~~~~~~^~~~~~~~~~~~~~~~~~~~~~~~~~[m[K
[1.743s] In file included from [01m[K/opt/ros/humble/include/rclcpp/rclcpp/executors/single_threaded_executor.hpp:28[m[K,
[1.743s]                  from [01m[K/opt/ros/humble/include/rclcpp/rclcpp/executors.hpp:22[m[K,
[1.743s]                  from [01m[K/opt/ros/humble/include/rclcpp/rclcpp/rclcpp.hpp:155[m[K,
[1.743s]                  from [01m[K/home/raghav742/SDfR/Assignments/assignment6/ros2_ws/src/relbot_sequence_controller/relbot_sequence_controller/include/steering.hpp:7[m[K,
[1.743s]                  from [01m[K/home/raghav742/SDfR/Assignments/assignment6/ros2_ws/src/relbot_sequence_controller/relbot_sequence_controller/src/relbot_sequence_controller.cpp:1[m[K:
[1.743s] [01m[K/opt/ros/humble/include/rclcpp/rclcpp/node.hpp:219:3:[m[K [01;36m[Knote: [m[Kcandidate: ‘[01m[Ktemplate<class MessageT, class CallbackT, class AllocatorT, class SubscriptionT, class MessageMemoryStrategyT> std::shared_ptr<ROSMessageT> rclcpp::Node::create_subscription(const string&, const rclcpp::QoS&, CallbackT&&, const rclcpp::SubscriptionOptionsWithAllocator<AllocatorT>&, typename MessageMemoryStrategyT::SharedPtr)[m[K’
[1.743s]   219 |   [01;36m[Kcreate_subscription[m[K(
[1.743s]       |   [01;36m[K^~~~~~~~~~~~~~~~~~~[m[K
[1.743s] [01m[K/opt/ros/humble/include/rclcpp/rclcpp/node.hpp:219:3:[m[K [01;36m[Knote: [m[K  template argument deduction/substitution failed:
[1.744s] [01m[K/home/raghav742/SDfR/Assignments/assignment6/ros2_ws/src/relbot_sequence_controller/relbot_sequence_controller/src/relbot_sequence_controller.cpp:18:81:[m[K [01;36m[Knote: [m[K  candidate expects 5 arguments, 2 provided
[1.744s]    18 |     y_subscription = [01;36m[Kthis->create_subscription<example_interfaces::msg::Float64>("/colour_detector/y", 10)[m[K;
[1.744s]       |                      [01;36m[K~~~~~~~~~~~~~~~~~~~~~~~~~~~~~~~~~~~~~~~~~~~~~~~~~~~~~~~~~~~^~~~~~~~~~~~~~~~~~~~~~~~~~[m[K
[2.277s] gmake[2]: *** [CMakeFiles/relbot_sequence_controller.dir/build.make:76: CMakeFiles/relbot_sequence_controller.dir/src/relbot_sequence_controller.cpp.o] Error 1
[2.277s] gmake[1]: *** [CMakeFiles/Makefile2:139: CMakeFiles/relbot_sequence_controller.dir/all] Error 2
[2.277s] gmake: *** [Makefile:146: all] Error 2
[2.279s] Invoked command in '/home/raghav742/SDfR/Assignments/assignment6/ros2_ws/build/relbot_sequence_controller' returned '2': AMENT_PREFIX_PATH=/home/raghav742/SDfR/Assignments/assignment6/ros2_ws/install/image_functions_sdfr:${AMENT_PREFIX_PATH} CMAKE_PREFIX_PATH=/home/raghav742/SDfR/Assignments/assignment6/ros2_ws/install/image_functions_sdfr:/home/raghav742/SDfR/Assignments/assignment6/ros2_ws/install/relbot_msgs:/opt/ros/humble LD_LIBRARY_PATH=/home/raghav742/SDfR/Assignments/assignment6/ros2_ws/install/image_functions_sdfr/lib:${LD_LIBRARY_PATH} /usr/bin/cmake --build /home/raghav742/SDfR/Assignments/assignment6/ros2_ws/build/relbot_sequence_controller -- -j8 -l8
