[0mTIME_STEP_SIZE_VALUE = 0.01[0m
-- Found xrf2_msgs: 0.0.0 (/home/sdfr-ppd-16/ros2_ws/install/xrf2_msgs/share/xrf2_msgs/cmake)
-- Found rosidl_generator_c: 3.1.6 (/opt/ros/humble/share/rosidl_generator_c/cmake)
-- Found rosidl_adapter: 3.1.6 (/opt/ros/humble/share/rosidl_adapter/cmake)
-- Found rosidl_generator_cpp: 3.1.6 (/opt/ros/humble/share/rosidl_generator_cpp/cmake)
-- Using all available rosidl_typesupport_c: rosidl_typesupport_fastrtps_c;rosidl_typesupport_introspection_c
-- Using all available rosidl_typesupport_cpp: rosidl_typesupport_fastrtps_cpp;rosidl_typesupport_introspection_cpp
-- Found rclcpp: 16.0.11 (/opt/ros/humble/share/rclcpp/cmake)
-- Found rmw_implementation_cmake: 6.1.2 (/opt/ros/humble/share/rmw_implementation_cmake/cmake)
-- Found rmw_fastrtps_cpp: 6.2.7 (/opt/ros/humble/share/rmw_fastrtps_cpp/cmake)
-- Using RMW implementation 'rmw_fastrtps_cpp' as default
-- Configuring done
-- Generating done
-- Build files have been written to: /home/sdfr-ppd-16/ros2_ws/build/sdfr_ppd
[35m[1mConsolidate compiler generated dependencies of target sdfr_ppd[0m
[  4%] [32mBuilding CXX object CMakeFiles/sdfr_ppd.dir/main.cpp.o[0m
[  9%] [32mBuilding CXX object CMakeFiles/sdfr_ppd.dir/home/sdfr-ppd-16/ros2_ws/src/XRF2/XenoRosFramework/Xenomai/src/IcoIo.cpp.o[0m
[ 13%] [32mBuilding CXX object CMakeFiles/sdfr_ppd.dir/home/sdfr-ppd-16/ros2_ws/src/XRF2/XenoRosFramework/Xenomai/src/XenoFileHandler.cpp.o[0m
[ 18%] [32mBuilding CXX object CMakeFiles/sdfr_ppd.dir/home/sdfr-ppd-16/ros2_ws/src/XRF2/XenoRosFramework/Xenomai/src/XenoFrtLogger.cpp.o[0m
[ 22%] [32mBuilding CXX object CMakeFiles/sdfr_ppd.dir/home/sdfr-ppd-16/ros2_ws/src/XRF2/XenoRosFramework/Xenomai/src/XenoFrtLoop.cpp.o[0m
[ 27%] [32mBuilding CXX object CMakeFiles/sdfr_ppd.dir/home/sdfr-ppd-16/ros2_ws/src/XRF2/XenoRosFramework/Xenomai/src/XenoFrtMonitor.cpp.o[0m
[ 31%] [32mBuilding CXX object CMakeFiles/sdfr_ppd.dir/home/sdfr-ppd-16/ros2_ws/src/XRF2/XenoRosFramework/Xenomai/src/XenoFrtRosIco.cpp.o[0m
[ 36%] [32mBuilding CXX object CMakeFiles/sdfr_ppd.dir/home/sdfr-ppd-16/ros2_ws/src/XRF2/XenoRosFramework/Xenomai/src/XenoRosCommunication.cpp.o[0m
[ 40%] [32mBuilding CXX object CMakeFiles/sdfr_ppd.dir/home/sdfr-ppd-16/ros2_ws/src/XRF2/XenoRosFramework/Xenomai/src/XenoRosCommandBridge.cpp.o[0m
[ 45%] [32mBuilding CXX object CMakeFiles/sdfr_ppd.dir/home/sdfr-ppd-16/ros2_ws/src/XRF2/XenoRosFramework/Xenomai/src/XenoRosDataBridge.cpp.o[0m
[ 50%] [32mBuilding CXX object CMakeFiles/sdfr_ppd.dir/home/sdfr-ppd-16/ros2_ws/src/XRF2/XenoRosFramework/Xenomai/src/XenoSpiControllerHandler.cpp.o[0m
[ 54%] [32mBuilding CXX object CMakeFiles/sdfr_ppd.dir/home/sdfr-ppd-16/ros2_ws/src/XRF2/XenoRosFramework/Xenomai/src/XenoFrt20Sim.cpp.o[0m
[ 59%] [32mBuilding CXX object CMakeFiles/sdfr_ppd.dir/src/sdfr_ppd.cpp.o[0m
[ 63%] [32mBuilding CXX object CMakeFiles/sdfr_ppd.dir/controller/LoopController.cpp.o[0m
[ 68%] [32mBuilding CXX object CMakeFiles/sdfr_ppd.dir/controller/common/EulerAngles.cpp.o[0m
[ 72%] [32mBuilding CXX object CMakeFiles/sdfr_ppd.dir/controller/common/MotionProfiles.cpp.o[0m
[ 77%] [32mBuilding CXX object CMakeFiles/sdfr_ppd.dir/controller/common/xxfuncs.cpp.o[0m
[ 81%] [32mBuilding CXX object CMakeFiles/sdfr_ppd.dir/controller/common/xxinteg.cpp.o[0m
[ 86%] [32mBuilding CXX object CMakeFiles/sdfr_ppd.dir/controller/common/xxinverse.cpp.o[0m
[ 90%] [32mBuilding CXX object CMakeFiles/sdfr_ppd.dir/controller/common/xxmatrix.cpp.o[0m
[ 95%] [32mBuilding CXX object CMakeFiles/sdfr_ppd.dir/home/sdfr-ppd-16/ros2_ws/src/XRF2/XenoRosFramework/Xenomai/src/FullStateMachine.cpp.o[0m
[100%] [32m[1mLinking CXX executable sdfr_ppd[0m
[100%] Built target sdfr_ppd
