[0.068s] DEBUG:colcon:Command line arguments: ['/usr/bin/colcon', 'build']
[0.068s] DEBUG:colcon:Parsed command line arguments: Namespace(log_base=None, log_level=None, verb_name='build', build_base='build', install_base='install', merge_install=False, symlink_install=False, test_result_base=None, continue_on_error=False, executor='parallel', parallel_workers=8, event_handlers=None, ignore_user_meta=False, metas=['./colcon.meta'], base_paths=['.'], packages_ignore=None, packages_ignore_regex=None, paths=None, packages_up_to=None, packages_up_to_regex=None, packages_above=None, packages_above_and_dependencies=None, packages_above_depth=None, packages_select_by_dep=None, packages_skip_by_dep=None, packages_skip_up_to=None, packages_select_build_failed=False, packages_skip_build_finished=False, packages_select_test_failures=False, packages_skip_test_passed=False, packages_select=None, packages_skip=None, packages_select_regex=None, packages_skip_regex=None, packages_start=None, packages_end=None, allow_overriding=[], cmake_args=None, cmake_target=None, cmake_target_skip_unavailable=False, cmake_clean_cache=False, cmake_clean_first=False, cmake_force_configure=False, ament_cmake_args=None, catkin_cmake_args=None, catkin_skip_building_tests=False, verb_parser=<colcon_defaults.argument_parser.defaults.DefaultArgumentsDecorator object at 0x7fb6eae74130>, verb_extension=<colcon_core.verb.build.BuildVerb object at 0x7fb6eae3f7f0>, main=<bound method BuildVerb.main of <colcon_core.verb.build.BuildVerb object at 0x7fb6eae3f7f0>>)
[0.180s] Level 1:colcon.colcon_core.package_discovery:discover_packages(colcon_meta) check parameters
[0.181s] Level 1:colcon.colcon_core.package_discovery:discover_packages(recursive) check parameters
[0.181s] Level 1:colcon.colcon_core.package_discovery:discover_packages(ignore) check parameters
[0.181s] Level 1:colcon.colcon_core.package_discovery:discover_packages(path) check parameters
[0.181s] Level 1:colcon.colcon_core.package_discovery:discover_packages(colcon_meta) discover
[0.181s] Level 1:colcon.colcon_core.package_discovery:discover_packages(recursive) discover
[0.181s] INFO:colcon.colcon_core.package_discovery:Crawling recursively for packages in '/home/raghav742/SDfR/Assignments/assignment5/ros2_ws/src'
[0.181s] Level 1:colcon.colcon_core.package_identification:_identify(.) by extensions ['ignore', 'ignore_ament_install']
[0.181s] Level 1:colcon.colcon_core.package_identification:_identify(.) by extension 'ignore'
[0.181s] Level 1:colcon.colcon_core.package_identification:_identify(.) by extension 'ignore_ament_install'
[0.181s] Level 1:colcon.colcon_core.package_identification:_identify(.) by extensions ['colcon_pkg']
[0.181s] Level 1:colcon.colcon_core.package_identification:_identify(.) by extension 'colcon_pkg'
[0.181s] Level 1:colcon.colcon_core.package_identification:_identify(.) by extensions ['colcon_meta']
[0.181s] Level 1:colcon.colcon_core.package_identification:_identify(.) by extension 'colcon_meta'
[0.181s] Level 1:colcon.colcon_core.package_identification:_identify(.) by extensions ['ros']
[0.181s] Level 1:colcon.colcon_core.package_identification:_identify(.) by extension 'ros'
[0.189s] Level 1:colcon.colcon_core.package_identification:_identify(.) by extensions ['cmake', 'python']
[0.189s] Level 1:colcon.colcon_core.package_identification:_identify(.) by extension 'cmake'
[0.189s] Level 1:colcon.colcon_core.package_identification:_identify(.) by extension 'python'
[0.189s] Level 1:colcon.colcon_core.package_identification:_identify(.) by extensions ['python_setup_py']
[0.189s] Level 1:colcon.colcon_core.package_identification:_identify(.) by extension 'python_setup_py'
[0.189s] Level 1:colcon.colcon_core.package_identification:_identify(build) by extensions ['ignore', 'ignore_ament_install']
[0.189s] Level 1:colcon.colcon_core.package_identification:_identify(build) by extension 'ignore'
[0.189s] Level 1:colcon.colcon_core.package_identification:_identify(build) ignored
[0.189s] Level 1:colcon.colcon_core.package_identification:_identify(install) by extensions ['ignore', 'ignore_ament_install']
[0.189s] Level 1:colcon.colcon_core.package_identification:_identify(install) by extension 'ignore'
[0.189s] Level 1:colcon.colcon_core.package_identification:_identify(install) ignored
[0.189s] Level 1:colcon.colcon_core.package_identification:_identify(log) by extensions ['ignore', 'ignore_ament_install']
[0.189s] Level 1:colcon.colcon_core.package_identification:_identify(log) by extension 'ignore'
[0.189s] Level 1:colcon.colcon_core.package_identification:_identify(log) ignored
[0.189s] Level 1:colcon.colcon_core.package_identification:_identify(relbot2turtlesim) by extensions ['ignore', 'ignore_ament_install']
[0.189s] Level 1:colcon.colcon_core.package_identification:_identify(relbot2turtlesim) by extension 'ignore'
[0.190s] Level 1:colcon.colcon_core.package_identification:_identify(relbot2turtlesim) by extension 'ignore_ament_install'
[0.190s] Level 1:colcon.colcon_core.package_identification:_identify(relbot2turtlesim) by extensions ['colcon_pkg']
[0.190s] Level 1:colcon.colcon_core.package_identification:_identify(relbot2turtlesim) by extension 'colcon_pkg'
[0.190s] Level 1:colcon.colcon_core.package_identification:_identify(relbot2turtlesim) by extensions ['colcon_meta']
[0.190s] Level 1:colcon.colcon_core.package_identification:_identify(relbot2turtlesim) by extension 'colcon_meta'
[0.190s] Level 1:colcon.colcon_core.package_identification:_identify(relbot2turtlesim) by extensions ['ros']
[0.190s] Level 1:colcon.colcon_core.package_identification:_identify(relbot2turtlesim) by extension 'ros'
[0.190s] Level 1:colcon.colcon_core.package_identification:_identify(relbot2turtlesim) by extensions ['cmake', 'python']
[0.190s] Level 1:colcon.colcon_core.package_identification:_identify(relbot2turtlesim) by extension 'cmake'
[0.190s] Level 1:colcon.colcon_core.package_identification:_identify(relbot2turtlesim) by extension 'python'
[0.190s] Level 1:colcon.colcon_core.package_identification:_identify(relbot2turtlesim) by extensions ['python_setup_py']
[0.190s] Level 1:colcon.colcon_core.package_identification:_identify(relbot2turtlesim) by extension 'python_setup_py'
[0.190s] Level 1:colcon.colcon_core.package_identification:_identify(relbot2turtlesim/__MACOSX) by extensions ['ignore', 'ignore_ament_install']
[0.190s] Level 1:colcon.colcon_core.package_identification:_identify(relbot2turtlesim/__MACOSX) by extension 'ignore'
[0.190s] Level 1:colcon.colcon_core.package_identification:_identify(relbot2turtlesim/__MACOSX) by extension 'ignore_ament_install'
[0.190s] Level 1:colcon.colcon_core.package_identification:_identify(relbot2turtlesim/__MACOSX) by extensions ['colcon_pkg']
[0.190s] Level 1:colcon.colcon_core.package_identification:_identify(relbot2turtlesim/__MACOSX) by extension 'colcon_pkg'
[0.190s] Level 1:colcon.colcon_core.package_identification:_identify(relbot2turtlesim/__MACOSX) by extensions ['colcon_meta']
[0.190s] Level 1:colcon.colcon_core.package_identification:_identify(relbot2turtlesim/__MACOSX) by extension 'colcon_meta'
[0.190s] Level 1:colcon.colcon_core.package_identification:_identify(relbot2turtlesim/__MACOSX) by extensions ['ros']
[0.190s] Level 1:colcon.colcon_core.package_identification:_identify(relbot2turtlesim/__MACOSX) by extension 'ros'
[0.190s] Level 1:colcon.colcon_core.package_identification:_identify(relbot2turtlesim/__MACOSX) by extensions ['cmake', 'python']
[0.190s] Level 1:colcon.colcon_core.package_identification:_identify(relbot2turtlesim/__MACOSX) by extension 'cmake'
[0.190s] Level 1:colcon.colcon_core.package_identification:_identify(relbot2turtlesim/__MACOSX) by extension 'python'
[0.190s] Level 1:colcon.colcon_core.package_identification:_identify(relbot2turtlesim/__MACOSX) by extensions ['python_setup_py']
[0.190s] Level 1:colcon.colcon_core.package_identification:_identify(relbot2turtlesim/__MACOSX) by extension 'python_setup_py'
[0.190s] Level 1:colcon.colcon_core.package_identification:_identify(relbot2turtlesim/__MACOSX/relbot2turtlesim) by extensions ['ignore', 'ignore_ament_install']
[0.190s] Level 1:colcon.colcon_core.package_identification:_identify(relbot2turtlesim/__MACOSX/relbot2turtlesim) by extension 'ignore'
[0.190s] Level 1:colcon.colcon_core.package_identification:_identify(relbot2turtlesim/__MACOSX/relbot2turtlesim) by extension 'ignore_ament_install'
[0.190s] Level 1:colcon.colcon_core.package_identification:_identify(relbot2turtlesim/__MACOSX/relbot2turtlesim) by extensions ['colcon_pkg']
[0.190s] Level 1:colcon.colcon_core.package_identification:_identify(relbot2turtlesim/__MACOSX/relbot2turtlesim) by extension 'colcon_pkg'
[0.190s] Level 1:colcon.colcon_core.package_identification:_identify(relbot2turtlesim/__MACOSX/relbot2turtlesim) by extensions ['colcon_meta']
[0.190s] Level 1:colcon.colcon_core.package_identification:_identify(relbot2turtlesim/__MACOSX/relbot2turtlesim) by extension 'colcon_meta'
[0.191s] Level 1:colcon.colcon_core.package_identification:_identify(relbot2turtlesim/__MACOSX/relbot2turtlesim) by extensions ['ros']
[0.191s] Level 1:colcon.colcon_core.package_identification:_identify(relbot2turtlesim/__MACOSX/relbot2turtlesim) by extension 'ros'
[0.191s] Level 1:colcon.colcon_core.package_identification:_identify(relbot2turtlesim/__MACOSX/relbot2turtlesim) by extensions ['cmake', 'python']
[0.191s] Level 1:colcon.colcon_core.package_identification:_identify(relbot2turtlesim/__MACOSX/relbot2turtlesim) by extension 'cmake'
[0.191s] Level 1:colcon.colcon_core.package_identification:_identify(relbot2turtlesim/__MACOSX/relbot2turtlesim) by extension 'python'
[0.191s] Level 1:colcon.colcon_core.package_identification:_identify(relbot2turtlesim/__MACOSX/relbot2turtlesim) by extensions ['python_setup_py']
[0.191s] Level 1:colcon.colcon_core.package_identification:_identify(relbot2turtlesim/__MACOSX/relbot2turtlesim) by extension 'python_setup_py'
[0.191s] Level 1:colcon.colcon_core.package_identification:_identify(relbot2turtlesim/__MACOSX/relbot2turtlesim/include) by extensions ['ignore', 'ignore_ament_install']
[0.191s] Level 1:colcon.colcon_core.package_identification:_identify(relbot2turtlesim/__MACOSX/relbot2turtlesim/include) by extension 'ignore'
[0.191s] Level 1:colcon.colcon_core.package_identification:_identify(relbot2turtlesim/__MACOSX/relbot2turtlesim/include) by extension 'ignore_ament_install'
[0.191s] Level 1:colcon.colcon_core.package_identification:_identify(relbot2turtlesim/__MACOSX/relbot2turtlesim/include) by extensions ['colcon_pkg']
[0.191s] Level 1:colcon.colcon_core.package_identification:_identify(relbot2turtlesim/__MACOSX/relbot2turtlesim/include) by extension 'colcon_pkg'
[0.191s] Level 1:colcon.colcon_core.package_identification:_identify(relbot2turtlesim/__MACOSX/relbot2turtlesim/include) by extensions ['colcon_meta']
[0.191s] Level 1:colcon.colcon_core.package_identification:_identify(relbot2turtlesim/__MACOSX/relbot2turtlesim/include) by extension 'colcon_meta'
[0.191s] Level 1:colcon.colcon_core.package_identification:_identify(relbot2turtlesim/__MACOSX/relbot2turtlesim/include) by extensions ['ros']
[0.191s] Level 1:colcon.colcon_core.package_identification:_identify(relbot2turtlesim/__MACOSX/relbot2turtlesim/include) by extension 'ros'
[0.191s] Level 1:colcon.colcon_core.package_identification:_identify(relbot2turtlesim/__MACOSX/relbot2turtlesim/include) by extensions ['cmake', 'python']
[0.191s] Level 1:colcon.colcon_core.package_identification:_identify(relbot2turtlesim/__MACOSX/relbot2turtlesim/include) by extension 'cmake'
[0.191s] Level 1:colcon.colcon_core.package_identification:_identify(relbot2turtlesim/__MACOSX/relbot2turtlesim/include) by extension 'python'
[0.191s] Level 1:colcon.colcon_core.package_identification:_identify(relbot2turtlesim/__MACOSX/relbot2turtlesim/include) by extensions ['python_setup_py']
[0.191s] Level 1:colcon.colcon_core.package_identification:_identify(relbot2turtlesim/__MACOSX/relbot2turtlesim/include) by extension 'python_setup_py'
[0.191s] Level 1:colcon.colcon_core.package_identification:_identify(relbot2turtlesim/relbot2turtlesim) by extensions ['ignore', 'ignore_ament_install']
[0.191s] Level 1:colcon.colcon_core.package_identification:_identify(relbot2turtlesim/relbot2turtlesim) by extension 'ignore'
[0.191s] Level 1:colcon.colcon_core.package_identification:_identify(relbot2turtlesim/relbot2turtlesim) by extension 'ignore_ament_install'
[0.191s] Level 1:colcon.colcon_core.package_identification:_identify(relbot2turtlesim/relbot2turtlesim) by extensions ['colcon_pkg']
[0.191s] Level 1:colcon.colcon_core.package_identification:_identify(relbot2turtlesim/relbot2turtlesim) by extension 'colcon_pkg'
[0.191s] Level 1:colcon.colcon_core.package_identification:_identify(relbot2turtlesim/relbot2turtlesim) by extensions ['colcon_meta']
[0.191s] Level 1:colcon.colcon_core.package_identification:_identify(relbot2turtlesim/relbot2turtlesim) by extension 'colcon_meta'
[0.191s] Level 1:colcon.colcon_core.package_identification:_identify(relbot2turtlesim/relbot2turtlesim) by extensions ['ros']
[0.191s] Level 1:colcon.colcon_core.package_identification:_identify(relbot2turtlesim/relbot2turtlesim) by extension 'ros'
[0.193s] DEBUG:colcon.colcon_core.package_identification:Package 'relbot2turtlesim/relbot2turtlesim' with type 'ros.ament_cmake' and name 'relbot2turtlesim'
[0.193s] Level 1:colcon.colcon_core.package_identification:_identify(relbot_adapter) by extensions ['ignore', 'ignore_ament_install']
[0.193s] Level 1:colcon.colcon_core.package_identification:_identify(relbot_adapter) by extension 'ignore'
[0.193s] Level 1:colcon.colcon_core.package_identification:_identify(relbot_adapter) by extension 'ignore_ament_install'
[0.193s] Level 1:colcon.colcon_core.package_identification:_identify(relbot_adapter) by extensions ['colcon_pkg']
[0.193s] Level 1:colcon.colcon_core.package_identification:_identify(relbot_adapter) by extension 'colcon_pkg'
[0.193s] Level 1:colcon.colcon_core.package_identification:_identify(relbot_adapter) by extensions ['colcon_meta']
[0.194s] Level 1:colcon.colcon_core.package_identification:_identify(relbot_adapter) by extension 'colcon_meta'
[0.194s] Level 1:colcon.colcon_core.package_identification:_identify(relbot_adapter) by extensions ['ros']
[0.194s] Level 1:colcon.colcon_core.package_identification:_identify(relbot_adapter) by extension 'ros'
[0.194s] DEBUG:colcon.colcon_core.package_identification:Package 'relbot_adapter' with type 'ros.ament_cmake' and name 'relbot_adapter'
[0.194s] Level 1:colcon.colcon_core.package_identification:_identify(relbot_launch) by extensions ['ignore', 'ignore_ament_install']
[0.194s] Level 1:colcon.colcon_core.package_identification:_identify(relbot_launch) by extension 'ignore'
[0.194s] Level 1:colcon.colcon_core.package_identification:_identify(relbot_launch) by extension 'ignore_ament_install'
[0.194s] Level 1:colcon.colcon_core.package_identification:_identify(relbot_launch) by extensions ['colcon_pkg']
[0.194s] Level 1:colcon.colcon_core.package_identification:_identify(relbot_launch) by extension 'colcon_pkg'
[0.194s] Level 1:colcon.colcon_core.package_identification:_identify(relbot_launch) by extensions ['colcon_meta']
[0.194s] Level 1:colcon.colcon_core.package_identification:_identify(relbot_launch) by extension 'colcon_meta'
[0.194s] Level 1:colcon.colcon_core.package_identification:_identify(relbot_launch) by extensions ['ros']
[0.194s] Level 1:colcon.colcon_core.package_identification:_identify(relbot_launch) by extension 'ros'
[0.194s] Level 1:colcon.colcon_core.package_identification:_identify(relbot_launch) by extensions ['cmake', 'python']
[0.194s] Level 1:colcon.colcon_core.package_identification:_identify(relbot_launch) by extension 'cmake'
[0.194s] Level 1:colcon.colcon_core.package_identification:_identify(relbot_launch) by extension 'python'
[0.194s] Level 1:colcon.colcon_core.package_identification:_identify(relbot_launch) by extensions ['python_setup_py']
[0.194s] Level 1:colcon.colcon_core.package_identification:_identify(relbot_launch) by extension 'python_setup_py'
[0.194s] Level 1:colcon.colcon_core.package_identification:_identify(relbot_launch/__MACOSX) by extensions ['ignore', 'ignore_ament_install']
[0.194s] Level 1:colcon.colcon_core.package_identification:_identify(relbot_launch/__MACOSX) by extension 'ignore'
[0.194s] Level 1:colcon.colcon_core.package_identification:_identify(relbot_launch/__MACOSX) by extension 'ignore_ament_install'
[0.195s] Level 1:colcon.colcon_core.package_identification:_identify(relbot_launch/__MACOSX) by extensions ['colcon_pkg']
[0.195s] Level 1:colcon.colcon_core.package_identification:_identify(relbot_launch/__MACOSX) by extension 'colcon_pkg'
[0.195s] Level 1:colcon.colcon_core.package_identification:_identify(relbot_launch/__MACOSX) by extensions ['colcon_meta']
[0.195s] Level 1:colcon.colcon_core.package_identification:_identify(relbot_launch/__MACOSX) by extension 'colcon_meta'
[0.195s] Level 1:colcon.colcon_core.package_identification:_identify(relbot_launch/__MACOSX) by extensions ['ros']
[0.195s] Level 1:colcon.colcon_core.package_identification:_identify(relbot_launch/__MACOSX) by extension 'ros'
[0.195s] Level 1:colcon.colcon_core.package_identification:_identify(relbot_launch/__MACOSX) by extensions ['cmake', 'python']
[0.195s] Level 1:colcon.colcon_core.package_identification:_identify(relbot_launch/__MACOSX) by extension 'cmake'
[0.195s] Level 1:colcon.colcon_core.package_identification:_identify(relbot_launch/__MACOSX) by extension 'python'
[0.195s] Level 1:colcon.colcon_core.package_identification:_identify(relbot_launch/__MACOSX) by extensions ['python_setup_py']
[0.195s] Level 1:colcon.colcon_core.package_identification:_identify(relbot_launch/__MACOSX) by extension 'python_setup_py'
[0.195s] Level 1:colcon.colcon_core.package_identification:_identify(relbot_launch/__MACOSX/relbot_launch) by extensions ['ignore', 'ignore_ament_install']
[0.195s] Level 1:colcon.colcon_core.package_identification:_identify(relbot_launch/__MACOSX/relbot_launch) by extension 'ignore'
[0.195s] Level 1:colcon.colcon_core.package_identification:_identify(relbot_launch/__MACOSX/relbot_launch) by extension 'ignore_ament_install'
[0.195s] Level 1:colcon.colcon_core.package_identification:_identify(relbot_launch/__MACOSX/relbot_launch) by extensions ['colcon_pkg']
[0.195s] Level 1:colcon.colcon_core.package_identification:_identify(relbot_launch/__MACOSX/relbot_launch) by extension 'colcon_pkg'
[0.195s] Level 1:colcon.colcon_core.package_identification:_identify(relbot_launch/__MACOSX/relbot_launch) by extensions ['colcon_meta']
[0.195s] Level 1:colcon.colcon_core.package_identification:_identify(relbot_launch/__MACOSX/relbot_launch) by extension 'colcon_meta'
[0.195s] Level 1:colcon.colcon_core.package_identification:_identify(relbot_launch/__MACOSX/relbot_launch) by extensions ['ros']
[0.195s] Level 1:colcon.colcon_core.package_identification:_identify(relbot_launch/__MACOSX/relbot_launch) by extension 'ros'
[0.195s] Level 1:colcon.colcon_core.package_identification:_identify(relbot_launch/__MACOSX/relbot_launch) by extensions ['cmake', 'python']
[0.195s] Level 1:colcon.colcon_core.package_identification:_identify(relbot_launch/__MACOSX/relbot_launch) by extension 'cmake'
[0.195s] Level 1:colcon.colcon_core.package_identification:_identify(relbot_launch/__MACOSX/relbot_launch) by extension 'python'
[0.195s] Level 1:colcon.colcon_core.package_identification:_identify(relbot_launch/__MACOSX/relbot_launch) by extensions ['python_setup_py']
[0.195s] Level 1:colcon.colcon_core.package_identification:_identify(relbot_launch/__MACOSX/relbot_launch) by extension 'python_setup_py'
[0.195s] Level 1:colcon.colcon_core.package_identification:_identify(relbot_launch/__MACOSX/relbot_launch/launch) by extensions ['ignore', 'ignore_ament_install']
[0.195s] Level 1:colcon.colcon_core.package_identification:_identify(relbot_launch/__MACOSX/relbot_launch/launch) by extension 'ignore'
[0.195s] Level 1:colcon.colcon_core.package_identification:_identify(relbot_launch/__MACOSX/relbot_launch/launch) by extension 'ignore_ament_install'
[0.195s] Level 1:colcon.colcon_core.package_identification:_identify(relbot_launch/__MACOSX/relbot_launch/launch) by extensions ['colcon_pkg']
[0.195s] Level 1:colcon.colcon_core.package_identification:_identify(relbot_launch/__MACOSX/relbot_launch/launch) by extension 'colcon_pkg'
[0.195s] Level 1:colcon.colcon_core.package_identification:_identify(relbot_launch/__MACOSX/relbot_launch/launch) by extensions ['colcon_meta']
[0.195s] Level 1:colcon.colcon_core.package_identification:_identify(relbot_launch/__MACOSX/relbot_launch/launch) by extension 'colcon_meta'
[0.195s] Level 1:colcon.colcon_core.package_identification:_identify(relbot_launch/__MACOSX/relbot_launch/launch) by extensions ['ros']
[0.195s] Level 1:colcon.colcon_core.package_identification:_identify(relbot_launch/__MACOSX/relbot_launch/launch) by extension 'ros'
[0.196s] Level 1:colcon.colcon_core.package_identification:_identify(relbot_launch/__MACOSX/relbot_launch/launch) by extensions ['cmake', 'python']
[0.196s] Level 1:colcon.colcon_core.package_identification:_identify(relbot_launch/__MACOSX/relbot_launch/launch) by extension 'cmake'
[0.196s] Level 1:colcon.colcon_core.package_identification:_identify(relbot_launch/__MACOSX/relbot_launch/launch) by extension 'python'
[0.196s] Level 1:colcon.colcon_core.package_identification:_identify(relbot_launch/__MACOSX/relbot_launch/launch) by extensions ['python_setup_py']
[0.196s] Level 1:colcon.colcon_core.package_identification:_identify(relbot_launch/__MACOSX/relbot_launch/launch) by extension 'python_setup_py'
[0.196s] Level 1:colcon.colcon_core.package_identification:_identify(relbot_launch/relbot_launch) by extensions ['ignore', 'ignore_ament_install']
[0.196s] Level 1:colcon.colcon_core.package_identification:_identify(relbot_launch/relbot_launch) by extension 'ignore'
[0.196s] Level 1:colcon.colcon_core.package_identification:_identify(relbot_launch/relbot_launch) by extension 'ignore_ament_install'
[0.196s] Level 1:colcon.colcon_core.package_identification:_identify(relbot_launch/relbot_launch) by extensions ['colcon_pkg']
[0.196s] Level 1:colcon.colcon_core.package_identification:_identify(relbot_launch/relbot_launch) by extension 'colcon_pkg'
[0.196s] Level 1:colcon.colcon_core.package_identification:_identify(relbot_launch/relbot_launch) by extensions ['colcon_meta']
[0.196s] Level 1:colcon.colcon_core.package_identification:_identify(relbot_launch/relbot_launch) by extension 'colcon_meta'
[0.196s] Level 1:colcon.colcon_core.package_identification:_identify(relbot_launch/relbot_launch) by extensions ['ros']
[0.196s] Level 1:colcon.colcon_core.package_identification:_identify(relbot_launch/relbot_launch) by extension 'ros'
[0.196s] DEBUG:colcon.colcon_core.package_identification:Package 'relbot_launch/relbot_launch' with type 'ros.ament_cmake' and name 'relbot_launch'
[0.196s] Level 1:colcon.colcon_core.package_identification:_identify(relbot_msgs) by extensions ['ignore', 'ignore_ament_install']
[0.196s] Level 1:colcon.colcon_core.package_identification:_identify(relbot_msgs) by extension 'ignore'
[0.196s] Level 1:colcon.colcon_core.package_identification:_identify(relbot_msgs) by extension 'ignore_ament_install'
[0.196s] Level 1:colcon.colcon_core.package_identification:_identify(relbot_msgs) by extensions ['colcon_pkg']
[0.196s] Level 1:colcon.colcon_core.package_identification:_identify(relbot_msgs) by extension 'colcon_pkg'
[0.197s] Level 1:colcon.colcon_core.package_identification:_identify(relbot_msgs) by extensions ['colcon_meta']
[0.197s] Level 1:colcon.colcon_core.package_identification:_identify(relbot_msgs) by extension 'colcon_meta'
[0.197s] Level 1:colcon.colcon_core.package_identification:_identify(relbot_msgs) by extensions ['ros']
[0.197s] Level 1:colcon.colcon_core.package_identification:_identify(relbot_msgs) by extension 'ros'
[0.197s] DEBUG:colcon.colcon_core.package_identification:Package 'relbot_msgs' with type 'ros.ament_cmake' and name 'relbot_msgs'
[0.197s] Level 1:colcon.colcon_core.package_identification:_identify(relbot_sequence_controller) by extensions ['ignore', 'ignore_ament_install']
[0.197s] Level 1:colcon.colcon_core.package_identification:_identify(relbot_sequence_controller) by extension 'ignore'
[0.197s] Level 1:colcon.colcon_core.package_identification:_identify(relbot_sequence_controller) by extension 'ignore_ament_install'
[0.197s] Level 1:colcon.colcon_core.package_identification:_identify(relbot_sequence_controller) by extensions ['colcon_pkg']
[0.197s] Level 1:colcon.colcon_core.package_identification:_identify(relbot_sequence_controller) by extension 'colcon_pkg'
[0.197s] Level 1:colcon.colcon_core.package_identification:_identify(relbot_sequence_controller) by extensions ['colcon_meta']
[0.197s] Level 1:colcon.colcon_core.package_identification:_identify(relbot_sequence_controller) by extension 'colcon_meta'
[0.197s] Level 1:colcon.colcon_core.package_identification:_identify(relbot_sequence_controller) by extensions ['ros']
[0.197s] Level 1:colcon.colcon_core.package_identification:_identify(relbot_sequence_controller) by extension 'ros'
[0.197s] Level 1:colcon.colcon_core.package_identification:_identify(relbot_sequence_controller) by extensions ['cmake', 'python']
[0.197s] Level 1:colcon.colcon_core.package_identification:_identify(relbot_sequence_controller) by extension 'cmake'
[0.197s] Level 1:colcon.colcon_core.package_identification:_identify(relbot_sequence_controller) by extension 'python'
[0.197s] Level 1:colcon.colcon_core.package_identification:_identify(relbot_sequence_controller) by extensions ['python_setup_py']
[0.197s] Level 1:colcon.colcon_core.package_identification:_identify(relbot_sequence_controller) by extension 'python_setup_py'
[0.198s] Level 1:colcon.colcon_core.package_identification:_identify(relbot_sequence_controller/__MACOSX) by extensions ['ignore', 'ignore_ament_install']
[0.198s] Level 1:colcon.colcon_core.package_identification:_identify(relbot_sequence_controller/__MACOSX) by extension 'ignore'
[0.198s] Level 1:colcon.colcon_core.package_identification:_identify(relbot_sequence_controller/__MACOSX) by extension 'ignore_ament_install'
[0.198s] Level 1:colcon.colcon_core.package_identification:_identify(relbot_sequence_controller/__MACOSX) by extensions ['colcon_pkg']
[0.198s] Level 1:colcon.colcon_core.package_identification:_identify(relbot_sequence_controller/__MACOSX) by extension 'colcon_pkg'
[0.198s] Level 1:colcon.colcon_core.package_identification:_identify(relbot_sequence_controller/__MACOSX) by extensions ['colcon_meta']
[0.198s] Level 1:colcon.colcon_core.package_identification:_identify(relbot_sequence_controller/__MACOSX) by extension 'colcon_meta'
[0.198s] Level 1:colcon.colcon_core.package_identification:_identify(relbot_sequence_controller/__MACOSX) by extensions ['ros']
[0.198s] Level 1:colcon.colcon_core.package_identification:_identify(relbot_sequence_controller/__MACOSX) by extension 'ros'
[0.198s] Level 1:colcon.colcon_core.package_identification:_identify(relbot_sequence_controller/__MACOSX) by extensions ['cmake', 'python']
[0.198s] Level 1:colcon.colcon_core.package_identification:_identify(relbot_sequence_controller/__MACOSX) by extension 'cmake'
[0.198s] Level 1:colcon.colcon_core.package_identification:_identify(relbot_sequence_controller/__MACOSX) by extension 'python'
[0.198s] Level 1:colcon.colcon_core.package_identification:_identify(relbot_sequence_controller/__MACOSX) by extensions ['python_setup_py']
[0.198s] Level 1:colcon.colcon_core.package_identification:_identify(relbot_sequence_controller/__MACOSX) by extension 'python_setup_py'
[0.198s] Level 1:colcon.colcon_core.package_identification:_identify(relbot_sequence_controller/__MACOSX/relbot_sequence_controller) by extensions ['ignore', 'ignore_ament_install']
[0.198s] Level 1:colcon.colcon_core.package_identification:_identify(relbot_sequence_controller/__MACOSX/relbot_sequence_controller) by extension 'ignore'
[0.198s] Level 1:colcon.colcon_core.package_identification:_identify(relbot_sequence_controller/__MACOSX/relbot_sequence_controller) by extension 'ignore_ament_install'
[0.198s] Level 1:colcon.colcon_core.package_identification:_identify(relbot_sequence_controller/__MACOSX/relbot_sequence_controller) by extensions ['colcon_pkg']
[0.198s] Level 1:colcon.colcon_core.package_identification:_identify(relbot_sequence_controller/__MACOSX/relbot_sequence_controller) by extension 'colcon_pkg'
[0.198s] Level 1:colcon.colcon_core.package_identification:_identify(relbot_sequence_controller/__MACOSX/relbot_sequence_controller) by extensions ['colcon_meta']
[0.198s] Level 1:colcon.colcon_core.package_identification:_identify(relbot_sequence_controller/__MACOSX/relbot_sequence_controller) by extension 'colcon_meta'
[0.198s] Level 1:colcon.colcon_core.package_identification:_identify(relbot_sequence_controller/__MACOSX/relbot_sequence_controller) by extensions ['ros']
[0.198s] Level 1:colcon.colcon_core.package_identification:_identify(relbot_sequence_controller/__MACOSX/relbot_sequence_controller) by extension 'ros'
[0.198s] Level 1:colcon.colcon_core.package_identification:_identify(relbot_sequence_controller/__MACOSX/relbot_sequence_controller) by extensions ['cmake', 'python']
[0.198s] Level 1:colcon.colcon_core.package_identification:_identify(relbot_sequence_controller/__MACOSX/relbot_sequence_controller) by extension 'cmake'
[0.198s] Level 1:colcon.colcon_core.package_identification:_identify(relbot_sequence_controller/__MACOSX/relbot_sequence_controller) by extension 'python'
[0.198s] Level 1:colcon.colcon_core.package_identification:_identify(relbot_sequence_controller/__MACOSX/relbot_sequence_controller) by extensions ['python_setup_py']
[0.198s] Level 1:colcon.colcon_core.package_identification:_identify(relbot_sequence_controller/__MACOSX/relbot_sequence_controller) by extension 'python_setup_py'
[0.198s] Level 1:colcon.colcon_core.package_identification:_identify(relbot_sequence_controller/__MACOSX/relbot_sequence_controller/include) by extensions ['ignore', 'ignore_ament_install']
[0.198s] Level 1:colcon.colcon_core.package_identification:_identify(relbot_sequence_controller/__MACOSX/relbot_sequence_controller/include) by extension 'ignore'
[0.198s] Level 1:colcon.colcon_core.package_identification:_identify(relbot_sequence_controller/__MACOSX/relbot_sequence_controller/include) by extension 'ignore_ament_install'
[0.199s] Level 1:colcon.colcon_core.package_identification:_identify(relbot_sequence_controller/__MACOSX/relbot_sequence_controller/include) by extensions ['colcon_pkg']
[0.199s] Level 1:colcon.colcon_core.package_identification:_identify(relbot_sequence_controller/__MACOSX/relbot_sequence_controller/include) by extension 'colcon_pkg'
[0.199s] Level 1:colcon.colcon_core.package_identification:_identify(relbot_sequence_controller/__MACOSX/relbot_sequence_controller/include) by extensions ['colcon_meta']
[0.199s] Level 1:colcon.colcon_core.package_identification:_identify(relbot_sequence_controller/__MACOSX/relbot_sequence_controller/include) by extension 'colcon_meta'
[0.199s] Level 1:colcon.colcon_core.package_identification:_identify(relbot_sequence_controller/__MACOSX/relbot_sequence_controller/include) by extensions ['ros']
[0.199s] Level 1:colcon.colcon_core.package_identification:_identify(relbot_sequence_controller/__MACOSX/relbot_sequence_controller/include) by extension 'ros'
[0.199s] Level 1:colcon.colcon_core.package_identification:_identify(relbot_sequence_controller/__MACOSX/relbot_sequence_controller/include) by extensions ['cmake', 'python']
[0.199s] Level 1:colcon.colcon_core.package_identification:_identify(relbot_sequence_controller/__MACOSX/relbot_sequence_controller/include) by extension 'cmake'
[0.199s] Level 1:colcon.colcon_core.package_identification:_identify(relbot_sequence_controller/__MACOSX/relbot_sequence_controller/include) by extension 'python'
[0.199s] Level 1:colcon.colcon_core.package_identification:_identify(relbot_sequence_controller/__MACOSX/relbot_sequence_controller/include) by extensions ['python_setup_py']
[0.199s] Level 1:colcon.colcon_core.package_identification:_identify(relbot_sequence_controller/__MACOSX/relbot_sequence_controller/include) by extension 'python_setup_py'
[0.199s] Level 1:colcon.colcon_core.package_identification:_identify(relbot_sequence_controller/relbot_sequence_controller) by extensions ['ignore', 'ignore_ament_install']
[0.199s] Level 1:colcon.colcon_core.package_identification:_identify(relbot_sequence_controller/relbot_sequence_controller) by extension 'ignore'
[0.199s] Level 1:colcon.colcon_core.package_identification:_identify(relbot_sequence_controller/relbot_sequence_controller) by extension 'ignore_ament_install'
[0.199s] Level 1:colcon.colcon_core.package_identification:_identify(relbot_sequence_controller/relbot_sequence_controller) by extensions ['colcon_pkg']
[0.199s] Level 1:colcon.colcon_core.package_identification:_identify(relbot_sequence_controller/relbot_sequence_controller) by extension 'colcon_pkg'
[0.199s] Level 1:colcon.colcon_core.package_identification:_identify(relbot_sequence_controller/relbot_sequence_controller) by extensions ['colcon_meta']
[0.199s] Level 1:colcon.colcon_core.package_identification:_identify(relbot_sequence_controller/relbot_sequence_controller) by extension 'colcon_meta'
[0.199s] Level 1:colcon.colcon_core.package_identification:_identify(relbot_sequence_controller/relbot_sequence_controller) by extensions ['ros']
[0.199s] Level 1:colcon.colcon_core.package_identification:_identify(relbot_sequence_controller/relbot_sequence_controller) by extension 'ros'
[0.199s] DEBUG:colcon.colcon_core.package_identification:Package 'relbot_sequence_controller/relbot_sequence_controller' with type 'ros.ament_cmake' and name 'relbot_sequence_controller'
[0.200s] Level 1:colcon.colcon_core.package_identification:_identify(relbot_simulator) by extensions ['ignore', 'ignore_ament_install']
[0.200s] Level 1:colcon.colcon_core.package_identification:_identify(relbot_simulator) by extension 'ignore'
[0.200s] Level 1:colcon.colcon_core.package_identification:_identify(relbot_simulator) by extension 'ignore_ament_install'
[0.200s] Level 1:colcon.colcon_core.package_identification:_identify(relbot_simulator) by extensions ['colcon_pkg']
[0.200s] Level 1:colcon.colcon_core.package_identification:_identify(relbot_simulator) by extension 'colcon_pkg'
[0.200s] Level 1:colcon.colcon_core.package_identification:_identify(relbot_simulator) by extensions ['colcon_meta']
[0.200s] Level 1:colcon.colcon_core.package_identification:_identify(relbot_simulator) by extension 'colcon_meta'
[0.200s] Level 1:colcon.colcon_core.package_identification:_identify(relbot_simulator) by extensions ['ros']
[0.200s] Level 1:colcon.colcon_core.package_identification:_identify(relbot_simulator) by extension 'ros'
[0.200s] DEBUG:colcon.colcon_core.package_identification:Package 'relbot_simulator' with type 'ros.ament_cmake' and name 'relbot_simulator'
[0.200s] Level 1:colcon.colcon_core.package_discovery:discover_packages(recursive) using defaults
[0.200s] Level 1:colcon.colcon_core.package_discovery:discover_packages(ignore) discover
[0.201s] Level 1:colcon.colcon_core.package_discovery:discover_packages(ignore) using defaults
[0.201s] Level 1:colcon.colcon_core.package_discovery:discover_packages(path) discover
[0.201s] Level 1:colcon.colcon_core.package_discovery:discover_packages(path) using defaults
[0.223s] Level 1:colcon.colcon_core.package_discovery:discover_packages(prefix_path) check parameters
[0.223s] Level 1:colcon.colcon_core.package_discovery:discover_packages(prefix_path) discover
[0.225s] DEBUG:colcon.colcon_installed_package_information.package_discovery:Found 6 installed packages in /home/raghav742/SDfR/Assignments/assignment5/ros2_ws/src/install
[0.225s] DEBUG:colcon.colcon_installed_package_information.package_discovery:Found 6 installed packages in /home/raghav742/SDfR/Relbot_ws/install
[0.226s] DEBUG:colcon.colcon_installed_package_information.package_discovery:Found 324 installed packages in /opt/ros/humble
[0.227s] Level 1:colcon.colcon_core.package_discovery:discover_packages(prefix_path) using defaults
[0.257s] Level 5:colcon.colcon_core.verb:set package 'relbot2turtlesim' build argument 'cmake_args' from command line to 'None'
[0.257s] Level 5:colcon.colcon_core.verb:set package 'relbot2turtlesim' build argument 'cmake_target' from command line to 'None'
[0.257s] Level 5:colcon.colcon_core.verb:set package 'relbot2turtlesim' build argument 'cmake_target_skip_unavailable' from command line to 'False'
[0.257s] Level 5:colcon.colcon_core.verb:set package 'relbot2turtlesim' build argument 'cmake_clean_cache' from command line to 'False'
[0.257s] Level 5:colcon.colcon_core.verb:set package 'relbot2turtlesim' build argument 'cmake_clean_first' from command line to 'False'
[0.257s] Level 5:colcon.colcon_core.verb:set package 'relbot2turtlesim' build argument 'cmake_force_configure' from command line to 'False'
[0.257s] Level 5:colcon.colcon_core.verb:set package 'relbot2turtlesim' build argument 'ament_cmake_args' from command line to 'None'
[0.257s] Level 5:colcon.colcon_core.verb:set package 'relbot2turtlesim' build argument 'catkin_cmake_args' from command line to 'None'
[0.257s] Level 5:colcon.colcon_core.verb:set package 'relbot2turtlesim' build argument 'catkin_skip_building_tests' from command line to 'False'
[0.257s] DEBUG:colcon.colcon_core.verb:Building package 'relbot2turtlesim' with the following arguments: {'ament_cmake_args': None, 'build_base': '/home/raghav742/SDfR/Assignments/assignment5/ros2_ws/src/build/relbot2turtlesim', 'catkin_cmake_args': None, 'catkin_skip_building_tests': False, 'cmake_args': None, 'cmake_clean_cache': False, 'cmake_clean_first': False, 'cmake_force_configure': False, 'cmake_target': None, 'cmake_target_skip_unavailable': False, 'install_base': '/home/raghav742/SDfR/Assignments/assignment5/ros2_ws/src/install/relbot2turtlesim', 'merge_install': False, 'path': '/home/raghav742/SDfR/Assignments/assignment5/ros2_ws/src/relbot2turtlesim/relbot2turtlesim', 'symlink_install': False, 'test_result_base': None}
[0.257s] Level 5:colcon.colcon_core.verb:set package 'relbot_adapter' build argument 'cmake_args' from command line to 'None'
[0.257s] Level 5:colcon.colcon_core.verb:set package 'relbot_adapter' build argument 'cmake_target' from command line to 'None'
[0.257s] Level 5:colcon.colcon_core.verb:set package 'relbot_adapter' build argument 'cmake_target_skip_unavailable' from command line to 'False'
[0.257s] Level 5:colcon.colcon_core.verb:set package 'relbot_adapter' build argument 'cmake_clean_cache' from command line to 'False'
[0.258s] Level 5:colcon.colcon_core.verb:set package 'relbot_adapter' build argument 'cmake_clean_first' from command line to 'False'
[0.258s] Level 5:colcon.colcon_core.verb:set package 'relbot_adapter' build argument 'cmake_force_configure' from command line to 'False'
[0.258s] Level 5:colcon.colcon_core.verb:set package 'relbot_adapter' build argument 'ament_cmake_args' from command line to 'None'
[0.258s] Level 5:colcon.colcon_core.verb:set package 'relbot_adapter' build argument 'catkin_cmake_args' from command line to 'None'
[0.258s] Level 5:colcon.colcon_core.verb:set package 'relbot_adapter' build argument 'catkin_skip_building_tests' from command line to 'False'
[0.258s] DEBUG:colcon.colcon_core.verb:Building package 'relbot_adapter' with the following arguments: {'ament_cmake_args': None, 'build_base': '/home/raghav742/SDfR/Assignments/assignment5/ros2_ws/src/build/relbot_adapter', 'catkin_cmake_args': None, 'catkin_skip_building_tests': False, 'cmake_args': None, 'cmake_clean_cache': False, 'cmake_clean_first': False, 'cmake_force_configure': False, 'cmake_target': None, 'cmake_target_skip_unavailable': False, 'install_base': '/home/raghav742/SDfR/Assignments/assignment5/ros2_ws/src/install/relbot_adapter', 'merge_install': False, 'path': '/home/raghav742/SDfR/Assignments/assignment5/ros2_ws/src/relbot_adapter', 'symlink_install': False, 'test_result_base': None}
[0.258s] Level 5:colcon.colcon_core.verb:set package 'relbot_launch' build argument 'cmake_args' from command line to 'None'
[0.258s] Level 5:colcon.colcon_core.verb:set package 'relbot_launch' build argument 'cmake_target' from command line to 'None'
[0.258s] Level 5:colcon.colcon_core.verb:set package 'relbot_launch' build argument 'cmake_target_skip_unavailable' from command line to 'False'
[0.258s] Level 5:colcon.colcon_core.verb:set package 'relbot_launch' build argument 'cmake_clean_cache' from command line to 'False'
[0.258s] Level 5:colcon.colcon_core.verb:set package 'relbot_launch' build argument 'cmake_clean_first' from command line to 'False'
[0.258s] Level 5:colcon.colcon_core.verb:set package 'relbot_launch' build argument 'cmake_force_configure' from command line to 'False'
[0.258s] Level 5:colcon.colcon_core.verb:set package 'relbot_launch' build argument 'ament_cmake_args' from command line to 'None'
[0.258s] Level 5:colcon.colcon_core.verb:set package 'relbot_launch' build argument 'catkin_cmake_args' from command line to 'None'
[0.258s] Level 5:colcon.colcon_core.verb:set package 'relbot_launch' build argument 'catkin_skip_building_tests' from command line to 'False'
[0.258s] DEBUG:colcon.colcon_core.verb:Building package 'relbot_launch' with the following arguments: {'ament_cmake_args': None, 'build_base': '/home/raghav742/SDfR/Assignments/assignment5/ros2_ws/src/build/relbot_launch', 'catkin_cmake_args': None, 'catkin_skip_building_tests': False, 'cmake_args': None, 'cmake_clean_cache': False, 'cmake_clean_first': False, 'cmake_force_configure': False, 'cmake_target': None, 'cmake_target_skip_unavailable': False, 'install_base': '/home/raghav742/SDfR/Assignments/assignment5/ros2_ws/src/install/relbot_launch', 'merge_install': False, 'path': '/home/raghav742/SDfR/Assignments/assignment5/ros2_ws/src/relbot_launch/relbot_launch', 'symlink_install': False, 'test_result_base': None}
[0.258s] Level 5:colcon.colcon_core.verb:set package 'relbot_msgs' build argument 'cmake_args' from command line to 'None'
[0.258s] Level 5:colcon.colcon_core.verb:set package 'relbot_msgs' build argument 'cmake_target' from command line to 'None'
[0.258s] Level 5:colcon.colcon_core.verb:set package 'relbot_msgs' build argument 'cmake_target_skip_unavailable' from command line to 'False'
[0.258s] Level 5:colcon.colcon_core.verb:set package 'relbot_msgs' build argument 'cmake_clean_cache' from command line to 'False'
[0.258s] Level 5:colcon.colcon_core.verb:set package 'relbot_msgs' build argument 'cmake_clean_first' from command line to 'False'
[0.258s] Level 5:colcon.colcon_core.verb:set package 'relbot_msgs' build argument 'cmake_force_configure' from command line to 'False'
[0.258s] Level 5:colcon.colcon_core.verb:set package 'relbot_msgs' build argument 'ament_cmake_args' from command line to 'None'
[0.258s] Level 5:colcon.colcon_core.verb:set package 'relbot_msgs' build argument 'catkin_cmake_args' from command line to 'None'
[0.258s] Level 5:colcon.colcon_core.verb:set package 'relbot_msgs' build argument 'catkin_skip_building_tests' from command line to 'False'
[0.258s] DEBUG:colcon.colcon_core.verb:Building package 'relbot_msgs' with the following arguments: {'ament_cmake_args': None, 'build_base': '/home/raghav742/SDfR/Assignments/assignment5/ros2_ws/src/build/relbot_msgs', 'catkin_cmake_args': None, 'catkin_skip_building_tests': False, 'cmake_args': None, 'cmake_clean_cache': False, 'cmake_clean_first': False, 'cmake_force_configure': False, 'cmake_target': None, 'cmake_target_skip_unavailable': False, 'install_base': '/home/raghav742/SDfR/Assignments/assignment5/ros2_ws/src/install/relbot_msgs', 'merge_install': False, 'path': '/home/raghav742/SDfR/Assignments/assignment5/ros2_ws/src/relbot_msgs', 'symlink_install': False, 'test_result_base': None}
[0.259s] Level 5:colcon.colcon_core.verb:set package 'relbot_sequence_controller' build argument 'cmake_args' from command line to 'None'
[0.259s] Level 5:colcon.colcon_core.verb:set package 'relbot_sequence_controller' build argument 'cmake_target' from command line to 'None'
[0.259s] Level 5:colcon.colcon_core.verb:set package 'relbot_sequence_controller' build argument 'cmake_target_skip_unavailable' from command line to 'False'
[0.259s] Level 5:colcon.colcon_core.verb:set package 'relbot_sequence_controller' build argument 'cmake_clean_cache' from command line to 'False'
[0.259s] Level 5:colcon.colcon_core.verb:set package 'relbot_sequence_controller' build argument 'cmake_clean_first' from command line to 'False'
[0.259s] Level 5:colcon.colcon_core.verb:set package 'relbot_sequence_controller' build argument 'cmake_force_configure' from command line to 'False'
[0.259s] Level 5:colcon.colcon_core.verb:set package 'relbot_sequence_controller' build argument 'ament_cmake_args' from command line to 'None'
[0.259s] Level 5:colcon.colcon_core.verb:set package 'relbot_sequence_controller' build argument 'catkin_cmake_args' from command line to 'None'
[0.259s] Level 5:colcon.colcon_core.verb:set package 'relbot_sequence_controller' build argument 'catkin_skip_building_tests' from command line to 'False'
[0.259s] DEBUG:colcon.colcon_core.verb:Building package 'relbot_sequence_controller' with the following arguments: {'ament_cmake_args': None, 'build_base': '/home/raghav742/SDfR/Assignments/assignment5/ros2_ws/src/build/relbot_sequence_controller', 'catkin_cmake_args': None, 'catkin_skip_building_tests': False, 'cmake_args': None, 'cmake_clean_cache': False, 'cmake_clean_first': False, 'cmake_force_configure': False, 'cmake_target': None, 'cmake_target_skip_unavailable': False, 'install_base': '/home/raghav742/SDfR/Assignments/assignment5/ros2_ws/src/install/relbot_sequence_controller', 'merge_install': False, 'path': '/home/raghav742/SDfR/Assignments/assignment5/ros2_ws/src/relbot_sequence_controller/relbot_sequence_controller', 'symlink_install': False, 'test_result_base': None}
[0.259s] Level 5:colcon.colcon_core.verb:set package 'relbot_simulator' build argument 'cmake_args' from command line to 'None'
[0.259s] Level 5:colcon.colcon_core.verb:set package 'relbot_simulator' build argument 'cmake_target' from command line to 'None'
[0.259s] Level 5:colcon.colcon_core.verb:set package 'relbot_simulator' build argument 'cmake_target_skip_unavailable' from command line to 'False'
[0.259s] Level 5:colcon.colcon_core.verb:set package 'relbot_simulator' build argument 'cmake_clean_cache' from command line to 'False'
[0.259s] Level 5:colcon.colcon_core.verb:set package 'relbot_simulator' build argument 'cmake_clean_first' from command line to 'False'
[0.259s] Level 5:colcon.colcon_core.verb:set package 'relbot_simulator' build argument 'cmake_force_configure' from command line to 'False'
[0.259s] Level 5:colcon.colcon_core.verb:set package 'relbot_simulator' build argument 'ament_cmake_args' from command line to 'None'
[0.259s] Level 5:colcon.colcon_core.verb:set package 'relbot_simulator' build argument 'catkin_cmake_args' from command line to 'None'
[0.259s] Level 5:colcon.colcon_core.verb:set package 'relbot_simulator' build argument 'catkin_skip_building_tests' from command line to 'False'
[0.259s] DEBUG:colcon.colcon_core.verb:Building package 'relbot_simulator' with the following arguments: {'ament_cmake_args': None, 'build_base': '/home/raghav742/SDfR/Assignments/assignment5/ros2_ws/src/build/relbot_simulator', 'catkin_cmake_args': None, 'catkin_skip_building_tests': False, 'cmake_args': None, 'cmake_clean_cache': False, 'cmake_clean_first': False, 'cmake_force_configure': False, 'cmake_target': None, 'cmake_target_skip_unavailable': False, 'install_base': '/home/raghav742/SDfR/Assignments/assignment5/ros2_ws/src/install/relbot_simulator', 'merge_install': False, 'path': '/home/raghav742/SDfR/Assignments/assignment5/ros2_ws/src/relbot_simulator', 'symlink_install': False, 'test_result_base': None}
[0.259s] INFO:colcon.colcon_core.executor:Executing jobs using 'parallel' executor
[0.260s] DEBUG:colcon.colcon_parallel_executor.executor.parallel:run_until_complete
[0.260s] INFO:colcon.colcon_ros.task.ament_cmake.build:Building ROS package in '/home/raghav742/SDfR/Assignments/assignment5/ros2_ws/src/relbot_msgs' with build type 'ament_cmake'
[0.261s] INFO:colcon.colcon_cmake.task.cmake.build:Building CMake package in '/home/raghav742/SDfR/Assignments/assignment5/ros2_ws/src/relbot_msgs'
[0.262s] INFO:colcon.colcon_core.plugin_system:Skipping extension 'colcon_core.shell.bat': Not used on non-Windows systems
[0.262s] INFO:colcon.colcon_core.shell:Skip shell extension 'powershell' for command environment: Not usable outside of PowerShell
[0.262s] DEBUG:colcon.colcon_core.shell:Skip shell extension 'dsv' for command environment
[0.265s] INFO:colcon.colcon_ros.task.ament_cmake.build:Building ROS package in '/home/raghav742/SDfR/Assignments/assignment5/ros2_ws/src/relbot2turtlesim/relbot2turtlesim' with build type 'ament_cmake'
[0.265s] INFO:colcon.colcon_cmake.task.cmake.build:Building CMake package in '/home/raghav742/SDfR/Assignments/assignment5/ros2_ws/src/relbot2turtlesim/relbot2turtlesim'
[0.265s] INFO:colcon.colcon_core.shell:Skip shell extension 'powershell' for command environment: Not usable outside of PowerShell
[0.265s] DEBUG:colcon.colcon_core.shell:Skip shell extension 'dsv' for command environment
[0.268s] INFO:colcon.colcon_ros.task.ament_cmake.build:Building ROS package in '/home/raghav742/SDfR/Assignments/assignment5/ros2_ws/src/relbot_adapter' with build type 'ament_cmake'
[0.268s] INFO:colcon.colcon_cmake.task.cmake.build:Building CMake package in '/home/raghav742/SDfR/Assignments/assignment5/ros2_ws/src/relbot_adapter'
[0.268s] INFO:colcon.colcon_core.shell:Skip shell extension 'powershell' for command environment: Not usable outside of PowerShell
[0.268s] DEBUG:colcon.colcon_core.shell:Skip shell extension 'dsv' for command environment
[0.271s] INFO:colcon.colcon_ros.task.ament_cmake.build:Building ROS package in '/home/raghav742/SDfR/Assignments/assignment5/ros2_ws/src/relbot_launch/relbot_launch' with build type 'ament_cmake'
[0.271s] INFO:colcon.colcon_cmake.task.cmake.build:Building CMake package in '/home/raghav742/SDfR/Assignments/assignment5/ros2_ws/src/relbot_launch/relbot_launch'
[0.271s] INFO:colcon.colcon_core.shell:Skip shell extension 'powershell' for command environment: Not usable outside of PowerShell
[0.271s] DEBUG:colcon.colcon_core.shell:Skip shell extension 'dsv' for command environment
[0.274s] INFO:colcon.colcon_ros.task.ament_cmake.build:Building ROS package in '/home/raghav742/SDfR/Assignments/assignment5/ros2_ws/src/relbot_sequence_controller/relbot_sequence_controller' with build type 'ament_cmake'
[0.274s] INFO:colcon.colcon_cmake.task.cmake.build:Building CMake package in '/home/raghav742/SDfR/Assignments/assignment5/ros2_ws/src/relbot_sequence_controller/relbot_sequence_controller'
[0.274s] INFO:colcon.colcon_core.shell:Skip shell extension 'powershell' for command environment: Not usable outside of PowerShell
[0.274s] DEBUG:colcon.colcon_core.shell:Skip shell extension 'dsv' for command environment
[0.280s] DEBUG:colcon.colcon_core.event_handler.log_command:Invoking command in '/home/raghav742/SDfR/Assignments/assignment5/ros2_ws/src/build/relbot_msgs': CMAKE_PREFIX_PATH=${CMAKE_PREFIX_PATH}:/opt/ros/humble /usr/bin/cmake --build /home/raghav742/SDfR/Assignments/assignment5/ros2_ws/src/build/relbot_msgs -- -j8 -l8
[0.282s] DEBUG:colcon.colcon_core.event_handler.log_command:Invoking command in '/home/raghav742/SDfR/Assignments/assignment5/ros2_ws/src/build/relbot2turtlesim': CMAKE_PREFIX_PATH=${CMAKE_PREFIX_PATH}:/opt/ros/humble /usr/bin/cmake --build /home/raghav742/SDfR/Assignments/assignment5/ros2_ws/src/build/relbot2turtlesim -- -j8 -l8
[0.283s] DEBUG:colcon.colcon_core.event_handler.log_command:Invoking command in '/home/raghav742/SDfR/Assignments/assignment5/ros2_ws/src/build/relbot_adapter': CMAKE_PREFIX_PATH=${CMAKE_PREFIX_PATH}:/opt/ros/humble /usr/bin/cmake --build /home/raghav742/SDfR/Assignments/assignment5/ros2_ws/src/build/relbot_adapter -- -j8 -l8
[0.286s] DEBUG:colcon.colcon_core.event_handler.log_command:Invoking command in '/home/raghav742/SDfR/Assignments/assignment5/ros2_ws/src/build/relbot_launch': CMAKE_PREFIX_PATH=${CMAKE_PREFIX_PATH}:/opt/ros/humble /usr/bin/cmake --build /home/raghav742/SDfR/Assignments/assignment5/ros2_ws/src/build/relbot_launch -- -j8 -l8
[0.289s] DEBUG:colcon.colcon_core.event_handler.log_command:Invoking command in '/home/raghav742/SDfR/Assignments/assignment5/ros2_ws/src/build/relbot_sequence_controller': CMAKE_PREFIX_PATH=${CMAKE_PREFIX_PATH}:/opt/ros/humble /usr/bin/cmake --build /home/raghav742/SDfR/Assignments/assignment5/ros2_ws/src/build/relbot_sequence_controller -- -j8 -l8
[0.311s] DEBUG:colcon.colcon_core.event_handler.log_command:Invoked command in '/home/raghav742/SDfR/Assignments/assignment5/ros2_ws/src/build/relbot_launch' returned '0': CMAKE_PREFIX_PATH=${CMAKE_PREFIX_PATH}:/opt/ros/humble /usr/bin/cmake --build /home/raghav742/SDfR/Assignments/assignment5/ros2_ws/src/build/relbot_launch -- -j8 -l8
[0.319s] DEBUG:colcon.colcon_core.event_handler.log_command:Invoking command in '/home/raghav742/SDfR/Assignments/assignment5/ros2_ws/src/build/relbot_launch': CMAKE_PREFIX_PATH=${CMAKE_PREFIX_PATH}:/opt/ros/humble /usr/bin/cmake --install /home/raghav742/SDfR/Assignments/assignment5/ros2_ws/src/build/relbot_launch
[0.329s] Level 1:colcon.colcon_core.environment:create_environment_scripts_only(relbot_launch)
[0.333s] Level 1:colcon.colcon_core.environment:checking '/home/raghav742/SDfR/Assignments/assignment5/ros2_ws/src/install/relbot_launch' for CMake module files
[0.334s] Level 1:colcon.colcon_core.environment:checking '/home/raghav742/SDfR/Assignments/assignment5/ros2_ws/src/install/relbot_launch' for CMake config files
[0.334s] Level 1:colcon.colcon_core.shell:create_environment_hook('relbot_launch', 'cmake_prefix_path')
[0.334s] INFO:colcon.colcon_core.shell:Creating environment hook '/home/raghav742/SDfR/Assignments/assignment5/ros2_ws/src/install/relbot_launch/share/relbot_launch/hook/cmake_prefix_path.ps1'
[0.335s] INFO:colcon.colcon_core.shell:Creating environment descriptor '/home/raghav742/SDfR/Assignments/assignment5/ros2_ws/src/install/relbot_launch/share/relbot_launch/hook/cmake_prefix_path.dsv'
[0.336s] INFO:colcon.colcon_core.shell:Creating environment hook '/home/raghav742/SDfR/Assignments/assignment5/ros2_ws/src/install/relbot_launch/share/relbot_launch/hook/cmake_prefix_path.sh'
[0.337s] DEBUG:colcon.colcon_core.event_handler.log_command:Invoked command in '/home/raghav742/SDfR/Assignments/assignment5/ros2_ws/src/build/relbot_launch' returned '0': CMAKE_PREFIX_PATH=${CMAKE_PREFIX_PATH}:/opt/ros/humble /usr/bin/cmake --install /home/raghav742/SDfR/Assignments/assignment5/ros2_ws/src/build/relbot_launch
[0.337s] Level 1:colcon.colcon_core.environment:checking '/home/raghav742/SDfR/Assignments/assignment5/ros2_ws/src/install/relbot_launch/bin'
[0.337s] Level 1:colcon.colcon_core.environment:checking '/home/raghav742/SDfR/Assignments/assignment5/ros2_ws/src/install/relbot_launch/lib/pkgconfig/relbot_launch.pc'
[0.338s] Level 1:colcon.colcon_core.environment:checking '/home/raghav742/SDfR/Assignments/assignment5/ros2_ws/src/install/relbot_launch/lib/python3.10/site-packages'
[0.338s] Level 1:colcon.colcon_core.environment:checking '/home/raghav742/SDfR/Assignments/assignment5/ros2_ws/src/install/relbot_launch/bin'
[0.340s] INFO:colcon.colcon_core.shell:Creating package script '/home/raghav742/SDfR/Assignments/assignment5/ros2_ws/src/install/relbot_launch/share/relbot_launch/package.ps1'
[0.341s] INFO:colcon.colcon_core.shell:Creating package descriptor '/home/raghav742/SDfR/Assignments/assignment5/ros2_ws/src/install/relbot_launch/share/relbot_launch/package.dsv'
[0.342s] INFO:colcon.colcon_core.shell:Creating package script '/home/raghav742/SDfR/Assignments/assignment5/ros2_ws/src/install/relbot_launch/share/relbot_launch/package.sh'
[0.343s] INFO:colcon.colcon_core.shell:Creating package script '/home/raghav742/SDfR/Assignments/assignment5/ros2_ws/src/install/relbot_launch/share/relbot_launch/package.bash'
[0.344s] INFO:colcon.colcon_core.shell:Creating package script '/home/raghav742/SDfR/Assignments/assignment5/ros2_ws/src/install/relbot_launch/share/relbot_launch/package.zsh'
[0.344s] Level 1:colcon.colcon_core.environment:create_file_with_runtime_dependencies(/home/raghav742/SDfR/Assignments/assignment5/ros2_ws/src/install/relbot_launch/share/colcon-core/packages/relbot_launch)
[0.345s] Level 1:colcon.colcon_core.environment:create_environment_scripts_only(relbot_launch)
[0.345s] Level 1:colcon.colcon_core.environment:checking '/home/raghav742/SDfR/Assignments/assignment5/ros2_ws/src/install/relbot_launch' for CMake module files
[0.346s] Level 1:colcon.colcon_core.environment:checking '/home/raghav742/SDfR/Assignments/assignment5/ros2_ws/src/install/relbot_launch' for CMake config files
[0.346s] Level 1:colcon.colcon_core.shell:create_environment_hook('relbot_launch', 'cmake_prefix_path')
[0.346s] INFO:colcon.colcon_core.shell:Creating environment hook '/home/raghav742/SDfR/Assignments/assignment5/ros2_ws/src/install/relbot_launch/share/relbot_launch/hook/cmake_prefix_path.ps1'
[0.347s] INFO:colcon.colcon_core.shell:Creating environment descriptor '/home/raghav742/SDfR/Assignments/assignment5/ros2_ws/src/install/relbot_launch/share/relbot_launch/hook/cmake_prefix_path.dsv'
[0.348s] INFO:colcon.colcon_core.shell:Creating environment hook '/home/raghav742/SDfR/Assignments/assignment5/ros2_ws/src/install/relbot_launch/share/relbot_launch/hook/cmake_prefix_path.sh'
[0.350s] Level 1:colcon.colcon_core.environment:checking '/home/raghav742/SDfR/Assignments/assignment5/ros2_ws/src/install/relbot_launch/bin'
[0.354s] Level 1:colcon.colcon_core.environment:checking '/home/raghav742/SDfR/Assignments/assignment5/ros2_ws/src/install/relbot_launch/lib/pkgconfig/relbot_launch.pc'
[0.354s] Level 1:colcon.colcon_core.environment:checking '/home/raghav742/SDfR/Assignments/assignment5/ros2_ws/src/install/relbot_launch/lib/python3.10/site-packages'
[0.355s] Level 1:colcon.colcon_core.environment:checking '/home/raghav742/SDfR/Assignments/assignment5/ros2_ws/src/install/relbot_launch/bin'
[0.356s] INFO:colcon.colcon_core.shell:Creating package script '/home/raghav742/SDfR/Assignments/assignment5/ros2_ws/src/install/relbot_launch/share/relbot_launch/package.ps1'
[0.356s] INFO:colcon.colcon_core.shell:Creating package descriptor '/home/raghav742/SDfR/Assignments/assignment5/ros2_ws/src/install/relbot_launch/share/relbot_launch/package.dsv'
[0.357s] INFO:colcon.colcon_core.shell:Creating package script '/home/raghav742/SDfR/Assignments/assignment5/ros2_ws/src/install/relbot_launch/share/relbot_launch/package.sh'
[0.358s] INFO:colcon.colcon_core.shell:Creating package script '/home/raghav742/SDfR/Assignments/assignment5/ros2_ws/src/install/relbot_launch/share/relbot_launch/package.bash'
[0.358s] INFO:colcon.colcon_core.shell:Creating package script '/home/raghav742/SDfR/Assignments/assignment5/ros2_ws/src/install/relbot_launch/share/relbot_launch/package.zsh'
[0.359s] Level 1:colcon.colcon_core.environment:create_file_with_runtime_dependencies(/home/raghav742/SDfR/Assignments/assignment5/ros2_ws/src/install/relbot_launch/share/colcon-core/packages/relbot_launch)
[0.361s] DEBUG:colcon.colcon_core.event_handler.log_command:Invoked command in '/home/raghav742/SDfR/Assignments/assignment5/ros2_ws/src/build/relbot2turtlesim' returned '0': CMAKE_PREFIX_PATH=${CMAKE_PREFIX_PATH}:/opt/ros/humble /usr/bin/cmake --build /home/raghav742/SDfR/Assignments/assignment5/ros2_ws/src/build/relbot2turtlesim -- -j8 -l8
[0.362s] DEBUG:colcon.colcon_core.event_handler.log_command:Invoking command in '/home/raghav742/SDfR/Assignments/assignment5/ros2_ws/src/build/relbot2turtlesim': CMAKE_PREFIX_PATH=${CMAKE_PREFIX_PATH}:/opt/ros/humble /usr/bin/cmake --install /home/raghav742/SDfR/Assignments/assignment5/ros2_ws/src/build/relbot2turtlesim
[0.363s] DEBUG:colcon.colcon_core.event_handler.log_command:Invoked command in '/home/raghav742/SDfR/Assignments/assignment5/ros2_ws/src/build/relbot_adapter' returned '0': CMAKE_PREFIX_PATH=${CMAKE_PREFIX_PATH}:/opt/ros/humble /usr/bin/cmake --build /home/raghav742/SDfR/Assignments/assignment5/ros2_ws/src/build/relbot_adapter -- -j8 -l8
[0.365s] DEBUG:colcon.colcon_core.event_handler.log_command:Invoking command in '/home/raghav742/SDfR/Assignments/assignment5/ros2_ws/src/build/relbot_adapter': CMAKE_PREFIX_PATH=${CMAKE_PREFIX_PATH}:/opt/ros/humble /usr/bin/cmake --install /home/raghav742/SDfR/Assignments/assignment5/ros2_ws/src/build/relbot_adapter
[0.370s] Level 1:colcon.colcon_core.environment:create_environment_scripts_only(relbot2turtlesim)
[0.371s] Level 1:colcon.colcon_core.environment:checking '/home/raghav742/SDfR/Assignments/assignment5/ros2_ws/src/install/relbot2turtlesim' for CMake module files
[0.371s] DEBUG:colcon.colcon_core.event_handler.log_command:Invoked command in '/home/raghav742/SDfR/Assignments/assignment5/ros2_ws/src/build/relbot2turtlesim' returned '0': CMAKE_PREFIX_PATH=${CMAKE_PREFIX_PATH}:/opt/ros/humble /usr/bin/cmake --install /home/raghav742/SDfR/Assignments/assignment5/ros2_ws/src/build/relbot2turtlesim
[0.373s] Level 1:colcon.colcon_core.environment:checking '/home/raghav742/SDfR/Assignments/assignment5/ros2_ws/src/install/relbot2turtlesim' for CMake config files
[0.373s] Level 1:colcon.colcon_core.shell:create_environment_hook('relbot2turtlesim', 'cmake_prefix_path')
[0.374s] INFO:colcon.colcon_core.shell:Creating environment hook '/home/raghav742/SDfR/Assignments/assignment5/ros2_ws/src/install/relbot2turtlesim/share/relbot2turtlesim/hook/cmake_prefix_path.ps1'
[0.374s] INFO:colcon.colcon_core.shell:Creating environment descriptor '/home/raghav742/SDfR/Assignments/assignment5/ros2_ws/src/install/relbot2turtlesim/share/relbot2turtlesim/hook/cmake_prefix_path.dsv'
[0.375s] INFO:colcon.colcon_core.shell:Creating environment hook '/home/raghav742/SDfR/Assignments/assignment5/ros2_ws/src/install/relbot2turtlesim/share/relbot2turtlesim/hook/cmake_prefix_path.sh'
[0.375s] Level 1:colcon.colcon_core.environment:checking '/home/raghav742/SDfR/Assignments/assignment5/ros2_ws/src/install/relbot2turtlesim/lib'
[0.376s] Level 1:colcon.colcon_core.environment:checking '/home/raghav742/SDfR/Assignments/assignment5/ros2_ws/src/install/relbot2turtlesim/bin'
[0.376s] Level 1:colcon.colcon_core.environment:checking '/home/raghav742/SDfR/Assignments/assignment5/ros2_ws/src/install/relbot2turtlesim/lib/pkgconfig/relbot2turtlesim.pc'
[0.376s] Level 1:colcon.colcon_core.environment:checking '/home/raghav742/SDfR/Assignments/assignment5/ros2_ws/src/install/relbot2turtlesim/lib/python3.10/site-packages'
[0.377s] Level 1:colcon.colcon_core.environment:checking '/home/raghav742/SDfR/Assignments/assignment5/ros2_ws/src/install/relbot2turtlesim/bin'
[0.377s] INFO:colcon.colcon_core.shell:Creating package script '/home/raghav742/SDfR/Assignments/assignment5/ros2_ws/src/install/relbot2turtlesim/share/relbot2turtlesim/package.ps1'
[0.378s] INFO:colcon.colcon_core.shell:Creating package descriptor '/home/raghav742/SDfR/Assignments/assignment5/ros2_ws/src/install/relbot2turtlesim/share/relbot2turtlesim/package.dsv'
[0.378s] INFO:colcon.colcon_core.shell:Creating package script '/home/raghav742/SDfR/Assignments/assignment5/ros2_ws/src/install/relbot2turtlesim/share/relbot2turtlesim/package.sh'
[0.378s] INFO:colcon.colcon_core.shell:Creating package script '/home/raghav742/SDfR/Assignments/assignment5/ros2_ws/src/install/relbot2turtlesim/share/relbot2turtlesim/package.bash'
[0.379s] INFO:colcon.colcon_core.shell:Creating package script '/home/raghav742/SDfR/Assignments/assignment5/ros2_ws/src/install/relbot2turtlesim/share/relbot2turtlesim/package.zsh'
[0.379s] Level 1:colcon.colcon_core.environment:create_file_with_runtime_dependencies(/home/raghav742/SDfR/Assignments/assignment5/ros2_ws/src/install/relbot2turtlesim/share/colcon-core/packages/relbot2turtlesim)
[0.379s] Level 1:colcon.colcon_core.environment:create_environment_scripts_only(relbot2turtlesim)
[0.379s] Level 1:colcon.colcon_core.environment:checking '/home/raghav742/SDfR/Assignments/assignment5/ros2_ws/src/install/relbot2turtlesim' for CMake module files
[0.380s] Level 1:colcon.colcon_core.environment:checking '/home/raghav742/SDfR/Assignments/assignment5/ros2_ws/src/install/relbot2turtlesim' for CMake config files
[0.380s] Level 1:colcon.colcon_core.shell:create_environment_hook('relbot2turtlesim', 'cmake_prefix_path')
[0.380s] INFO:colcon.colcon_core.shell:Creating environment hook '/home/raghav742/SDfR/Assignments/assignment5/ros2_ws/src/install/relbot2turtlesim/share/relbot2turtlesim/hook/cmake_prefix_path.ps1'
[0.380s] INFO:colcon.colcon_core.shell:Creating environment descriptor '/home/raghav742/SDfR/Assignments/assignment5/ros2_ws/src/install/relbot2turtlesim/share/relbot2turtlesim/hook/cmake_prefix_path.dsv'
[0.381s] INFO:colcon.colcon_core.shell:Creating environment hook '/home/raghav742/SDfR/Assignments/assignment5/ros2_ws/src/install/relbot2turtlesim/share/relbot2turtlesim/hook/cmake_prefix_path.sh'
[0.381s] Level 1:colcon.colcon_core.environment:checking '/home/raghav742/SDfR/Assignments/assignment5/ros2_ws/src/install/relbot2turtlesim/lib'
[0.381s] Level 1:colcon.colcon_core.environment:checking '/home/raghav742/SDfR/Assignments/assignment5/ros2_ws/src/install/relbot2turtlesim/bin'
[0.381s] Level 1:colcon.colcon_core.environment:checking '/home/raghav742/SDfR/Assignments/assignment5/ros2_ws/src/install/relbot2turtlesim/lib/pkgconfig/relbot2turtlesim.pc'
[0.381s] Level 1:colcon.colcon_core.environment:checking '/home/raghav742/SDfR/Assignments/assignment5/ros2_ws/src/install/relbot2turtlesim/lib/python3.10/site-packages'
[0.381s] Level 1:colcon.colcon_core.environment:checking '/home/raghav742/SDfR/Assignments/assignment5/ros2_ws/src/install/relbot2turtlesim/bin'
[0.382s] INFO:colcon.colcon_core.shell:Creating package script '/home/raghav742/SDfR/Assignments/assignment5/ros2_ws/src/install/relbot2turtlesim/share/relbot2turtlesim/package.ps1'
[0.382s] INFO:colcon.colcon_core.shell:Creating package descriptor '/home/raghav742/SDfR/Assignments/assignment5/ros2_ws/src/install/relbot2turtlesim/share/relbot2turtlesim/package.dsv'
[0.382s] INFO:colcon.colcon_core.shell:Creating package script '/home/raghav742/SDfR/Assignments/assignment5/ros2_ws/src/install/relbot2turtlesim/share/relbot2turtlesim/package.sh'
[0.383s] INFO:colcon.colcon_core.shell:Creating package script '/home/raghav742/SDfR/Assignments/assignment5/ros2_ws/src/install/relbot2turtlesim/share/relbot2turtlesim/package.bash'
[0.383s] INFO:colcon.colcon_core.shell:Creating package script '/home/raghav742/SDfR/Assignments/assignment5/ros2_ws/src/install/relbot2turtlesim/share/relbot2turtlesim/package.zsh'
[0.383s] Level 1:colcon.colcon_core.environment:create_file_with_runtime_dependencies(/home/raghav742/SDfR/Assignments/assignment5/ros2_ws/src/install/relbot2turtlesim/share/colcon-core/packages/relbot2turtlesim)
[0.384s] Level 1:colcon.colcon_core.environment:create_environment_scripts_only(relbot_adapter)
[0.384s] Level 1:colcon.colcon_core.environment:checking '/home/raghav742/SDfR/Assignments/assignment5/ros2_ws/src/install/relbot_adapter' for CMake module files
[0.385s] DEBUG:colcon.colcon_core.event_handler.log_command:Invoked command in '/home/raghav742/SDfR/Assignments/assignment5/ros2_ws/src/build/relbot_adapter' returned '0': CMAKE_PREFIX_PATH=${CMAKE_PREFIX_PATH}:/opt/ros/humble /usr/bin/cmake --install /home/raghav742/SDfR/Assignments/assignment5/ros2_ws/src/build/relbot_adapter
[0.386s] Level 1:colcon.colcon_core.environment:checking '/home/raghav742/SDfR/Assignments/assignment5/ros2_ws/src/install/relbot_adapter' for CMake config files
[0.386s] Level 1:colcon.colcon_core.shell:create_environment_hook('relbot_adapter', 'cmake_prefix_path')
[0.386s] INFO:colcon.colcon_core.shell:Creating environment hook '/home/raghav742/SDfR/Assignments/assignment5/ros2_ws/src/install/relbot_adapter/share/relbot_adapter/hook/cmake_prefix_path.ps1'
[0.387s] INFO:colcon.colcon_core.shell:Creating environment descriptor '/home/raghav742/SDfR/Assignments/assignment5/ros2_ws/src/install/relbot_adapter/share/relbot_adapter/hook/cmake_prefix_path.dsv'
[0.387s] INFO:colcon.colcon_core.shell:Creating environment hook '/home/raghav742/SDfR/Assignments/assignment5/ros2_ws/src/install/relbot_adapter/share/relbot_adapter/hook/cmake_prefix_path.sh'
[0.388s] Level 1:colcon.colcon_core.environment:checking '/home/raghav742/SDfR/Assignments/assignment5/ros2_ws/src/install/relbot_adapter/lib'
[0.388s] Level 1:colcon.colcon_core.environment:checking '/home/raghav742/SDfR/Assignments/assignment5/ros2_ws/src/install/relbot_adapter/bin'
[0.388s] Level 1:colcon.colcon_core.environment:checking '/home/raghav742/SDfR/Assignments/assignment5/ros2_ws/src/install/relbot_adapter/lib/pkgconfig/relbot_adapter.pc'
[0.388s] Level 1:colcon.colcon_core.environment:checking '/home/raghav742/SDfR/Assignments/assignment5/ros2_ws/src/install/relbot_adapter/lib/python3.10/site-packages'
[0.389s] Level 1:colcon.colcon_core.environment:checking '/home/raghav742/SDfR/Assignments/assignment5/ros2_ws/src/install/relbot_adapter/bin'
[0.389s] INFO:colcon.colcon_core.shell:Creating package script '/home/raghav742/SDfR/Assignments/assignment5/ros2_ws/src/install/relbot_adapter/share/relbot_adapter/package.ps1'
[0.390s] INFO:colcon.colcon_core.shell:Creating package descriptor '/home/raghav742/SDfR/Assignments/assignment5/ros2_ws/src/install/relbot_adapter/share/relbot_adapter/package.dsv'
[0.390s] INFO:colcon.colcon_core.shell:Creating package script '/home/raghav742/SDfR/Assignments/assignment5/ros2_ws/src/install/relbot_adapter/share/relbot_adapter/package.sh'
[0.390s] INFO:colcon.colcon_core.shell:Creating package script '/home/raghav742/SDfR/Assignments/assignment5/ros2_ws/src/install/relbot_adapter/share/relbot_adapter/package.bash'
[0.391s] INFO:colcon.colcon_core.shell:Creating package script '/home/raghav742/SDfR/Assignments/assignment5/ros2_ws/src/install/relbot_adapter/share/relbot_adapter/package.zsh'
[0.391s] Level 1:colcon.colcon_core.environment:create_file_with_runtime_dependencies(/home/raghav742/SDfR/Assignments/assignment5/ros2_ws/src/install/relbot_adapter/share/colcon-core/packages/relbot_adapter)
[0.392s] Level 1:colcon.colcon_core.environment:create_environment_scripts_only(relbot_adapter)
[0.392s] Level 1:colcon.colcon_core.environment:checking '/home/raghav742/SDfR/Assignments/assignment5/ros2_ws/src/install/relbot_adapter' for CMake module files
[0.393s] Level 1:colcon.colcon_core.environment:checking '/home/raghav742/SDfR/Assignments/assignment5/ros2_ws/src/install/relbot_adapter' for CMake config files
[0.393s] Level 1:colcon.colcon_core.shell:create_environment_hook('relbot_adapter', 'cmake_prefix_path')
[0.393s] INFO:colcon.colcon_core.shell:Creating environment hook '/home/raghav742/SDfR/Assignments/assignment5/ros2_ws/src/install/relbot_adapter/share/relbot_adapter/hook/cmake_prefix_path.ps1'
[0.394s] INFO:colcon.colcon_core.shell:Creating environment descriptor '/home/raghav742/SDfR/Assignments/assignment5/ros2_ws/src/install/relbot_adapter/share/relbot_adapter/hook/cmake_prefix_path.dsv'
[0.394s] INFO:colcon.colcon_core.shell:Creating environment hook '/home/raghav742/SDfR/Assignments/assignment5/ros2_ws/src/install/relbot_adapter/share/relbot_adapter/hook/cmake_prefix_path.sh'
[0.395s] Level 1:colcon.colcon_core.environment:checking '/home/raghav742/SDfR/Assignments/assignment5/ros2_ws/src/install/relbot_adapter/lib'
[0.395s] Level 1:colcon.colcon_core.environment:checking '/home/raghav742/SDfR/Assignments/assignment5/ros2_ws/src/install/relbot_adapter/bin'
[0.395s] Level 1:colcon.colcon_core.environment:checking '/home/raghav742/SDfR/Assignments/assignment5/ros2_ws/src/install/relbot_adapter/lib/pkgconfig/relbot_adapter.pc'
[0.395s] Level 1:colcon.colcon_core.environment:checking '/home/raghav742/SDfR/Assignments/assignment5/ros2_ws/src/install/relbot_adapter/lib/python3.10/site-packages'
[0.396s] Level 1:colcon.colcon_core.environment:checking '/home/raghav742/SDfR/Assignments/assignment5/ros2_ws/src/install/relbot_adapter/bin'
[0.396s] INFO:colcon.colcon_core.shell:Creating package script '/home/raghav742/SDfR/Assignments/assignment5/ros2_ws/src/install/relbot_adapter/share/relbot_adapter/package.ps1'
[0.397s] INFO:colcon.colcon_core.shell:Creating package descriptor '/home/raghav742/SDfR/Assignments/assignment5/ros2_ws/src/install/relbot_adapter/share/relbot_adapter/package.dsv'
[0.397s] INFO:colcon.colcon_core.shell:Creating package script '/home/raghav742/SDfR/Assignments/assignment5/ros2_ws/src/install/relbot_adapter/share/relbot_adapter/package.sh'
[0.398s] INFO:colcon.colcon_core.shell:Creating package script '/home/raghav742/SDfR/Assignments/assignment5/ros2_ws/src/install/relbot_adapter/share/relbot_adapter/package.bash'
[0.398s] INFO:colcon.colcon_core.shell:Creating package script '/home/raghav742/SDfR/Assignments/assignment5/ros2_ws/src/install/relbot_adapter/share/relbot_adapter/package.zsh'
[0.398s] Level 1:colcon.colcon_core.environment:create_file_with_runtime_dependencies(/home/raghav742/SDfR/Assignments/assignment5/ros2_ws/src/install/relbot_adapter/share/colcon-core/packages/relbot_adapter)
[0.568s] DEBUG:colcon.colcon_core.event_handler.log_command:Invoked command in '/home/raghav742/SDfR/Assignments/assignment5/ros2_ws/src/build/relbot_msgs' returned '0': CMAKE_PREFIX_PATH=${CMAKE_PREFIX_PATH}:/opt/ros/humble /usr/bin/cmake --build /home/raghav742/SDfR/Assignments/assignment5/ros2_ws/src/build/relbot_msgs -- -j8 -l8
[0.570s] DEBUG:colcon.colcon_core.event_handler.log_command:Invoking command in '/home/raghav742/SDfR/Assignments/assignment5/ros2_ws/src/build/relbot_msgs': CMAKE_PREFIX_PATH=${CMAKE_PREFIX_PATH}:/opt/ros/humble /usr/bin/cmake --install /home/raghav742/SDfR/Assignments/assignment5/ros2_ws/src/build/relbot_msgs
[0.611s] Level 1:colcon.colcon_core.environment:create_environment_scripts_only(relbot_msgs)
[0.611s] Level 1:colcon.colcon_core.environment:checking '/home/raghav742/SDfR/Assignments/assignment5/ros2_ws/src/install/relbot_msgs' for CMake module files
[0.611s] DEBUG:colcon.colcon_core.event_handler.log_command:Invoked command in '/home/raghav742/SDfR/Assignments/assignment5/ros2_ws/src/build/relbot_msgs' returned '0': CMAKE_PREFIX_PATH=${CMAKE_PREFIX_PATH}:/opt/ros/humble /usr/bin/cmake --install /home/raghav742/SDfR/Assignments/assignment5/ros2_ws/src/build/relbot_msgs
[0.612s] Level 1:colcon.colcon_core.environment:checking '/home/raghav742/SDfR/Assignments/assignment5/ros2_ws/src/install/relbot_msgs' for CMake config files
[0.612s] Level 1:colcon.colcon_core.shell:create_environment_hook('relbot_msgs', 'cmake_prefix_path')
[0.612s] INFO:colcon.colcon_core.shell:Creating environment hook '/home/raghav742/SDfR/Assignments/assignment5/ros2_ws/src/install/relbot_msgs/share/relbot_msgs/hook/cmake_prefix_path.ps1'
[0.613s] INFO:colcon.colcon_core.shell:Creating environment descriptor '/home/raghav742/SDfR/Assignments/assignment5/ros2_ws/src/install/relbot_msgs/share/relbot_msgs/hook/cmake_prefix_path.dsv'
[0.613s] INFO:colcon.colcon_core.shell:Creating environment hook '/home/raghav742/SDfR/Assignments/assignment5/ros2_ws/src/install/relbot_msgs/share/relbot_msgs/hook/cmake_prefix_path.sh'
[0.613s] Level 1:colcon.colcon_core.environment:checking '/home/raghav742/SDfR/Assignments/assignment5/ros2_ws/src/install/relbot_msgs/lib'
[0.613s] Level 1:colcon.colcon_core.shell:create_environment_hook('relbot_msgs', 'ld_library_path_lib')
[0.613s] INFO:colcon.colcon_core.shell:Creating environment hook '/home/raghav742/SDfR/Assignments/assignment5/ros2_ws/src/install/relbot_msgs/share/relbot_msgs/hook/ld_library_path_lib.ps1'
[0.614s] INFO:colcon.colcon_core.shell:Creating environment descriptor '/home/raghav742/SDfR/Assignments/assignment5/ros2_ws/src/install/relbot_msgs/share/relbot_msgs/hook/ld_library_path_lib.dsv'
[0.614s] INFO:colcon.colcon_core.shell:Creating environment hook '/home/raghav742/SDfR/Assignments/assignment5/ros2_ws/src/install/relbot_msgs/share/relbot_msgs/hook/ld_library_path_lib.sh'
[0.614s] Level 1:colcon.colcon_core.environment:checking '/home/raghav742/SDfR/Assignments/assignment5/ros2_ws/src/install/relbot_msgs/bin'
[0.614s] Level 1:colcon.colcon_core.environment:checking '/home/raghav742/SDfR/Assignments/assignment5/ros2_ws/src/install/relbot_msgs/lib/pkgconfig/relbot_msgs.pc'
[0.614s] Level 1:colcon.colcon_core.environment:checking '/home/raghav742/SDfR/Assignments/assignment5/ros2_ws/src/install/relbot_msgs/lib/python3.10/site-packages'
[0.615s] Level 1:colcon.colcon_core.environment:checking '/home/raghav742/SDfR/Assignments/assignment5/ros2_ws/src/install/relbot_msgs/bin'
[0.615s] INFO:colcon.colcon_core.shell:Creating package script '/home/raghav742/SDfR/Assignments/assignment5/ros2_ws/src/install/relbot_msgs/share/relbot_msgs/package.ps1'
[0.615s] INFO:colcon.colcon_core.shell:Creating package descriptor '/home/raghav742/SDfR/Assignments/assignment5/ros2_ws/src/install/relbot_msgs/share/relbot_msgs/package.dsv'
[0.616s] INFO:colcon.colcon_core.shell:Creating package script '/home/raghav742/SDfR/Assignments/assignment5/ros2_ws/src/install/relbot_msgs/share/relbot_msgs/package.sh'
[0.616s] INFO:colcon.colcon_core.shell:Creating package script '/home/raghav742/SDfR/Assignments/assignment5/ros2_ws/src/install/relbot_msgs/share/relbot_msgs/package.bash'
[0.616s] INFO:colcon.colcon_core.shell:Creating package script '/home/raghav742/SDfR/Assignments/assignment5/ros2_ws/src/install/relbot_msgs/share/relbot_msgs/package.zsh'
[0.616s] Level 1:colcon.colcon_core.environment:create_file_with_runtime_dependencies(/home/raghav742/SDfR/Assignments/assignment5/ros2_ws/src/install/relbot_msgs/share/colcon-core/packages/relbot_msgs)
[0.617s] Level 1:colcon.colcon_core.environment:create_environment_scripts_only(relbot_msgs)
[0.617s] Level 1:colcon.colcon_core.environment:checking '/home/raghav742/SDfR/Assignments/assignment5/ros2_ws/src/install/relbot_msgs' for CMake module files
[0.617s] Level 1:colcon.colcon_core.environment:checking '/home/raghav742/SDfR/Assignments/assignment5/ros2_ws/src/install/relbot_msgs' for CMake config files
[0.618s] Level 1:colcon.colcon_core.shell:create_environment_hook('relbot_msgs', 'cmake_prefix_path')
[0.618s] INFO:colcon.colcon_core.shell:Creating environment hook '/home/raghav742/SDfR/Assignments/assignment5/ros2_ws/src/install/relbot_msgs/share/relbot_msgs/hook/cmake_prefix_path.ps1'
[0.618s] INFO:colcon.colcon_core.shell:Creating environment descriptor '/home/raghav742/SDfR/Assignments/assignment5/ros2_ws/src/install/relbot_msgs/share/relbot_msgs/hook/cmake_prefix_path.dsv'
[0.618s] INFO:colcon.colcon_core.shell:Creating environment hook '/home/raghav742/SDfR/Assignments/assignment5/ros2_ws/src/install/relbot_msgs/share/relbot_msgs/hook/cmake_prefix_path.sh'
[0.619s] Level 1:colcon.colcon_core.environment:checking '/home/raghav742/SDfR/Assignments/assignment5/ros2_ws/src/install/relbot_msgs/lib'
[0.619s] Level 1:colcon.colcon_core.shell:create_environment_hook('relbot_msgs', 'ld_library_path_lib')
[0.619s] INFO:colcon.colcon_core.shell:Creating environment hook '/home/raghav742/SDfR/Assignments/assignment5/ros2_ws/src/install/relbot_msgs/share/relbot_msgs/hook/ld_library_path_lib.ps1'
[0.619s] INFO:colcon.colcon_core.shell:Creating environment descriptor '/home/raghav742/SDfR/Assignments/assignment5/ros2_ws/src/install/relbot_msgs/share/relbot_msgs/hook/ld_library_path_lib.dsv'
[0.619s] INFO:colcon.colcon_core.shell:Creating environment hook '/home/raghav742/SDfR/Assignments/assignment5/ros2_ws/src/install/relbot_msgs/share/relbot_msgs/hook/ld_library_path_lib.sh'
[0.620s] Level 1:colcon.colcon_core.environment:checking '/home/raghav742/SDfR/Assignments/assignment5/ros2_ws/src/install/relbot_msgs/bin'
[0.620s] Level 1:colcon.colcon_core.environment:checking '/home/raghav742/SDfR/Assignments/assignment5/ros2_ws/src/install/relbot_msgs/lib/pkgconfig/relbot_msgs.pc'
[0.620s] Level 1:colcon.colcon_core.environment:checking '/home/raghav742/SDfR/Assignments/assignment5/ros2_ws/src/install/relbot_msgs/lib/python3.10/site-packages'
[0.620s] Level 1:colcon.colcon_core.environment:checking '/home/raghav742/SDfR/Assignments/assignment5/ros2_ws/src/install/relbot_msgs/bin'
[0.620s] INFO:colcon.colcon_core.shell:Creating package script '/home/raghav742/SDfR/Assignments/assignment5/ros2_ws/src/install/relbot_msgs/share/relbot_msgs/package.ps1'
[0.621s] INFO:colcon.colcon_core.shell:Creating package descriptor '/home/raghav742/SDfR/Assignments/assignment5/ros2_ws/src/install/relbot_msgs/share/relbot_msgs/package.dsv'
[0.621s] INFO:colcon.colcon_core.shell:Creating package script '/home/raghav742/SDfR/Assignments/assignment5/ros2_ws/src/install/relbot_msgs/share/relbot_msgs/package.sh'
[0.621s] INFO:colcon.colcon_core.shell:Creating package script '/home/raghav742/SDfR/Assignments/assignment5/ros2_ws/src/install/relbot_msgs/share/relbot_msgs/package.bash'
[0.622s] INFO:colcon.colcon_core.shell:Creating package script '/home/raghav742/SDfR/Assignments/assignment5/ros2_ws/src/install/relbot_msgs/share/relbot_msgs/package.zsh'
[0.622s] Level 1:colcon.colcon_core.environment:create_file_with_runtime_dependencies(/home/raghav742/SDfR/Assignments/assignment5/ros2_ws/src/install/relbot_msgs/share/colcon-core/packages/relbot_msgs)
[0.622s] INFO:colcon.colcon_ros.task.ament_cmake.build:Building ROS package in '/home/raghav742/SDfR/Assignments/assignment5/ros2_ws/src/relbot_simulator' with build type 'ament_cmake'
[0.622s] INFO:colcon.colcon_cmake.task.cmake.build:Building CMake package in '/home/raghav742/SDfR/Assignments/assignment5/ros2_ws/src/relbot_simulator'
[0.622s] INFO:colcon.colcon_core.shell:Skip shell extension 'powershell' for command environment: Not usable outside of PowerShell
[0.622s] DEBUG:colcon.colcon_core.shell:Skip shell extension 'dsv' for command environment
[0.630s] DEBUG:colcon.colcon_core.event_handler.log_command:Invoking command in '/home/raghav742/SDfR/Assignments/assignment5/ros2_ws/src/build/relbot_simulator': CMAKE_PREFIX_PATH=${CMAKE_PREFIX_PATH}:/opt/ros/humble /usr/bin/cmake --build /home/raghav742/SDfR/Assignments/assignment5/ros2_ws/src/build/relbot_simulator -- -j8 -l8
[0.685s] DEBUG:colcon.colcon_core.event_handler.log_command:Invoked command in '/home/raghav742/SDfR/Assignments/assignment5/ros2_ws/src/build/relbot_simulator' returned '0': CMAKE_PREFIX_PATH=${CMAKE_PREFIX_PATH}:/opt/ros/humble /usr/bin/cmake --build /home/raghav742/SDfR/Assignments/assignment5/ros2_ws/src/build/relbot_simulator -- -j8 -l8
[0.687s] DEBUG:colcon.colcon_core.event_handler.log_command:Invoking command in '/home/raghav742/SDfR/Assignments/assignment5/ros2_ws/src/build/relbot_simulator': CMAKE_PREFIX_PATH=${CMAKE_PREFIX_PATH}:/opt/ros/humble /usr/bin/cmake --install /home/raghav742/SDfR/Assignments/assignment5/ros2_ws/src/build/relbot_simulator
[0.693s] Level 1:colcon.colcon_core.environment:create_environment_scripts_only(relbot_simulator)
[0.694s] Level 1:colcon.colcon_core.environment:checking '/home/raghav742/SDfR/Assignments/assignment5/ros2_ws/src/install/relbot_simulator' for CMake module files
[0.695s] DEBUG:colcon.colcon_core.event_handler.log_command:Invoked command in '/home/raghav742/SDfR/Assignments/assignment5/ros2_ws/src/build/relbot_simulator' returned '0': CMAKE_PREFIX_PATH=${CMAKE_PREFIX_PATH}:/opt/ros/humble /usr/bin/cmake --install /home/raghav742/SDfR/Assignments/assignment5/ros2_ws/src/build/relbot_simulator
[0.695s] Level 1:colcon.colcon_core.environment:checking '/home/raghav742/SDfR/Assignments/assignment5/ros2_ws/src/install/relbot_simulator' for CMake config files
[0.695s] Level 1:colcon.colcon_core.shell:create_environment_hook('relbot_simulator', 'cmake_prefix_path')
[0.695s] INFO:colcon.colcon_core.shell:Creating environment hook '/home/raghav742/SDfR/Assignments/assignment5/ros2_ws/src/install/relbot_simulator/share/relbot_simulator/hook/cmake_prefix_path.ps1'
[0.696s] INFO:colcon.colcon_core.shell:Creating environment descriptor '/home/raghav742/SDfR/Assignments/assignment5/ros2_ws/src/install/relbot_simulator/share/relbot_simulator/hook/cmake_prefix_path.dsv'
[0.696s] INFO:colcon.colcon_core.shell:Creating environment hook '/home/raghav742/SDfR/Assignments/assignment5/ros2_ws/src/install/relbot_simulator/share/relbot_simulator/hook/cmake_prefix_path.sh'
[0.696s] Level 1:colcon.colcon_core.environment:checking '/home/raghav742/SDfR/Assignments/assignment5/ros2_ws/src/install/relbot_simulator/lib'
[0.696s] Level 1:colcon.colcon_core.environment:checking '/home/raghav742/SDfR/Assignments/assignment5/ros2_ws/src/install/relbot_simulator/bin'
[0.697s] Level 1:colcon.colcon_core.environment:checking '/home/raghav742/SDfR/Assignments/assignment5/ros2_ws/src/install/relbot_simulator/lib/pkgconfig/relbot_simulator.pc'
[0.697s] Level 1:colcon.colcon_core.environment:checking '/home/raghav742/SDfR/Assignments/assignment5/ros2_ws/src/install/relbot_simulator/lib/python3.10/site-packages'
[0.697s] Level 1:colcon.colcon_core.environment:checking '/home/raghav742/SDfR/Assignments/assignment5/ros2_ws/src/install/relbot_simulator/bin'
[0.697s] INFO:colcon.colcon_core.shell:Creating package script '/home/raghav742/SDfR/Assignments/assignment5/ros2_ws/src/install/relbot_simulator/share/relbot_simulator/package.ps1'
[0.698s] INFO:colcon.colcon_core.shell:Creating package descriptor '/home/raghav742/SDfR/Assignments/assignment5/ros2_ws/src/install/relbot_simulator/share/relbot_simulator/package.dsv'
[0.698s] INFO:colcon.colcon_core.shell:Creating package script '/home/raghav742/SDfR/Assignments/assignment5/ros2_ws/src/install/relbot_simulator/share/relbot_simulator/package.sh'
[0.698s] INFO:colcon.colcon_core.shell:Creating package script '/home/raghav742/SDfR/Assignments/assignment5/ros2_ws/src/install/relbot_simulator/share/relbot_simulator/package.bash'
[0.698s] INFO:colcon.colcon_core.shell:Creating package script '/home/raghav742/SDfR/Assignments/assignment5/ros2_ws/src/install/relbot_simulator/share/relbot_simulator/package.zsh'
[0.699s] Level 1:colcon.colcon_core.environment:create_file_with_runtime_dependencies(/home/raghav742/SDfR/Assignments/assignment5/ros2_ws/src/install/relbot_simulator/share/colcon-core/packages/relbot_simulator)
[0.699s] Level 1:colcon.colcon_core.environment:create_environment_scripts_only(relbot_simulator)
[0.699s] Level 1:colcon.colcon_core.environment:checking '/home/raghav742/SDfR/Assignments/assignment5/ros2_ws/src/install/relbot_simulator' for CMake module files
[0.699s] Level 1:colcon.colcon_core.environment:checking '/home/raghav742/SDfR/Assignments/assignment5/ros2_ws/src/install/relbot_simulator' for CMake config files
[0.700s] Level 1:colcon.colcon_core.shell:create_environment_hook('relbot_simulator', 'cmake_prefix_path')
[0.700s] INFO:colcon.colcon_core.shell:Creating environment hook '/home/raghav742/SDfR/Assignments/assignment5/ros2_ws/src/install/relbot_simulator/share/relbot_simulator/hook/cmake_prefix_path.ps1'
[0.700s] INFO:colcon.colcon_core.shell:Creating environment descriptor '/home/raghav742/SDfR/Assignments/assignment5/ros2_ws/src/install/relbot_simulator/share/relbot_simulator/hook/cmake_prefix_path.dsv'
[0.700s] INFO:colcon.colcon_core.shell:Creating environment hook '/home/raghav742/SDfR/Assignments/assignment5/ros2_ws/src/install/relbot_simulator/share/relbot_simulator/hook/cmake_prefix_path.sh'
[0.701s] Level 1:colcon.colcon_core.environment:checking '/home/raghav742/SDfR/Assignments/assignment5/ros2_ws/src/install/relbot_simulator/lib'
[0.701s] Level 1:colcon.colcon_core.environment:checking '/home/raghav742/SDfR/Assignments/assignment5/ros2_ws/src/install/relbot_simulator/bin'
[0.701s] Level 1:colcon.colcon_core.environment:checking '/home/raghav742/SDfR/Assignments/assignment5/ros2_ws/src/install/relbot_simulator/lib/pkgconfig/relbot_simulator.pc'
[0.701s] Level 1:colcon.colcon_core.environment:checking '/home/raghav742/SDfR/Assignments/assignment5/ros2_ws/src/install/relbot_simulator/lib/python3.10/site-packages'
[0.701s] Level 1:colcon.colcon_core.environment:checking '/home/raghav742/SDfR/Assignments/assignment5/ros2_ws/src/install/relbot_simulator/bin'
[0.701s] INFO:colcon.colcon_core.shell:Creating package script '/home/raghav742/SDfR/Assignments/assignment5/ros2_ws/src/install/relbot_simulator/share/relbot_simulator/package.ps1'
[0.702s] INFO:colcon.colcon_core.shell:Creating package descriptor '/home/raghav742/SDfR/Assignments/assignment5/ros2_ws/src/install/relbot_simulator/share/relbot_simulator/package.dsv'
[0.702s] INFO:colcon.colcon_core.shell:Creating package script '/home/raghav742/SDfR/Assignments/assignment5/ros2_ws/src/install/relbot_simulator/share/relbot_simulator/package.sh'
[0.702s] INFO:colcon.colcon_core.shell:Creating package script '/home/raghav742/SDfR/Assignments/assignment5/ros2_ws/src/install/relbot_simulator/share/relbot_simulator/package.bash'
[0.703s] INFO:colcon.colcon_core.shell:Creating package script '/home/raghav742/SDfR/Assignments/assignment5/ros2_ws/src/install/relbot_simulator/share/relbot_simulator/package.zsh'
[0.703s] Level 1:colcon.colcon_core.environment:create_file_with_runtime_dependencies(/home/raghav742/SDfR/Assignments/assignment5/ros2_ws/src/install/relbot_simulator/share/colcon-core/packages/relbot_simulator)
[2.582s] DEBUG:colcon.colcon_core.event_handler.log_command:Invoked command in '/home/raghav742/SDfR/Assignments/assignment5/ros2_ws/src/build/relbot_sequence_controller' returned '2': CMAKE_PREFIX_PATH=${CMAKE_PREFIX_PATH}:/opt/ros/humble /usr/bin/cmake --build /home/raghav742/SDfR/Assignments/assignment5/ros2_ws/src/build/relbot_sequence_controller -- -j8 -l8
[2.583s] Level 1:colcon.colcon_core.environment:create_environment_scripts_only(relbot_sequence_controller)
[2.583s] Level 1:colcon.colcon_core.environment:checking '/home/raghav742/SDfR/Assignments/assignment5/ros2_ws/src/install/relbot_sequence_controller' for CMake module files
[2.583s] Level 1:colcon.colcon_core.environment:checking '/home/raghav742/SDfR/Assignments/assignment5/ros2_ws/src/install/relbot_sequence_controller' for CMake config files
[2.583s] Level 1:colcon.colcon_core.shell:create_environment_hook('relbot_sequence_controller', 'cmake_prefix_path')
[2.584s] INFO:colcon.colcon_core.shell:Creating environment hook '/home/raghav742/SDfR/Assignments/assignment5/ros2_ws/src/install/relbot_sequence_controller/share/relbot_sequence_controller/hook/cmake_prefix_path.ps1'
[2.584s] INFO:colcon.colcon_core.shell:Creating environment descriptor '/home/raghav742/SDfR/Assignments/assignment5/ros2_ws/src/install/relbot_sequence_controller/share/relbot_sequence_controller/hook/cmake_prefix_path.dsv'
[2.584s] INFO:colcon.colcon_core.shell:Creating environment hook '/home/raghav742/SDfR/Assignments/assignment5/ros2_ws/src/install/relbot_sequence_controller/share/relbot_sequence_controller/hook/cmake_prefix_path.sh'
[2.585s] Level 1:colcon.colcon_core.environment:checking '/home/raghav742/SDfR/Assignments/assignment5/ros2_ws/src/install/relbot_sequence_controller/lib'
[2.585s] Level 1:colcon.colcon_core.environment:checking '/home/raghav742/SDfR/Assignments/assignment5/ros2_ws/src/install/relbot_sequence_controller/bin'
[2.585s] Level 1:colcon.colcon_core.environment:checking '/home/raghav742/SDfR/Assignments/assignment5/ros2_ws/src/install/relbot_sequence_controller/lib/pkgconfig/relbot_sequence_controller.pc'
[2.585s] Level 1:colcon.colcon_core.environment:checking '/home/raghav742/SDfR/Assignments/assignment5/ros2_ws/src/install/relbot_sequence_controller/lib/python3.10/site-packages'
[2.585s] Level 1:colcon.colcon_core.environment:checking '/home/raghav742/SDfR/Assignments/assignment5/ros2_ws/src/install/relbot_sequence_controller/bin'
[2.585s] INFO:colcon.colcon_core.shell:Creating package script '/home/raghav742/SDfR/Assignments/assignment5/ros2_ws/src/install/relbot_sequence_controller/share/relbot_sequence_controller/package.ps1'
[2.586s] INFO:colcon.colcon_core.shell:Creating package descriptor '/home/raghav742/SDfR/Assignments/assignment5/ros2_ws/src/install/relbot_sequence_controller/share/relbot_sequence_controller/package.dsv'
[2.586s] INFO:colcon.colcon_core.shell:Creating package script '/home/raghav742/SDfR/Assignments/assignment5/ros2_ws/src/install/relbot_sequence_controller/share/relbot_sequence_controller/package.sh'
[2.586s] INFO:colcon.colcon_core.shell:Creating package script '/home/raghav742/SDfR/Assignments/assignment5/ros2_ws/src/install/relbot_sequence_controller/share/relbot_sequence_controller/package.bash'
[2.586s] INFO:colcon.colcon_core.shell:Creating package script '/home/raghav742/SDfR/Assignments/assignment5/ros2_ws/src/install/relbot_sequence_controller/share/relbot_sequence_controller/package.zsh'
[2.587s] Level 1:colcon.colcon_core.environment:create_file_with_runtime_dependencies(/home/raghav742/SDfR/Assignments/assignment5/ros2_ws/src/install/relbot_sequence_controller/share/colcon-core/packages/relbot_sequence_controller)
[2.597s] DEBUG:colcon.colcon_parallel_executor.executor.parallel:closing loop
[2.597s] DEBUG:colcon.colcon_parallel_executor.executor.parallel:loop closed
[2.597s] DEBUG:colcon.colcon_parallel_executor.executor.parallel:run_until_complete finished with '2'
[2.597s] DEBUG:colcon.colcon_core.event_reactor:joining thread
[2.601s] INFO:colcon.colcon_core.plugin_system:Skipping extension 'colcon_notification.desktop_notification.terminal_notifier': Not used on non-Darwin systems
[2.601s] INFO:colcon.colcon_core.plugin_system:Skipping extension 'colcon_notification.desktop_notification.win32': Not used on non-Windows systems
[2.601s] INFO:colcon.colcon_notification.desktop_notification:Sending desktop notification using 'notify2'
[2.609s] DEBUG:colcon.colcon_core.event_reactor:joined thread
[2.609s] INFO:colcon.colcon_core.shell:Creating prefix script '/home/raghav742/SDfR/Assignments/assignment5/ros2_ws/src/install/local_setup.ps1'
[2.609s] INFO:colcon.colcon_core.shell:Creating prefix util module '/home/raghav742/SDfR/Assignments/assignment5/ros2_ws/src/install/_local_setup_util_ps1.py'
[2.610s] INFO:colcon.colcon_core.shell:Creating prefix chain script '/home/raghav742/SDfR/Assignments/assignment5/ros2_ws/src/install/setup.ps1'
[2.611s] INFO:colcon.colcon_core.shell:Creating prefix script '/home/raghav742/SDfR/Assignments/assignment5/ros2_ws/src/install/local_setup.sh'
[2.612s] INFO:colcon.colcon_core.shell:Creating prefix util module '/home/raghav742/SDfR/Assignments/assignment5/ros2_ws/src/install/_local_setup_util_sh.py'
[2.612s] INFO:colcon.colcon_core.shell:Creating prefix chain script '/home/raghav742/SDfR/Assignments/assignment5/ros2_ws/src/install/setup.sh'
[2.613s] INFO:colcon.colcon_core.shell:Creating prefix script '/home/raghav742/SDfR/Assignments/assignment5/ros2_ws/src/install/local_setup.bash'
[2.613s] INFO:colcon.colcon_core.shell:Creating prefix chain script '/home/raghav742/SDfR/Assignments/assignment5/ros2_ws/src/install/setup.bash'
[2.614s] INFO:colcon.colcon_core.shell:Creating prefix script '/home/raghav742/SDfR/Assignments/assignment5/ros2_ws/src/install/local_setup.zsh'
[2.614s] INFO:colcon.colcon_core.shell:Creating prefix chain script '/home/raghav742/SDfR/Assignments/assignment5/ros2_ws/src/install/setup.zsh'
