[0.014s] Invoking command in '/home/raghav742/SDfR/Assignments/assignment6/ros2_ws/build/xrf2_msgs': CMAKE_PREFIX_PATH=${CMAKE_PREFIX_PATH}:/opt/ros/humble /usr/bin/cmake /home/raghav742/SDfR/Assignments/assignment6/ros2_ws/src/XRF2/XenoRosFramework/Common/XRF2_msgs -DCMAKE_INSTALL_PREFIX=/home/raghav742/SDfR/Assignments/assignment6/ros2_ws/install/xrf2_msgs
[0.069s] -- The C compiler identification is GNU 11.4.0
[0.139s] -- The CXX compiler identification is GNU 11.4.0
[0.148s] -- Detecting C compiler ABI info
[0.214s] -- Detecting C compiler ABI info - done
[0.223s] -- Check for working C compiler: /usr/bin/cc - skipped
[0.223s] -- Detecting C compile features
[0.224s] -- Detecting C compile features - done
[0.226s] -- Detecting CXX compiler ABI info
[0.289s] -- Detecting CXX compiler ABI info - done
[0.296s] -- Check for working CXX compiler: /usr/bin/c++ - skipped
[0.296s] -- Detecting CXX compile features
[0.296s] -- Detecting CXX compile features - done
[0.298s] -- Found ament_cmake: 1.3.14 (/opt/ros/humble/share/ament_cmake/cmake)
[0.466s] -- Found Python3: /usr/bin/python3 (found version "3.10.12") found components: Interpreter 
[0.554s] -- Found rosidl_default_generators: 1.2.1 (/opt/ros/humble/share/rosidl_default_generators/cmake)
[0.557s] -- Using all available rosidl_typesupport_c: rosidl_typesupport_fastrtps_c;rosidl_typesupport_introspection_c
[0.562s] -- Found rosidl_adapter: 3.1.8 (/opt/ros/humble/share/rosidl_adapter/cmake)
[0.602s] -- Using all available rosidl_typesupport_cpp: rosidl_typesupport_fastrtps_cpp;rosidl_typesupport_introspection_cpp
[0.886s] -- Found ament_cmake_ros: 0.10.0 (/opt/ros/humble/share/ament_cmake_ros/cmake)
[1.056s] -- Using all available rosidl_typesupport_c: rosidl_typesupport_fastrtps_c;rosidl_typesupport_introspection_c
[1.264s] -- Using all available rosidl_typesupport_cpp: rosidl_typesupport_fastrtps_cpp;rosidl_typesupport_introspection_cpp
[1.285s] -- Found PythonInterp: /usr/bin/python3 (found suitable version "3.10.12", minimum required is "3.6") 
[1.287s] -- Found python_cmake_module: 0.10.0 (/opt/ros/humble/share/python_cmake_module/cmake)
[1.309s] -- Found PythonLibs: /usr/lib/x86_64-linux-gnu/libpython3.10.so (found suitable version "3.10.12", minimum required is "3.5") 
[1.310s] -- Using PYTHON_EXECUTABLE: /usr/bin/python3
[1.310s] -- Using PYTHON_INCLUDE_DIRS: /usr/include/python3.10
[1.310s] -- Using PYTHON_LIBRARIES: /usr/lib/x86_64-linux-gnu/libpython3.10.so
[1.328s] -- Found PythonExtra: .so  
[1.408s] -- Found ament_lint_auto: 0.12.15 (/opt/ros/humble/share/ament_lint_auto/cmake)
[1.431s] -- Added test 'lint_cmake' to check CMake code style
[1.432s] -- Added test 'xmllint' to check XML markup files
[1.436s] -- Configuring done
[1.464s] -- Generating done
[1.473s] -- Build files have been written to: /home/raghav742/SDfR/Assignments/assignment6/ros2_ws/build/xrf2_msgs
[1.482s] Invoked command in '/home/raghav742/SDfR/Assignments/assignment6/ros2_ws/build/xrf2_msgs' returned '0': CMAKE_PREFIX_PATH=${CMAKE_PREFIX_PATH}:/opt/ros/humble /usr/bin/cmake /home/raghav742/SDfR/Assignments/assignment6/ros2_ws/src/XRF2/XenoRosFramework/Common/XRF2_msgs -DCMAKE_INSTALL_PREFIX=/home/raghav742/SDfR/Assignments/assignment6/ros2_ws/install/xrf2_msgs
[1.483s] Invoking command in '/home/raghav742/SDfR/Assignments/assignment6/ros2_ws/build/xrf2_msgs': CMAKE_PREFIX_PATH=${CMAKE_PREFIX_PATH}:/opt/ros/humble /usr/bin/cmake --build /home/raghav742/SDfR/Assignments/assignment6/ros2_ws/build/xrf2_msgs -- -j8 -l8
[1.514s] [  2%] [34m[1mGenerating C code for ROS interfaces[0m
[1.526s] [  5%] [34m[1mGenerating Rust code for ROS interfaces[0m
[1.536s] [  5%] Built target ament_cmake_python_copy_xrf2_msgs
[1.536s] [  7%] [34m[1mGenerating C++ code for ROS interfaces[0m
[2.048s] [  7%] Built target xrf2_msgs__rs
[2.059s] running egg_info
[2.059s] creating xrf2_msgs.egg-info
[2.060s] writing xrf2_msgs.egg-info/PKG-INFO
[2.060s] writing dependency_links to xrf2_msgs.egg-info/dependency_links.txt
[2.060s] writing top-level names to xrf2_msgs.egg-info/top_level.txt
[2.060s] writing manifest file 'xrf2_msgs.egg-info/SOURCES.txt'
[2.063s] reading manifest file 'xrf2_msgs.egg-info/SOURCES.txt'
[2.064s] writing manifest file 'xrf2_msgs.egg-info/SOURCES.txt'
[2.154s] [  7%] Built target ament_cmake_python_build_xrf2_msgs_egg
[2.166s] [  7%] Built target xrf2_msgs__cpp
[2.179s] [ 10%] [34m[1mGenerating C++ introspection for ROS interfaces[0m
[2.200s] [ 12%] [32mBuilding C object CMakeFiles/xrf2_msgs__rosidl_generator_c.dir/rosidl_generator_c/xrf2_msgs/msg/detail/xeno2_ros__functions.c.o[0m
[2.201s] [ 15%] [32mBuilding C object CMakeFiles/xrf2_msgs__rosidl_generator_c.dir/rosidl_generator_c/xrf2_msgs/msg/detail/ros2_xeno__functions.c.o[0m
[2.201s] [ 17%] [34m[1mGenerating C++ type support dispatch for ROS interfaces[0m
[2.203s] [ 20%] [34m[1mGenerating C++ type support for eProsima Fast-RTPS[0m
[2.330s] [ 22%] [32m[1mLinking C shared library libxrf2_msgs__rosidl_generator_c.so[0m
[2.376s] [ 22%] Built target xrf2_msgs__rosidl_generator_c
[2.389s] [ 25%] [34m[1mGenerating C introspection for ROS interfaces[0m
[2.390s] [ 27%] [34m[1mGenerating C type support dispatch for ROS interfaces[0m
[2.404s] [ 30%] [34m[1mGenerating C type support for eProsima Fast-RTPS[0m
[2.669s] [ 32%] [32mBuilding CXX object CMakeFiles/xrf2_msgs__rosidl_typesupport_cpp.dir/rosidl_typesupport_cpp/xrf2_msgs/msg/xeno2_ros__type_support.cpp.o[0m
[2.683s] [ 35%] [32mBuilding CXX object CMakeFiles/xrf2_msgs__rosidl_typesupport_cpp.dir/rosidl_typesupport_cpp/xrf2_msgs/msg/ros2_xeno__type_support.cpp.o[0m
[2.756s] [ 37%] [32mBuilding CXX object CMakeFiles/xrf2_msgs__rosidl_typesupport_introspection_cpp.dir/rosidl_typesupport_introspection_cpp/xrf2_msgs/msg/detail/xeno2_ros__type_support.cpp.o[0m
[2.756s] [ 40%] [32mBuilding CXX object CMakeFiles/xrf2_msgs__rosidl_typesupport_introspection_cpp.dir/rosidl_typesupport_introspection_cpp/xrf2_msgs/msg/detail/ros2_xeno__type_support.cpp.o[0m
[2.907s] [ 42%] [32mBuilding CXX object CMakeFiles/xrf2_msgs__rosidl_typesupport_c.dir/rosidl_typesupport_c/xrf2_msgs/msg/ros2_xeno__type_support.cpp.o[0m
[2.960s] [ 45%] [32mBuilding CXX object CMakeFiles/xrf2_msgs__rosidl_typesupport_fastrtps_cpp.dir/rosidl_typesupport_fastrtps_cpp/xrf2_msgs/msg/detail/dds_fastrtps/ros2_xeno__type_support.cpp.o[0m
[3.014s] [ 47%] [32mBuilding CXX object CMakeFiles/xrf2_msgs__rosidl_typesupport_c.dir/rosidl_typesupport_c/xrf2_msgs/msg/xeno2_ros__type_support.cpp.o[0m
[3.064s] [ 50%] [32mBuilding CXX object CMakeFiles/xrf2_msgs__rosidl_typesupport_fastrtps_c.dir/rosidl_typesupport_fastrtps_c/xrf2_msgs/msg/detail/ros2_xeno__type_support_c.cpp.o[0m
[3.081s] [ 52%] [32mBuilding C object CMakeFiles/xrf2_msgs__rosidl_typesupport_introspection_c.dir/rosidl_typesupport_introspection_c/xrf2_msgs/msg/detail/ros2_xeno__type_support.c.o[0m
[3.101s] [ 55%] [32mBuilding CXX object CMakeFiles/xrf2_msgs__rosidl_typesupport_fastrtps_cpp.dir/rosidl_typesupport_fastrtps_cpp/xrf2_msgs/msg/detail/dds_fastrtps/xeno2_ros__type_support.cpp.o[0m
[3.149s] [ 57%] [32m[1mLinking CXX shared library libxrf2_msgs__rosidl_typesupport_c.so[0m
[3.172s] [ 60%] [32m[1mLinking CXX shared library libxrf2_msgs__rosidl_typesupport_cpp.so[0m
[3.188s] [ 62%] [32mBuilding C object CMakeFiles/xrf2_msgs__rosidl_typesupport_introspection_c.dir/rosidl_typesupport_introspection_c/xrf2_msgs/msg/detail/xeno2_ros__type_support.c.o[0m
[3.237s] [ 62%] Built target xrf2_msgs__rosidl_typesupport_c
[3.284s] [ 65%] [32mBuilding CXX object CMakeFiles/xrf2_msgs__rosidl_typesupport_fastrtps_c.dir/rosidl_typesupport_fastrtps_c/xrf2_msgs/msg/detail/xeno2_ros__type_support_c.cpp.o[0m
[3.286s] [ 67%] [32m[1mLinking C shared library libxrf2_msgs__rosidl_typesupport_introspection_c.so[0m
[3.306s] [ 67%] Built target xrf2_msgs__rosidl_typesupport_cpp
[3.377s] [ 67%] Built target xrf2_msgs__rosidl_typesupport_introspection_c
[3.427s] [ 70%] [32m[1mLinking CXX shared library libxrf2_msgs__rosidl_typesupport_introspection_cpp.so[0m
[3.481s] [ 70%] Built target xrf2_msgs__rosidl_typesupport_introspection_cpp
[3.664s] [ 72%] [32m[1mLinking CXX shared library libxrf2_msgs__rosidl_typesupport_fastrtps_cpp.so[0m
[3.685s] [ 75%] [32m[1mLinking CXX shared library libxrf2_msgs__rosidl_typesupport_fastrtps_c.so[0m
[3.726s] [ 75%] Built target xrf2_msgs__rosidl_typesupport_fastrtps_cpp
[3.767s] [ 75%] Built target xrf2_msgs__rosidl_typesupport_fastrtps_c
[3.780s] [ 75%] Built target xrf2_msgs
[3.794s] [ 77%] [34m[1mGenerating Python code for ROS interfaces[0m
[4.113s] [ 77%] Built target xrf2_msgs__py
[4.130s] [ 82%] [32mBuilding C object CMakeFiles/xrf2_msgs__rosidl_generator_py.dir/rosidl_generator_py/xrf2_msgs/msg/_xeno2_ros_s.c.o[0m
[4.130s] [ 82%] [32mBuilding C object CMakeFiles/xrf2_msgs__rosidl_generator_py.dir/rosidl_generator_py/xrf2_msgs/msg/_ros2_xeno_s.c.o[0m
[4.258s] [ 85%] [32m[1mLinking C shared library rosidl_generator_py/xrf2_msgs/libxrf2_msgs__rosidl_generator_py.so[0m
[4.289s] [ 85%] Built target xrf2_msgs__rosidl_generator_py
[4.308s] [ 87%] [32mBuilding C object CMakeFiles/xrf2_msgs__rosidl_typesupport_fastrtps_c__pyext.dir/rosidl_generator_py/xrf2_msgs/_xrf2_msgs_s.ep.rosidl_typesupport_fastrtps_c.c.o[0m
[4.310s] [ 90%] [32mBuilding C object CMakeFiles/xrf2_msgs__rosidl_typesupport_c__pyext.dir/rosidl_generator_py/xrf2_msgs/_xrf2_msgs_s.ep.rosidl_typesupport_c.c.o[0m
[4.310s] [ 92%] [32mBuilding C object CMakeFiles/xrf2_msgs__rosidl_typesupport_introspection_c__pyext.dir/rosidl_generator_py/xrf2_msgs/_xrf2_msgs_s.ep.rosidl_typesupport_introspection_c.c.o[0m
[4.439s] [ 95%] [32m[1mLinking C shared library rosidl_generator_py/xrf2_msgs/xrf2_msgs_s__rosidl_typesupport_c.cpython-310-x86_64-linux-gnu.so[0m
[4.440s] [100%] [32m[1mLinking C shared library rosidl_generator_py/xrf2_msgs/xrf2_msgs_s__rosidl_typesupport_introspection_c.cpython-310-x86_64-linux-gnu.so[0m
[4.441s] [100%] [32m[1mLinking C shared library rosidl_generator_py/xrf2_msgs/xrf2_msgs_s__rosidl_typesupport_fastrtps_c.cpython-310-x86_64-linux-gnu.so[0m
[4.468s] [100%] Built target xrf2_msgs__rosidl_typesupport_c__pyext
[4.478s] [100%] Built target xrf2_msgs__rosidl_typesupport_introspection_c__pyext
[4.481s] [100%] Built target xrf2_msgs__rosidl_typesupport_fastrtps_c__pyext
[4.490s] Invoked command in '/home/raghav742/SDfR/Assignments/assignment6/ros2_ws/build/xrf2_msgs' returned '0': CMAKE_PREFIX_PATH=${CMAKE_PREFIX_PATH}:/opt/ros/humble /usr/bin/cmake --build /home/raghav742/SDfR/Assignments/assignment6/ros2_ws/build/xrf2_msgs -- -j8 -l8
[4.492s] Invoking command in '/home/raghav742/SDfR/Assignments/assignment6/ros2_ws/build/xrf2_msgs': CMAKE_PREFIX_PATH=${CMAKE_PREFIX_PATH}:/opt/ros/humble /usr/bin/cmake --install /home/raghav742/SDfR/Assignments/assignment6/ros2_ws/build/xrf2_msgs
[4.498s] -- Install configuration: ""
[4.498s] -- Installing: /home/raghav742/SDfR/Assignments/assignment6/ros2_ws/install/xrf2_msgs/share/ament_index/resource_index/rosidl_interfaces/xrf2_msgs
[4.498s] -- Installing: /home/raghav742/SDfR/Assignments/assignment6/ros2_ws/install/xrf2_msgs/include/xrf2_msgs/xrf2_msgs
[4.498s] -- Installing: /home/raghav742/SDfR/Assignments/assignment6/ros2_ws/install/xrf2_msgs/include/xrf2_msgs/xrf2_msgs/msg
[4.499s] -- Installing: /home/raghav742/SDfR/Assignments/assignment6/ros2_ws/install/xrf2_msgs/include/xrf2_msgs/xrf2_msgs/msg/xeno2_ros.h
[4.499s] -- Installing: /home/raghav742/SDfR/Assignments/assignment6/ros2_ws/install/xrf2_msgs/include/xrf2_msgs/xrf2_msgs/msg/ros2_xeno.h
[4.499s] -- Installing: /home/raghav742/SDfR/Assignments/assignment6/ros2_ws/install/xrf2_msgs/include/xrf2_msgs/xrf2_msgs/msg/rosidl_generator_c__visibility_control.h
[4.499s] -- Installing: /home/raghav742/SDfR/Assignments/assignment6/ros2_ws/install/xrf2_msgs/include/xrf2_msgs/xrf2_msgs/msg/detail
[4.499s] -- Installing: /home/raghav742/SDfR/Assignments/assignment6/ros2_ws/install/xrf2_msgs/include/xrf2_msgs/xrf2_msgs/msg/detail/xeno2_ros__struct.h
[4.499s] -- Installing: /home/raghav742/SDfR/Assignments/assignment6/ros2_ws/install/xrf2_msgs/include/xrf2_msgs/xrf2_msgs/msg/detail/ros2_xeno__functions.h
[4.499s] -- Installing: /home/raghav742/SDfR/Assignments/assignment6/ros2_ws/install/xrf2_msgs/include/xrf2_msgs/xrf2_msgs/msg/detail/ros2_xeno__type_support.h
[4.499s] -- Installing: /home/raghav742/SDfR/Assignments/assignment6/ros2_ws/install/xrf2_msgs/include/xrf2_msgs/xrf2_msgs/msg/detail/xeno2_ros__type_support.h
[4.499s] -- Installing: /home/raghav742/SDfR/Assignments/assignment6/ros2_ws/install/xrf2_msgs/include/xrf2_msgs/xrf2_msgs/msg/detail/xeno2_ros__functions.h
[4.499s] -- Installing: /home/raghav742/SDfR/Assignments/assignment6/ros2_ws/install/xrf2_msgs/include/xrf2_msgs/xrf2_msgs/msg/detail/ros2_xeno__functions.c
[4.500s] -- Installing: /home/raghav742/SDfR/Assignments/assignment6/ros2_ws/install/xrf2_msgs/include/xrf2_msgs/xrf2_msgs/msg/detail/xeno2_ros__functions.c
[4.500s] -- Installing: /home/raghav742/SDfR/Assignments/assignment6/ros2_ws/install/xrf2_msgs/include/xrf2_msgs/xrf2_msgs/msg/detail/ros2_xeno__struct.h
[4.500s] -- Installing: /home/raghav742/SDfR/Assignments/assignment6/ros2_ws/install/xrf2_msgs/share/xrf2_msgs/environment/library_path.sh
[4.500s] -- Installing: /home/raghav742/SDfR/Assignments/assignment6/ros2_ws/install/xrf2_msgs/share/xrf2_msgs/environment/library_path.dsv
[4.500s] -- Installing: /home/raghav742/SDfR/Assignments/assignment6/ros2_ws/install/xrf2_msgs/lib/libxrf2_msgs__rosidl_generator_c.so
[4.500s] -- Set runtime path of "/home/raghav742/SDfR/Assignments/assignment6/ros2_ws/install/xrf2_msgs/lib/libxrf2_msgs__rosidl_generator_c.so" to ""
[4.500s] -- Up-to-date: /home/raghav742/SDfR/Assignments/assignment6/ros2_ws/install/xrf2_msgs/include/xrf2_msgs/xrf2_msgs
[4.500s] -- Up-to-date: /home/raghav742/SDfR/Assignments/assignment6/ros2_ws/install/xrf2_msgs/include/xrf2_msgs/xrf2_msgs/msg
[4.500s] -- Installing: /home/raghav742/SDfR/Assignments/assignment6/ros2_ws/install/xrf2_msgs/include/xrf2_msgs/xrf2_msgs/msg/rosidl_typesupport_fastrtps_c__visibility_control.h
[4.500s] -- Up-to-date: /home/raghav742/SDfR/Assignments/assignment6/ros2_ws/install/xrf2_msgs/include/xrf2_msgs/xrf2_msgs/msg/detail
[4.500s] -- Installing: /home/raghav742/SDfR/Assignments/assignment6/ros2_ws/install/xrf2_msgs/include/xrf2_msgs/xrf2_msgs/msg/detail/ros2_xeno__rosidl_typesupport_fastrtps_c.h
[4.500s] -- Installing: /home/raghav742/SDfR/Assignments/assignment6/ros2_ws/install/xrf2_msgs/include/xrf2_msgs/xrf2_msgs/msg/detail/xeno2_ros__rosidl_typesupport_fastrtps_c.h
[4.501s] -- Installing: /home/raghav742/SDfR/Assignments/assignment6/ros2_ws/install/xrf2_msgs/lib/libxrf2_msgs__rosidl_typesupport_fastrtps_c.so
[4.501s] -- Set runtime path of "/home/raghav742/SDfR/Assignments/assignment6/ros2_ws/install/xrf2_msgs/lib/libxrf2_msgs__rosidl_typesupport_fastrtps_c.so" to ""
[4.501s] -- Up-to-date: /home/raghav742/SDfR/Assignments/assignment6/ros2_ws/install/xrf2_msgs/include/xrf2_msgs/xrf2_msgs
[4.501s] -- Up-to-date: /home/raghav742/SDfR/Assignments/assignment6/ros2_ws/install/xrf2_msgs/include/xrf2_msgs/xrf2_msgs/msg
[4.501s] -- Installing: /home/raghav742/SDfR/Assignments/assignment6/ros2_ws/install/xrf2_msgs/include/xrf2_msgs/xrf2_msgs/msg/rosidl_typesupport_introspection_c__visibility_control.h
[4.501s] -- Up-to-date: /home/raghav742/SDfR/Assignments/assignment6/ros2_ws/install/xrf2_msgs/include/xrf2_msgs/xrf2_msgs/msg/detail
[4.501s] -- Installing: /home/raghav742/SDfR/Assignments/assignment6/ros2_ws/install/xrf2_msgs/include/xrf2_msgs/xrf2_msgs/msg/detail/xeno2_ros__rosidl_typesupport_introspection_c.h
[4.501s] -- Installing: /home/raghav742/SDfR/Assignments/assignment6/ros2_ws/install/xrf2_msgs/include/xrf2_msgs/xrf2_msgs/msg/detail/ros2_xeno__type_support.c
[4.501s] -- Installing: /home/raghav742/SDfR/Assignments/assignment6/ros2_ws/install/xrf2_msgs/include/xrf2_msgs/xrf2_msgs/msg/detail/xeno2_ros__type_support.c
[4.501s] -- Installing: /home/raghav742/SDfR/Assignments/assignment6/ros2_ws/install/xrf2_msgs/include/xrf2_msgs/xrf2_msgs/msg/detail/ros2_xeno__rosidl_typesupport_introspection_c.h
[4.501s] -- Installing: /home/raghav742/SDfR/Assignments/assignment6/ros2_ws/install/xrf2_msgs/lib/libxrf2_msgs__rosidl_typesupport_introspection_c.so
[4.501s] -- Set runtime path of "/home/raghav742/SDfR/Assignments/assignment6/ros2_ws/install/xrf2_msgs/lib/libxrf2_msgs__rosidl_typesupport_introspection_c.so" to ""
[4.502s] -- Installing: /home/raghav742/SDfR/Assignments/assignment6/ros2_ws/install/xrf2_msgs/lib/libxrf2_msgs__rosidl_typesupport_c.so
[4.502s] -- Set runtime path of "/home/raghav742/SDfR/Assignments/assignment6/ros2_ws/install/xrf2_msgs/lib/libxrf2_msgs__rosidl_typesupport_c.so" to ""
[4.502s] -- Up-to-date: /home/raghav742/SDfR/Assignments/assignment6/ros2_ws/install/xrf2_msgs/include/xrf2_msgs/xrf2_msgs
[4.502s] -- Up-to-date: /home/raghav742/SDfR/Assignments/assignment6/ros2_ws/install/xrf2_msgs/include/xrf2_msgs/xrf2_msgs/msg
[4.502s] -- Installing: /home/raghav742/SDfR/Assignments/assignment6/ros2_ws/install/xrf2_msgs/include/xrf2_msgs/xrf2_msgs/msg/rosidl_generator_cpp__visibility_control.hpp
[4.502s] -- Installing: /home/raghav742/SDfR/Assignments/assignment6/ros2_ws/install/xrf2_msgs/include/xrf2_msgs/xrf2_msgs/msg/xeno2_ros.hpp
[4.502s] -- Installing: /home/raghav742/SDfR/Assignments/assignment6/ros2_ws/install/xrf2_msgs/include/xrf2_msgs/xrf2_msgs/msg/ros2_xeno.hpp
[4.502s] -- Up-to-date: /home/raghav742/SDfR/Assignments/assignment6/ros2_ws/install/xrf2_msgs/include/xrf2_msgs/xrf2_msgs/msg/detail
[4.502s] -- Installing: /home/raghav742/SDfR/Assignments/assignment6/ros2_ws/install/xrf2_msgs/include/xrf2_msgs/xrf2_msgs/msg/detail/ros2_xeno__type_support.hpp
[4.502s] -- Installing: /home/raghav742/SDfR/Assignments/assignment6/ros2_ws/install/xrf2_msgs/include/xrf2_msgs/xrf2_msgs/msg/detail/xeno2_ros__struct.hpp
[4.502s] -- Installing: /home/raghav742/SDfR/Assignments/assignment6/ros2_ws/install/xrf2_msgs/include/xrf2_msgs/xrf2_msgs/msg/detail/xeno2_ros__traits.hpp
[4.503s] -- Installing: /home/raghav742/SDfR/Assignments/assignment6/ros2_ws/install/xrf2_msgs/include/xrf2_msgs/xrf2_msgs/msg/detail/ros2_xeno__struct.hpp
[4.503s] -- Installing: /home/raghav742/SDfR/Assignments/assignment6/ros2_ws/install/xrf2_msgs/include/xrf2_msgs/xrf2_msgs/msg/detail/ros2_xeno__traits.hpp
[4.503s] -- Installing: /home/raghav742/SDfR/Assignments/assignment6/ros2_ws/install/xrf2_msgs/include/xrf2_msgs/xrf2_msgs/msg/detail/xeno2_ros__builder.hpp
[4.503s] -- Installing: /home/raghav742/SDfR/Assignments/assignment6/ros2_ws/install/xrf2_msgs/include/xrf2_msgs/xrf2_msgs/msg/detail/ros2_xeno__builder.hpp
[4.503s] -- Installing: /home/raghav742/SDfR/Assignments/assignment6/ros2_ws/install/xrf2_msgs/include/xrf2_msgs/xrf2_msgs/msg/detail/xeno2_ros__type_support.hpp
[4.503s] -- Up-to-date: /home/raghav742/SDfR/Assignments/assignment6/ros2_ws/install/xrf2_msgs/include/xrf2_msgs/xrf2_msgs
[4.503s] -- Up-to-date: /home/raghav742/SDfR/Assignments/assignment6/ros2_ws/install/xrf2_msgs/include/xrf2_msgs/xrf2_msgs/msg
[4.503s] -- Installing: /home/raghav742/SDfR/Assignments/assignment6/ros2_ws/install/xrf2_msgs/include/xrf2_msgs/xrf2_msgs/msg/rosidl_typesupport_fastrtps_cpp__visibility_control.h
[4.503s] -- Up-to-date: /home/raghav742/SDfR/Assignments/assignment6/ros2_ws/install/xrf2_msgs/include/xrf2_msgs/xrf2_msgs/msg/detail
[4.503s] -- Installing: /home/raghav742/SDfR/Assignments/assignment6/ros2_ws/install/xrf2_msgs/include/xrf2_msgs/xrf2_msgs/msg/detail/ros2_xeno__rosidl_typesupport_fastrtps_cpp.hpp
[4.503s] -- Installing: /home/raghav742/SDfR/Assignments/assignment6/ros2_ws/install/xrf2_msgs/include/xrf2_msgs/xrf2_msgs/msg/detail/dds_fastrtps
[4.504s] -- Installing: /home/raghav742/SDfR/Assignments/assignment6/ros2_ws/install/xrf2_msgs/include/xrf2_msgs/xrf2_msgs/msg/detail/xeno2_ros__rosidl_typesupport_fastrtps_cpp.hpp
[4.504s] -- Installing: /home/raghav742/SDfR/Assignments/assignment6/ros2_ws/install/xrf2_msgs/lib/libxrf2_msgs__rosidl_typesupport_fastrtps_cpp.so
[4.504s] -- Set runtime path of "/home/raghav742/SDfR/Assignments/assignment6/ros2_ws/install/xrf2_msgs/lib/libxrf2_msgs__rosidl_typesupport_fastrtps_cpp.so" to ""
[4.504s] -- Up-to-date: /home/raghav742/SDfR/Assignments/assignment6/ros2_ws/install/xrf2_msgs/include/xrf2_msgs/xrf2_msgs
[4.504s] -- Up-to-date: /home/raghav742/SDfR/Assignments/assignment6/ros2_ws/install/xrf2_msgs/include/xrf2_msgs/xrf2_msgs/msg
[4.504s] -- Up-to-date: /home/raghav742/SDfR/Assignments/assignment6/ros2_ws/install/xrf2_msgs/include/xrf2_msgs/xrf2_msgs/msg/detail
[4.504s] -- Installing: /home/raghav742/SDfR/Assignments/assignment6/ros2_ws/install/xrf2_msgs/include/xrf2_msgs/xrf2_msgs/msg/detail/ros2_xeno__rosidl_typesupport_introspection_cpp.hpp
[4.504s] -- Installing: /home/raghav742/SDfR/Assignments/assignment6/ros2_ws/install/xrf2_msgs/include/xrf2_msgs/xrf2_msgs/msg/detail/xeno2_ros__rosidl_typesupport_introspection_cpp.hpp
[4.504s] -- Installing: /home/raghav742/SDfR/Assignments/assignment6/ros2_ws/install/xrf2_msgs/include/xrf2_msgs/xrf2_msgs/msg/detail/xeno2_ros__type_support.cpp
[4.504s] -- Installing: /home/raghav742/SDfR/Assignments/assignment6/ros2_ws/install/xrf2_msgs/include/xrf2_msgs/xrf2_msgs/msg/detail/ros2_xeno__type_support.cpp
[4.504s] -- Installing: /home/raghav742/SDfR/Assignments/assignment6/ros2_ws/install/xrf2_msgs/lib/libxrf2_msgs__rosidl_typesupport_introspection_cpp.so
[4.504s] -- Set runtime path of "/home/raghav742/SDfR/Assignments/assignment6/ros2_ws/install/xrf2_msgs/lib/libxrf2_msgs__rosidl_typesupport_introspection_cpp.so" to ""
[4.505s] -- Installing: /home/raghav742/SDfR/Assignments/assignment6/ros2_ws/install/xrf2_msgs/lib/libxrf2_msgs__rosidl_typesupport_cpp.so
[4.505s] -- Set runtime path of "/home/raghav742/SDfR/Assignments/assignment6/ros2_ws/install/xrf2_msgs/lib/libxrf2_msgs__rosidl_typesupport_cpp.so" to ""
[4.505s] -- Installing: /home/raghav742/SDfR/Assignments/assignment6/ros2_ws/install/xrf2_msgs/share/xrf2_msgs/environment/pythonpath.sh
[4.505s] -- Installing: /home/raghav742/SDfR/Assignments/assignment6/ros2_ws/install/xrf2_msgs/share/xrf2_msgs/environment/pythonpath.dsv
[4.505s] -- Installing: /home/raghav742/SDfR/Assignments/assignment6/ros2_ws/install/xrf2_msgs/local/lib/python3.10/dist-packages/xrf2_msgs-0.0.0-py3.10.egg-info
[4.505s] -- Installing: /home/raghav742/SDfR/Assignments/assignment6/ros2_ws/install/xrf2_msgs/local/lib/python3.10/dist-packages/xrf2_msgs-0.0.0-py3.10.egg-info/SOURCES.txt
[4.505s] -- Installing: /home/raghav742/SDfR/Assignments/assignment6/ros2_ws/install/xrf2_msgs/local/lib/python3.10/dist-packages/xrf2_msgs-0.0.0-py3.10.egg-info/top_level.txt
[4.505s] -- Installing: /home/raghav742/SDfR/Assignments/assignment6/ros2_ws/install/xrf2_msgs/local/lib/python3.10/dist-packages/xrf2_msgs-0.0.0-py3.10.egg-info/dependency_links.txt
[4.505s] -- Installing: /home/raghav742/SDfR/Assignments/assignment6/ros2_ws/install/xrf2_msgs/local/lib/python3.10/dist-packages/xrf2_msgs-0.0.0-py3.10.egg-info/PKG-INFO
[4.505s] -- Installing: /home/raghav742/SDfR/Assignments/assignment6/ros2_ws/install/xrf2_msgs/local/lib/python3.10/dist-packages/xrf2_msgs
[4.505s] -- Installing: /home/raghav742/SDfR/Assignments/assignment6/ros2_ws/install/xrf2_msgs/local/lib/python3.10/dist-packages/xrf2_msgs/_xrf2_msgs_s.ep.rosidl_typesupport_introspection_c.c
[4.505s] -- Installing: /home/raghav742/SDfR/Assignments/assignment6/ros2_ws/install/xrf2_msgs/local/lib/python3.10/dist-packages/xrf2_msgs/xrf2_msgs_s__rosidl_typesupport_fastrtps_c.cpython-310-x86_64-linux-gnu.so
[4.506s] -- Installing: /home/raghav742/SDfR/Assignments/assignment6/ros2_ws/install/xrf2_msgs/local/lib/python3.10/dist-packages/xrf2_msgs/xrf2_msgs_s__rosidl_typesupport_c.cpython-310-x86_64-linux-gnu.so
[4.506s] -- Installing: /home/raghav742/SDfR/Assignments/assignment6/ros2_ws/install/xrf2_msgs/local/lib/python3.10/dist-packages/xrf2_msgs/libxrf2_msgs__rosidl_generator_py.so
[4.506s] -- Installing: /home/raghav742/SDfR/Assignments/assignment6/ros2_ws/install/xrf2_msgs/local/lib/python3.10/dist-packages/xrf2_msgs/xrf2_msgs_s__rosidl_typesupport_introspection_c.cpython-310-x86_64-linux-gnu.so
[4.506s] -- Installing: /home/raghav742/SDfR/Assignments/assignment6/ros2_ws/install/xrf2_msgs/local/lib/python3.10/dist-packages/xrf2_msgs/_xrf2_msgs_s.ep.rosidl_typesupport_c.c
[4.506s] -- Installing: /home/raghav742/SDfR/Assignments/assignment6/ros2_ws/install/xrf2_msgs/local/lib/python3.10/dist-packages/xrf2_msgs/_xrf2_msgs_s.ep.rosidl_typesupport_fastrtps_c.c
[4.506s] -- Installing: /home/raghav742/SDfR/Assignments/assignment6/ros2_ws/install/xrf2_msgs/local/lib/python3.10/dist-packages/xrf2_msgs/__init__.py
[4.506s] -- Installing: /home/raghav742/SDfR/Assignments/assignment6/ros2_ws/install/xrf2_msgs/local/lib/python3.10/dist-packages/xrf2_msgs/msg
[4.506s] -- Installing: /home/raghav742/SDfR/Assignments/assignment6/ros2_ws/install/xrf2_msgs/local/lib/python3.10/dist-packages/xrf2_msgs/msg/_xeno2_ros_s.c
[4.506s] -- Installing: /home/raghav742/SDfR/Assignments/assignment6/ros2_ws/install/xrf2_msgs/local/lib/python3.10/dist-packages/xrf2_msgs/msg/_xeno2_ros.py
[4.506s] -- Installing: /home/raghav742/SDfR/Assignments/assignment6/ros2_ws/install/xrf2_msgs/local/lib/python3.10/dist-packages/xrf2_msgs/msg/_ros2_xeno.py
[4.506s] -- Installing: /home/raghav742/SDfR/Assignments/assignment6/ros2_ws/install/xrf2_msgs/local/lib/python3.10/dist-packages/xrf2_msgs/msg/_ros2_xeno_s.c
[4.506s] -- Installing: /home/raghav742/SDfR/Assignments/assignment6/ros2_ws/install/xrf2_msgs/local/lib/python3.10/dist-packages/xrf2_msgs/msg/__init__.py
[4.539s] Listing '/home/raghav742/SDfR/Assignments/assignment6/ros2_ws/install/xrf2_msgs/local/lib/python3.10/dist-packages/xrf2_msgs'...
[4.540s] Compiling '/home/raghav742/SDfR/Assignments/assignment6/ros2_ws/install/xrf2_msgs/local/lib/python3.10/dist-packages/xrf2_msgs/__init__.py'...
[4.540s] Listing '/home/raghav742/SDfR/Assignments/assignment6/ros2_ws/install/xrf2_msgs/local/lib/python3.10/dist-packages/xrf2_msgs/msg'...
[4.540s] Compiling '/home/raghav742/SDfR/Assignments/assignment6/ros2_ws/install/xrf2_msgs/local/lib/python3.10/dist-packages/xrf2_msgs/msg/__init__.py'...
[4.540s] Compiling '/home/raghav742/SDfR/Assignments/assignment6/ros2_ws/install/xrf2_msgs/local/lib/python3.10/dist-packages/xrf2_msgs/msg/_ros2_xeno.py'...
[4.540s] Compiling '/home/raghav742/SDfR/Assignments/assignment6/ros2_ws/install/xrf2_msgs/local/lib/python3.10/dist-packages/xrf2_msgs/msg/_xeno2_ros.py'...
[4.544s] -- Installing: /home/raghav742/SDfR/Assignments/assignment6/ros2_ws/install/xrf2_msgs/local/lib/python3.10/dist-packages/xrf2_msgs/xrf2_msgs_s__rosidl_typesupport_fastrtps_c.cpython-310-x86_64-linux-gnu.so
[4.544s] -- Set runtime path of "/home/raghav742/SDfR/Assignments/assignment6/ros2_ws/install/xrf2_msgs/local/lib/python3.10/dist-packages/xrf2_msgs/xrf2_msgs_s__rosidl_typesupport_fastrtps_c.cpython-310-x86_64-linux-gnu.so" to ""
[4.544s] -- Installing: /home/raghav742/SDfR/Assignments/assignment6/ros2_ws/install/xrf2_msgs/local/lib/python3.10/dist-packages/xrf2_msgs/xrf2_msgs_s__rosidl_typesupport_introspection_c.cpython-310-x86_64-linux-gnu.so
[4.544s] -- Set runtime path of "/home/raghav742/SDfR/Assignments/assignment6/ros2_ws/install/xrf2_msgs/local/lib/python3.10/dist-packages/xrf2_msgs/xrf2_msgs_s__rosidl_typesupport_introspection_c.cpython-310-x86_64-linux-gnu.so" to ""
[4.544s] -- Installing: /home/raghav742/SDfR/Assignments/assignment6/ros2_ws/install/xrf2_msgs/local/lib/python3.10/dist-packages/xrf2_msgs/xrf2_msgs_s__rosidl_typesupport_c.cpython-310-x86_64-linux-gnu.so
[4.545s] -- Set runtime path of "/home/raghav742/SDfR/Assignments/assignment6/ros2_ws/install/xrf2_msgs/local/lib/python3.10/dist-packages/xrf2_msgs/xrf2_msgs_s__rosidl_typesupport_c.cpython-310-x86_64-linux-gnu.so" to ""
[4.545s] -- Installing: /home/raghav742/SDfR/Assignments/assignment6/ros2_ws/install/xrf2_msgs/lib/libxrf2_msgs__rosidl_generator_py.so
[4.545s] -- Set runtime path of "/home/raghav742/SDfR/Assignments/assignment6/ros2_ws/install/xrf2_msgs/lib/libxrf2_msgs__rosidl_generator_py.so" to ""
[4.545s] -- Installing: /home/raghav742/SDfR/Assignments/assignment6/ros2_ws/install/xrf2_msgs/share/ament_index/resource_index/rust_packages/xrf2_msgs
[4.545s] -- Installing: /home/raghav742/SDfR/Assignments/assignment6/ros2_ws/install/xrf2_msgs/share/xrf2_msgs/rust
[4.545s] -- Installing: /home/raghav742/SDfR/Assignments/assignment6/ros2_ws/install/xrf2_msgs/share/xrf2_msgs/rust/build.rs
[4.545s] -- Installing: /home/raghav742/SDfR/Assignments/assignment6/ros2_ws/install/xrf2_msgs/share/xrf2_msgs/rust/src
[4.545s] -- Installing: /home/raghav742/SDfR/Assignments/assignment6/ros2_ws/install/xrf2_msgs/share/xrf2_msgs/rust/src/lib.rs
[4.545s] -- Installing: /home/raghav742/SDfR/Assignments/assignment6/ros2_ws/install/xrf2_msgs/share/xrf2_msgs/rust/src/msg.rs
[4.545s] -- Installing: /home/raghav742/SDfR/Assignments/assignment6/ros2_ws/install/xrf2_msgs/share/xrf2_msgs/rust/src/msg
[4.545s] -- Installing: /home/raghav742/SDfR/Assignments/assignment6/ros2_ws/install/xrf2_msgs/share/xrf2_msgs/rust/src/msg/rmw.rs
[4.546s] -- Installing: /home/raghav742/SDfR/Assignments/assignment6/ros2_ws/install/xrf2_msgs/share/xrf2_msgs/rust/Cargo.toml
[4.546s] -- Installing: /home/raghav742/SDfR/Assignments/assignment6/ros2_ws/install/xrf2_msgs/share/xrf2_msgs/msg/Ros2Xeno.idl
[4.546s] -- Installing: /home/raghav742/SDfR/Assignments/assignment6/ros2_ws/install/xrf2_msgs/share/xrf2_msgs/msg/Xeno2Ros.idl
[4.546s] -- Installing: /home/raghav742/SDfR/Assignments/assignment6/ros2_ws/install/xrf2_msgs/share/xrf2_msgs/msg/Ros2Xeno.msg
[4.546s] -- Installing: /home/raghav742/SDfR/Assignments/assignment6/ros2_ws/install/xrf2_msgs/share/xrf2_msgs/msg/Xeno2Ros.msg
[4.546s] -- Installing: /home/raghav742/SDfR/Assignments/assignment6/ros2_ws/install/xrf2_msgs/share/ament_index/resource_index/package_run_dependencies/xrf2_msgs
[4.546s] -- Installing: /home/raghav742/SDfR/Assignments/assignment6/ros2_ws/install/xrf2_msgs/share/ament_index/resource_index/parent_prefix_path/xrf2_msgs
[4.546s] -- Installing: /home/raghav742/SDfR/Assignments/assignment6/ros2_ws/install/xrf2_msgs/share/xrf2_msgs/environment/ament_prefix_path.sh
[4.546s] -- Installing: /home/raghav742/SDfR/Assignments/assignment6/ros2_ws/install/xrf2_msgs/share/xrf2_msgs/environment/ament_prefix_path.dsv
[4.546s] -- Installing: /home/raghav742/SDfR/Assignments/assignment6/ros2_ws/install/xrf2_msgs/share/xrf2_msgs/environment/path.sh
[4.546s] -- Installing: /home/raghav742/SDfR/Assignments/assignment6/ros2_ws/install/xrf2_msgs/share/xrf2_msgs/environment/path.dsv
[4.547s] -- Installing: /home/raghav742/SDfR/Assignments/assignment6/ros2_ws/install/xrf2_msgs/share/xrf2_msgs/local_setup.bash
[4.547s] -- Installing: /home/raghav742/SDfR/Assignments/assignment6/ros2_ws/install/xrf2_msgs/share/xrf2_msgs/local_setup.sh
[4.547s] -- Installing: /home/raghav742/SDfR/Assignments/assignment6/ros2_ws/install/xrf2_msgs/share/xrf2_msgs/local_setup.zsh
[4.547s] -- Installing: /home/raghav742/SDfR/Assignments/assignment6/ros2_ws/install/xrf2_msgs/share/xrf2_msgs/local_setup.dsv
[4.547s] -- Installing: /home/raghav742/SDfR/Assignments/assignment6/ros2_ws/install/xrf2_msgs/share/xrf2_msgs/package.dsv
[4.547s] -- Installing: /home/raghav742/SDfR/Assignments/assignment6/ros2_ws/install/xrf2_msgs/share/ament_index/resource_index/packages/xrf2_msgs
[4.547s] -- Installing: /home/raghav742/SDfR/Assignments/assignment6/ros2_ws/install/xrf2_msgs/share/xrf2_msgs/cmake/export_xrf2_msgs__rosidl_generator_cExport.cmake
[4.547s] -- Installing: /home/raghav742/SDfR/Assignments/assignment6/ros2_ws/install/xrf2_msgs/share/xrf2_msgs/cmake/export_xrf2_msgs__rosidl_generator_cExport-noconfig.cmake
[4.547s] -- Installing: /home/raghav742/SDfR/Assignments/assignment6/ros2_ws/install/xrf2_msgs/share/xrf2_msgs/cmake/export_xrf2_msgs__rosidl_typesupport_fastrtps_cExport.cmake
[4.547s] -- Installing: /home/raghav742/SDfR/Assignments/assignment6/ros2_ws/install/xrf2_msgs/share/xrf2_msgs/cmake/export_xrf2_msgs__rosidl_typesupport_fastrtps_cExport-noconfig.cmake
[4.548s] -- Installing: /home/raghav742/SDfR/Assignments/assignment6/ros2_ws/install/xrf2_msgs/share/xrf2_msgs/cmake/xrf2_msgs__rosidl_typesupport_introspection_cExport.cmake
[4.548s] -- Installing: /home/raghav742/SDfR/Assignments/assignment6/ros2_ws/install/xrf2_msgs/share/xrf2_msgs/cmake/xrf2_msgs__rosidl_typesupport_introspection_cExport-noconfig.cmake
[4.548s] -- Installing: /home/raghav742/SDfR/Assignments/assignment6/ros2_ws/install/xrf2_msgs/share/xrf2_msgs/cmake/xrf2_msgs__rosidl_typesupport_cExport.cmake
[4.548s] -- Installing: /home/raghav742/SDfR/Assignments/assignment6/ros2_ws/install/xrf2_msgs/share/xrf2_msgs/cmake/xrf2_msgs__rosidl_typesupport_cExport-noconfig.cmake
[4.548s] -- Installing: /home/raghav742/SDfR/Assignments/assignment6/ros2_ws/install/xrf2_msgs/share/xrf2_msgs/cmake/export_xrf2_msgs__rosidl_generator_cppExport.cmake
[4.548s] -- Installing: /home/raghav742/SDfR/Assignments/assignment6/ros2_ws/install/xrf2_msgs/share/xrf2_msgs/cmake/export_xrf2_msgs__rosidl_typesupport_fastrtps_cppExport.cmake
[4.548s] -- Installing: /home/raghav742/SDfR/Assignments/assignment6/ros2_ws/install/xrf2_msgs/share/xrf2_msgs/cmake/export_xrf2_msgs__rosidl_typesupport_fastrtps_cppExport-noconfig.cmake
[4.548s] -- Installing: /home/raghav742/SDfR/Assignments/assignment6/ros2_ws/install/xrf2_msgs/share/xrf2_msgs/cmake/xrf2_msgs__rosidl_typesupport_introspection_cppExport.cmake
[4.548s] -- Installing: /home/raghav742/SDfR/Assignments/assignment6/ros2_ws/install/xrf2_msgs/share/xrf2_msgs/cmake/xrf2_msgs__rosidl_typesupport_introspection_cppExport-noconfig.cmake
[4.548s] -- Installing: /home/raghav742/SDfR/Assignments/assignment6/ros2_ws/install/xrf2_msgs/share/xrf2_msgs/cmake/xrf2_msgs__rosidl_typesupport_cppExport.cmake
[4.548s] -- Installing: /home/raghav742/SDfR/Assignments/assignment6/ros2_ws/install/xrf2_msgs/share/xrf2_msgs/cmake/xrf2_msgs__rosidl_typesupport_cppExport-noconfig.cmake
[4.548s] -- Installing: /home/raghav742/SDfR/Assignments/assignment6/ros2_ws/install/xrf2_msgs/share/xrf2_msgs/cmake/export_xrf2_msgs__rosidl_generator_pyExport.cmake
[4.549s] -- Installing: /home/raghav742/SDfR/Assignments/assignment6/ros2_ws/install/xrf2_msgs/share/xrf2_msgs/cmake/export_xrf2_msgs__rosidl_generator_pyExport-noconfig.cmake
[4.549s] -- Installing: /home/raghav742/SDfR/Assignments/assignment6/ros2_ws/install/xrf2_msgs/share/xrf2_msgs/cmake/rosidl_cmake-extras.cmake
[4.549s] -- Installing: /home/raghav742/SDfR/Assignments/assignment6/ros2_ws/install/xrf2_msgs/share/xrf2_msgs/cmake/ament_cmake_export_include_directories-extras.cmake
[4.549s] -- Installing: /home/raghav742/SDfR/Assignments/assignment6/ros2_ws/install/xrf2_msgs/share/xrf2_msgs/cmake/ament_cmake_export_libraries-extras.cmake
[4.549s] -- Installing: /home/raghav742/SDfR/Assignments/assignment6/ros2_ws/install/xrf2_msgs/share/xrf2_msgs/cmake/ament_cmake_export_targets-extras.cmake
[4.549s] -- Installing: /home/raghav742/SDfR/Assignments/assignment6/ros2_ws/install/xrf2_msgs/share/xrf2_msgs/cmake/rosidl_cmake_export_typesupport_targets-extras.cmake
[4.549s] -- Installing: /home/raghav742/SDfR/Assignments/assignment6/ros2_ws/install/xrf2_msgs/share/xrf2_msgs/cmake/ament_cmake_export_dependencies-extras.cmake
[4.549s] -- Installing: /home/raghav742/SDfR/Assignments/assignment6/ros2_ws/install/xrf2_msgs/share/xrf2_msgs/cmake/rosidl_cmake_export_typesupport_libraries-extras.cmake
[4.549s] -- Installing: /home/raghav742/SDfR/Assignments/assignment6/ros2_ws/install/xrf2_msgs/share/xrf2_msgs/cmake/xrf2_msgsConfig.cmake
[4.549s] -- Installing: /home/raghav742/SDfR/Assignments/assignment6/ros2_ws/install/xrf2_msgs/share/xrf2_msgs/cmake/xrf2_msgsConfig-version.cmake
[4.549s] -- Installing: /home/raghav742/SDfR/Assignments/assignment6/ros2_ws/install/xrf2_msgs/share/xrf2_msgs/package.xml
[4.551s] Invoked command in '/home/raghav742/SDfR/Assignments/assignment6/ros2_ws/build/xrf2_msgs' returned '0': CMAKE_PREFIX_PATH=${CMAKE_PREFIX_PATH}:/opt/ros/humble /usr/bin/cmake --install /home/raghav742/SDfR/Assignments/assignment6/ros2_ws/build/xrf2_msgs
