[0.035s] Invoking command in '/home/sdfr-ppd-16/ros2_ws/build/relbot_launch': CMAKE_PREFIX_PATH=${CMAKE_PREFIX_PATH}:/opt/ros/humble /usr/bin/cmake --build /home/sdfr-ppd-16/ros2_ws/build/relbot_launch -- -j3 -l3
[0.164s] Invoked command in '/home/sdfr-ppd-16/ros2_ws/build/relbot_launch' returned '0': CMAKE_PREFIX_PATH=${CMAKE_PREFIX_PATH}:/opt/ros/humble /usr/bin/cmake --build /home/sdfr-ppd-16/ros2_ws/build/relbot_launch -- -j3 -l3
[0.166s] Invoking command in '/home/sdfr-ppd-16/ros2_ws/build/relbot_launch': CMAKE_PREFIX_PATH=${CMAKE_PREFIX_PATH}:/opt/ros/humble /usr/bin/cmake --install /home/sdfr-ppd-16/ros2_ws/build/relbot_launch
[0.195s] -- Install configuration: ""
[0.197s] -- Up-to-date: /home/sdfr-ppd-16/ros2_ws/install/relbot_launch/share/relbot_launch//launch
[0.198s] -- Up-to-date: /home/sdfr-ppd-16/ros2_ws/install/relbot_launch/share/relbot_launch//launch/relbot_to_turtle.launch.py
[0.200s] -- Up-to-date: /home/sdfr-ppd-16/ros2_ws/install/relbot_launch/share/relbot_launch//launch/relbot_system_joystick.launch.py
[0.202s] -- Up-to-date: /home/sdfr-ppd-16/ros2_ws/install/relbot_launch/share/relbot_launch//launch/relbot_sequence_controller.launch.py
[0.204s] -- Up-to-date: /home/sdfr-ppd-16/ros2_ws/install/relbot_launch/share/relbot_launch//launch/relbot_system.launch.py
[0.206s] -- Up-to-date: /home/sdfr-ppd-16/ros2_ws/install/relbot_launch/share/ament_index/resource_index/package_run_dependencies/relbot_launch
[0.208s] -- Up-to-date: /home/sdfr-ppd-16/ros2_ws/install/relbot_launch/share/ament_index/resource_index/parent_prefix_path/relbot_launch
[0.210s] -- Up-to-date: /home/sdfr-ppd-16/ros2_ws/install/relbot_launch/share/relbot_launch/environment/ament_prefix_path.sh
[0.213s] -- Up-to-date: /home/sdfr-ppd-16/ros2_ws/install/relbot_launch/share/relbot_launch/environment/ament_prefix_path.dsv
[0.214s] -- Up-to-date: /home/sdfr-ppd-16/ros2_ws/install/relbot_launch/share/relbot_launch/environment/path.sh
[0.215s] -- Up-to-date: /home/sdfr-ppd-16/ros2_ws/install/relbot_launch/share/relbot_launch/environment/path.dsv
[0.217s] -- Up-to-date: /home/sdfr-ppd-16/ros2_ws/install/relbot_launch/share/relbot_launch/local_setup.bash
[0.227s] -- Up-to-date: /home/sdfr-ppd-16/ros2_ws/install/relbot_launch/share/relbot_launch/local_setup.sh
[0.228s] -- Up-to-date: /home/sdfr-ppd-16/ros2_ws/install/relbot_launch/share/relbot_launch/local_setup.zsh
[0.229s] -- Up-to-date: /home/sdfr-ppd-16/ros2_ws/install/relbot_launch/share/relbot_launch/local_setup.dsv
[0.250s] -- Installing: /home/sdfr-ppd-16/ros2_ws/install/relbot_launch/share/relbot_launch/package.dsv
[0.253s] -- Up-to-date: /home/sdfr-ppd-16/ros2_ws/install/relbot_launch/share/ament_index/resource_index/packages/relbot_launch
[0.254s] -- Up-to-date: /home/sdfr-ppd-16/ros2_ws/install/relbot_launch/share/relbot_launch/cmake/relbot_launchConfig.cmake
[0.255s] -- Up-to-date: /home/sdfr-ppd-16/ros2_ws/install/relbot_launch/share/relbot_launch/cmake/relbot_launchConfig-version.cmake
[0.257s] -- Up-to-date: /home/sdfr-ppd-16/ros2_ws/install/relbot_launch/share/relbot_launch/package.xml
[0.258s] Invoked command in '/home/sdfr-ppd-16/ros2_ws/build/relbot_launch' returned '0': CMAKE_PREFIX_PATH=${CMAKE_PREFIX_PATH}:/opt/ros/humble /usr/bin/cmake --install /home/sdfr-ppd-16/ros2_ws/build/relbot_launch
