[0.036s] Invoking command in '/home/sdfr-ppd-16/SfDR-code/assignment6/ros2_ws/build/relbot2turtlesim': CMAKE_PREFIX_PATH=${CMAKE_PREFIX_PATH}:/opt/ros/humble /usr/bin/cmake /home/sdfr-ppd-16/SfDR-code/assignment6/ros2_ws/src/relbot2turtlesim/relbot2turtlesim -DCMAKE_INSTALL_PREFIX=/home/sdfr-ppd-16/SfDR-code/assignment6/ros2_ws/install/relbot2turtlesim
[0.281s] -- The C compiler identification is GNU 11.4.0
[0.527s] -- The CXX compiler identification is GNU 11.4.0
[0.549s] -- Detecting C compiler ABI info
[0.800s] -- Detecting C compiler ABI info - done
[0.826s] -- Check for working C compiler: /usr/bin/cc - skipped
[0.829s] -- Detecting C compile features
[0.832s] -- Detecting C compile features - done
[0.847s] -- Detecting CXX compiler ABI info
[1.175s] -- Detecting CXX compiler ABI info - done
[1.206s] -- Check for working CXX compiler: /usr/bin/c++ - skipped
[1.209s] -- Detecting CXX compile features
[1.211s] -- Detecting CXX compile features - done
[1.223s] -- Found ament_cmake: 1.3.11 (/opt/ros/humble/share/ament_cmake/cmake)
[1.975s] -- Found Python3: /usr/bin/python3 (found version "3.10.12") found components: Interpreter 
[2.401s] -- Found rclcpp: 16.0.11 (/opt/ros/humble/share/rclcpp/cmake)
[2.545s] -- Found rosidl_generator_c: 3.1.6 (/opt/ros/humble/share/rosidl_generator_c/cmake)
[2.557s] -- Found rosidl_adapter: 3.1.6 (/opt/ros/humble/share/rosidl_adapter/cmake)
[2.590s] -- Found rosidl_generator_cpp: 3.1.6 (/opt/ros/humble/share/rosidl_generator_cpp/cmake)
[2.640s] -- Using all available rosidl_typesupport_c: rosidl_typesupport_fastrtps_c;rosidl_typesupport_introspection_c
[2.704s] -- Using all available rosidl_typesupport_cpp: rosidl_typesupport_fastrtps_cpp;rosidl_typesupport_introspection_cpp
[2.882s] -- Found rmw_implementation_cmake: 6.1.2 (/opt/ros/humble/share/rmw_implementation_cmake/cmake)
[2.890s] -- Found rmw_fastrtps_cpp: 6.2.7 (/opt/ros/humble/share/rmw_fastrtps_cpp/cmake)
[3.194s] -- Found OpenSSL: /usr/lib/aarch64-linux-gnu/libcrypto.so (found version "3.0.2")  
[3.305s] -- Found FastRTPS: /opt/ros/humble/include  
[3.425s] -- Using RMW implementation 'rmw_fastrtps_cpp' as default
[3.451s] -- Looking for pthread.h
[3.745s] -- Looking for pthread.h - found
[3.747s] -- Performing Test CMAKE_HAVE_LIBC_PTHREAD
[4.038s] -- Performing Test CMAKE_HAVE_LIBC_PTHREAD - Success
[4.043s] -- Found Threads: TRUE  
[4.268s] -- Found turtlesim: 1.4.2 (/opt/ros/humble/share/turtlesim/cmake)
[4.545s] -- Found geometry_msgs: 4.2.4 (/opt/ros/humble/share/geometry_msgs/cmake)
[4.612s] -- Found ament_lint_auto: 0.12.11 (/opt/ros/humble/share/ament_lint_auto/cmake)
[5.029s] -- Added test 'cppcheck' to perform static code analysis on C / C++ code
[5.030s] -- Configured cppcheck include dirs: /home/sdfr-ppd-16/SfDR-code/assignment6/ros2_ws/src/relbot2turtlesim/relbot2turtlesim/include
[5.032s] -- Configured cppcheck exclude dirs and/or files: 
[5.034s] -- Added test 'lint_cmake' to check CMake code style
[5.038s] -- Added test 'uncrustify' to check C / C++ code style
[5.039s] -- Configured uncrustify additional arguments: 
[5.041s] -- Added test 'xmllint' to check XML markup files
[5.050s] -- Configuring done
[5.115s] -- Generating done
[5.152s] -- Build files have been written to: /home/sdfr-ppd-16/SfDR-code/assignment6/ros2_ws/build/relbot2turtlesim
[5.200s] Invoked command in '/home/sdfr-ppd-16/SfDR-code/assignment6/ros2_ws/build/relbot2turtlesim' returned '0': CMAKE_PREFIX_PATH=${CMAKE_PREFIX_PATH}:/opt/ros/humble /usr/bin/cmake /home/sdfr-ppd-16/SfDR-code/assignment6/ros2_ws/src/relbot2turtlesim/relbot2turtlesim -DCMAKE_INSTALL_PREFIX=/home/sdfr-ppd-16/SfDR-code/assignment6/ros2_ws/install/relbot2turtlesim
[5.202s] Invoking command in '/home/sdfr-ppd-16/SfDR-code/assignment6/ros2_ws/build/relbot2turtlesim': CMAKE_PREFIX_PATH=${CMAKE_PREFIX_PATH}:/opt/ros/humble /usr/bin/cmake --build /home/sdfr-ppd-16/SfDR-code/assignment6/ros2_ws/build/relbot2turtlesim -- -j3 -l3
[5.378s] [ 50%] [32mBuilding CXX object CMakeFiles/relbot2turtlesim.dir/src/convert.cpp.o[0m
[50.029s] [100%] [32m[1mLinking CXX executable relbot2turtlesim[0m
[52.256s] [100%] Built target relbot2turtlesim
